<?xml version="1.0" encoding="UTF-8"?>
<testsuite name="test.StudentsNotesPageTest" tests="4" skipped="0" failures="0" errors="0" timestamp="2024-10-01T11:31:01" hostname="X542U" time="15.054">
  <properties/>
  <testcase name="1. Valid Credential Account Log In Test" classname="test.StudentsNotesPageTest" time="12.342"/>
  <testcase name="2. Notes Page Access" classname="test.StudentsNotesPageTest" time="0.624"/>
  <testcase name="3. Check If One Note Is Present" classname="test.StudentsNotesPageTest" time="1.112"/>
  <testcase name="4. Notes Voiceover Instruction Pop-Up Checking" classname="test.StudentsNotesPageTest" time="0.943"/>
  <system-out><![CDATA[14:30:59.647 [Test worker] DEBUG io.github.bonigarcia.wdm.WebDriverManager - Using WebDriverManager 5.9.2
14:30:59.662 [Test worker] DEBUG io.github.bonigarcia.wdm.cache.ResolutionCache - Resolution chrome=129 in cache (valid until 14:35:38 01/10/2024 MSK)
14:30:59.662 [Test worker] DEBUG io.github.bonigarcia.wdm.cache.ResolutionCache - Resolution chrome129=129.0.6668.70 in cache (valid until 13:35:38 02/10/2024 MSK)
14:30:59.662 [Test worker] INFO io.github.bonigarcia.wdm.WebDriverManager - Using chromedriver 129.0.6668.70 (resolved driver for Chrome 129)
14:30:59.671 [Test worker] DEBUG io.github.bonigarcia.wdm.WebDriverManager - Driver chromedriver 129.0.6668.70 found in cache
14:30:59.672 [Test worker] INFO io.github.bonigarcia.wdm.WebDriverManager - Exporting webdriver.chrome.driver as C:\Users\admin\.cache\selenium\chromedriver\win64\129.0.6668.70\chromedriver.exe
]]></system-out>
  <system-err><![CDATA[окт. 01, 2024 2:31:00 PM org.openqa.selenium.devtools.CdpVersionFinder findNearestMatch
WARNING: Unable to find an exact match for CDP version 129, returning the closest version; found: 127; Please update to a Selenium version that supports CDP version 129
]]></system-err>
</testsuite>
