<?xml version="1.0" encoding="UTF-8"?>
<testsuite name="test.LessonStartTest" tests="2" skipped="0" failures="0" errors="0" timestamp="2024-08-05T13:38:05" hostname="X542U" time="13.631">
  <properties/>
  <testcase name="1. Valid Credential Teacher Account Log In Log Out Test" classname="test.LessonStartTest" time="5.929"/>
  <testcase name="2. Teacher Starts Lesson" classname="test.LessonStartTest" time="7.068"/>
  <system-out><![CDATA[16:37:56.375 [Test worker] DEBUG io.github.bonigarcia.wdm.WebDriverManager - Using WebDriverManager 5.9.1
16:37:57.760 [Test worker] DEBUG io.github.bonigarcia.wdm.cache.ResolutionCache - Resolution chrome=127 in cache (valid until 16:43:14 05/08/2024 MSK)
16:37:57.771 [Test worker] DEBUG io.github.bonigarcia.wdm.cache.ResolutionCache - Resolution chrome127=127.0.6533.88 in cache (valid until 13:31:54 06/08/2024 MSK)
16:37:57.777 [Test worker] INFO io.github.bonigarcia.wdm.WebDriverManager - Using chromedriver 127.0.6533.88 (resolved driver for Chrome 127)
16:37:57.990 [Test worker] DEBUG io.github.bonigarcia.wdm.WebDriverManager - Driver chromedriver 127.0.6533.88 found in cache
16:37:57.991 [Test worker] INFO io.github.bonigarcia.wdm.WebDriverManager - Exporting webdriver.chrome.driver as C:\Users\admin\.cache\selenium\chromedriver\win64\127.0.6533.88\chromedriver.exe
]]></system-out>
  <system-err><![CDATA[]]></system-err>
</testsuite>
