<?xml version="1.0" encoding="UTF-8"?>
<testsuite name="test.StudentTopUpTest" tests="46" skipped="0" failures="0" errors="0" timestamp="2024-08-20T13:03:14" hostname="X542U" time="378.868">
  <properties/>
  <testcase name="1. Enter Top Up Section Test" classname="test.StudentTopUpTest" time="9.897"/>
  <testcase name="2. Share My Promocode Pop Up Appearence Test" classname="test.StudentTopUpTest" time="3.671"/>
  <testcase name="3. Send Promocode To Telegram" classname="test.StudentTopUpTest" time="3.286"/>
  <testcase name="4. Changing Currency To Rub" classname="test.StudentTopUpTest" time="0.675"/>
  <testcase name="5. Changing Package To Rub Familial" classname="test.StudentTopUpTest" time="0.351"/>
  <testcase name="6. 4 Lessons Rub Familial Package Payment Page" classname="test.StudentTopUpTest" time="8.842"/>
  <testcase name="7. 8 Lessons Familial Package Payment Page" classname="test.StudentTopUpTest" time="11.964"/>
  <testcase name="8. 16 Lessons Familial Package Payment Page" classname="test.StudentTopUpTest" time="10.878"/>
  <testcase name="9. 32 Lessons Familial Package Payment Page" classname="test.StudentTopUpTest" time="8.908"/>
  <testcase name="10. Changing Package To Spanish-speaking teacher" classname="test.StudentTopUpTest" time="4.495"/>
  <testcase name="11. 4 Lessons Native Package Payment Page" classname="test.StudentTopUpTest" time="4.541"/>
  <testcase name="12. 8 Lessons Native Package Payment Page" classname="test.StudentTopUpTest" time="8.643"/>
  <testcase name="13. 16 Lessons Native Package Payment Page" classname="test.StudentTopUpTest" time="10.521"/>
  <testcase name="14. 32 Lessons Native Package Payment Page" classname="test.StudentTopUpTest" time="9.501"/>
  <testcase name="15. Changing Package To Ordinary Teacher" classname="test.StudentTopUpTest" time="5.664"/>
  <testcase name="16. 4 Lessons Ordinary Package Payment Page" classname="test.StudentTopUpTest" time="4.615"/>
  <testcase name="17. 8 Lessons Ordinary Package Payment Page" classname="test.StudentTopUpTest" time="10.561"/>
  <testcase name="18. 16 Lessons Ordinary Package Payment Page" classname="test.StudentTopUpTest" time="10.249"/>
  <testcase name="19. 32 Lessons Ordinary Package Payment Page" classname="test.StudentTopUpTest" time="8.916"/>
  <testcase name="20. Changing Currency To Euro" classname="test.StudentTopUpTest" time="5.934"/>
  <testcase name="21. Change Package To Familial In Euro" classname="test.StudentTopUpTest" time="0.383"/>
  <testcase name="22. 4 Lessons Euro Familial Package Payment Page" classname="test.StudentTopUpTest" time="7.275"/>
  <testcase name="23. 8 Lessons Euro Familial Package Payment Page" classname="test.StudentTopUpTest" time="11.467"/>
  <testcase name="24. 16 Lessons Euro Familial Package Payment Page" classname="test.StudentTopUpTest" time="9.699"/>
  <testcase name="25. 32 Lessons Euro Familial Package Payment Page" classname="test.StudentTopUpTest" time="9.849"/>
  <testcase name="26. 4 Lessons Euro Native Package Payment Page" classname="test.StudentTopUpTest" time="9.783"/>
  <testcase name="27. 8 Lessons Euro Native Package Payment Page" classname="test.StudentTopUpTest" time="8.998"/>
  <testcase name="28. 16 Lessons Euro Native Package Payment Page" classname="test.StudentTopUpTest" time="8.445"/>
  <testcase name="29. 32 Lessons Euro Native Package Payment Page" classname="test.StudentTopUpTest" time="11.419"/>
  <testcase name="30. 4 Lessons Euro Ordinary Package Payment Page" classname="test.StudentTopUpTest" time="9.681"/>
  <testcase name="31. 8 Lessons Euro Ordinary Package Payment Page" classname="test.StudentTopUpTest" time="9.545"/>
  <testcase name="32. 16 Lessons Euro Ordinary Package Payment Page" classname="test.StudentTopUpTest" time="8.653"/>
  <testcase name="33. 32 Lessons Euro Ordinary Package Payment Page" classname="test.StudentTopUpTest" time="9.38"/>
  <testcase name="34. Changing Currency To Tenge" classname="test.StudentTopUpTest" time="6.213"/>
  <testcase name="35. 4 Lessons Tenge Ordinary Package Payment Page" classname="test.StudentTopUpTest" time="9.45"/>
  <testcase name="36. 8 Lessons Tenge Ordinary Package Payment Page" classname="test.StudentTopUpTest" time="8.947"/>
  <testcase name="37. 16 Lessons Tenge Ordinary Package Payment Page" classname="test.StudentTopUpTest" time="9.67"/>
  <testcase name="38. 32 Lessons Tenge Ordinary Package Payment Page" classname="test.StudentTopUpTest" time="7.794"/>
  <testcase name="39. 4 Lessons Tenge Family Package Payment Page" classname="test.StudentTopUpTest" time="10.165"/>
  <testcase name="40. 8 Lessons Tenge Family Package Payment Page" classname="test.StudentTopUpTest" time="9.584"/>
  <testcase name="41. 16 Lessons Tenge Family Package Payment Page" classname="test.StudentTopUpTest" time="8.66"/>
  <testcase name="42. 32 Lessons Tenge Family Package Payment Page" classname="test.StudentTopUpTest" time="9.467"/>
  <testcase name="43. 4 Lessons Tenge Native Package Payment Page" classname="test.StudentTopUpTest" time="10.746"/>
  <testcase name="44. 8 Lessons Tenge Native Package Payment Page" classname="test.StudentTopUpTest" time="10.036"/>
  <testcase name="45. 16 Lessons Tenge Native Package Payment Page" classname="test.StudentTopUpTest" time="9.946"/>
  <testcase name="46. 32 Lessons Tenge Native Package Payment Page" classname="test.StudentTopUpTest" time="10.171"/>
  <system-out><![CDATA[16:03:10.142 [Test worker] DEBUG io.github.bonigarcia.wdm.WebDriverManager - Using WebDriverManager 5.9.2
16:03:10.158 [Test worker] DEBUG io.github.bonigarcia.wdm.cache.ResolutionCache - Resolution chrome=127 in cache (valid until 16:45:57 20/08/2024 MSK)
16:03:10.173 [Test worker] DEBUG io.github.bonigarcia.wdm.cache.ResolutionCache - Resolution chrome127=127.0.6533.119 in cache (valid until 09:49:48 21/08/2024 MSK)
16:03:10.173 [Test worker] INFO io.github.bonigarcia.wdm.WebDriverManager - Using chromedriver 127.0.6533.119 (resolved driver for Chrome 127)
16:03:10.189 [Test worker] DEBUG io.github.bonigarcia.wdm.WebDriverManager - Driver chromedriver 127.0.6533.119 found in cache
16:03:10.189 [Test worker] INFO io.github.bonigarcia.wdm.WebDriverManager - Exporting webdriver.chrome.driver as C:\Users\admin\.cache\selenium\chromedriver\win64\127.0.6533.119\chromedriver.exe
]]></system-out>
  <system-err><![CDATA[]]></system-err>
</testsuite>
