<?xml version="1.0" encoding="UTF-8"?>
<testsuite name="test.StudentMainPageTest" tests="9" skipped="0" failures="0" errors="0" timestamp="2024-08-11T08:55:00" hostname="X542U" time="52.236">
  <properties/>
  <testcase name="0. Valid Credential Account Log In Test" classname="test.StudentMainPageTest" time="10.386"/>
  <testcase name="1. Google Play Button Test" classname="test.StudentMainPageTest" time="1.104"/>
  <testcase name="2. App Store Button Test" classname="test.StudentMainPageTest" time="5.558"/>
  <testcase name="3. VK Button Test" classname="test.StudentMainPageTest" time="10.466"/>
  <testcase name="4. Tuesday Regular Lesson Checking" classname="test.StudentMainPageTest" time="0.323"/>
  <testcase name="5. Next Lesson Notification Checking" classname="test.StudentMainPageTest" time="0.059"/>
  <testcase name="6. Instagram Button Test" classname="test.StudentMainPageTest" time="21.519"/>
  <testcase name="7. Facebook Button Test" classname="test.StudentMainPageTest" time="0.928"/>
  <testcase name="8. Tech Support Help Test" classname="test.StudentMainPageTest" time="1.756"/>
  <system-out><![CDATA[11:54:56.612 [Test worker] DEBUG io.github.bonigarcia.wdm.WebDriverManager - Using WebDriverManager 5.9.1
11:54:56.633 [Test worker] DEBUG io.github.bonigarcia.wdm.cache.ResolutionCache - Resolution chrome=127 in cache (valid until 12:11:00 11/08/2024 MSK)
11:54:56.636 [Test worker] DEBUG io.github.bonigarcia.wdm.cache.ResolutionCache - Resolution chrome127=127.0.6533.99 in cache (valid until 11:11:00 12/08/2024 MSK)
11:54:56.637 [Test worker] INFO io.github.bonigarcia.wdm.WebDriverManager - Using chromedriver 127.0.6533.99 (resolved driver for Chrome 127)
11:54:56.646 [Test worker] DEBUG io.github.bonigarcia.wdm.WebDriverManager - Driver chromedriver 127.0.6533.99 found in cache
11:54:56.648 [Test worker] INFO io.github.bonigarcia.wdm.WebDriverManager - Exporting webdriver.chrome.driver as C:\Users\admin\.cache\selenium\chromedriver\win64\127.0.6533.99\chromedriver.exe
]]></system-out>
  <system-err><![CDATA[]]></system-err>
</testsuite>
