<?xml version="1.0" encoding="UTF-8"?>
<testsuite name="test.StudentsAccAccessibilityTest" tests="12" skipped="0" failures="0" errors="0" timestamp="2024-05-20T14:30:05" hostname="DESKTOP-84P9B6H" time="72.084">
  <properties/>
  <testcase name="0. Login Page Availablility Test" classname="test.StudentsAccAccessibilityTest" time="10.412"/>
  <testcase name="1. Valid Credential Authentification Passed Test" classname="test.StudentsAccAccessibilityTest" time="25.821"/>
  <testcase name="10. Tests Page Access" classname="test.StudentsAccAccessibilityTest" time="1.746"/>
  <testcase name="11. Top Up Page Access" classname="test.StudentsAccAccessibilityTest" time="1.048"/>
  <testcase name="2. Chat Page Access" classname="test.StudentsAccAccessibilityTest" time="4.859"/>
  <testcase name="3. Dictionary Page Access" classname="test.StudentsAccAccessibilityTest" time="7.99"/>
  <testcase name="4. Notes Page Access" classname="test.StudentsAccAccessibilityTest" time="0.699"/>
  <testcase name="5. Mini-courses Page Access" classname="test.StudentsAccAccessibilityTest" time="1.231"/>
  <testcase name="6. Classes Page Access" classname="test.StudentsAccAccessibilityTest" time="3.245"/>
  <testcase name="7. Homework Page Access" classname="test.StudentsAccAccessibilityTest" time="2.719"/>
  <testcase name="8. Student Account Page Access" classname="test.StudentsAccAccessibilityTest" time="0.934"/>
  <testcase name="9. Student Profile Page Access" classname="test.StudentsAccAccessibilityTest" time="4.422"/>
  <system-out><![CDATA[17:29:13.983 [Test worker] DEBUG io.github.bonigarcia.wdm.WebDriverManager - Using WebDriverManager 5.8.0
17:29:14.001 [Test worker] DEBUG io.github.bonigarcia.wdm.cache.ResolutionCache - Resolution chrome=125 in cache (valid until 17:32:40 20/05/2024 MSK)
17:29:14.002 [Test worker] DEBUG io.github.bonigarcia.wdm.cache.ResolutionCache - Resolution chrome125=125.0.6422.60 in cache (valid until 11:26:06 21/05/2024 MSK)
17:29:14.003 [Test worker] INFO io.github.bonigarcia.wdm.WebDriverManager - Using chromedriver 125.0.6422.60 (resolved driver for Chrome 125)
17:29:17.961 [Test worker] DEBUG io.github.bonigarcia.wdm.WebDriverManager - Driver chromedriver 125.0.6422.60 found in cache
17:29:17.963 [Test worker] INFO io.github.bonigarcia.wdm.WebDriverManager - Exporting webdriver.chrome.driver as C:\Users\asus\.cache\selenium\chromedriver\win64\125.0.6422.60\chromedriver.exe
]]></system-out>
  <system-err><![CDATA[мая 20, 2024 5:29:42 PM org.openqa.selenium.devtools.CdpVersionFinder findNearestMatch
WARNING: Unable to find an exact match for CDP version 125, returning the closest version; found: 123; Please update to a Selenium version that supports CDP version 125
]]></system-err>
</testsuite>
