<?xml version="1.0" encoding="UTF-8"?>
<testsuite name="test.StudentsAccAccessibilityTest" tests="12" skipped="0" failures="0" errors="0" timestamp="2024-02-02T07:17:15" hostname="DESKTOP-84P9B6H" time="37.106">
  <properties/>
  <testcase name="0. Login Page Availablility Test" classname="test.StudentsAccAccessibilityTest" time="6.504"/>
  <testcase name="1. Valid Credential Authentification Passed Test" classname="test.StudentsAccAccessibilityTest" time="11.766"/>
  <testcase name="10. Tests Page Access" classname="test.StudentsAccAccessibilityTest" time="3.959"/>
  <testcase name="11. Top Up Page Access" classname="test.StudentsAccAccessibilityTest" time="9.196"/>
  <testcase name="2. Chat Page Access" classname="test.StudentsAccAccessibilityTest" time="0.864"/>
  <testcase name="3. Dictionary Page Access" classname="test.StudentsAccAccessibilityTest" time="1.93"/>
  <testcase name="4. Notes Page Access" classname="test.StudentsAccAccessibilityTest" time="0.212"/>
  <testcase name="5. Mini-courses Page Access" classname="test.StudentsAccAccessibilityTest" time="0.198"/>
  <testcase name="6. Classes Page Access" classname="test.StudentsAccAccessibilityTest" time="0.736"/>
  <testcase name="7. Homework Page Access" classname="test.StudentsAccAccessibilityTest" time="0.25"/>
  <testcase name="8. Student Account Page Access" classname="test.StudentsAccAccessibilityTest" time="0.41"/>
  <testcase name="9. Student Profile Page Access" classname="test.StudentsAccAccessibilityTest" time="1.035"/>
  <system-out><![CDATA[10:16:49.265 [AsyncHttpClient-1-1] DEBUG org.asynchttpclient.netty.channel.DefaultChannelPool - Entry count for : http://localhost:51091 : 1
10:16:49.265 [AsyncHttpClient-1-1] DEBUG org.asynchttpclient.netty.channel.DefaultChannelPool - Entry count for : http://localhost:20497 : 1
10:16:49.283 [Test worker] DEBUG io.github.bonigarcia.wdm.cache.ResolutionCache - Resolution chrome=121 in cache (valid until 10:58:36 02/02/2024 MSK)
10:16:49.284 [Test worker] DEBUG io.github.bonigarcia.wdm.cache.ResolutionCache - Resolution chrome121=121.0.6167.85 in cache (valid until 11:25:11 02/02/2024 MSK)
10:16:49.284 [Test worker] INFO io.github.bonigarcia.wdm.WebDriverManager - Using chromedriver 121.0.6167.85 (resolved driver for Chrome 121)
10:16:49.696 [Test worker] DEBUG io.github.bonigarcia.wdm.WebDriverManager - Driver chromedriver 121.0.6167.85 found in cache
10:16:49.696 [Test worker] INFO io.github.bonigarcia.wdm.WebDriverManager - Exporting webdriver.chrome.driver as C:\Users\asus\.cache\selenium\chromedriver\win64\121.0.6167.85\chromedriver.exe
10:16:50.366 [AsyncHttpClient-1-1] DEBUG org.asynchttpclient.netty.channel.DefaultChannelPool - Entry count for : http://localhost:51091 : 1
10:16:50.366 [AsyncHttpClient-1-1] DEBUG org.asynchttpclient.netty.channel.DefaultChannelPool - Entry count for : http://localhost:20497 : 1
10:16:50.893 [AsyncHttpClient-1-5] DEBUG org.asynchttpclient.netty.channel.NettyConnectListener - Using new Channel '[id: 0xe6b36c6b, L:/127.0.0.1:51128 - R:localhost/127.0.0.1:17040]' for 'POST' to '/session'
10:16:51.467 [AsyncHttpClient-1-1] DEBUG org.asynchttpclient.netty.channel.DefaultChannelPool - Entry count for : http://localhost:51091 : 1
10:16:51.467 [AsyncHttpClient-1-1] DEBUG org.asynchttpclient.netty.channel.DefaultChannelPool - Entry count for : http://localhost:20497 : 1
10:16:52.567 [AsyncHttpClient-1-1] DEBUG org.asynchttpclient.netty.channel.DefaultChannelPool - Entry count for : http://localhost:51091 : 1
10:16:52.567 [AsyncHttpClient-1-1] DEBUG org.asynchttpclient.netty.channel.DefaultChannelPool - Entry count for : http://localhost:20497 : 1
10:16:53.675 [AsyncHttpClient-1-1] DEBUG org.asynchttpclient.netty.channel.DefaultChannelPool - Entry count for : http://localhost:51091 : 1
10:16:53.675 [AsyncHttpClient-1-1] DEBUG org.asynchttpclient.netty.channel.DefaultChannelPool - Entry count for : http://localhost:20497 : 1
10:16:54.773 [AsyncHttpClient-1-1] DEBUG org.asynchttpclient.netty.channel.DefaultChannelPool - Entry count for : http://localhost:51091 : 1
10:16:54.773 [AsyncHttpClient-1-1] DEBUG org.asynchttpclient.netty.channel.DefaultChannelPool - Entry count for : http://localhost:20497 : 1
10:16:55.870 [AsyncHttpClient-1-1] DEBUG org.asynchttpclient.netty.channel.DefaultChannelPool - Entry count for : http://localhost:51091 : 1
10:16:55.870 [AsyncHttpClient-1-1] DEBUG org.asynchttpclient.netty.channel.DefaultChannelPool - Entry count for : http://localhost:20497 : 1
10:16:56.967 [AsyncHttpClient-1-1] DEBUG org.asynchttpclient.netty.channel.DefaultChannelPool - Entry count for : http://localhost:51091 : 1
10:16:56.967 [AsyncHttpClient-1-1] DEBUG org.asynchttpclient.netty.channel.DefaultChannelPool - Entry count for : http://localhost:20497 : 1
10:16:58.075 [AsyncHttpClient-1-1] DEBUG org.asynchttpclient.netty.channel.DefaultChannelPool - Entry count for : http://localhost:51091 : 1
10:16:58.075 [AsyncHttpClient-1-1] DEBUG org.asynchttpclient.netty.channel.DefaultChannelPool - Entry count for : http://localhost:20497 : 1
10:16:59.180 [AsyncHttpClient-1-1] DEBUG org.asynchttpclient.netty.channel.DefaultChannelPool - Entry count for : http://localhost:51091 : 1
10:16:59.180 [AsyncHttpClient-1-1] DEBUG org.asynchttpclient.netty.channel.DefaultChannelPool - Entry count for : http://localhost:20497 : 1
10:17:00.267 [AsyncHttpClient-1-1] DEBUG org.asynchttpclient.netty.channel.DefaultChannelPool - Entry count for : http://localhost:51091 : 1
10:17:00.267 [AsyncHttpClient-1-1] DEBUG org.asynchttpclient.netty.channel.DefaultChannelPool - Entry count for : http://localhost:20497 : 1
10:17:01.375 [AsyncHttpClient-1-1] DEBUG org.asynchttpclient.netty.channel.DefaultChannelPool - Entry count for : http://localhost:51091 : 1
10:17:01.375 [AsyncHttpClient-1-1] DEBUG org.asynchttpclient.netty.channel.DefaultChannelPool - Entry count for : http://localhost:20497 : 1
10:17:01.375 [AsyncHttpClient-1-1] DEBUG org.asynchttpclient.netty.channel.DefaultChannelPool - Adding Candidate expired Channel [id: 0x82ae4178, L:/127.0.0.1:51097 - R:localhost/127.0.0.1:51091] isIdleTimeoutExpired=true isRemotelyClosed=false isTtlExpired=false
10:17:01.375 [AsyncHttpClient-1-1] DEBUG org.asynchttpclient.netty.channel.DefaultChannelPool - Closing Idle Channel [id: 0x82ae4178, L:/127.0.0.1:51097 - R:localhost/127.0.0.1:51091]
10:17:01.375 [AsyncHttpClient-1-1] DEBUG org.asynchttpclient.netty.channel.DefaultChannelPool - Closed 1 connections out of 2 in 0 ms
10:17:01.375 [AsyncHttpClient-1-3] DEBUG org.asynchttpclient.netty.handler.HttpHandler - Channel Closed: [id: 0x82ae4178, L:/127.0.0.1:51097 ! R:localhost/127.0.0.1:51091] with attribute DISCARD
10:17:02.476 [AsyncHttpClient-1-1] DEBUG org.asynchttpclient.netty.channel.DefaultChannelPool - Entry count for : http://localhost:20497 : 1
10:17:03.576 [AsyncHttpClient-1-1] DEBUG org.asynchttpclient.netty.channel.DefaultChannelPool - Entry count for : http://localhost:20497 : 1
10:17:04.685 [AsyncHttpClient-1-1] DEBUG org.asynchttpclient.netty.channel.DefaultChannelPool - Entry count for : http://localhost:20497 : 1
10:17:05.771 [AsyncHttpClient-1-1] DEBUG org.asynchttpclient.netty.channel.DefaultChannelPool - Entry count for : http://localhost:20497 : 1
10:17:06.879 [AsyncHttpClient-1-1] DEBUG org.asynchttpclient.netty.channel.DefaultChannelPool - Entry count for : http://localhost:20497 : 1
10:17:07.512 [AsyncHttpClient-1-5] DEBUG org.asynchttpclient.netty.handler.HttpHandler - 

Request DefaultHttpRequest(decodeResult: success, version: HTTP/1.1)
POST /session HTTP/1.1
User-Agent: selenium/4.8.2 (java windows)
Content-Length: 561
Content-Type: application/json; charset=utf-8
host: localhost:17040
accept: */*

Response DefaultHttpResponse(decodeResult: success, version: HTTP/1.1)
HTTP/1.1 200 OK
Content-Length: 895
Content-Type: application/json; charset=utf-8
cache-control: no-cache

10:17:07.512 [AsyncHttpClient-1-5] DEBUG org.asynchttpclient.netty.channel.ChannelManager - Adding key: http://localhost:17040 for channel [id: 0xe6b36c6b, L:/127.0.0.1:51128 - R:localhost/127.0.0.1:17040]
10:17:07.539 [AsyncHttpClient-1-6] DEBUG org.asynchttpclient.netty.channel.NettyConnectListener - Using new Channel '[id: 0x452e312f, L:/127.0.0.1:51135 - R:localhost/127.0.0.1:51129]' for 'GET' to '/json/version'
10:17:07.542 [AsyncHttpClient-1-6] DEBUG org.asynchttpclient.netty.handler.HttpHandler - 

Request DefaultFullHttpRequest(decodeResult: success, version: HTTP/1.1, content: EmptyByteBufBE)
GET /json/version HTTP/1.1
User-Agent: selenium/4.8.2 (java windows)
host: localhost:51129
accept: */*

Response DefaultHttpResponse(decodeResult: success, version: HTTP/1.1)
HTTP/1.1 200 OK
Content-Security-Policy: frame-ancestors 'none'
Content-Length: 443
Content-Type: application/json; charset=UTF-8

10:17:07.542 [AsyncHttpClient-1-6] DEBUG org.asynchttpclient.netty.channel.ChannelManager - Adding key: http://localhost:51129 for channel [id: 0x452e312f, L:/127.0.0.1:51135 - R:localhost/127.0.0.1:51129]
10:17:07.552 [AsyncHttpClient-1-7] DEBUG org.asynchttpclient.netty.channel.NettyConnectListener - Using new Channel '[id: 0xdaef89a5, L:/127.0.0.1:51136 - R:localhost/127.0.0.1:51129]' for 'GET' to '/devtools/browser/6b2c03f3-2166-4b8d-8b47-d31776515279'
10:17:07.555 [AsyncHttpClient-1-7] DEBUG org.asynchttpclient.netty.handler.WebSocketHandler - 

Request DefaultFullHttpRequest(decodeResult: success, version: HTTP/1.1, content: EmptyByteBufBE)
GET /devtools/browser/6b2c03f3-2166-4b8d-8b47-d31776515279 HTTP/1.1
upgrade: websocket
connection: upgrade
sec-websocket-key: ZNdigP4Hsf/oDNYt8cB8jA==
sec-websocket-version: 13
origin: http://localhost:51129
host: localhost:51129
accept: */*
user-agent: AHC/2.1

Response DefaultHttpResponse(decodeResult: success, version: HTTP/1.1)
HTTP/1.1 101 WebSocket Protocol Handshake
Upgrade: WebSocket
Connection: Upgrade
Sec-WebSocket-Accept: HyQizcIcFopFJ+AEabOrc15Gcc8=

10:17:07.866 [Forwarding get on session 192f12f56b948054fd98ab843f08e84a to remote] DEBUG org.asynchttpclient.netty.request.NettyRequestSender - Using pooled Channel '[id: 0xe6b36c6b, L:/127.0.0.1:51128 - R:localhost/127.0.0.1:17040]' for 'POST' to 'http://localhost:17040/session/192f12f56b948054fd98ab843f08e84a/url'
10:17:07.866 [Forwarding get on session 192f12f56b948054fd98ab843f08e84a to remote] DEBUG org.asynchttpclient.netty.request.NettyRequestSender - Using open Channel [id: 0xe6b36c6b, L:/127.0.0.1:51128 - R:localhost/127.0.0.1:17040] for POST '/session/192f12f56b948054fd98ab843f08e84a/url'
10:17:07.978 [AsyncHttpClient-1-1] DEBUG org.asynchttpclient.netty.channel.DefaultChannelPool - Entry count for : http://localhost:51129 : 1
10:17:07.978 [AsyncHttpClient-1-1] DEBUG org.asynchttpclient.netty.channel.DefaultChannelPool - Entry count for : http://localhost:20497 : 1
10:17:09.067 [AsyncHttpClient-1-1] DEBUG org.asynchttpclient.netty.channel.DefaultChannelPool - Entry count for : http://localhost:51129 : 1
10:17:09.067 [AsyncHttpClient-1-1] DEBUG org.asynchttpclient.netty.channel.DefaultChannelPool - Entry count for : http://localhost:20497 : 1
10:17:10.176 [AsyncHttpClient-1-1] DEBUG org.asynchttpclient.netty.channel.DefaultChannelPool - Entry count for : http://localhost:51129 : 1
10:17:10.176 [AsyncHttpClient-1-1] DEBUG org.asynchttpclient.netty.channel.DefaultChannelPool - Entry count for : http://localhost:20497 : 1
10:17:11.276 [AsyncHttpClient-1-1] DEBUG org.asynchttpclient.netty.channel.DefaultChannelPool - Entry count for : http://localhost:51129 : 1
10:17:11.276 [AsyncHttpClient-1-1] DEBUG org.asynchttpclient.netty.channel.DefaultChannelPool - Entry count for : http://localhost:20497 : 1
10:17:12.361 [AsyncHttpClient-1-1] DEBUG org.asynchttpclient.netty.channel.DefaultChannelPool - Entry count for : http://localhost:51129 : 1
10:17:12.361 [AsyncHttpClient-1-1] DEBUG org.asynchttpclient.netty.channel.DefaultChannelPool - Entry count for : http://localhost:20497 : 1
10:17:13.479 [AsyncHttpClient-1-1] DEBUG org.asynchttpclient.netty.channel.DefaultChannelPool - Entry count for : http://localhost:51129 : 1
10:17:13.479 [AsyncHttpClient-1-1] DEBUG org.asynchttpclient.netty.channel.DefaultChannelPool - Entry count for : http://localhost:20497 : 1
10:17:14.570 [AsyncHttpClient-1-1] DEBUG org.asynchttpclient.netty.channel.DefaultChannelPool - Entry count for : http://localhost:51129 : 1
10:17:14.570 [AsyncHttpClient-1-1] DEBUG org.asynchttpclient.netty.channel.DefaultChannelPool - Entry count for : http://localhost:20497 : 1
10:17:15.672 [AsyncHttpClient-1-1] DEBUG org.asynchttpclient.netty.channel.DefaultChannelPool - Entry count for : http://localhost:51129 : 1
10:17:15.672 [AsyncHttpClient-1-1] DEBUG org.asynchttpclient.netty.channel.DefaultChannelPool - Entry count for : http://localhost:20497 : 1
10:17:15.878 [AsyncHttpClient-1-5] DEBUG org.asynchttpclient.netty.handler.HttpHandler - 

Request DefaultHttpRequest(decodeResult: success, version: HTTP/1.1)
POST /session/192f12f56b948054fd98ab843f08e84a/url HTTP/1.1
User-Agent: selenium/4.8.2 (java windows)
Content-Length: 60
Content-Type: application/json; charset=utf-8
host: localhost:17040
accept: */*

Response DefaultHttpResponse(decodeResult: success, version: HTTP/1.1)
HTTP/1.1 200 OK
Content-Length: 14
Content-Type: application/json; charset=utf-8
cache-control: no-cache

10:17:15.878 [AsyncHttpClient-1-5] DEBUG org.asynchttpclient.netty.channel.ChannelManager - Adding key: http://localhost:17040 for channel [id: 0xe6b36c6b, L:/127.0.0.1:51128 - R:localhost/127.0.0.1:17040]
10:17:15.889 [Forwarding get on session 192f12f56b948054fd98ab843f08e84a to remote] DEBUG org.asynchttpclient.netty.request.NettyRequestSender - Using pooled Channel '[id: 0xe6b36c6b, L:/127.0.0.1:51128 - R:localhost/127.0.0.1:17040]' for 'POST' to 'http://localhost:17040/session/192f12f56b948054fd98ab843f08e84a/url'
10:17:15.889 [Forwarding get on session 192f12f56b948054fd98ab843f08e84a to remote] DEBUG org.asynchttpclient.netty.request.NettyRequestSender - Using open Channel [id: 0xe6b36c6b, L:/127.0.0.1:51128 - R:localhost/127.0.0.1:17040] for POST '/session/192f12f56b948054fd98ab843f08e84a/url'
10:17:16.766 [AsyncHttpClient-1-1] DEBUG org.asynchttpclient.netty.channel.DefaultChannelPool - Entry count for : http://localhost:51129 : 1
10:17:16.766 [AsyncHttpClient-1-1] DEBUG org.asynchttpclient.netty.channel.DefaultChannelPool - Entry count for : http://localhost:20497 : 1
10:17:17.288 [AsyncHttpClient-1-5] DEBUG org.asynchttpclient.netty.handler.HttpHandler - 

Request DefaultHttpRequest(decodeResult: success, version: HTTP/1.1)
POST /session/192f12f56b948054fd98ab843f08e84a/url HTTP/1.1
User-Agent: selenium/4.8.2 (java windows)
Content-Length: 60
Content-Type: application/json; charset=utf-8
host: localhost:17040
accept: */*

Response DefaultHttpResponse(decodeResult: success, version: HTTP/1.1)
HTTP/1.1 200 OK
Content-Length: 14
Content-Type: application/json; charset=utf-8
cache-control: no-cache

10:17:17.289 [AsyncHttpClient-1-5] DEBUG org.asynchttpclient.netty.channel.ChannelManager - Adding key: http://localhost:17040 for channel [id: 0xe6b36c6b, L:/127.0.0.1:51128 - R:localhost/127.0.0.1:17040]
10:17:17.296 [Forwarding findElement on session 192f12f56b948054fd98ab843f08e84a to remote] DEBUG org.asynchttpclient.netty.request.NettyRequestSender - Using pooled Channel '[id: 0xe6b36c6b, L:/127.0.0.1:51128 - R:localhost/127.0.0.1:17040]' for 'POST' to 'http://localhost:17040/session/192f12f56b948054fd98ab843f08e84a/element'
10:17:17.296 [Forwarding findElement on session 192f12f56b948054fd98ab843f08e84a to remote] DEBUG org.asynchttpclient.netty.request.NettyRequestSender - Using open Channel [id: 0xe6b36c6b, L:/127.0.0.1:51128 - R:localhost/127.0.0.1:17040] for POST '/session/192f12f56b948054fd98ab843f08e84a/element'
10:17:17.317 [AsyncHttpClient-1-5] DEBUG org.asynchttpclient.netty.handler.HttpHandler - 

Request DefaultHttpRequest(decodeResult: success, version: HTTP/1.1)
POST /session/192f12f56b948054fd98ab843f08e84a/element HTTP/1.1
User-Agent: selenium/4.8.2 (java windows)
Content-Length: 109
Content-Type: application/json; charset=utf-8
host: localhost:17040
accept: */*

Response DefaultHttpResponse(decodeResult: success, version: HTTP/1.1)
HTTP/1.1 404 Not Found
Content-Length: 1092
Content-Type: application/json; charset=utf-8
cache-control: no-cache

10:17:17.317 [AsyncHttpClient-1-5] DEBUG org.asynchttpclient.netty.channel.ChannelManager - Adding key: http://localhost:17040 for channel [id: 0xe6b36c6b, L:/127.0.0.1:51128 - R:localhost/127.0.0.1:17040]
10:17:17.826 [Forwarding findElement on session 192f12f56b948054fd98ab843f08e84a to remote] DEBUG org.asynchttpclient.netty.request.NettyRequestSender - Using pooled Channel '[id: 0xe6b36c6b, L:/127.0.0.1:51128 - R:localhost/127.0.0.1:17040]' for 'POST' to 'http://localhost:17040/session/192f12f56b948054fd98ab843f08e84a/element'
10:17:17.826 [Forwarding findElement on session 192f12f56b948054fd98ab843f08e84a to remote] DEBUG org.asynchttpclient.netty.request.NettyRequestSender - Using open Channel [id: 0xe6b36c6b, L:/127.0.0.1:51128 - R:localhost/127.0.0.1:17040] for POST '/session/192f12f56b948054fd98ab843f08e84a/element'
10:17:17.867 [AsyncHttpClient-1-1] DEBUG org.asynchttpclient.netty.channel.DefaultChannelPool - Entry count for : http://localhost:51129 : 1
10:17:17.867 [AsyncHttpClient-1-1] DEBUG org.asynchttpclient.netty.channel.DefaultChannelPool - Entry count for : http://localhost:20497 : 1
10:17:17.935 [AsyncHttpClient-1-5] DEBUG org.asynchttpclient.netty.handler.HttpHandler - 

Request DefaultHttpRequest(decodeResult: success, version: HTTP/1.1)
POST /session/192f12f56b948054fd98ab843f08e84a/element HTTP/1.1
User-Agent: selenium/4.8.2 (java windows)
Content-Length: 109
Content-Type: application/json; charset=utf-8
host: localhost:17040
accept: */*

Response DefaultHttpResponse(decodeResult: success, version: HTTP/1.1)
HTTP/1.1 200 OK
Content-Length: 94
Content-Type: application/json; charset=utf-8
cache-control: no-cache

10:17:17.935 [AsyncHttpClient-1-5] DEBUG org.asynchttpclient.netty.channel.ChannelManager - Adding key: http://localhost:17040 for channel [id: 0xe6b36c6b, L:/127.0.0.1:51128 - R:localhost/127.0.0.1:17040]
10:17:17.941 [Forwarding isElementDisplayed on session 192f12f56b948054fd98ab843f08e84a to remote] DEBUG org.asynchttpclient.netty.request.NettyRequestSender - Using pooled Channel '[id: 0xe6b36c6b, L:/127.0.0.1:51128 - R:localhost/127.0.0.1:17040]' for 'POST' to 'http://localhost:17040/session/192f12f56b948054fd98ab843f08e84a/execute/sync'
10:17:17.941 [Forwarding isElementDisplayed on session 192f12f56b948054fd98ab843f08e84a to remote] DEBUG org.asynchttpclient.netty.request.NettyRequestSender - Using open Channel [id: 0xe6b36c6b, L:/127.0.0.1:51128 - R:localhost/127.0.0.1:17040] for POST '/session/192f12f56b948054fd98ab843f08e84a/execute/sync'
10:17:17.961 [AsyncHttpClient-1-5] DEBUG org.asynchttpclient.netty.handler.HttpHandler - 

Request DefaultHttpRequest(decodeResult: success, version: HTTP/1.1)
POST /session/192f12f56b948054fd98ab843f08e84a/execute/sync HTTP/1.1
User-Agent: selenium/4.8.2 (java windows)
Content-Length: 48813
Content-Type: application/json; charset=utf-8
host: localhost:17040
accept: */*

Response DefaultHttpResponse(decodeResult: success, version: HTTP/1.1)
HTTP/1.1 200 OK
Content-Length: 14
Content-Type: application/json; charset=utf-8
cache-control: no-cache

10:17:17.961 [AsyncHttpClient-1-5] DEBUG org.asynchttpclient.netty.channel.ChannelManager - Adding key: http://localhost:17040 for channel [id: 0xe6b36c6b, L:/127.0.0.1:51128 - R:localhost/127.0.0.1:17040]
10:17:17.963 [Forwarding getTitle on session 192f12f56b948054fd98ab843f08e84a to remote] DEBUG org.asynchttpclient.netty.request.NettyRequestSender - Using pooled Channel '[id: 0xe6b36c6b, L:/127.0.0.1:51128 - R:localhost/127.0.0.1:17040]' for 'GET' to 'http://localhost:17040/session/192f12f56b948054fd98ab843f08e84a/title'
10:17:17.963 [Forwarding getTitle on session 192f12f56b948054fd98ab843f08e84a to remote] DEBUG org.asynchttpclient.netty.request.NettyRequestSender - Using open Channel [id: 0xe6b36c6b, L:/127.0.0.1:51128 - R:localhost/127.0.0.1:17040] for GET '/session/192f12f56b948054fd98ab843f08e84a/title'
10:17:17.970 [AsyncHttpClient-1-5] DEBUG org.asynchttpclient.netty.handler.HttpHandler - 

Request DefaultFullHttpRequest(decodeResult: success, version: HTTP/1.1, content: EmptyByteBufBE)
GET /session/192f12f56b948054fd98ab843f08e84a/title HTTP/1.1
User-Agent: selenium/4.8.2 (java windows)
Cache-Control: no-cache
Content-Type: application/json; charset=utf-8
host: localhost:17040
accept: */*

Response DefaultHttpResponse(decodeResult: success, version: HTTP/1.1)
HTTP/1.1 200 OK
Content-Length: 23
Content-Type: application/json; charset=utf-8
cache-control: no-cache

10:17:17.970 [AsyncHttpClient-1-5] DEBUG org.asynchttpclient.netty.channel.ChannelManager - Adding key: http://localhost:17040 for channel [id: 0xe6b36c6b, L:/127.0.0.1:51128 - R:localhost/127.0.0.1:17040]
10:17:18.967 [AsyncHttpClient-1-1] DEBUG org.asynchttpclient.netty.channel.DefaultChannelPool - Entry count for : http://localhost:51129 : 1
10:17:18.967 [AsyncHttpClient-1-1] DEBUG org.asynchttpclient.netty.channel.DefaultChannelPool - Entry count for : http://localhost:17040 : 1
10:17:18.967 [AsyncHttpClient-1-1] DEBUG org.asynchttpclient.netty.channel.DefaultChannelPool - Entry count for : http://localhost:20497 : 1
10:17:20.093 [AsyncHttpClient-1-1] DEBUG org.asynchttpclient.netty.channel.DefaultChannelPool - Entry count for : http://localhost:51129 : 1
10:17:20.093 [AsyncHttpClient-1-1] DEBUG org.asynchttpclient.netty.channel.DefaultChannelPool - Entry count for : http://localhost:17040 : 1
10:17:20.093 [AsyncHttpClient-1-1] DEBUG org.asynchttpclient.netty.channel.DefaultChannelPool - Entry count for : http://localhost:20497 : 1
10:17:21.169 [AsyncHttpClient-1-1] DEBUG org.asynchttpclient.netty.channel.DefaultChannelPool - Entry count for : http://localhost:51129 : 1
10:17:21.169 [AsyncHttpClient-1-1] DEBUG org.asynchttpclient.netty.channel.DefaultChannelPool - Entry count for : http://localhost:17040 : 1
10:17:21.169 [AsyncHttpClient-1-1] DEBUG org.asynchttpclient.netty.channel.DefaultChannelPool - Entry count for : http://localhost:20497 : 1
10:17:22.265 [AsyncHttpClient-1-1] DEBUG org.asynchttpclient.netty.channel.DefaultChannelPool - Entry count for : http://localhost:51129 : 1
10:17:22.265 [AsyncHttpClient-1-1] DEBUG org.asynchttpclient.netty.channel.DefaultChannelPool - Entry count for : http://localhost:17040 : 1
10:17:22.265 [AsyncHttpClient-1-1] DEBUG org.asynchttpclient.netty.channel.DefaultChannelPool - Entry count for : http://localhost:20497 : 1
10:17:22.406 [Forwarding findElement on session 192f12f56b948054fd98ab843f08e84a to remote] DEBUG org.asynchttpclient.netty.request.NettyRequestSender - Using pooled Channel '[id: 0xe6b36c6b, L:/127.0.0.1:51128 - R:localhost/127.0.0.1:17040]' for 'POST' to 'http://localhost:17040/session/192f12f56b948054fd98ab843f08e84a/element'
10:17:22.406 [Forwarding findElement on session 192f12f56b948054fd98ab843f08e84a to remote] DEBUG org.asynchttpclient.netty.request.NettyRequestSender - Using open Channel [id: 0xe6b36c6b, L:/127.0.0.1:51128 - R:localhost/127.0.0.1:17040] for POST '/session/192f12f56b948054fd98ab843f08e84a/element'
10:17:22.500 [AsyncHttpClient-1-5] DEBUG org.asynchttpclient.netty.handler.HttpHandler - 

Request DefaultHttpRequest(decodeResult: success, version: HTTP/1.1)
POST /session/192f12f56b948054fd98ab843f08e84a/element HTTP/1.1
User-Agent: selenium/4.8.2 (java windows)
Content-Length: 109
Content-Type: application/json; charset=utf-8
host: localhost:17040
accept: */*

Response DefaultHttpResponse(decodeResult: success, version: HTTP/1.1)
HTTP/1.1 200 OK
Content-Length: 94
Content-Type: application/json; charset=utf-8
cache-control: no-cache

10:17:22.516 [AsyncHttpClient-1-5] DEBUG org.asynchttpclient.netty.channel.ChannelManager - Adding key: http://localhost:17040 for channel [id: 0xe6b36c6b, L:/127.0.0.1:51128 - R:localhost/127.0.0.1:17040]
10:17:22.516 [Forwarding isElementDisplayed on session 192f12f56b948054fd98ab843f08e84a to remote] DEBUG org.asynchttpclient.netty.request.NettyRequestSender - Using pooled Channel '[id: 0xe6b36c6b, L:/127.0.0.1:51128 - R:localhost/127.0.0.1:17040]' for 'POST' to 'http://localhost:17040/session/192f12f56b948054fd98ab843f08e84a/execute/sync'
10:17:22.531 [Forwarding isElementDisplayed on session 192f12f56b948054fd98ab843f08e84a to remote] DEBUG org.asynchttpclient.netty.request.NettyRequestSender - Using open Channel [id: 0xe6b36c6b, L:/127.0.0.1:51128 - R:localhost/127.0.0.1:17040] for POST '/session/192f12f56b948054fd98ab843f08e84a/execute/sync'
10:17:22.609 [AsyncHttpClient-1-5] DEBUG org.asynchttpclient.netty.handler.HttpHandler - 

Request DefaultHttpRequest(decodeResult: success, version: HTTP/1.1)
POST /session/192f12f56b948054fd98ab843f08e84a/execute/sync HTTP/1.1
User-Agent: selenium/4.8.2 (java windows)
Content-Length: 48813
Content-Type: application/json; charset=utf-8
host: localhost:17040
accept: */*

Response DefaultHttpResponse(decodeResult: success, version: HTTP/1.1)
HTTP/1.1 200 OK
Content-Length: 14
Content-Type: application/json; charset=utf-8
cache-control: no-cache

10:17:22.609 [AsyncHttpClient-1-5] DEBUG org.asynchttpclient.netty.channel.ChannelManager - Adding key: http://localhost:17040 for channel [id: 0xe6b36c6b, L:/127.0.0.1:51128 - R:localhost/127.0.0.1:17040]
10:17:22.625 [Forwarding findElement on session 192f12f56b948054fd98ab843f08e84a to remote] DEBUG org.asynchttpclient.netty.request.NettyRequestSender - Using pooled Channel '[id: 0xe6b36c6b, L:/127.0.0.1:51128 - R:localhost/127.0.0.1:17040]' for 'POST' to 'http://localhost:17040/session/192f12f56b948054fd98ab843f08e84a/element'
10:17:22.625 [Forwarding findElement on session 192f12f56b948054fd98ab843f08e84a to remote] DEBUG org.asynchttpclient.netty.request.NettyRequestSender - Using open Channel [id: 0xe6b36c6b, L:/127.0.0.1:51128 - R:localhost/127.0.0.1:17040] for POST '/session/192f12f56b948054fd98ab843f08e84a/element'
10:17:22.641 [AsyncHttpClient-1-5] DEBUG org.asynchttpclient.netty.handler.HttpHandler - 

Request DefaultHttpRequest(decodeResult: success, version: HTTP/1.1)
POST /session/192f12f56b948054fd98ab843f08e84a/element HTTP/1.1
User-Agent: selenium/4.8.2 (java windows)
Content-Length: 109
Content-Type: application/json; charset=utf-8
host: localhost:17040
accept: */*

Response DefaultHttpResponse(decodeResult: success, version: HTTP/1.1)
HTTP/1.1 200 OK
Content-Length: 94
Content-Type: application/json; charset=utf-8
cache-control: no-cache

10:17:22.641 [AsyncHttpClient-1-5] DEBUG org.asynchttpclient.netty.channel.ChannelManager - Adding key: http://localhost:17040 for channel [id: 0xe6b36c6b, L:/127.0.0.1:51128 - R:localhost/127.0.0.1:17040]
10:17:22.661 [Forwarding sendKeysToElement on session 192f12f56b948054fd98ab843f08e84a to remote] DEBUG org.asynchttpclient.netty.request.NettyRequestSender - Using pooled Channel '[id: 0xe6b36c6b, L:/127.0.0.1:51128 - R:localhost/127.0.0.1:17040]' for 'POST' to 'http://localhost:17040/session/192f12f56b948054fd98ab843f08e84a/element/642BFE7A5676529D6BB2F66C027D570A_element_7/value'
10:17:22.662 [Forwarding sendKeysToElement on session 192f12f56b948054fd98ab843f08e84a to remote] DEBUG org.asynchttpclient.netty.request.NettyRequestSender - Using open Channel [id: 0xe6b36c6b, L:/127.0.0.1:51128 - R:localhost/127.0.0.1:17040] for POST '/session/192f12f56b948054fd98ab843f08e84a/element/642BFE7A5676529D6BB2F66C027D570A_element_7/value'
10:17:23.178 [AsyncHttpClient-1-5] DEBUG org.asynchttpclient.netty.handler.HttpHandler - 

Request DefaultHttpRequest(decodeResult: success, version: HTTP/1.1)
POST /session/192f12f56b948054fd98ab843f08e84a/element/642BFE7A5676529D6BB2F66C027D570A_element_7/value HTTP/1.1
User-Agent: selenium/4.8.2 (java windows)
Content-Length: 387
Content-Type: application/json; charset=utf-8
host: localhost:17040
accept: */*

Response DefaultHttpResponse(decodeResult: success, version: HTTP/1.1)
HTTP/1.1 200 OK
Content-Length: 14
Content-Type: application/json; charset=utf-8
cache-control: no-cache

10:17:23.178 [AsyncHttpClient-1-5] DEBUG org.asynchttpclient.netty.channel.ChannelManager - Adding key: http://localhost:17040 for channel [id: 0xe6b36c6b, L:/127.0.0.1:51128 - R:localhost/127.0.0.1:17040]
10:17:23.188 [Forwarding findElement on session 192f12f56b948054fd98ab843f08e84a to remote] DEBUG org.asynchttpclient.netty.request.NettyRequestSender - Using pooled Channel '[id: 0xe6b36c6b, L:/127.0.0.1:51128 - R:localhost/127.0.0.1:17040]' for 'POST' to 'http://localhost:17040/session/192f12f56b948054fd98ab843f08e84a/element'
10:17:23.188 [Forwarding findElement on session 192f12f56b948054fd98ab843f08e84a to remote] DEBUG org.asynchttpclient.netty.request.NettyRequestSender - Using open Channel [id: 0xe6b36c6b, L:/127.0.0.1:51128 - R:localhost/127.0.0.1:17040] for POST '/session/192f12f56b948054fd98ab843f08e84a/element'
10:17:23.265 [AsyncHttpClient-1-5] DEBUG org.asynchttpclient.netty.handler.HttpHandler - 

Request DefaultHttpRequest(decodeResult: success, version: HTTP/1.1)
POST /session/192f12f56b948054fd98ab843f08e84a/element HTTP/1.1
User-Agent: selenium/4.8.2 (java windows)
Content-Length: 109
Content-Type: application/json; charset=utf-8
host: localhost:17040
accept: */*

Response DefaultHttpResponse(decodeResult: success, version: HTTP/1.1)
HTTP/1.1 200 OK
Content-Length: 95
Content-Type: application/json; charset=utf-8
cache-control: no-cache

10:17:23.265 [AsyncHttpClient-1-5] DEBUG org.asynchttpclient.netty.channel.ChannelManager - Adding key: http://localhost:17040 for channel [id: 0xe6b36c6b, L:/127.0.0.1:51128 - R:localhost/127.0.0.1:17040]
10:17:23.343 [Forwarding sendKeysToElement on session 192f12f56b948054fd98ab843f08e84a to remote] DEBUG org.asynchttpclient.netty.request.NettyRequestSender - Using pooled Channel '[id: 0xe6b36c6b, L:/127.0.0.1:51128 - R:localhost/127.0.0.1:17040]' for 'POST' to 'http://localhost:17040/session/192f12f56b948054fd98ab843f08e84a/element/642BFE7A5676529D6BB2F66C027D570A_element_15/value'
10:17:23.343 [Forwarding sendKeysToElement on session 192f12f56b948054fd98ab843f08e84a to remote] DEBUG org.asynchttpclient.netty.request.NettyRequestSender - Using open Channel [id: 0xe6b36c6b, L:/127.0.0.1:51128 - R:localhost/127.0.0.1:17040] for POST '/session/192f12f56b948054fd98ab843f08e84a/element/642BFE7A5676529D6BB2F66C027D570A_element_15/value'
10:17:23.374 [AsyncHttpClient-1-1] DEBUG org.asynchttpclient.netty.channel.DefaultChannelPool - Entry count for : http://localhost:51129 : 1
10:17:23.374 [AsyncHttpClient-1-1] DEBUG org.asynchttpclient.netty.channel.DefaultChannelPool - Entry count for : http://localhost:20497 : 1
10:17:23.811 [AsyncHttpClient-1-5] DEBUG org.asynchttpclient.netty.handler.HttpHandler - 

Request DefaultHttpRequest(decodeResult: success, version: HTTP/1.1)
POST /session/192f12f56b948054fd98ab843f08e84a/element/642BFE7A5676529D6BB2F66C027D570A_element_15/value HTTP/1.1
User-Agent: selenium/4.8.2 (java windows)
Content-Length: 158
Content-Type: application/json; charset=utf-8
host: localhost:17040
accept: */*

Response DefaultHttpResponse(decodeResult: success, version: HTTP/1.1)
HTTP/1.1 200 OK
Content-Length: 14
Content-Type: application/json; charset=utf-8
cache-control: no-cache

10:17:23.811 [AsyncHttpClient-1-5] DEBUG org.asynchttpclient.netty.channel.ChannelManager - Adding key: http://localhost:17040 for channel [id: 0xe6b36c6b, L:/127.0.0.1:51128 - R:localhost/127.0.0.1:17040]
10:17:23.813 [Forwarding findElement on session 192f12f56b948054fd98ab843f08e84a to remote] DEBUG org.asynchttpclient.netty.request.NettyRequestSender - Using pooled Channel '[id: 0xe6b36c6b, L:/127.0.0.1:51128 - R:localhost/127.0.0.1:17040]' for 'POST' to 'http://localhost:17040/session/192f12f56b948054fd98ab843f08e84a/element'
10:17:23.814 [Forwarding findElement on session 192f12f56b948054fd98ab843f08e84a to remote] DEBUG org.asynchttpclient.netty.request.NettyRequestSender - Using open Channel [id: 0xe6b36c6b, L:/127.0.0.1:51128 - R:localhost/127.0.0.1:17040] for POST '/session/192f12f56b948054fd98ab843f08e84a/element'
10:17:23.838 [AsyncHttpClient-1-5] DEBUG org.asynchttpclient.netty.handler.HttpHandler - 

Request DefaultHttpRequest(decodeResult: success, version: HTTP/1.1)
POST /session/192f12f56b948054fd98ab843f08e84a/element HTTP/1.1
User-Agent: selenium/4.8.2 (java windows)
Content-Length: 57
Content-Type: application/json; charset=utf-8
host: localhost:17040
accept: */*

Response DefaultHttpResponse(decodeResult: success, version: HTTP/1.1)
HTTP/1.1 200 OK
Content-Length: 95
Content-Type: application/json; charset=utf-8
cache-control: no-cache

10:17:23.838 [AsyncHttpClient-1-5] DEBUG org.asynchttpclient.netty.channel.ChannelManager - Adding key: http://localhost:17040 for channel [id: 0xe6b36c6b, L:/127.0.0.1:51128 - R:localhost/127.0.0.1:17040]
10:17:23.840 [Forwarding clickElement on session 192f12f56b948054fd98ab843f08e84a to remote] DEBUG org.asynchttpclient.netty.request.NettyRequestSender - Using pooled Channel '[id: 0xe6b36c6b, L:/127.0.0.1:51128 - R:localhost/127.0.0.1:17040]' for 'POST' to 'http://localhost:17040/session/192f12f56b948054fd98ab843f08e84a/element/642BFE7A5676529D6BB2F66C027D570A_element_18/click'
10:17:23.841 [Forwarding clickElement on session 192f12f56b948054fd98ab843f08e84a to remote] DEBUG org.asynchttpclient.netty.request.NettyRequestSender - Using open Channel [id: 0xe6b36c6b, L:/127.0.0.1:51128 - R:localhost/127.0.0.1:17040] for POST '/session/192f12f56b948054fd98ab843f08e84a/element/642BFE7A5676529D6BB2F66C027D570A_element_18/click'
10:17:23.932 [AsyncHttpClient-1-5] DEBUG org.asynchttpclient.netty.handler.HttpHandler - 

Request DefaultHttpRequest(decodeResult: success, version: HTTP/1.1)
POST /session/192f12f56b948054fd98ab843f08e84a/element/642BFE7A5676529D6BB2F66C027D570A_element_18/click HTTP/1.1
User-Agent: selenium/4.8.2 (java windows)
Content-Length: 57
Content-Type: application/json; charset=utf-8
host: localhost:17040
accept: */*

Response DefaultHttpResponse(decodeResult: success, version: HTTP/1.1)
HTTP/1.1 200 OK
Content-Length: 14
Content-Type: application/json; charset=utf-8
cache-control: no-cache

10:17:23.932 [AsyncHttpClient-1-5] DEBUG org.asynchttpclient.netty.channel.ChannelManager - Adding key: http://localhost:17040 for channel [id: 0xe6b36c6b, L:/127.0.0.1:51128 - R:localhost/127.0.0.1:17040]
10:17:23.940 [Forwarding findElement on session 192f12f56b948054fd98ab843f08e84a to remote] DEBUG org.asynchttpclient.netty.request.NettyRequestSender - Using pooled Channel '[id: 0xe6b36c6b, L:/127.0.0.1:51128 - R:localhost/127.0.0.1:17040]' for 'POST' to 'http://localhost:17040/session/192f12f56b948054fd98ab843f08e84a/element'
10:17:23.940 [Forwarding findElement on session 192f12f56b948054fd98ab843f08e84a to remote] DEBUG org.asynchttpclient.netty.request.NettyRequestSender - Using open Channel [id: 0xe6b36c6b, L:/127.0.0.1:51128 - R:localhost/127.0.0.1:17040] for POST '/session/192f12f56b948054fd98ab843f08e84a/element'
10:17:23.965 [AsyncHttpClient-1-5] DEBUG org.asynchttpclient.netty.handler.HttpHandler - 

Request DefaultHttpRequest(decodeResult: success, version: HTTP/1.1)
POST /session/192f12f56b948054fd98ab843f08e84a/element HTTP/1.1
User-Agent: selenium/4.8.2 (java windows)
Content-Length: 167
Content-Type: application/json; charset=utf-8
host: localhost:17040
accept: */*

Response DefaultHttpResponse(decodeResult: success, version: HTTP/1.1)
HTTP/1.1 404 Not Found
Content-Length: 1125
Content-Type: application/json; charset=utf-8
cache-control: no-cache

10:17:23.965 [AsyncHttpClient-1-5] DEBUG org.asynchttpclient.netty.channel.ChannelManager - Adding key: http://localhost:17040 for channel [id: 0xe6b36c6b, L:/127.0.0.1:51128 - R:localhost/127.0.0.1:17040]
10:17:24.467 [AsyncHttpClient-1-1] DEBUG org.asynchttpclient.netty.channel.DefaultChannelPool - Entry count for : http://localhost:51129 : 1
10:17:24.467 [AsyncHttpClient-1-1] DEBUG org.asynchttpclient.netty.channel.DefaultChannelPool - Entry count for : http://localhost:17040 : 1
10:17:24.467 [AsyncHttpClient-1-1] DEBUG org.asynchttpclient.netty.channel.DefaultChannelPool - Entry count for : http://localhost:20497 : 1
10:17:24.482 [Forwarding findElement on session 192f12f56b948054fd98ab843f08e84a to remote] DEBUG org.asynchttpclient.netty.request.NettyRequestSender - Using pooled Channel '[id: 0xe6b36c6b, L:/127.0.0.1:51128 - R:localhost/127.0.0.1:17040]' for 'POST' to 'http://localhost:17040/session/192f12f56b948054fd98ab843f08e84a/element'
10:17:24.483 [Forwarding findElement on session 192f12f56b948054fd98ab843f08e84a to remote] DEBUG org.asynchttpclient.netty.request.NettyRequestSender - Using open Channel [id: 0xe6b36c6b, L:/127.0.0.1:51128 - R:localhost/127.0.0.1:17040] for POST '/session/192f12f56b948054fd98ab843f08e84a/element'
10:17:24.496 [AsyncHttpClient-1-5] DEBUG org.asynchttpclient.netty.handler.HttpHandler - 

Request DefaultHttpRequest(decodeResult: success, version: HTTP/1.1)
POST /session/192f12f56b948054fd98ab843f08e84a/element HTTP/1.1
User-Agent: selenium/4.8.2 (java windows)
Content-Length: 167
Content-Type: application/json; charset=utf-8
host: localhost:17040
accept: */*

Response DefaultHttpResponse(decodeResult: success, version: HTTP/1.1)
HTTP/1.1 404 Not Found
Content-Length: 1125
Content-Type: application/json; charset=utf-8
cache-control: no-cache

10:17:24.496 [AsyncHttpClient-1-5] DEBUG org.asynchttpclient.netty.channel.ChannelManager - Adding key: http://localhost:17040 for channel [id: 0xe6b36c6b, L:/127.0.0.1:51128 - R:localhost/127.0.0.1:17040]
10:17:25.001 [Forwarding findElement on session 192f12f56b948054fd98ab843f08e84a to remote] DEBUG org.asynchttpclient.netty.request.NettyRequestSender - Using pooled Channel '[id: 0xe6b36c6b, L:/127.0.0.1:51128 - R:localhost/127.0.0.1:17040]' for 'POST' to 'http://localhost:17040/session/192f12f56b948054fd98ab843f08e84a/element'
10:17:25.001 [Forwarding findElement on session 192f12f56b948054fd98ab843f08e84a to remote] DEBUG org.asynchttpclient.netty.request.NettyRequestSender - Using open Channel [id: 0xe6b36c6b, L:/127.0.0.1:51128 - R:localhost/127.0.0.1:17040] for POST '/session/192f12f56b948054fd98ab843f08e84a/element'
10:17:25.013 [AsyncHttpClient-1-5] DEBUG org.asynchttpclient.netty.handler.HttpHandler - 

Request DefaultHttpRequest(decodeResult: success, version: HTTP/1.1)
POST /session/192f12f56b948054fd98ab843f08e84a/element HTTP/1.1
User-Agent: selenium/4.8.2 (java windows)
Content-Length: 167
Content-Type: application/json; charset=utf-8
host: localhost:17040
accept: */*

Response DefaultHttpResponse(decodeResult: success, version: HTTP/1.1)
HTTP/1.1 404 Not Found
Content-Length: 1125
Content-Type: application/json; charset=utf-8
cache-control: no-cache

10:17:25.013 [AsyncHttpClient-1-5] DEBUG org.asynchttpclient.netty.channel.ChannelManager - Adding key: http://localhost:17040 for channel [id: 0xe6b36c6b, L:/127.0.0.1:51128 - R:localhost/127.0.0.1:17040]
10:17:25.522 [Forwarding findElement on session 192f12f56b948054fd98ab843f08e84a to remote] DEBUG org.asynchttpclient.netty.request.NettyRequestSender - Using pooled Channel '[id: 0xe6b36c6b, L:/127.0.0.1:51128 - R:localhost/127.0.0.1:17040]' for 'POST' to 'http://localhost:17040/session/192f12f56b948054fd98ab843f08e84a/element'
10:17:25.522 [Forwarding findElement on session 192f12f56b948054fd98ab843f08e84a to remote] DEBUG org.asynchttpclient.netty.request.NettyRequestSender - Using open Channel [id: 0xe6b36c6b, L:/127.0.0.1:51128 - R:localhost/127.0.0.1:17040] for POST '/session/192f12f56b948054fd98ab843f08e84a/element'
10:17:25.548 [AsyncHttpClient-1-5] DEBUG org.asynchttpclient.netty.handler.HttpHandler - 

Request DefaultHttpRequest(decodeResult: success, version: HTTP/1.1)
POST /session/192f12f56b948054fd98ab843f08e84a/element HTTP/1.1
User-Agent: selenium/4.8.2 (java windows)
Content-Length: 167
Content-Type: application/json; charset=utf-8
host: localhost:17040
accept: */*

Response DefaultHttpResponse(decodeResult: success, version: HTTP/1.1)
HTTP/1.1 404 Not Found
Content-Length: 1125
Content-Type: application/json; charset=utf-8
cache-control: no-cache

10:17:25.548 [AsyncHttpClient-1-5] DEBUG org.asynchttpclient.netty.channel.ChannelManager - Adding key: http://localhost:17040 for channel [id: 0xe6b36c6b, L:/127.0.0.1:51128 - R:localhost/127.0.0.1:17040]
10:17:25.568 [AsyncHttpClient-1-1] DEBUG org.asynchttpclient.netty.channel.DefaultChannelPool - Entry count for : http://localhost:51129 : 1
10:17:25.568 [AsyncHttpClient-1-1] DEBUG org.asynchttpclient.netty.channel.DefaultChannelPool - Entry count for : http://localhost:17040 : 1
10:17:25.568 [AsyncHttpClient-1-1] DEBUG org.asynchttpclient.netty.channel.DefaultChannelPool - Entry count for : http://localhost:20497 : 1
10:17:26.054 [Forwarding findElement on session 192f12f56b948054fd98ab843f08e84a to remote] DEBUG org.asynchttpclient.netty.request.NettyRequestSender - Using pooled Channel '[id: 0xe6b36c6b, L:/127.0.0.1:51128 - R:localhost/127.0.0.1:17040]' for 'POST' to 'http://localhost:17040/session/192f12f56b948054fd98ab843f08e84a/element'
10:17:26.054 [Forwarding findElement on session 192f12f56b948054fd98ab843f08e84a to remote] DEBUG org.asynchttpclient.netty.request.NettyRequestSender - Using open Channel [id: 0xe6b36c6b, L:/127.0.0.1:51128 - R:localhost/127.0.0.1:17040] for POST '/session/192f12f56b948054fd98ab843f08e84a/element'
10:17:26.065 [AsyncHttpClient-1-5] DEBUG org.asynchttpclient.netty.handler.HttpHandler - 

Request DefaultHttpRequest(decodeResult: success, version: HTTP/1.1)
POST /session/192f12f56b948054fd98ab843f08e84a/element HTTP/1.1
User-Agent: selenium/4.8.2 (java windows)
Content-Length: 167
Content-Type: application/json; charset=utf-8
host: localhost:17040
accept: */*

Response DefaultHttpResponse(decodeResult: success, version: HTTP/1.1)
HTTP/1.1 404 Not Found
Content-Length: 1125
Content-Type: application/json; charset=utf-8
cache-control: no-cache

10:17:26.066 [AsyncHttpClient-1-5] DEBUG org.asynchttpclient.netty.channel.ChannelManager - Adding key: http://localhost:17040 for channel [id: 0xe6b36c6b, L:/127.0.0.1:51128 - R:localhost/127.0.0.1:17040]
10:17:26.578 [Forwarding findElement on session 192f12f56b948054fd98ab843f08e84a to remote] DEBUG org.asynchttpclient.netty.request.NettyRequestSender - Using pooled Channel '[id: 0xe6b36c6b, L:/127.0.0.1:51128 - R:localhost/127.0.0.1:17040]' for 'POST' to 'http://localhost:17040/session/192f12f56b948054fd98ab843f08e84a/element'
10:17:26.578 [Forwarding findElement on session 192f12f56b948054fd98ab843f08e84a to remote] DEBUG org.asynchttpclient.netty.request.NettyRequestSender - Using open Channel [id: 0xe6b36c6b, L:/127.0.0.1:51128 - R:localhost/127.0.0.1:17040] for POST '/session/192f12f56b948054fd98ab843f08e84a/element'
10:17:26.590 [AsyncHttpClient-1-5] DEBUG org.asynchttpclient.netty.handler.HttpHandler - 

Request DefaultHttpRequest(decodeResult: success, version: HTTP/1.1)
POST /session/192f12f56b948054fd98ab843f08e84a/element HTTP/1.1
User-Agent: selenium/4.8.2 (java windows)
Content-Length: 167
Content-Type: application/json; charset=utf-8
host: localhost:17040
accept: */*

Response DefaultHttpResponse(decodeResult: success, version: HTTP/1.1)
HTTP/1.1 404 Not Found
Content-Length: 1125
Content-Type: application/json; charset=utf-8
cache-control: no-cache

10:17:26.590 [AsyncHttpClient-1-5] DEBUG org.asynchttpclient.netty.channel.ChannelManager - Adding key: http://localhost:17040 for channel [id: 0xe6b36c6b, L:/127.0.0.1:51128 - R:localhost/127.0.0.1:17040]
10:17:26.671 [AsyncHttpClient-1-1] DEBUG org.asynchttpclient.netty.channel.DefaultChannelPool - Entry count for : http://localhost:51129 : 1
10:17:26.671 [AsyncHttpClient-1-1] DEBUG org.asynchttpclient.netty.channel.DefaultChannelPool - Entry count for : http://localhost:17040 : 1
10:17:26.671 [AsyncHttpClient-1-1] DEBUG org.asynchttpclient.netty.channel.DefaultChannelPool - Entry count for : http://localhost:20497 : 1
10:17:27.094 [Forwarding findElement on session 192f12f56b948054fd98ab843f08e84a to remote] DEBUG org.asynchttpclient.netty.request.NettyRequestSender - Using pooled Channel '[id: 0xe6b36c6b, L:/127.0.0.1:51128 - R:localhost/127.0.0.1:17040]' for 'POST' to 'http://localhost:17040/session/192f12f56b948054fd98ab843f08e84a/element'
10:17:27.094 [Forwarding findElement on session 192f12f56b948054fd98ab843f08e84a to remote] DEBUG org.asynchttpclient.netty.request.NettyRequestSender - Using open Channel [id: 0xe6b36c6b, L:/127.0.0.1:51128 - R:localhost/127.0.0.1:17040] for POST '/session/192f12f56b948054fd98ab843f08e84a/element'
10:17:27.158 [AsyncHttpClient-1-5] DEBUG org.asynchttpclient.netty.handler.HttpHandler - 

Request DefaultHttpRequest(decodeResult: success, version: HTTP/1.1)
POST /session/192f12f56b948054fd98ab843f08e84a/element HTTP/1.1
User-Agent: selenium/4.8.2 (java windows)
Content-Length: 167
Content-Type: application/json; charset=utf-8
host: localhost:17040
accept: */*

Response DefaultHttpResponse(decodeResult: success, version: HTTP/1.1)
HTTP/1.1 404 Not Found
Content-Length: 1125
Content-Type: application/json; charset=utf-8
cache-control: no-cache

10:17:27.158 [AsyncHttpClient-1-5] DEBUG org.asynchttpclient.netty.channel.ChannelManager - Adding key: http://localhost:17040 for channel [id: 0xe6b36c6b, L:/127.0.0.1:51128 - R:localhost/127.0.0.1:17040]
10:17:27.663 [Forwarding findElement on session 192f12f56b948054fd98ab843f08e84a to remote] DEBUG org.asynchttpclient.netty.request.NettyRequestSender - Using pooled Channel '[id: 0xe6b36c6b, L:/127.0.0.1:51128 - R:localhost/127.0.0.1:17040]' for 'POST' to 'http://localhost:17040/session/192f12f56b948054fd98ab843f08e84a/element'
10:17:27.663 [Forwarding findElement on session 192f12f56b948054fd98ab843f08e84a to remote] DEBUG org.asynchttpclient.netty.request.NettyRequestSender - Using open Channel [id: 0xe6b36c6b, L:/127.0.0.1:51128 - R:localhost/127.0.0.1:17040] for POST '/session/192f12f56b948054fd98ab843f08e84a/element'
10:17:27.674 [AsyncHttpClient-1-5] DEBUG org.asynchttpclient.netty.handler.HttpHandler - 

Request DefaultHttpRequest(decodeResult: success, version: HTTP/1.1)
POST /session/192f12f56b948054fd98ab843f08e84a/element HTTP/1.1
User-Agent: selenium/4.8.2 (java windows)
Content-Length: 167
Content-Type: application/json; charset=utf-8
host: localhost:17040
accept: */*

Response DefaultHttpResponse(decodeResult: success, version: HTTP/1.1)
HTTP/1.1 404 Not Found
Content-Length: 1125
Content-Type: application/json; charset=utf-8
cache-control: no-cache

10:17:27.674 [AsyncHttpClient-1-5] DEBUG org.asynchttpclient.netty.channel.ChannelManager - Adding key: http://localhost:17040 for channel [id: 0xe6b36c6b, L:/127.0.0.1:51128 - R:localhost/127.0.0.1:17040]
10:17:27.770 [AsyncHttpClient-1-1] DEBUG org.asynchttpclient.netty.channel.DefaultChannelPool - Entry count for : http://localhost:51129 : 1
10:17:27.770 [AsyncHttpClient-1-1] DEBUG org.asynchttpclient.netty.channel.DefaultChannelPool - Entry count for : http://localhost:17040 : 1
10:17:27.770 [AsyncHttpClient-1-1] DEBUG org.asynchttpclient.netty.channel.DefaultChannelPool - Entry count for : http://localhost:20497 : 1
10:17:28.182 [Forwarding findElement on session 192f12f56b948054fd98ab843f08e84a to remote] DEBUG org.asynchttpclient.netty.request.NettyRequestSender - Using pooled Channel '[id: 0xe6b36c6b, L:/127.0.0.1:51128 - R:localhost/127.0.0.1:17040]' for 'POST' to 'http://localhost:17040/session/192f12f56b948054fd98ab843f08e84a/element'
10:17:28.183 [Forwarding findElement on session 192f12f56b948054fd98ab843f08e84a to remote] DEBUG org.asynchttpclient.netty.request.NettyRequestSender - Using open Channel [id: 0xe6b36c6b, L:/127.0.0.1:51128 - R:localhost/127.0.0.1:17040] for POST '/session/192f12f56b948054fd98ab843f08e84a/element'
10:17:28.195 [AsyncHttpClient-1-5] DEBUG org.asynchttpclient.netty.handler.HttpHandler - 

Request DefaultHttpRequest(decodeResult: success, version: HTTP/1.1)
POST /session/192f12f56b948054fd98ab843f08e84a/element HTTP/1.1
User-Agent: selenium/4.8.2 (java windows)
Content-Length: 167
Content-Type: application/json; charset=utf-8
host: localhost:17040
accept: */*

Response DefaultHttpResponse(decodeResult: success, version: HTTP/1.1)
HTTP/1.1 404 Not Found
Content-Length: 1125
Content-Type: application/json; charset=utf-8
cache-control: no-cache

10:17:28.195 [AsyncHttpClient-1-5] DEBUG org.asynchttpclient.netty.channel.ChannelManager - Adding key: http://localhost:17040 for channel [id: 0xe6b36c6b, L:/127.0.0.1:51128 - R:localhost/127.0.0.1:17040]
10:17:28.711 [Forwarding findElement on session 192f12f56b948054fd98ab843f08e84a to remote] DEBUG org.asynchttpclient.netty.request.NettyRequestSender - Using pooled Channel '[id: 0xe6b36c6b, L:/127.0.0.1:51128 - R:localhost/127.0.0.1:17040]' for 'POST' to 'http://localhost:17040/session/192f12f56b948054fd98ab843f08e84a/element'
10:17:28.711 [Forwarding findElement on session 192f12f56b948054fd98ab843f08e84a to remote] DEBUG org.asynchttpclient.netty.request.NettyRequestSender - Using open Channel [id: 0xe6b36c6b, L:/127.0.0.1:51128 - R:localhost/127.0.0.1:17040] for POST '/session/192f12f56b948054fd98ab843f08e84a/element'
10:17:28.729 [AsyncHttpClient-1-5] DEBUG org.asynchttpclient.netty.handler.HttpHandler - 

Request DefaultHttpRequest(decodeResult: success, version: HTTP/1.1)
POST /session/192f12f56b948054fd98ab843f08e84a/element HTTP/1.1
User-Agent: selenium/4.8.2 (java windows)
Content-Length: 167
Content-Type: application/json; charset=utf-8
host: localhost:17040
accept: */*

Response DefaultHttpResponse(decodeResult: success, version: HTTP/1.1)
HTTP/1.1 404 Not Found
Content-Length: 1125
Content-Type: application/json; charset=utf-8
cache-control: no-cache

10:17:28.729 [AsyncHttpClient-1-5] DEBUG org.asynchttpclient.netty.channel.ChannelManager - Adding key: http://localhost:17040 for channel [id: 0xe6b36c6b, L:/127.0.0.1:51128 - R:localhost/127.0.0.1:17040]
10:17:28.867 [AsyncHttpClient-1-1] DEBUG org.asynchttpclient.netty.channel.DefaultChannelPool - Entry count for : http://localhost:51129 : 1
10:17:28.867 [AsyncHttpClient-1-1] DEBUG org.asynchttpclient.netty.channel.DefaultChannelPool - Entry count for : http://localhost:17040 : 1
10:17:28.867 [AsyncHttpClient-1-1] DEBUG org.asynchttpclient.netty.channel.DefaultChannelPool - Entry count for : http://localhost:20497 : 1
10:17:29.231 [Forwarding findElement on session 192f12f56b948054fd98ab843f08e84a to remote] DEBUG org.asynchttpclient.netty.request.NettyRequestSender - Using pooled Channel '[id: 0xe6b36c6b, L:/127.0.0.1:51128 - R:localhost/127.0.0.1:17040]' for 'POST' to 'http://localhost:17040/session/192f12f56b948054fd98ab843f08e84a/element'
10:17:29.231 [Forwarding findElement on session 192f12f56b948054fd98ab843f08e84a to remote] DEBUG org.asynchttpclient.netty.request.NettyRequestSender - Using open Channel [id: 0xe6b36c6b, L:/127.0.0.1:51128 - R:localhost/127.0.0.1:17040] for POST '/session/192f12f56b948054fd98ab843f08e84a/element'
10:17:29.243 [AsyncHttpClient-1-5] DEBUG org.asynchttpclient.netty.handler.HttpHandler - 

Request DefaultHttpRequest(decodeResult: success, version: HTTP/1.1)
POST /session/192f12f56b948054fd98ab843f08e84a/element HTTP/1.1
User-Agent: selenium/4.8.2 (java windows)
Content-Length: 167
Content-Type: application/json; charset=utf-8
host: localhost:17040
accept: */*

Response DefaultHttpResponse(decodeResult: success, version: HTTP/1.1)
HTTP/1.1 404 Not Found
Content-Length: 1125
Content-Type: application/json; charset=utf-8
cache-control: no-cache

10:17:29.243 [AsyncHttpClient-1-5] DEBUG org.asynchttpclient.netty.channel.ChannelManager - Adding key: http://localhost:17040 for channel [id: 0xe6b36c6b, L:/127.0.0.1:51128 - R:localhost/127.0.0.1:17040]
10:17:29.757 [Forwarding findElement on session 192f12f56b948054fd98ab843f08e84a to remote] DEBUG org.asynchttpclient.netty.request.NettyRequestSender - Using pooled Channel '[id: 0xe6b36c6b, L:/127.0.0.1:51128 - R:localhost/127.0.0.1:17040]' for 'POST' to 'http://localhost:17040/session/192f12f56b948054fd98ab843f08e84a/element'
10:17:29.757 [Forwarding findElement on session 192f12f56b948054fd98ab843f08e84a to remote] DEBUG org.asynchttpclient.netty.request.NettyRequestSender - Using open Channel [id: 0xe6b36c6b, L:/127.0.0.1:51128 - R:localhost/127.0.0.1:17040] for POST '/session/192f12f56b948054fd98ab843f08e84a/element'
10:17:29.777 [AsyncHttpClient-1-5] DEBUG org.asynchttpclient.netty.handler.HttpHandler - 

Request DefaultHttpRequest(decodeResult: success, version: HTTP/1.1)
POST /session/192f12f56b948054fd98ab843f08e84a/element HTTP/1.1
User-Agent: selenium/4.8.2 (java windows)
Content-Length: 167
Content-Type: application/json; charset=utf-8
host: localhost:17040
accept: */*

Response DefaultHttpResponse(decodeResult: success, version: HTTP/1.1)
HTTP/1.1 404 Not Found
Content-Length: 1125
Content-Type: application/json; charset=utf-8
cache-control: no-cache

10:17:29.777 [AsyncHttpClient-1-5] DEBUG org.asynchttpclient.netty.channel.ChannelManager - Adding key: http://localhost:17040 for channel [id: 0xe6b36c6b, L:/127.0.0.1:51128 - R:localhost/127.0.0.1:17040]
10:17:29.970 [AsyncHttpClient-1-1] DEBUG org.asynchttpclient.netty.channel.DefaultChannelPool - Entry count for : http://localhost:51129 : 1
10:17:29.970 [AsyncHttpClient-1-1] DEBUG org.asynchttpclient.netty.channel.DefaultChannelPool - Entry count for : http://localhost:17040 : 1
10:17:29.970 [AsyncHttpClient-1-1] DEBUG org.asynchttpclient.netty.channel.DefaultChannelPool - Entry count for : http://localhost:20497 : 1
10:17:30.285 [Forwarding findElement on session 192f12f56b948054fd98ab843f08e84a to remote] DEBUG org.asynchttpclient.netty.request.NettyRequestSender - Using pooled Channel '[id: 0xe6b36c6b, L:/127.0.0.1:51128 - R:localhost/127.0.0.1:17040]' for 'POST' to 'http://localhost:17040/session/192f12f56b948054fd98ab843f08e84a/element'
10:17:30.286 [Forwarding findElement on session 192f12f56b948054fd98ab843f08e84a to remote] DEBUG org.asynchttpclient.netty.request.NettyRequestSender - Using open Channel [id: 0xe6b36c6b, L:/127.0.0.1:51128 - R:localhost/127.0.0.1:17040] for POST '/session/192f12f56b948054fd98ab843f08e84a/element'
10:17:30.297 [AsyncHttpClient-1-5] DEBUG org.asynchttpclient.netty.handler.HttpHandler - 

Request DefaultHttpRequest(decodeResult: success, version: HTTP/1.1)
POST /session/192f12f56b948054fd98ab843f08e84a/element HTTP/1.1
User-Agent: selenium/4.8.2 (java windows)
Content-Length: 167
Content-Type: application/json; charset=utf-8
host: localhost:17040
accept: */*

Response DefaultHttpResponse(decodeResult: success, version: HTTP/1.1)
HTTP/1.1 404 Not Found
Content-Length: 1125
Content-Type: application/json; charset=utf-8
cache-control: no-cache

10:17:30.298 [AsyncHttpClient-1-5] DEBUG org.asynchttpclient.netty.channel.ChannelManager - Adding key: http://localhost:17040 for channel [id: 0xe6b36c6b, L:/127.0.0.1:51128 - R:localhost/127.0.0.1:17040]
10:17:30.805 [Forwarding findElement on session 192f12f56b948054fd98ab843f08e84a to remote] DEBUG org.asynchttpclient.netty.request.NettyRequestSender - Using pooled Channel '[id: 0xe6b36c6b, L:/127.0.0.1:51128 - R:localhost/127.0.0.1:17040]' for 'POST' to 'http://localhost:17040/session/192f12f56b948054fd98ab843f08e84a/element'
10:17:30.805 [Forwarding findElement on session 192f12f56b948054fd98ab843f08e84a to remote] DEBUG org.asynchttpclient.netty.request.NettyRequestSender - Using open Channel [id: 0xe6b36c6b, L:/127.0.0.1:51128 - R:localhost/127.0.0.1:17040] for POST '/session/192f12f56b948054fd98ab843f08e84a/element'
10:17:30.822 [AsyncHttpClient-1-5] DEBUG org.asynchttpclient.netty.handler.HttpHandler - 

Request DefaultHttpRequest(decodeResult: success, version: HTTP/1.1)
POST /session/192f12f56b948054fd98ab843f08e84a/element HTTP/1.1
User-Agent: selenium/4.8.2 (java windows)
Content-Length: 167
Content-Type: application/json; charset=utf-8
host: localhost:17040
accept: */*

Response DefaultHttpResponse(decodeResult: success, version: HTTP/1.1)
HTTP/1.1 404 Not Found
Content-Length: 1125
Content-Type: application/json; charset=utf-8
cache-control: no-cache

10:17:30.823 [AsyncHttpClient-1-5] DEBUG org.asynchttpclient.netty.channel.ChannelManager - Adding key: http://localhost:17040 for channel [id: 0xe6b36c6b, L:/127.0.0.1:51128 - R:localhost/127.0.0.1:17040]
10:17:31.068 [AsyncHttpClient-1-1] DEBUG org.asynchttpclient.netty.channel.DefaultChannelPool - Entry count for : http://localhost:51129 : 1
10:17:31.068 [AsyncHttpClient-1-1] DEBUG org.asynchttpclient.netty.channel.DefaultChannelPool - Entry count for : http://localhost:17040 : 1
10:17:31.068 [AsyncHttpClient-1-1] DEBUG org.asynchttpclient.netty.channel.DefaultChannelPool - Entry count for : http://localhost:20497 : 1
10:17:31.336 [Forwarding findElement on session 192f12f56b948054fd98ab843f08e84a to remote] DEBUG org.asynchttpclient.netty.request.NettyRequestSender - Using pooled Channel '[id: 0xe6b36c6b, L:/127.0.0.1:51128 - R:localhost/127.0.0.1:17040]' for 'POST' to 'http://localhost:17040/session/192f12f56b948054fd98ab843f08e84a/element'
10:17:31.336 [Forwarding findElement on session 192f12f56b948054fd98ab843f08e84a to remote] DEBUG org.asynchttpclient.netty.request.NettyRequestSender - Using open Channel [id: 0xe6b36c6b, L:/127.0.0.1:51128 - R:localhost/127.0.0.1:17040] for POST '/session/192f12f56b948054fd98ab843f08e84a/element'
10:17:31.349 [AsyncHttpClient-1-5] DEBUG org.asynchttpclient.netty.handler.HttpHandler - 

Request DefaultHttpRequest(decodeResult: success, version: HTTP/1.1)
POST /session/192f12f56b948054fd98ab843f08e84a/element HTTP/1.1
User-Agent: selenium/4.8.2 (java windows)
Content-Length: 167
Content-Type: application/json; charset=utf-8
host: localhost:17040
accept: */*

Response DefaultHttpResponse(decodeResult: success, version: HTTP/1.1)
HTTP/1.1 404 Not Found
Content-Length: 1125
Content-Type: application/json; charset=utf-8
cache-control: no-cache

10:17:31.350 [AsyncHttpClient-1-5] DEBUG org.asynchttpclient.netty.channel.ChannelManager - Adding key: http://localhost:17040 for channel [id: 0xe6b36c6b, L:/127.0.0.1:51128 - R:localhost/127.0.0.1:17040]
10:17:31.869 [Forwarding findElement on session 192f12f56b948054fd98ab843f08e84a to remote] DEBUG org.asynchttpclient.netty.request.NettyRequestSender - Using pooled Channel '[id: 0xe6b36c6b, L:/127.0.0.1:51128 - R:localhost/127.0.0.1:17040]' for 'POST' to 'http://localhost:17040/session/192f12f56b948054fd98ab843f08e84a/element'
10:17:31.870 [Forwarding findElement on session 192f12f56b948054fd98ab843f08e84a to remote] DEBUG org.asynchttpclient.netty.request.NettyRequestSender - Using open Channel [id: 0xe6b36c6b, L:/127.0.0.1:51128 - R:localhost/127.0.0.1:17040] for POST '/session/192f12f56b948054fd98ab843f08e84a/element'
10:17:32.166 [AsyncHttpClient-1-1] DEBUG org.asynchttpclient.netty.channel.DefaultChannelPool - Entry count for : http://localhost:51129 : 1
10:17:32.166 [AsyncHttpClient-1-1] DEBUG org.asynchttpclient.netty.channel.DefaultChannelPool - Entry count for : http://localhost:20497 : 1
10:17:33.270 [AsyncHttpClient-1-1] DEBUG org.asynchttpclient.netty.channel.DefaultChannelPool - Entry count for : http://localhost:51129 : 1
10:17:33.270 [AsyncHttpClient-1-1] DEBUG org.asynchttpclient.netty.channel.DefaultChannelPool - Entry count for : http://localhost:20497 : 1
10:17:33.804 [AsyncHttpClient-1-5] DEBUG org.asynchttpclient.netty.handler.HttpHandler - 

Request DefaultHttpRequest(decodeResult: success, version: HTTP/1.1)
POST /session/192f12f56b948054fd98ab843f08e84a/element HTTP/1.1
User-Agent: selenium/4.8.2 (java windows)
Content-Length: 167
Content-Type: application/json; charset=utf-8
host: localhost:17040
accept: */*

Response DefaultHttpResponse(decodeResult: success, version: HTTP/1.1)
HTTP/1.1 200 OK
Content-Length: 95
Content-Type: application/json; charset=utf-8
cache-control: no-cache

10:17:33.804 [AsyncHttpClient-1-5] DEBUG org.asynchttpclient.netty.channel.ChannelManager - Adding key: http://localhost:17040 for channel [id: 0xe6b36c6b, L:/127.0.0.1:51128 - R:localhost/127.0.0.1:17040]
10:17:33.812 [Forwarding isElementDisplayed on session 192f12f56b948054fd98ab843f08e84a to remote] DEBUG org.asynchttpclient.netty.request.NettyRequestSender - Using pooled Channel '[id: 0xe6b36c6b, L:/127.0.0.1:51128 - R:localhost/127.0.0.1:17040]' for 'POST' to 'http://localhost:17040/session/192f12f56b948054fd98ab843f08e84a/execute/sync'
10:17:33.812 [Forwarding isElementDisplayed on session 192f12f56b948054fd98ab843f08e84a to remote] DEBUG org.asynchttpclient.netty.request.NettyRequestSender - Using open Channel [id: 0xe6b36c6b, L:/127.0.0.1:51128 - R:localhost/127.0.0.1:17040] for POST '/session/192f12f56b948054fd98ab843f08e84a/execute/sync'
10:17:33.829 [AsyncHttpClient-1-5] DEBUG org.asynchttpclient.netty.handler.HttpHandler - 

Request DefaultHttpRequest(decodeResult: success, version: HTTP/1.1)
POST /session/192f12f56b948054fd98ab843f08e84a/execute/sync HTTP/1.1
User-Agent: selenium/4.8.2 (java windows)
Content-Length: 48814
Content-Type: application/json; charset=utf-8
host: localhost:17040
accept: */*

Response DefaultHttpResponse(decodeResult: success, version: HTTP/1.1)
HTTP/1.1 200 OK
Content-Length: 14
Content-Type: application/json; charset=utf-8
cache-control: no-cache

10:17:33.829 [AsyncHttpClient-1-5] DEBUG org.asynchttpclient.netty.channel.ChannelManager - Adding key: http://localhost:17040 for channel [id: 0xe6b36c6b, L:/127.0.0.1:51128 - R:localhost/127.0.0.1:17040]
10:17:33.830 [Forwarding getCurrentUrl on session 192f12f56b948054fd98ab843f08e84a to remote] DEBUG org.asynchttpclient.netty.request.NettyRequestSender - Using pooled Channel '[id: 0xe6b36c6b, L:/127.0.0.1:51128 - R:localhost/127.0.0.1:17040]' for 'GET' to 'http://localhost:17040/session/192f12f56b948054fd98ab843f08e84a/url'
10:17:33.831 [Forwarding getCurrentUrl on session 192f12f56b948054fd98ab843f08e84a to remote] DEBUG org.asynchttpclient.netty.request.NettyRequestSender - Using open Channel [id: 0xe6b36c6b, L:/127.0.0.1:51128 - R:localhost/127.0.0.1:17040] for GET '/session/192f12f56b948054fd98ab843f08e84a/url'
10:17:33.839 [AsyncHttpClient-1-5] DEBUG org.asynchttpclient.netty.handler.HttpHandler - 

Request DefaultFullHttpRequest(decodeResult: success, version: HTTP/1.1, content: EmptyByteBufBE)
GET /session/192f12f56b948054fd98ab843f08e84a/url HTTP/1.1
User-Agent: selenium/4.8.2 (java windows)
Cache-Control: no-cache
Content-Type: application/json; charset=utf-8
host: localhost:17040
accept: */*

Response DefaultHttpResponse(decodeResult: success, version: HTTP/1.1)
HTTP/1.1 200 OK
Content-Length: 49
Content-Type: application/json; charset=utf-8
cache-control: no-cache

10:17:33.839 [AsyncHttpClient-1-5] DEBUG org.asynchttpclient.netty.channel.ChannelManager - Adding key: http://localhost:17040 for channel [id: 0xe6b36c6b, L:/127.0.0.1:51128 - R:localhost/127.0.0.1:17040]
10:17:34.170 [Forwarding findElement on session 192f12f56b948054fd98ab843f08e84a to remote] DEBUG org.asynchttpclient.netty.request.NettyRequestSender - Using pooled Channel '[id: 0xe6b36c6b, L:/127.0.0.1:51128 - R:localhost/127.0.0.1:17040]' for 'POST' to 'http://localhost:17040/session/192f12f56b948054fd98ab843f08e84a/element'
10:17:34.170 [Forwarding findElement on session 192f12f56b948054fd98ab843f08e84a to remote] DEBUG org.asynchttpclient.netty.request.NettyRequestSender - Using open Channel [id: 0xe6b36c6b, L:/127.0.0.1:51128 - R:localhost/127.0.0.1:17040] for POST '/session/192f12f56b948054fd98ab843f08e84a/element'
10:17:34.185 [AsyncHttpClient-1-5] DEBUG org.asynchttpclient.netty.handler.HttpHandler - 

Request DefaultHttpRequest(decodeResult: success, version: HTTP/1.1)
POST /session/192f12f56b948054fd98ab843f08e84a/element HTTP/1.1
User-Agent: selenium/4.8.2 (java windows)
Content-Length: 131
Content-Type: application/json; charset=utf-8
host: localhost:17040
accept: */*

Response DefaultHttpResponse(decodeResult: success, version: HTTP/1.1)
HTTP/1.1 200 OK
Content-Length: 95
Content-Type: application/json; charset=utf-8
cache-control: no-cache

10:17:34.185 [AsyncHttpClient-1-5] DEBUG org.asynchttpclient.netty.channel.ChannelManager - Adding key: http://localhost:17040 for channel [id: 0xe6b36c6b, L:/127.0.0.1:51128 - R:localhost/127.0.0.1:17040]
10:17:34.185 [Forwarding clickElement on session 192f12f56b948054fd98ab843f08e84a to remote] DEBUG org.asynchttpclient.netty.request.NettyRequestSender - Using pooled Channel '[id: 0xe6b36c6b, L:/127.0.0.1:51128 - R:localhost/127.0.0.1:17040]' for 'POST' to 'http://localhost:17040/session/192f12f56b948054fd98ab843f08e84a/element/642BFE7A5676529D6BB2F66C027D570A_element_50/click'
10:17:34.185 [Forwarding clickElement on session 192f12f56b948054fd98ab843f08e84a to remote] DEBUG org.asynchttpclient.netty.request.NettyRequestSender - Using open Channel [id: 0xe6b36c6b, L:/127.0.0.1:51128 - R:localhost/127.0.0.1:17040] for POST '/session/192f12f56b948054fd98ab843f08e84a/element/642BFE7A5676529D6BB2F66C027D570A_element_50/click'
10:17:34.284 [AsyncHttpClient-1-5] DEBUG org.asynchttpclient.netty.handler.HttpHandler - 

Request DefaultHttpRequest(decodeResult: success, version: HTTP/1.1)
POST /session/192f12f56b948054fd98ab843f08e84a/element/642BFE7A5676529D6BB2F66C027D570A_element_50/click HTTP/1.1
User-Agent: selenium/4.8.2 (java windows)
Content-Length: 57
Content-Type: application/json; charset=utf-8
host: localhost:17040
accept: */*

Response DefaultHttpResponse(decodeResult: success, version: HTTP/1.1)
HTTP/1.1 200 OK
Content-Length: 14
Content-Type: application/json; charset=utf-8
cache-control: no-cache

10:17:34.284 [AsyncHttpClient-1-5] DEBUG org.asynchttpclient.netty.channel.ChannelManager - Adding key: http://localhost:17040 for channel [id: 0xe6b36c6b, L:/127.0.0.1:51128 - R:localhost/127.0.0.1:17040]
10:17:34.286 [Forwarding findElement on session 192f12f56b948054fd98ab843f08e84a to remote] DEBUG org.asynchttpclient.netty.request.NettyRequestSender - Using pooled Channel '[id: 0xe6b36c6b, L:/127.0.0.1:51128 - R:localhost/127.0.0.1:17040]' for 'POST' to 'http://localhost:17040/session/192f12f56b948054fd98ab843f08e84a/element'
10:17:34.286 [Forwarding findElement on session 192f12f56b948054fd98ab843f08e84a to remote] DEBUG org.asynchttpclient.netty.request.NettyRequestSender - Using open Channel [id: 0xe6b36c6b, L:/127.0.0.1:51128 - R:localhost/127.0.0.1:17040] for POST '/session/192f12f56b948054fd98ab843f08e84a/element'
10:17:34.301 [AsyncHttpClient-1-5] DEBUG org.asynchttpclient.netty.handler.HttpHandler - 

Request DefaultHttpRequest(decodeResult: success, version: HTTP/1.1)
POST /session/192f12f56b948054fd98ab843f08e84a/element HTTP/1.1
User-Agent: selenium/4.8.2 (java windows)
Content-Length: 136
Content-Type: application/json; charset=utf-8
host: localhost:17040
accept: */*

Response DefaultHttpResponse(decodeResult: success, version: HTTP/1.1)
HTTP/1.1 200 OK
Content-Length: 95
Content-Type: application/json; charset=utf-8
cache-control: no-cache

10:17:34.301 [AsyncHttpClient-1-5] DEBUG org.asynchttpclient.netty.channel.ChannelManager - Adding key: http://localhost:17040 for channel [id: 0xe6b36c6b, L:/127.0.0.1:51128 - R:localhost/127.0.0.1:17040]
10:17:34.307 [Forwarding isElementDisplayed on session 192f12f56b948054fd98ab843f08e84a to remote] DEBUG org.asynchttpclient.netty.request.NettyRequestSender - Using pooled Channel '[id: 0xe6b36c6b, L:/127.0.0.1:51128 - R:localhost/127.0.0.1:17040]' for 'POST' to 'http://localhost:17040/session/192f12f56b948054fd98ab843f08e84a/execute/sync'
10:17:34.307 [Forwarding isElementDisplayed on session 192f12f56b948054fd98ab843f08e84a to remote] DEBUG org.asynchttpclient.netty.request.NettyRequestSender - Using open Channel [id: 0xe6b36c6b, L:/127.0.0.1:51128 - R:localhost/127.0.0.1:17040] for POST '/session/192f12f56b948054fd98ab843f08e84a/execute/sync'
10:17:34.320 [AsyncHttpClient-1-5] DEBUG org.asynchttpclient.netty.handler.HttpHandler - 

Request DefaultHttpRequest(decodeResult: success, version: HTTP/1.1)
POST /session/192f12f56b948054fd98ab843f08e84a/execute/sync HTTP/1.1
User-Agent: selenium/4.8.2 (java windows)
Content-Length: 48814
Content-Type: application/json; charset=utf-8
host: localhost:17040
accept: */*

Response DefaultHttpResponse(decodeResult: success, version: HTTP/1.1)
HTTP/1.1 200 OK
Content-Length: 15
Content-Type: application/json; charset=utf-8
cache-control: no-cache

10:17:34.320 [AsyncHttpClient-1-5] DEBUG org.asynchttpclient.netty.channel.ChannelManager - Adding key: http://localhost:17040 for channel [id: 0xe6b36c6b, L:/127.0.0.1:51128 - R:localhost/127.0.0.1:17040]
10:17:34.367 [AsyncHttpClient-1-1] DEBUG org.asynchttpclient.netty.channel.DefaultChannelPool - Entry count for : http://localhost:51129 : 1
10:17:34.367 [AsyncHttpClient-1-1] DEBUG org.asynchttpclient.netty.channel.DefaultChannelPool - Entry count for : http://localhost:17040 : 1
10:17:34.367 [AsyncHttpClient-1-1] DEBUG org.asynchttpclient.netty.channel.DefaultChannelPool - Entry count for : http://localhost:20497 : 1
10:17:34.825 [Forwarding findElement on session 192f12f56b948054fd98ab843f08e84a to remote] DEBUG org.asynchttpclient.netty.request.NettyRequestSender - Using pooled Channel '[id: 0xe6b36c6b, L:/127.0.0.1:51128 - R:localhost/127.0.0.1:17040]' for 'POST' to 'http://localhost:17040/session/192f12f56b948054fd98ab843f08e84a/element'
10:17:34.825 [Forwarding findElement on session 192f12f56b948054fd98ab843f08e84a to remote] DEBUG org.asynchttpclient.netty.request.NettyRequestSender - Using open Channel [id: 0xe6b36c6b, L:/127.0.0.1:51128 - R:localhost/127.0.0.1:17040] for POST '/session/192f12f56b948054fd98ab843f08e84a/element'
10:17:34.835 [AsyncHttpClient-1-5] DEBUG org.asynchttpclient.netty.handler.HttpHandler - 

Request DefaultHttpRequest(decodeResult: success, version: HTTP/1.1)
POST /session/192f12f56b948054fd98ab843f08e84a/element HTTP/1.1
User-Agent: selenium/4.8.2 (java windows)
Content-Length: 136
Content-Type: application/json; charset=utf-8
host: localhost:17040
accept: */*

Response DefaultHttpResponse(decodeResult: success, version: HTTP/1.1)
HTTP/1.1 200 OK
Content-Length: 95
Content-Type: application/json; charset=utf-8
cache-control: no-cache

10:17:34.835 [AsyncHttpClient-1-5] DEBUG org.asynchttpclient.netty.channel.ChannelManager - Adding key: http://localhost:17040 for channel [id: 0xe6b36c6b, L:/127.0.0.1:51128 - R:localhost/127.0.0.1:17040]
10:17:34.839 [Forwarding isElementDisplayed on session 192f12f56b948054fd98ab843f08e84a to remote] DEBUG org.asynchttpclient.netty.request.NettyRequestSender - Using pooled Channel '[id: 0xe6b36c6b, L:/127.0.0.1:51128 - R:localhost/127.0.0.1:17040]' for 'POST' to 'http://localhost:17040/session/192f12f56b948054fd98ab843f08e84a/execute/sync'
10:17:34.839 [Forwarding isElementDisplayed on session 192f12f56b948054fd98ab843f08e84a to remote] DEBUG org.asynchttpclient.netty.request.NettyRequestSender - Using open Channel [id: 0xe6b36c6b, L:/127.0.0.1:51128 - R:localhost/127.0.0.1:17040] for POST '/session/192f12f56b948054fd98ab843f08e84a/execute/sync'
10:17:34.853 [AsyncHttpClient-1-5] DEBUG org.asynchttpclient.netty.handler.HttpHandler - 

Request DefaultHttpRequest(decodeResult: success, version: HTTP/1.1)
POST /session/192f12f56b948054fd98ab843f08e84a/execute/sync HTTP/1.1
User-Agent: selenium/4.8.2 (java windows)
Content-Length: 48814
Content-Type: application/json; charset=utf-8
host: localhost:17040
accept: */*

Response DefaultHttpResponse(decodeResult: success, version: HTTP/1.1)
HTTP/1.1 200 OK
Content-Length: 15
Content-Type: application/json; charset=utf-8
cache-control: no-cache

10:17:34.854 [AsyncHttpClient-1-5] DEBUG org.asynchttpclient.netty.channel.ChannelManager - Adding key: http://localhost:17040 for channel [id: 0xe6b36c6b, L:/127.0.0.1:51128 - R:localhost/127.0.0.1:17040]
10:17:35.361 [Forwarding findElement on session 192f12f56b948054fd98ab843f08e84a to remote] DEBUG org.asynchttpclient.netty.request.NettyRequestSender - Using pooled Channel '[id: 0xe6b36c6b, L:/127.0.0.1:51128 - R:localhost/127.0.0.1:17040]' for 'POST' to 'http://localhost:17040/session/192f12f56b948054fd98ab843f08e84a/element'
10:17:35.362 [Forwarding findElement on session 192f12f56b948054fd98ab843f08e84a to remote] DEBUG org.asynchttpclient.netty.request.NettyRequestSender - Using open Channel [id: 0xe6b36c6b, L:/127.0.0.1:51128 - R:localhost/127.0.0.1:17040] for POST '/session/192f12f56b948054fd98ab843f08e84a/element'
10:17:35.372 [AsyncHttpClient-1-5] DEBUG org.asynchttpclient.netty.handler.HttpHandler - 

Request DefaultHttpRequest(decodeResult: success, version: HTTP/1.1)
POST /session/192f12f56b948054fd98ab843f08e84a/element HTTP/1.1
User-Agent: selenium/4.8.2 (java windows)
Content-Length: 136
Content-Type: application/json; charset=utf-8
host: localhost:17040
accept: */*

Response DefaultHttpResponse(decodeResult: success, version: HTTP/1.1)
HTTP/1.1 200 OK
Content-Length: 95
Content-Type: application/json; charset=utf-8
cache-control: no-cache

10:17:35.373 [AsyncHttpClient-1-5] DEBUG org.asynchttpclient.netty.channel.ChannelManager - Adding key: http://localhost:17040 for channel [id: 0xe6b36c6b, L:/127.0.0.1:51128 - R:localhost/127.0.0.1:17040]
10:17:35.377 [Forwarding isElementDisplayed on session 192f12f56b948054fd98ab843f08e84a to remote] DEBUG org.asynchttpclient.netty.request.NettyRequestSender - Using pooled Channel '[id: 0xe6b36c6b, L:/127.0.0.1:51128 - R:localhost/127.0.0.1:17040]' for 'POST' to 'http://localhost:17040/session/192f12f56b948054fd98ab843f08e84a/execute/sync'
10:17:35.377 [Forwarding isElementDisplayed on session 192f12f56b948054fd98ab843f08e84a to remote] DEBUG org.asynchttpclient.netty.request.NettyRequestSender - Using open Channel [id: 0xe6b36c6b, L:/127.0.0.1:51128 - R:localhost/127.0.0.1:17040] for POST '/session/192f12f56b948054fd98ab843f08e84a/execute/sync'
10:17:35.391 [AsyncHttpClient-1-5] DEBUG org.asynchttpclient.netty.handler.HttpHandler - 

Request DefaultHttpRequest(decodeResult: success, version: HTTP/1.1)
POST /session/192f12f56b948054fd98ab843f08e84a/execute/sync HTTP/1.1
User-Agent: selenium/4.8.2 (java windows)
Content-Length: 48814
Content-Type: application/json; charset=utf-8
host: localhost:17040
accept: */*

Response DefaultHttpResponse(decodeResult: success, version: HTTP/1.1)
HTTP/1.1 200 OK
Content-Length: 15
Content-Type: application/json; charset=utf-8
cache-control: no-cache

10:17:35.391 [AsyncHttpClient-1-5] DEBUG org.asynchttpclient.netty.channel.ChannelManager - Adding key: http://localhost:17040 for channel [id: 0xe6b36c6b, L:/127.0.0.1:51128 - R:localhost/127.0.0.1:17040]
10:17:35.480 [AsyncHttpClient-1-1] DEBUG org.asynchttpclient.netty.channel.DefaultChannelPool - Entry count for : http://localhost:51129 : 1
10:17:35.480 [AsyncHttpClient-1-1] DEBUG org.asynchttpclient.netty.channel.DefaultChannelPool - Entry count for : http://localhost:17040 : 1
10:17:35.480 [AsyncHttpClient-1-1] DEBUG org.asynchttpclient.netty.channel.DefaultChannelPool - Entry count for : http://localhost:20497 : 1
10:17:35.894 [Forwarding findElement on session 192f12f56b948054fd98ab843f08e84a to remote] DEBUG org.asynchttpclient.netty.request.NettyRequestSender - Using pooled Channel '[id: 0xe6b36c6b, L:/127.0.0.1:51128 - R:localhost/127.0.0.1:17040]' for 'POST' to 'http://localhost:17040/session/192f12f56b948054fd98ab843f08e84a/element'
10:17:35.895 [Forwarding findElement on session 192f12f56b948054fd98ab843f08e84a to remote] DEBUG org.asynchttpclient.netty.request.NettyRequestSender - Using open Channel [id: 0xe6b36c6b, L:/127.0.0.1:51128 - R:localhost/127.0.0.1:17040] for POST '/session/192f12f56b948054fd98ab843f08e84a/element'
10:17:35.907 [AsyncHttpClient-1-5] DEBUG org.asynchttpclient.netty.handler.HttpHandler - 

Request DefaultHttpRequest(decodeResult: success, version: HTTP/1.1)
POST /session/192f12f56b948054fd98ab843f08e84a/element HTTP/1.1
User-Agent: selenium/4.8.2 (java windows)
Content-Length: 136
Content-Type: application/json; charset=utf-8
host: localhost:17040
accept: */*

Response DefaultHttpResponse(decodeResult: success, version: HTTP/1.1)
HTTP/1.1 200 OK
Content-Length: 95
Content-Type: application/json; charset=utf-8
cache-control: no-cache

10:17:35.907 [AsyncHttpClient-1-5] DEBUG org.asynchttpclient.netty.channel.ChannelManager - Adding key: http://localhost:17040 for channel [id: 0xe6b36c6b, L:/127.0.0.1:51128 - R:localhost/127.0.0.1:17040]
10:17:35.910 [Forwarding isElementDisplayed on session 192f12f56b948054fd98ab843f08e84a to remote] DEBUG org.asynchttpclient.netty.request.NettyRequestSender - Using pooled Channel '[id: 0xe6b36c6b, L:/127.0.0.1:51128 - R:localhost/127.0.0.1:17040]' for 'POST' to 'http://localhost:17040/session/192f12f56b948054fd98ab843f08e84a/execute/sync'
10:17:35.910 [Forwarding isElementDisplayed on session 192f12f56b948054fd98ab843f08e84a to remote] DEBUG org.asynchttpclient.netty.request.NettyRequestSender - Using open Channel [id: 0xe6b36c6b, L:/127.0.0.1:51128 - R:localhost/127.0.0.1:17040] for POST '/session/192f12f56b948054fd98ab843f08e84a/execute/sync'
10:17:35.923 [AsyncHttpClient-1-5] DEBUG org.asynchttpclient.netty.handler.HttpHandler - 

Request DefaultHttpRequest(decodeResult: success, version: HTTP/1.1)
POST /session/192f12f56b948054fd98ab843f08e84a/execute/sync HTTP/1.1
User-Agent: selenium/4.8.2 (java windows)
Content-Length: 48814
Content-Type: application/json; charset=utf-8
host: localhost:17040
accept: */*

Response DefaultHttpResponse(decodeResult: success, version: HTTP/1.1)
HTTP/1.1 200 OK
Content-Length: 15
Content-Type: application/json; charset=utf-8
cache-control: no-cache

10:17:35.923 [AsyncHttpClient-1-5] DEBUG org.asynchttpclient.netty.channel.ChannelManager - Adding key: http://localhost:17040 for channel [id: 0xe6b36c6b, L:/127.0.0.1:51128 - R:localhost/127.0.0.1:17040]
10:17:36.439 [Forwarding findElement on session 192f12f56b948054fd98ab843f08e84a to remote] DEBUG org.asynchttpclient.netty.request.NettyRequestSender - Using pooled Channel '[id: 0xe6b36c6b, L:/127.0.0.1:51128 - R:localhost/127.0.0.1:17040]' for 'POST' to 'http://localhost:17040/session/192f12f56b948054fd98ab843f08e84a/element'
10:17:36.439 [Forwarding findElement on session 192f12f56b948054fd98ab843f08e84a to remote] DEBUG org.asynchttpclient.netty.request.NettyRequestSender - Using open Channel [id: 0xe6b36c6b, L:/127.0.0.1:51128 - R:localhost/127.0.0.1:17040] for POST '/session/192f12f56b948054fd98ab843f08e84a/element'
10:17:36.449 [AsyncHttpClient-1-5] DEBUG org.asynchttpclient.netty.handler.HttpHandler - 

Request DefaultHttpRequest(decodeResult: success, version: HTTP/1.1)
POST /session/192f12f56b948054fd98ab843f08e84a/element HTTP/1.1
User-Agent: selenium/4.8.2 (java windows)
Content-Length: 136
Content-Type: application/json; charset=utf-8
host: localhost:17040
accept: */*

Response DefaultHttpResponse(decodeResult: success, version: HTTP/1.1)
HTTP/1.1 200 OK
Content-Length: 95
Content-Type: application/json; charset=utf-8
cache-control: no-cache

10:17:36.449 [AsyncHttpClient-1-5] DEBUG org.asynchttpclient.netty.channel.ChannelManager - Adding key: http://localhost:17040 for channel [id: 0xe6b36c6b, L:/127.0.0.1:51128 - R:localhost/127.0.0.1:17040]
10:17:36.454 [Forwarding isElementDisplayed on session 192f12f56b948054fd98ab843f08e84a to remote] DEBUG org.asynchttpclient.netty.request.NettyRequestSender - Using pooled Channel '[id: 0xe6b36c6b, L:/127.0.0.1:51128 - R:localhost/127.0.0.1:17040]' for 'POST' to 'http://localhost:17040/session/192f12f56b948054fd98ab843f08e84a/execute/sync'
10:17:36.454 [Forwarding isElementDisplayed on session 192f12f56b948054fd98ab843f08e84a to remote] DEBUG org.asynchttpclient.netty.request.NettyRequestSender - Using open Channel [id: 0xe6b36c6b, L:/127.0.0.1:51128 - R:localhost/127.0.0.1:17040] for POST '/session/192f12f56b948054fd98ab843f08e84a/execute/sync'
10:17:36.467 [AsyncHttpClient-1-5] DEBUG org.asynchttpclient.netty.handler.HttpHandler - 

Request DefaultHttpRequest(decodeResult: success, version: HTTP/1.1)
POST /session/192f12f56b948054fd98ab843f08e84a/execute/sync HTTP/1.1
User-Agent: selenium/4.8.2 (java windows)
Content-Length: 48814
Content-Type: application/json; charset=utf-8
host: localhost:17040
accept: */*

Response DefaultHttpResponse(decodeResult: success, version: HTTP/1.1)
HTTP/1.1 200 OK
Content-Length: 15
Content-Type: application/json; charset=utf-8
cache-control: no-cache

10:17:36.467 [AsyncHttpClient-1-5] DEBUG org.asynchttpclient.netty.channel.ChannelManager - Adding key: http://localhost:17040 for channel [id: 0xe6b36c6b, L:/127.0.0.1:51128 - R:localhost/127.0.0.1:17040]
10:17:36.566 [AsyncHttpClient-1-1] DEBUG org.asynchttpclient.netty.channel.DefaultChannelPool - Entry count for : http://localhost:51129 : 1
10:17:36.566 [AsyncHttpClient-1-1] DEBUG org.asynchttpclient.netty.channel.DefaultChannelPool - Entry count for : http://localhost:17040 : 1
10:17:36.566 [AsyncHttpClient-1-1] DEBUG org.asynchttpclient.netty.channel.DefaultChannelPool - Entry count for : http://localhost:20497 : 1
10:17:36.973 [Forwarding findElement on session 192f12f56b948054fd98ab843f08e84a to remote] DEBUG org.asynchttpclient.netty.request.NettyRequestSender - Using pooled Channel '[id: 0xe6b36c6b, L:/127.0.0.1:51128 - R:localhost/127.0.0.1:17040]' for 'POST' to 'http://localhost:17040/session/192f12f56b948054fd98ab843f08e84a/element'
10:17:36.973 [Forwarding findElement on session 192f12f56b948054fd98ab843f08e84a to remote] DEBUG org.asynchttpclient.netty.request.NettyRequestSender - Using open Channel [id: 0xe6b36c6b, L:/127.0.0.1:51128 - R:localhost/127.0.0.1:17040] for POST '/session/192f12f56b948054fd98ab843f08e84a/element'
10:17:36.985 [AsyncHttpClient-1-5] DEBUG org.asynchttpclient.netty.handler.HttpHandler - 

Request DefaultHttpRequest(decodeResult: success, version: HTTP/1.1)
POST /session/192f12f56b948054fd98ab843f08e84a/element HTTP/1.1
User-Agent: selenium/4.8.2 (java windows)
Content-Length: 136
Content-Type: application/json; charset=utf-8
host: localhost:17040
accept: */*

Response DefaultHttpResponse(decodeResult: success, version: HTTP/1.1)
HTTP/1.1 200 OK
Content-Length: 95
Content-Type: application/json; charset=utf-8
cache-control: no-cache

10:17:36.985 [AsyncHttpClient-1-5] DEBUG org.asynchttpclient.netty.channel.ChannelManager - Adding key: http://localhost:17040 for channel [id: 0xe6b36c6b, L:/127.0.0.1:51128 - R:localhost/127.0.0.1:17040]
10:17:36.990 [Forwarding isElementDisplayed on session 192f12f56b948054fd98ab843f08e84a to remote] DEBUG org.asynchttpclient.netty.request.NettyRequestSender - Using pooled Channel '[id: 0xe6b36c6b, L:/127.0.0.1:51128 - R:localhost/127.0.0.1:17040]' for 'POST' to 'http://localhost:17040/session/192f12f56b948054fd98ab843f08e84a/execute/sync'
10:17:36.990 [Forwarding isElementDisplayed on session 192f12f56b948054fd98ab843f08e84a to remote] DEBUG org.asynchttpclient.netty.request.NettyRequestSender - Using open Channel [id: 0xe6b36c6b, L:/127.0.0.1:51128 - R:localhost/127.0.0.1:17040] for POST '/session/192f12f56b948054fd98ab843f08e84a/execute/sync'
10:17:37.003 [AsyncHttpClient-1-5] DEBUG org.asynchttpclient.netty.handler.HttpHandler - 

Request DefaultHttpRequest(decodeResult: success, version: HTTP/1.1)
POST /session/192f12f56b948054fd98ab843f08e84a/execute/sync HTTP/1.1
User-Agent: selenium/4.8.2 (java windows)
Content-Length: 48814
Content-Type: application/json; charset=utf-8
host: localhost:17040
accept: */*

Response DefaultHttpResponse(decodeResult: success, version: HTTP/1.1)
HTTP/1.1 200 OK
Content-Length: 15
Content-Type: application/json; charset=utf-8
cache-control: no-cache

10:17:37.004 [AsyncHttpClient-1-5] DEBUG org.asynchttpclient.netty.channel.ChannelManager - Adding key: http://localhost:17040 for channel [id: 0xe6b36c6b, L:/127.0.0.1:51128 - R:localhost/127.0.0.1:17040]
10:17:37.515 [Forwarding findElement on session 192f12f56b948054fd98ab843f08e84a to remote] DEBUG org.asynchttpclient.netty.request.NettyRequestSender - Using pooled Channel '[id: 0xe6b36c6b, L:/127.0.0.1:51128 - R:localhost/127.0.0.1:17040]' for 'POST' to 'http://localhost:17040/session/192f12f56b948054fd98ab843f08e84a/element'
10:17:37.515 [Forwarding findElement on session 192f12f56b948054fd98ab843f08e84a to remote] DEBUG org.asynchttpclient.netty.request.NettyRequestSender - Using open Channel [id: 0xe6b36c6b, L:/127.0.0.1:51128 - R:localhost/127.0.0.1:17040] for POST '/session/192f12f56b948054fd98ab843f08e84a/element'
10:17:37.526 [AsyncHttpClient-1-5] DEBUG org.asynchttpclient.netty.handler.HttpHandler - 

Request DefaultHttpRequest(decodeResult: success, version: HTTP/1.1)
POST /session/192f12f56b948054fd98ab843f08e84a/element HTTP/1.1
User-Agent: selenium/4.8.2 (java windows)
Content-Length: 136
Content-Type: application/json; charset=utf-8
host: localhost:17040
accept: */*

Response DefaultHttpResponse(decodeResult: success, version: HTTP/1.1)
HTTP/1.1 200 OK
Content-Length: 95
Content-Type: application/json; charset=utf-8
cache-control: no-cache

10:17:37.526 [AsyncHttpClient-1-5] DEBUG org.asynchttpclient.netty.channel.ChannelManager - Adding key: http://localhost:17040 for channel [id: 0xe6b36c6b, L:/127.0.0.1:51128 - R:localhost/127.0.0.1:17040]
10:17:37.530 [Forwarding isElementDisplayed on session 192f12f56b948054fd98ab843f08e84a to remote] DEBUG org.asynchttpclient.netty.request.NettyRequestSender - Using pooled Channel '[id: 0xe6b36c6b, L:/127.0.0.1:51128 - R:localhost/127.0.0.1:17040]' for 'POST' to 'http://localhost:17040/session/192f12f56b948054fd98ab843f08e84a/execute/sync'
10:17:37.530 [Forwarding isElementDisplayed on session 192f12f56b948054fd98ab843f08e84a to remote] DEBUG org.asynchttpclient.netty.request.NettyRequestSender - Using open Channel [id: 0xe6b36c6b, L:/127.0.0.1:51128 - R:localhost/127.0.0.1:17040] for POST '/session/192f12f56b948054fd98ab843f08e84a/execute/sync'
10:17:37.533 [AsyncHttpClient-1-5] DEBUG org.asynchttpclient.netty.handler.HttpHandler - 

Request DefaultHttpRequest(decodeResult: success, version: HTTP/1.1)
POST /session/192f12f56b948054fd98ab843f08e84a/execute/sync HTTP/1.1
User-Agent: selenium/4.8.2 (java windows)
Content-Length: 48814
Content-Type: application/json; charset=utf-8
host: localhost:17040
accept: */*

Response DefaultHttpResponse(decodeResult: success, version: HTTP/1.1)
HTTP/1.1 200 OK
Content-Length: 14
Content-Type: application/json; charset=utf-8
cache-control: no-cache

10:17:37.533 [AsyncHttpClient-1-5] DEBUG org.asynchttpclient.netty.channel.ChannelManager - Adding key: http://localhost:17040 for channel [id: 0xe6b36c6b, L:/127.0.0.1:51128 - R:localhost/127.0.0.1:17040]
10:17:37.533 [Forwarding getCurrentUrl on session 192f12f56b948054fd98ab843f08e84a to remote] DEBUG org.asynchttpclient.netty.request.NettyRequestSender - Using pooled Channel '[id: 0xe6b36c6b, L:/127.0.0.1:51128 - R:localhost/127.0.0.1:17040]' for 'GET' to 'http://localhost:17040/session/192f12f56b948054fd98ab843f08e84a/url'
10:17:37.533 [Forwarding getCurrentUrl on session 192f12f56b948054fd98ab843f08e84a to remote] DEBUG org.asynchttpclient.netty.request.NettyRequestSender - Using open Channel [id: 0xe6b36c6b, L:/127.0.0.1:51128 - R:localhost/127.0.0.1:17040] for GET '/session/192f12f56b948054fd98ab843f08e84a/url'
10:17:37.596 [AsyncHttpClient-1-5] DEBUG org.asynchttpclient.netty.handler.HttpHandler - 

Request DefaultFullHttpRequest(decodeResult: success, version: HTTP/1.1, content: EmptyByteBufBE)
GET /session/192f12f56b948054fd98ab843f08e84a/url HTTP/1.1
User-Agent: selenium/4.8.2 (java windows)
Cache-Control: no-cache
Content-Type: application/json; charset=utf-8
host: localhost:17040
accept: */*

Response DefaultHttpResponse(decodeResult: success, version: HTTP/1.1)
HTTP/1.1 200 OK
Content-Length: 55
Content-Type: application/json; charset=utf-8
cache-control: no-cache

10:17:37.596 [AsyncHttpClient-1-5] DEBUG org.asynchttpclient.netty.channel.ChannelManager - Adding key: http://localhost:17040 for channel [id: 0xe6b36c6b, L:/127.0.0.1:51128 - R:localhost/127.0.0.1:17040]
10:17:37.675 [AsyncHttpClient-1-1] DEBUG org.asynchttpclient.netty.channel.DefaultChannelPool - Entry count for : http://localhost:51129 : 1
10:17:37.675 [AsyncHttpClient-1-1] DEBUG org.asynchttpclient.netty.channel.DefaultChannelPool - Entry count for : http://localhost:17040 : 1
10:17:37.675 [AsyncHttpClient-1-1] DEBUG org.asynchttpclient.netty.channel.DefaultChannelPool - Entry count for : http://localhost:20497 : 1
10:17:38.147 [Forwarding findElement on session 192f12f56b948054fd98ab843f08e84a to remote] DEBUG org.asynchttpclient.netty.request.NettyRequestSender - Using pooled Channel '[id: 0xe6b36c6b, L:/127.0.0.1:51128 - R:localhost/127.0.0.1:17040]' for 'POST' to 'http://localhost:17040/session/192f12f56b948054fd98ab843f08e84a/element'
10:17:38.147 [Forwarding findElement on session 192f12f56b948054fd98ab843f08e84a to remote] DEBUG org.asynchttpclient.netty.request.NettyRequestSender - Using open Channel [id: 0xe6b36c6b, L:/127.0.0.1:51128 - R:localhost/127.0.0.1:17040] for POST '/session/192f12f56b948054fd98ab843f08e84a/element'
10:17:38.166 [AsyncHttpClient-1-5] DEBUG org.asynchttpclient.netty.handler.HttpHandler - 

Request DefaultHttpRequest(decodeResult: success, version: HTTP/1.1)
POST /session/192f12f56b948054fd98ab843f08e84a/element HTTP/1.1
User-Agent: selenium/4.8.2 (java windows)
Content-Length: 161
Content-Type: application/json; charset=utf-8
host: localhost:17040
accept: */*

Response DefaultHttpResponse(decodeResult: success, version: HTTP/1.1)
HTTP/1.1 200 OK
Content-Length: 95
Content-Type: application/json; charset=utf-8
cache-control: no-cache

10:17:38.166 [AsyncHttpClient-1-5] DEBUG org.asynchttpclient.netty.channel.ChannelManager - Adding key: http://localhost:17040 for channel [id: 0xe6b36c6b, L:/127.0.0.1:51128 - R:localhost/127.0.0.1:17040]
10:17:38.166 [Forwarding clickElement on session 192f12f56b948054fd98ab843f08e84a to remote] DEBUG org.asynchttpclient.netty.request.NettyRequestSender - Using pooled Channel '[id: 0xe6b36c6b, L:/127.0.0.1:51128 - R:localhost/127.0.0.1:17040]' for 'POST' to 'http://localhost:17040/session/192f12f56b948054fd98ab843f08e84a/element/642BFE7A5676529D6BB2F66C027D570A_element_54/click'
10:17:38.166 [Forwarding clickElement on session 192f12f56b948054fd98ab843f08e84a to remote] DEBUG org.asynchttpclient.netty.request.NettyRequestSender - Using open Channel [id: 0xe6b36c6b, L:/127.0.0.1:51128 - R:localhost/127.0.0.1:17040] for POST '/session/192f12f56b948054fd98ab843f08e84a/element/642BFE7A5676529D6BB2F66C027D570A_element_54/click'
10:17:38.262 [AsyncHttpClient-1-5] DEBUG org.asynchttpclient.netty.handler.HttpHandler - 

Request DefaultHttpRequest(decodeResult: success, version: HTTP/1.1)
POST /session/192f12f56b948054fd98ab843f08e84a/element/642BFE7A5676529D6BB2F66C027D570A_element_54/click HTTP/1.1
User-Agent: selenium/4.8.2 (java windows)
Content-Length: 57
Content-Type: application/json; charset=utf-8
host: localhost:17040
accept: */*

Response DefaultHttpResponse(decodeResult: success, version: HTTP/1.1)
HTTP/1.1 200 OK
Content-Length: 14
Content-Type: application/json; charset=utf-8
cache-control: no-cache

10:17:38.262 [AsyncHttpClient-1-5] DEBUG org.asynchttpclient.netty.channel.ChannelManager - Adding key: http://localhost:17040 for channel [id: 0xe6b36c6b, L:/127.0.0.1:51128 - R:localhost/127.0.0.1:17040]
10:17:38.263 [Forwarding findElement on session 192f12f56b948054fd98ab843f08e84a to remote] DEBUG org.asynchttpclient.netty.request.NettyRequestSender - Using pooled Channel '[id: 0xe6b36c6b, L:/127.0.0.1:51128 - R:localhost/127.0.0.1:17040]' for 'POST' to 'http://localhost:17040/session/192f12f56b948054fd98ab843f08e84a/element'
10:17:38.264 [Forwarding findElement on session 192f12f56b948054fd98ab843f08e84a to remote] DEBUG org.asynchttpclient.netty.request.NettyRequestSender - Using open Channel [id: 0xe6b36c6b, L:/127.0.0.1:51128 - R:localhost/127.0.0.1:17040] for POST '/session/192f12f56b948054fd98ab843f08e84a/element'
10:17:38.279 [AsyncHttpClient-1-5] DEBUG org.asynchttpclient.netty.handler.HttpHandler - 

Request DefaultHttpRequest(decodeResult: success, version: HTTP/1.1)
POST /session/192f12f56b948054fd98ab843f08e84a/element HTTP/1.1
User-Agent: selenium/4.8.2 (java windows)
Content-Length: 137
Content-Type: application/json; charset=utf-8
host: localhost:17040
accept: */*

Response DefaultHttpResponse(decodeResult: success, version: HTTP/1.1)
HTTP/1.1 404 Not Found
Content-Length: 1105
Content-Type: application/json; charset=utf-8
cache-control: no-cache

10:17:38.279 [AsyncHttpClient-1-5] DEBUG org.asynchttpclient.netty.channel.ChannelManager - Adding key: http://localhost:17040 for channel [id: 0xe6b36c6b, L:/127.0.0.1:51128 - R:localhost/127.0.0.1:17040]
10:17:38.766 [AsyncHttpClient-1-1] DEBUG org.asynchttpclient.netty.channel.DefaultChannelPool - Entry count for : http://localhost:51129 : 1
10:17:38.766 [AsyncHttpClient-1-1] DEBUG org.asynchttpclient.netty.channel.DefaultChannelPool - Entry count for : http://localhost:17040 : 1
10:17:38.766 [AsyncHttpClient-1-1] DEBUG org.asynchttpclient.netty.channel.DefaultChannelPool - Entry count for : http://localhost:20497 : 1
10:17:38.789 [Forwarding findElement on session 192f12f56b948054fd98ab843f08e84a to remote] DEBUG org.asynchttpclient.netty.request.NettyRequestSender - Using pooled Channel '[id: 0xe6b36c6b, L:/127.0.0.1:51128 - R:localhost/127.0.0.1:17040]' for 'POST' to 'http://localhost:17040/session/192f12f56b948054fd98ab843f08e84a/element'
10:17:38.789 [Forwarding findElement on session 192f12f56b948054fd98ab843f08e84a to remote] DEBUG org.asynchttpclient.netty.request.NettyRequestSender - Using open Channel [id: 0xe6b36c6b, L:/127.0.0.1:51128 - R:localhost/127.0.0.1:17040] for POST '/session/192f12f56b948054fd98ab843f08e84a/element'
10:17:38.800 [AsyncHttpClient-1-5] DEBUG org.asynchttpclient.netty.handler.HttpHandler - 

Request DefaultHttpRequest(decodeResult: success, version: HTTP/1.1)
POST /session/192f12f56b948054fd98ab843f08e84a/element HTTP/1.1
User-Agent: selenium/4.8.2 (java windows)
Content-Length: 137
Content-Type: application/json; charset=utf-8
host: localhost:17040
accept: */*

Response DefaultHttpResponse(decodeResult: success, version: HTTP/1.1)
HTTP/1.1 404 Not Found
Content-Length: 1105
Content-Type: application/json; charset=utf-8
cache-control: no-cache

10:17:38.800 [AsyncHttpClient-1-5] DEBUG org.asynchttpclient.netty.channel.ChannelManager - Adding key: http://localhost:17040 for channel [id: 0xe6b36c6b, L:/127.0.0.1:51128 - R:localhost/127.0.0.1:17040]
10:17:39.314 [Forwarding findElement on session 192f12f56b948054fd98ab843f08e84a to remote] DEBUG org.asynchttpclient.netty.request.NettyRequestSender - Using pooled Channel '[id: 0xe6b36c6b, L:/127.0.0.1:51128 - R:localhost/127.0.0.1:17040]' for 'POST' to 'http://localhost:17040/session/192f12f56b948054fd98ab843f08e84a/element'
10:17:39.314 [Forwarding findElement on session 192f12f56b948054fd98ab843f08e84a to remote] DEBUG org.asynchttpclient.netty.request.NettyRequestSender - Using open Channel [id: 0xe6b36c6b, L:/127.0.0.1:51128 - R:localhost/127.0.0.1:17040] for POST '/session/192f12f56b948054fd98ab843f08e84a/element'
10:17:39.871 [AsyncHttpClient-1-1] DEBUG org.asynchttpclient.netty.channel.DefaultChannelPool - Entry count for : http://localhost:51129 : 1
10:17:39.871 [AsyncHttpClient-1-1] DEBUG org.asynchttpclient.netty.channel.DefaultChannelPool - Entry count for : http://localhost:20497 : 1
10:17:40.966 [AsyncHttpClient-1-1] DEBUG org.asynchttpclient.netty.channel.DefaultChannelPool - Entry count for : http://localhost:51129 : 1
10:17:40.966 [AsyncHttpClient-1-1] DEBUG org.asynchttpclient.netty.channel.DefaultChannelPool - Entry count for : http://localhost:20497 : 1
10:17:42.066 [AsyncHttpClient-1-1] DEBUG org.asynchttpclient.netty.channel.DefaultChannelPool - Entry count for : http://localhost:51129 : 1
10:17:42.066 [AsyncHttpClient-1-1] DEBUG org.asynchttpclient.netty.channel.DefaultChannelPool - Entry count for : http://localhost:20497 : 1
10:17:43.170 [AsyncHttpClient-1-1] DEBUG org.asynchttpclient.netty.channel.DefaultChannelPool - Entry count for : http://localhost:51129 : 1
10:17:43.170 [AsyncHttpClient-1-1] DEBUG org.asynchttpclient.netty.channel.DefaultChannelPool - Entry count for : http://localhost:20497 : 1
10:17:44.267 [AsyncHttpClient-1-1] DEBUG org.asynchttpclient.netty.channel.DefaultChannelPool - Entry count for : http://localhost:51129 : 1
10:17:44.267 [AsyncHttpClient-1-1] DEBUG org.asynchttpclient.netty.channel.DefaultChannelPool - Entry count for : http://localhost:20497 : 1
10:17:45.366 [AsyncHttpClient-1-1] DEBUG org.asynchttpclient.netty.channel.DefaultChannelPool - Entry count for : http://localhost:51129 : 1
10:17:45.366 [AsyncHttpClient-1-1] DEBUG org.asynchttpclient.netty.channel.DefaultChannelPool - Entry count for : http://localhost:20497 : 1
10:17:46.473 [AsyncHttpClient-1-1] DEBUG org.asynchttpclient.netty.channel.DefaultChannelPool - Entry count for : http://localhost:51129 : 1
10:17:46.473 [AsyncHttpClient-1-1] DEBUG org.asynchttpclient.netty.channel.DefaultChannelPool - Entry count for : http://localhost:20497 : 1
10:17:47.209 [AsyncHttpClient-1-5] DEBUG org.asynchttpclient.netty.handler.HttpHandler - 

Request DefaultHttpRequest(decodeResult: success, version: HTTP/1.1)
POST /session/192f12f56b948054fd98ab843f08e84a/element HTTP/1.1
User-Agent: selenium/4.8.2 (java windows)
Content-Length: 137
Content-Type: application/json; charset=utf-8
host: localhost:17040
accept: */*

Response DefaultHttpResponse(decodeResult: success, version: HTTP/1.1)
HTTP/1.1 200 OK
Content-Length: 95
Content-Type: application/json; charset=utf-8
cache-control: no-cache

10:17:47.210 [AsyncHttpClient-1-5] DEBUG org.asynchttpclient.netty.channel.ChannelManager - Adding key: http://localhost:17040 for channel [id: 0xe6b36c6b, L:/127.0.0.1:51128 - R:localhost/127.0.0.1:17040]
10:17:47.214 [Forwarding isElementDisplayed on session 192f12f56b948054fd98ab843f08e84a to remote] DEBUG org.asynchttpclient.netty.request.NettyRequestSender - Using pooled Channel '[id: 0xe6b36c6b, L:/127.0.0.1:51128 - R:localhost/127.0.0.1:17040]' for 'POST' to 'http://localhost:17040/session/192f12f56b948054fd98ab843f08e84a/execute/sync'
10:17:47.214 [Forwarding isElementDisplayed on session 192f12f56b948054fd98ab843f08e84a to remote] DEBUG org.asynchttpclient.netty.request.NettyRequestSender - Using open Channel [id: 0xe6b36c6b, L:/127.0.0.1:51128 - R:localhost/127.0.0.1:17040] for POST '/session/192f12f56b948054fd98ab843f08e84a/execute/sync'
10:17:47.227 [AsyncHttpClient-1-5] DEBUG org.asynchttpclient.netty.handler.HttpHandler - 

Request DefaultHttpRequest(decodeResult: success, version: HTTP/1.1)
POST /session/192f12f56b948054fd98ab843f08e84a/execute/sync HTTP/1.1
User-Agent: selenium/4.8.2 (java windows)
Content-Length: 48814
Content-Type: application/json; charset=utf-8
host: localhost:17040
accept: */*

Response DefaultHttpResponse(decodeResult: success, version: HTTP/1.1)
HTTP/1.1 200 OK
Content-Length: 14
Content-Type: application/json; charset=utf-8
cache-control: no-cache

10:17:47.228 [AsyncHttpClient-1-5] DEBUG org.asynchttpclient.netty.channel.ChannelManager - Adding key: http://localhost:17040 for channel [id: 0xe6b36c6b, L:/127.0.0.1:51128 - R:localhost/127.0.0.1:17040]
10:17:47.228 [Forwarding getCurrentUrl on session 192f12f56b948054fd98ab843f08e84a to remote] DEBUG org.asynchttpclient.netty.request.NettyRequestSender - Using pooled Channel '[id: 0xe6b36c6b, L:/127.0.0.1:51128 - R:localhost/127.0.0.1:17040]' for 'GET' to 'http://localhost:17040/session/192f12f56b948054fd98ab843f08e84a/url'
10:17:47.229 [Forwarding getCurrentUrl on session 192f12f56b948054fd98ab843f08e84a to remote] DEBUG org.asynchttpclient.netty.request.NettyRequestSender - Using open Channel [id: 0xe6b36c6b, L:/127.0.0.1:51128 - R:localhost/127.0.0.1:17040] for GET '/session/192f12f56b948054fd98ab843f08e84a/url'
10:17:47.234 [AsyncHttpClient-1-5] DEBUG org.asynchttpclient.netty.handler.HttpHandler - 

Request DefaultFullHttpRequest(decodeResult: success, version: HTTP/1.1, content: EmptyByteBufBE)
GET /session/192f12f56b948054fd98ab843f08e84a/url HTTP/1.1
User-Agent: selenium/4.8.2 (java windows)
Cache-Control: no-cache
Content-Type: application/json; charset=utf-8
host: localhost:17040
accept: */*

Response DefaultHttpResponse(decodeResult: success, version: HTTP/1.1)
HTTP/1.1 200 OK
Content-Length: 53
Content-Type: application/json; charset=utf-8
cache-control: no-cache

10:17:47.234 [AsyncHttpClient-1-5] DEBUG org.asynchttpclient.netty.channel.ChannelManager - Adding key: http://localhost:17040 for channel [id: 0xe6b36c6b, L:/127.0.0.1:51128 - R:localhost/127.0.0.1:17040]
10:17:47.330 [Forwarding findElement on session 192f12f56b948054fd98ab843f08e84a to remote] DEBUG org.asynchttpclient.netty.request.NettyRequestSender - Using pooled Channel '[id: 0xe6b36c6b, L:/127.0.0.1:51128 - R:localhost/127.0.0.1:17040]' for 'POST' to 'http://localhost:17040/session/192f12f56b948054fd98ab843f08e84a/element'
10:17:47.330 [Forwarding findElement on session 192f12f56b948054fd98ab843f08e84a to remote] DEBUG org.asynchttpclient.netty.request.NettyRequestSender - Using open Channel [id: 0xe6b36c6b, L:/127.0.0.1:51128 - R:localhost/127.0.0.1:17040] for POST '/session/192f12f56b948054fd98ab843f08e84a/element'
10:17:47.365 [AsyncHttpClient-1-5] DEBUG org.asynchttpclient.netty.handler.HttpHandler - 

Request DefaultHttpRequest(decodeResult: success, version: HTTP/1.1)
POST /session/192f12f56b948054fd98ab843f08e84a/element HTTP/1.1
User-Agent: selenium/4.8.2 (java windows)
Content-Length: 128
Content-Type: application/json; charset=utf-8
host: localhost:17040
accept: */*

Response DefaultHttpResponse(decodeResult: success, version: HTTP/1.1)
HTTP/1.1 200 OK
Content-Length: 95
Content-Type: application/json; charset=utf-8
cache-control: no-cache

10:17:47.365 [AsyncHttpClient-1-5] DEBUG org.asynchttpclient.netty.channel.ChannelManager - Adding key: http://localhost:17040 for channel [id: 0xe6b36c6b, L:/127.0.0.1:51128 - R:localhost/127.0.0.1:17040]
10:17:47.366 [Forwarding clickElement on session 192f12f56b948054fd98ab843f08e84a to remote] DEBUG org.asynchttpclient.netty.request.NettyRequestSender - Using pooled Channel '[id: 0xe6b36c6b, L:/127.0.0.1:51128 - R:localhost/127.0.0.1:17040]' for 'POST' to 'http://localhost:17040/session/192f12f56b948054fd98ab843f08e84a/element/642BFE7A5676529D6BB2F66C027D570A_element_74/click'
10:17:47.366 [Forwarding clickElement on session 192f12f56b948054fd98ab843f08e84a to remote] DEBUG org.asynchttpclient.netty.request.NettyRequestSender - Using open Channel [id: 0xe6b36c6b, L:/127.0.0.1:51128 - R:localhost/127.0.0.1:17040] for POST '/session/192f12f56b948054fd98ab843f08e84a/element/642BFE7A5676529D6BB2F66C027D570A_element_74/click'
10:17:47.448 [AsyncHttpClient-1-5] DEBUG org.asynchttpclient.netty.handler.HttpHandler - 

Request DefaultHttpRequest(decodeResult: success, version: HTTP/1.1)
POST /session/192f12f56b948054fd98ab843f08e84a/element/642BFE7A5676529D6BB2F66C027D570A_element_74/click HTTP/1.1
User-Agent: selenium/4.8.2 (java windows)
Content-Length: 57
Content-Type: application/json; charset=utf-8
host: localhost:17040
accept: */*

Response DefaultHttpResponse(decodeResult: success, version: HTTP/1.1)
HTTP/1.1 200 OK
Content-Length: 14
Content-Type: application/json; charset=utf-8
cache-control: no-cache

10:17:47.448 [AsyncHttpClient-1-5] DEBUG org.asynchttpclient.netty.channel.ChannelManager - Adding key: http://localhost:17040 for channel [id: 0xe6b36c6b, L:/127.0.0.1:51128 - R:localhost/127.0.0.1:17040]
10:17:47.450 [Forwarding findElement on session 192f12f56b948054fd98ab843f08e84a to remote] DEBUG org.asynchttpclient.netty.request.NettyRequestSender - Using pooled Channel '[id: 0xe6b36c6b, L:/127.0.0.1:51128 - R:localhost/127.0.0.1:17040]' for 'POST' to 'http://localhost:17040/session/192f12f56b948054fd98ab843f08e84a/element'
10:17:47.451 [Forwarding findElement on session 192f12f56b948054fd98ab843f08e84a to remote] DEBUG org.asynchttpclient.netty.request.NettyRequestSender - Using open Channel [id: 0xe6b36c6b, L:/127.0.0.1:51128 - R:localhost/127.0.0.1:17040] for POST '/session/192f12f56b948054fd98ab843f08e84a/element'
10:17:47.466 [AsyncHttpClient-1-5] DEBUG org.asynchttpclient.netty.handler.HttpHandler - 

Request DefaultHttpRequest(decodeResult: success, version: HTTP/1.1)
POST /session/192f12f56b948054fd98ab843f08e84a/element HTTP/1.1
User-Agent: selenium/4.8.2 (java windows)
Content-Length: 153
Content-Type: application/json; charset=utf-8
host: localhost:17040
accept: */*

Response DefaultHttpResponse(decodeResult: success, version: HTTP/1.1)
HTTP/1.1 404 Not Found
Content-Length: 1116
Content-Type: application/json; charset=utf-8
cache-control: no-cache

10:17:47.467 [AsyncHttpClient-1-5] DEBUG org.asynchttpclient.netty.channel.ChannelManager - Adding key: http://localhost:17040 for channel [id: 0xe6b36c6b, L:/127.0.0.1:51128 - R:localhost/127.0.0.1:17040]
10:17:47.569 [AsyncHttpClient-1-1] DEBUG org.asynchttpclient.netty.channel.DefaultChannelPool - Entry count for : http://localhost:51129 : 1
10:17:47.569 [AsyncHttpClient-1-1] DEBUG org.asynchttpclient.netty.channel.DefaultChannelPool - Entry count for : http://localhost:17040 : 1
10:17:47.569 [AsyncHttpClient-1-1] DEBUG org.asynchttpclient.netty.channel.DefaultChannelPool - Entry count for : http://localhost:20497 : 1
10:17:47.969 [Forwarding findElement on session 192f12f56b948054fd98ab843f08e84a to remote] DEBUG org.asynchttpclient.netty.request.NettyRequestSender - Using pooled Channel '[id: 0xe6b36c6b, L:/127.0.0.1:51128 - R:localhost/127.0.0.1:17040]' for 'POST' to 'http://localhost:17040/session/192f12f56b948054fd98ab843f08e84a/element'
10:17:47.969 [Forwarding findElement on session 192f12f56b948054fd98ab843f08e84a to remote] DEBUG org.asynchttpclient.netty.request.NettyRequestSender - Using open Channel [id: 0xe6b36c6b, L:/127.0.0.1:51128 - R:localhost/127.0.0.1:17040] for POST '/session/192f12f56b948054fd98ab843f08e84a/element'
10:17:47.969 [AsyncHttpClient-1-5] DEBUG org.asynchttpclient.netty.handler.HttpHandler - 

Request DefaultHttpRequest(decodeResult: success, version: HTTP/1.1)
POST /session/192f12f56b948054fd98ab843f08e84a/element HTTP/1.1
User-Agent: selenium/4.8.2 (java windows)
Content-Length: 153
Content-Type: application/json; charset=utf-8
host: localhost:17040
accept: */*

Response DefaultHttpResponse(decodeResult: success, version: HTTP/1.1)
HTTP/1.1 200 OK
Content-Length: 95
Content-Type: application/json; charset=utf-8
cache-control: no-cache

10:17:47.969 [AsyncHttpClient-1-5] DEBUG org.asynchttpclient.netty.channel.ChannelManager - Adding key: http://localhost:17040 for channel [id: 0xe6b36c6b, L:/127.0.0.1:51128 - R:localhost/127.0.0.1:17040]
10:17:47.985 [Forwarding isElementDisplayed on session 192f12f56b948054fd98ab843f08e84a to remote] DEBUG org.asynchttpclient.netty.request.NettyRequestSender - Using pooled Channel '[id: 0xe6b36c6b, L:/127.0.0.1:51128 - R:localhost/127.0.0.1:17040]' for 'POST' to 'http://localhost:17040/session/192f12f56b948054fd98ab843f08e84a/execute/sync'
10:17:47.985 [Forwarding isElementDisplayed on session 192f12f56b948054fd98ab843f08e84a to remote] DEBUG org.asynchttpclient.netty.request.NettyRequestSender - Using open Channel [id: 0xe6b36c6b, L:/127.0.0.1:51128 - R:localhost/127.0.0.1:17040] for POST '/session/192f12f56b948054fd98ab843f08e84a/execute/sync'
10:17:47.985 [AsyncHttpClient-1-5] DEBUG org.asynchttpclient.netty.handler.HttpHandler - 

Request DefaultHttpRequest(decodeResult: success, version: HTTP/1.1)
POST /session/192f12f56b948054fd98ab843f08e84a/execute/sync HTTP/1.1
User-Agent: selenium/4.8.2 (java windows)
Content-Length: 48814
Content-Type: application/json; charset=utf-8
host: localhost:17040
accept: */*

Response DefaultHttpResponse(decodeResult: success, version: HTTP/1.1)
HTTP/1.1 200 OK
Content-Length: 14
Content-Type: application/json; charset=utf-8
cache-control: no-cache

10:17:47.985 [AsyncHttpClient-1-5] DEBUG org.asynchttpclient.netty.channel.ChannelManager - Adding key: http://localhost:17040 for channel [id: 0xe6b36c6b, L:/127.0.0.1:51128 - R:localhost/127.0.0.1:17040]
10:17:48.000 [Forwarding getCurrentUrl on session 192f12f56b948054fd98ab843f08e84a to remote] DEBUG org.asynchttpclient.netty.request.NettyRequestSender - Using pooled Channel '[id: 0xe6b36c6b, L:/127.0.0.1:51128 - R:localhost/127.0.0.1:17040]' for 'GET' to 'http://localhost:17040/session/192f12f56b948054fd98ab843f08e84a/url'
10:17:48.000 [Forwarding getCurrentUrl on session 192f12f56b948054fd98ab843f08e84a to remote] DEBUG org.asynchttpclient.netty.request.NettyRequestSender - Using open Channel [id: 0xe6b36c6b, L:/127.0.0.1:51128 - R:localhost/127.0.0.1:17040] for GET '/session/192f12f56b948054fd98ab843f08e84a/url'
10:17:48.000 [AsyncHttpClient-1-5] DEBUG org.asynchttpclient.netty.handler.HttpHandler - 

Request DefaultFullHttpRequest(decodeResult: success, version: HTTP/1.1, content: EmptyByteBufBE)
GET /session/192f12f56b948054fd98ab843f08e84a/url HTTP/1.1
User-Agent: selenium/4.8.2 (java windows)
Cache-Control: no-cache
Content-Type: application/json; charset=utf-8
host: localhost:17040
accept: */*

Response DefaultHttpResponse(decodeResult: success, version: HTTP/1.1)
HTTP/1.1 200 OK
Content-Length: 54
Content-Type: application/json; charset=utf-8
cache-control: no-cache

10:17:48.000 [AsyncHttpClient-1-5] DEBUG org.asynchttpclient.netty.channel.ChannelManager - Adding key: http://localhost:17040 for channel [id: 0xe6b36c6b, L:/127.0.0.1:51128 - R:localhost/127.0.0.1:17040]
10:17:48.211 [Forwarding findElement on session 192f12f56b948054fd98ab843f08e84a to remote] DEBUG org.asynchttpclient.netty.request.NettyRequestSender - Using pooled Channel '[id: 0xe6b36c6b, L:/127.0.0.1:51128 - R:localhost/127.0.0.1:17040]' for 'POST' to 'http://localhost:17040/session/192f12f56b948054fd98ab843f08e84a/element'
10:17:48.211 [Forwarding findElement on session 192f12f56b948054fd98ab843f08e84a to remote] DEBUG org.asynchttpclient.netty.request.NettyRequestSender - Using open Channel [id: 0xe6b36c6b, L:/127.0.0.1:51128 - R:localhost/127.0.0.1:17040] for POST '/session/192f12f56b948054fd98ab843f08e84a/element'
10:17:48.666 [AsyncHttpClient-1-1] DEBUG org.asynchttpclient.netty.channel.DefaultChannelPool - Entry count for : http://localhost:51129 : 1
10:17:48.666 [AsyncHttpClient-1-1] DEBUG org.asynchttpclient.netty.channel.DefaultChannelPool - Entry count for : http://localhost:20497 : 1
10:17:49.429 [AsyncHttpClient-1-5] DEBUG org.asynchttpclient.netty.handler.HttpHandler - 

Request DefaultHttpRequest(decodeResult: success, version: HTTP/1.1)
POST /session/192f12f56b948054fd98ab843f08e84a/element HTTP/1.1
User-Agent: selenium/4.8.2 (java windows)
Content-Length: 131
Content-Type: application/json; charset=utf-8
host: localhost:17040
accept: */*

Response DefaultHttpResponse(decodeResult: success, version: HTTP/1.1)
HTTP/1.1 200 OK
Content-Length: 95
Content-Type: application/json; charset=utf-8
cache-control: no-cache

10:17:49.429 [AsyncHttpClient-1-5] DEBUG org.asynchttpclient.netty.channel.ChannelManager - Adding key: http://localhost:17040 for channel [id: 0xe6b36c6b, L:/127.0.0.1:51128 - R:localhost/127.0.0.1:17040]
10:17:49.429 [Forwarding clickElement on session 192f12f56b948054fd98ab843f08e84a to remote] DEBUG org.asynchttpclient.netty.request.NettyRequestSender - Using pooled Channel '[id: 0xe6b36c6b, L:/127.0.0.1:51128 - R:localhost/127.0.0.1:17040]' for 'POST' to 'http://localhost:17040/session/192f12f56b948054fd98ab843f08e84a/element/642BFE7A5676529D6BB2F66C027D570A_element_79/click'
10:17:49.429 [Forwarding clickElement on session 192f12f56b948054fd98ab843f08e84a to remote] DEBUG org.asynchttpclient.netty.request.NettyRequestSender - Using open Channel [id: 0xe6b36c6b, L:/127.0.0.1:51128 - R:localhost/127.0.0.1:17040] for POST '/session/192f12f56b948054fd98ab843f08e84a/element/642BFE7A5676529D6BB2F66C027D570A_element_79/click'
10:17:49.515 [AsyncHttpClient-1-5] DEBUG org.asynchttpclient.netty.handler.HttpHandler - 

Request DefaultHttpRequest(decodeResult: success, version: HTTP/1.1)
POST /session/192f12f56b948054fd98ab843f08e84a/element/642BFE7A5676529D6BB2F66C027D570A_element_79/click HTTP/1.1
User-Agent: selenium/4.8.2 (java windows)
Content-Length: 57
Content-Type: application/json; charset=utf-8
host: localhost:17040
accept: */*

Response DefaultHttpResponse(decodeResult: success, version: HTTP/1.1)
HTTP/1.1 200 OK
Content-Length: 14
Content-Type: application/json; charset=utf-8
cache-control: no-cache

10:17:49.515 [AsyncHttpClient-1-5] DEBUG org.asynchttpclient.netty.channel.ChannelManager - Adding key: http://localhost:17040 for channel [id: 0xe6b36c6b, L:/127.0.0.1:51128 - R:localhost/127.0.0.1:17040]
10:17:49.517 [Forwarding findElement on session 192f12f56b948054fd98ab843f08e84a to remote] DEBUG org.asynchttpclient.netty.request.NettyRequestSender - Using pooled Channel '[id: 0xe6b36c6b, L:/127.0.0.1:51128 - R:localhost/127.0.0.1:17040]' for 'POST' to 'http://localhost:17040/session/192f12f56b948054fd98ab843f08e84a/element'
10:17:49.517 [Forwarding findElement on session 192f12f56b948054fd98ab843f08e84a to remote] DEBUG org.asynchttpclient.netty.request.NettyRequestSender - Using open Channel [id: 0xe6b36c6b, L:/127.0.0.1:51128 - R:localhost/127.0.0.1:17040] for POST '/session/192f12f56b948054fd98ab843f08e84a/element'
10:17:49.534 [AsyncHttpClient-1-5] DEBUG org.asynchttpclient.netty.handler.HttpHandler - 

Request DefaultHttpRequest(decodeResult: success, version: HTTP/1.1)
POST /session/192f12f56b948054fd98ab843f08e84a/element HTTP/1.1
User-Agent: selenium/4.8.2 (java windows)
Content-Length: 151
Content-Type: application/json; charset=utf-8
host: localhost:17040
accept: */*

Response DefaultHttpResponse(decodeResult: success, version: HTTP/1.1)
HTTP/1.1 404 Not Found
Content-Length: 1114
Content-Type: application/json; charset=utf-8
cache-control: no-cache

10:17:49.535 [AsyncHttpClient-1-5] DEBUG org.asynchttpclient.netty.channel.ChannelManager - Adding key: http://localhost:17040 for channel [id: 0xe6b36c6b, L:/127.0.0.1:51128 - R:localhost/127.0.0.1:17040]
10:17:49.768 [AsyncHttpClient-1-1] DEBUG org.asynchttpclient.netty.channel.DefaultChannelPool - Entry count for : http://localhost:51129 : 1
10:17:49.768 [AsyncHttpClient-1-1] DEBUG org.asynchttpclient.netty.channel.DefaultChannelPool - Entry count for : http://localhost:17040 : 1
10:17:49.768 [AsyncHttpClient-1-1] DEBUG org.asynchttpclient.netty.channel.DefaultChannelPool - Entry count for : http://localhost:20497 : 1
10:17:49.768 [AsyncHttpClient-1-1] DEBUG org.asynchttpclient.netty.channel.DefaultChannelPool - Adding Candidate expired Channel [id: 0x8698a373, L:/127.0.0.1:51090 - R:localhost/127.0.0.1:20497] isIdleTimeoutExpired=true isRemotelyClosed=false isTtlExpired=false
10:17:49.768 [AsyncHttpClient-1-1] DEBUG org.asynchttpclient.netty.channel.DefaultChannelPool - Closing Idle Channel [id: 0x8698a373, L:/127.0.0.1:51090 - R:localhost/127.0.0.1:20497]
10:17:49.768 [AsyncHttpClient-1-1] DEBUG org.asynchttpclient.netty.channel.DefaultChannelPool - Closed 1 connections out of 3 in 0 ms
10:17:49.768 [AsyncHttpClient-1-2] DEBUG org.asynchttpclient.netty.handler.HttpHandler - Channel Closed: [id: 0x8698a373, L:/127.0.0.1:51090 ! R:localhost/127.0.0.1:20497] with attribute DISCARD
10:17:50.044 [Forwarding findElement on session 192f12f56b948054fd98ab843f08e84a to remote] DEBUG org.asynchttpclient.netty.request.NettyRequestSender - Using pooled Channel '[id: 0xe6b36c6b, L:/127.0.0.1:51128 - R:localhost/127.0.0.1:17040]' for 'POST' to 'http://localhost:17040/session/192f12f56b948054fd98ab843f08e84a/element'
10:17:50.045 [Forwarding findElement on session 192f12f56b948054fd98ab843f08e84a to remote] DEBUG org.asynchttpclient.netty.request.NettyRequestSender - Using open Channel [id: 0xe6b36c6b, L:/127.0.0.1:51128 - R:localhost/127.0.0.1:17040] for POST '/session/192f12f56b948054fd98ab843f08e84a/element'
10:17:50.084 [AsyncHttpClient-1-5] DEBUG org.asynchttpclient.netty.handler.HttpHandler - 

Request DefaultHttpRequest(decodeResult: success, version: HTTP/1.1)
POST /session/192f12f56b948054fd98ab843f08e84a/element HTTP/1.1
User-Agent: selenium/4.8.2 (java windows)
Content-Length: 151
Content-Type: application/json; charset=utf-8
host: localhost:17040
accept: */*

Response DefaultHttpResponse(decodeResult: success, version: HTTP/1.1)
HTTP/1.1 200 OK
Content-Length: 95
Content-Type: application/json; charset=utf-8
cache-control: no-cache

10:17:50.085 [AsyncHttpClient-1-5] DEBUG org.asynchttpclient.netty.channel.ChannelManager - Adding key: http://localhost:17040 for channel [id: 0xe6b36c6b, L:/127.0.0.1:51128 - R:localhost/127.0.0.1:17040]
10:17:50.091 [Forwarding isElementDisplayed on session 192f12f56b948054fd98ab843f08e84a to remote] DEBUG org.asynchttpclient.netty.request.NettyRequestSender - Using pooled Channel '[id: 0xe6b36c6b, L:/127.0.0.1:51128 - R:localhost/127.0.0.1:17040]' for 'POST' to 'http://localhost:17040/session/192f12f56b948054fd98ab843f08e84a/execute/sync'
10:17:50.091 [Forwarding isElementDisplayed on session 192f12f56b948054fd98ab843f08e84a to remote] DEBUG org.asynchttpclient.netty.request.NettyRequestSender - Using open Channel [id: 0xe6b36c6b, L:/127.0.0.1:51128 - R:localhost/127.0.0.1:17040] for POST '/session/192f12f56b948054fd98ab843f08e84a/execute/sync'
10:17:50.123 [AsyncHttpClient-1-5] DEBUG org.asynchttpclient.netty.handler.HttpHandler - 

Request DefaultHttpRequest(decodeResult: success, version: HTTP/1.1)
POST /session/192f12f56b948054fd98ab843f08e84a/execute/sync HTTP/1.1
User-Agent: selenium/4.8.2 (java windows)
Content-Length: 48814
Content-Type: application/json; charset=utf-8
host: localhost:17040
accept: */*

Response DefaultHttpResponse(decodeResult: success, version: HTTP/1.1)
HTTP/1.1 200 OK
Content-Length: 14
Content-Type: application/json; charset=utf-8
cache-control: no-cache

10:17:50.123 [AsyncHttpClient-1-5] DEBUG org.asynchttpclient.netty.channel.ChannelManager - Adding key: http://localhost:17040 for channel [id: 0xe6b36c6b, L:/127.0.0.1:51128 - R:localhost/127.0.0.1:17040]
10:17:50.124 [Forwarding getCurrentUrl on session 192f12f56b948054fd98ab843f08e84a to remote] DEBUG org.asynchttpclient.netty.request.NettyRequestSender - Using pooled Channel '[id: 0xe6b36c6b, L:/127.0.0.1:51128 - R:localhost/127.0.0.1:17040]' for 'GET' to 'http://localhost:17040/session/192f12f56b948054fd98ab843f08e84a/url'
10:17:50.124 [Forwarding getCurrentUrl on session 192f12f56b948054fd98ab843f08e84a to remote] DEBUG org.asynchttpclient.netty.request.NettyRequestSender - Using open Channel [id: 0xe6b36c6b, L:/127.0.0.1:51128 - R:localhost/127.0.0.1:17040] for GET '/session/192f12f56b948054fd98ab843f08e84a/url'
10:17:50.130 [AsyncHttpClient-1-5] DEBUG org.asynchttpclient.netty.handler.HttpHandler - 

Request DefaultFullHttpRequest(decodeResult: success, version: HTTP/1.1, content: EmptyByteBufBE)
GET /session/192f12f56b948054fd98ab843f08e84a/url HTTP/1.1
User-Agent: selenium/4.8.2 (java windows)
Cache-Control: no-cache
Content-Type: application/json; charset=utf-8
host: localhost:17040
accept: */*

Response DefaultHttpResponse(decodeResult: success, version: HTTP/1.1)
HTTP/1.1 200 OK
Content-Length: 54
Content-Type: application/json; charset=utf-8
cache-control: no-cache

10:17:50.130 [AsyncHttpClient-1-5] DEBUG org.asynchttpclient.netty.channel.ChannelManager - Adding key: http://localhost:17040 for channel [id: 0xe6b36c6b, L:/127.0.0.1:51128 - R:localhost/127.0.0.1:17040]
10:17:50.142 [Forwarding findElement on session 192f12f56b948054fd98ab843f08e84a to remote] DEBUG org.asynchttpclient.netty.request.NettyRequestSender - Using pooled Channel '[id: 0xe6b36c6b, L:/127.0.0.1:51128 - R:localhost/127.0.0.1:17040]' for 'POST' to 'http://localhost:17040/session/192f12f56b948054fd98ab843f08e84a/element'
10:17:50.143 [Forwarding findElement on session 192f12f56b948054fd98ab843f08e84a to remote] DEBUG org.asynchttpclient.netty.request.NettyRequestSender - Using open Channel [id: 0xe6b36c6b, L:/127.0.0.1:51128 - R:localhost/127.0.0.1:17040] for POST '/session/192f12f56b948054fd98ab843f08e84a/element'
10:17:50.161 [AsyncHttpClient-1-5] DEBUG org.asynchttpclient.netty.handler.HttpHandler - 

Request DefaultHttpRequest(decodeResult: success, version: HTTP/1.1)
POST /session/192f12f56b948054fd98ab843f08e84a/element HTTP/1.1
User-Agent: selenium/4.8.2 (java windows)
Content-Length: 128
Content-Type: application/json; charset=utf-8
host: localhost:17040
accept: */*

Response DefaultHttpResponse(decodeResult: success, version: HTTP/1.1)
HTTP/1.1 200 OK
Content-Length: 95
Content-Type: application/json; charset=utf-8
cache-control: no-cache

10:17:50.161 [AsyncHttpClient-1-5] DEBUG org.asynchttpclient.netty.channel.ChannelManager - Adding key: http://localhost:17040 for channel [id: 0xe6b36c6b, L:/127.0.0.1:51128 - R:localhost/127.0.0.1:17040]
10:17:50.163 [Forwarding clickElement on session 192f12f56b948054fd98ab843f08e84a to remote] DEBUG org.asynchttpclient.netty.request.NettyRequestSender - Using pooled Channel '[id: 0xe6b36c6b, L:/127.0.0.1:51128 - R:localhost/127.0.0.1:17040]' for 'POST' to 'http://localhost:17040/session/192f12f56b948054fd98ab843f08e84a/element/642BFE7A5676529D6BB2F66C027D570A_element_87/click'
10:17:50.163 [Forwarding clickElement on session 192f12f56b948054fd98ab843f08e84a to remote] DEBUG org.asynchttpclient.netty.request.NettyRequestSender - Using open Channel [id: 0xe6b36c6b, L:/127.0.0.1:51128 - R:localhost/127.0.0.1:17040] for POST '/session/192f12f56b948054fd98ab843f08e84a/element/642BFE7A5676529D6BB2F66C027D570A_element_87/click'
10:17:50.234 [AsyncHttpClient-1-5] DEBUG org.asynchttpclient.netty.handler.HttpHandler - 

Request DefaultHttpRequest(decodeResult: success, version: HTTP/1.1)
POST /session/192f12f56b948054fd98ab843f08e84a/element/642BFE7A5676529D6BB2F66C027D570A_element_87/click HTTP/1.1
User-Agent: selenium/4.8.2 (java windows)
Content-Length: 57
Content-Type: application/json; charset=utf-8
host: localhost:17040
accept: */*

Response DefaultHttpResponse(decodeResult: success, version: HTTP/1.1)
HTTP/1.1 200 OK
Content-Length: 14
Content-Type: application/json; charset=utf-8
cache-control: no-cache

10:17:50.234 [AsyncHttpClient-1-5] DEBUG org.asynchttpclient.netty.channel.ChannelManager - Adding key: http://localhost:17040 for channel [id: 0xe6b36c6b, L:/127.0.0.1:51128 - R:localhost/127.0.0.1:17040]
10:17:50.235 [Forwarding findElement on session 192f12f56b948054fd98ab843f08e84a to remote] DEBUG org.asynchttpclient.netty.request.NettyRequestSender - Using pooled Channel '[id: 0xe6b36c6b, L:/127.0.0.1:51128 - R:localhost/127.0.0.1:17040]' for 'POST' to 'http://localhost:17040/session/192f12f56b948054fd98ab843f08e84a/element'
10:17:50.236 [Forwarding findElement on session 192f12f56b948054fd98ab843f08e84a to remote] DEBUG org.asynchttpclient.netty.request.NettyRequestSender - Using open Channel [id: 0xe6b36c6b, L:/127.0.0.1:51128 - R:localhost/127.0.0.1:17040] for POST '/session/192f12f56b948054fd98ab843f08e84a/element'
10:17:50.251 [AsyncHttpClient-1-5] DEBUG org.asynchttpclient.netty.handler.HttpHandler - 

Request DefaultHttpRequest(decodeResult: success, version: HTTP/1.1)
POST /session/192f12f56b948054fd98ab843f08e84a/element HTTP/1.1
User-Agent: selenium/4.8.2 (java windows)
Content-Length: 136
Content-Type: application/json; charset=utf-8
host: localhost:17040
accept: */*

Response DefaultHttpResponse(decodeResult: success, version: HTTP/1.1)
HTTP/1.1 200 OK
Content-Length: 95
Content-Type: application/json; charset=utf-8
cache-control: no-cache

10:17:50.251 [AsyncHttpClient-1-5] DEBUG org.asynchttpclient.netty.channel.ChannelManager - Adding key: http://localhost:17040 for channel [id: 0xe6b36c6b, L:/127.0.0.1:51128 - R:localhost/127.0.0.1:17040]
10:17:50.256 [Forwarding isElementDisplayed on session 192f12f56b948054fd98ab843f08e84a to remote] DEBUG org.asynchttpclient.netty.request.NettyRequestSender - Using pooled Channel '[id: 0xe6b36c6b, L:/127.0.0.1:51128 - R:localhost/127.0.0.1:17040]' for 'POST' to 'http://localhost:17040/session/192f12f56b948054fd98ab843f08e84a/execute/sync'
10:17:50.256 [Forwarding isElementDisplayed on session 192f12f56b948054fd98ab843f08e84a to remote] DEBUG org.asynchttpclient.netty.request.NettyRequestSender - Using open Channel [id: 0xe6b36c6b, L:/127.0.0.1:51128 - R:localhost/127.0.0.1:17040] for POST '/session/192f12f56b948054fd98ab843f08e84a/execute/sync'
10:17:50.332 [AsyncHttpClient-1-5] DEBUG org.asynchttpclient.netty.handler.HttpHandler - 

Request DefaultHttpRequest(decodeResult: success, version: HTTP/1.1)
POST /session/192f12f56b948054fd98ab843f08e84a/execute/sync HTTP/1.1
User-Agent: selenium/4.8.2 (java windows)
Content-Length: 48814
Content-Type: application/json; charset=utf-8
host: localhost:17040
accept: */*

Response DefaultHttpResponse(decodeResult: success, version: HTTP/1.1)
HTTP/1.1 200 OK
Content-Length: 14
Content-Type: application/json; charset=utf-8
cache-control: no-cache

10:17:50.332 [AsyncHttpClient-1-5] DEBUG org.asynchttpclient.netty.channel.ChannelManager - Adding key: http://localhost:17040 for channel [id: 0xe6b36c6b, L:/127.0.0.1:51128 - R:localhost/127.0.0.1:17040]
10:17:50.333 [Forwarding getCurrentUrl on session 192f12f56b948054fd98ab843f08e84a to remote] DEBUG org.asynchttpclient.netty.request.NettyRequestSender - Using pooled Channel '[id: 0xe6b36c6b, L:/127.0.0.1:51128 - R:localhost/127.0.0.1:17040]' for 'GET' to 'http://localhost:17040/session/192f12f56b948054fd98ab843f08e84a/url'
10:17:50.333 [Forwarding getCurrentUrl on session 192f12f56b948054fd98ab843f08e84a to remote] DEBUG org.asynchttpclient.netty.request.NettyRequestSender - Using open Channel [id: 0xe6b36c6b, L:/127.0.0.1:51128 - R:localhost/127.0.0.1:17040] for GET '/session/192f12f56b948054fd98ab843f08e84a/url'
10:17:50.340 [AsyncHttpClient-1-5] DEBUG org.asynchttpclient.netty.handler.HttpHandler - 

Request DefaultFullHttpRequest(decodeResult: success, version: HTTP/1.1, content: EmptyByteBufBE)
GET /session/192f12f56b948054fd98ab843f08e84a/url HTTP/1.1
User-Agent: selenium/4.8.2 (java windows)
Cache-Control: no-cache
Content-Type: application/json; charset=utf-8
host: localhost:17040
accept: */*

Response DefaultHttpResponse(decodeResult: success, version: HTTP/1.1)
HTTP/1.1 200 OK
Content-Length: 55
Content-Type: application/json; charset=utf-8
cache-control: no-cache

10:17:50.340 [AsyncHttpClient-1-5] DEBUG org.asynchttpclient.netty.channel.ChannelManager - Adding key: http://localhost:17040 for channel [id: 0xe6b36c6b, L:/127.0.0.1:51128 - R:localhost/127.0.0.1:17040]
10:17:50.352 [Forwarding findElement on session 192f12f56b948054fd98ab843f08e84a to remote] DEBUG org.asynchttpclient.netty.request.NettyRequestSender - Using pooled Channel '[id: 0xe6b36c6b, L:/127.0.0.1:51128 - R:localhost/127.0.0.1:17040]' for 'POST' to 'http://localhost:17040/session/192f12f56b948054fd98ab843f08e84a/element'
10:17:50.352 [Forwarding findElement on session 192f12f56b948054fd98ab843f08e84a to remote] DEBUG org.asynchttpclient.netty.request.NettyRequestSender - Using open Channel [id: 0xe6b36c6b, L:/127.0.0.1:51128 - R:localhost/127.0.0.1:17040] for POST '/session/192f12f56b948054fd98ab843f08e84a/element'
10:17:50.371 [AsyncHttpClient-1-5] DEBUG org.asynchttpclient.netty.handler.HttpHandler - 

Request DefaultHttpRequest(decodeResult: success, version: HTTP/1.1)
POST /session/192f12f56b948054fd98ab843f08e84a/element HTTP/1.1
User-Agent: selenium/4.8.2 (java windows)
Content-Length: 128
Content-Type: application/json; charset=utf-8
host: localhost:17040
accept: */*

Response DefaultHttpResponse(decodeResult: success, version: HTTP/1.1)
HTTP/1.1 200 OK
Content-Length: 95
Content-Type: application/json; charset=utf-8
cache-control: no-cache

10:17:50.372 [AsyncHttpClient-1-5] DEBUG org.asynchttpclient.netty.channel.ChannelManager - Adding key: http://localhost:17040 for channel [id: 0xe6b36c6b, L:/127.0.0.1:51128 - R:localhost/127.0.0.1:17040]
10:17:50.373 [Forwarding clickElement on session 192f12f56b948054fd98ab843f08e84a to remote] DEBUG org.asynchttpclient.netty.request.NettyRequestSender - Using pooled Channel '[id: 0xe6b36c6b, L:/127.0.0.1:51128 - R:localhost/127.0.0.1:17040]' for 'POST' to 'http://localhost:17040/session/192f12f56b948054fd98ab843f08e84a/element/642BFE7A5676529D6BB2F66C027D570A_element_93/click'
10:17:50.373 [Forwarding clickElement on session 192f12f56b948054fd98ab843f08e84a to remote] DEBUG org.asynchttpclient.netty.request.NettyRequestSender - Using open Channel [id: 0xe6b36c6b, L:/127.0.0.1:51128 - R:localhost/127.0.0.1:17040] for POST '/session/192f12f56b948054fd98ab843f08e84a/element/642BFE7A5676529D6BB2F66C027D570A_element_93/click'
10:17:50.458 [AsyncHttpClient-1-5] DEBUG org.asynchttpclient.netty.handler.HttpHandler - 

Request DefaultHttpRequest(decodeResult: success, version: HTTP/1.1)
POST /session/192f12f56b948054fd98ab843f08e84a/element/642BFE7A5676529D6BB2F66C027D570A_element_93/click HTTP/1.1
User-Agent: selenium/4.8.2 (java windows)
Content-Length: 57
Content-Type: application/json; charset=utf-8
host: localhost:17040
accept: */*

Response DefaultHttpResponse(decodeResult: success, version: HTTP/1.1)
HTTP/1.1 200 OK
Content-Length: 14
Content-Type: application/json; charset=utf-8
cache-control: no-cache

10:17:50.459 [AsyncHttpClient-1-5] DEBUG org.asynchttpclient.netty.channel.ChannelManager - Adding key: http://localhost:17040 for channel [id: 0xe6b36c6b, L:/127.0.0.1:51128 - R:localhost/127.0.0.1:17040]
10:17:50.461 [Forwarding findElement on session 192f12f56b948054fd98ab843f08e84a to remote] DEBUG org.asynchttpclient.netty.request.NettyRequestSender - Using pooled Channel '[id: 0xe6b36c6b, L:/127.0.0.1:51128 - R:localhost/127.0.0.1:17040]' for 'POST' to 'http://localhost:17040/session/192f12f56b948054fd98ab843f08e84a/element'
10:17:50.461 [Forwarding findElement on session 192f12f56b948054fd98ab843f08e84a to remote] DEBUG org.asynchttpclient.netty.request.NettyRequestSender - Using open Channel [id: 0xe6b36c6b, L:/127.0.0.1:51128 - R:localhost/127.0.0.1:17040] for POST '/session/192f12f56b948054fd98ab843f08e84a/element'
10:17:50.514 [AsyncHttpClient-1-5] DEBUG org.asynchttpclient.netty.handler.HttpHandler - 

Request DefaultHttpRequest(decodeResult: success, version: HTTP/1.1)
POST /session/192f12f56b948054fd98ab843f08e84a/element HTTP/1.1
User-Agent: selenium/4.8.2 (java windows)
Content-Length: 138
Content-Type: application/json; charset=utf-8
host: localhost:17040
accept: */*

Response DefaultHttpResponse(decodeResult: success, version: HTTP/1.1)
HTTP/1.1 200 OK
Content-Length: 95
Content-Type: application/json; charset=utf-8
cache-control: no-cache

10:17:50.514 [AsyncHttpClient-1-5] DEBUG org.asynchttpclient.netty.channel.ChannelManager - Adding key: http://localhost:17040 for channel [id: 0xe6b36c6b, L:/127.0.0.1:51128 - R:localhost/127.0.0.1:17040]
10:17:50.519 [Forwarding isElementDisplayed on session 192f12f56b948054fd98ab843f08e84a to remote] DEBUG org.asynchttpclient.netty.request.NettyRequestSender - Using pooled Channel '[id: 0xe6b36c6b, L:/127.0.0.1:51128 - R:localhost/127.0.0.1:17040]' for 'POST' to 'http://localhost:17040/session/192f12f56b948054fd98ab843f08e84a/execute/sync'
10:17:50.519 [Forwarding isElementDisplayed on session 192f12f56b948054fd98ab843f08e84a to remote] DEBUG org.asynchttpclient.netty.request.NettyRequestSender - Using open Channel [id: 0xe6b36c6b, L:/127.0.0.1:51128 - R:localhost/127.0.0.1:17040] for POST '/session/192f12f56b948054fd98ab843f08e84a/execute/sync'
10:17:50.532 [AsyncHttpClient-1-5] DEBUG org.asynchttpclient.netty.handler.HttpHandler - 

Request DefaultHttpRequest(decodeResult: success, version: HTTP/1.1)
POST /session/192f12f56b948054fd98ab843f08e84a/execute/sync HTTP/1.1
User-Agent: selenium/4.8.2 (java windows)
Content-Length: 48814
Content-Type: application/json; charset=utf-8
host: localhost:17040
accept: */*

Response DefaultHttpResponse(decodeResult: success, version: HTTP/1.1)
HTTP/1.1 200 OK
Content-Length: 14
Content-Type: application/json; charset=utf-8
cache-control: no-cache

10:17:50.532 [AsyncHttpClient-1-5] DEBUG org.asynchttpclient.netty.channel.ChannelManager - Adding key: http://localhost:17040 for channel [id: 0xe6b36c6b, L:/127.0.0.1:51128 - R:localhost/127.0.0.1:17040]
10:17:50.533 [Forwarding getCurrentUrl on session 192f12f56b948054fd98ab843f08e84a to remote] DEBUG org.asynchttpclient.netty.request.NettyRequestSender - Using pooled Channel '[id: 0xe6b36c6b, L:/127.0.0.1:51128 - R:localhost/127.0.0.1:17040]' for 'GET' to 'http://localhost:17040/session/192f12f56b948054fd98ab843f08e84a/url'
10:17:50.533 [Forwarding getCurrentUrl on session 192f12f56b948054fd98ab843f08e84a to remote] DEBUG org.asynchttpclient.netty.request.NettyRequestSender - Using open Channel [id: 0xe6b36c6b, L:/127.0.0.1:51128 - R:localhost/127.0.0.1:17040] for GET '/session/192f12f56b948054fd98ab843f08e84a/url'
10:17:50.541 [AsyncHttpClient-1-5] DEBUG org.asynchttpclient.netty.handler.HttpHandler - 

Request DefaultFullHttpRequest(decodeResult: success, version: HTTP/1.1, content: EmptyByteBufBE)
GET /session/192f12f56b948054fd98ab843f08e84a/url HTTP/1.1
User-Agent: selenium/4.8.2 (java windows)
Cache-Control: no-cache
Content-Type: application/json; charset=utf-8
host: localhost:17040
accept: */*

Response DefaultHttpResponse(decodeResult: success, version: HTTP/1.1)
HTTP/1.1 200 OK
Content-Length: 61
Content-Type: application/json; charset=utf-8
cache-control: no-cache

10:17:50.541 [AsyncHttpClient-1-5] DEBUG org.asynchttpclient.netty.channel.ChannelManager - Adding key: http://localhost:17040 for channel [id: 0xe6b36c6b, L:/127.0.0.1:51128 - R:localhost/127.0.0.1:17040]
10:17:50.552 [Forwarding findElement on session 192f12f56b948054fd98ab843f08e84a to remote] DEBUG org.asynchttpclient.netty.request.NettyRequestSender - Using pooled Channel '[id: 0xe6b36c6b, L:/127.0.0.1:51128 - R:localhost/127.0.0.1:17040]' for 'POST' to 'http://localhost:17040/session/192f12f56b948054fd98ab843f08e84a/element'
10:17:50.552 [Forwarding findElement on session 192f12f56b948054fd98ab843f08e84a to remote] DEBUG org.asynchttpclient.netty.request.NettyRequestSender - Using open Channel [id: 0xe6b36c6b, L:/127.0.0.1:51128 - R:localhost/127.0.0.1:17040] for POST '/session/192f12f56b948054fd98ab843f08e84a/element'
10:17:50.566 [AsyncHttpClient-1-5] DEBUG org.asynchttpclient.netty.handler.HttpHandler - 

Request DefaultHttpRequest(decodeResult: success, version: HTTP/1.1)
POST /session/192f12f56b948054fd98ab843f08e84a/element HTTP/1.1
User-Agent: selenium/4.8.2 (java windows)
Content-Length: 128
Content-Type: application/json; charset=utf-8
host: localhost:17040
accept: */*

Response DefaultHttpResponse(decodeResult: success, version: HTTP/1.1)
HTTP/1.1 200 OK
Content-Length: 95
Content-Type: application/json; charset=utf-8
cache-control: no-cache

10:17:50.566 [AsyncHttpClient-1-5] DEBUG org.asynchttpclient.netty.channel.ChannelManager - Adding key: http://localhost:17040 for channel [id: 0xe6b36c6b, L:/127.0.0.1:51128 - R:localhost/127.0.0.1:17040]
10:17:50.566 [Forwarding clickElement on session 192f12f56b948054fd98ab843f08e84a to remote] DEBUG org.asynchttpclient.netty.request.NettyRequestSender - Using pooled Channel '[id: 0xe6b36c6b, L:/127.0.0.1:51128 - R:localhost/127.0.0.1:17040]' for 'POST' to 'http://localhost:17040/session/192f12f56b948054fd98ab843f08e84a/element/642BFE7A5676529D6BB2F66C027D570A_element_95/click'
10:17:50.566 [Forwarding clickElement on session 192f12f56b948054fd98ab843f08e84a to remote] DEBUG org.asynchttpclient.netty.request.NettyRequestSender - Using open Channel [id: 0xe6b36c6b, L:/127.0.0.1:51128 - R:localhost/127.0.0.1:17040] for POST '/session/192f12f56b948054fd98ab843f08e84a/element/642BFE7A5676529D6BB2F66C027D570A_element_95/click'
10:17:50.631 [AsyncHttpClient-1-5] DEBUG org.asynchttpclient.netty.handler.HttpHandler - 

Request DefaultHttpRequest(decodeResult: success, version: HTTP/1.1)
POST /session/192f12f56b948054fd98ab843f08e84a/element/642BFE7A5676529D6BB2F66C027D570A_element_95/click HTTP/1.1
User-Agent: selenium/4.8.2 (java windows)
Content-Length: 57
Content-Type: application/json; charset=utf-8
host: localhost:17040
accept: */*

Response DefaultHttpResponse(decodeResult: success, version: HTTP/1.1)
HTTP/1.1 200 OK
Content-Length: 14
Content-Type: application/json; charset=utf-8
cache-control: no-cache

10:17:50.632 [AsyncHttpClient-1-5] DEBUG org.asynchttpclient.netty.channel.ChannelManager - Adding key: http://localhost:17040 for channel [id: 0xe6b36c6b, L:/127.0.0.1:51128 - R:localhost/127.0.0.1:17040]
10:17:50.633 [Forwarding findElement on session 192f12f56b948054fd98ab843f08e84a to remote] DEBUG org.asynchttpclient.netty.request.NettyRequestSender - Using pooled Channel '[id: 0xe6b36c6b, L:/127.0.0.1:51128 - R:localhost/127.0.0.1:17040]' for 'POST' to 'http://localhost:17040/session/192f12f56b948054fd98ab843f08e84a/element'
10:17:50.634 [Forwarding findElement on session 192f12f56b948054fd98ab843f08e84a to remote] DEBUG org.asynchttpclient.netty.request.NettyRequestSender - Using open Channel [id: 0xe6b36c6b, L:/127.0.0.1:51128 - R:localhost/127.0.0.1:17040] for POST '/session/192f12f56b948054fd98ab843f08e84a/element'
10:17:50.650 [AsyncHttpClient-1-5] DEBUG org.asynchttpclient.netty.handler.HttpHandler - 

Request DefaultHttpRequest(decodeResult: success, version: HTTP/1.1)
POST /session/192f12f56b948054fd98ab843f08e84a/element HTTP/1.1
User-Agent: selenium/4.8.2 (java windows)
Content-Length: 142
Content-Type: application/json; charset=utf-8
host: localhost:17040
accept: */*

Response DefaultHttpResponse(decodeResult: success, version: HTTP/1.1)
HTTP/1.1 404 Not Found
Content-Length: 1110
Content-Type: application/json; charset=utf-8
cache-control: no-cache

10:17:50.651 [AsyncHttpClient-1-5] DEBUG org.asynchttpclient.netty.channel.ChannelManager - Adding key: http://localhost:17040 for channel [id: 0xe6b36c6b, L:/127.0.0.1:51128 - R:localhost/127.0.0.1:17040]
10:17:50.867 [AsyncHttpClient-1-1] DEBUG org.asynchttpclient.netty.channel.DefaultChannelPool - Entry count for : http://localhost:51129 : 1
10:17:50.867 [AsyncHttpClient-1-1] DEBUG org.asynchttpclient.netty.channel.DefaultChannelPool - Entry count for : http://localhost:17040 : 1
10:17:51.153 [Forwarding findElement on session 192f12f56b948054fd98ab843f08e84a to remote] DEBUG org.asynchttpclient.netty.request.NettyRequestSender - Using pooled Channel '[id: 0xe6b36c6b, L:/127.0.0.1:51128 - R:localhost/127.0.0.1:17040]' for 'POST' to 'http://localhost:17040/session/192f12f56b948054fd98ab843f08e84a/element'
10:17:51.153 [Forwarding findElement on session 192f12f56b948054fd98ab843f08e84a to remote] DEBUG org.asynchttpclient.netty.request.NettyRequestSender - Using open Channel [id: 0xe6b36c6b, L:/127.0.0.1:51128 - R:localhost/127.0.0.1:17040] for POST '/session/192f12f56b948054fd98ab843f08e84a/element'
10:17:51.169 [AsyncHttpClient-1-5] DEBUG org.asynchttpclient.netty.handler.HttpHandler - 

Request DefaultHttpRequest(decodeResult: success, version: HTTP/1.1)
POST /session/192f12f56b948054fd98ab843f08e84a/element HTTP/1.1
User-Agent: selenium/4.8.2 (java windows)
Content-Length: 142
Content-Type: application/json; charset=utf-8
host: localhost:17040
accept: */*

Response DefaultHttpResponse(decodeResult: success, version: HTTP/1.1)
HTTP/1.1 200 OK
Content-Length: 95
Content-Type: application/json; charset=utf-8
cache-control: no-cache

10:17:51.169 [AsyncHttpClient-1-5] DEBUG org.asynchttpclient.netty.channel.ChannelManager - Adding key: http://localhost:17040 for channel [id: 0xe6b36c6b, L:/127.0.0.1:51128 - R:localhost/127.0.0.1:17040]
10:17:51.169 [Forwarding isElementDisplayed on session 192f12f56b948054fd98ab843f08e84a to remote] DEBUG org.asynchttpclient.netty.request.NettyRequestSender - Using pooled Channel '[id: 0xe6b36c6b, L:/127.0.0.1:51128 - R:localhost/127.0.0.1:17040]' for 'POST' to 'http://localhost:17040/session/192f12f56b948054fd98ab843f08e84a/execute/sync'
10:17:51.169 [Forwarding isElementDisplayed on session 192f12f56b948054fd98ab843f08e84a to remote] DEBUG org.asynchttpclient.netty.request.NettyRequestSender - Using open Channel [id: 0xe6b36c6b, L:/127.0.0.1:51128 - R:localhost/127.0.0.1:17040] for POST '/session/192f12f56b948054fd98ab843f08e84a/execute/sync'
10:17:51.184 [AsyncHttpClient-1-5] DEBUG org.asynchttpclient.netty.handler.HttpHandler - 

Request DefaultHttpRequest(decodeResult: success, version: HTTP/1.1)
POST /session/192f12f56b948054fd98ab843f08e84a/execute/sync HTTP/1.1
User-Agent: selenium/4.8.2 (java windows)
Content-Length: 48814
Content-Type: application/json; charset=utf-8
host: localhost:17040
accept: */*

Response DefaultHttpResponse(decodeResult: success, version: HTTP/1.1)
HTTP/1.1 200 OK
Content-Length: 14
Content-Type: application/json; charset=utf-8
cache-control: no-cache

10:17:51.184 [AsyncHttpClient-1-5] DEBUG org.asynchttpclient.netty.channel.ChannelManager - Adding key: http://localhost:17040 for channel [id: 0xe6b36c6b, L:/127.0.0.1:51128 - R:localhost/127.0.0.1:17040]
10:17:51.184 [Forwarding getCurrentUrl on session 192f12f56b948054fd98ab843f08e84a to remote] DEBUG org.asynchttpclient.netty.request.NettyRequestSender - Using pooled Channel '[id: 0xe6b36c6b, L:/127.0.0.1:51128 - R:localhost/127.0.0.1:17040]' for 'GET' to 'http://localhost:17040/session/192f12f56b948054fd98ab843f08e84a/url'
10:17:51.184 [Forwarding getCurrentUrl on session 192f12f56b948054fd98ab843f08e84a to remote] DEBUG org.asynchttpclient.netty.request.NettyRequestSender - Using open Channel [id: 0xe6b36c6b, L:/127.0.0.1:51128 - R:localhost/127.0.0.1:17040] for GET '/session/192f12f56b948054fd98ab843f08e84a/url'
10:17:51.184 [AsyncHttpClient-1-5] DEBUG org.asynchttpclient.netty.handler.HttpHandler - 

Request DefaultFullHttpRequest(decodeResult: success, version: HTTP/1.1, content: EmptyByteBufBE)
GET /session/192f12f56b948054fd98ab843f08e84a/url HTTP/1.1
User-Agent: selenium/4.8.2 (java windows)
Cache-Control: no-cache
Content-Type: application/json; charset=utf-8
host: localhost:17040
accept: */*

Response DefaultHttpResponse(decodeResult: success, version: HTTP/1.1)
HTTP/1.1 200 OK
Content-Length: 57
Content-Type: application/json; charset=utf-8
cache-control: no-cache

10:17:51.200 [AsyncHttpClient-1-5] DEBUG org.asynchttpclient.netty.channel.ChannelManager - Adding key: http://localhost:17040 for channel [id: 0xe6b36c6b, L:/127.0.0.1:51128 - R:localhost/127.0.0.1:17040]
10:17:51.282 [Forwarding findElement on session 192f12f56b948054fd98ab843f08e84a to remote] DEBUG org.asynchttpclient.netty.request.NettyRequestSender - Using pooled Channel '[id: 0xe6b36c6b, L:/127.0.0.1:51128 - R:localhost/127.0.0.1:17040]' for 'POST' to 'http://localhost:17040/session/192f12f56b948054fd98ab843f08e84a/element'
10:17:51.282 [Forwarding findElement on session 192f12f56b948054fd98ab843f08e84a to remote] DEBUG org.asynchttpclient.netty.request.NettyRequestSender - Using open Channel [id: 0xe6b36c6b, L:/127.0.0.1:51128 - R:localhost/127.0.0.1:17040] for POST '/session/192f12f56b948054fd98ab843f08e84a/element'
10:17:51.297 [AsyncHttpClient-1-5] DEBUG org.asynchttpclient.netty.handler.HttpHandler - 

Request DefaultHttpRequest(decodeResult: success, version: HTTP/1.1)
POST /session/192f12f56b948054fd98ab843f08e84a/element HTTP/1.1
User-Agent: selenium/4.8.2 (java windows)
Content-Length: 128
Content-Type: application/json; charset=utf-8
host: localhost:17040
accept: */*

Response DefaultHttpResponse(decodeResult: success, version: HTTP/1.1)
HTTP/1.1 200 OK
Content-Length: 95
Content-Type: application/json; charset=utf-8
cache-control: no-cache

10:17:51.297 [AsyncHttpClient-1-5] DEBUG org.asynchttpclient.netty.channel.ChannelManager - Adding key: http://localhost:17040 for channel [id: 0xe6b36c6b, L:/127.0.0.1:51128 - R:localhost/127.0.0.1:17040]
10:17:51.297 [Forwarding clickElement on session 192f12f56b948054fd98ab843f08e84a to remote] DEBUG org.asynchttpclient.netty.request.NettyRequestSender - Using pooled Channel '[id: 0xe6b36c6b, L:/127.0.0.1:51128 - R:localhost/127.0.0.1:17040]' for 'POST' to 'http://localhost:17040/session/192f12f56b948054fd98ab843f08e84a/element/642BFE7A5676529D6BB2F66C027D570A_element_97/click'
10:17:51.297 [Forwarding clickElement on session 192f12f56b948054fd98ab843f08e84a to remote] DEBUG org.asynchttpclient.netty.request.NettyRequestSender - Using open Channel [id: 0xe6b36c6b, L:/127.0.0.1:51128 - R:localhost/127.0.0.1:17040] for POST '/session/192f12f56b948054fd98ab843f08e84a/element/642BFE7A5676529D6BB2F66C027D570A_element_97/click'
10:17:51.384 [AsyncHttpClient-1-5] DEBUG org.asynchttpclient.netty.handler.HttpHandler - 

Request DefaultHttpRequest(decodeResult: success, version: HTTP/1.1)
POST /session/192f12f56b948054fd98ab843f08e84a/element/642BFE7A5676529D6BB2F66C027D570A_element_97/click HTTP/1.1
User-Agent: selenium/4.8.2 (java windows)
Content-Length: 57
Content-Type: application/json; charset=utf-8
host: localhost:17040
accept: */*

Response DefaultHttpResponse(decodeResult: success, version: HTTP/1.1)
HTTP/1.1 200 OK
Content-Length: 14
Content-Type: application/json; charset=utf-8
cache-control: no-cache

10:17:51.384 [AsyncHttpClient-1-5] DEBUG org.asynchttpclient.netty.channel.ChannelManager - Adding key: http://localhost:17040 for channel [id: 0xe6b36c6b, L:/127.0.0.1:51128 - R:localhost/127.0.0.1:17040]
10:17:51.386 [Forwarding findElement on session 192f12f56b948054fd98ab843f08e84a to remote] DEBUG org.asynchttpclient.netty.request.NettyRequestSender - Using pooled Channel '[id: 0xe6b36c6b, L:/127.0.0.1:51128 - R:localhost/127.0.0.1:17040]' for 'POST' to 'http://localhost:17040/session/192f12f56b948054fd98ab843f08e84a/element'
10:17:51.386 [Forwarding findElement on session 192f12f56b948054fd98ab843f08e84a to remote] DEBUG org.asynchttpclient.netty.request.NettyRequestSender - Using open Channel [id: 0xe6b36c6b, L:/127.0.0.1:51128 - R:localhost/127.0.0.1:17040] for POST '/session/192f12f56b948054fd98ab843f08e84a/element'
10:17:51.407 [AsyncHttpClient-1-5] DEBUG org.asynchttpclient.netty.handler.HttpHandler - 

Request DefaultHttpRequest(decodeResult: success, version: HTTP/1.1)
POST /session/192f12f56b948054fd98ab843f08e84a/element HTTP/1.1
User-Agent: selenium/4.8.2 (java windows)
Content-Length: 136
Content-Type: application/json; charset=utf-8
host: localhost:17040
accept: */*

Response DefaultHttpResponse(decodeResult: success, version: HTTP/1.1)
HTTP/1.1 200 OK
Content-Length: 95
Content-Type: application/json; charset=utf-8
cache-control: no-cache

10:17:51.407 [AsyncHttpClient-1-5] DEBUG org.asynchttpclient.netty.channel.ChannelManager - Adding key: http://localhost:17040 for channel [id: 0xe6b36c6b, L:/127.0.0.1:51128 - R:localhost/127.0.0.1:17040]
10:17:51.412 [Forwarding isElementDisplayed on session 192f12f56b948054fd98ab843f08e84a to remote] DEBUG org.asynchttpclient.netty.request.NettyRequestSender - Using pooled Channel '[id: 0xe6b36c6b, L:/127.0.0.1:51128 - R:localhost/127.0.0.1:17040]' for 'POST' to 'http://localhost:17040/session/192f12f56b948054fd98ab843f08e84a/execute/sync'
10:17:51.412 [Forwarding isElementDisplayed on session 192f12f56b948054fd98ab843f08e84a to remote] DEBUG org.asynchttpclient.netty.request.NettyRequestSender - Using open Channel [id: 0xe6b36c6b, L:/127.0.0.1:51128 - R:localhost/127.0.0.1:17040] for POST '/session/192f12f56b948054fd98ab843f08e84a/execute/sync'
10:17:51.453 [AsyncHttpClient-1-5] DEBUG org.asynchttpclient.netty.handler.HttpHandler - 

Request DefaultHttpRequest(decodeResult: success, version: HTTP/1.1)
POST /session/192f12f56b948054fd98ab843f08e84a/execute/sync HTTP/1.1
User-Agent: selenium/4.8.2 (java windows)
Content-Length: 48814
Content-Type: application/json; charset=utf-8
host: localhost:17040
accept: */*

Response DefaultHttpResponse(decodeResult: success, version: HTTP/1.1)
HTTP/1.1 200 OK
Content-Length: 14
Content-Type: application/json; charset=utf-8
cache-control: no-cache

10:17:51.453 [AsyncHttpClient-1-5] DEBUG org.asynchttpclient.netty.channel.ChannelManager - Adding key: http://localhost:17040 for channel [id: 0xe6b36c6b, L:/127.0.0.1:51128 - R:localhost/127.0.0.1:17040]
10:17:51.454 [Forwarding getCurrentUrl on session 192f12f56b948054fd98ab843f08e84a to remote] DEBUG org.asynchttpclient.netty.request.NettyRequestSender - Using pooled Channel '[id: 0xe6b36c6b, L:/127.0.0.1:51128 - R:localhost/127.0.0.1:17040]' for 'GET' to 'http://localhost:17040/session/192f12f56b948054fd98ab843f08e84a/url'
10:17:51.454 [Forwarding getCurrentUrl on session 192f12f56b948054fd98ab843f08e84a to remote] DEBUG org.asynchttpclient.netty.request.NettyRequestSender - Using open Channel [id: 0xe6b36c6b, L:/127.0.0.1:51128 - R:localhost/127.0.0.1:17040] for GET '/session/192f12f56b948054fd98ab843f08e84a/url'
10:17:51.485 [AsyncHttpClient-1-5] DEBUG org.asynchttpclient.netty.handler.HttpHandler - 

Request DefaultFullHttpRequest(decodeResult: success, version: HTTP/1.1, content: EmptyByteBufBE)
GET /session/192f12f56b948054fd98ab843f08e84a/url HTTP/1.1
User-Agent: selenium/4.8.2 (java windows)
Cache-Control: no-cache
Content-Type: application/json; charset=utf-8
host: localhost:17040
accept: */*

Response DefaultHttpResponse(decodeResult: success, version: HTTP/1.1)
HTTP/1.1 200 OK
Content-Length: 58
Content-Type: application/json; charset=utf-8
cache-control: no-cache

10:17:51.485 [AsyncHttpClient-1-5] DEBUG org.asynchttpclient.netty.channel.ChannelManager - Adding key: http://localhost:17040 for channel [id: 0xe6b36c6b, L:/127.0.0.1:51128 - R:localhost/127.0.0.1:17040]
10:17:51.546 [Forwarding findElement on session 192f12f56b948054fd98ab843f08e84a to remote] DEBUG org.asynchttpclient.netty.request.NettyRequestSender - Using pooled Channel '[id: 0xe6b36c6b, L:/127.0.0.1:51128 - R:localhost/127.0.0.1:17040]' for 'POST' to 'http://localhost:17040/session/192f12f56b948054fd98ab843f08e84a/element'
10:17:51.546 [Forwarding findElement on session 192f12f56b948054fd98ab843f08e84a to remote] DEBUG org.asynchttpclient.netty.request.NettyRequestSender - Using open Channel [id: 0xe6b36c6b, L:/127.0.0.1:51128 - R:localhost/127.0.0.1:17040] for POST '/session/192f12f56b948054fd98ab843f08e84a/element'
10:17:51.549 [AsyncHttpClient-1-5] DEBUG org.asynchttpclient.netty.handler.HttpHandler - 

Request DefaultHttpRequest(decodeResult: success, version: HTTP/1.1)
POST /session/192f12f56b948054fd98ab843f08e84a/element HTTP/1.1
User-Agent: selenium/4.8.2 (java windows)
Content-Length: 131
Content-Type: application/json; charset=utf-8
host: localhost:17040
accept: */*

Response DefaultHttpResponse(decodeResult: success, version: HTTP/1.1)
HTTP/1.1 200 OK
Content-Length: 96
Content-Type: application/json; charset=utf-8
cache-control: no-cache

10:17:51.549 [AsyncHttpClient-1-5] DEBUG org.asynchttpclient.netty.channel.ChannelManager - Adding key: http://localhost:17040 for channel [id: 0xe6b36c6b, L:/127.0.0.1:51128 - R:localhost/127.0.0.1:17040]
10:17:51.549 [Forwarding clickElement on session 192f12f56b948054fd98ab843f08e84a to remote] DEBUG org.asynchttpclient.netty.request.NettyRequestSender - Using pooled Channel '[id: 0xe6b36c6b, L:/127.0.0.1:51128 - R:localhost/127.0.0.1:17040]' for 'POST' to 'http://localhost:17040/session/192f12f56b948054fd98ab843f08e84a/element/642BFE7A5676529D6BB2F66C027D570A_element_100/click'
10:17:51.549 [Forwarding clickElement on session 192f12f56b948054fd98ab843f08e84a to remote] DEBUG org.asynchttpclient.netty.request.NettyRequestSender - Using open Channel [id: 0xe6b36c6b, L:/127.0.0.1:51128 - R:localhost/127.0.0.1:17040] for POST '/session/192f12f56b948054fd98ab843f08e84a/element/642BFE7A5676529D6BB2F66C027D570A_element_100/click'
10:17:51.697 [AsyncHttpClient-1-5] DEBUG org.asynchttpclient.netty.handler.HttpHandler - 

Request DefaultHttpRequest(decodeResult: success, version: HTTP/1.1)
POST /session/192f12f56b948054fd98ab843f08e84a/element/642BFE7A5676529D6BB2F66C027D570A_element_100/click HTTP/1.1
User-Agent: selenium/4.8.2 (java windows)
Content-Length: 58
Content-Type: application/json; charset=utf-8
host: localhost:17040
accept: */*

Response DefaultHttpResponse(decodeResult: success, version: HTTP/1.1)
HTTP/1.1 200 OK
Content-Length: 14
Content-Type: application/json; charset=utf-8
cache-control: no-cache

10:17:51.697 [AsyncHttpClient-1-5] DEBUG org.asynchttpclient.netty.channel.ChannelManager - Adding key: http://localhost:17040 for channel [id: 0xe6b36c6b, L:/127.0.0.1:51128 - R:localhost/127.0.0.1:17040]
10:17:51.699 [Forwarding findElement on session 192f12f56b948054fd98ab843f08e84a to remote] DEBUG org.asynchttpclient.netty.request.NettyRequestSender - Using pooled Channel '[id: 0xe6b36c6b, L:/127.0.0.1:51128 - R:localhost/127.0.0.1:17040]' for 'POST' to 'http://localhost:17040/session/192f12f56b948054fd98ab843f08e84a/element'
10:17:51.699 [Forwarding findElement on session 192f12f56b948054fd98ab843f08e84a to remote] DEBUG org.asynchttpclient.netty.request.NettyRequestSender - Using open Channel [id: 0xe6b36c6b, L:/127.0.0.1:51128 - R:localhost/127.0.0.1:17040] for POST '/session/192f12f56b948054fd98ab843f08e84a/element'
10:17:51.768 [AsyncHttpClient-1-5] DEBUG org.asynchttpclient.netty.handler.HttpHandler - 

Request DefaultHttpRequest(decodeResult: success, version: HTTP/1.1)
POST /session/192f12f56b948054fd98ab843f08e84a/element HTTP/1.1
User-Agent: selenium/4.8.2 (java windows)
Content-Length: 167
Content-Type: application/json; charset=utf-8
host: localhost:17040
accept: */*

Response DefaultHttpResponse(decodeResult: success, version: HTTP/1.1)
HTTP/1.1 200 OK
Content-Length: 96
Content-Type: application/json; charset=utf-8
cache-control: no-cache

10:17:51.768 [AsyncHttpClient-1-5] DEBUG org.asynchttpclient.netty.channel.ChannelManager - Adding key: http://localhost:17040 for channel [id: 0xe6b36c6b, L:/127.0.0.1:51128 - R:localhost/127.0.0.1:17040]
10:17:51.773 [Forwarding isElementDisplayed on session 192f12f56b948054fd98ab843f08e84a to remote] DEBUG org.asynchttpclient.netty.request.NettyRequestSender - Using pooled Channel '[id: 0xe6b36c6b, L:/127.0.0.1:51128 - R:localhost/127.0.0.1:17040]' for 'POST' to 'http://localhost:17040/session/192f12f56b948054fd98ab843f08e84a/execute/sync'
10:17:51.773 [Forwarding isElementDisplayed on session 192f12f56b948054fd98ab843f08e84a to remote] DEBUG org.asynchttpclient.netty.request.NettyRequestSender - Using open Channel [id: 0xe6b36c6b, L:/127.0.0.1:51128 - R:localhost/127.0.0.1:17040] for POST '/session/192f12f56b948054fd98ab843f08e84a/execute/sync'
10:17:51.883 [AsyncHttpClient-1-5] DEBUG org.asynchttpclient.netty.handler.HttpHandler - 

Request DefaultHttpRequest(decodeResult: success, version: HTTP/1.1)
POST /session/192f12f56b948054fd98ab843f08e84a/execute/sync HTTP/1.1
User-Agent: selenium/4.8.2 (java windows)
Content-Length: 48815
Content-Type: application/json; charset=utf-8
host: localhost:17040
accept: */*

Response DefaultHttpResponse(decodeResult: success, version: HTTP/1.1)
HTTP/1.1 200 OK
Content-Length: 14
Content-Type: application/json; charset=utf-8
cache-control: no-cache

10:17:51.884 [AsyncHttpClient-1-5] DEBUG org.asynchttpclient.netty.channel.ChannelManager - Adding key: http://localhost:17040 for channel [id: 0xe6b36c6b, L:/127.0.0.1:51128 - R:localhost/127.0.0.1:17040]
10:17:51.887 [Forwarding getCurrentUrl on session 192f12f56b948054fd98ab843f08e84a to remote] DEBUG org.asynchttpclient.netty.request.NettyRequestSender - Using pooled Channel '[id: 0xe6b36c6b, L:/127.0.0.1:51128 - R:localhost/127.0.0.1:17040]' for 'GET' to 'http://localhost:17040/session/192f12f56b948054fd98ab843f08e84a/url'
10:17:51.887 [Forwarding getCurrentUrl on session 192f12f56b948054fd98ab843f08e84a to remote] DEBUG org.asynchttpclient.netty.request.NettyRequestSender - Using open Channel [id: 0xe6b36c6b, L:/127.0.0.1:51128 - R:localhost/127.0.0.1:17040] for GET '/session/192f12f56b948054fd98ab843f08e84a/url'
10:17:51.894 [AsyncHttpClient-1-5] DEBUG org.asynchttpclient.netty.handler.HttpHandler - 

Request DefaultFullHttpRequest(decodeResult: success, version: HTTP/1.1, content: EmptyByteBufBE)
GET /session/192f12f56b948054fd98ab843f08e84a/url HTTP/1.1
User-Agent: selenium/4.8.2 (java windows)
Cache-Control: no-cache
Content-Type: application/json; charset=utf-8
host: localhost:17040
accept: */*

Response DefaultHttpResponse(decodeResult: success, version: HTTP/1.1)
HTTP/1.1 200 OK
Content-Length: 49
Content-Type: application/json; charset=utf-8
cache-control: no-cache

10:17:51.894 [AsyncHttpClient-1-5] DEBUG org.asynchttpclient.netty.channel.ChannelManager - Adding key: http://localhost:17040 for channel [id: 0xe6b36c6b, L:/127.0.0.1:51128 - R:localhost/127.0.0.1:17040]
10:17:51.961 [Forwarding findElement on session 192f12f56b948054fd98ab843f08e84a to remote] DEBUG org.asynchttpclient.netty.request.NettyRequestSender - Using pooled Channel '[id: 0xe6b36c6b, L:/127.0.0.1:51128 - R:localhost/127.0.0.1:17040]' for 'POST' to 'http://localhost:17040/session/192f12f56b948054fd98ab843f08e84a/element'
10:17:51.961 [Forwarding findElement on session 192f12f56b948054fd98ab843f08e84a to remote] DEBUG org.asynchttpclient.netty.request.NettyRequestSender - Using open Channel [id: 0xe6b36c6b, L:/127.0.0.1:51128 - R:localhost/127.0.0.1:17040] for POST '/session/192f12f56b948054fd98ab843f08e84a/element'
10:17:51.971 [AsyncHttpClient-1-1] DEBUG org.asynchttpclient.netty.channel.DefaultChannelPool - Entry count for : http://localhost:51129 : 1
10:17:52.059 [AsyncHttpClient-1-5] DEBUG org.asynchttpclient.netty.handler.HttpHandler - 

Request DefaultHttpRequest(decodeResult: success, version: HTTP/1.1)
POST /session/192f12f56b948054fd98ab843f08e84a/element HTTP/1.1
User-Agent: selenium/4.8.2 (java windows)
Content-Length: 126
Content-Type: application/json; charset=utf-8
host: localhost:17040
accept: */*

Response DefaultHttpResponse(decodeResult: success, version: HTTP/1.1)
HTTP/1.1 200 OK
Content-Length: 96
Content-Type: application/json; charset=utf-8
cache-control: no-cache

10:17:52.059 [AsyncHttpClient-1-5] DEBUG org.asynchttpclient.netty.channel.ChannelManager - Adding key: http://localhost:17040 for channel [id: 0xe6b36c6b, L:/127.0.0.1:51128 - R:localhost/127.0.0.1:17040]
10:17:52.061 [Forwarding clickElement on session 192f12f56b948054fd98ab843f08e84a to remote] DEBUG org.asynchttpclient.netty.request.NettyRequestSender - Using pooled Channel '[id: 0xe6b36c6b, L:/127.0.0.1:51128 - R:localhost/127.0.0.1:17040]' for 'POST' to 'http://localhost:17040/session/192f12f56b948054fd98ab843f08e84a/element/642BFE7A5676529D6BB2F66C027D570A_element_120/click'
10:17:52.061 [Forwarding clickElement on session 192f12f56b948054fd98ab843f08e84a to remote] DEBUG org.asynchttpclient.netty.request.NettyRequestSender - Using open Channel [id: 0xe6b36c6b, L:/127.0.0.1:51128 - R:localhost/127.0.0.1:17040] for POST '/session/192f12f56b948054fd98ab843f08e84a/element/642BFE7A5676529D6BB2F66C027D570A_element_120/click'
10:17:52.178 [AsyncHttpClient-1-5] DEBUG org.asynchttpclient.netty.handler.HttpHandler - 

Request DefaultHttpRequest(decodeResult: success, version: HTTP/1.1)
POST /session/192f12f56b948054fd98ab843f08e84a/element/642BFE7A5676529D6BB2F66C027D570A_element_120/click HTTP/1.1
User-Agent: selenium/4.8.2 (java windows)
Content-Length: 58
Content-Type: application/json; charset=utf-8
host: localhost:17040
accept: */*

Response DefaultHttpResponse(decodeResult: success, version: HTTP/1.1)
HTTP/1.1 200 OK
Content-Length: 14
Content-Type: application/json; charset=utf-8
cache-control: no-cache

10:17:52.178 [AsyncHttpClient-1-5] DEBUG org.asynchttpclient.netty.channel.ChannelManager - Adding key: http://localhost:17040 for channel [id: 0xe6b36c6b, L:/127.0.0.1:51128 - R:localhost/127.0.0.1:17040]
10:17:52.180 [Forwarding findElement on session 192f12f56b948054fd98ab843f08e84a to remote] DEBUG org.asynchttpclient.netty.request.NettyRequestSender - Using pooled Channel '[id: 0xe6b36c6b, L:/127.0.0.1:51128 - R:localhost/127.0.0.1:17040]' for 'POST' to 'http://localhost:17040/session/192f12f56b948054fd98ab843f08e84a/element'
10:17:52.180 [Forwarding findElement on session 192f12f56b948054fd98ab843f08e84a to remote] DEBUG org.asynchttpclient.netty.request.NettyRequestSender - Using open Channel [id: 0xe6b36c6b, L:/127.0.0.1:51128 - R:localhost/127.0.0.1:17040] for POST '/session/192f12f56b948054fd98ab843f08e84a/element'
10:17:52.199 [AsyncHttpClient-1-5] DEBUG org.asynchttpclient.netty.handler.HttpHandler - 

Request DefaultHttpRequest(decodeResult: success, version: HTTP/1.1)
POST /session/192f12f56b948054fd98ab843f08e84a/element HTTP/1.1
User-Agent: selenium/4.8.2 (java windows)
Content-Length: 61
Content-Type: application/json; charset=utf-8
host: localhost:17040
accept: */*

Response DefaultHttpResponse(decodeResult: success, version: HTTP/1.1)
HTTP/1.1 404 Not Found
Content-Length: 1074
Content-Type: application/json; charset=utf-8
cache-control: no-cache

10:17:52.200 [AsyncHttpClient-1-5] DEBUG org.asynchttpclient.netty.channel.ChannelManager - Adding key: http://localhost:17040 for channel [id: 0xe6b36c6b, L:/127.0.0.1:51128 - R:localhost/127.0.0.1:17040]
10:17:52.710 [Forwarding findElement on session 192f12f56b948054fd98ab843f08e84a to remote] DEBUG org.asynchttpclient.netty.request.NettyRequestSender - Using pooled Channel '[id: 0xe6b36c6b, L:/127.0.0.1:51128 - R:localhost/127.0.0.1:17040]' for 'POST' to 'http://localhost:17040/session/192f12f56b948054fd98ab843f08e84a/element'
10:17:52.710 [Forwarding findElement on session 192f12f56b948054fd98ab843f08e84a to remote] DEBUG org.asynchttpclient.netty.request.NettyRequestSender - Using open Channel [id: 0xe6b36c6b, L:/127.0.0.1:51128 - R:localhost/127.0.0.1:17040] for POST '/session/192f12f56b948054fd98ab843f08e84a/element'
10:17:52.963 [AsyncHttpClient-1-5] DEBUG org.asynchttpclient.netty.handler.HttpHandler - 

Request DefaultHttpRequest(decodeResult: success, version: HTTP/1.1)
POST /session/192f12f56b948054fd98ab843f08e84a/element HTTP/1.1
User-Agent: selenium/4.8.2 (java windows)
Content-Length: 61
Content-Type: application/json; charset=utf-8
host: localhost:17040
accept: */*

Response DefaultHttpResponse(decodeResult: success, version: HTTP/1.1)
HTTP/1.1 200 OK
Content-Length: 96
Content-Type: application/json; charset=utf-8
cache-control: no-cache

10:17:52.964 [AsyncHttpClient-1-5] DEBUG org.asynchttpclient.netty.channel.ChannelManager - Adding key: http://localhost:17040 for channel [id: 0xe6b36c6b, L:/127.0.0.1:51128 - R:localhost/127.0.0.1:17040]
10:17:52.967 [Forwarding isElementDisplayed on session 192f12f56b948054fd98ab843f08e84a to remote] DEBUG org.asynchttpclient.netty.request.NettyRequestSender - Using pooled Channel '[id: 0xe6b36c6b, L:/127.0.0.1:51128 - R:localhost/127.0.0.1:17040]' for 'POST' to 'http://localhost:17040/session/192f12f56b948054fd98ab843f08e84a/execute/sync'
10:17:52.967 [Forwarding isElementDisplayed on session 192f12f56b948054fd98ab843f08e84a to remote] DEBUG org.asynchttpclient.netty.request.NettyRequestSender - Using open Channel [id: 0xe6b36c6b, L:/127.0.0.1:51128 - R:localhost/127.0.0.1:17040] for POST '/session/192f12f56b948054fd98ab843f08e84a/execute/sync'
10:17:52.983 [AsyncHttpClient-1-5] DEBUG org.asynchttpclient.netty.handler.HttpHandler - 

Request DefaultHttpRequest(decodeResult: success, version: HTTP/1.1)
POST /session/192f12f56b948054fd98ab843f08e84a/execute/sync HTTP/1.1
User-Agent: selenium/4.8.2 (java windows)
Content-Length: 48815
Content-Type: application/json; charset=utf-8
host: localhost:17040
accept: */*

Response DefaultHttpResponse(decodeResult: success, version: HTTP/1.1)
HTTP/1.1 200 OK
Content-Length: 14
Content-Type: application/json; charset=utf-8
cache-control: no-cache

10:17:52.983 [AsyncHttpClient-1-5] DEBUG org.asynchttpclient.netty.channel.ChannelManager - Adding key: http://localhost:17040 for channel [id: 0xe6b36c6b, L:/127.0.0.1:51128 - R:localhost/127.0.0.1:17040]
10:17:52.984 [Forwarding getCurrentUrl on session 192f12f56b948054fd98ab843f08e84a to remote] DEBUG org.asynchttpclient.netty.request.NettyRequestSender - Using pooled Channel '[id: 0xe6b36c6b, L:/127.0.0.1:51128 - R:localhost/127.0.0.1:17040]' for 'GET' to 'http://localhost:17040/session/192f12f56b948054fd98ab843f08e84a/url'
10:17:52.984 [Forwarding getCurrentUrl on session 192f12f56b948054fd98ab843f08e84a to remote] DEBUG org.asynchttpclient.netty.request.NettyRequestSender - Using open Channel [id: 0xe6b36c6b, L:/127.0.0.1:51128 - R:localhost/127.0.0.1:17040] for GET '/session/192f12f56b948054fd98ab843f08e84a/url'
10:17:52.990 [AsyncHttpClient-1-5] DEBUG org.asynchttpclient.netty.handler.HttpHandler - 

Request DefaultFullHttpRequest(decodeResult: success, version: HTTP/1.1, content: EmptyByteBufBE)
GET /session/192f12f56b948054fd98ab843f08e84a/url HTTP/1.1
User-Agent: selenium/4.8.2 (java windows)
Cache-Control: no-cache
Content-Type: application/json; charset=utf-8
host: localhost:17040
accept: */*

Response DefaultHttpResponse(decodeResult: success, version: HTTP/1.1)
HTTP/1.1 200 OK
Content-Length: 57
Content-Type: application/json; charset=utf-8
cache-control: no-cache

10:17:52.991 [AsyncHttpClient-1-5] DEBUG org.asynchttpclient.netty.channel.ChannelManager - Adding key: http://localhost:17040 for channel [id: 0xe6b36c6b, L:/127.0.0.1:51128 - R:localhost/127.0.0.1:17040]
10:17:53.066 [AsyncHttpClient-1-1] DEBUG org.asynchttpclient.netty.channel.DefaultChannelPool - Entry count for : http://localhost:51129 : 1
10:17:53.066 [AsyncHttpClient-1-1] DEBUG org.asynchttpclient.netty.channel.DefaultChannelPool - Entry count for : http://localhost:17040 : 1
]]></system-out>
  <system-err><![CDATA[Starting ChromeDriver 121.0.6167.85 (3f98d690ad7e59242ef110144c757b2ac4eef1a2-refs/branch-heads/6167@{#1539}) on port 17040
Only local connections are allowed.
Please see https://chromedriver.chromium.org/security-considerations for suggestions on keeping ChromeDriver safe.
ChromeDriver was started successfully.
февр. 02, 2024 10:17:07 AM org.openqa.selenium.devtools.CdpVersionFinder findNearestMatch
WARNING: Unable to find CDP implementation matching 121
февр. 02, 2024 10:17:07 AM org.openqa.selenium.chromium.ChromiumDriver lambda$new$3
WARNING: Unable to find version of CDP to use for . You may need to include a dependency on a specific version of the CDP using something similar to `org.seleniumhq.selenium:selenium-devtools-v86:4.8.2` where the version ("v86") matches the version of the chromium-based browser you're using and the version number of the artifact is the same as Selenium's.
]]></system-err>
</testsuite>
