<?xml version="1.0" encoding="UTF-8"?>
<testsuite name="test.StudentProfileTest" tests="32" skipped="0" failures="0" errors="0" timestamp="2024-07-18T13:11:06" hostname="DESKTOP-84P9B6H" time="66.299">
  <properties/>
  <testcase name="0. Enter Students Profile Test" classname="test.StudentProfileTest" time="9.693"/>
  <testcase name="1. Enter Cyrillic First Name" classname="test.StudentProfileTest" time="3.277"/>
  <testcase name="2. Enter Too Long Cyrillic First Name" classname="test.StudentProfileTest" time="5.081"/>
  <testcase name="3. Enter Too Short Cyrillic First Name" classname="test.StudentProfileTest" time="0.674"/>
  <testcase name="4. Enter Cyrillic First Name With Hyphen" classname="test.StudentProfileTest" time="1.556"/>
  <testcase name="5. Enter Space In First Name Field" classname="test.StudentProfileTest" time="0.998"/>
  <testcase name="6. Enter Romain Letters First Name" classname="test.StudentProfileTest" time="1.211"/>
  <testcase name="7. Enter Cyrillic Last Name" classname="test.StudentProfileTest" time="1.757"/>
  <testcase name="8. Enter Long Cyrillic Last Name" classname="test.StudentProfileTest" time="5.031"/>
  <testcase name="9. Enter Short Cyrillic Last Name" classname="test.StudentProfileTest" time="0.64"/>
  <testcase name="10. Enter Cyrillic Last Name With Hyphen" classname="test.StudentProfileTest" time="1.331"/>
  <testcase name="11. Enter Space In Last Name" classname="test.StudentProfileTest" time="0.639"/>
  <testcase name="12. Enter Romain Letters Last Name" classname="test.StudentProfileTest" time="1.054"/>
  <testcase name="13. Enter Correct Birth Date" classname="test.StudentProfileTest" time="1.292"/>
  <testcase name="14. Enter Long Number In Birth Date" classname="test.StudentProfileTest" time="1.207"/>
  <testcase name="15. Enter Very Long Number In Birth Date" classname="test.StudentProfileTest" time="2.239"/>
  <testcase name="16. Enter Cyrillic In Birth Date" classname="test.StudentProfileTest" time="0.81"/>
  <testcase name="17. Enter Romain Letters In Birth Date" classname="test.StudentProfileTest" time="0.942"/>
  <testcase name="18. Enter Special Symbols In Birth Date" classname="test.StudentProfileTest" time="0.669"/>
  <testcase name="19. Enter Symbols In Birth Date" classname="test.StudentProfileTest" time="0.879"/>
  <testcase name="20. Enter Correct Skype Name" classname="test.StudentProfileTest" time="1.096"/>
  <testcase name="21. Enter Cyrillic Skype Name" classname="test.StudentProfileTest" time="5.251"/>
  <testcase name="22. Enter Long Correct Skype Name" classname="test.StudentProfileTest" time="3.35"/>
  <testcase name="23. Enter Space Skype Name" classname="test.StudentProfileTest" time="1.01"/>
  <testcase name="24. Enter Correct Phone Number" classname="test.StudentProfileTest" time="1.875"/>
  <testcase name="25. Enter Short Phone Number" classname="test.StudentProfileTest" time="0.984"/>
  <testcase name="26. Enter Cyrillic In Phone Number Field" classname="test.StudentProfileTest" time="0.829"/>
  <testcase name="27. Enter Romain Letters In Phone Number Field" classname="test.StudentProfileTest" time="0.831"/>
  <testcase name="28. Enter Special Symbols In Phone Number Field" classname="test.StudentProfileTest" time="0.872"/>
  <testcase name="29. Enter Space In Phone Number Field" classname="test.StudentProfileTest" time="0.538"/>
  <testcase name="30. Changing Country In Phone Number Field" classname="test.StudentProfileTest" time="0.859"/>
  <testcase name="31. Changing Language In Profile To Russian" classname="test.StudentProfileTest" time="7.103"/>
  <system-out><![CDATA[16:10:58.245 [Test worker] DEBUG io.github.bonigarcia.wdm.WebDriverManager - Using WebDriverManager 5.9.1
16:10:58.275 [Test worker] DEBUG io.github.bonigarcia.wdm.cache.ResolutionCache - Resolution chrome=126 in cache (valid until 16:55:24 18/07/2024 MSK)
16:10:58.277 [Test worker] DEBUG io.github.bonigarcia.wdm.cache.ResolutionCache - Resolution chrome126=126.0.6478.182 in cache (valid until 14:49:11 19/07/2024 MSK)
16:10:58.278 [Test worker] INFO io.github.bonigarcia.wdm.WebDriverManager - Using chromedriver 126.0.6478.182 (resolved driver for Chrome 126)
16:10:58.327 [Test worker] DEBUG io.github.bonigarcia.wdm.WebDriverManager - Driver chromedriver 126.0.6478.182 found in cache
16:10:58.329 [Test worker] INFO io.github.bonigarcia.wdm.WebDriverManager - Exporting webdriver.chrome.driver as C:\Users\asus\.cache\selenium\chromedriver\win64\126.0.6478.182\chromedriver.exe
]]></system-out>
  <system-err><![CDATA[]]></system-err>
</testsuite>
