<?xml version="1.0" encoding="UTF-8"?>
<testsuite name="test.StudentProfileTest" tests="32" skipped="0" failures="0" errors="0" timestamp="2024-07-17T11:33:02" hostname="DESKTOP-84P9B6H" time="58.829">
  <properties/>
  <testcase name="0. Enter Students Profile Test" classname="test.StudentProfileTest" time="10.199"/>
  <testcase name="1. Enter Cyrillic First Name" classname="test.StudentProfileTest" time="1.876"/>
  <testcase name="2. Enter Too Long Cyrillic First Name" classname="test.StudentProfileTest" time="4.689"/>
  <testcase name="3. Enter Too Short Cyrillic First Name" classname="test.StudentProfileTest" time="0.671"/>
  <testcase name="4. Enter Cyrillic First Name With Hyphen" classname="test.StudentProfileTest" time="1.326"/>
  <testcase name="5. Enter Space In First Name Field" classname="test.StudentProfileTest" time="0.764"/>
  <testcase name="6. Enter Romain Letters First Name" classname="test.StudentProfileTest" time="1.045"/>
  <testcase name="7. Enter Cyrillic Last Name" classname="test.StudentProfileTest" time="1.26"/>
  <testcase name="8. Enter Long Cyrillic Last Name" classname="test.StudentProfileTest" time="4.034"/>
  <testcase name="9. Enter Short Cyrillic Last Name" classname="test.StudentProfileTest" time="0.677"/>
  <testcase name="10. Enter Cyrillic Last Name With Hyphen" classname="test.StudentProfileTest" time="1.108"/>
  <testcase name="11. Enter Space In Last Name" classname="test.StudentProfileTest" time="0.589"/>
  <testcase name="12. Enter Romain Letters Last Name" classname="test.StudentProfileTest" time="0.927"/>
  <testcase name="13. Enter Correct Birth Date" classname="test.StudentProfileTest" time="1.259"/>
  <testcase name="14. Enter Long Number In Birth Date" classname="test.StudentProfileTest" time="0.989"/>
  <testcase name="15. Enter Very Long Number In Birth Date" classname="test.StudentProfileTest" time="1.977"/>
  <testcase name="16. Enter Cyrillic In Birth Date" classname="test.StudentProfileTest" time="0.723"/>
  <testcase name="17. Enter Romain Letters In Birth Date" classname="test.StudentProfileTest" time="0.739"/>
  <testcase name="18. Enter Special Symbols In Birth Date" classname="test.StudentProfileTest" time="0.665"/>
  <testcase name="19. Enter Symbols In Birth Date" classname="test.StudentProfileTest" time="0.654"/>
  <testcase name="20. Enter Correct Skype Name" classname="test.StudentProfileTest" time="1.041"/>
  <testcase name="21. Enter Cyrillic Skype Name" classname="test.StudentProfileTest" time="4.011"/>
  <testcase name="22. Enter Long Correct Skype Name" classname="test.StudentProfileTest" time="2.811"/>
  <testcase name="23. Enter Space Skype Name" classname="test.StudentProfileTest" time="0.947"/>
  <testcase name="24. Enter Correct Phone Number" classname="test.StudentProfileTest" time="1.733"/>
  <testcase name="25. Enter Short Phone Number" classname="test.StudentProfileTest" time="0.809"/>
  <testcase name="26. Enter Cyrillic In Phone Number Field" classname="test.StudentProfileTest" time="0.702"/>
  <testcase name="27. Enter Romain Letters In Phone Number Field" classname="test.StudentProfileTest" time="0.902"/>
  <testcase name="28. Enter Special Symbols In Phone Number Field" classname="test.StudentProfileTest" time="0.78"/>
  <testcase name="29. Enter Space In Phone Number Field" classname="test.StudentProfileTest" time="0.517"/>
  <testcase name="30. Changing Country In Phone Number Field" classname="test.StudentProfileTest" time="0.822"/>
  <testcase name="31. Changing Language In Profile To Russian" classname="test.StudentProfileTest" time="6.671"/>
  <system-out><![CDATA[14:32:51.973 [Test worker] DEBUG io.github.bonigarcia.wdm.WebDriverManager - Using WebDriverManager 5.9.1
14:32:51.993 [Test worker] DEBUG io.github.bonigarcia.wdm.cache.ResolutionCache - Resolution chrome=126 in cache (valid until 15:31:01 17/07/2024 MSK)
14:32:51.994 [Test worker] DEBUG io.github.bonigarcia.wdm.cache.ResolutionCache - Resolution chrome126=126.0.6478.182 in cache (valid until 14:31:01 18/07/2024 MSK)
14:32:51.994 [Test worker] INFO io.github.bonigarcia.wdm.WebDriverManager - Using chromedriver 126.0.6478.182 (resolved driver for Chrome 126)
14:32:52.016 [Test worker] DEBUG io.github.bonigarcia.wdm.WebDriverManager - Driver chromedriver 126.0.6478.182 found in cache
14:32:52.018 [Test worker] INFO io.github.bonigarcia.wdm.WebDriverManager - Exporting webdriver.chrome.driver as C:\Users\asus\.cache\selenium\chromedriver\win64\126.0.6478.182\chromedriver.exe
]]></system-out>
  <system-err><![CDATA[]]></system-err>
</testsuite>
