<?xml version="1.0" encoding="UTF-8"?>
<testsuite name="test.StudentsNotesPageTest" tests="4" skipped="0" failures="0" errors="0" timestamp="2024-08-11T09:48:24" hostname="X542U" time="11.344">
  <properties/>
  <testcase name="1. Valid Credential Account Log In Test" classname="test.StudentsNotesPageTest" time="9.382"/>
  <testcase name="2. Notes Page Access" classname="test.StudentsNotesPageTest" time="0.465"/>
  <testcase name="3. Check If One Note Is Present" classname="test.StudentsNotesPageTest" time="0.802"/>
  <testcase name="4. Notes Voiceover Instruction Pop-Up Checking" classname="test.StudentsNotesPageTest" time="0.61"/>
  <system-out><![CDATA[12:48:20.567 [Test worker] DEBUG io.github.bonigarcia.wdm.WebDriverManager - Using WebDriverManager 5.9.1
12:48:20.598 [Test worker] DEBUG io.github.bonigarcia.wdm.cache.ResolutionCache - Resolution chrome=127 in cache (valid until 13:47:58 11/08/2024 MSK)
12:48:20.598 [Test worker] DEBUG io.github.bonigarcia.wdm.cache.ResolutionCache - Resolution chrome127=127.0.6533.99 in cache (valid until 11:11:00 12/08/2024 MSK)
12:48:20.598 [Test worker] INFO io.github.bonigarcia.wdm.WebDriverManager - Using chromedriver 127.0.6533.99 (resolved driver for Chrome 127)
12:48:20.614 [Test worker] DEBUG io.github.bonigarcia.wdm.WebDriverManager - Driver chromedriver 127.0.6533.99 found in cache
12:48:20.645 [Test worker] INFO io.github.bonigarcia.wdm.WebDriverManager - Exporting webdriver.chrome.driver as C:\Users\admin\.cache\selenium\chromedriver\win64\127.0.6533.99\chromedriver.exe
]]></system-out>
  <system-err><![CDATA[]]></system-err>
</testsuite>
