<?xml version="1.0" encoding="UTF-8"?>
<testsuite name="test.StudentMainPageTest" tests="6" skipped="0" failures="0" errors="0" timestamp="2024-05-20T14:14:28" hostname="DESKTOP-84P9B6H" time="78.873">
  <properties/>
  <testcase name="0. Valid Credential Account Log In Test" classname="test.StudentMainPageTest" time="12.992"/>
  <testcase name="1. Google Play Button Test" classname="test.StudentMainPageTest" time="1.12"/>
  <testcase name="2. App Store Button Test" classname="test.StudentMainPageTest" time="25.326"/>
  <testcase name="3. VK Button Test" classname="test.StudentMainPageTest" time="17.021"/>
  <testcase name="4. Instagram Button Test" classname="test.StudentMainPageTest" time="21.681"/>
  <testcase name="5. Facebook Button Test" classname="test.StudentMainPageTest" time="0.484"/>
  <system-out><![CDATA[17:13:56.118 [Test worker] DEBUG io.github.bonigarcia.wdm.WebDriverManager - Using WebDriverManager 5.8.0
17:13:56.143 [Test worker] DEBUG io.github.bonigarcia.wdm.cache.ResolutionCache - Resolution chrome=125 in cache (valid until 17:32:40 20/05/2024 MSK)
17:13:56.149 [Test worker] DEBUG io.github.bonigarcia.wdm.cache.ResolutionCache - Resolution chrome125=125.0.6422.60 in cache (valid until 11:26:06 21/05/2024 MSK)
17:13:56.150 [Test worker] INFO io.github.bonigarcia.wdm.WebDriverManager - Using chromedriver 125.0.6422.60 (resolved driver for Chrome 125)
17:13:56.179 [Test worker] DEBUG io.github.bonigarcia.wdm.WebDriverManager - Driver chromedriver 125.0.6422.60 found in cache
17:13:56.182 [Test worker] INFO io.github.bonigarcia.wdm.WebDriverManager - Exporting webdriver.chrome.driver as C:\Users\asus\.cache\selenium\chromedriver\win64\125.0.6422.60\chromedriver.exe
]]></system-out>
  <system-err><![CDATA[мая 20, 2024 5:14:16 PM org.openqa.selenium.devtools.CdpVersionFinder findNearestMatch
WARNING: Unable to find an exact match for CDP version 125, returning the closest version; found: 123; Please update to a Selenium version that supports CDP version 125
]]></system-err>
</testsuite>
