<?xml version="1.0" encoding="UTF-8"?>
<testsuite name="test.StudentsAccAccessibilityTest" tests="12" skipped="0" failures="0" errors="0" timestamp="2024-03-01T13:38:20" hostname="DESKTOP-84P9B6H" time="24.627">
  <properties/>
  <testcase name="0. Login Page Availablility Test" classname="test.StudentsAccAccessibilityTest" time="7.533"/>
  <testcase name="1. Valid Credential Authentification Passed Test" classname="test.StudentsAccAccessibilityTest" time="8.929"/>
  <testcase name="10. Tests Page Access" classname="test.StudentsAccAccessibilityTest" time="0.815"/>
  <testcase name="11. Top Up Page Access" classname="test.StudentsAccAccessibilityTest" time="0.923"/>
  <testcase name="2. Chat Page Access" classname="test.StudentsAccAccessibilityTest" time="0.739"/>
  <testcase name="3. Dictionary Page Access" classname="test.StudentsAccAccessibilityTest" time="1.17"/>
  <testcase name="4. Notes Page Access" classname="test.StudentsAccAccessibilityTest" time="0.706"/>
  <testcase name="5. Mini-courses Page Access" classname="test.StudentsAccAccessibilityTest" time="0.702"/>
  <testcase name="6. Classes Page Access" classname="test.StudentsAccAccessibilityTest" time="0.727"/>
  <testcase name="7. Homework Page Access" classname="test.StudentsAccAccessibilityTest" time="0.727"/>
  <testcase name="8. Student Account Page Access" classname="test.StudentsAccAccessibilityTest" time="0.218"/>
  <testcase name="9. Student Profile Page Access" classname="test.StudentsAccAccessibilityTest" time="1.354"/>
  <system-out><![CDATA[16:37:18.459 [Test worker] DEBUG io.github.bonigarcia.wdm.WebDriverManager - Using WebDriverManager 5.5.3
16:37:18.579 [AsyncHttpClient-1-1] DEBUG org.asynchttpclient.netty.channel.DefaultChannelPool - Entry count for : http://localhost:1461 : 1
16:37:18.670 [Test worker] DEBUG io.github.bonigarcia.wdm.cache.ResolutionCache - Resolution chrome=122 in cache (valid until 17:35:02 01/03/2024 MSK)
16:37:18.671 [Test worker] DEBUG io.github.bonigarcia.wdm.cache.ResolutionCache - Resolution chrome122=122.0.6261.94 in cache (valid until 16:35:02 02/03/2024 MSK)
16:37:18.672 [Test worker] INFO io.github.bonigarcia.wdm.WebDriverManager - Using chromedriver 122.0.6261.94 (resolved driver for Chrome 122)
16:37:18.686 [Test worker] DEBUG io.github.bonigarcia.wdm.WebDriverManager - Driver chromedriver 122.0.6261.94 found in cache
16:37:18.689 [Test worker] INFO io.github.bonigarcia.wdm.WebDriverManager - Exporting webdriver.chrome.driver as C:\Users\asus\.cache\selenium\chromedriver\win64\122.0.6261.94\chromedriver.exe
16:37:19.679 [AsyncHttpClient-1-1] DEBUG org.asynchttpclient.netty.channel.DefaultChannelPool - Entry count for : http://localhost:1461 : 1
16:37:20.778 [AsyncHttpClient-1-1] DEBUG org.asynchttpclient.netty.channel.DefaultChannelPool - Entry count for : http://localhost:1461 : 1
16:37:21.509 [AsyncHttpClient-1-8] DEBUG org.asynchttpclient.netty.channel.NettyConnectListener - Using new Channel '[id: 0xdc1bedf7, L:/127.0.0.1:56909 - R:localhost/127.0.0.1:12838]' for 'POST' to '/session'
16:37:21.883 [AsyncHttpClient-1-1] DEBUG org.asynchttpclient.netty.channel.DefaultChannelPool - Entry count for : http://localhost:1461 : 1
16:37:22.977 [AsyncHttpClient-1-1] DEBUG org.asynchttpclient.netty.channel.DefaultChannelPool - Entry count for : http://localhost:1461 : 1
16:37:24.078 [AsyncHttpClient-1-1] DEBUG org.asynchttpclient.netty.channel.DefaultChannelPool - Entry count for : http://localhost:1461 : 1
16:37:25.180 [AsyncHttpClient-1-1] DEBUG org.asynchttpclient.netty.channel.DefaultChannelPool - Entry count for : http://localhost:1461 : 1
16:37:26.278 [AsyncHttpClient-1-1] DEBUG org.asynchttpclient.netty.channel.DefaultChannelPool - Entry count for : http://localhost:1461 : 1
16:37:27.378 [AsyncHttpClient-1-1] DEBUG org.asynchttpclient.netty.channel.DefaultChannelPool - Entry count for : http://localhost:1461 : 1
16:37:28.477 [AsyncHttpClient-1-1] DEBUG org.asynchttpclient.netty.channel.DefaultChannelPool - Entry count for : http://localhost:1461 : 1
16:37:29.578 [AsyncHttpClient-1-1] DEBUG org.asynchttpclient.netty.channel.DefaultChannelPool - Entry count for : http://localhost:1461 : 1
16:37:30.679 [AsyncHttpClient-1-1] DEBUG org.asynchttpclient.netty.channel.DefaultChannelPool - Entry count for : http://localhost:1461 : 1
16:37:31.779 [AsyncHttpClient-1-1] DEBUG org.asynchttpclient.netty.channel.DefaultChannelPool - Entry count for : http://localhost:1461 : 1
16:37:32.884 [AsyncHttpClient-1-1] DEBUG org.asynchttpclient.netty.channel.DefaultChannelPool - Entry count for : http://localhost:1461 : 1
16:37:33.978 [AsyncHttpClient-1-1] DEBUG org.asynchttpclient.netty.channel.DefaultChannelPool - Entry count for : http://localhost:1461 : 1
16:37:35.081 [AsyncHttpClient-1-1] DEBUG org.asynchttpclient.netty.channel.DefaultChannelPool - Entry count for : http://localhost:1461 : 1
16:37:36.178 [AsyncHttpClient-1-1] DEBUG org.asynchttpclient.netty.channel.DefaultChannelPool - Entry count for : http://localhost:1461 : 1
16:37:37.282 [AsyncHttpClient-1-1] DEBUG org.asynchttpclient.netty.channel.DefaultChannelPool - Entry count for : http://localhost:1461 : 1
16:37:38.377 [AsyncHttpClient-1-1] DEBUG org.asynchttpclient.netty.channel.DefaultChannelPool - Entry count for : http://localhost:1461 : 1
16:37:39.479 [AsyncHttpClient-1-1] DEBUG org.asynchttpclient.netty.channel.DefaultChannelPool - Entry count for : http://localhost:1461 : 1
16:37:40.579 [AsyncHttpClient-1-1] DEBUG org.asynchttpclient.netty.channel.DefaultChannelPool - Entry count for : http://localhost:1461 : 1
16:37:41.681 [AsyncHttpClient-1-1] DEBUG org.asynchttpclient.netty.channel.DefaultChannelPool - Entry count for : http://localhost:1461 : 1
16:37:42.787 [AsyncHttpClient-1-1] DEBUG org.asynchttpclient.netty.channel.DefaultChannelPool - Entry count for : http://localhost:1461 : 1
16:37:43.878 [AsyncHttpClient-1-1] DEBUG org.asynchttpclient.netty.channel.DefaultChannelPool - Entry count for : http://localhost:1461 : 1
16:37:44.977 [AsyncHttpClient-1-1] DEBUG org.asynchttpclient.netty.channel.DefaultChannelPool - Entry count for : http://localhost:1461 : 1
16:37:46.082 [AsyncHttpClient-1-1] DEBUG org.asynchttpclient.netty.channel.DefaultChannelPool - Entry count for : http://localhost:1461 : 1
16:37:47.186 [AsyncHttpClient-1-1] DEBUG org.asynchttpclient.netty.channel.DefaultChannelPool - Entry count for : http://localhost:1461 : 1
16:37:48.278 [AsyncHttpClient-1-1] DEBUG org.asynchttpclient.netty.channel.DefaultChannelPool - Entry count for : http://localhost:1461 : 1
16:37:49.380 [AsyncHttpClient-1-1] DEBUG org.asynchttpclient.netty.channel.DefaultChannelPool - Entry count for : http://localhost:1461 : 1
16:37:50.480 [AsyncHttpClient-1-1] DEBUG org.asynchttpclient.netty.channel.DefaultChannelPool - Entry count for : http://localhost:1461 : 1
16:37:51.582 [AsyncHttpClient-1-1] DEBUG org.asynchttpclient.netty.channel.DefaultChannelPool - Entry count for : http://localhost:1461 : 1
16:37:52.677 [AsyncHttpClient-1-1] DEBUG org.asynchttpclient.netty.channel.DefaultChannelPool - Entry count for : http://localhost:1461 : 1
16:37:53.778 [AsyncHttpClient-1-1] DEBUG org.asynchttpclient.netty.channel.DefaultChannelPool - Entry count for : http://localhost:1461 : 1
16:37:54.881 [AsyncHttpClient-1-1] DEBUG org.asynchttpclient.netty.channel.DefaultChannelPool - Entry count for : http://localhost:1461 : 1
16:37:55.983 [AsyncHttpClient-1-1] DEBUG org.asynchttpclient.netty.channel.DefaultChannelPool - Entry count for : http://localhost:1461 : 1
16:37:57.079 [AsyncHttpClient-1-1] DEBUG org.asynchttpclient.netty.channel.DefaultChannelPool - Entry count for : http://localhost:1461 : 1
16:37:58.184 [AsyncHttpClient-1-1] DEBUG org.asynchttpclient.netty.channel.DefaultChannelPool - Entry count for : http://localhost:1461 : 1
16:37:59.279 [AsyncHttpClient-1-1] DEBUG org.asynchttpclient.netty.channel.DefaultChannelPool - Entry count for : http://localhost:1461 : 1
16:38:00.381 [AsyncHttpClient-1-1] DEBUG org.asynchttpclient.netty.channel.DefaultChannelPool - Entry count for : http://localhost:1461 : 1
16:38:01.478 [AsyncHttpClient-1-1] DEBUG org.asynchttpclient.netty.channel.DefaultChannelPool - Entry count for : http://localhost:1461 : 1
16:38:02.581 [AsyncHttpClient-1-1] DEBUG org.asynchttpclient.netty.channel.DefaultChannelPool - Entry count for : http://localhost:1461 : 1
16:38:03.679 [AsyncHttpClient-1-1] DEBUG org.asynchttpclient.netty.channel.DefaultChannelPool - Entry count for : http://localhost:1461 : 1
16:38:04.783 [AsyncHttpClient-1-1] DEBUG org.asynchttpclient.netty.channel.DefaultChannelPool - Entry count for : http://localhost:1461 : 1
16:38:05.879 [AsyncHttpClient-1-1] DEBUG org.asynchttpclient.netty.channel.DefaultChannelPool - Entry count for : http://localhost:1461 : 1
16:38:06.981 [AsyncHttpClient-1-1] DEBUG org.asynchttpclient.netty.channel.DefaultChannelPool - Entry count for : http://localhost:1461 : 1
16:38:08.078 [AsyncHttpClient-1-1] DEBUG org.asynchttpclient.netty.channel.DefaultChannelPool - Entry count for : http://localhost:1461 : 1
16:38:09.181 [AsyncHttpClient-1-1] DEBUG org.asynchttpclient.netty.channel.DefaultChannelPool - Entry count for : http://localhost:1461 : 1
16:38:10.281 [AsyncHttpClient-1-1] DEBUG org.asynchttpclient.netty.channel.DefaultChannelPool - Entry count for : http://localhost:1461 : 1
16:38:11.379 [AsyncHttpClient-1-1] DEBUG org.asynchttpclient.netty.channel.DefaultChannelPool - Entry count for : http://localhost:1461 : 1
16:38:11.649 [AsyncHttpClient-1-8] DEBUG org.asynchttpclient.netty.handler.HttpHandler - 

Request DefaultHttpRequest(decodeResult: success, version: HTTP/1.1)
POST /session HTTP/1.1
User-Agent: selenium/4.12.1 (java windows)
Content-Length: 319
Content-Type: application/json; charset=utf-8
host: localhost:12838
accept: */*

Response DefaultHttpResponse(decodeResult: success, version: HTTP/1.1)
HTTP/1.1 200 OK
Content-Length: 894
Content-Type: application/json; charset=utf-8
cache-control: no-cache

16:38:11.649 [AsyncHttpClient-1-8] DEBUG org.asynchttpclient.netty.channel.ChannelManager - Adding key: http://localhost:12838 for channel [id: 0xdc1bedf7, L:/127.0.0.1:56909 - R:localhost/127.0.0.1:12838]
16:38:11.664 [AsyncHttpClient-1-9] DEBUG org.asynchttpclient.netty.channel.NettyConnectListener - Using new Channel '[id: 0xb6feee3b, L:/127.0.0.1:56922 - R:localhost/127.0.0.1:56910]' for 'GET' to '/json/version'
16:38:11.666 [AsyncHttpClient-1-9] DEBUG org.asynchttpclient.netty.handler.HttpHandler - 

Request DefaultFullHttpRequest(decodeResult: success, version: HTTP/1.1, content: EmptyByteBufBE)
GET /json/version HTTP/1.1
User-Agent: selenium/4.12.1 (java windows)
host: localhost:56910
accept: */*

Response DefaultHttpResponse(decodeResult: success, version: HTTP/1.1)
HTTP/1.1 200 OK
Content-Security-Policy: frame-ancestors 'none'
Content-Length: 443
Content-Type: application/json; charset=UTF-8

16:38:11.666 [AsyncHttpClient-1-9] DEBUG org.asynchttpclient.netty.channel.ChannelManager - Adding key: http://localhost:56910 for channel [id: 0xb6feee3b, L:/127.0.0.1:56922 - R:localhost/127.0.0.1:56910]
16:38:11.671 [AsyncHttpClient-1-2] DEBUG org.asynchttpclient.netty.channel.NettyConnectListener - Using new Channel '[id: 0xe353c9f7, L:/127.0.0.1:56923 - R:localhost/127.0.0.1:56910]' for 'GET' to '/devtools/browser/44b53d65-9d99-4432-8b95-1127768449d4'
16:38:11.673 [AsyncHttpClient-1-2] DEBUG org.asynchttpclient.netty.handler.WebSocketHandler - 

Request DefaultFullHttpRequest(decodeResult: success, version: HTTP/1.1, content: EmptyByteBufBE)
GET /devtools/browser/44b53d65-9d99-4432-8b95-1127768449d4 HTTP/1.1
upgrade: websocket
connection: upgrade
sec-websocket-key: VS85kIUahEDNTQ1Y0sZvUw==
sec-websocket-version: 13
origin: http://localhost:56910
host: localhost:56910
accept: */*
user-agent: AHC/2.1

Response DefaultHttpResponse(decodeResult: success, version: HTTP/1.1)
HTTP/1.1 101 WebSocket Protocol Handshake
Upgrade: WebSocket
Connection: Upgrade
Sec-WebSocket-Accept: JvNkbPUeYmbU6/LooAHL45Apc8o=

16:38:11.695 [Forwarding get on session 9b04d0b2ee1d1eefe9f595a912aeb8f2 to remote] DEBUG org.asynchttpclient.netty.request.NettyRequestSender - Using pooled Channel '[id: 0xdc1bedf7, L:/127.0.0.1:56909 - R:localhost/127.0.0.1:12838]' for 'POST' to 'http://localhost:12838/session/9b04d0b2ee1d1eefe9f595a912aeb8f2/url'
16:38:11.695 [Forwarding get on session 9b04d0b2ee1d1eefe9f595a912aeb8f2 to remote] DEBUG org.asynchttpclient.netty.request.NettyRequestSender - Using open Channel [id: 0xdc1bedf7, L:/127.0.0.1:56909 - R:localhost/127.0.0.1:12838] for POST '/session/9b04d0b2ee1d1eefe9f595a912aeb8f2/url'
16:38:12.480 [AsyncHttpClient-1-1] DEBUG org.asynchttpclient.netty.channel.DefaultChannelPool - Entry count for : http://localhost:56910 : 1
16:38:12.480 [AsyncHttpClient-1-1] DEBUG org.asynchttpclient.netty.channel.DefaultChannelPool - Entry count for : http://localhost:1461 : 1
16:38:13.578 [AsyncHttpClient-1-1] DEBUG org.asynchttpclient.netty.channel.DefaultChannelPool - Entry count for : http://localhost:56910 : 1
16:38:13.578 [AsyncHttpClient-1-1] DEBUG org.asynchttpclient.netty.channel.DefaultChannelPool - Entry count for : http://localhost:1461 : 1
16:38:14.681 [AsyncHttpClient-1-1] DEBUG org.asynchttpclient.netty.channel.DefaultChannelPool - Entry count for : http://localhost:56910 : 1
16:38:14.681 [AsyncHttpClient-1-1] DEBUG org.asynchttpclient.netty.channel.DefaultChannelPool - Entry count for : http://localhost:1461 : 1
16:38:15.782 [AsyncHttpClient-1-1] DEBUG org.asynchttpclient.netty.channel.DefaultChannelPool - Entry count for : http://localhost:56910 : 1
16:38:15.782 [AsyncHttpClient-1-1] DEBUG org.asynchttpclient.netty.channel.DefaultChannelPool - Entry count for : http://localhost:1461 : 1
16:38:16.879 [AsyncHttpClient-1-1] DEBUG org.asynchttpclient.netty.channel.DefaultChannelPool - Entry count for : http://localhost:56910 : 1
16:38:16.879 [AsyncHttpClient-1-1] DEBUG org.asynchttpclient.netty.channel.DefaultChannelPool - Entry count for : http://localhost:1461 : 1
16:38:17.986 [AsyncHttpClient-1-1] DEBUG org.asynchttpclient.netty.channel.DefaultChannelPool - Entry count for : http://localhost:56910 : 1
16:38:17.986 [AsyncHttpClient-1-1] DEBUG org.asynchttpclient.netty.channel.DefaultChannelPool - Entry count for : http://localhost:1461 : 1
16:38:17.986 [AsyncHttpClient-1-1] DEBUG org.asynchttpclient.netty.channel.DefaultChannelPool - Adding Candidate expired Channel [id: 0x2c50df9f, L:/127.0.0.1:56854 - R:localhost/127.0.0.1:1461] isIdleTimeoutExpired=true isRemotelyClosed=false isTtlExpired=false
16:38:17.986 [AsyncHttpClient-1-1] DEBUG org.asynchttpclient.netty.channel.DefaultChannelPool - Closing Idle Channel [id: 0x2c50df9f, L:/127.0.0.1:56854 - R:localhost/127.0.0.1:1461]
16:38:17.987 [AsyncHttpClient-1-5] DEBUG org.asynchttpclient.netty.handler.HttpHandler - Channel Closed: [id: 0x2c50df9f, L:/127.0.0.1:56854 ! R:localhost/127.0.0.1:1461] with attribute DISCARD
16:38:17.987 [AsyncHttpClient-1-1] DEBUG org.asynchttpclient.netty.channel.DefaultChannelPool - Closed 1 connections out of 2 in 1 ms
16:38:19.078 [AsyncHttpClient-1-1] DEBUG org.asynchttpclient.netty.channel.DefaultChannelPool - Entry count for : http://localhost:56910 : 1
16:38:20.178 [AsyncHttpClient-1-1] DEBUG org.asynchttpclient.netty.channel.DefaultChannelPool - Entry count for : http://localhost:56910 : 1
16:38:20.197 [AsyncHttpClient-1-8] DEBUG org.asynchttpclient.netty.handler.HttpHandler - 

Request DefaultHttpRequest(decodeResult: success, version: HTTP/1.1)
POST /session/9b04d0b2ee1d1eefe9f595a912aeb8f2/url HTTP/1.1
User-Agent: selenium/4.12.1 (java windows)
Content-Length: 60
Content-Type: application/json; charset=utf-8
host: localhost:12838
accept: */*

Response DefaultHttpResponse(decodeResult: success, version: HTTP/1.1)
HTTP/1.1 200 OK
Content-Length: 14
Content-Type: application/json; charset=utf-8
cache-control: no-cache

16:38:20.197 [AsyncHttpClient-1-8] DEBUG org.asynchttpclient.netty.channel.ChannelManager - Adding key: http://localhost:12838 for channel [id: 0xdc1bedf7, L:/127.0.0.1:56909 - R:localhost/127.0.0.1:12838]
16:38:20.203 [Forwarding get on session 9b04d0b2ee1d1eefe9f595a912aeb8f2 to remote] DEBUG org.asynchttpclient.netty.request.NettyRequestSender - Using pooled Channel '[id: 0xdc1bedf7, L:/127.0.0.1:56909 - R:localhost/127.0.0.1:12838]' for 'POST' to 'http://localhost:12838/session/9b04d0b2ee1d1eefe9f595a912aeb8f2/url'
16:38:20.203 [Forwarding get on session 9b04d0b2ee1d1eefe9f595a912aeb8f2 to remote] DEBUG org.asynchttpclient.netty.request.NettyRequestSender - Using open Channel [id: 0xdc1bedf7, L:/127.0.0.1:56909 - R:localhost/127.0.0.1:12838] for POST '/session/9b04d0b2ee1d1eefe9f595a912aeb8f2/url'
16:38:21.279 [AsyncHttpClient-1-1] DEBUG org.asynchttpclient.netty.channel.DefaultChannelPool - Entry count for : http://localhost:56910 : 1
16:38:22.382 [AsyncHttpClient-1-1] DEBUG org.asynchttpclient.netty.channel.DefaultChannelPool - Entry count for : http://localhost:56910 : 1
16:38:22.975 [AsyncHttpClient-1-8] DEBUG org.asynchttpclient.netty.handler.HttpHandler - 

Request DefaultHttpRequest(decodeResult: success, version: HTTP/1.1)
POST /session/9b04d0b2ee1d1eefe9f595a912aeb8f2/url HTTP/1.1
User-Agent: selenium/4.12.1 (java windows)
Content-Length: 60
Content-Type: application/json; charset=utf-8
host: localhost:12838
accept: */*

Response DefaultHttpResponse(decodeResult: success, version: HTTP/1.1)
HTTP/1.1 200 OK
Content-Length: 14
Content-Type: application/json; charset=utf-8
cache-control: no-cache

16:38:22.975 [AsyncHttpClient-1-8] DEBUG org.asynchttpclient.netty.channel.ChannelManager - Adding key: http://localhost:12838 for channel [id: 0xdc1bedf7, L:/127.0.0.1:56909 - R:localhost/127.0.0.1:12838]
16:38:22.976 [Forwarding findElement on session 9b04d0b2ee1d1eefe9f595a912aeb8f2 to remote] DEBUG org.asynchttpclient.netty.request.NettyRequestSender - Using pooled Channel '[id: 0xdc1bedf7, L:/127.0.0.1:56909 - R:localhost/127.0.0.1:12838]' for 'POST' to 'http://localhost:12838/session/9b04d0b2ee1d1eefe9f595a912aeb8f2/element'
16:38:22.977 [Forwarding findElement on session 9b04d0b2ee1d1eefe9f595a912aeb8f2 to remote] DEBUG org.asynchttpclient.netty.request.NettyRequestSender - Using open Channel [id: 0xdc1bedf7, L:/127.0.0.1:56909 - R:localhost/127.0.0.1:12838] for POST '/session/9b04d0b2ee1d1eefe9f595a912aeb8f2/element'
16:38:22.998 [AsyncHttpClient-1-8] DEBUG org.asynchttpclient.netty.handler.HttpHandler - 

Request DefaultHttpRequest(decodeResult: success, version: HTTP/1.1)
POST /session/9b04d0b2ee1d1eefe9f595a912aeb8f2/element HTTP/1.1
User-Agent: selenium/4.12.1 (java windows)
Content-Length: 109
Content-Type: application/json; charset=utf-8
host: localhost:12838
accept: */*

Response DefaultHttpResponse(decodeResult: success, version: HTTP/1.1)
HTTP/1.1 200 OK
Content-Length: 126
Content-Type: application/json; charset=utf-8
cache-control: no-cache

16:38:22.998 [AsyncHttpClient-1-8] DEBUG org.asynchttpclient.netty.channel.ChannelManager - Adding key: http://localhost:12838 for channel [id: 0xdc1bedf7, L:/127.0.0.1:56909 - R:localhost/127.0.0.1:12838]
16:38:23.000 [Forwarding isElementDisplayed on session 9b04d0b2ee1d1eefe9f595a912aeb8f2 to remote] DEBUG org.asynchttpclient.netty.request.NettyRequestSender - Using pooled Channel '[id: 0xdc1bedf7, L:/127.0.0.1:56909 - R:localhost/127.0.0.1:12838]' for 'POST' to 'http://localhost:12838/session/9b04d0b2ee1d1eefe9f595a912aeb8f2/execute/sync'
16:38:23.001 [Forwarding isElementDisplayed on session 9b04d0b2ee1d1eefe9f595a912aeb8f2 to remote] DEBUG org.asynchttpclient.netty.request.NettyRequestSender - Using open Channel [id: 0xdc1bedf7, L:/127.0.0.1:56909 - R:localhost/127.0.0.1:12838] for POST '/session/9b04d0b2ee1d1eefe9f595a912aeb8f2/execute/sync'
16:38:23.018 [AsyncHttpClient-1-8] DEBUG org.asynchttpclient.netty.handler.HttpHandler - 

Request DefaultHttpRequest(decodeResult: success, version: HTTP/1.1)
POST /session/9b04d0b2ee1d1eefe9f595a912aeb8f2/execute/sync HTTP/1.1
User-Agent: selenium/4.12.1 (java windows)
Content-Length: 48734
Content-Type: application/json; charset=utf-8
host: localhost:12838
accept: */*

Response DefaultHttpResponse(decodeResult: success, version: HTTP/1.1)
HTTP/1.1 200 OK
Content-Length: 14
Content-Type: application/json; charset=utf-8
cache-control: no-cache

16:38:23.018 [AsyncHttpClient-1-8] DEBUG org.asynchttpclient.netty.channel.ChannelManager - Adding key: http://localhost:12838 for channel [id: 0xdc1bedf7, L:/127.0.0.1:56909 - R:localhost/127.0.0.1:12838]
16:38:23.019 [Forwarding getTitle on session 9b04d0b2ee1d1eefe9f595a912aeb8f2 to remote] DEBUG org.asynchttpclient.netty.request.NettyRequestSender - Using pooled Channel '[id: 0xdc1bedf7, L:/127.0.0.1:56909 - R:localhost/127.0.0.1:12838]' for 'GET' to 'http://localhost:12838/session/9b04d0b2ee1d1eefe9f595a912aeb8f2/title'
16:38:23.019 [Forwarding getTitle on session 9b04d0b2ee1d1eefe9f595a912aeb8f2 to remote] DEBUG org.asynchttpclient.netty.request.NettyRequestSender - Using open Channel [id: 0xdc1bedf7, L:/127.0.0.1:56909 - R:localhost/127.0.0.1:12838] for GET '/session/9b04d0b2ee1d1eefe9f595a912aeb8f2/title'
16:38:23.027 [AsyncHttpClient-1-8] DEBUG org.asynchttpclient.netty.handler.HttpHandler - 

Request DefaultFullHttpRequest(decodeResult: success, version: HTTP/1.1, content: EmptyByteBufBE)
GET /session/9b04d0b2ee1d1eefe9f595a912aeb8f2/title HTTP/1.1
Cache-Control: no-cache
User-Agent: selenium/4.12.1 (java windows)
Content-Type: application/json; charset=utf-8
host: localhost:12838
accept: */*

Response DefaultHttpResponse(decodeResult: success, version: HTTP/1.1)
HTTP/1.1 200 OK
Content-Length: 23
Content-Type: application/json; charset=utf-8
cache-control: no-cache

16:38:23.027 [AsyncHttpClient-1-8] DEBUG org.asynchttpclient.netty.channel.ChannelManager - Adding key: http://localhost:12838 for channel [id: 0xdc1bedf7, L:/127.0.0.1:56909 - R:localhost/127.0.0.1:12838]
16:38:23.479 [AsyncHttpClient-1-1] DEBUG org.asynchttpclient.netty.channel.DefaultChannelPool - Entry count for : http://localhost:12838 : 1
16:38:23.479 [AsyncHttpClient-1-1] DEBUG org.asynchttpclient.netty.channel.DefaultChannelPool - Entry count for : http://localhost:56910 : 1
16:38:24.655 [AsyncHttpClient-1-1] DEBUG org.asynchttpclient.netty.channel.DefaultChannelPool - Entry count for : http://localhost:12838 : 1
16:38:24.656 [AsyncHttpClient-1-1] DEBUG org.asynchttpclient.netty.channel.DefaultChannelPool - Entry count for : http://localhost:56910 : 1
16:38:25.686 [AsyncHttpClient-1-1] DEBUG org.asynchttpclient.netty.channel.DefaultChannelPool - Entry count for : http://localhost:12838 : 1
16:38:25.686 [AsyncHttpClient-1-1] DEBUG org.asynchttpclient.netty.channel.DefaultChannelPool - Entry count for : http://localhost:56910 : 1
16:38:26.778 [AsyncHttpClient-1-1] DEBUG org.asynchttpclient.netty.channel.DefaultChannelPool - Entry count for : http://localhost:12838 : 1
16:38:26.778 [AsyncHttpClient-1-1] DEBUG org.asynchttpclient.netty.channel.DefaultChannelPool - Entry count for : http://localhost:56910 : 1
16:38:27.740 [Forwarding findElement on session 9b04d0b2ee1d1eefe9f595a912aeb8f2 to remote] DEBUG org.asynchttpclient.netty.request.NettyRequestSender - Using pooled Channel '[id: 0xdc1bedf7, L:/127.0.0.1:56909 - R:localhost/127.0.0.1:12838]' for 'POST' to 'http://localhost:12838/session/9b04d0b2ee1d1eefe9f595a912aeb8f2/element'
16:38:27.740 [Forwarding findElement on session 9b04d0b2ee1d1eefe9f595a912aeb8f2 to remote] DEBUG org.asynchttpclient.netty.request.NettyRequestSender - Using open Channel [id: 0xdc1bedf7, L:/127.0.0.1:56909 - R:localhost/127.0.0.1:12838] for POST '/session/9b04d0b2ee1d1eefe9f595a912aeb8f2/element'
16:38:27.753 [AsyncHttpClient-1-8] DEBUG org.asynchttpclient.netty.handler.HttpHandler - 

Request DefaultHttpRequest(decodeResult: success, version: HTTP/1.1)
POST /session/9b04d0b2ee1d1eefe9f595a912aeb8f2/element HTTP/1.1
User-Agent: selenium/4.12.1 (java windows)
Content-Length: 109
Content-Type: application/json; charset=utf-8
host: localhost:12838
accept: */*

Response DefaultHttpResponse(decodeResult: success, version: HTTP/1.1)
HTTP/1.1 200 OK
Content-Length: 126
Content-Type: application/json; charset=utf-8
cache-control: no-cache

16:38:27.753 [AsyncHttpClient-1-8] DEBUG org.asynchttpclient.netty.channel.ChannelManager - Adding key: http://localhost:12838 for channel [id: 0xdc1bedf7, L:/127.0.0.1:56909 - R:localhost/127.0.0.1:12838]
16:38:27.755 [Forwarding isElementDisplayed on session 9b04d0b2ee1d1eefe9f595a912aeb8f2 to remote] DEBUG org.asynchttpclient.netty.request.NettyRequestSender - Using pooled Channel '[id: 0xdc1bedf7, L:/127.0.0.1:56909 - R:localhost/127.0.0.1:12838]' for 'POST' to 'http://localhost:12838/session/9b04d0b2ee1d1eefe9f595a912aeb8f2/execute/sync'
16:38:27.755 [Forwarding isElementDisplayed on session 9b04d0b2ee1d1eefe9f595a912aeb8f2 to remote] DEBUG org.asynchttpclient.netty.request.NettyRequestSender - Using open Channel [id: 0xdc1bedf7, L:/127.0.0.1:56909 - R:localhost/127.0.0.1:12838] for POST '/session/9b04d0b2ee1d1eefe9f595a912aeb8f2/execute/sync'
16:38:27.776 [AsyncHttpClient-1-8] DEBUG org.asynchttpclient.netty.handler.HttpHandler - 

Request DefaultHttpRequest(decodeResult: success, version: HTTP/1.1)
POST /session/9b04d0b2ee1d1eefe9f595a912aeb8f2/execute/sync HTTP/1.1
User-Agent: selenium/4.12.1 (java windows)
Content-Length: 48734
Content-Type: application/json; charset=utf-8
host: localhost:12838
accept: */*

Response DefaultHttpResponse(decodeResult: success, version: HTTP/1.1)
HTTP/1.1 200 OK
Content-Length: 14
Content-Type: application/json; charset=utf-8
cache-control: no-cache

16:38:27.776 [AsyncHttpClient-1-8] DEBUG org.asynchttpclient.netty.channel.ChannelManager - Adding key: http://localhost:12838 for channel [id: 0xdc1bedf7, L:/127.0.0.1:56909 - R:localhost/127.0.0.1:12838]
16:38:27.778 [Forwarding findElement on session 9b04d0b2ee1d1eefe9f595a912aeb8f2 to remote] DEBUG org.asynchttpclient.netty.request.NettyRequestSender - Using pooled Channel '[id: 0xdc1bedf7, L:/127.0.0.1:56909 - R:localhost/127.0.0.1:12838]' for 'POST' to 'http://localhost:12838/session/9b04d0b2ee1d1eefe9f595a912aeb8f2/element'
16:38:27.778 [Forwarding findElement on session 9b04d0b2ee1d1eefe9f595a912aeb8f2 to remote] DEBUG org.asynchttpclient.netty.request.NettyRequestSender - Using open Channel [id: 0xdc1bedf7, L:/127.0.0.1:56909 - R:localhost/127.0.0.1:12838] for POST '/session/9b04d0b2ee1d1eefe9f595a912aeb8f2/element'
16:38:27.791 [AsyncHttpClient-1-8] DEBUG org.asynchttpclient.netty.handler.HttpHandler - 

Request DefaultHttpRequest(decodeResult: success, version: HTTP/1.1)
POST /session/9b04d0b2ee1d1eefe9f595a912aeb8f2/element HTTP/1.1
User-Agent: selenium/4.12.1 (java windows)
Content-Length: 109
Content-Type: application/json; charset=utf-8
host: localhost:12838
accept: */*

Response DefaultHttpResponse(decodeResult: success, version: HTTP/1.1)
HTTP/1.1 200 OK
Content-Length: 126
Content-Type: application/json; charset=utf-8
cache-control: no-cache

16:38:27.791 [AsyncHttpClient-1-8] DEBUG org.asynchttpclient.netty.channel.ChannelManager - Adding key: http://localhost:12838 for channel [id: 0xdc1bedf7, L:/127.0.0.1:56909 - R:localhost/127.0.0.1:12838]
16:38:27.793 [Forwarding sendKeysToElement on session 9b04d0b2ee1d1eefe9f595a912aeb8f2 to remote] DEBUG org.asynchttpclient.netty.request.NettyRequestSender - Using pooled Channel '[id: 0xdc1bedf7, L:/127.0.0.1:56909 - R:localhost/127.0.0.1:12838]' for 'POST' to 'http://localhost:12838/session/9b04d0b2ee1d1eefe9f595a912aeb8f2/element/f.C9D472DB4FB00F4B67F029A916D676ED.d.CAB5B5C87A06E33055FB534C5BA7FADA.e.12/value'
16:38:27.793 [Forwarding sendKeysToElement on session 9b04d0b2ee1d1eefe9f595a912aeb8f2 to remote] DEBUG org.asynchttpclient.netty.request.NettyRequestSender - Using open Channel [id: 0xdc1bedf7, L:/127.0.0.1:56909 - R:localhost/127.0.0.1:12838] for POST '/session/9b04d0b2ee1d1eefe9f595a912aeb8f2/element/f.C9D472DB4FB00F4B67F029A916D676ED.d.CAB5B5C87A06E33055FB534C5BA7FADA.e.12/value'
16:38:27.941 [AsyncHttpClient-1-1] DEBUG org.asynchttpclient.netty.channel.DefaultChannelPool - Entry count for : http://localhost:56910 : 1
16:38:28.185 [AsyncHttpClient-1-8] DEBUG org.asynchttpclient.netty.handler.HttpHandler - 

Request DefaultHttpRequest(decodeResult: success, version: HTTP/1.1)
POST /session/9b04d0b2ee1d1eefe9f595a912aeb8f2/element/f.C9D472DB4FB00F4B67F029A916D676ED.d.CAB5B5C87A06E33055FB534C5BA7FADA.e.12/value HTTP/1.1
User-Agent: selenium/4.12.1 (java windows)
Content-Length: 419
Content-Type: application/json; charset=utf-8
host: localhost:12838
accept: */*

Response DefaultHttpResponse(decodeResult: success, version: HTTP/1.1)
HTTP/1.1 200 OK
Content-Length: 14
Content-Type: application/json; charset=utf-8
cache-control: no-cache

16:38:28.185 [AsyncHttpClient-1-8] DEBUG org.asynchttpclient.netty.channel.ChannelManager - Adding key: http://localhost:12838 for channel [id: 0xdc1bedf7, L:/127.0.0.1:56909 - R:localhost/127.0.0.1:12838]
16:38:28.193 [Forwarding findElement on session 9b04d0b2ee1d1eefe9f595a912aeb8f2 to remote] DEBUG org.asynchttpclient.netty.request.NettyRequestSender - Using pooled Channel '[id: 0xdc1bedf7, L:/127.0.0.1:56909 - R:localhost/127.0.0.1:12838]' for 'POST' to 'http://localhost:12838/session/9b04d0b2ee1d1eefe9f595a912aeb8f2/element'
16:38:28.193 [Forwarding findElement on session 9b04d0b2ee1d1eefe9f595a912aeb8f2 to remote] DEBUG org.asynchttpclient.netty.request.NettyRequestSender - Using open Channel [id: 0xdc1bedf7, L:/127.0.0.1:56909 - R:localhost/127.0.0.1:12838] for POST '/session/9b04d0b2ee1d1eefe9f595a912aeb8f2/element'
16:38:28.248 [AsyncHttpClient-1-8] DEBUG org.asynchttpclient.netty.handler.HttpHandler - 

Request DefaultHttpRequest(decodeResult: success, version: HTTP/1.1)
POST /session/9b04d0b2ee1d1eefe9f595a912aeb8f2/element HTTP/1.1
User-Agent: selenium/4.12.1 (java windows)
Content-Length: 109
Content-Type: application/json; charset=utf-8
host: localhost:12838
accept: */*

Response DefaultHttpResponse(decodeResult: success, version: HTTP/1.1)
HTTP/1.1 200 OK
Content-Length: 126
Content-Type: application/json; charset=utf-8
cache-control: no-cache

16:38:28.248 [AsyncHttpClient-1-8] DEBUG org.asynchttpclient.netty.channel.ChannelManager - Adding key: http://localhost:12838 for channel [id: 0xdc1bedf7, L:/127.0.0.1:56909 - R:localhost/127.0.0.1:12838]
16:38:28.250 [Forwarding sendKeysToElement on session 9b04d0b2ee1d1eefe9f595a912aeb8f2 to remote] DEBUG org.asynchttpclient.netty.request.NettyRequestSender - Using pooled Channel '[id: 0xdc1bedf7, L:/127.0.0.1:56909 - R:localhost/127.0.0.1:12838]' for 'POST' to 'http://localhost:12838/session/9b04d0b2ee1d1eefe9f595a912aeb8f2/element/f.C9D472DB4FB00F4B67F029A916D676ED.d.CAB5B5C87A06E33055FB534C5BA7FADA.e.15/value'
16:38:28.250 [Forwarding sendKeysToElement on session 9b04d0b2ee1d1eefe9f595a912aeb8f2 to remote] DEBUG org.asynchttpclient.netty.request.NettyRequestSender - Using open Channel [id: 0xdc1bedf7, L:/127.0.0.1:56909 - R:localhost/127.0.0.1:12838] for POST '/session/9b04d0b2ee1d1eefe9f595a912aeb8f2/element/f.C9D472DB4FB00F4B67F029A916D676ED.d.CAB5B5C87A06E33055FB534C5BA7FADA.e.15/value'
16:38:28.366 [AsyncHttpClient-1-8] DEBUG org.asynchttpclient.netty.handler.HttpHandler - 

Request DefaultHttpRequest(decodeResult: success, version: HTTP/1.1)
POST /session/9b04d0b2ee1d1eefe9f595a912aeb8f2/element/f.C9D472DB4FB00F4B67F029A916D676ED.d.CAB5B5C87A06E33055FB534C5BA7FADA.e.15/value HTTP/1.1
User-Agent: selenium/4.12.1 (java windows)
Content-Length: 189
Content-Type: application/json; charset=utf-8
host: localhost:12838
accept: */*

Response DefaultHttpResponse(decodeResult: success, version: HTTP/1.1)
HTTP/1.1 200 OK
Content-Length: 14
Content-Type: application/json; charset=utf-8
cache-control: no-cache

16:38:28.367 [AsyncHttpClient-1-8] DEBUG org.asynchttpclient.netty.channel.ChannelManager - Adding key: http://localhost:12838 for channel [id: 0xdc1bedf7, L:/127.0.0.1:56909 - R:localhost/127.0.0.1:12838]
16:38:28.368 [Forwarding findElement on session 9b04d0b2ee1d1eefe9f595a912aeb8f2 to remote] DEBUG org.asynchttpclient.netty.request.NettyRequestSender - Using pooled Channel '[id: 0xdc1bedf7, L:/127.0.0.1:56909 - R:localhost/127.0.0.1:12838]' for 'POST' to 'http://localhost:12838/session/9b04d0b2ee1d1eefe9f595a912aeb8f2/element'
16:38:28.368 [Forwarding findElement on session 9b04d0b2ee1d1eefe9f595a912aeb8f2 to remote] DEBUG org.asynchttpclient.netty.request.NettyRequestSender - Using open Channel [id: 0xdc1bedf7, L:/127.0.0.1:56909 - R:localhost/127.0.0.1:12838] for POST '/session/9b04d0b2ee1d1eefe9f595a912aeb8f2/element'
16:38:28.384 [AsyncHttpClient-1-8] DEBUG org.asynchttpclient.netty.handler.HttpHandler - 

Request DefaultHttpRequest(decodeResult: success, version: HTTP/1.1)
POST /session/9b04d0b2ee1d1eefe9f595a912aeb8f2/element HTTP/1.1
User-Agent: selenium/4.12.1 (java windows)
Content-Length: 57
Content-Type: application/json; charset=utf-8
host: localhost:12838
accept: */*

Response DefaultHttpResponse(decodeResult: success, version: HTTP/1.1)
HTTP/1.1 200 OK
Content-Length: 126
Content-Type: application/json; charset=utf-8
cache-control: no-cache

16:38:28.384 [AsyncHttpClient-1-8] DEBUG org.asynchttpclient.netty.channel.ChannelManager - Adding key: http://localhost:12838 for channel [id: 0xdc1bedf7, L:/127.0.0.1:56909 - R:localhost/127.0.0.1:12838]
16:38:28.386 [Forwarding clickElement on session 9b04d0b2ee1d1eefe9f595a912aeb8f2 to remote] DEBUG org.asynchttpclient.netty.request.NettyRequestSender - Using pooled Channel '[id: 0xdc1bedf7, L:/127.0.0.1:56909 - R:localhost/127.0.0.1:12838]' for 'POST' to 'http://localhost:12838/session/9b04d0b2ee1d1eefe9f595a912aeb8f2/element/f.C9D472DB4FB00F4B67F029A916D676ED.d.CAB5B5C87A06E33055FB534C5BA7FADA.e.18/click'
16:38:28.386 [Forwarding clickElement on session 9b04d0b2ee1d1eefe9f595a912aeb8f2 to remote] DEBUG org.asynchttpclient.netty.request.NettyRequestSender - Using open Channel [id: 0xdc1bedf7, L:/127.0.0.1:56909 - R:localhost/127.0.0.1:12838] for POST '/session/9b04d0b2ee1d1eefe9f595a912aeb8f2/element/f.C9D472DB4FB00F4B67F029A916D676ED.d.CAB5B5C87A06E33055FB534C5BA7FADA.e.18/click'
16:38:28.470 [AsyncHttpClient-1-8] DEBUG org.asynchttpclient.netty.handler.HttpHandler - 

Request DefaultHttpRequest(decodeResult: success, version: HTTP/1.1)
POST /session/9b04d0b2ee1d1eefe9f595a912aeb8f2/element/f.C9D472DB4FB00F4B67F029A916D676ED.d.CAB5B5C87A06E33055FB534C5BA7FADA.e.18/click HTTP/1.1
User-Agent: selenium/4.12.1 (java windows)
Content-Length: 88
Content-Type: application/json; charset=utf-8
host: localhost:12838
accept: */*

Response DefaultHttpResponse(decodeResult: success, version: HTTP/1.1)
HTTP/1.1 200 OK
Content-Length: 14
Content-Type: application/json; charset=utf-8
cache-control: no-cache

16:38:28.470 [AsyncHttpClient-1-8] DEBUG org.asynchttpclient.netty.channel.ChannelManager - Adding key: http://localhost:12838 for channel [id: 0xdc1bedf7, L:/127.0.0.1:56909 - R:localhost/127.0.0.1:12838]
16:38:28.473 [Forwarding findElement on session 9b04d0b2ee1d1eefe9f595a912aeb8f2 to remote] DEBUG org.asynchttpclient.netty.request.NettyRequestSender - Using pooled Channel '[id: 0xdc1bedf7, L:/127.0.0.1:56909 - R:localhost/127.0.0.1:12838]' for 'POST' to 'http://localhost:12838/session/9b04d0b2ee1d1eefe9f595a912aeb8f2/element'
16:38:28.473 [Forwarding findElement on session 9b04d0b2ee1d1eefe9f595a912aeb8f2 to remote] DEBUG org.asynchttpclient.netty.request.NettyRequestSender - Using open Channel [id: 0xdc1bedf7, L:/127.0.0.1:56909 - R:localhost/127.0.0.1:12838] for POST '/session/9b04d0b2ee1d1eefe9f595a912aeb8f2/element'
16:38:28.496 [AsyncHttpClient-1-8] DEBUG org.asynchttpclient.netty.handler.HttpHandler - 

Request DefaultHttpRequest(decodeResult: success, version: HTTP/1.1)
POST /session/9b04d0b2ee1d1eefe9f595a912aeb8f2/element HTTP/1.1
User-Agent: selenium/4.12.1 (java windows)
Content-Length: 167
Content-Type: application/json; charset=utf-8
host: localhost:12838
accept: */*

Response DefaultHttpResponse(decodeResult: success, version: HTTP/1.1)
HTTP/1.1 404 Not Found
Content-Length: 1123
Content-Type: application/json; charset=utf-8
cache-control: no-cache

16:38:28.497 [AsyncHttpClient-1-8] DEBUG org.asynchttpclient.netty.channel.ChannelManager - Adding key: http://localhost:12838 for channel [id: 0xdc1bedf7, L:/127.0.0.1:56909 - R:localhost/127.0.0.1:12838]
16:38:28.978 [AsyncHttpClient-1-1] DEBUG org.asynchttpclient.netty.channel.DefaultChannelPool - Entry count for : http://localhost:12838 : 1
16:38:28.978 [AsyncHttpClient-1-1] DEBUG org.asynchttpclient.netty.channel.DefaultChannelPool - Entry count for : http://localhost:56910 : 1
16:38:29.003 [Forwarding findElement on session 9b04d0b2ee1d1eefe9f595a912aeb8f2 to remote] DEBUG org.asynchttpclient.netty.request.NettyRequestSender - Using pooled Channel '[id: 0xdc1bedf7, L:/127.0.0.1:56909 - R:localhost/127.0.0.1:12838]' for 'POST' to 'http://localhost:12838/session/9b04d0b2ee1d1eefe9f595a912aeb8f2/element'
16:38:29.003 [Forwarding findElement on session 9b04d0b2ee1d1eefe9f595a912aeb8f2 to remote] DEBUG org.asynchttpclient.netty.request.NettyRequestSender - Using open Channel [id: 0xdc1bedf7, L:/127.0.0.1:56909 - R:localhost/127.0.0.1:12838] for POST '/session/9b04d0b2ee1d1eefe9f595a912aeb8f2/element'
16:38:29.014 [AsyncHttpClient-1-8] DEBUG org.asynchttpclient.netty.handler.HttpHandler - 

Request DefaultHttpRequest(decodeResult: success, version: HTTP/1.1)
POST /session/9b04d0b2ee1d1eefe9f595a912aeb8f2/element HTTP/1.1
User-Agent: selenium/4.12.1 (java windows)
Content-Length: 167
Content-Type: application/json; charset=utf-8
host: localhost:12838
accept: */*

Response DefaultHttpResponse(decodeResult: success, version: HTTP/1.1)
HTTP/1.1 404 Not Found
Content-Length: 1123
Content-Type: application/json; charset=utf-8
cache-control: no-cache

16:38:29.014 [AsyncHttpClient-1-8] DEBUG org.asynchttpclient.netty.channel.ChannelManager - Adding key: http://localhost:12838 for channel [id: 0xdc1bedf7, L:/127.0.0.1:56909 - R:localhost/127.0.0.1:12838]
16:38:29.520 [Forwarding findElement on session 9b04d0b2ee1d1eefe9f595a912aeb8f2 to remote] DEBUG org.asynchttpclient.netty.request.NettyRequestSender - Using pooled Channel '[id: 0xdc1bedf7, L:/127.0.0.1:56909 - R:localhost/127.0.0.1:12838]' for 'POST' to 'http://localhost:12838/session/9b04d0b2ee1d1eefe9f595a912aeb8f2/element'
16:38:29.520 [Forwarding findElement on session 9b04d0b2ee1d1eefe9f595a912aeb8f2 to remote] DEBUG org.asynchttpclient.netty.request.NettyRequestSender - Using open Channel [id: 0xdc1bedf7, L:/127.0.0.1:56909 - R:localhost/127.0.0.1:12838] for POST '/session/9b04d0b2ee1d1eefe9f595a912aeb8f2/element'
16:38:29.534 [AsyncHttpClient-1-8] DEBUG org.asynchttpclient.netty.handler.HttpHandler - 

Request DefaultHttpRequest(decodeResult: success, version: HTTP/1.1)
POST /session/9b04d0b2ee1d1eefe9f595a912aeb8f2/element HTTP/1.1
User-Agent: selenium/4.12.1 (java windows)
Content-Length: 167
Content-Type: application/json; charset=utf-8
host: localhost:12838
accept: */*

Response DefaultHttpResponse(decodeResult: success, version: HTTP/1.1)
HTTP/1.1 404 Not Found
Content-Length: 1123
Content-Type: application/json; charset=utf-8
cache-control: no-cache

16:38:29.535 [AsyncHttpClient-1-8] DEBUG org.asynchttpclient.netty.channel.ChannelManager - Adding key: http://localhost:12838 for channel [id: 0xdc1bedf7, L:/127.0.0.1:56909 - R:localhost/127.0.0.1:12838]
16:38:30.041 [Forwarding findElement on session 9b04d0b2ee1d1eefe9f595a912aeb8f2 to remote] DEBUG org.asynchttpclient.netty.request.NettyRequestSender - Using pooled Channel '[id: 0xdc1bedf7, L:/127.0.0.1:56909 - R:localhost/127.0.0.1:12838]' for 'POST' to 'http://localhost:12838/session/9b04d0b2ee1d1eefe9f595a912aeb8f2/element'
16:38:30.041 [Forwarding findElement on session 9b04d0b2ee1d1eefe9f595a912aeb8f2 to remote] DEBUG org.asynchttpclient.netty.request.NettyRequestSender - Using open Channel [id: 0xdc1bedf7, L:/127.0.0.1:56909 - R:localhost/127.0.0.1:12838] for POST '/session/9b04d0b2ee1d1eefe9f595a912aeb8f2/element'
16:38:30.052 [AsyncHttpClient-1-8] DEBUG org.asynchttpclient.netty.handler.HttpHandler - 

Request DefaultHttpRequest(decodeResult: success, version: HTTP/1.1)
POST /session/9b04d0b2ee1d1eefe9f595a912aeb8f2/element HTTP/1.1
User-Agent: selenium/4.12.1 (java windows)
Content-Length: 167
Content-Type: application/json; charset=utf-8
host: localhost:12838
accept: */*

Response DefaultHttpResponse(decodeResult: success, version: HTTP/1.1)
HTTP/1.1 404 Not Found
Content-Length: 1123
Content-Type: application/json; charset=utf-8
cache-control: no-cache

16:38:30.052 [AsyncHttpClient-1-8] DEBUG org.asynchttpclient.netty.channel.ChannelManager - Adding key: http://localhost:12838 for channel [id: 0xdc1bedf7, L:/127.0.0.1:56909 - R:localhost/127.0.0.1:12838]
16:38:30.078 [AsyncHttpClient-1-1] DEBUG org.asynchttpclient.netty.channel.DefaultChannelPool - Entry count for : http://localhost:12838 : 1
16:38:30.080 [AsyncHttpClient-1-1] DEBUG org.asynchttpclient.netty.channel.DefaultChannelPool - Entry count for : http://localhost:56910 : 1
16:38:30.556 [Forwarding findElement on session 9b04d0b2ee1d1eefe9f595a912aeb8f2 to remote] DEBUG org.asynchttpclient.netty.request.NettyRequestSender - Using pooled Channel '[id: 0xdc1bedf7, L:/127.0.0.1:56909 - R:localhost/127.0.0.1:12838]' for 'POST' to 'http://localhost:12838/session/9b04d0b2ee1d1eefe9f595a912aeb8f2/element'
16:38:30.556 [Forwarding findElement on session 9b04d0b2ee1d1eefe9f595a912aeb8f2 to remote] DEBUG org.asynchttpclient.netty.request.NettyRequestSender - Using open Channel [id: 0xdc1bedf7, L:/127.0.0.1:56909 - R:localhost/127.0.0.1:12838] for POST '/session/9b04d0b2ee1d1eefe9f595a912aeb8f2/element'
16:38:30.569 [AsyncHttpClient-1-8] DEBUG org.asynchttpclient.netty.handler.HttpHandler - 

Request DefaultHttpRequest(decodeResult: success, version: HTTP/1.1)
POST /session/9b04d0b2ee1d1eefe9f595a912aeb8f2/element HTTP/1.1
User-Agent: selenium/4.12.1 (java windows)
Content-Length: 167
Content-Type: application/json; charset=utf-8
host: localhost:12838
accept: */*

Response DefaultHttpResponse(decodeResult: success, version: HTTP/1.1)
HTTP/1.1 404 Not Found
Content-Length: 1123
Content-Type: application/json; charset=utf-8
cache-control: no-cache

16:38:30.569 [AsyncHttpClient-1-8] DEBUG org.asynchttpclient.netty.channel.ChannelManager - Adding key: http://localhost:12838 for channel [id: 0xdc1bedf7, L:/127.0.0.1:56909 - R:localhost/127.0.0.1:12838]
16:38:31.074 [Forwarding findElement on session 9b04d0b2ee1d1eefe9f595a912aeb8f2 to remote] DEBUG org.asynchttpclient.netty.request.NettyRequestSender - Using pooled Channel '[id: 0xdc1bedf7, L:/127.0.0.1:56909 - R:localhost/127.0.0.1:12838]' for 'POST' to 'http://localhost:12838/session/9b04d0b2ee1d1eefe9f595a912aeb8f2/element'
16:38:31.074 [Forwarding findElement on session 9b04d0b2ee1d1eefe9f595a912aeb8f2 to remote] DEBUG org.asynchttpclient.netty.request.NettyRequestSender - Using open Channel [id: 0xdc1bedf7, L:/127.0.0.1:56909 - R:localhost/127.0.0.1:12838] for POST '/session/9b04d0b2ee1d1eefe9f595a912aeb8f2/element'
16:38:31.087 [AsyncHttpClient-1-8] DEBUG org.asynchttpclient.netty.handler.HttpHandler - 

Request DefaultHttpRequest(decodeResult: success, version: HTTP/1.1)
POST /session/9b04d0b2ee1d1eefe9f595a912aeb8f2/element HTTP/1.1
User-Agent: selenium/4.12.1 (java windows)
Content-Length: 167
Content-Type: application/json; charset=utf-8
host: localhost:12838
accept: */*

Response DefaultHttpResponse(decodeResult: success, version: HTTP/1.1)
HTTP/1.1 404 Not Found
Content-Length: 1123
Content-Type: application/json; charset=utf-8
cache-control: no-cache

16:38:31.087 [AsyncHttpClient-1-8] DEBUG org.asynchttpclient.netty.channel.ChannelManager - Adding key: http://localhost:12838 for channel [id: 0xdc1bedf7, L:/127.0.0.1:56909 - R:localhost/127.0.0.1:12838]
16:38:31.184 [AsyncHttpClient-1-1] DEBUG org.asynchttpclient.netty.channel.DefaultChannelPool - Entry count for : http://localhost:12838 : 1
16:38:31.184 [AsyncHttpClient-1-1] DEBUG org.asynchttpclient.netty.channel.DefaultChannelPool - Entry count for : http://localhost:56910 : 1
16:38:31.592 [Forwarding findElement on session 9b04d0b2ee1d1eefe9f595a912aeb8f2 to remote] DEBUG org.asynchttpclient.netty.request.NettyRequestSender - Using pooled Channel '[id: 0xdc1bedf7, L:/127.0.0.1:56909 - R:localhost/127.0.0.1:12838]' for 'POST' to 'http://localhost:12838/session/9b04d0b2ee1d1eefe9f595a912aeb8f2/element'
16:38:31.592 [Forwarding findElement on session 9b04d0b2ee1d1eefe9f595a912aeb8f2 to remote] DEBUG org.asynchttpclient.netty.request.NettyRequestSender - Using open Channel [id: 0xdc1bedf7, L:/127.0.0.1:56909 - R:localhost/127.0.0.1:12838] for POST '/session/9b04d0b2ee1d1eefe9f595a912aeb8f2/element'
16:38:31.605 [AsyncHttpClient-1-8] DEBUG org.asynchttpclient.netty.handler.HttpHandler - 

Request DefaultHttpRequest(decodeResult: success, version: HTTP/1.1)
POST /session/9b04d0b2ee1d1eefe9f595a912aeb8f2/element HTTP/1.1
User-Agent: selenium/4.12.1 (java windows)
Content-Length: 167
Content-Type: application/json; charset=utf-8
host: localhost:12838
accept: */*

Response DefaultHttpResponse(decodeResult: success, version: HTTP/1.1)
HTTP/1.1 404 Not Found
Content-Length: 1123
Content-Type: application/json; charset=utf-8
cache-control: no-cache

16:38:31.605 [AsyncHttpClient-1-8] DEBUG org.asynchttpclient.netty.channel.ChannelManager - Adding key: http://localhost:12838 for channel [id: 0xdc1bedf7, L:/127.0.0.1:56909 - R:localhost/127.0.0.1:12838]
16:38:32.111 [Forwarding findElement on session 9b04d0b2ee1d1eefe9f595a912aeb8f2 to remote] DEBUG org.asynchttpclient.netty.request.NettyRequestSender - Using pooled Channel '[id: 0xdc1bedf7, L:/127.0.0.1:56909 - R:localhost/127.0.0.1:12838]' for 'POST' to 'http://localhost:12838/session/9b04d0b2ee1d1eefe9f595a912aeb8f2/element'
16:38:32.111 [Forwarding findElement on session 9b04d0b2ee1d1eefe9f595a912aeb8f2 to remote] DEBUG org.asynchttpclient.netty.request.NettyRequestSender - Using open Channel [id: 0xdc1bedf7, L:/127.0.0.1:56909 - R:localhost/127.0.0.1:12838] for POST '/session/9b04d0b2ee1d1eefe9f595a912aeb8f2/element'
16:38:32.123 [AsyncHttpClient-1-8] DEBUG org.asynchttpclient.netty.handler.HttpHandler - 

Request DefaultHttpRequest(decodeResult: success, version: HTTP/1.1)
POST /session/9b04d0b2ee1d1eefe9f595a912aeb8f2/element HTTP/1.1
User-Agent: selenium/4.12.1 (java windows)
Content-Length: 167
Content-Type: application/json; charset=utf-8
host: localhost:12838
accept: */*

Response DefaultHttpResponse(decodeResult: success, version: HTTP/1.1)
HTTP/1.1 404 Not Found
Content-Length: 1123
Content-Type: application/json; charset=utf-8
cache-control: no-cache

16:38:32.123 [AsyncHttpClient-1-8] DEBUG org.asynchttpclient.netty.channel.ChannelManager - Adding key: http://localhost:12838 for channel [id: 0xdc1bedf7, L:/127.0.0.1:56909 - R:localhost/127.0.0.1:12838]
16:38:32.283 [AsyncHttpClient-1-1] DEBUG org.asynchttpclient.netty.channel.DefaultChannelPool - Entry count for : http://localhost:12838 : 1
16:38:32.283 [AsyncHttpClient-1-1] DEBUG org.asynchttpclient.netty.channel.DefaultChannelPool - Entry count for : http://localhost:56910 : 1
16:38:32.630 [Forwarding findElement on session 9b04d0b2ee1d1eefe9f595a912aeb8f2 to remote] DEBUG org.asynchttpclient.netty.request.NettyRequestSender - Using pooled Channel '[id: 0xdc1bedf7, L:/127.0.0.1:56909 - R:localhost/127.0.0.1:12838]' for 'POST' to 'http://localhost:12838/session/9b04d0b2ee1d1eefe9f595a912aeb8f2/element'
16:38:32.630 [Forwarding findElement on session 9b04d0b2ee1d1eefe9f595a912aeb8f2 to remote] DEBUG org.asynchttpclient.netty.request.NettyRequestSender - Using open Channel [id: 0xdc1bedf7, L:/127.0.0.1:56909 - R:localhost/127.0.0.1:12838] for POST '/session/9b04d0b2ee1d1eefe9f595a912aeb8f2/element'
16:38:32.642 [AsyncHttpClient-1-8] DEBUG org.asynchttpclient.netty.handler.HttpHandler - 

Request DefaultHttpRequest(decodeResult: success, version: HTTP/1.1)
POST /session/9b04d0b2ee1d1eefe9f595a912aeb8f2/element HTTP/1.1
User-Agent: selenium/4.12.1 (java windows)
Content-Length: 167
Content-Type: application/json; charset=utf-8
host: localhost:12838
accept: */*

Response DefaultHttpResponse(decodeResult: success, version: HTTP/1.1)
HTTP/1.1 404 Not Found
Content-Length: 1123
Content-Type: application/json; charset=utf-8
cache-control: no-cache

16:38:32.642 [AsyncHttpClient-1-8] DEBUG org.asynchttpclient.netty.channel.ChannelManager - Adding key: http://localhost:12838 for channel [id: 0xdc1bedf7, L:/127.0.0.1:56909 - R:localhost/127.0.0.1:12838]
16:38:33.148 [Forwarding findElement on session 9b04d0b2ee1d1eefe9f595a912aeb8f2 to remote] DEBUG org.asynchttpclient.netty.request.NettyRequestSender - Using pooled Channel '[id: 0xdc1bedf7, L:/127.0.0.1:56909 - R:localhost/127.0.0.1:12838]' for 'POST' to 'http://localhost:12838/session/9b04d0b2ee1d1eefe9f595a912aeb8f2/element'
16:38:33.148 [Forwarding findElement on session 9b04d0b2ee1d1eefe9f595a912aeb8f2 to remote] DEBUG org.asynchttpclient.netty.request.NettyRequestSender - Using open Channel [id: 0xdc1bedf7, L:/127.0.0.1:56909 - R:localhost/127.0.0.1:12838] for POST '/session/9b04d0b2ee1d1eefe9f595a912aeb8f2/element'
16:38:33.160 [AsyncHttpClient-1-8] DEBUG org.asynchttpclient.netty.handler.HttpHandler - 

Request DefaultHttpRequest(decodeResult: success, version: HTTP/1.1)
POST /session/9b04d0b2ee1d1eefe9f595a912aeb8f2/element HTTP/1.1
User-Agent: selenium/4.12.1 (java windows)
Content-Length: 167
Content-Type: application/json; charset=utf-8
host: localhost:12838
accept: */*

Response DefaultHttpResponse(decodeResult: success, version: HTTP/1.1)
HTTP/1.1 404 Not Found
Content-Length: 1123
Content-Type: application/json; charset=utf-8
cache-control: no-cache

16:38:33.160 [AsyncHttpClient-1-8] DEBUG org.asynchttpclient.netty.channel.ChannelManager - Adding key: http://localhost:12838 for channel [id: 0xdc1bedf7, L:/127.0.0.1:56909 - R:localhost/127.0.0.1:12838]
16:38:33.384 [AsyncHttpClient-1-1] DEBUG org.asynchttpclient.netty.channel.DefaultChannelPool - Entry count for : http://localhost:12838 : 1
16:38:33.384 [AsyncHttpClient-1-1] DEBUG org.asynchttpclient.netty.channel.DefaultChannelPool - Entry count for : http://localhost:56910 : 1
16:38:33.667 [Forwarding findElement on session 9b04d0b2ee1d1eefe9f595a912aeb8f2 to remote] DEBUG org.asynchttpclient.netty.request.NettyRequestSender - Using pooled Channel '[id: 0xdc1bedf7, L:/127.0.0.1:56909 - R:localhost/127.0.0.1:12838]' for 'POST' to 'http://localhost:12838/session/9b04d0b2ee1d1eefe9f595a912aeb8f2/element'
16:38:33.667 [Forwarding findElement on session 9b04d0b2ee1d1eefe9f595a912aeb8f2 to remote] DEBUG org.asynchttpclient.netty.request.NettyRequestSender - Using open Channel [id: 0xdc1bedf7, L:/127.0.0.1:56909 - R:localhost/127.0.0.1:12838] for POST '/session/9b04d0b2ee1d1eefe9f595a912aeb8f2/element'
16:38:33.679 [AsyncHttpClient-1-8] DEBUG org.asynchttpclient.netty.handler.HttpHandler - 

Request DefaultHttpRequest(decodeResult: success, version: HTTP/1.1)
POST /session/9b04d0b2ee1d1eefe9f595a912aeb8f2/element HTTP/1.1
User-Agent: selenium/4.12.1 (java windows)
Content-Length: 167
Content-Type: application/json; charset=utf-8
host: localhost:12838
accept: */*

Response DefaultHttpResponse(decodeResult: success, version: HTTP/1.1)
HTTP/1.1 404 Not Found
Content-Length: 1123
Content-Type: application/json; charset=utf-8
cache-control: no-cache

16:38:33.679 [AsyncHttpClient-1-8] DEBUG org.asynchttpclient.netty.channel.ChannelManager - Adding key: http://localhost:12838 for channel [id: 0xdc1bedf7, L:/127.0.0.1:56909 - R:localhost/127.0.0.1:12838]
16:38:34.182 [Forwarding findElement on session 9b04d0b2ee1d1eefe9f595a912aeb8f2 to remote] DEBUG org.asynchttpclient.netty.request.NettyRequestSender - Using pooled Channel '[id: 0xdc1bedf7, L:/127.0.0.1:56909 - R:localhost/127.0.0.1:12838]' for 'POST' to 'http://localhost:12838/session/9b04d0b2ee1d1eefe9f595a912aeb8f2/element'
16:38:34.182 [Forwarding findElement on session 9b04d0b2ee1d1eefe9f595a912aeb8f2 to remote] DEBUG org.asynchttpclient.netty.request.NettyRequestSender - Using open Channel [id: 0xdc1bedf7, L:/127.0.0.1:56909 - R:localhost/127.0.0.1:12838] for POST '/session/9b04d0b2ee1d1eefe9f595a912aeb8f2/element'
16:38:34.194 [AsyncHttpClient-1-8] DEBUG org.asynchttpclient.netty.handler.HttpHandler - 

Request DefaultHttpRequest(decodeResult: success, version: HTTP/1.1)
POST /session/9b04d0b2ee1d1eefe9f595a912aeb8f2/element HTTP/1.1
User-Agent: selenium/4.12.1 (java windows)
Content-Length: 167
Content-Type: application/json; charset=utf-8
host: localhost:12838
accept: */*

Response DefaultHttpResponse(decodeResult: success, version: HTTP/1.1)
HTTP/1.1 404 Not Found
Content-Length: 1123
Content-Type: application/json; charset=utf-8
cache-control: no-cache

16:38:34.195 [AsyncHttpClient-1-8] DEBUG org.asynchttpclient.netty.channel.ChannelManager - Adding key: http://localhost:12838 for channel [id: 0xdc1bedf7, L:/127.0.0.1:56909 - R:localhost/127.0.0.1:12838]
16:38:34.479 [AsyncHttpClient-1-1] DEBUG org.asynchttpclient.netty.channel.DefaultChannelPool - Entry count for : http://localhost:12838 : 1
16:38:34.479 [AsyncHttpClient-1-1] DEBUG org.asynchttpclient.netty.channel.DefaultChannelPool - Entry count for : http://localhost:56910 : 1
16:38:34.698 [Forwarding findElement on session 9b04d0b2ee1d1eefe9f595a912aeb8f2 to remote] DEBUG org.asynchttpclient.netty.request.NettyRequestSender - Using pooled Channel '[id: 0xdc1bedf7, L:/127.0.0.1:56909 - R:localhost/127.0.0.1:12838]' for 'POST' to 'http://localhost:12838/session/9b04d0b2ee1d1eefe9f595a912aeb8f2/element'
16:38:34.698 [Forwarding findElement on session 9b04d0b2ee1d1eefe9f595a912aeb8f2 to remote] DEBUG org.asynchttpclient.netty.request.NettyRequestSender - Using open Channel [id: 0xdc1bedf7, L:/127.0.0.1:56909 - R:localhost/127.0.0.1:12838] for POST '/session/9b04d0b2ee1d1eefe9f595a912aeb8f2/element'
16:38:34.710 [AsyncHttpClient-1-8] DEBUG org.asynchttpclient.netty.handler.HttpHandler - 

Request DefaultHttpRequest(decodeResult: success, version: HTTP/1.1)
POST /session/9b04d0b2ee1d1eefe9f595a912aeb8f2/element HTTP/1.1
User-Agent: selenium/4.12.1 (java windows)
Content-Length: 167
Content-Type: application/json; charset=utf-8
host: localhost:12838
accept: */*

Response DefaultHttpResponse(decodeResult: success, version: HTTP/1.1)
HTTP/1.1 404 Not Found
Content-Length: 1123
Content-Type: application/json; charset=utf-8
cache-control: no-cache

16:38:34.710 [AsyncHttpClient-1-8] DEBUG org.asynchttpclient.netty.channel.ChannelManager - Adding key: http://localhost:12838 for channel [id: 0xdc1bedf7, L:/127.0.0.1:56909 - R:localhost/127.0.0.1:12838]
16:38:35.211 [Forwarding findElement on session 9b04d0b2ee1d1eefe9f595a912aeb8f2 to remote] DEBUG org.asynchttpclient.netty.request.NettyRequestSender - Using pooled Channel '[id: 0xdc1bedf7, L:/127.0.0.1:56909 - R:localhost/127.0.0.1:12838]' for 'POST' to 'http://localhost:12838/session/9b04d0b2ee1d1eefe9f595a912aeb8f2/element'
16:38:35.212 [Forwarding findElement on session 9b04d0b2ee1d1eefe9f595a912aeb8f2 to remote] DEBUG org.asynchttpclient.netty.request.NettyRequestSender - Using open Channel [id: 0xdc1bedf7, L:/127.0.0.1:56909 - R:localhost/127.0.0.1:12838] for POST '/session/9b04d0b2ee1d1eefe9f595a912aeb8f2/element'
16:38:35.225 [AsyncHttpClient-1-8] DEBUG org.asynchttpclient.netty.handler.HttpHandler - 

Request DefaultHttpRequest(decodeResult: success, version: HTTP/1.1)
POST /session/9b04d0b2ee1d1eefe9f595a912aeb8f2/element HTTP/1.1
User-Agent: selenium/4.12.1 (java windows)
Content-Length: 167
Content-Type: application/json; charset=utf-8
host: localhost:12838
accept: */*

Response DefaultHttpResponse(decodeResult: success, version: HTTP/1.1)
HTTP/1.1 404 Not Found
Content-Length: 1123
Content-Type: application/json; charset=utf-8
cache-control: no-cache

16:38:35.225 [AsyncHttpClient-1-8] DEBUG org.asynchttpclient.netty.channel.ChannelManager - Adding key: http://localhost:12838 for channel [id: 0xdc1bedf7, L:/127.0.0.1:56909 - R:localhost/127.0.0.1:12838]
16:38:35.577 [AsyncHttpClient-1-1] DEBUG org.asynchttpclient.netty.channel.DefaultChannelPool - Entry count for : http://localhost:12838 : 1
16:38:35.578 [AsyncHttpClient-1-1] DEBUG org.asynchttpclient.netty.channel.DefaultChannelPool - Entry count for : http://localhost:56910 : 1
16:38:35.732 [Forwarding findElement on session 9b04d0b2ee1d1eefe9f595a912aeb8f2 to remote] DEBUG org.asynchttpclient.netty.request.NettyRequestSender - Using pooled Channel '[id: 0xdc1bedf7, L:/127.0.0.1:56909 - R:localhost/127.0.0.1:12838]' for 'POST' to 'http://localhost:12838/session/9b04d0b2ee1d1eefe9f595a912aeb8f2/element'
16:38:35.732 [Forwarding findElement on session 9b04d0b2ee1d1eefe9f595a912aeb8f2 to remote] DEBUG org.asynchttpclient.netty.request.NettyRequestSender - Using open Channel [id: 0xdc1bedf7, L:/127.0.0.1:56909 - R:localhost/127.0.0.1:12838] for POST '/session/9b04d0b2ee1d1eefe9f595a912aeb8f2/element'
16:38:36.366 [AsyncHttpClient-1-8] DEBUG org.asynchttpclient.netty.handler.HttpHandler - 

Request DefaultHttpRequest(decodeResult: success, version: HTTP/1.1)
POST /session/9b04d0b2ee1d1eefe9f595a912aeb8f2/element HTTP/1.1
User-Agent: selenium/4.12.1 (java windows)
Content-Length: 167
Content-Type: application/json; charset=utf-8
host: localhost:12838
accept: */*

Response DefaultHttpResponse(decodeResult: success, version: HTTP/1.1)
HTTP/1.1 200 OK
Content-Length: 126
Content-Type: application/json; charset=utf-8
cache-control: no-cache

16:38:36.366 [AsyncHttpClient-1-8] DEBUG org.asynchttpclient.netty.channel.ChannelManager - Adding key: http://localhost:12838 for channel [id: 0xdc1bedf7, L:/127.0.0.1:56909 - R:localhost/127.0.0.1:12838]
16:38:36.370 [Forwarding isElementDisplayed on session 9b04d0b2ee1d1eefe9f595a912aeb8f2 to remote] DEBUG org.asynchttpclient.netty.request.NettyRequestSender - Using pooled Channel '[id: 0xdc1bedf7, L:/127.0.0.1:56909 - R:localhost/127.0.0.1:12838]' for 'POST' to 'http://localhost:12838/session/9b04d0b2ee1d1eefe9f595a912aeb8f2/execute/sync'
16:38:36.370 [Forwarding isElementDisplayed on session 9b04d0b2ee1d1eefe9f595a912aeb8f2 to remote] DEBUG org.asynchttpclient.netty.request.NettyRequestSender - Using open Channel [id: 0xdc1bedf7, L:/127.0.0.1:56909 - R:localhost/127.0.0.1:12838] for POST '/session/9b04d0b2ee1d1eefe9f595a912aeb8f2/execute/sync'
16:38:36.489 [AsyncHttpClient-1-8] DEBUG org.asynchttpclient.netty.handler.HttpHandler - 

Request DefaultHttpRequest(decodeResult: success, version: HTTP/1.1)
POST /session/9b04d0b2ee1d1eefe9f595a912aeb8f2/execute/sync HTTP/1.1
User-Agent: selenium/4.12.1 (java windows)
Content-Length: 48734
Content-Type: application/json; charset=utf-8
host: localhost:12838
accept: */*

Response DefaultHttpResponse(decodeResult: success, version: HTTP/1.1)
HTTP/1.1 200 OK
Content-Length: 14
Content-Type: application/json; charset=utf-8
cache-control: no-cache

16:38:36.489 [AsyncHttpClient-1-8] DEBUG org.asynchttpclient.netty.channel.ChannelManager - Adding key: http://localhost:12838 for channel [id: 0xdc1bedf7, L:/127.0.0.1:56909 - R:localhost/127.0.0.1:12838]
16:38:36.489 [Forwarding getCurrentUrl on session 9b04d0b2ee1d1eefe9f595a912aeb8f2 to remote] DEBUG org.asynchttpclient.netty.request.NettyRequestSender - Using pooled Channel '[id: 0xdc1bedf7, L:/127.0.0.1:56909 - R:localhost/127.0.0.1:12838]' for 'GET' to 'http://localhost:12838/session/9b04d0b2ee1d1eefe9f595a912aeb8f2/url'
16:38:36.490 [Forwarding getCurrentUrl on session 9b04d0b2ee1d1eefe9f595a912aeb8f2 to remote] DEBUG org.asynchttpclient.netty.request.NettyRequestSender - Using open Channel [id: 0xdc1bedf7, L:/127.0.0.1:56909 - R:localhost/127.0.0.1:12838] for GET '/session/9b04d0b2ee1d1eefe9f595a912aeb8f2/url'
16:38:36.497 [AsyncHttpClient-1-8] DEBUG org.asynchttpclient.netty.handler.HttpHandler - 

Request DefaultFullHttpRequest(decodeResult: success, version: HTTP/1.1, content: EmptyByteBufBE)
GET /session/9b04d0b2ee1d1eefe9f595a912aeb8f2/url HTTP/1.1
Cache-Control: no-cache
User-Agent: selenium/4.12.1 (java windows)
Content-Type: application/json; charset=utf-8
host: localhost:12838
accept: */*

Response DefaultHttpResponse(decodeResult: success, version: HTTP/1.1)
HTTP/1.1 200 OK
Content-Length: 49
Content-Type: application/json; charset=utf-8
cache-control: no-cache

16:38:36.497 [AsyncHttpClient-1-8] DEBUG org.asynchttpclient.netty.channel.ChannelManager - Adding key: http://localhost:12838 for channel [id: 0xdc1bedf7, L:/127.0.0.1:56909 - R:localhost/127.0.0.1:12838]
16:38:36.675 [Forwarding findElement on session 9b04d0b2ee1d1eefe9f595a912aeb8f2 to remote] DEBUG org.asynchttpclient.netty.request.NettyRequestSender - Using pooled Channel '[id: 0xdc1bedf7, L:/127.0.0.1:56909 - R:localhost/127.0.0.1:12838]' for 'POST' to 'http://localhost:12838/session/9b04d0b2ee1d1eefe9f595a912aeb8f2/element'
16:38:36.675 [Forwarding findElement on session 9b04d0b2ee1d1eefe9f595a912aeb8f2 to remote] DEBUG org.asynchttpclient.netty.request.NettyRequestSender - Using open Channel [id: 0xdc1bedf7, L:/127.0.0.1:56909 - R:localhost/127.0.0.1:12838] for POST '/session/9b04d0b2ee1d1eefe9f595a912aeb8f2/element'
16:38:36.678 [AsyncHttpClient-1-1] DEBUG org.asynchttpclient.netty.channel.DefaultChannelPool - Entry count for : http://localhost:56910 : 1
16:38:36.697 [AsyncHttpClient-1-8] DEBUG org.asynchttpclient.netty.handler.HttpHandler - 

Request DefaultHttpRequest(decodeResult: success, version: HTTP/1.1)
POST /session/9b04d0b2ee1d1eefe9f595a912aeb8f2/element HTTP/1.1
User-Agent: selenium/4.12.1 (java windows)
Content-Length: 131
Content-Type: application/json; charset=utf-8
host: localhost:12838
accept: */*

Response DefaultHttpResponse(decodeResult: success, version: HTTP/1.1)
HTTP/1.1 200 OK
Content-Length: 126
Content-Type: application/json; charset=utf-8
cache-control: no-cache

16:38:36.697 [AsyncHttpClient-1-8] DEBUG org.asynchttpclient.netty.channel.ChannelManager - Adding key: http://localhost:12838 for channel [id: 0xdc1bedf7, L:/127.0.0.1:56909 - R:localhost/127.0.0.1:12838]
16:38:36.698 [Forwarding clickElement on session 9b04d0b2ee1d1eefe9f595a912aeb8f2 to remote] DEBUG org.asynchttpclient.netty.request.NettyRequestSender - Using pooled Channel '[id: 0xdc1bedf7, L:/127.0.0.1:56909 - R:localhost/127.0.0.1:12838]' for 'POST' to 'http://localhost:12838/session/9b04d0b2ee1d1eefe9f595a912aeb8f2/element/f.C9D472DB4FB00F4B67F029A916D676ED.d.CAB5B5C87A06E33055FB534C5BA7FADA.e.45/click'
16:38:36.698 [Forwarding clickElement on session 9b04d0b2ee1d1eefe9f595a912aeb8f2 to remote] DEBUG org.asynchttpclient.netty.request.NettyRequestSender - Using open Channel [id: 0xdc1bedf7, L:/127.0.0.1:56909 - R:localhost/127.0.0.1:12838] for POST '/session/9b04d0b2ee1d1eefe9f595a912aeb8f2/element/f.C9D472DB4FB00F4B67F029A916D676ED.d.CAB5B5C87A06E33055FB534C5BA7FADA.e.45/click'
16:38:36.796 [AsyncHttpClient-1-8] DEBUG org.asynchttpclient.netty.handler.HttpHandler - 

Request DefaultHttpRequest(decodeResult: success, version: HTTP/1.1)
POST /session/9b04d0b2ee1d1eefe9f595a912aeb8f2/element/f.C9D472DB4FB00F4B67F029A916D676ED.d.CAB5B5C87A06E33055FB534C5BA7FADA.e.45/click HTTP/1.1
User-Agent: selenium/4.12.1 (java windows)
Content-Length: 88
Content-Type: application/json; charset=utf-8
host: localhost:12838
accept: */*

Response DefaultHttpResponse(decodeResult: success, version: HTTP/1.1)
HTTP/1.1 200 OK
Content-Length: 14
Content-Type: application/json; charset=utf-8
cache-control: no-cache

16:38:36.796 [AsyncHttpClient-1-8] DEBUG org.asynchttpclient.netty.channel.ChannelManager - Adding key: http://localhost:12838 for channel [id: 0xdc1bedf7, L:/127.0.0.1:56909 - R:localhost/127.0.0.1:12838]
16:38:36.797 [Forwarding findElement on session 9b04d0b2ee1d1eefe9f595a912aeb8f2 to remote] DEBUG org.asynchttpclient.netty.request.NettyRequestSender - Using pooled Channel '[id: 0xdc1bedf7, L:/127.0.0.1:56909 - R:localhost/127.0.0.1:12838]' for 'POST' to 'http://localhost:12838/session/9b04d0b2ee1d1eefe9f595a912aeb8f2/element'
16:38:36.797 [Forwarding findElement on session 9b04d0b2ee1d1eefe9f595a912aeb8f2 to remote] DEBUG org.asynchttpclient.netty.request.NettyRequestSender - Using open Channel [id: 0xdc1bedf7, L:/127.0.0.1:56909 - R:localhost/127.0.0.1:12838] for POST '/session/9b04d0b2ee1d1eefe9f595a912aeb8f2/element'
16:38:36.813 [AsyncHttpClient-1-8] DEBUG org.asynchttpclient.netty.handler.HttpHandler - 

Request DefaultHttpRequest(decodeResult: success, version: HTTP/1.1)
POST /session/9b04d0b2ee1d1eefe9f595a912aeb8f2/element HTTP/1.1
User-Agent: selenium/4.12.1 (java windows)
Content-Length: 136
Content-Type: application/json; charset=utf-8
host: localhost:12838
accept: */*

Response DefaultHttpResponse(decodeResult: success, version: HTTP/1.1)
HTTP/1.1 200 OK
Content-Length: 126
Content-Type: application/json; charset=utf-8
cache-control: no-cache

16:38:36.813 [AsyncHttpClient-1-8] DEBUG org.asynchttpclient.netty.channel.ChannelManager - Adding key: http://localhost:12838 for channel [id: 0xdc1bedf7, L:/127.0.0.1:56909 - R:localhost/127.0.0.1:12838]
16:38:36.815 [Forwarding isElementDisplayed on session 9b04d0b2ee1d1eefe9f595a912aeb8f2 to remote] DEBUG org.asynchttpclient.netty.request.NettyRequestSender - Using pooled Channel '[id: 0xdc1bedf7, L:/127.0.0.1:56909 - R:localhost/127.0.0.1:12838]' for 'POST' to 'http://localhost:12838/session/9b04d0b2ee1d1eefe9f595a912aeb8f2/execute/sync'
16:38:36.815 [Forwarding isElementDisplayed on session 9b04d0b2ee1d1eefe9f595a912aeb8f2 to remote] DEBUG org.asynchttpclient.netty.request.NettyRequestSender - Using open Channel [id: 0xdc1bedf7, L:/127.0.0.1:56909 - R:localhost/127.0.0.1:12838] for POST '/session/9b04d0b2ee1d1eefe9f595a912aeb8f2/execute/sync'
16:38:36.828 [AsyncHttpClient-1-8] DEBUG org.asynchttpclient.netty.handler.HttpHandler - 

Request DefaultHttpRequest(decodeResult: success, version: HTTP/1.1)
POST /session/9b04d0b2ee1d1eefe9f595a912aeb8f2/execute/sync HTTP/1.1
User-Agent: selenium/4.12.1 (java windows)
Content-Length: 48734
Content-Type: application/json; charset=utf-8
host: localhost:12838
accept: */*

Response DefaultHttpResponse(decodeResult: success, version: HTTP/1.1)
HTTP/1.1 200 OK
Content-Length: 15
Content-Type: application/json; charset=utf-8
cache-control: no-cache

16:38:36.828 [AsyncHttpClient-1-8] DEBUG org.asynchttpclient.netty.channel.ChannelManager - Adding key: http://localhost:12838 for channel [id: 0xdc1bedf7, L:/127.0.0.1:56909 - R:localhost/127.0.0.1:12838]
16:38:37.333 [Forwarding findElement on session 9b04d0b2ee1d1eefe9f595a912aeb8f2 to remote] DEBUG org.asynchttpclient.netty.request.NettyRequestSender - Using pooled Channel '[id: 0xdc1bedf7, L:/127.0.0.1:56909 - R:localhost/127.0.0.1:12838]' for 'POST' to 'http://localhost:12838/session/9b04d0b2ee1d1eefe9f595a912aeb8f2/element'
16:38:37.333 [Forwarding findElement on session 9b04d0b2ee1d1eefe9f595a912aeb8f2 to remote] DEBUG org.asynchttpclient.netty.request.NettyRequestSender - Using open Channel [id: 0xdc1bedf7, L:/127.0.0.1:56909 - R:localhost/127.0.0.1:12838] for POST '/session/9b04d0b2ee1d1eefe9f595a912aeb8f2/element'
16:38:37.344 [AsyncHttpClient-1-8] DEBUG org.asynchttpclient.netty.handler.HttpHandler - 

Request DefaultHttpRequest(decodeResult: success, version: HTTP/1.1)
POST /session/9b04d0b2ee1d1eefe9f595a912aeb8f2/element HTTP/1.1
User-Agent: selenium/4.12.1 (java windows)
Content-Length: 136
Content-Type: application/json; charset=utf-8
host: localhost:12838
accept: */*

Response DefaultHttpResponse(decodeResult: success, version: HTTP/1.1)
HTTP/1.1 200 OK
Content-Length: 126
Content-Type: application/json; charset=utf-8
cache-control: no-cache

16:38:37.344 [AsyncHttpClient-1-8] DEBUG org.asynchttpclient.netty.channel.ChannelManager - Adding key: http://localhost:12838 for channel [id: 0xdc1bedf7, L:/127.0.0.1:56909 - R:localhost/127.0.0.1:12838]
16:38:37.346 [Forwarding isElementDisplayed on session 9b04d0b2ee1d1eefe9f595a912aeb8f2 to remote] DEBUG org.asynchttpclient.netty.request.NettyRequestSender - Using pooled Channel '[id: 0xdc1bedf7, L:/127.0.0.1:56909 - R:localhost/127.0.0.1:12838]' for 'POST' to 'http://localhost:12838/session/9b04d0b2ee1d1eefe9f595a912aeb8f2/execute/sync'
16:38:37.346 [Forwarding isElementDisplayed on session 9b04d0b2ee1d1eefe9f595a912aeb8f2 to remote] DEBUG org.asynchttpclient.netty.request.NettyRequestSender - Using open Channel [id: 0xdc1bedf7, L:/127.0.0.1:56909 - R:localhost/127.0.0.1:12838] for POST '/session/9b04d0b2ee1d1eefe9f595a912aeb8f2/execute/sync'
16:38:37.441 [AsyncHttpClient-1-8] DEBUG org.asynchttpclient.netty.handler.HttpHandler - 

Request DefaultHttpRequest(decodeResult: success, version: HTTP/1.1)
POST /session/9b04d0b2ee1d1eefe9f595a912aeb8f2/execute/sync HTTP/1.1
User-Agent: selenium/4.12.1 (java windows)
Content-Length: 48734
Content-Type: application/json; charset=utf-8
host: localhost:12838
accept: */*

Response DefaultHttpResponse(decodeResult: success, version: HTTP/1.1)
HTTP/1.1 200 OK
Content-Length: 14
Content-Type: application/json; charset=utf-8
cache-control: no-cache

16:38:37.441 [AsyncHttpClient-1-8] DEBUG org.asynchttpclient.netty.channel.ChannelManager - Adding key: http://localhost:12838 for channel [id: 0xdc1bedf7, L:/127.0.0.1:56909 - R:localhost/127.0.0.1:12838]
16:38:37.442 [Forwarding getCurrentUrl on session 9b04d0b2ee1d1eefe9f595a912aeb8f2 to remote] DEBUG org.asynchttpclient.netty.request.NettyRequestSender - Using pooled Channel '[id: 0xdc1bedf7, L:/127.0.0.1:56909 - R:localhost/127.0.0.1:12838]' for 'GET' to 'http://localhost:12838/session/9b04d0b2ee1d1eefe9f595a912aeb8f2/url'
16:38:37.442 [Forwarding getCurrentUrl on session 9b04d0b2ee1d1eefe9f595a912aeb8f2 to remote] DEBUG org.asynchttpclient.netty.request.NettyRequestSender - Using open Channel [id: 0xdc1bedf7, L:/127.0.0.1:56909 - R:localhost/127.0.0.1:12838] for GET '/session/9b04d0b2ee1d1eefe9f595a912aeb8f2/url'
16:38:37.470 [AsyncHttpClient-1-8] DEBUG org.asynchttpclient.netty.handler.HttpHandler - 

Request DefaultFullHttpRequest(decodeResult: success, version: HTTP/1.1, content: EmptyByteBufBE)
GET /session/9b04d0b2ee1d1eefe9f595a912aeb8f2/url HTTP/1.1
Cache-Control: no-cache
User-Agent: selenium/4.12.1 (java windows)
Content-Type: application/json; charset=utf-8
host: localhost:12838
accept: */*

Response DefaultHttpResponse(decodeResult: success, version: HTTP/1.1)
HTTP/1.1 200 OK
Content-Length: 55
Content-Type: application/json; charset=utf-8
cache-control: no-cache

16:38:37.470 [AsyncHttpClient-1-8] DEBUG org.asynchttpclient.netty.channel.ChannelManager - Adding key: http://localhost:12838 for channel [id: 0xdc1bedf7, L:/127.0.0.1:56909 - R:localhost/127.0.0.1:12838]
16:38:37.539 [Forwarding findElement on session 9b04d0b2ee1d1eefe9f595a912aeb8f2 to remote] DEBUG org.asynchttpclient.netty.request.NettyRequestSender - Using pooled Channel '[id: 0xdc1bedf7, L:/127.0.0.1:56909 - R:localhost/127.0.0.1:12838]' for 'POST' to 'http://localhost:12838/session/9b04d0b2ee1d1eefe9f595a912aeb8f2/element'
16:38:37.539 [Forwarding findElement on session 9b04d0b2ee1d1eefe9f595a912aeb8f2 to remote] DEBUG org.asynchttpclient.netty.request.NettyRequestSender - Using open Channel [id: 0xdc1bedf7, L:/127.0.0.1:56909 - R:localhost/127.0.0.1:12838] for POST '/session/9b04d0b2ee1d1eefe9f595a912aeb8f2/element'
16:38:37.568 [AsyncHttpClient-1-8] DEBUG org.asynchttpclient.netty.handler.HttpHandler - 

Request DefaultHttpRequest(decodeResult: success, version: HTTP/1.1)
POST /session/9b04d0b2ee1d1eefe9f595a912aeb8f2/element HTTP/1.1
User-Agent: selenium/4.12.1 (java windows)
Content-Length: 161
Content-Type: application/json; charset=utf-8
host: localhost:12838
accept: */*

Response DefaultHttpResponse(decodeResult: success, version: HTTP/1.1)
HTTP/1.1 200 OK
Content-Length: 126
Content-Type: application/json; charset=utf-8
cache-control: no-cache

16:38:37.568 [AsyncHttpClient-1-8] DEBUG org.asynchttpclient.netty.channel.ChannelManager - Adding key: http://localhost:12838 for channel [id: 0xdc1bedf7, L:/127.0.0.1:56909 - R:localhost/127.0.0.1:12838]
16:38:37.570 [Forwarding clickElement on session 9b04d0b2ee1d1eefe9f595a912aeb8f2 to remote] DEBUG org.asynchttpclient.netty.request.NettyRequestSender - Using pooled Channel '[id: 0xdc1bedf7, L:/127.0.0.1:56909 - R:localhost/127.0.0.1:12838]' for 'POST' to 'http://localhost:12838/session/9b04d0b2ee1d1eefe9f595a912aeb8f2/element/f.C9D472DB4FB00F4B67F029A916D676ED.d.CAB5B5C87A06E33055FB534C5BA7FADA.e.51/click'
16:38:37.570 [Forwarding clickElement on session 9b04d0b2ee1d1eefe9f595a912aeb8f2 to remote] DEBUG org.asynchttpclient.netty.request.NettyRequestSender - Using open Channel [id: 0xdc1bedf7, L:/127.0.0.1:56909 - R:localhost/127.0.0.1:12838] for POST '/session/9b04d0b2ee1d1eefe9f595a912aeb8f2/element/f.C9D472DB4FB00F4B67F029A916D676ED.d.CAB5B5C87A06E33055FB534C5BA7FADA.e.51/click'
16:38:37.652 [AsyncHttpClient-1-8] DEBUG org.asynchttpclient.netty.handler.HttpHandler - 

Request DefaultHttpRequest(decodeResult: success, version: HTTP/1.1)
POST /session/9b04d0b2ee1d1eefe9f595a912aeb8f2/element/f.C9D472DB4FB00F4B67F029A916D676ED.d.CAB5B5C87A06E33055FB534C5BA7FADA.e.51/click HTTP/1.1
User-Agent: selenium/4.12.1 (java windows)
Content-Length: 88
Content-Type: application/json; charset=utf-8
host: localhost:12838
accept: */*

Response DefaultHttpResponse(decodeResult: success, version: HTTP/1.1)
HTTP/1.1 200 OK
Content-Length: 14
Content-Type: application/json; charset=utf-8
cache-control: no-cache

16:38:37.653 [AsyncHttpClient-1-8] DEBUG org.asynchttpclient.netty.channel.ChannelManager - Adding key: http://localhost:12838 for channel [id: 0xdc1bedf7, L:/127.0.0.1:56909 - R:localhost/127.0.0.1:12838]
16:38:37.654 [Forwarding findElement on session 9b04d0b2ee1d1eefe9f595a912aeb8f2 to remote] DEBUG org.asynchttpclient.netty.request.NettyRequestSender - Using pooled Channel '[id: 0xdc1bedf7, L:/127.0.0.1:56909 - R:localhost/127.0.0.1:12838]' for 'POST' to 'http://localhost:12838/session/9b04d0b2ee1d1eefe9f595a912aeb8f2/element'
16:38:37.654 [Forwarding findElement on session 9b04d0b2ee1d1eefe9f595a912aeb8f2 to remote] DEBUG org.asynchttpclient.netty.request.NettyRequestSender - Using open Channel [id: 0xdc1bedf7, L:/127.0.0.1:56909 - R:localhost/127.0.0.1:12838] for POST '/session/9b04d0b2ee1d1eefe9f595a912aeb8f2/element'
16:38:37.668 [AsyncHttpClient-1-8] DEBUG org.asynchttpclient.netty.handler.HttpHandler - 

Request DefaultHttpRequest(decodeResult: success, version: HTTP/1.1)
POST /session/9b04d0b2ee1d1eefe9f595a912aeb8f2/element HTTP/1.1
User-Agent: selenium/4.12.1 (java windows)
Content-Length: 137
Content-Type: application/json; charset=utf-8
host: localhost:12838
accept: */*

Response DefaultHttpResponse(decodeResult: success, version: HTTP/1.1)
HTTP/1.1 404 Not Found
Content-Length: 1103
Content-Type: application/json; charset=utf-8
cache-control: no-cache

16:38:37.668 [AsyncHttpClient-1-8] DEBUG org.asynchttpclient.netty.channel.ChannelManager - Adding key: http://localhost:12838 for channel [id: 0xdc1bedf7, L:/127.0.0.1:56909 - R:localhost/127.0.0.1:12838]
16:38:37.786 [AsyncHttpClient-1-1] DEBUG org.asynchttpclient.netty.channel.DefaultChannelPool - Entry count for : http://localhost:12838 : 1
16:38:37.786 [AsyncHttpClient-1-1] DEBUG org.asynchttpclient.netty.channel.DefaultChannelPool - Entry count for : http://localhost:56910 : 1
16:38:38.178 [Forwarding findElement on session 9b04d0b2ee1d1eefe9f595a912aeb8f2 to remote] DEBUG org.asynchttpclient.netty.request.NettyRequestSender - Using pooled Channel '[id: 0xdc1bedf7, L:/127.0.0.1:56909 - R:localhost/127.0.0.1:12838]' for 'POST' to 'http://localhost:12838/session/9b04d0b2ee1d1eefe9f595a912aeb8f2/element'
16:38:38.178 [Forwarding findElement on session 9b04d0b2ee1d1eefe9f595a912aeb8f2 to remote] DEBUG org.asynchttpclient.netty.request.NettyRequestSender - Using open Channel [id: 0xdc1bedf7, L:/127.0.0.1:56909 - R:localhost/127.0.0.1:12838] for POST '/session/9b04d0b2ee1d1eefe9f595a912aeb8f2/element'
16:38:38.415 [AsyncHttpClient-1-8] DEBUG org.asynchttpclient.netty.handler.HttpHandler - 

Request DefaultHttpRequest(decodeResult: success, version: HTTP/1.1)
POST /session/9b04d0b2ee1d1eefe9f595a912aeb8f2/element HTTP/1.1
User-Agent: selenium/4.12.1 (java windows)
Content-Length: 137
Content-Type: application/json; charset=utf-8
host: localhost:12838
accept: */*

Response DefaultHttpResponse(decodeResult: success, version: HTTP/1.1)
HTTP/1.1 200 OK
Content-Length: 126
Content-Type: application/json; charset=utf-8
cache-control: no-cache

16:38:38.416 [AsyncHttpClient-1-8] DEBUG org.asynchttpclient.netty.channel.ChannelManager - Adding key: http://localhost:12838 for channel [id: 0xdc1bedf7, L:/127.0.0.1:56909 - R:localhost/127.0.0.1:12838]
16:38:38.417 [Forwarding isElementDisplayed on session 9b04d0b2ee1d1eefe9f595a912aeb8f2 to remote] DEBUG org.asynchttpclient.netty.request.NettyRequestSender - Using pooled Channel '[id: 0xdc1bedf7, L:/127.0.0.1:56909 - R:localhost/127.0.0.1:12838]' for 'POST' to 'http://localhost:12838/session/9b04d0b2ee1d1eefe9f595a912aeb8f2/execute/sync'
16:38:38.418 [Forwarding isElementDisplayed on session 9b04d0b2ee1d1eefe9f595a912aeb8f2 to remote] DEBUG org.asynchttpclient.netty.request.NettyRequestSender - Using open Channel [id: 0xdc1bedf7, L:/127.0.0.1:56909 - R:localhost/127.0.0.1:12838] for POST '/session/9b04d0b2ee1d1eefe9f595a912aeb8f2/execute/sync'
16:38:38.431 [AsyncHttpClient-1-8] DEBUG org.asynchttpclient.netty.handler.HttpHandler - 

Request DefaultHttpRequest(decodeResult: success, version: HTTP/1.1)
POST /session/9b04d0b2ee1d1eefe9f595a912aeb8f2/execute/sync HTTP/1.1
User-Agent: selenium/4.12.1 (java windows)
Content-Length: 48734
Content-Type: application/json; charset=utf-8
host: localhost:12838
accept: */*

Response DefaultHttpResponse(decodeResult: success, version: HTTP/1.1)
HTTP/1.1 200 OK
Content-Length: 14
Content-Type: application/json; charset=utf-8
cache-control: no-cache

16:38:38.431 [AsyncHttpClient-1-8] DEBUG org.asynchttpclient.netty.channel.ChannelManager - Adding key: http://localhost:12838 for channel [id: 0xdc1bedf7, L:/127.0.0.1:56909 - R:localhost/127.0.0.1:12838]
16:38:38.432 [Forwarding getCurrentUrl on session 9b04d0b2ee1d1eefe9f595a912aeb8f2 to remote] DEBUG org.asynchttpclient.netty.request.NettyRequestSender - Using pooled Channel '[id: 0xdc1bedf7, L:/127.0.0.1:56909 - R:localhost/127.0.0.1:12838]' for 'GET' to 'http://localhost:12838/session/9b04d0b2ee1d1eefe9f595a912aeb8f2/url'
16:38:38.432 [Forwarding getCurrentUrl on session 9b04d0b2ee1d1eefe9f595a912aeb8f2 to remote] DEBUG org.asynchttpclient.netty.request.NettyRequestSender - Using open Channel [id: 0xdc1bedf7, L:/127.0.0.1:56909 - R:localhost/127.0.0.1:12838] for GET '/session/9b04d0b2ee1d1eefe9f595a912aeb8f2/url'
16:38:38.440 [AsyncHttpClient-1-8] DEBUG org.asynchttpclient.netty.handler.HttpHandler - 

Request DefaultFullHttpRequest(decodeResult: success, version: HTTP/1.1, content: EmptyByteBufBE)
GET /session/9b04d0b2ee1d1eefe9f595a912aeb8f2/url HTTP/1.1
Cache-Control: no-cache
User-Agent: selenium/4.12.1 (java windows)
Content-Type: application/json; charset=utf-8
host: localhost:12838
accept: */*

Response DefaultHttpResponse(decodeResult: success, version: HTTP/1.1)
HTTP/1.1 200 OK
Content-Length: 53
Content-Type: application/json; charset=utf-8
cache-control: no-cache

16:38:38.440 [AsyncHttpClient-1-8] DEBUG org.asynchttpclient.netty.channel.ChannelManager - Adding key: http://localhost:12838 for channel [id: 0xdc1bedf7, L:/127.0.0.1:56909 - R:localhost/127.0.0.1:12838]
16:38:38.456 [Forwarding findElement on session 9b04d0b2ee1d1eefe9f595a912aeb8f2 to remote] DEBUG org.asynchttpclient.netty.request.NettyRequestSender - Using pooled Channel '[id: 0xdc1bedf7, L:/127.0.0.1:56909 - R:localhost/127.0.0.1:12838]' for 'POST' to 'http://localhost:12838/session/9b04d0b2ee1d1eefe9f595a912aeb8f2/element'
16:38:38.456 [Forwarding findElement on session 9b04d0b2ee1d1eefe9f595a912aeb8f2 to remote] DEBUG org.asynchttpclient.netty.request.NettyRequestSender - Using open Channel [id: 0xdc1bedf7, L:/127.0.0.1:56909 - R:localhost/127.0.0.1:12838] for POST '/session/9b04d0b2ee1d1eefe9f595a912aeb8f2/element'
16:38:38.473 [AsyncHttpClient-1-8] DEBUG org.asynchttpclient.netty.handler.HttpHandler - 

Request DefaultHttpRequest(decodeResult: success, version: HTTP/1.1)
POST /session/9b04d0b2ee1d1eefe9f595a912aeb8f2/element HTTP/1.1
User-Agent: selenium/4.12.1 (java windows)
Content-Length: 128
Content-Type: application/json; charset=utf-8
host: localhost:12838
accept: */*

Response DefaultHttpResponse(decodeResult: success, version: HTTP/1.1)
HTTP/1.1 200 OK
Content-Length: 126
Content-Type: application/json; charset=utf-8
cache-control: no-cache

16:38:38.473 [AsyncHttpClient-1-8] DEBUG org.asynchttpclient.netty.channel.ChannelManager - Adding key: http://localhost:12838 for channel [id: 0xdc1bedf7, L:/127.0.0.1:56909 - R:localhost/127.0.0.1:12838]
16:38:38.475 [Forwarding clickElement on session 9b04d0b2ee1d1eefe9f595a912aeb8f2 to remote] DEBUG org.asynchttpclient.netty.request.NettyRequestSender - Using pooled Channel '[id: 0xdc1bedf7, L:/127.0.0.1:56909 - R:localhost/127.0.0.1:12838]' for 'POST' to 'http://localhost:12838/session/9b04d0b2ee1d1eefe9f595a912aeb8f2/element/f.C9D472DB4FB00F4B67F029A916D676ED.d.CAB5B5C87A06E33055FB534C5BA7FADA.e.69/click'
16:38:38.475 [Forwarding clickElement on session 9b04d0b2ee1d1eefe9f595a912aeb8f2 to remote] DEBUG org.asynchttpclient.netty.request.NettyRequestSender - Using open Channel [id: 0xdc1bedf7, L:/127.0.0.1:56909 - R:localhost/127.0.0.1:12838] for POST '/session/9b04d0b2ee1d1eefe9f595a912aeb8f2/element/f.C9D472DB4FB00F4B67F029A916D676ED.d.CAB5B5C87A06E33055FB534C5BA7FADA.e.69/click'
16:38:38.590 [AsyncHttpClient-1-8] DEBUG org.asynchttpclient.netty.handler.HttpHandler - 

Request DefaultHttpRequest(decodeResult: success, version: HTTP/1.1)
POST /session/9b04d0b2ee1d1eefe9f595a912aeb8f2/element/f.C9D472DB4FB00F4B67F029A916D676ED.d.CAB5B5C87A06E33055FB534C5BA7FADA.e.69/click HTTP/1.1
User-Agent: selenium/4.12.1 (java windows)
Content-Length: 88
Content-Type: application/json; charset=utf-8
host: localhost:12838
accept: */*

Response DefaultHttpResponse(decodeResult: success, version: HTTP/1.1)
HTTP/1.1 200 OK
Content-Length: 14
Content-Type: application/json; charset=utf-8
cache-control: no-cache

16:38:38.590 [AsyncHttpClient-1-8] DEBUG org.asynchttpclient.netty.channel.ChannelManager - Adding key: http://localhost:12838 for channel [id: 0xdc1bedf7, L:/127.0.0.1:56909 - R:localhost/127.0.0.1:12838]
16:38:38.591 [Forwarding findElement on session 9b04d0b2ee1d1eefe9f595a912aeb8f2 to remote] DEBUG org.asynchttpclient.netty.request.NettyRequestSender - Using pooled Channel '[id: 0xdc1bedf7, L:/127.0.0.1:56909 - R:localhost/127.0.0.1:12838]' for 'POST' to 'http://localhost:12838/session/9b04d0b2ee1d1eefe9f595a912aeb8f2/element'
16:38:38.591 [Forwarding findElement on session 9b04d0b2ee1d1eefe9f595a912aeb8f2 to remote] DEBUG org.asynchttpclient.netty.request.NettyRequestSender - Using open Channel [id: 0xdc1bedf7, L:/127.0.0.1:56909 - R:localhost/127.0.0.1:12838] for POST '/session/9b04d0b2ee1d1eefe9f595a912aeb8f2/element'
16:38:38.607 [AsyncHttpClient-1-8] DEBUG org.asynchttpclient.netty.handler.HttpHandler - 

Request DefaultHttpRequest(decodeResult: success, version: HTTP/1.1)
POST /session/9b04d0b2ee1d1eefe9f595a912aeb8f2/element HTTP/1.1
User-Agent: selenium/4.12.1 (java windows)
Content-Length: 153
Content-Type: application/json; charset=utf-8
host: localhost:12838
accept: */*

Response DefaultHttpResponse(decodeResult: success, version: HTTP/1.1)
HTTP/1.1 404 Not Found
Content-Length: 1114
Content-Type: application/json; charset=utf-8
cache-control: no-cache

16:38:38.608 [AsyncHttpClient-1-8] DEBUG org.asynchttpclient.netty.channel.ChannelManager - Adding key: http://localhost:12838 for channel [id: 0xdc1bedf7, L:/127.0.0.1:56909 - R:localhost/127.0.0.1:12838]
16:38:38.881 [AsyncHttpClient-1-1] DEBUG org.asynchttpclient.netty.channel.DefaultChannelPool - Entry count for : http://localhost:12838 : 1
16:38:38.881 [AsyncHttpClient-1-1] DEBUG org.asynchttpclient.netty.channel.DefaultChannelPool - Entry count for : http://localhost:56910 : 1
16:38:39.118 [Forwarding findElement on session 9b04d0b2ee1d1eefe9f595a912aeb8f2 to remote] DEBUG org.asynchttpclient.netty.request.NettyRequestSender - Using pooled Channel '[id: 0xdc1bedf7, L:/127.0.0.1:56909 - R:localhost/127.0.0.1:12838]' for 'POST' to 'http://localhost:12838/session/9b04d0b2ee1d1eefe9f595a912aeb8f2/element'
16:38:39.119 [Forwarding findElement on session 9b04d0b2ee1d1eefe9f595a912aeb8f2 to remote] DEBUG org.asynchttpclient.netty.request.NettyRequestSender - Using open Channel [id: 0xdc1bedf7, L:/127.0.0.1:56909 - R:localhost/127.0.0.1:12838] for POST '/session/9b04d0b2ee1d1eefe9f595a912aeb8f2/element'
16:38:39.130 [AsyncHttpClient-1-8] DEBUG org.asynchttpclient.netty.handler.HttpHandler - 

Request DefaultHttpRequest(decodeResult: success, version: HTTP/1.1)
POST /session/9b04d0b2ee1d1eefe9f595a912aeb8f2/element HTTP/1.1
User-Agent: selenium/4.12.1 (java windows)
Content-Length: 153
Content-Type: application/json; charset=utf-8
host: localhost:12838
accept: */*

Response DefaultHttpResponse(decodeResult: success, version: HTTP/1.1)
HTTP/1.1 200 OK
Content-Length: 126
Content-Type: application/json; charset=utf-8
cache-control: no-cache

16:38:39.130 [AsyncHttpClient-1-8] DEBUG org.asynchttpclient.netty.channel.ChannelManager - Adding key: http://localhost:12838 for channel [id: 0xdc1bedf7, L:/127.0.0.1:56909 - R:localhost/127.0.0.1:12838]
16:38:39.132 [Forwarding isElementDisplayed on session 9b04d0b2ee1d1eefe9f595a912aeb8f2 to remote] DEBUG org.asynchttpclient.netty.request.NettyRequestSender - Using pooled Channel '[id: 0xdc1bedf7, L:/127.0.0.1:56909 - R:localhost/127.0.0.1:12838]' for 'POST' to 'http://localhost:12838/session/9b04d0b2ee1d1eefe9f595a912aeb8f2/execute/sync'
16:38:39.132 [Forwarding isElementDisplayed on session 9b04d0b2ee1d1eefe9f595a912aeb8f2 to remote] DEBUG org.asynchttpclient.netty.request.NettyRequestSender - Using open Channel [id: 0xdc1bedf7, L:/127.0.0.1:56909 - R:localhost/127.0.0.1:12838] for POST '/session/9b04d0b2ee1d1eefe9f595a912aeb8f2/execute/sync'
16:38:39.146 [AsyncHttpClient-1-8] DEBUG org.asynchttpclient.netty.handler.HttpHandler - 

Request DefaultHttpRequest(decodeResult: success, version: HTTP/1.1)
POST /session/9b04d0b2ee1d1eefe9f595a912aeb8f2/execute/sync HTTP/1.1
User-Agent: selenium/4.12.1 (java windows)
Content-Length: 48734
Content-Type: application/json; charset=utf-8
host: localhost:12838
accept: */*

Response DefaultHttpResponse(decodeResult: success, version: HTTP/1.1)
HTTP/1.1 200 OK
Content-Length: 14
Content-Type: application/json; charset=utf-8
cache-control: no-cache

16:38:39.146 [AsyncHttpClient-1-8] DEBUG org.asynchttpclient.netty.channel.ChannelManager - Adding key: http://localhost:12838 for channel [id: 0xdc1bedf7, L:/127.0.0.1:56909 - R:localhost/127.0.0.1:12838]
16:38:39.147 [Forwarding getCurrentUrl on session 9b04d0b2ee1d1eefe9f595a912aeb8f2 to remote] DEBUG org.asynchttpclient.netty.request.NettyRequestSender - Using pooled Channel '[id: 0xdc1bedf7, L:/127.0.0.1:56909 - R:localhost/127.0.0.1:12838]' for 'GET' to 'http://localhost:12838/session/9b04d0b2ee1d1eefe9f595a912aeb8f2/url'
16:38:39.147 [Forwarding getCurrentUrl on session 9b04d0b2ee1d1eefe9f595a912aeb8f2 to remote] DEBUG org.asynchttpclient.netty.request.NettyRequestSender - Using open Channel [id: 0xdc1bedf7, L:/127.0.0.1:56909 - R:localhost/127.0.0.1:12838] for GET '/session/9b04d0b2ee1d1eefe9f595a912aeb8f2/url'
16:38:39.154 [AsyncHttpClient-1-8] DEBUG org.asynchttpclient.netty.handler.HttpHandler - 

Request DefaultFullHttpRequest(decodeResult: success, version: HTTP/1.1, content: EmptyByteBufBE)
GET /session/9b04d0b2ee1d1eefe9f595a912aeb8f2/url HTTP/1.1
Cache-Control: no-cache
User-Agent: selenium/4.12.1 (java windows)
Content-Type: application/json; charset=utf-8
host: localhost:12838
accept: */*

Response DefaultHttpResponse(decodeResult: success, version: HTTP/1.1)
HTTP/1.1 200 OK
Content-Length: 54
Content-Type: application/json; charset=utf-8
cache-control: no-cache

16:38:39.154 [AsyncHttpClient-1-8] DEBUG org.asynchttpclient.netty.channel.ChannelManager - Adding key: http://localhost:12838 for channel [id: 0xdc1bedf7, L:/127.0.0.1:56909 - R:localhost/127.0.0.1:12838]
16:38:39.198 [Forwarding findElement on session 9b04d0b2ee1d1eefe9f595a912aeb8f2 to remote] DEBUG org.asynchttpclient.netty.request.NettyRequestSender - Using pooled Channel '[id: 0xdc1bedf7, L:/127.0.0.1:56909 - R:localhost/127.0.0.1:12838]' for 'POST' to 'http://localhost:12838/session/9b04d0b2ee1d1eefe9f595a912aeb8f2/element'
16:38:39.198 [Forwarding findElement on session 9b04d0b2ee1d1eefe9f595a912aeb8f2 to remote] DEBUG org.asynchttpclient.netty.request.NettyRequestSender - Using open Channel [id: 0xdc1bedf7, L:/127.0.0.1:56909 - R:localhost/127.0.0.1:12838] for POST '/session/9b04d0b2ee1d1eefe9f595a912aeb8f2/element'
16:38:39.213 [AsyncHttpClient-1-8] DEBUG org.asynchttpclient.netty.handler.HttpHandler - 

Request DefaultHttpRequest(decodeResult: success, version: HTTP/1.1)
POST /session/9b04d0b2ee1d1eefe9f595a912aeb8f2/element HTTP/1.1
User-Agent: selenium/4.12.1 (java windows)
Content-Length: 131
Content-Type: application/json; charset=utf-8
host: localhost:12838
accept: */*

Response DefaultHttpResponse(decodeResult: success, version: HTTP/1.1)
HTTP/1.1 200 OK
Content-Length: 126
Content-Type: application/json; charset=utf-8
cache-control: no-cache

16:38:39.213 [AsyncHttpClient-1-8] DEBUG org.asynchttpclient.netty.channel.ChannelManager - Adding key: http://localhost:12838 for channel [id: 0xdc1bedf7, L:/127.0.0.1:56909 - R:localhost/127.0.0.1:12838]
16:38:39.214 [Forwarding clickElement on session 9b04d0b2ee1d1eefe9f595a912aeb8f2 to remote] DEBUG org.asynchttpclient.netty.request.NettyRequestSender - Using pooled Channel '[id: 0xdc1bedf7, L:/127.0.0.1:56909 - R:localhost/127.0.0.1:12838]' for 'POST' to 'http://localhost:12838/session/9b04d0b2ee1d1eefe9f595a912aeb8f2/element/f.C9D472DB4FB00F4B67F029A916D676ED.d.CAB5B5C87A06E33055FB534C5BA7FADA.e.72/click'
16:38:39.214 [Forwarding clickElement on session 9b04d0b2ee1d1eefe9f595a912aeb8f2 to remote] DEBUG org.asynchttpclient.netty.request.NettyRequestSender - Using open Channel [id: 0xdc1bedf7, L:/127.0.0.1:56909 - R:localhost/127.0.0.1:12838] for POST '/session/9b04d0b2ee1d1eefe9f595a912aeb8f2/element/f.C9D472DB4FB00F4B67F029A916D676ED.d.CAB5B5C87A06E33055FB534C5BA7FADA.e.72/click'
16:38:39.578 [AsyncHttpClient-1-8] DEBUG org.asynchttpclient.netty.handler.HttpHandler - 

Request DefaultHttpRequest(decodeResult: success, version: HTTP/1.1)
POST /session/9b04d0b2ee1d1eefe9f595a912aeb8f2/element/f.C9D472DB4FB00F4B67F029A916D676ED.d.CAB5B5C87A06E33055FB534C5BA7FADA.e.72/click HTTP/1.1
User-Agent: selenium/4.12.1 (java windows)
Content-Length: 88
Content-Type: application/json; charset=utf-8
host: localhost:12838
accept: */*

Response DefaultHttpResponse(decodeResult: success, version: HTTP/1.1)
HTTP/1.1 200 OK
Content-Length: 14
Content-Type: application/json; charset=utf-8
cache-control: no-cache

16:38:39.578 [AsyncHttpClient-1-8] DEBUG org.asynchttpclient.netty.channel.ChannelManager - Adding key: http://localhost:12838 for channel [id: 0xdc1bedf7, L:/127.0.0.1:56909 - R:localhost/127.0.0.1:12838]
16:38:39.579 [Forwarding findElement on session 9b04d0b2ee1d1eefe9f595a912aeb8f2 to remote] DEBUG org.asynchttpclient.netty.request.NettyRequestSender - Using pooled Channel '[id: 0xdc1bedf7, L:/127.0.0.1:56909 - R:localhost/127.0.0.1:12838]' for 'POST' to 'http://localhost:12838/session/9b04d0b2ee1d1eefe9f595a912aeb8f2/element'
16:38:39.579 [Forwarding findElement on session 9b04d0b2ee1d1eefe9f595a912aeb8f2 to remote] DEBUG org.asynchttpclient.netty.request.NettyRequestSender - Using open Channel [id: 0xdc1bedf7, L:/127.0.0.1:56909 - R:localhost/127.0.0.1:12838] for POST '/session/9b04d0b2ee1d1eefe9f595a912aeb8f2/element'
16:38:39.596 [AsyncHttpClient-1-8] DEBUG org.asynchttpclient.netty.handler.HttpHandler - 

Request DefaultHttpRequest(decodeResult: success, version: HTTP/1.1)
POST /session/9b04d0b2ee1d1eefe9f595a912aeb8f2/element HTTP/1.1
User-Agent: selenium/4.12.1 (java windows)
Content-Length: 151
Content-Type: application/json; charset=utf-8
host: localhost:12838
accept: */*

Response DefaultHttpResponse(decodeResult: success, version: HTTP/1.1)
HTTP/1.1 404 Not Found
Content-Length: 1112
Content-Type: application/json; charset=utf-8
cache-control: no-cache

16:38:39.596 [AsyncHttpClient-1-8] DEBUG org.asynchttpclient.netty.channel.ChannelManager - Adding key: http://localhost:12838 for channel [id: 0xdc1bedf7, L:/127.0.0.1:56909 - R:localhost/127.0.0.1:12838]
16:38:39.984 [AsyncHttpClient-1-1] DEBUG org.asynchttpclient.netty.channel.DefaultChannelPool - Entry count for : http://localhost:12838 : 1
16:38:39.984 [AsyncHttpClient-1-1] DEBUG org.asynchttpclient.netty.channel.DefaultChannelPool - Entry count for : http://localhost:56910 : 1
16:38:40.109 [Forwarding findElement on session 9b04d0b2ee1d1eefe9f595a912aeb8f2 to remote] DEBUG org.asynchttpclient.netty.request.NettyRequestSender - Using pooled Channel '[id: 0xdc1bedf7, L:/127.0.0.1:56909 - R:localhost/127.0.0.1:12838]' for 'POST' to 'http://localhost:12838/session/9b04d0b2ee1d1eefe9f595a912aeb8f2/element'
16:38:40.109 [Forwarding findElement on session 9b04d0b2ee1d1eefe9f595a912aeb8f2 to remote] DEBUG org.asynchttpclient.netty.request.NettyRequestSender - Using open Channel [id: 0xdc1bedf7, L:/127.0.0.1:56909 - R:localhost/127.0.0.1:12838] for POST '/session/9b04d0b2ee1d1eefe9f595a912aeb8f2/element'
16:38:40.294 [AsyncHttpClient-1-8] DEBUG org.asynchttpclient.netty.handler.HttpHandler - 

Request DefaultHttpRequest(decodeResult: success, version: HTTP/1.1)
POST /session/9b04d0b2ee1d1eefe9f595a912aeb8f2/element HTTP/1.1
User-Agent: selenium/4.12.1 (java windows)
Content-Length: 151
Content-Type: application/json; charset=utf-8
host: localhost:12838
accept: */*

Response DefaultHttpResponse(decodeResult: success, version: HTTP/1.1)
HTTP/1.1 200 OK
Content-Length: 126
Content-Type: application/json; charset=utf-8
cache-control: no-cache

16:38:40.294 [AsyncHttpClient-1-8] DEBUG org.asynchttpclient.netty.channel.ChannelManager - Adding key: http://localhost:12838 for channel [id: 0xdc1bedf7, L:/127.0.0.1:56909 - R:localhost/127.0.0.1:12838]
16:38:40.301 [Forwarding isElementDisplayed on session 9b04d0b2ee1d1eefe9f595a912aeb8f2 to remote] DEBUG org.asynchttpclient.netty.request.NettyRequestSender - Using pooled Channel '[id: 0xdc1bedf7, L:/127.0.0.1:56909 - R:localhost/127.0.0.1:12838]' for 'POST' to 'http://localhost:12838/session/9b04d0b2ee1d1eefe9f595a912aeb8f2/execute/sync'
16:38:40.301 [Forwarding isElementDisplayed on session 9b04d0b2ee1d1eefe9f595a912aeb8f2 to remote] DEBUG org.asynchttpclient.netty.request.NettyRequestSender - Using open Channel [id: 0xdc1bedf7, L:/127.0.0.1:56909 - R:localhost/127.0.0.1:12838] for POST '/session/9b04d0b2ee1d1eefe9f595a912aeb8f2/execute/sync'
16:38:40.326 [AsyncHttpClient-1-8] DEBUG org.asynchttpclient.netty.handler.HttpHandler - 

Request DefaultHttpRequest(decodeResult: success, version: HTTP/1.1)
POST /session/9b04d0b2ee1d1eefe9f595a912aeb8f2/execute/sync HTTP/1.1
User-Agent: selenium/4.12.1 (java windows)
Content-Length: 48734
Content-Type: application/json; charset=utf-8
host: localhost:12838
accept: */*

Response DefaultHttpResponse(decodeResult: success, version: HTTP/1.1)
HTTP/1.1 200 OK
Content-Length: 14
Content-Type: application/json; charset=utf-8
cache-control: no-cache

16:38:40.326 [AsyncHttpClient-1-8] DEBUG org.asynchttpclient.netty.channel.ChannelManager - Adding key: http://localhost:12838 for channel [id: 0xdc1bedf7, L:/127.0.0.1:56909 - R:localhost/127.0.0.1:12838]
16:38:40.327 [Forwarding getCurrentUrl on session 9b04d0b2ee1d1eefe9f595a912aeb8f2 to remote] DEBUG org.asynchttpclient.netty.request.NettyRequestSender - Using pooled Channel '[id: 0xdc1bedf7, L:/127.0.0.1:56909 - R:localhost/127.0.0.1:12838]' for 'GET' to 'http://localhost:12838/session/9b04d0b2ee1d1eefe9f595a912aeb8f2/url'
16:38:40.327 [Forwarding getCurrentUrl on session 9b04d0b2ee1d1eefe9f595a912aeb8f2 to remote] DEBUG org.asynchttpclient.netty.request.NettyRequestSender - Using open Channel [id: 0xdc1bedf7, L:/127.0.0.1:56909 - R:localhost/127.0.0.1:12838] for GET '/session/9b04d0b2ee1d1eefe9f595a912aeb8f2/url'
16:38:40.339 [AsyncHttpClient-1-8] DEBUG org.asynchttpclient.netty.handler.HttpHandler - 

Request DefaultFullHttpRequest(decodeResult: success, version: HTTP/1.1, content: EmptyByteBufBE)
GET /session/9b04d0b2ee1d1eefe9f595a912aeb8f2/url HTTP/1.1
Cache-Control: no-cache
User-Agent: selenium/4.12.1 (java windows)
Content-Type: application/json; charset=utf-8
host: localhost:12838
accept: */*

Response DefaultHttpResponse(decodeResult: success, version: HTTP/1.1)
HTTP/1.1 200 OK
Content-Length: 54
Content-Type: application/json; charset=utf-8
cache-control: no-cache

16:38:40.339 [AsyncHttpClient-1-8] DEBUG org.asynchttpclient.netty.channel.ChannelManager - Adding key: http://localhost:12838 for channel [id: 0xdc1bedf7, L:/127.0.0.1:56909 - R:localhost/127.0.0.1:12838]
16:38:40.383 [Forwarding findElement on session 9b04d0b2ee1d1eefe9f595a912aeb8f2 to remote] DEBUG org.asynchttpclient.netty.request.NettyRequestSender - Using pooled Channel '[id: 0xdc1bedf7, L:/127.0.0.1:56909 - R:localhost/127.0.0.1:12838]' for 'POST' to 'http://localhost:12838/session/9b04d0b2ee1d1eefe9f595a912aeb8f2/element'
16:38:40.384 [Forwarding findElement on session 9b04d0b2ee1d1eefe9f595a912aeb8f2 to remote] DEBUG org.asynchttpclient.netty.request.NettyRequestSender - Using open Channel [id: 0xdc1bedf7, L:/127.0.0.1:56909 - R:localhost/127.0.0.1:12838] for POST '/session/9b04d0b2ee1d1eefe9f595a912aeb8f2/element'
16:38:40.405 [AsyncHttpClient-1-8] DEBUG org.asynchttpclient.netty.handler.HttpHandler - 

Request DefaultHttpRequest(decodeResult: success, version: HTTP/1.1)
POST /session/9b04d0b2ee1d1eefe9f595a912aeb8f2/element HTTP/1.1
User-Agent: selenium/4.12.1 (java windows)
Content-Length: 128
Content-Type: application/json; charset=utf-8
host: localhost:12838
accept: */*

Response DefaultHttpResponse(decodeResult: success, version: HTTP/1.1)
HTTP/1.1 200 OK
Content-Length: 126
Content-Type: application/json; charset=utf-8
cache-control: no-cache

16:38:40.406 [AsyncHttpClient-1-8] DEBUG org.asynchttpclient.netty.channel.ChannelManager - Adding key: http://localhost:12838 for channel [id: 0xdc1bedf7, L:/127.0.0.1:56909 - R:localhost/127.0.0.1:12838]
16:38:40.408 [Forwarding clickElement on session 9b04d0b2ee1d1eefe9f595a912aeb8f2 to remote] DEBUG org.asynchttpclient.netty.request.NettyRequestSender - Using pooled Channel '[id: 0xdc1bedf7, L:/127.0.0.1:56909 - R:localhost/127.0.0.1:12838]' for 'POST' to 'http://localhost:12838/session/9b04d0b2ee1d1eefe9f595a912aeb8f2/element/f.C9D472DB4FB00F4B67F029A916D676ED.d.CAB5B5C87A06E33055FB534C5BA7FADA.e.86/click'
16:38:40.408 [Forwarding clickElement on session 9b04d0b2ee1d1eefe9f595a912aeb8f2 to remote] DEBUG org.asynchttpclient.netty.request.NettyRequestSender - Using open Channel [id: 0xdc1bedf7, L:/127.0.0.1:56909 - R:localhost/127.0.0.1:12838] for POST '/session/9b04d0b2ee1d1eefe9f595a912aeb8f2/element/f.C9D472DB4FB00F4B67F029A916D676ED.d.CAB5B5C87A06E33055FB534C5BA7FADA.e.86/click'
16:38:40.495 [AsyncHttpClient-1-8] DEBUG org.asynchttpclient.netty.handler.HttpHandler - 

Request DefaultHttpRequest(decodeResult: success, version: HTTP/1.1)
POST /session/9b04d0b2ee1d1eefe9f595a912aeb8f2/element/f.C9D472DB4FB00F4B67F029A916D676ED.d.CAB5B5C87A06E33055FB534C5BA7FADA.e.86/click HTTP/1.1
User-Agent: selenium/4.12.1 (java windows)
Content-Length: 88
Content-Type: application/json; charset=utf-8
host: localhost:12838
accept: */*

Response DefaultHttpResponse(decodeResult: success, version: HTTP/1.1)
HTTP/1.1 200 OK
Content-Length: 14
Content-Type: application/json; charset=utf-8
cache-control: no-cache

16:38:40.495 [AsyncHttpClient-1-8] DEBUG org.asynchttpclient.netty.channel.ChannelManager - Adding key: http://localhost:12838 for channel [id: 0xdc1bedf7, L:/127.0.0.1:56909 - R:localhost/127.0.0.1:12838]
16:38:40.496 [Forwarding findElement on session 9b04d0b2ee1d1eefe9f595a912aeb8f2 to remote] DEBUG org.asynchttpclient.netty.request.NettyRequestSender - Using pooled Channel '[id: 0xdc1bedf7, L:/127.0.0.1:56909 - R:localhost/127.0.0.1:12838]' for 'POST' to 'http://localhost:12838/session/9b04d0b2ee1d1eefe9f595a912aeb8f2/element'
16:38:40.496 [Forwarding findElement on session 9b04d0b2ee1d1eefe9f595a912aeb8f2 to remote] DEBUG org.asynchttpclient.netty.request.NettyRequestSender - Using open Channel [id: 0xdc1bedf7, L:/127.0.0.1:56909 - R:localhost/127.0.0.1:12838] for POST '/session/9b04d0b2ee1d1eefe9f595a912aeb8f2/element'
16:38:40.506 [AsyncHttpClient-1-8] DEBUG org.asynchttpclient.netty.handler.HttpHandler - 

Request DefaultHttpRequest(decodeResult: success, version: HTTP/1.1)
POST /session/9b04d0b2ee1d1eefe9f595a912aeb8f2/element HTTP/1.1
User-Agent: selenium/4.12.1 (java windows)
Content-Length: 136
Content-Type: application/json; charset=utf-8
host: localhost:12838
accept: */*

Response DefaultHttpResponse(decodeResult: success, version: HTTP/1.1)
HTTP/1.1 200 OK
Content-Length: 126
Content-Type: application/json; charset=utf-8
cache-control: no-cache

16:38:40.506 [AsyncHttpClient-1-8] DEBUG org.asynchttpclient.netty.channel.ChannelManager - Adding key: http://localhost:12838 for channel [id: 0xdc1bedf7, L:/127.0.0.1:56909 - R:localhost/127.0.0.1:12838]
16:38:40.508 [Forwarding isElementDisplayed on session 9b04d0b2ee1d1eefe9f595a912aeb8f2 to remote] DEBUG org.asynchttpclient.netty.request.NettyRequestSender - Using pooled Channel '[id: 0xdc1bedf7, L:/127.0.0.1:56909 - R:localhost/127.0.0.1:12838]' for 'POST' to 'http://localhost:12838/session/9b04d0b2ee1d1eefe9f595a912aeb8f2/execute/sync'
16:38:40.508 [Forwarding isElementDisplayed on session 9b04d0b2ee1d1eefe9f595a912aeb8f2 to remote] DEBUG org.asynchttpclient.netty.request.NettyRequestSender - Using open Channel [id: 0xdc1bedf7, L:/127.0.0.1:56909 - R:localhost/127.0.0.1:12838] for POST '/session/9b04d0b2ee1d1eefe9f595a912aeb8f2/execute/sync'
16:38:40.518 [AsyncHttpClient-1-8] DEBUG org.asynchttpclient.netty.handler.HttpHandler - 

Request DefaultHttpRequest(decodeResult: success, version: HTTP/1.1)
POST /session/9b04d0b2ee1d1eefe9f595a912aeb8f2/execute/sync HTTP/1.1
User-Agent: selenium/4.12.1 (java windows)
Content-Length: 48734
Content-Type: application/json; charset=utf-8
host: localhost:12838
accept: */*

Response DefaultHttpResponse(decodeResult: success, version: HTTP/1.1)
HTTP/1.1 200 OK
Content-Length: 15
Content-Type: application/json; charset=utf-8
cache-control: no-cache

16:38:40.518 [AsyncHttpClient-1-8] DEBUG org.asynchttpclient.netty.channel.ChannelManager - Adding key: http://localhost:12838 for channel [id: 0xdc1bedf7, L:/127.0.0.1:56909 - R:localhost/127.0.0.1:12838]
16:38:41.031 [Forwarding findElement on session 9b04d0b2ee1d1eefe9f595a912aeb8f2 to remote] DEBUG org.asynchttpclient.netty.request.NettyRequestSender - Using pooled Channel '[id: 0xdc1bedf7, L:/127.0.0.1:56909 - R:localhost/127.0.0.1:12838]' for 'POST' to 'http://localhost:12838/session/9b04d0b2ee1d1eefe9f595a912aeb8f2/element'
16:38:41.031 [Forwarding findElement on session 9b04d0b2ee1d1eefe9f595a912aeb8f2 to remote] DEBUG org.asynchttpclient.netty.request.NettyRequestSender - Using open Channel [id: 0xdc1bedf7, L:/127.0.0.1:56909 - R:localhost/127.0.0.1:12838] for POST '/session/9b04d0b2ee1d1eefe9f595a912aeb8f2/element'
16:38:41.042 [AsyncHttpClient-1-8] DEBUG org.asynchttpclient.netty.handler.HttpHandler - 

Request DefaultHttpRequest(decodeResult: success, version: HTTP/1.1)
POST /session/9b04d0b2ee1d1eefe9f595a912aeb8f2/element HTTP/1.1
User-Agent: selenium/4.12.1 (java windows)
Content-Length: 136
Content-Type: application/json; charset=utf-8
host: localhost:12838
accept: */*

Response DefaultHttpResponse(decodeResult: success, version: HTTP/1.1)
HTTP/1.1 200 OK
Content-Length: 126
Content-Type: application/json; charset=utf-8
cache-control: no-cache

16:38:41.042 [AsyncHttpClient-1-8] DEBUG org.asynchttpclient.netty.channel.ChannelManager - Adding key: http://localhost:12838 for channel [id: 0xdc1bedf7, L:/127.0.0.1:56909 - R:localhost/127.0.0.1:12838]
16:38:41.044 [Forwarding isElementDisplayed on session 9b04d0b2ee1d1eefe9f595a912aeb8f2 to remote] DEBUG org.asynchttpclient.netty.request.NettyRequestSender - Using pooled Channel '[id: 0xdc1bedf7, L:/127.0.0.1:56909 - R:localhost/127.0.0.1:12838]' for 'POST' to 'http://localhost:12838/session/9b04d0b2ee1d1eefe9f595a912aeb8f2/execute/sync'
16:38:41.044 [Forwarding isElementDisplayed on session 9b04d0b2ee1d1eefe9f595a912aeb8f2 to remote] DEBUG org.asynchttpclient.netty.request.NettyRequestSender - Using open Channel [id: 0xdc1bedf7, L:/127.0.0.1:56909 - R:localhost/127.0.0.1:12838] for POST '/session/9b04d0b2ee1d1eefe9f595a912aeb8f2/execute/sync'
16:38:41.057 [AsyncHttpClient-1-8] DEBUG org.asynchttpclient.netty.handler.HttpHandler - 

Request DefaultHttpRequest(decodeResult: success, version: HTTP/1.1)
POST /session/9b04d0b2ee1d1eefe9f595a912aeb8f2/execute/sync HTTP/1.1
User-Agent: selenium/4.12.1 (java windows)
Content-Length: 48734
Content-Type: application/json; charset=utf-8
host: localhost:12838
accept: */*

Response DefaultHttpResponse(decodeResult: success, version: HTTP/1.1)
HTTP/1.1 200 OK
Content-Length: 14
Content-Type: application/json; charset=utf-8
cache-control: no-cache

16:38:41.057 [AsyncHttpClient-1-8] DEBUG org.asynchttpclient.netty.channel.ChannelManager - Adding key: http://localhost:12838 for channel [id: 0xdc1bedf7, L:/127.0.0.1:56909 - R:localhost/127.0.0.1:12838]
16:38:41.057 [Forwarding getCurrentUrl on session 9b04d0b2ee1d1eefe9f595a912aeb8f2 to remote] DEBUG org.asynchttpclient.netty.request.NettyRequestSender - Using pooled Channel '[id: 0xdc1bedf7, L:/127.0.0.1:56909 - R:localhost/127.0.0.1:12838]' for 'GET' to 'http://localhost:12838/session/9b04d0b2ee1d1eefe9f595a912aeb8f2/url'
16:38:41.057 [Forwarding getCurrentUrl on session 9b04d0b2ee1d1eefe9f595a912aeb8f2 to remote] DEBUG org.asynchttpclient.netty.request.NettyRequestSender - Using open Channel [id: 0xdc1bedf7, L:/127.0.0.1:56909 - R:localhost/127.0.0.1:12838] for GET '/session/9b04d0b2ee1d1eefe9f595a912aeb8f2/url'
16:38:41.078 [AsyncHttpClient-1-1] DEBUG org.asynchttpclient.netty.channel.DefaultChannelPool - Entry count for : http://localhost:56910 : 1
16:38:41.082 [AsyncHttpClient-1-8] DEBUG org.asynchttpclient.netty.handler.HttpHandler - 

Request DefaultFullHttpRequest(decodeResult: success, version: HTTP/1.1, content: EmptyByteBufBE)
GET /session/9b04d0b2ee1d1eefe9f595a912aeb8f2/url HTTP/1.1
Cache-Control: no-cache
User-Agent: selenium/4.12.1 (java windows)
Content-Type: application/json; charset=utf-8
host: localhost:12838
accept: */*

Response DefaultHttpResponse(decodeResult: success, version: HTTP/1.1)
HTTP/1.1 200 OK
Content-Length: 55
Content-Type: application/json; charset=utf-8
cache-control: no-cache

16:38:41.083 [AsyncHttpClient-1-8] DEBUG org.asynchttpclient.netty.channel.ChannelManager - Adding key: http://localhost:12838 for channel [id: 0xdc1bedf7, L:/127.0.0.1:56909 - R:localhost/127.0.0.1:12838]
16:38:41.090 [Forwarding findElement on session 9b04d0b2ee1d1eefe9f595a912aeb8f2 to remote] DEBUG org.asynchttpclient.netty.request.NettyRequestSender - Using pooled Channel '[id: 0xdc1bedf7, L:/127.0.0.1:56909 - R:localhost/127.0.0.1:12838]' for 'POST' to 'http://localhost:12838/session/9b04d0b2ee1d1eefe9f595a912aeb8f2/element'
16:38:41.090 [Forwarding findElement on session 9b04d0b2ee1d1eefe9f595a912aeb8f2 to remote] DEBUG org.asynchttpclient.netty.request.NettyRequestSender - Using open Channel [id: 0xdc1bedf7, L:/127.0.0.1:56909 - R:localhost/127.0.0.1:12838] for POST '/session/9b04d0b2ee1d1eefe9f595a912aeb8f2/element'
16:38:41.106 [AsyncHttpClient-1-8] DEBUG org.asynchttpclient.netty.handler.HttpHandler - 

Request DefaultHttpRequest(decodeResult: success, version: HTTP/1.1)
POST /session/9b04d0b2ee1d1eefe9f595a912aeb8f2/element HTTP/1.1
User-Agent: selenium/4.12.1 (java windows)
Content-Length: 128
Content-Type: application/json; charset=utf-8
host: localhost:12838
accept: */*

Response DefaultHttpResponse(decodeResult: success, version: HTTP/1.1)
HTTP/1.1 200 OK
Content-Length: 126
Content-Type: application/json; charset=utf-8
cache-control: no-cache

16:38:41.106 [AsyncHttpClient-1-8] DEBUG org.asynchttpclient.netty.channel.ChannelManager - Adding key: http://localhost:12838 for channel [id: 0xdc1bedf7, L:/127.0.0.1:56909 - R:localhost/127.0.0.1:12838]
16:38:41.107 [Forwarding clickElement on session 9b04d0b2ee1d1eefe9f595a912aeb8f2 to remote] DEBUG org.asynchttpclient.netty.request.NettyRequestSender - Using pooled Channel '[id: 0xdc1bedf7, L:/127.0.0.1:56909 - R:localhost/127.0.0.1:12838]' for 'POST' to 'http://localhost:12838/session/9b04d0b2ee1d1eefe9f595a912aeb8f2/element/f.C9D472DB4FB00F4B67F029A916D676ED.d.CAB5B5C87A06E33055FB534C5BA7FADA.e.88/click'
16:38:41.107 [Forwarding clickElement on session 9b04d0b2ee1d1eefe9f595a912aeb8f2 to remote] DEBUG org.asynchttpclient.netty.request.NettyRequestSender - Using open Channel [id: 0xdc1bedf7, L:/127.0.0.1:56909 - R:localhost/127.0.0.1:12838] for POST '/session/9b04d0b2ee1d1eefe9f595a912aeb8f2/element/f.C9D472DB4FB00F4B67F029A916D676ED.d.CAB5B5C87A06E33055FB534C5BA7FADA.e.88/click'
16:38:41.192 [AsyncHttpClient-1-8] DEBUG org.asynchttpclient.netty.handler.HttpHandler - 

Request DefaultHttpRequest(decodeResult: success, version: HTTP/1.1)
POST /session/9b04d0b2ee1d1eefe9f595a912aeb8f2/element/f.C9D472DB4FB00F4B67F029A916D676ED.d.CAB5B5C87A06E33055FB534C5BA7FADA.e.88/click HTTP/1.1
User-Agent: selenium/4.12.1 (java windows)
Content-Length: 88
Content-Type: application/json; charset=utf-8
host: localhost:12838
accept: */*

Response DefaultHttpResponse(decodeResult: success, version: HTTP/1.1)
HTTP/1.1 200 OK
Content-Length: 14
Content-Type: application/json; charset=utf-8
cache-control: no-cache

16:38:41.192 [AsyncHttpClient-1-8] DEBUG org.asynchttpclient.netty.channel.ChannelManager - Adding key: http://localhost:12838 for channel [id: 0xdc1bedf7, L:/127.0.0.1:56909 - R:localhost/127.0.0.1:12838]
16:38:41.193 [Forwarding findElement on session 9b04d0b2ee1d1eefe9f595a912aeb8f2 to remote] DEBUG org.asynchttpclient.netty.request.NettyRequestSender - Using pooled Channel '[id: 0xdc1bedf7, L:/127.0.0.1:56909 - R:localhost/127.0.0.1:12838]' for 'POST' to 'http://localhost:12838/session/9b04d0b2ee1d1eefe9f595a912aeb8f2/element'
16:38:41.193 [Forwarding findElement on session 9b04d0b2ee1d1eefe9f595a912aeb8f2 to remote] DEBUG org.asynchttpclient.netty.request.NettyRequestSender - Using open Channel [id: 0xdc1bedf7, L:/127.0.0.1:56909 - R:localhost/127.0.0.1:12838] for POST '/session/9b04d0b2ee1d1eefe9f595a912aeb8f2/element'
16:38:41.210 [AsyncHttpClient-1-8] DEBUG org.asynchttpclient.netty.handler.HttpHandler - 

Request DefaultHttpRequest(decodeResult: success, version: HTTP/1.1)
POST /session/9b04d0b2ee1d1eefe9f595a912aeb8f2/element HTTP/1.1
User-Agent: selenium/4.12.1 (java windows)
Content-Length: 138
Content-Type: application/json; charset=utf-8
host: localhost:12838
accept: */*

Response DefaultHttpResponse(decodeResult: success, version: HTTP/1.1)
HTTP/1.1 404 Not Found
Content-Length: 1104
Content-Type: application/json; charset=utf-8
cache-control: no-cache

16:38:41.210 [AsyncHttpClient-1-8] DEBUG org.asynchttpclient.netty.channel.ChannelManager - Adding key: http://localhost:12838 for channel [id: 0xdc1bedf7, L:/127.0.0.1:56909 - R:localhost/127.0.0.1:12838]
16:38:41.715 [Forwarding findElement on session 9b04d0b2ee1d1eefe9f595a912aeb8f2 to remote] DEBUG org.asynchttpclient.netty.request.NettyRequestSender - Using pooled Channel '[id: 0xdc1bedf7, L:/127.0.0.1:56909 - R:localhost/127.0.0.1:12838]' for 'POST' to 'http://localhost:12838/session/9b04d0b2ee1d1eefe9f595a912aeb8f2/element'
16:38:41.715 [Forwarding findElement on session 9b04d0b2ee1d1eefe9f595a912aeb8f2 to remote] DEBUG org.asynchttpclient.netty.request.NettyRequestSender - Using open Channel [id: 0xdc1bedf7, L:/127.0.0.1:56909 - R:localhost/127.0.0.1:12838] for POST '/session/9b04d0b2ee1d1eefe9f595a912aeb8f2/element'
16:38:41.726 [AsyncHttpClient-1-8] DEBUG org.asynchttpclient.netty.handler.HttpHandler - 

Request DefaultHttpRequest(decodeResult: success, version: HTTP/1.1)
POST /session/9b04d0b2ee1d1eefe9f595a912aeb8f2/element HTTP/1.1
User-Agent: selenium/4.12.1 (java windows)
Content-Length: 138
Content-Type: application/json; charset=utf-8
host: localhost:12838
accept: */*

Response DefaultHttpResponse(decodeResult: success, version: HTTP/1.1)
HTTP/1.1 200 OK
Content-Length: 126
Content-Type: application/json; charset=utf-8
cache-control: no-cache

16:38:41.726 [AsyncHttpClient-1-8] DEBUG org.asynchttpclient.netty.channel.ChannelManager - Adding key: http://localhost:12838 for channel [id: 0xdc1bedf7, L:/127.0.0.1:56909 - R:localhost/127.0.0.1:12838]
16:38:41.728 [Forwarding isElementDisplayed on session 9b04d0b2ee1d1eefe9f595a912aeb8f2 to remote] DEBUG org.asynchttpclient.netty.request.NettyRequestSender - Using pooled Channel '[id: 0xdc1bedf7, L:/127.0.0.1:56909 - R:localhost/127.0.0.1:12838]' for 'POST' to 'http://localhost:12838/session/9b04d0b2ee1d1eefe9f595a912aeb8f2/execute/sync'
16:38:41.728 [Forwarding isElementDisplayed on session 9b04d0b2ee1d1eefe9f595a912aeb8f2 to remote] DEBUG org.asynchttpclient.netty.request.NettyRequestSender - Using open Channel [id: 0xdc1bedf7, L:/127.0.0.1:56909 - R:localhost/127.0.0.1:12838] for POST '/session/9b04d0b2ee1d1eefe9f595a912aeb8f2/execute/sync'
16:38:41.741 [AsyncHttpClient-1-8] DEBUG org.asynchttpclient.netty.handler.HttpHandler - 

Request DefaultHttpRequest(decodeResult: success, version: HTTP/1.1)
POST /session/9b04d0b2ee1d1eefe9f595a912aeb8f2/execute/sync HTTP/1.1
User-Agent: selenium/4.12.1 (java windows)
Content-Length: 48734
Content-Type: application/json; charset=utf-8
host: localhost:12838
accept: */*

Response DefaultHttpResponse(decodeResult: success, version: HTTP/1.1)
HTTP/1.1 200 OK
Content-Length: 14
Content-Type: application/json; charset=utf-8
cache-control: no-cache

16:38:41.741 [AsyncHttpClient-1-8] DEBUG org.asynchttpclient.netty.channel.ChannelManager - Adding key: http://localhost:12838 for channel [id: 0xdc1bedf7, L:/127.0.0.1:56909 - R:localhost/127.0.0.1:12838]
16:38:41.742 [Forwarding getCurrentUrl on session 9b04d0b2ee1d1eefe9f595a912aeb8f2 to remote] DEBUG org.asynchttpclient.netty.request.NettyRequestSender - Using pooled Channel '[id: 0xdc1bedf7, L:/127.0.0.1:56909 - R:localhost/127.0.0.1:12838]' for 'GET' to 'http://localhost:12838/session/9b04d0b2ee1d1eefe9f595a912aeb8f2/url'
16:38:41.742 [Forwarding getCurrentUrl on session 9b04d0b2ee1d1eefe9f595a912aeb8f2 to remote] DEBUG org.asynchttpclient.netty.request.NettyRequestSender - Using open Channel [id: 0xdc1bedf7, L:/127.0.0.1:56909 - R:localhost/127.0.0.1:12838] for GET '/session/9b04d0b2ee1d1eefe9f595a912aeb8f2/url'
16:38:41.748 [AsyncHttpClient-1-8] DEBUG org.asynchttpclient.netty.handler.HttpHandler - 

Request DefaultFullHttpRequest(decodeResult: success, version: HTTP/1.1, content: EmptyByteBufBE)
GET /session/9b04d0b2ee1d1eefe9f595a912aeb8f2/url HTTP/1.1
Cache-Control: no-cache
User-Agent: selenium/4.12.1 (java windows)
Content-Type: application/json; charset=utf-8
host: localhost:12838
accept: */*

Response DefaultHttpResponse(decodeResult: success, version: HTTP/1.1)
HTTP/1.1 200 OK
Content-Length: 61
Content-Type: application/json; charset=utf-8
cache-control: no-cache

16:38:41.748 [AsyncHttpClient-1-8] DEBUG org.asynchttpclient.netty.channel.ChannelManager - Adding key: http://localhost:12838 for channel [id: 0xdc1bedf7, L:/127.0.0.1:56909 - R:localhost/127.0.0.1:12838]
16:38:41.796 [Forwarding findElement on session 9b04d0b2ee1d1eefe9f595a912aeb8f2 to remote] DEBUG org.asynchttpclient.netty.request.NettyRequestSender - Using pooled Channel '[id: 0xdc1bedf7, L:/127.0.0.1:56909 - R:localhost/127.0.0.1:12838]' for 'POST' to 'http://localhost:12838/session/9b04d0b2ee1d1eefe9f595a912aeb8f2/element'
16:38:41.796 [Forwarding findElement on session 9b04d0b2ee1d1eefe9f595a912aeb8f2 to remote] DEBUG org.asynchttpclient.netty.request.NettyRequestSender - Using open Channel [id: 0xdc1bedf7, L:/127.0.0.1:56909 - R:localhost/127.0.0.1:12838] for POST '/session/9b04d0b2ee1d1eefe9f595a912aeb8f2/element'
16:38:41.812 [AsyncHttpClient-1-8] DEBUG org.asynchttpclient.netty.handler.HttpHandler - 

Request DefaultHttpRequest(decodeResult: success, version: HTTP/1.1)
POST /session/9b04d0b2ee1d1eefe9f595a912aeb8f2/element HTTP/1.1
User-Agent: selenium/4.12.1 (java windows)
Content-Length: 128
Content-Type: application/json; charset=utf-8
host: localhost:12838
accept: */*

Response DefaultHttpResponse(decodeResult: success, version: HTTP/1.1)
HTTP/1.1 200 OK
Content-Length: 126
Content-Type: application/json; charset=utf-8
cache-control: no-cache

16:38:41.812 [AsyncHttpClient-1-8] DEBUG org.asynchttpclient.netty.channel.ChannelManager - Adding key: http://localhost:12838 for channel [id: 0xdc1bedf7, L:/127.0.0.1:56909 - R:localhost/127.0.0.1:12838]
16:38:41.813 [Forwarding clickElement on session 9b04d0b2ee1d1eefe9f595a912aeb8f2 to remote] DEBUG org.asynchttpclient.netty.request.NettyRequestSender - Using pooled Channel '[id: 0xdc1bedf7, L:/127.0.0.1:56909 - R:localhost/127.0.0.1:12838]' for 'POST' to 'http://localhost:12838/session/9b04d0b2ee1d1eefe9f595a912aeb8f2/element/f.C9D472DB4FB00F4B67F029A916D676ED.d.CAB5B5C87A06E33055FB534C5BA7FADA.e.91/click'
16:38:41.813 [Forwarding clickElement on session 9b04d0b2ee1d1eefe9f595a912aeb8f2 to remote] DEBUG org.asynchttpclient.netty.request.NettyRequestSender - Using open Channel [id: 0xdc1bedf7, L:/127.0.0.1:56909 - R:localhost/127.0.0.1:12838] for POST '/session/9b04d0b2ee1d1eefe9f595a912aeb8f2/element/f.C9D472DB4FB00F4B67F029A916D676ED.d.CAB5B5C87A06E33055FB534C5BA7FADA.e.91/click'
16:38:41.918 [AsyncHttpClient-1-8] DEBUG org.asynchttpclient.netty.handler.HttpHandler - 

Request DefaultHttpRequest(decodeResult: success, version: HTTP/1.1)
POST /session/9b04d0b2ee1d1eefe9f595a912aeb8f2/element/f.C9D472DB4FB00F4B67F029A916D676ED.d.CAB5B5C87A06E33055FB534C5BA7FADA.e.91/click HTTP/1.1
User-Agent: selenium/4.12.1 (java windows)
Content-Length: 88
Content-Type: application/json; charset=utf-8
host: localhost:12838
accept: */*

Response DefaultHttpResponse(decodeResult: success, version: HTTP/1.1)
HTTP/1.1 200 OK
Content-Length: 14
Content-Type: application/json; charset=utf-8
cache-control: no-cache

16:38:41.918 [AsyncHttpClient-1-8] DEBUG org.asynchttpclient.netty.channel.ChannelManager - Adding key: http://localhost:12838 for channel [id: 0xdc1bedf7, L:/127.0.0.1:56909 - R:localhost/127.0.0.1:12838]
16:38:41.920 [Forwarding findElement on session 9b04d0b2ee1d1eefe9f595a912aeb8f2 to remote] DEBUG org.asynchttpclient.netty.request.NettyRequestSender - Using pooled Channel '[id: 0xdc1bedf7, L:/127.0.0.1:56909 - R:localhost/127.0.0.1:12838]' for 'POST' to 'http://localhost:12838/session/9b04d0b2ee1d1eefe9f595a912aeb8f2/element'
16:38:41.920 [Forwarding findElement on session 9b04d0b2ee1d1eefe9f595a912aeb8f2 to remote] DEBUG org.asynchttpclient.netty.request.NettyRequestSender - Using open Channel [id: 0xdc1bedf7, L:/127.0.0.1:56909 - R:localhost/127.0.0.1:12838] for POST '/session/9b04d0b2ee1d1eefe9f595a912aeb8f2/element'
16:38:41.962 [AsyncHttpClient-1-8] DEBUG org.asynchttpclient.netty.handler.HttpHandler - 

Request DefaultHttpRequest(decodeResult: success, version: HTTP/1.1)
POST /session/9b04d0b2ee1d1eefe9f595a912aeb8f2/element HTTP/1.1
User-Agent: selenium/4.12.1 (java windows)
Content-Length: 142
Content-Type: application/json; charset=utf-8
host: localhost:12838
accept: */*

Response DefaultHttpResponse(decodeResult: success, version: HTTP/1.1)
HTTP/1.1 404 Not Found
Content-Length: 1108
Content-Type: application/json; charset=utf-8
cache-control: no-cache

16:38:41.963 [AsyncHttpClient-1-8] DEBUG org.asynchttpclient.netty.channel.ChannelManager - Adding key: http://localhost:12838 for channel [id: 0xdc1bedf7, L:/127.0.0.1:56909 - R:localhost/127.0.0.1:12838]
16:38:42.183 [AsyncHttpClient-1-1] DEBUG org.asynchttpclient.netty.channel.DefaultChannelPool - Entry count for : http://localhost:12838 : 1
16:38:42.183 [AsyncHttpClient-1-1] DEBUG org.asynchttpclient.netty.channel.DefaultChannelPool - Entry count for : http://localhost:56910 : 1
16:38:42.479 [Forwarding findElement on session 9b04d0b2ee1d1eefe9f595a912aeb8f2 to remote] DEBUG org.asynchttpclient.netty.request.NettyRequestSender - Using pooled Channel '[id: 0xdc1bedf7, L:/127.0.0.1:56909 - R:localhost/127.0.0.1:12838]' for 'POST' to 'http://localhost:12838/session/9b04d0b2ee1d1eefe9f595a912aeb8f2/element'
16:38:42.479 [Forwarding findElement on session 9b04d0b2ee1d1eefe9f595a912aeb8f2 to remote] DEBUG org.asynchttpclient.netty.request.NettyRequestSender - Using open Channel [id: 0xdc1bedf7, L:/127.0.0.1:56909 - R:localhost/127.0.0.1:12838] for POST '/session/9b04d0b2ee1d1eefe9f595a912aeb8f2/element'
16:38:42.497 [AsyncHttpClient-1-8] DEBUG org.asynchttpclient.netty.handler.HttpHandler - 

Request DefaultHttpRequest(decodeResult: success, version: HTTP/1.1)
POST /session/9b04d0b2ee1d1eefe9f595a912aeb8f2/element HTTP/1.1
User-Agent: selenium/4.12.1 (java windows)
Content-Length: 142
Content-Type: application/json; charset=utf-8
host: localhost:12838
accept: */*

Response DefaultHttpResponse(decodeResult: success, version: HTTP/1.1)
HTTP/1.1 200 OK
Content-Length: 126
Content-Type: application/json; charset=utf-8
cache-control: no-cache

16:38:42.497 [AsyncHttpClient-1-8] DEBUG org.asynchttpclient.netty.channel.ChannelManager - Adding key: http://localhost:12838 for channel [id: 0xdc1bedf7, L:/127.0.0.1:56909 - R:localhost/127.0.0.1:12838]
16:38:42.499 [Forwarding isElementDisplayed on session 9b04d0b2ee1d1eefe9f595a912aeb8f2 to remote] DEBUG org.asynchttpclient.netty.request.NettyRequestSender - Using pooled Channel '[id: 0xdc1bedf7, L:/127.0.0.1:56909 - R:localhost/127.0.0.1:12838]' for 'POST' to 'http://localhost:12838/session/9b04d0b2ee1d1eefe9f595a912aeb8f2/execute/sync'
16:38:42.499 [Forwarding isElementDisplayed on session 9b04d0b2ee1d1eefe9f595a912aeb8f2 to remote] DEBUG org.asynchttpclient.netty.request.NettyRequestSender - Using open Channel [id: 0xdc1bedf7, L:/127.0.0.1:56909 - R:localhost/127.0.0.1:12838] for POST '/session/9b04d0b2ee1d1eefe9f595a912aeb8f2/execute/sync'
16:38:42.511 [AsyncHttpClient-1-8] DEBUG org.asynchttpclient.netty.handler.HttpHandler - 

Request DefaultHttpRequest(decodeResult: success, version: HTTP/1.1)
POST /session/9b04d0b2ee1d1eefe9f595a912aeb8f2/execute/sync HTTP/1.1
User-Agent: selenium/4.12.1 (java windows)
Content-Length: 48734
Content-Type: application/json; charset=utf-8
host: localhost:12838
accept: */*

Response DefaultHttpResponse(decodeResult: success, version: HTTP/1.1)
HTTP/1.1 200 OK
Content-Length: 14
Content-Type: application/json; charset=utf-8
cache-control: no-cache

16:38:42.511 [AsyncHttpClient-1-8] DEBUG org.asynchttpclient.netty.channel.ChannelManager - Adding key: http://localhost:12838 for channel [id: 0xdc1bedf7, L:/127.0.0.1:56909 - R:localhost/127.0.0.1:12838]
16:38:42.512 [Forwarding getCurrentUrl on session 9b04d0b2ee1d1eefe9f595a912aeb8f2 to remote] DEBUG org.asynchttpclient.netty.request.NettyRequestSender - Using pooled Channel '[id: 0xdc1bedf7, L:/127.0.0.1:56909 - R:localhost/127.0.0.1:12838]' for 'GET' to 'http://localhost:12838/session/9b04d0b2ee1d1eefe9f595a912aeb8f2/url'
16:38:42.512 [Forwarding getCurrentUrl on session 9b04d0b2ee1d1eefe9f595a912aeb8f2 to remote] DEBUG org.asynchttpclient.netty.request.NettyRequestSender - Using open Channel [id: 0xdc1bedf7, L:/127.0.0.1:56909 - R:localhost/127.0.0.1:12838] for GET '/session/9b04d0b2ee1d1eefe9f595a912aeb8f2/url'
16:38:42.519 [AsyncHttpClient-1-8] DEBUG org.asynchttpclient.netty.handler.HttpHandler - 

Request DefaultFullHttpRequest(decodeResult: success, version: HTTP/1.1, content: EmptyByteBufBE)
GET /session/9b04d0b2ee1d1eefe9f595a912aeb8f2/url HTTP/1.1
Cache-Control: no-cache
User-Agent: selenium/4.12.1 (java windows)
Content-Type: application/json; charset=utf-8
host: localhost:12838
accept: */*

Response DefaultHttpResponse(decodeResult: success, version: HTTP/1.1)
HTTP/1.1 200 OK
Content-Length: 57
Content-Type: application/json; charset=utf-8
cache-control: no-cache

16:38:42.519 [AsyncHttpClient-1-8] DEBUG org.asynchttpclient.netty.channel.ChannelManager - Adding key: http://localhost:12838 for channel [id: 0xdc1bedf7, L:/127.0.0.1:56909 - R:localhost/127.0.0.1:12838]
16:38:42.525 [Forwarding findElement on session 9b04d0b2ee1d1eefe9f595a912aeb8f2 to remote] DEBUG org.asynchttpclient.netty.request.NettyRequestSender - Using pooled Channel '[id: 0xdc1bedf7, L:/127.0.0.1:56909 - R:localhost/127.0.0.1:12838]' for 'POST' to 'http://localhost:12838/session/9b04d0b2ee1d1eefe9f595a912aeb8f2/element'
16:38:42.525 [Forwarding findElement on session 9b04d0b2ee1d1eefe9f595a912aeb8f2 to remote] DEBUG org.asynchttpclient.netty.request.NettyRequestSender - Using open Channel [id: 0xdc1bedf7, L:/127.0.0.1:56909 - R:localhost/127.0.0.1:12838] for POST '/session/9b04d0b2ee1d1eefe9f595a912aeb8f2/element'
16:38:42.542 [AsyncHttpClient-1-8] DEBUG org.asynchttpclient.netty.handler.HttpHandler - 

Request DefaultHttpRequest(decodeResult: success, version: HTTP/1.1)
POST /session/9b04d0b2ee1d1eefe9f595a912aeb8f2/element HTTP/1.1
User-Agent: selenium/4.12.1 (java windows)
Content-Length: 128
Content-Type: application/json; charset=utf-8
host: localhost:12838
accept: */*

Response DefaultHttpResponse(decodeResult: success, version: HTTP/1.1)
HTTP/1.1 200 OK
Content-Length: 126
Content-Type: application/json; charset=utf-8
cache-control: no-cache

16:38:42.542 [AsyncHttpClient-1-8] DEBUG org.asynchttpclient.netty.channel.ChannelManager - Adding key: http://localhost:12838 for channel [id: 0xdc1bedf7, L:/127.0.0.1:56909 - R:localhost/127.0.0.1:12838]
16:38:42.543 [Forwarding clickElement on session 9b04d0b2ee1d1eefe9f595a912aeb8f2 to remote] DEBUG org.asynchttpclient.netty.request.NettyRequestSender - Using pooled Channel '[id: 0xdc1bedf7, L:/127.0.0.1:56909 - R:localhost/127.0.0.1:12838]' for 'POST' to 'http://localhost:12838/session/9b04d0b2ee1d1eefe9f595a912aeb8f2/element/f.C9D472DB4FB00F4B67F029A916D676ED.d.CAB5B5C87A06E33055FB534C5BA7FADA.e.95/click'
16:38:42.543 [Forwarding clickElement on session 9b04d0b2ee1d1eefe9f595a912aeb8f2 to remote] DEBUG org.asynchttpclient.netty.request.NettyRequestSender - Using open Channel [id: 0xdc1bedf7, L:/127.0.0.1:56909 - R:localhost/127.0.0.1:12838] for POST '/session/9b04d0b2ee1d1eefe9f595a912aeb8f2/element/f.C9D472DB4FB00F4B67F029A916D676ED.d.CAB5B5C87A06E33055FB534C5BA7FADA.e.95/click'
16:38:42.619 [AsyncHttpClient-1-8] DEBUG org.asynchttpclient.netty.handler.HttpHandler - 

Request DefaultHttpRequest(decodeResult: success, version: HTTP/1.1)
POST /session/9b04d0b2ee1d1eefe9f595a912aeb8f2/element/f.C9D472DB4FB00F4B67F029A916D676ED.d.CAB5B5C87A06E33055FB534C5BA7FADA.e.95/click HTTP/1.1
User-Agent: selenium/4.12.1 (java windows)
Content-Length: 88
Content-Type: application/json; charset=utf-8
host: localhost:12838
accept: */*

Response DefaultHttpResponse(decodeResult: success, version: HTTP/1.1)
HTTP/1.1 200 OK
Content-Length: 14
Content-Type: application/json; charset=utf-8
cache-control: no-cache

16:38:42.619 [AsyncHttpClient-1-8] DEBUG org.asynchttpclient.netty.channel.ChannelManager - Adding key: http://localhost:12838 for channel [id: 0xdc1bedf7, L:/127.0.0.1:56909 - R:localhost/127.0.0.1:12838]
16:38:42.621 [Forwarding findElement on session 9b04d0b2ee1d1eefe9f595a912aeb8f2 to remote] DEBUG org.asynchttpclient.netty.request.NettyRequestSender - Using pooled Channel '[id: 0xdc1bedf7, L:/127.0.0.1:56909 - R:localhost/127.0.0.1:12838]' for 'POST' to 'http://localhost:12838/session/9b04d0b2ee1d1eefe9f595a912aeb8f2/element'
16:38:42.621 [Forwarding findElement on session 9b04d0b2ee1d1eefe9f595a912aeb8f2 to remote] DEBUG org.asynchttpclient.netty.request.NettyRequestSender - Using open Channel [id: 0xdc1bedf7, L:/127.0.0.1:56909 - R:localhost/127.0.0.1:12838] for POST '/session/9b04d0b2ee1d1eefe9f595a912aeb8f2/element'
16:38:42.632 [AsyncHttpClient-1-8] DEBUG org.asynchttpclient.netty.handler.HttpHandler - 

Request DefaultHttpRequest(decodeResult: success, version: HTTP/1.1)
POST /session/9b04d0b2ee1d1eefe9f595a912aeb8f2/element HTTP/1.1
User-Agent: selenium/4.12.1 (java windows)
Content-Length: 136
Content-Type: application/json; charset=utf-8
host: localhost:12838
accept: */*

Response DefaultHttpResponse(decodeResult: success, version: HTTP/1.1)
HTTP/1.1 200 OK
Content-Length: 126
Content-Type: application/json; charset=utf-8
cache-control: no-cache

16:38:42.632 [AsyncHttpClient-1-8] DEBUG org.asynchttpclient.netty.channel.ChannelManager - Adding key: http://localhost:12838 for channel [id: 0xdc1bedf7, L:/127.0.0.1:56909 - R:localhost/127.0.0.1:12838]
16:38:42.634 [Forwarding isElementDisplayed on session 9b04d0b2ee1d1eefe9f595a912aeb8f2 to remote] DEBUG org.asynchttpclient.netty.request.NettyRequestSender - Using pooled Channel '[id: 0xdc1bedf7, L:/127.0.0.1:56909 - R:localhost/127.0.0.1:12838]' for 'POST' to 'http://localhost:12838/session/9b04d0b2ee1d1eefe9f595a912aeb8f2/execute/sync'
16:38:42.634 [Forwarding isElementDisplayed on session 9b04d0b2ee1d1eefe9f595a912aeb8f2 to remote] DEBUG org.asynchttpclient.netty.request.NettyRequestSender - Using open Channel [id: 0xdc1bedf7, L:/127.0.0.1:56909 - R:localhost/127.0.0.1:12838] for POST '/session/9b04d0b2ee1d1eefe9f595a912aeb8f2/execute/sync'
16:38:42.646 [AsyncHttpClient-1-8] DEBUG org.asynchttpclient.netty.handler.HttpHandler - 

Request DefaultHttpRequest(decodeResult: success, version: HTTP/1.1)
POST /session/9b04d0b2ee1d1eefe9f595a912aeb8f2/execute/sync HTTP/1.1
User-Agent: selenium/4.12.1 (java windows)
Content-Length: 48734
Content-Type: application/json; charset=utf-8
host: localhost:12838
accept: */*

Response DefaultHttpResponse(decodeResult: success, version: HTTP/1.1)
HTTP/1.1 200 OK
Content-Length: 15
Content-Type: application/json; charset=utf-8
cache-control: no-cache

16:38:42.647 [AsyncHttpClient-1-8] DEBUG org.asynchttpclient.netty.channel.ChannelManager - Adding key: http://localhost:12838 for channel [id: 0xdc1bedf7, L:/127.0.0.1:56909 - R:localhost/127.0.0.1:12838]
16:38:43.157 [Forwarding findElement on session 9b04d0b2ee1d1eefe9f595a912aeb8f2 to remote] DEBUG org.asynchttpclient.netty.request.NettyRequestSender - Using pooled Channel '[id: 0xdc1bedf7, L:/127.0.0.1:56909 - R:localhost/127.0.0.1:12838]' for 'POST' to 'http://localhost:12838/session/9b04d0b2ee1d1eefe9f595a912aeb8f2/element'
16:38:43.157 [Forwarding findElement on session 9b04d0b2ee1d1eefe9f595a912aeb8f2 to remote] DEBUG org.asynchttpclient.netty.request.NettyRequestSender - Using open Channel [id: 0xdc1bedf7, L:/127.0.0.1:56909 - R:localhost/127.0.0.1:12838] for POST '/session/9b04d0b2ee1d1eefe9f595a912aeb8f2/element'
16:38:43.175 [AsyncHttpClient-1-8] DEBUG org.asynchttpclient.netty.handler.HttpHandler - 

Request DefaultHttpRequest(decodeResult: success, version: HTTP/1.1)
POST /session/9b04d0b2ee1d1eefe9f595a912aeb8f2/element HTTP/1.1
User-Agent: selenium/4.12.1 (java windows)
Content-Length: 136
Content-Type: application/json; charset=utf-8
host: localhost:12838
accept: */*

Response DefaultHttpResponse(decodeResult: success, version: HTTP/1.1)
HTTP/1.1 200 OK
Content-Length: 126
Content-Type: application/json; charset=utf-8
cache-control: no-cache

16:38:43.175 [AsyncHttpClient-1-8] DEBUG org.asynchttpclient.netty.channel.ChannelManager - Adding key: http://localhost:12838 for channel [id: 0xdc1bedf7, L:/127.0.0.1:56909 - R:localhost/127.0.0.1:12838]
16:38:43.177 [Forwarding isElementDisplayed on session 9b04d0b2ee1d1eefe9f595a912aeb8f2 to remote] DEBUG org.asynchttpclient.netty.request.NettyRequestSender - Using pooled Channel '[id: 0xdc1bedf7, L:/127.0.0.1:56909 - R:localhost/127.0.0.1:12838]' for 'POST' to 'http://localhost:12838/session/9b04d0b2ee1d1eefe9f595a912aeb8f2/execute/sync'
16:38:43.177 [Forwarding isElementDisplayed on session 9b04d0b2ee1d1eefe9f595a912aeb8f2 to remote] DEBUG org.asynchttpclient.netty.request.NettyRequestSender - Using open Channel [id: 0xdc1bedf7, L:/127.0.0.1:56909 - R:localhost/127.0.0.1:12838] for POST '/session/9b04d0b2ee1d1eefe9f595a912aeb8f2/execute/sync'
16:38:43.190 [AsyncHttpClient-1-8] DEBUG org.asynchttpclient.netty.handler.HttpHandler - 

Request DefaultHttpRequest(decodeResult: success, version: HTTP/1.1)
POST /session/9b04d0b2ee1d1eefe9f595a912aeb8f2/execute/sync HTTP/1.1
User-Agent: selenium/4.12.1 (java windows)
Content-Length: 48734
Content-Type: application/json; charset=utf-8
host: localhost:12838
accept: */*

Response DefaultHttpResponse(decodeResult: success, version: HTTP/1.1)
HTTP/1.1 200 OK
Content-Length: 14
Content-Type: application/json; charset=utf-8
cache-control: no-cache

16:38:43.190 [AsyncHttpClient-1-8] DEBUG org.asynchttpclient.netty.channel.ChannelManager - Adding key: http://localhost:12838 for channel [id: 0xdc1bedf7, L:/127.0.0.1:56909 - R:localhost/127.0.0.1:12838]
16:38:43.190 [Forwarding getCurrentUrl on session 9b04d0b2ee1d1eefe9f595a912aeb8f2 to remote] DEBUG org.asynchttpclient.netty.request.NettyRequestSender - Using pooled Channel '[id: 0xdc1bedf7, L:/127.0.0.1:56909 - R:localhost/127.0.0.1:12838]' for 'GET' to 'http://localhost:12838/session/9b04d0b2ee1d1eefe9f595a912aeb8f2/url'
16:38:43.190 [Forwarding getCurrentUrl on session 9b04d0b2ee1d1eefe9f595a912aeb8f2 to remote] DEBUG org.asynchttpclient.netty.request.NettyRequestSender - Using open Channel [id: 0xdc1bedf7, L:/127.0.0.1:56909 - R:localhost/127.0.0.1:12838] for GET '/session/9b04d0b2ee1d1eefe9f595a912aeb8f2/url'
16:38:43.196 [AsyncHttpClient-1-8] DEBUG org.asynchttpclient.netty.handler.HttpHandler - 

Request DefaultFullHttpRequest(decodeResult: success, version: HTTP/1.1, content: EmptyByteBufBE)
GET /session/9b04d0b2ee1d1eefe9f595a912aeb8f2/url HTTP/1.1
Cache-Control: no-cache
User-Agent: selenium/4.12.1 (java windows)
Content-Type: application/json; charset=utf-8
host: localhost:12838
accept: */*

Response DefaultHttpResponse(decodeResult: success, version: HTTP/1.1)
HTTP/1.1 200 OK
Content-Length: 58
Content-Type: application/json; charset=utf-8
cache-control: no-cache

16:38:43.196 [AsyncHttpClient-1-8] DEBUG org.asynchttpclient.netty.channel.ChannelManager - Adding key: http://localhost:12838 for channel [id: 0xdc1bedf7, L:/127.0.0.1:56909 - R:localhost/127.0.0.1:12838]
16:38:43.255 [Forwarding findElement on session 9b04d0b2ee1d1eefe9f595a912aeb8f2 to remote] DEBUG org.asynchttpclient.netty.request.NettyRequestSender - Using pooled Channel '[id: 0xdc1bedf7, L:/127.0.0.1:56909 - R:localhost/127.0.0.1:12838]' for 'POST' to 'http://localhost:12838/session/9b04d0b2ee1d1eefe9f595a912aeb8f2/element'
16:38:43.255 [Forwarding findElement on session 9b04d0b2ee1d1eefe9f595a912aeb8f2 to remote] DEBUG org.asynchttpclient.netty.request.NettyRequestSender - Using open Channel [id: 0xdc1bedf7, L:/127.0.0.1:56909 - R:localhost/127.0.0.1:12838] for POST '/session/9b04d0b2ee1d1eefe9f595a912aeb8f2/element'
16:38:43.270 [AsyncHttpClient-1-8] DEBUG org.asynchttpclient.netty.handler.HttpHandler - 

Request DefaultHttpRequest(decodeResult: success, version: HTTP/1.1)
POST /session/9b04d0b2ee1d1eefe9f595a912aeb8f2/element HTTP/1.1
User-Agent: selenium/4.12.1 (java windows)
Content-Length: 131
Content-Type: application/json; charset=utf-8
host: localhost:12838
accept: */*

Response DefaultHttpResponse(decodeResult: success, version: HTTP/1.1)
HTTP/1.1 200 OK
Content-Length: 126
Content-Type: application/json; charset=utf-8
cache-control: no-cache

16:38:43.270 [AsyncHttpClient-1-8] DEBUG org.asynchttpclient.netty.channel.ChannelManager - Adding key: http://localhost:12838 for channel [id: 0xdc1bedf7, L:/127.0.0.1:56909 - R:localhost/127.0.0.1:12838]
16:38:43.271 [Forwarding clickElement on session 9b04d0b2ee1d1eefe9f595a912aeb8f2 to remote] DEBUG org.asynchttpclient.netty.request.NettyRequestSender - Using pooled Channel '[id: 0xdc1bedf7, L:/127.0.0.1:56909 - R:localhost/127.0.0.1:12838]' for 'POST' to 'http://localhost:12838/session/9b04d0b2ee1d1eefe9f595a912aeb8f2/element/f.C9D472DB4FB00F4B67F029A916D676ED.d.CAB5B5C87A06E33055FB534C5BA7FADA.e.97/click'
16:38:43.271 [Forwarding clickElement on session 9b04d0b2ee1d1eefe9f595a912aeb8f2 to remote] DEBUG org.asynchttpclient.netty.request.NettyRequestSender - Using open Channel [id: 0xdc1bedf7, L:/127.0.0.1:56909 - R:localhost/127.0.0.1:12838] for POST '/session/9b04d0b2ee1d1eefe9f595a912aeb8f2/element/f.C9D472DB4FB00F4B67F029A916D676ED.d.CAB5B5C87A06E33055FB534C5BA7FADA.e.97/click'
16:38:43.282 [AsyncHttpClient-1-1] DEBUG org.asynchttpclient.netty.channel.DefaultChannelPool - Entry count for : http://localhost:56910 : 1
16:38:43.408 [AsyncHttpClient-1-8] DEBUG org.asynchttpclient.netty.handler.HttpHandler - 

Request DefaultHttpRequest(decodeResult: success, version: HTTP/1.1)
POST /session/9b04d0b2ee1d1eefe9f595a912aeb8f2/element/f.C9D472DB4FB00F4B67F029A916D676ED.d.CAB5B5C87A06E33055FB534C5BA7FADA.e.97/click HTTP/1.1
User-Agent: selenium/4.12.1 (java windows)
Content-Length: 88
Content-Type: application/json; charset=utf-8
host: localhost:12838
accept: */*

Response DefaultHttpResponse(decodeResult: success, version: HTTP/1.1)
HTTP/1.1 200 OK
Content-Length: 14
Content-Type: application/json; charset=utf-8
cache-control: no-cache

16:38:43.408 [AsyncHttpClient-1-8] DEBUG org.asynchttpclient.netty.channel.ChannelManager - Adding key: http://localhost:12838 for channel [id: 0xdc1bedf7, L:/127.0.0.1:56909 - R:localhost/127.0.0.1:12838]
16:38:43.409 [Forwarding findElement on session 9b04d0b2ee1d1eefe9f595a912aeb8f2 to remote] DEBUG org.asynchttpclient.netty.request.NettyRequestSender - Using pooled Channel '[id: 0xdc1bedf7, L:/127.0.0.1:56909 - R:localhost/127.0.0.1:12838]' for 'POST' to 'http://localhost:12838/session/9b04d0b2ee1d1eefe9f595a912aeb8f2/element'
16:38:43.409 [Forwarding findElement on session 9b04d0b2ee1d1eefe9f595a912aeb8f2 to remote] DEBUG org.asynchttpclient.netty.request.NettyRequestSender - Using open Channel [id: 0xdc1bedf7, L:/127.0.0.1:56909 - R:localhost/127.0.0.1:12838] for POST '/session/9b04d0b2ee1d1eefe9f595a912aeb8f2/element'
16:38:43.421 [AsyncHttpClient-1-8] DEBUG org.asynchttpclient.netty.handler.HttpHandler - 

Request DefaultHttpRequest(decodeResult: success, version: HTTP/1.1)
POST /session/9b04d0b2ee1d1eefe9f595a912aeb8f2/element HTTP/1.1
User-Agent: selenium/4.12.1 (java windows)
Content-Length: 167
Content-Type: application/json; charset=utf-8
host: localhost:12838
accept: */*

Response DefaultHttpResponse(decodeResult: success, version: HTTP/1.1)
HTTP/1.1 200 OK
Content-Length: 127
Content-Type: application/json; charset=utf-8
cache-control: no-cache

16:38:43.421 [AsyncHttpClient-1-8] DEBUG org.asynchttpclient.netty.channel.ChannelManager - Adding key: http://localhost:12838 for channel [id: 0xdc1bedf7, L:/127.0.0.1:56909 - R:localhost/127.0.0.1:12838]
16:38:43.427 [Forwarding isElementDisplayed on session 9b04d0b2ee1d1eefe9f595a912aeb8f2 to remote] DEBUG org.asynchttpclient.netty.request.NettyRequestSender - Using pooled Channel '[id: 0xdc1bedf7, L:/127.0.0.1:56909 - R:localhost/127.0.0.1:12838]' for 'POST' to 'http://localhost:12838/session/9b04d0b2ee1d1eefe9f595a912aeb8f2/execute/sync'
16:38:43.427 [Forwarding isElementDisplayed on session 9b04d0b2ee1d1eefe9f595a912aeb8f2 to remote] DEBUG org.asynchttpclient.netty.request.NettyRequestSender - Using open Channel [id: 0xdc1bedf7, L:/127.0.0.1:56909 - R:localhost/127.0.0.1:12838] for POST '/session/9b04d0b2ee1d1eefe9f595a912aeb8f2/execute/sync'
16:38:43.442 [AsyncHttpClient-1-8] DEBUG org.asynchttpclient.netty.handler.HttpHandler - 

Request DefaultHttpRequest(decodeResult: success, version: HTTP/1.1)
POST /session/9b04d0b2ee1d1eefe9f595a912aeb8f2/execute/sync HTTP/1.1
User-Agent: selenium/4.12.1 (java windows)
Content-Length: 48735
Content-Type: application/json; charset=utf-8
host: localhost:12838
accept: */*

Response DefaultHttpResponse(decodeResult: success, version: HTTP/1.1)
HTTP/1.1 200 OK
Content-Length: 14
Content-Type: application/json; charset=utf-8
cache-control: no-cache

16:38:43.442 [AsyncHttpClient-1-8] DEBUG org.asynchttpclient.netty.channel.ChannelManager - Adding key: http://localhost:12838 for channel [id: 0xdc1bedf7, L:/127.0.0.1:56909 - R:localhost/127.0.0.1:12838]
16:38:43.442 [Forwarding getCurrentUrl on session 9b04d0b2ee1d1eefe9f595a912aeb8f2 to remote] DEBUG org.asynchttpclient.netty.request.NettyRequestSender - Using pooled Channel '[id: 0xdc1bedf7, L:/127.0.0.1:56909 - R:localhost/127.0.0.1:12838]' for 'GET' to 'http://localhost:12838/session/9b04d0b2ee1d1eefe9f595a912aeb8f2/url'
16:38:43.443 [Forwarding getCurrentUrl on session 9b04d0b2ee1d1eefe9f595a912aeb8f2 to remote] DEBUG org.asynchttpclient.netty.request.NettyRequestSender - Using open Channel [id: 0xdc1bedf7, L:/127.0.0.1:56909 - R:localhost/127.0.0.1:12838] for GET '/session/9b04d0b2ee1d1eefe9f595a912aeb8f2/url'
16:38:43.448 [AsyncHttpClient-1-8] DEBUG org.asynchttpclient.netty.handler.HttpHandler - 

Request DefaultFullHttpRequest(decodeResult: success, version: HTTP/1.1, content: EmptyByteBufBE)
GET /session/9b04d0b2ee1d1eefe9f595a912aeb8f2/url HTTP/1.1
Cache-Control: no-cache
User-Agent: selenium/4.12.1 (java windows)
Content-Type: application/json; charset=utf-8
host: localhost:12838
accept: */*

Response DefaultHttpResponse(decodeResult: success, version: HTTP/1.1)
HTTP/1.1 200 OK
Content-Length: 49
Content-Type: application/json; charset=utf-8
cache-control: no-cache

16:38:43.448 [AsyncHttpClient-1-8] DEBUG org.asynchttpclient.netty.channel.ChannelManager - Adding key: http://localhost:12838 for channel [id: 0xdc1bedf7, L:/127.0.0.1:56909 - R:localhost/127.0.0.1:12838]
16:38:43.476 [Forwarding findElement on session 9b04d0b2ee1d1eefe9f595a912aeb8f2 to remote] DEBUG org.asynchttpclient.netty.request.NettyRequestSender - Using pooled Channel '[id: 0xdc1bedf7, L:/127.0.0.1:56909 - R:localhost/127.0.0.1:12838]' for 'POST' to 'http://localhost:12838/session/9b04d0b2ee1d1eefe9f595a912aeb8f2/element'
16:38:43.476 [Forwarding findElement on session 9b04d0b2ee1d1eefe9f595a912aeb8f2 to remote] DEBUG org.asynchttpclient.netty.request.NettyRequestSender - Using open Channel [id: 0xdc1bedf7, L:/127.0.0.1:56909 - R:localhost/127.0.0.1:12838] for POST '/session/9b04d0b2ee1d1eefe9f595a912aeb8f2/element'
16:38:43.491 [AsyncHttpClient-1-8] DEBUG org.asynchttpclient.netty.handler.HttpHandler - 

Request DefaultHttpRequest(decodeResult: success, version: HTTP/1.1)
POST /session/9b04d0b2ee1d1eefe9f595a912aeb8f2/element HTTP/1.1
User-Agent: selenium/4.12.1 (java windows)
Content-Length: 126
Content-Type: application/json; charset=utf-8
host: localhost:12838
accept: */*

Response DefaultHttpResponse(decodeResult: success, version: HTTP/1.1)
HTTP/1.1 200 OK
Content-Length: 127
Content-Type: application/json; charset=utf-8
cache-control: no-cache

16:38:43.491 [AsyncHttpClient-1-8] DEBUG org.asynchttpclient.netty.channel.ChannelManager - Adding key: http://localhost:12838 for channel [id: 0xdc1bedf7, L:/127.0.0.1:56909 - R:localhost/127.0.0.1:12838]
16:38:43.493 [Forwarding clickElement on session 9b04d0b2ee1d1eefe9f595a912aeb8f2 to remote] DEBUG org.asynchttpclient.netty.request.NettyRequestSender - Using pooled Channel '[id: 0xdc1bedf7, L:/127.0.0.1:56909 - R:localhost/127.0.0.1:12838]' for 'POST' to 'http://localhost:12838/session/9b04d0b2ee1d1eefe9f595a912aeb8f2/element/f.C9D472DB4FB00F4B67F029A916D676ED.d.CAB5B5C87A06E33055FB534C5BA7FADA.e.120/click'
16:38:43.493 [Forwarding clickElement on session 9b04d0b2ee1d1eefe9f595a912aeb8f2 to remote] DEBUG org.asynchttpclient.netty.request.NettyRequestSender - Using open Channel [id: 0xdc1bedf7, L:/127.0.0.1:56909 - R:localhost/127.0.0.1:12838] for POST '/session/9b04d0b2ee1d1eefe9f595a912aeb8f2/element/f.C9D472DB4FB00F4B67F029A916D676ED.d.CAB5B5C87A06E33055FB534C5BA7FADA.e.120/click'
16:38:43.579 [AsyncHttpClient-1-8] DEBUG org.asynchttpclient.netty.handler.HttpHandler - 

Request DefaultHttpRequest(decodeResult: success, version: HTTP/1.1)
POST /session/9b04d0b2ee1d1eefe9f595a912aeb8f2/element/f.C9D472DB4FB00F4B67F029A916D676ED.d.CAB5B5C87A06E33055FB534C5BA7FADA.e.120/click HTTP/1.1
User-Agent: selenium/4.12.1 (java windows)
Content-Length: 89
Content-Type: application/json; charset=utf-8
host: localhost:12838
accept: */*

Response DefaultHttpResponse(decodeResult: success, version: HTTP/1.1)
HTTP/1.1 200 OK
Content-Length: 14
Content-Type: application/json; charset=utf-8
cache-control: no-cache

16:38:43.579 [AsyncHttpClient-1-8] DEBUG org.asynchttpclient.netty.channel.ChannelManager - Adding key: http://localhost:12838 for channel [id: 0xdc1bedf7, L:/127.0.0.1:56909 - R:localhost/127.0.0.1:12838]
16:38:43.580 [Forwarding findElement on session 9b04d0b2ee1d1eefe9f595a912aeb8f2 to remote] DEBUG org.asynchttpclient.netty.request.NettyRequestSender - Using pooled Channel '[id: 0xdc1bedf7, L:/127.0.0.1:56909 - R:localhost/127.0.0.1:12838]' for 'POST' to 'http://localhost:12838/session/9b04d0b2ee1d1eefe9f595a912aeb8f2/element'
16:38:43.580 [Forwarding findElement on session 9b04d0b2ee1d1eefe9f595a912aeb8f2 to remote] DEBUG org.asynchttpclient.netty.request.NettyRequestSender - Using open Channel [id: 0xdc1bedf7, L:/127.0.0.1:56909 - R:localhost/127.0.0.1:12838] for POST '/session/9b04d0b2ee1d1eefe9f595a912aeb8f2/element'
16:38:43.595 [AsyncHttpClient-1-8] DEBUG org.asynchttpclient.netty.handler.HttpHandler - 

Request DefaultHttpRequest(decodeResult: success, version: HTTP/1.1)
POST /session/9b04d0b2ee1d1eefe9f595a912aeb8f2/element HTTP/1.1
User-Agent: selenium/4.12.1 (java windows)
Content-Length: 61
Content-Type: application/json; charset=utf-8
host: localhost:12838
accept: */*

Response DefaultHttpResponse(decodeResult: success, version: HTTP/1.1)
HTTP/1.1 404 Not Found
Content-Length: 1072
Content-Type: application/json; charset=utf-8
cache-control: no-cache

16:38:43.595 [AsyncHttpClient-1-8] DEBUG org.asynchttpclient.netty.channel.ChannelManager - Adding key: http://localhost:12838 for channel [id: 0xdc1bedf7, L:/127.0.0.1:56909 - R:localhost/127.0.0.1:12838]
16:38:44.105 [Forwarding findElement on session 9b04d0b2ee1d1eefe9f595a912aeb8f2 to remote] DEBUG org.asynchttpclient.netty.request.NettyRequestSender - Using pooled Channel '[id: 0xdc1bedf7, L:/127.0.0.1:56909 - R:localhost/127.0.0.1:12838]' for 'POST' to 'http://localhost:12838/session/9b04d0b2ee1d1eefe9f595a912aeb8f2/element'
16:38:44.105 [Forwarding findElement on session 9b04d0b2ee1d1eefe9f595a912aeb8f2 to remote] DEBUG org.asynchttpclient.netty.request.NettyRequestSender - Using open Channel [id: 0xdc1bedf7, L:/127.0.0.1:56909 - R:localhost/127.0.0.1:12838] for POST '/session/9b04d0b2ee1d1eefe9f595a912aeb8f2/element'
16:38:44.386 [AsyncHttpClient-1-1] DEBUG org.asynchttpclient.netty.channel.DefaultChannelPool - Entry count for : http://localhost:56910 : 1
16:38:44.666 [AsyncHttpClient-1-8] DEBUG org.asynchttpclient.netty.handler.HttpHandler - 

Request DefaultHttpRequest(decodeResult: success, version: HTTP/1.1)
POST /session/9b04d0b2ee1d1eefe9f595a912aeb8f2/element HTTP/1.1
User-Agent: selenium/4.12.1 (java windows)
Content-Length: 61
Content-Type: application/json; charset=utf-8
host: localhost:12838
accept: */*

Response DefaultHttpResponse(decodeResult: success, version: HTTP/1.1)
HTTP/1.1 200 OK
Content-Length: 127
Content-Type: application/json; charset=utf-8
cache-control: no-cache

16:38:44.666 [AsyncHttpClient-1-8] DEBUG org.asynchttpclient.netty.channel.ChannelManager - Adding key: http://localhost:12838 for channel [id: 0xdc1bedf7, L:/127.0.0.1:56909 - R:localhost/127.0.0.1:12838]
16:38:44.673 [Forwarding isElementDisplayed on session 9b04d0b2ee1d1eefe9f595a912aeb8f2 to remote] DEBUG org.asynchttpclient.netty.request.NettyRequestSender - Using pooled Channel '[id: 0xdc1bedf7, L:/127.0.0.1:56909 - R:localhost/127.0.0.1:12838]' for 'POST' to 'http://localhost:12838/session/9b04d0b2ee1d1eefe9f595a912aeb8f2/execute/sync'
16:38:44.673 [Forwarding isElementDisplayed on session 9b04d0b2ee1d1eefe9f595a912aeb8f2 to remote] DEBUG org.asynchttpclient.netty.request.NettyRequestSender - Using open Channel [id: 0xdc1bedf7, L:/127.0.0.1:56909 - R:localhost/127.0.0.1:12838] for POST '/session/9b04d0b2ee1d1eefe9f595a912aeb8f2/execute/sync'
16:38:44.717 [AsyncHttpClient-1-8] DEBUG org.asynchttpclient.netty.handler.HttpHandler - 

Request DefaultHttpRequest(decodeResult: success, version: HTTP/1.1)
POST /session/9b04d0b2ee1d1eefe9f595a912aeb8f2/execute/sync HTTP/1.1
User-Agent: selenium/4.12.1 (java windows)
Content-Length: 48735
Content-Type: application/json; charset=utf-8
host: localhost:12838
accept: */*

Response DefaultHttpResponse(decodeResult: success, version: HTTP/1.1)
HTTP/1.1 200 OK
Content-Length: 14
Content-Type: application/json; charset=utf-8
cache-control: no-cache

16:38:44.717 [AsyncHttpClient-1-8] DEBUG org.asynchttpclient.netty.channel.ChannelManager - Adding key: http://localhost:12838 for channel [id: 0xdc1bedf7, L:/127.0.0.1:56909 - R:localhost/127.0.0.1:12838]
16:38:44.717 [Forwarding getCurrentUrl on session 9b04d0b2ee1d1eefe9f595a912aeb8f2 to remote] DEBUG org.asynchttpclient.netty.request.NettyRequestSender - Using pooled Channel '[id: 0xdc1bedf7, L:/127.0.0.1:56909 - R:localhost/127.0.0.1:12838]' for 'GET' to 'http://localhost:12838/session/9b04d0b2ee1d1eefe9f595a912aeb8f2/url'
16:38:44.717 [Forwarding getCurrentUrl on session 9b04d0b2ee1d1eefe9f595a912aeb8f2 to remote] DEBUG org.asynchttpclient.netty.request.NettyRequestSender - Using open Channel [id: 0xdc1bedf7, L:/127.0.0.1:56909 - R:localhost/127.0.0.1:12838] for GET '/session/9b04d0b2ee1d1eefe9f595a912aeb8f2/url'
16:38:44.725 [AsyncHttpClient-1-8] DEBUG org.asynchttpclient.netty.handler.HttpHandler - 

Request DefaultFullHttpRequest(decodeResult: success, version: HTTP/1.1, content: EmptyByteBufBE)
GET /session/9b04d0b2ee1d1eefe9f595a912aeb8f2/url HTTP/1.1
Cache-Control: no-cache
User-Agent: selenium/4.12.1 (java windows)
Content-Type: application/json; charset=utf-8
host: localhost:12838
accept: */*

Response DefaultHttpResponse(decodeResult: success, version: HTTP/1.1)
HTTP/1.1 200 OK
Content-Length: 57
Content-Type: application/json; charset=utf-8
cache-control: no-cache

16:38:44.725 [AsyncHttpClient-1-8] DEBUG org.asynchttpclient.netty.channel.ChannelManager - Adding key: http://localhost:12838 for channel [id: 0xdc1bedf7, L:/127.0.0.1:56909 - R:localhost/127.0.0.1:12838]
]]></system-out>
  <system-err><![CDATA[мар. 01, 2024 4:38:11 PM org.openqa.selenium.devtools.CdpVersionFinder findNearestMatch
WARNING: Unable to find CDP implementation matching 122
мар. 01, 2024 4:38:11 PM org.openqa.selenium.chromium.ChromiumDriver lambda$new$5
WARNING: Unable to find version of CDP to use for 122.0.6261.95. You may need to include a dependency on a specific version of the CDP using something similar to `org.seleniumhq.selenium:selenium-devtools-v86:4.12.1` where the version ("v86") matches the version of the chromium-based browser you're using and the version number of the artifact is the same as Selenium's.
]]></system-err>
</testsuite>
