<?xml version="1.0" encoding="UTF-8"?>
<testsuite name="test.StudentsAccAccessibilityTest" tests="12" skipped="0" failures="0" errors="0" timestamp="2023-12-21T10:35:27" hostname="DESKTOP-84P9B6H" time="285.242">
  <properties/>
  <testcase name="0. Login Page Availablility Test" classname="test.StudentsAccAccessibilityTest" time="28.461"/>
  <testcase name="1. Valid Credential Authentification Passed Test" classname="test.StudentsAccAccessibilityTest" time="23.132"/>
  <testcase name="10. Tests Page Access" classname="test.StudentsAccAccessibilityTest" time="22.188"/>
  <testcase name="11. Top Up Page Access" classname="test.StudentsAccAccessibilityTest" time="22.221"/>
  <testcase name="2. Chat Page Access" classname="test.StudentsAccAccessibilityTest" time="33.978"/>
  <testcase name="3. Dictionary Page Access" classname="test.StudentsAccAccessibilityTest" time="22.12"/>
  <testcase name="4. Notes Page Access" classname="test.StudentsAccAccessibilityTest" time="22.155"/>
  <testcase name="5. Mini-courses Page Access" classname="test.StudentsAccAccessibilityTest" time="22.215"/>
  <testcase name="6. Classes Page Access" classname="test.StudentsAccAccessibilityTest" time="22.188"/>
  <testcase name="7. Homework Page Access" classname="test.StudentsAccAccessibilityTest" time="22.138"/>
  <testcase name="8. Student Account Page Access" classname="test.StudentsAccAccessibilityTest" time="22.227"/>
  <testcase name="9. Student Profile Page Access" classname="test.StudentsAccAccessibilityTest" time="22.147"/>
  <system-out><![CDATA[13:34:41.034 [Test worker] DEBUG io.github.bonigarcia.wdm.cache.ResolutionCache - Resolution chrome=120 in cache (valid until 14:08:27 21/12/2023 MSK)
13:34:41.081 [Test worker] DEBUG io.github.bonigarcia.wdm.cache.ResolutionCache - Resolution chrome120=120.0.6099.109 in cache (valid until 11:05:38 22/12/2023 MSK)
13:34:41.081 [Test worker] INFO io.github.bonigarcia.wdm.WebDriverManager - Using chromedriver 120.0.6099.109 (resolved driver for Chrome 120)
13:34:41.222 [Test worker] DEBUG io.github.bonigarcia.wdm.WebDriverManager - Driver chromedriver 120.0.6099.109 found in cache
13:34:41.222 [Test worker] INFO io.github.bonigarcia.wdm.WebDriverManager - Exporting webdriver.chrome.driver as C:\Users\asus\.cache\selenium\chromedriver\win64\120.0.6099.109\chromedriver.exe
13:34:42.738 [Test worker] DEBUG io.netty.util.internal.logging.InternalLoggerFactory - Using SLF4J as the default logging framework
13:34:42.754 [Test worker] DEBUG io.netty.util.ResourceLeakDetector - -Dio.netty.leakDetection.level: simple
13:34:42.769 [Test worker] DEBUG io.netty.util.ResourceLeakDetector - -Dio.netty.leakDetection.targetRecords: 4
13:34:42.801 [Test worker] DEBUG io.netty.util.ResourceLeakDetectorFactory - Loaded default ResourceLeakDetector: io.netty.util.ResourceLeakDetector@578c3fd9
13:34:42.926 [Test worker] DEBUG io.netty.util.internal.PlatformDependent0 - -Dio.netty.noUnsafe: false
13:34:42.926 [Test worker] DEBUG io.netty.util.internal.PlatformDependent0 - Java version: 11
13:34:42.941 [Test worker] DEBUG io.netty.util.internal.PlatformDependent0 - sun.misc.Unsafe.theUnsafe: available
13:34:42.941 [Test worker] DEBUG io.netty.util.internal.PlatformDependent0 - sun.misc.Unsafe.copyMemory: available
13:34:42.941 [Test worker] DEBUG io.netty.util.internal.PlatformDependent0 - sun.misc.Unsafe.storeFence: available
13:34:42.941 [Test worker] DEBUG io.netty.util.internal.PlatformDependent0 - java.nio.Buffer.address: available
13:34:42.941 [Test worker] DEBUG io.netty.util.internal.PlatformDependent0 - direct buffer constructor: unavailable: Reflective setAccessible(true) disabled
13:34:42.941 [Test worker] DEBUG io.netty.util.internal.PlatformDependent0 - java.nio.Bits.unaligned: available, true
13:34:42.957 [Test worker] DEBUG io.netty.util.internal.PlatformDependent0 - jdk.internal.misc.Unsafe.allocateUninitializedArray(int): unavailable: class io.netty.util.internal.PlatformDependent0$7 cannot access class jdk.internal.misc.Unsafe (in module java.base) because module java.base does not export jdk.internal.misc to unnamed module @6950e31
13:34:42.957 [Test worker] DEBUG io.netty.util.internal.PlatformDependent0 - java.nio.DirectByteBuffer.<init>(long, int): unavailable
13:34:42.957 [Test worker] DEBUG io.netty.util.internal.PlatformDependent - sun.misc.Unsafe: available
13:34:42.988 [Test worker] DEBUG io.netty.util.internal.PlatformDependent - maxDirectMemory: 536870912 bytes (maybe)
13:34:42.988 [Test worker] DEBUG io.netty.util.internal.PlatformDependent - -Dio.netty.tmpdir: C:\Users\asus\AppData\Local\Temp (java.io.tmpdir)
13:34:42.988 [Test worker] DEBUG io.netty.util.internal.PlatformDependent - -Dio.netty.bitMode: 64 (sun.arch.data.model)
13:34:42.988 [Test worker] DEBUG io.netty.util.internal.PlatformDependent - Platform: Windows
13:34:42.988 [Test worker] DEBUG io.netty.util.internal.PlatformDependent - -Dio.netty.maxDirectMemory: -1 bytes
13:34:42.988 [Test worker] DEBUG io.netty.util.internal.PlatformDependent - -Dio.netty.uninitializedArrayAllocationThreshold: -1
13:34:43.004 [Test worker] DEBUG io.netty.util.internal.CleanerJava9 - java.nio.ByteBuffer.cleaner(): available
13:34:43.004 [Test worker] DEBUG io.netty.util.internal.PlatformDependent - -Dio.netty.noPreferDirect: false
13:34:43.051 [Test worker] DEBUG io.netty.util.internal.PlatformDependent - org.jctools-core.MpscChunkedArrayQueue: available
13:34:43.408 [Test worker] DEBUG io.netty.util.internal.InternalThreadLocalMap - -Dio.netty.threadLocalMap.stringBuilder.initialSize: 1024
13:34:43.408 [Test worker] DEBUG io.netty.util.internal.InternalThreadLocalMap - -Dio.netty.threadLocalMap.stringBuilder.maxSize: 4096
13:34:43.680 [Test worker] DEBUG io.netty.handler.ssl.JdkSslContext - Default protocols (JDK): [TLSv1.3, TLSv1.2] 
13:34:43.680 [Test worker] DEBUG io.netty.handler.ssl.JdkSslContext - Default cipher suites (JDK): [TLS_ECDHE_ECDSA_WITH_AES_256_GCM_SHA384, TLS_ECDHE_ECDSA_WITH_AES_128_GCM_SHA256, TLS_ECDHE_RSA_WITH_AES_128_GCM_SHA256, TLS_ECDHE_RSA_WITH_AES_256_GCM_SHA384, TLS_ECDHE_RSA_WITH_AES_128_CBC_SHA, TLS_ECDHE_RSA_WITH_AES_256_CBC_SHA, TLS_RSA_WITH_AES_128_GCM_SHA256, TLS_RSA_WITH_AES_128_CBC_SHA, TLS_RSA_WITH_AES_256_CBC_SHA, TLS_AES_128_GCM_SHA256, TLS_AES_256_GCM_SHA384]
13:34:43.821 [Test worker] DEBUG io.netty.util.concurrent.GlobalEventExecutor - -Dio.netty.globalEventExecutor.quietPeriodSeconds: 1
13:34:43.890 [Test worker] DEBUG io.netty.channel.MultithreadEventLoopGroup - -Dio.netty.eventLoopThreads: 8
13:34:43.921 [Test worker] DEBUG io.netty.channel.nio.NioEventLoop - -Dio.netty.noKeySetOptimization: false
13:34:43.921 [Test worker] DEBUG io.netty.channel.nio.NioEventLoop - -Dio.netty.selectorAutoRebuildThreshold: 512
13:34:44.111 [Test worker] DEBUG io.netty.buffer.PooledByteBufAllocator - -Dio.netty.allocator.numHeapArenas: 8
13:34:44.111 [Test worker] DEBUG io.netty.buffer.PooledByteBufAllocator - -Dio.netty.allocator.numDirectArenas: 8
13:34:44.111 [Test worker] DEBUG io.netty.buffer.PooledByteBufAllocator - -Dio.netty.allocator.pageSize: 8192
13:34:44.111 [Test worker] DEBUG io.netty.buffer.PooledByteBufAllocator - -Dio.netty.allocator.maxOrder: 9
13:34:44.111 [Test worker] DEBUG io.netty.buffer.PooledByteBufAllocator - -Dio.netty.allocator.chunkSize: 4194304
13:34:44.111 [Test worker] DEBUG io.netty.buffer.PooledByteBufAllocator - -Dio.netty.allocator.smallCacheSize: 256
13:34:44.111 [Test worker] DEBUG io.netty.buffer.PooledByteBufAllocator - -Dio.netty.allocator.normalCacheSize: 64
13:34:44.126 [Test worker] DEBUG io.netty.buffer.PooledByteBufAllocator - -Dio.netty.allocator.maxCachedBufferCapacity: 32768
13:34:44.126 [Test worker] DEBUG io.netty.buffer.PooledByteBufAllocator - -Dio.netty.allocator.cacheTrimInterval: 8192
13:34:44.126 [Test worker] DEBUG io.netty.buffer.PooledByteBufAllocator - -Dio.netty.allocator.cacheTrimIntervalMillis: 0
13:34:44.126 [Test worker] DEBUG io.netty.buffer.PooledByteBufAllocator - -Dio.netty.allocator.useCacheForAllThreads: false
13:34:44.126 [Test worker] DEBUG io.netty.buffer.PooledByteBufAllocator - -Dio.netty.allocator.maxCachedByteBuffersPerChunk: 1023
13:34:44.189 [Test worker] DEBUG io.netty.buffer.ByteBufUtil - -Dio.netty.allocator.type: pooled
13:34:44.189 [Test worker] DEBUG io.netty.buffer.ByteBufUtil - -Dio.netty.threadLocalDirectBufferSize: 0
13:34:44.189 [Test worker] DEBUG io.netty.buffer.ByteBufUtil - -Dio.netty.maxThreadLocalCharBufferSize: 16384
13:34:46.952 [Forwarding newSession on session null to remote] DEBUG io.netty.channel.DefaultChannelId - -Dio.netty.processId: 9936 (auto-detected)
13:34:46.971 [Forwarding newSession on session null to remote] DEBUG io.netty.util.NetUtil - -Djava.net.preferIPv4Stack: false
13:34:46.971 [Forwarding newSession on session null to remote] DEBUG io.netty.util.NetUtil - -Djava.net.preferIPv6Addresses: false
13:34:47.480 [Forwarding newSession on session null to remote] DEBUG io.netty.util.NetUtilInitializations - Loopback interface: lo (Software Loopback Interface 1, 127.0.0.1)
13:34:47.480 [Forwarding newSession on session null to remote] DEBUG io.netty.util.NetUtil - Failed to get SOMAXCONN from sysctl and file \proc\sys\net\core\somaxconn. Default: 200
13:34:47.496 [Forwarding newSession on session null to remote] DEBUG io.netty.channel.DefaultChannelId - -Dio.netty.machineId: 40:9f:38:ff:fe:7a:c1:fb (auto-detected)
13:34:47.827 [AsyncHttpClient-1-2] DEBUG io.netty.buffer.AbstractByteBuf - -Dio.netty.buffer.checkAccessible: true
13:34:47.827 [AsyncHttpClient-1-2] DEBUG io.netty.buffer.AbstractByteBuf - -Dio.netty.buffer.checkBounds: true
13:34:47.827 [AsyncHttpClient-1-2] DEBUG io.netty.util.ResourceLeakDetectorFactory - Loaded default ResourceLeakDetector: io.netty.util.ResourceLeakDetector@65f17c59
13:34:47.937 [AsyncHttpClient-1-2] DEBUG org.asynchttpclient.netty.channel.NettyConnectListener - Using new Channel '[id: 0xbfa94523, L:/127.0.0.1:63659 - R:localhost/127.0.0.1:24411]' for 'POST' to '/session'
13:34:48.040 [AsyncHttpClient-1-2] DEBUG io.netty.util.Recycler - -Dio.netty.recycler.maxCapacityPerThread: 4096
13:34:48.040 [AsyncHttpClient-1-2] DEBUG io.netty.util.Recycler - -Dio.netty.recycler.ratio: 8
13:34:48.040 [AsyncHttpClient-1-2] DEBUG io.netty.util.Recycler - -Dio.netty.recycler.chunkSize: 32
13:34:48.055 [AsyncHttpClient-1-2] DEBUG io.netty.util.Recycler - -Dio.netty.recycler.blocking: false
13:34:48.055 [AsyncHttpClient-1-2] DEBUG io.netty.util.Recycler - -Dio.netty.recycler.batchFastThreadLocalOnly: true
13:35:11.376 [AsyncHttpClient-1-2] DEBUG io.netty.handler.codec.compression.Brotli - brotli4j not in the classpath; Brotli support will be unavailable.
13:35:11.376 [AsyncHttpClient-1-2] DEBUG org.asynchttpclient.netty.handler.HttpHandler - 

Request DefaultHttpRequest(decodeResult: success, version: HTTP/1.1)
POST /session HTTP/1.1
User-Agent: selenium/4.8.2 (java windows)
Content-Length: 439
Content-Type: application/json; charset=utf-8
host: localhost:24411
accept: */*

Response DefaultHttpResponse(decodeResult: success, version: HTTP/1.1)
HTTP/1.1 200 OK
Content-Length: 882
Content-Type: application/json; charset=utf-8
cache-control: no-cache

13:35:11.408 [AsyncHttpClient-1-2] DEBUG org.asynchttpclient.netty.channel.ChannelManager - Adding key: http://localhost:24411 for channel [id: 0xbfa94523, L:/127.0.0.1:63659 - R:localhost/127.0.0.1:24411]
13:35:12.274 [AsyncHttpClient-1-1] DEBUG org.asynchttpclient.netty.channel.DefaultChannelPool - Entry count for : http://localhost:24411 : 1
13:35:12.564 [AsyncHttpClient-1-3] DEBUG org.asynchttpclient.netty.channel.NettyConnectListener - Using new Channel '[id: 0x88f58434, L:/127.0.0.1:63667 - R:localhost/127.0.0.1:63660]' for 'GET' to '/json/version'
13:35:12.564 [AsyncHttpClient-1-3] DEBUG org.asynchttpclient.netty.handler.HttpHandler - 

Request DefaultFullHttpRequest(decodeResult: success, version: HTTP/1.1, content: EmptyByteBufBE)
GET /json/version HTTP/1.1
User-Agent: selenium/4.8.2 (java windows)
host: localhost:63660
accept: */*

Response DefaultHttpResponse(decodeResult: success, version: HTTP/1.1)
HTTP/1.1 200 OK
Content-Security-Policy: frame-ancestors 'none'
Content-Length: 424
Content-Type: application/json; charset=UTF-8

13:35:12.564 [AsyncHttpClient-1-3] DEBUG org.asynchttpclient.netty.channel.ChannelManager - Adding key: http://localhost:63660 for channel [id: 0x88f58434, L:/127.0.0.1:63667 - R:localhost/127.0.0.1:63660]
13:35:12.880 [Test worker] DEBUG io.netty.util.internal.ThreadLocalRandom - -Dio.netty.initialSeedUniquifier: 0xc1c59bf0370cdf35
13:35:13.437 [AsyncHttpClient-1-1] DEBUG org.asynchttpclient.netty.channel.DefaultChannelPool - Entry count for : http://localhost:63660 : 1
13:35:13.437 [AsyncHttpClient-1-1] DEBUG org.asynchttpclient.netty.channel.DefaultChannelPool - Entry count for : http://localhost:24411 : 1
13:35:13.437 [AsyncHttpClient-1-4] DEBUG org.asynchttpclient.netty.channel.NettyConnectListener - Using new Channel '[id: 0xa9b37b59, L:/127.0.0.1:63668 - R:localhost/127.0.0.1:63660]' for 'GET' to '/devtools/browser/14a04ab8-f77a-46ce-a1ef-e1b5ba61ea44'
13:35:13.437 [AsyncHttpClient-1-4] DEBUG org.asynchttpclient.netty.handler.WebSocketHandler - 

Request DefaultFullHttpRequest(decodeResult: success, version: HTTP/1.1, content: EmptyByteBufBE)
GET /devtools/browser/14a04ab8-f77a-46ce-a1ef-e1b5ba61ea44 HTTP/1.1
upgrade: websocket
connection: upgrade
sec-websocket-key: sB/A+LaPuy8YQyyAHxxIRg==
sec-websocket-version: 13
origin: http://localhost:63660
host: localhost:63660
accept: */*
user-agent: AHC/2.1

Response DefaultHttpResponse(decodeResult: success, version: HTTP/1.1)
HTTP/1.1 101 WebSocket Protocol Handshake
Upgrade: WebSocket
Connection: Upgrade
Sec-WebSocket-Accept: wpJ/ErVZZfriUFNEA2J7shwKRxU=

13:35:14.471 [AsyncHttpClient-1-1] DEBUG org.asynchttpclient.netty.channel.DefaultChannelPool - Entry count for : http://localhost:63660 : 1
13:35:14.471 [AsyncHttpClient-1-1] DEBUG org.asynchttpclient.netty.channel.DefaultChannelPool - Entry count for : http://localhost:24411 : 1
13:35:15.314 [Forwarding get on session af2cd4b97a74e13cf25fec772ccb91ae to remote] DEBUG org.asynchttpclient.netty.request.NettyRequestSender - Using pooled Channel '[id: 0xbfa94523, L:/127.0.0.1:63659 - R:localhost/127.0.0.1:24411]' for 'POST' to 'http://localhost:24411/session/af2cd4b97a74e13cf25fec772ccb91ae/url'
13:35:15.314 [Forwarding get on session af2cd4b97a74e13cf25fec772ccb91ae to remote] DEBUG org.asynchttpclient.netty.request.NettyRequestSender - Using open Channel [id: 0xbfa94523, L:/127.0.0.1:63659 - R:localhost/127.0.0.1:24411] for POST '/session/af2cd4b97a74e13cf25fec772ccb91ae/url'
13:35:15.574 [AsyncHttpClient-1-1] DEBUG org.asynchttpclient.netty.channel.DefaultChannelPool - Entry count for : http://localhost:63660 : 1
13:35:15.842 [AsyncHttpClient-1-2] DEBUG org.asynchttpclient.netty.handler.HttpHandler - 

Request DefaultHttpRequest(decodeResult: success, version: HTTP/1.1)
POST /session/af2cd4b97a74e13cf25fec772ccb91ae/url HTTP/1.1
User-Agent: selenium/4.8.2 (java windows)
Content-Length: 60
Content-Type: application/json; charset=utf-8
host: localhost:24411
accept: */*

Response DefaultHttpResponse(decodeResult: success, version: HTTP/1.1)
HTTP/1.1 200 OK
Content-Length: 14
Content-Type: application/json; charset=utf-8
cache-control: no-cache

13:35:15.873 [AsyncHttpClient-1-2] DEBUG org.asynchttpclient.netty.channel.ChannelManager - Adding key: http://localhost:24411 for channel [id: 0xbfa94523, L:/127.0.0.1:63659 - R:localhost/127.0.0.1:24411]
13:35:16.671 [AsyncHttpClient-1-1] DEBUG org.asynchttpclient.netty.channel.DefaultChannelPool - Entry count for : http://localhost:63660 : 1
13:35:16.671 [AsyncHttpClient-1-1] DEBUG org.asynchttpclient.netty.channel.DefaultChannelPool - Entry count for : http://localhost:24411 : 1
13:35:17.780 [AsyncHttpClient-1-1] DEBUG org.asynchttpclient.netty.channel.DefaultChannelPool - Entry count for : http://localhost:63660 : 1
13:35:17.780 [AsyncHttpClient-1-1] DEBUG org.asynchttpclient.netty.channel.DefaultChannelPool - Entry count for : http://localhost:24411 : 1
13:35:18.874 [AsyncHttpClient-1-1] DEBUG org.asynchttpclient.netty.channel.DefaultChannelPool - Entry count for : http://localhost:63660 : 1
13:35:18.874 [AsyncHttpClient-1-1] DEBUG org.asynchttpclient.netty.channel.DefaultChannelPool - Entry count for : http://localhost:24411 : 1
13:35:19.971 [AsyncHttpClient-1-1] DEBUG org.asynchttpclient.netty.channel.DefaultChannelPool - Entry count for : http://localhost:63660 : 1
13:35:19.971 [AsyncHttpClient-1-1] DEBUG org.asynchttpclient.netty.channel.DefaultChannelPool - Entry count for : http://localhost:24411 : 1
13:35:21.071 [AsyncHttpClient-1-1] DEBUG org.asynchttpclient.netty.channel.DefaultChannelPool - Entry count for : http://localhost:63660 : 1
13:35:21.071 [AsyncHttpClient-1-1] DEBUG org.asynchttpclient.netty.channel.DefaultChannelPool - Entry count for : http://localhost:24411 : 1
13:35:22.171 [AsyncHttpClient-1-1] DEBUG org.asynchttpclient.netty.channel.DefaultChannelPool - Entry count for : http://localhost:63660 : 1
13:35:22.171 [AsyncHttpClient-1-1] DEBUG org.asynchttpclient.netty.channel.DefaultChannelPool - Entry count for : http://localhost:24411 : 1
13:35:23.280 [AsyncHttpClient-1-1] DEBUG org.asynchttpclient.netty.channel.DefaultChannelPool - Entry count for : http://localhost:63660 : 1
13:35:23.280 [AsyncHttpClient-1-1] DEBUG org.asynchttpclient.netty.channel.DefaultChannelPool - Entry count for : http://localhost:24411 : 1
13:35:24.383 [AsyncHttpClient-1-1] DEBUG org.asynchttpclient.netty.channel.DefaultChannelPool - Entry count for : http://localhost:63660 : 1
13:35:24.383 [AsyncHttpClient-1-1] DEBUG org.asynchttpclient.netty.channel.DefaultChannelPool - Entry count for : http://localhost:24411 : 1
13:35:25.470 [AsyncHttpClient-1-1] DEBUG org.asynchttpclient.netty.channel.DefaultChannelPool - Entry count for : http://localhost:63660 : 1
13:35:25.470 [AsyncHttpClient-1-1] DEBUG org.asynchttpclient.netty.channel.DefaultChannelPool - Entry count for : http://localhost:24411 : 1
13:35:26.574 [AsyncHttpClient-1-1] DEBUG org.asynchttpclient.netty.channel.DefaultChannelPool - Entry count for : http://localhost:63660 : 1
13:35:26.574 [AsyncHttpClient-1-1] DEBUG org.asynchttpclient.netty.channel.DefaultChannelPool - Entry count for : http://localhost:24411 : 1
13:35:27.675 [AsyncHttpClient-1-1] DEBUG org.asynchttpclient.netty.channel.DefaultChannelPool - Entry count for : http://localhost:63660 : 1
13:35:27.675 [AsyncHttpClient-1-1] DEBUG org.asynchttpclient.netty.channel.DefaultChannelPool - Entry count for : http://localhost:24411 : 1
13:35:27.939 [Forwarding get on session af2cd4b97a74e13cf25fec772ccb91ae to remote] DEBUG org.asynchttpclient.netty.request.NettyRequestSender - Using pooled Channel '[id: 0xbfa94523, L:/127.0.0.1:63659 - R:localhost/127.0.0.1:24411]' for 'POST' to 'http://localhost:24411/session/af2cd4b97a74e13cf25fec772ccb91ae/url'
13:35:27.939 [Forwarding get on session af2cd4b97a74e13cf25fec772ccb91ae to remote] DEBUG org.asynchttpclient.netty.request.NettyRequestSender - Using open Channel [id: 0xbfa94523, L:/127.0.0.1:63659 - R:localhost/127.0.0.1:24411] for POST '/session/af2cd4b97a74e13cf25fec772ccb91ae/url'
13:35:28.775 [AsyncHttpClient-1-1] DEBUG org.asynchttpclient.netty.channel.DefaultChannelPool - Entry count for : http://localhost:63660 : 1
13:35:29.874 [AsyncHttpClient-1-1] DEBUG org.asynchttpclient.netty.channel.DefaultChannelPool - Entry count for : http://localhost:63660 : 1
13:35:30.975 [AsyncHttpClient-1-1] DEBUG org.asynchttpclient.netty.channel.DefaultChannelPool - Entry count for : http://localhost:63660 : 1
13:35:32.074 [AsyncHttpClient-1-1] DEBUG org.asynchttpclient.netty.channel.DefaultChannelPool - Entry count for : http://localhost:63660 : 1
13:35:33.175 [AsyncHttpClient-1-1] DEBUG org.asynchttpclient.netty.channel.DefaultChannelPool - Entry count for : http://localhost:63660 : 1
13:35:34.281 [AsyncHttpClient-1-1] DEBUG org.asynchttpclient.netty.channel.DefaultChannelPool - Entry count for : http://localhost:63660 : 1
13:35:35.371 [AsyncHttpClient-1-1] DEBUG org.asynchttpclient.netty.channel.DefaultChannelPool - Entry count for : http://localhost:63660 : 1
13:35:36.174 [AsyncHttpClient-1-2] DEBUG org.asynchttpclient.netty.handler.HttpHandler - 

Request DefaultHttpRequest(decodeResult: success, version: HTTP/1.1)
POST /session/af2cd4b97a74e13cf25fec772ccb91ae/url HTTP/1.1
User-Agent: selenium/4.8.2 (java windows)
Content-Length: 60
Content-Type: application/json; charset=utf-8
host: localhost:24411
accept: */*

Response DefaultHttpResponse(decodeResult: success, version: HTTP/1.1)
HTTP/1.1 200 OK
Content-Length: 14
Content-Type: application/json; charset=utf-8
cache-control: no-cache

13:35:36.174 [AsyncHttpClient-1-2] DEBUG org.asynchttpclient.netty.channel.ChannelManager - Adding key: http://localhost:24411 for channel [id: 0xbfa94523, L:/127.0.0.1:63659 - R:localhost/127.0.0.1:24411]
13:35:36.174 [Forwarding getTitle on session af2cd4b97a74e13cf25fec772ccb91ae to remote] DEBUG org.asynchttpclient.netty.request.NettyRequestSender - Using pooled Channel '[id: 0xbfa94523, L:/127.0.0.1:63659 - R:localhost/127.0.0.1:24411]' for 'GET' to 'http://localhost:24411/session/af2cd4b97a74e13cf25fec772ccb91ae/title'
13:35:36.174 [Forwarding getTitle on session af2cd4b97a74e13cf25fec772ccb91ae to remote] DEBUG org.asynchttpclient.netty.request.NettyRequestSender - Using open Channel [id: 0xbfa94523, L:/127.0.0.1:63659 - R:localhost/127.0.0.1:24411] for GET '/session/af2cd4b97a74e13cf25fec772ccb91ae/title'
13:35:36.474 [AsyncHttpClient-1-1] DEBUG org.asynchttpclient.netty.channel.DefaultChannelPool - Entry count for : http://localhost:63660 : 1
13:35:37.571 [AsyncHttpClient-1-1] DEBUG org.asynchttpclient.netty.channel.DefaultChannelPool - Entry count for : http://localhost:63660 : 1
13:35:37.571 [AsyncHttpClient-1-2] DEBUG org.asynchttpclient.netty.handler.HttpHandler - 

Request DefaultFullHttpRequest(decodeResult: success, version: HTTP/1.1, content: EmptyByteBufBE)
GET /session/af2cd4b97a74e13cf25fec772ccb91ae/title HTTP/1.1
User-Agent: selenium/4.8.2 (java windows)
Cache-Control: no-cache
Content-Type: application/json; charset=utf-8
host: localhost:24411
accept: */*

Response DefaultHttpResponse(decodeResult: success, version: HTTP/1.1)
HTTP/1.1 200 OK
Content-Length: 23
Content-Type: application/json; charset=utf-8
cache-control: no-cache

13:35:37.571 [AsyncHttpClient-1-2] DEBUG org.asynchttpclient.netty.channel.ChannelManager - Adding key: http://localhost:24411 for channel [id: 0xbfa94523, L:/127.0.0.1:63659 - R:localhost/127.0.0.1:24411]
13:35:38.674 [AsyncHttpClient-1-1] DEBUG org.asynchttpclient.netty.channel.DefaultChannelPool - Entry count for : http://localhost:63660 : 1
13:35:38.674 [AsyncHttpClient-1-1] DEBUG org.asynchttpclient.netty.channel.DefaultChannelPool - Entry count for : http://localhost:24411 : 1
13:35:39.771 [AsyncHttpClient-1-1] DEBUG org.asynchttpclient.netty.channel.DefaultChannelPool - Entry count for : http://localhost:63660 : 1
13:35:39.771 [AsyncHttpClient-1-1] DEBUG org.asynchttpclient.netty.channel.DefaultChannelPool - Entry count for : http://localhost:24411 : 1
13:35:40.895 [AsyncHttpClient-1-1] DEBUG org.asynchttpclient.netty.channel.DefaultChannelPool - Entry count for : http://localhost:63660 : 1
13:35:40.896 [AsyncHttpClient-1-1] DEBUG org.asynchttpclient.netty.channel.DefaultChannelPool - Entry count for : http://localhost:24411 : 1
13:35:41.993 [AsyncHttpClient-1-1] DEBUG org.asynchttpclient.netty.channel.DefaultChannelPool - Entry count for : http://localhost:63660 : 1
13:35:41.993 [AsyncHttpClient-1-1] DEBUG org.asynchttpclient.netty.channel.DefaultChannelPool - Entry count for : http://localhost:24411 : 1
13:35:43.075 [AsyncHttpClient-1-1] DEBUG org.asynchttpclient.netty.channel.DefaultChannelPool - Entry count for : http://localhost:63660 : 1
13:35:43.076 [AsyncHttpClient-1-1] DEBUG org.asynchttpclient.netty.channel.DefaultChannelPool - Entry count for : http://localhost:24411 : 1
13:35:44.170 [AsyncHttpClient-1-1] DEBUG org.asynchttpclient.netty.channel.DefaultChannelPool - Entry count for : http://localhost:63660 : 1
13:35:44.170 [AsyncHttpClient-1-1] DEBUG org.asynchttpclient.netty.channel.DefaultChannelPool - Entry count for : http://localhost:24411 : 1
13:35:45.281 [AsyncHttpClient-1-1] DEBUG org.asynchttpclient.netty.channel.DefaultChannelPool - Entry count for : http://localhost:63660 : 1
13:35:45.281 [AsyncHttpClient-1-1] DEBUG org.asynchttpclient.netty.channel.DefaultChannelPool - Entry count for : http://localhost:24411 : 1
13:35:46.380 [AsyncHttpClient-1-1] DEBUG org.asynchttpclient.netty.channel.DefaultChannelPool - Entry count for : http://localhost:63660 : 1
13:35:46.380 [AsyncHttpClient-1-1] DEBUG org.asynchttpclient.netty.channel.DefaultChannelPool - Entry count for : http://localhost:24411 : 1
13:35:47.474 [AsyncHttpClient-1-1] DEBUG org.asynchttpclient.netty.channel.DefaultChannelPool - Entry count for : http://localhost:63660 : 1
13:35:47.474 [AsyncHttpClient-1-1] DEBUG org.asynchttpclient.netty.channel.DefaultChannelPool - Entry count for : http://localhost:24411 : 1
13:35:48.581 [AsyncHttpClient-1-1] DEBUG org.asynchttpclient.netty.channel.DefaultChannelPool - Entry count for : http://localhost:63660 : 1
13:35:48.581 [AsyncHttpClient-1-1] DEBUG org.asynchttpclient.netty.channel.DefaultChannelPool - Entry count for : http://localhost:24411 : 1
13:35:49.671 [AsyncHttpClient-1-1] DEBUG org.asynchttpclient.netty.channel.DefaultChannelPool - Entry count for : http://localhost:63660 : 1
13:35:49.671 [AsyncHttpClient-1-1] DEBUG org.asynchttpclient.netty.channel.DefaultChannelPool - Entry count for : http://localhost:24411 : 1
13:35:50.771 [AsyncHttpClient-1-1] DEBUG org.asynchttpclient.netty.channel.DefaultChannelPool - Entry count for : http://localhost:63660 : 1
13:35:50.771 [AsyncHttpClient-1-1] DEBUG org.asynchttpclient.netty.channel.DefaultChannelPool - Entry count for : http://localhost:24411 : 1
13:35:51.883 [AsyncHttpClient-1-1] DEBUG org.asynchttpclient.netty.channel.DefaultChannelPool - Entry count for : http://localhost:63660 : 1
13:35:51.883 [AsyncHttpClient-1-1] DEBUG org.asynchttpclient.netty.channel.DefaultChannelPool - Entry count for : http://localhost:24411 : 1
13:35:52.980 [AsyncHttpClient-1-1] DEBUG org.asynchttpclient.netty.channel.DefaultChannelPool - Entry count for : http://localhost:63660 : 1
13:35:52.980 [AsyncHttpClient-1-1] DEBUG org.asynchttpclient.netty.channel.DefaultChannelPool - Entry count for : http://localhost:24411 : 1
13:35:54.080 [AsyncHttpClient-1-1] DEBUG org.asynchttpclient.netty.channel.DefaultChannelPool - Entry count for : http://localhost:63660 : 1
13:35:54.080 [AsyncHttpClient-1-1] DEBUG org.asynchttpclient.netty.channel.DefaultChannelPool - Entry count for : http://localhost:24411 : 1
13:35:55.174 [AsyncHttpClient-1-1] DEBUG org.asynchttpclient.netty.channel.DefaultChannelPool - Entry count for : http://localhost:63660 : 1
13:35:55.174 [AsyncHttpClient-1-1] DEBUG org.asynchttpclient.netty.channel.DefaultChannelPool - Entry count for : http://localhost:24411 : 1
13:35:56.279 [AsyncHttpClient-1-1] DEBUG org.asynchttpclient.netty.channel.DefaultChannelPool - Entry count for : http://localhost:63660 : 1
13:35:56.279 [AsyncHttpClient-1-1] DEBUG org.asynchttpclient.netty.channel.DefaultChannelPool - Entry count for : http://localhost:24411 : 1
13:35:56.404 [Forwarding findElement on session af2cd4b97a74e13cf25fec772ccb91ae to remote] DEBUG org.asynchttpclient.netty.request.NettyRequestSender - Using pooled Channel '[id: 0xbfa94523, L:/127.0.0.1:63659 - R:localhost/127.0.0.1:24411]' for 'POST' to 'http://localhost:24411/session/af2cd4b97a74e13cf25fec772ccb91ae/element'
13:35:56.404 [Forwarding findElement on session af2cd4b97a74e13cf25fec772ccb91ae to remote] DEBUG org.asynchttpclient.netty.request.NettyRequestSender - Using open Channel [id: 0xbfa94523, L:/127.0.0.1:63659 - R:localhost/127.0.0.1:24411] for POST '/session/af2cd4b97a74e13cf25fec772ccb91ae/element'
13:35:56.468 [AsyncHttpClient-1-2] DEBUG org.asynchttpclient.netty.handler.HttpHandler - 

Request DefaultHttpRequest(decodeResult: success, version: HTTP/1.1)
POST /session/af2cd4b97a74e13cf25fec772ccb91ae/element HTTP/1.1
User-Agent: selenium/4.8.2 (java windows)
Content-Length: 109
Content-Type: application/json; charset=utf-8
host: localhost:24411
accept: */*

Response DefaultHttpResponse(decodeResult: success, version: HTTP/1.1)
HTTP/1.1 200 OK
Content-Length: 94
Content-Type: application/json; charset=utf-8
cache-control: no-cache

13:35:56.469 [AsyncHttpClient-1-2] DEBUG org.asynchttpclient.netty.channel.ChannelManager - Adding key: http://localhost:24411 for channel [id: 0xbfa94523, L:/127.0.0.1:63659 - R:localhost/127.0.0.1:24411]
13:35:56.471 [Forwarding sendKeysToElement on session af2cd4b97a74e13cf25fec772ccb91ae to remote] DEBUG org.asynchttpclient.netty.request.NettyRequestSender - Using pooled Channel '[id: 0xbfa94523, L:/127.0.0.1:63659 - R:localhost/127.0.0.1:24411]' for 'POST' to 'http://localhost:24411/session/af2cd4b97a74e13cf25fec772ccb91ae/element/42A7D602C2332A40627C8740CB4CEF57_element_3/value'
13:35:56.471 [Forwarding sendKeysToElement on session af2cd4b97a74e13cf25fec772ccb91ae to remote] DEBUG org.asynchttpclient.netty.request.NettyRequestSender - Using open Channel [id: 0xbfa94523, L:/127.0.0.1:63659 - R:localhost/127.0.0.1:24411] for POST '/session/af2cd4b97a74e13cf25fec772ccb91ae/element/42A7D602C2332A40627C8740CB4CEF57_element_3/value'
13:35:56.911 [AsyncHttpClient-1-2] DEBUG org.asynchttpclient.netty.handler.HttpHandler - 

Request DefaultHttpRequest(decodeResult: success, version: HTTP/1.1)
POST /session/af2cd4b97a74e13cf25fec772ccb91ae/element/42A7D602C2332A40627C8740CB4CEF57_element_3/value HTTP/1.1
User-Agent: selenium/4.8.2 (java windows)
Content-Length: 387
Content-Type: application/json; charset=utf-8
host: localhost:24411
accept: */*

Response DefaultHttpResponse(decodeResult: success, version: HTTP/1.1)
HTTP/1.1 200 OK
Content-Length: 14
Content-Type: application/json; charset=utf-8
cache-control: no-cache

13:35:56.911 [AsyncHttpClient-1-2] DEBUG org.asynchttpclient.netty.channel.ChannelManager - Adding key: http://localhost:24411 for channel [id: 0xbfa94523, L:/127.0.0.1:63659 - R:localhost/127.0.0.1:24411]
13:35:56.911 [Forwarding findElement on session af2cd4b97a74e13cf25fec772ccb91ae to remote] DEBUG org.asynchttpclient.netty.request.NettyRequestSender - Using pooled Channel '[id: 0xbfa94523, L:/127.0.0.1:63659 - R:localhost/127.0.0.1:24411]' for 'POST' to 'http://localhost:24411/session/af2cd4b97a74e13cf25fec772ccb91ae/element'
13:35:56.911 [Forwarding findElement on session af2cd4b97a74e13cf25fec772ccb91ae to remote] DEBUG org.asynchttpclient.netty.request.NettyRequestSender - Using open Channel [id: 0xbfa94523, L:/127.0.0.1:63659 - R:localhost/127.0.0.1:24411] for POST '/session/af2cd4b97a74e13cf25fec772ccb91ae/element'
13:35:56.942 [AsyncHttpClient-1-2] DEBUG org.asynchttpclient.netty.handler.HttpHandler - 

Request DefaultHttpRequest(decodeResult: success, version: HTTP/1.1)
POST /session/af2cd4b97a74e13cf25fec772ccb91ae/element HTTP/1.1
User-Agent: selenium/4.8.2 (java windows)
Content-Length: 109
Content-Type: application/json; charset=utf-8
host: localhost:24411
accept: */*

Response DefaultHttpResponse(decodeResult: success, version: HTTP/1.1)
HTTP/1.1 200 OK
Content-Length: 94
Content-Type: application/json; charset=utf-8
cache-control: no-cache

13:35:56.942 [AsyncHttpClient-1-2] DEBUG org.asynchttpclient.netty.channel.ChannelManager - Adding key: http://localhost:24411 for channel [id: 0xbfa94523, L:/127.0.0.1:63659 - R:localhost/127.0.0.1:24411]
13:35:56.942 [Forwarding sendKeysToElement on session af2cd4b97a74e13cf25fec772ccb91ae to remote] DEBUG org.asynchttpclient.netty.request.NettyRequestSender - Using pooled Channel '[id: 0xbfa94523, L:/127.0.0.1:63659 - R:localhost/127.0.0.1:24411]' for 'POST' to 'http://localhost:24411/session/af2cd4b97a74e13cf25fec772ccb91ae/element/42A7D602C2332A40627C8740CB4CEF57_element_4/value'
13:35:56.942 [Forwarding sendKeysToElement on session af2cd4b97a74e13cf25fec772ccb91ae to remote] DEBUG org.asynchttpclient.netty.request.NettyRequestSender - Using open Channel [id: 0xbfa94523, L:/127.0.0.1:63659 - R:localhost/127.0.0.1:24411] for POST '/session/af2cd4b97a74e13cf25fec772ccb91ae/element/42A7D602C2332A40627C8740CB4CEF57_element_4/value'
13:35:57.102 [AsyncHttpClient-1-2] DEBUG org.asynchttpclient.netty.handler.HttpHandler - 

Request DefaultHttpRequest(decodeResult: success, version: HTTP/1.1)
POST /session/af2cd4b97a74e13cf25fec772ccb91ae/element/42A7D602C2332A40627C8740CB4CEF57_element_4/value HTTP/1.1
User-Agent: selenium/4.8.2 (java windows)
Content-Length: 157
Content-Type: application/json; charset=utf-8
host: localhost:24411
accept: */*

Response DefaultHttpResponse(decodeResult: success, version: HTTP/1.1)
HTTP/1.1 200 OK
Content-Length: 14
Content-Type: application/json; charset=utf-8
cache-control: no-cache

13:35:57.102 [AsyncHttpClient-1-2] DEBUG org.asynchttpclient.netty.channel.ChannelManager - Adding key: http://localhost:24411 for channel [id: 0xbfa94523, L:/127.0.0.1:63659 - R:localhost/127.0.0.1:24411]
13:35:57.102 [Forwarding findElement on session af2cd4b97a74e13cf25fec772ccb91ae to remote] DEBUG org.asynchttpclient.netty.request.NettyRequestSender - Using pooled Channel '[id: 0xbfa94523, L:/127.0.0.1:63659 - R:localhost/127.0.0.1:24411]' for 'POST' to 'http://localhost:24411/session/af2cd4b97a74e13cf25fec772ccb91ae/element'
13:35:57.102 [Forwarding findElement on session af2cd4b97a74e13cf25fec772ccb91ae to remote] DEBUG org.asynchttpclient.netty.request.NettyRequestSender - Using open Channel [id: 0xbfa94523, L:/127.0.0.1:63659 - R:localhost/127.0.0.1:24411] for POST '/session/af2cd4b97a74e13cf25fec772ccb91ae/element'
13:35:57.133 [AsyncHttpClient-1-2] DEBUG org.asynchttpclient.netty.handler.HttpHandler - 

Request DefaultHttpRequest(decodeResult: success, version: HTTP/1.1)
POST /session/af2cd4b97a74e13cf25fec772ccb91ae/element HTTP/1.1
User-Agent: selenium/4.8.2 (java windows)
Content-Length: 57
Content-Type: application/json; charset=utf-8
host: localhost:24411
accept: */*

Response DefaultHttpResponse(decodeResult: success, version: HTTP/1.1)
HTTP/1.1 200 OK
Content-Length: 95
Content-Type: application/json; charset=utf-8
cache-control: no-cache

13:35:57.133 [AsyncHttpClient-1-2] DEBUG org.asynchttpclient.netty.channel.ChannelManager - Adding key: http://localhost:24411 for channel [id: 0xbfa94523, L:/127.0.0.1:63659 - R:localhost/127.0.0.1:24411]
13:35:57.133 [Forwarding clickElement on session af2cd4b97a74e13cf25fec772ccb91ae to remote] DEBUG org.asynchttpclient.netty.request.NettyRequestSender - Using pooled Channel '[id: 0xbfa94523, L:/127.0.0.1:63659 - R:localhost/127.0.0.1:24411]' for 'POST' to 'http://localhost:24411/session/af2cd4b97a74e13cf25fec772ccb91ae/element/42A7D602C2332A40627C8740CB4CEF57_element_12/click'
13:35:57.133 [Forwarding clickElement on session af2cd4b97a74e13cf25fec772ccb91ae to remote] DEBUG org.asynchttpclient.netty.request.NettyRequestSender - Using open Channel [id: 0xbfa94523, L:/127.0.0.1:63659 - R:localhost/127.0.0.1:24411] for POST '/session/af2cd4b97a74e13cf25fec772ccb91ae/element/42A7D602C2332A40627C8740CB4CEF57_element_12/click'
13:35:57.211 [AsyncHttpClient-1-2] DEBUG org.asynchttpclient.netty.handler.HttpHandler - 

Request DefaultHttpRequest(decodeResult: success, version: HTTP/1.1)
POST /session/af2cd4b97a74e13cf25fec772ccb91ae/element/42A7D602C2332A40627C8740CB4CEF57_element_12/click HTTP/1.1
User-Agent: selenium/4.8.2 (java windows)
Content-Length: 57
Content-Type: application/json; charset=utf-8
host: localhost:24411
accept: */*

Response DefaultHttpResponse(decodeResult: success, version: HTTP/1.1)
HTTP/1.1 200 OK
Content-Length: 14
Content-Type: application/json; charset=utf-8
cache-control: no-cache

13:35:57.211 [AsyncHttpClient-1-2] DEBUG org.asynchttpclient.netty.channel.ChannelManager - Adding key: http://localhost:24411 for channel [id: 0xbfa94523, L:/127.0.0.1:63659 - R:localhost/127.0.0.1:24411]
13:35:57.371 [AsyncHttpClient-1-1] DEBUG org.asynchttpclient.netty.channel.DefaultChannelPool - Entry count for : http://localhost:63660 : 1
13:35:57.371 [AsyncHttpClient-1-1] DEBUG org.asynchttpclient.netty.channel.DefaultChannelPool - Entry count for : http://localhost:24411 : 1
13:35:58.483 [AsyncHttpClient-1-1] DEBUG org.asynchttpclient.netty.channel.DefaultChannelPool - Entry count for : http://localhost:63660 : 1
13:35:58.483 [AsyncHttpClient-1-1] DEBUG org.asynchttpclient.netty.channel.DefaultChannelPool - Entry count for : http://localhost:24411 : 1
13:35:59.571 [AsyncHttpClient-1-1] DEBUG org.asynchttpclient.netty.channel.DefaultChannelPool - Entry count for : http://localhost:63660 : 1
13:35:59.571 [AsyncHttpClient-1-1] DEBUG org.asynchttpclient.netty.channel.DefaultChannelPool - Entry count for : http://localhost:24411 : 1
13:36:00.671 [AsyncHttpClient-1-1] DEBUG org.asynchttpclient.netty.channel.DefaultChannelPool - Entry count for : http://localhost:63660 : 1
13:36:00.671 [AsyncHttpClient-1-1] DEBUG org.asynchttpclient.netty.channel.DefaultChannelPool - Entry count for : http://localhost:24411 : 1
13:36:01.773 [AsyncHttpClient-1-1] DEBUG org.asynchttpclient.netty.channel.DefaultChannelPool - Entry count for : http://localhost:63660 : 1
13:36:01.773 [AsyncHttpClient-1-1] DEBUG org.asynchttpclient.netty.channel.DefaultChannelPool - Entry count for : http://localhost:24411 : 1
13:36:02.871 [AsyncHttpClient-1-1] DEBUG org.asynchttpclient.netty.channel.DefaultChannelPool - Entry count for : http://localhost:63660 : 1
13:36:02.871 [AsyncHttpClient-1-1] DEBUG org.asynchttpclient.netty.channel.DefaultChannelPool - Entry count for : http://localhost:24411 : 1
13:36:03.981 [AsyncHttpClient-1-1] DEBUG org.asynchttpclient.netty.channel.DefaultChannelPool - Entry count for : http://localhost:63660 : 1
13:36:03.981 [AsyncHttpClient-1-1] DEBUG org.asynchttpclient.netty.channel.DefaultChannelPool - Entry count for : http://localhost:24411 : 1
13:36:05.071 [AsyncHttpClient-1-1] DEBUG org.asynchttpclient.netty.channel.DefaultChannelPool - Entry count for : http://localhost:63660 : 1
13:36:05.071 [AsyncHttpClient-1-1] DEBUG org.asynchttpclient.netty.channel.DefaultChannelPool - Entry count for : http://localhost:24411 : 1
13:36:06.172 [AsyncHttpClient-1-1] DEBUG org.asynchttpclient.netty.channel.DefaultChannelPool - Entry count for : http://localhost:63660 : 1
13:36:06.172 [AsyncHttpClient-1-1] DEBUG org.asynchttpclient.netty.channel.DefaultChannelPool - Entry count for : http://localhost:24411 : 1
13:36:07.279 [AsyncHttpClient-1-1] DEBUG org.asynchttpclient.netty.channel.DefaultChannelPool - Entry count for : http://localhost:63660 : 1
13:36:07.279 [AsyncHttpClient-1-1] DEBUG org.asynchttpclient.netty.channel.DefaultChannelPool - Entry count for : http://localhost:24411 : 1
13:36:08.212 [Forwarding getCurrentUrl on session af2cd4b97a74e13cf25fec772ccb91ae to remote] DEBUG org.asynchttpclient.netty.request.NettyRequestSender - Using pooled Channel '[id: 0xbfa94523, L:/127.0.0.1:63659 - R:localhost/127.0.0.1:24411]' for 'GET' to 'http://localhost:24411/session/af2cd4b97a74e13cf25fec772ccb91ae/url'
13:36:08.212 [Forwarding getCurrentUrl on session af2cd4b97a74e13cf25fec772ccb91ae to remote] DEBUG org.asynchttpclient.netty.request.NettyRequestSender - Using open Channel [id: 0xbfa94523, L:/127.0.0.1:63659 - R:localhost/127.0.0.1:24411] for GET '/session/af2cd4b97a74e13cf25fec772ccb91ae/url'
13:36:08.227 [AsyncHttpClient-1-2] DEBUG org.asynchttpclient.netty.handler.HttpHandler - 

Request DefaultFullHttpRequest(decodeResult: success, version: HTTP/1.1, content: EmptyByteBufBE)
GET /session/af2cd4b97a74e13cf25fec772ccb91ae/url HTTP/1.1
User-Agent: selenium/4.8.2 (java windows)
Cache-Control: no-cache
Content-Type: application/json; charset=utf-8
host: localhost:24411
accept: */*

Response DefaultHttpResponse(decodeResult: success, version: HTTP/1.1)
HTTP/1.1 200 OK
Content-Length: 49
Content-Type: application/json; charset=utf-8
cache-control: no-cache

13:36:08.227 [AsyncHttpClient-1-2] DEBUG org.asynchttpclient.netty.channel.ChannelManager - Adding key: http://localhost:24411 for channel [id: 0xbfa94523, L:/127.0.0.1:63659 - R:localhost/127.0.0.1:24411]
13:36:08.371 [AsyncHttpClient-1-1] DEBUG org.asynchttpclient.netty.channel.DefaultChannelPool - Entry count for : http://localhost:63660 : 1
13:36:08.371 [AsyncHttpClient-1-1] DEBUG org.asynchttpclient.netty.channel.DefaultChannelPool - Entry count for : http://localhost:24411 : 1
13:36:09.470 [AsyncHttpClient-1-1] DEBUG org.asynchttpclient.netty.channel.DefaultChannelPool - Entry count for : http://localhost:63660 : 1
13:36:09.470 [AsyncHttpClient-1-1] DEBUG org.asynchttpclient.netty.channel.DefaultChannelPool - Entry count for : http://localhost:24411 : 1
13:36:10.581 [AsyncHttpClient-1-1] DEBUG org.asynchttpclient.netty.channel.DefaultChannelPool - Entry count for : http://localhost:63660 : 1
13:36:10.581 [AsyncHttpClient-1-1] DEBUG org.asynchttpclient.netty.channel.DefaultChannelPool - Entry count for : http://localhost:24411 : 1
13:36:11.671 [AsyncHttpClient-1-1] DEBUG org.asynchttpclient.netty.channel.DefaultChannelPool - Entry count for : http://localhost:63660 : 1
13:36:11.671 [AsyncHttpClient-1-1] DEBUG org.asynchttpclient.netty.channel.DefaultChannelPool - Entry count for : http://localhost:24411 : 1
13:36:12.781 [AsyncHttpClient-1-1] DEBUG org.asynchttpclient.netty.channel.DefaultChannelPool - Entry count for : http://localhost:63660 : 1
13:36:12.781 [AsyncHttpClient-1-1] DEBUG org.asynchttpclient.netty.channel.DefaultChannelPool - Entry count for : http://localhost:24411 : 1
13:36:12.781 [AsyncHttpClient-1-1] DEBUG org.asynchttpclient.netty.channel.DefaultChannelPool - Adding Candidate expired Channel [id: 0x88f58434, L:/127.0.0.1:63667 - R:localhost/127.0.0.1:63660] isIdleTimeoutExpired=true isRemotelyClosed=false isTtlExpired=false
13:36:12.781 [AsyncHttpClient-1-1] DEBUG org.asynchttpclient.netty.channel.DefaultChannelPool - Closing Idle Channel [id: 0x88f58434, L:/127.0.0.1:63667 - R:localhost/127.0.0.1:63660]
13:36:12.781 [AsyncHttpClient-1-1] DEBUG org.asynchttpclient.netty.channel.DefaultChannelPool - Closed 1 connections out of 2 in 0 ms
13:36:12.781 [AsyncHttpClient-1-3] DEBUG org.asynchttpclient.netty.handler.HttpHandler - Channel Closed: [id: 0x88f58434, L:/127.0.0.1:63667 ! R:localhost/127.0.0.1:63660] with attribute DISCARD
13:36:13.874 [AsyncHttpClient-1-1] DEBUG org.asynchttpclient.netty.channel.DefaultChannelPool - Entry count for : http://localhost:24411 : 1
13:36:14.971 [AsyncHttpClient-1-1] DEBUG org.asynchttpclient.netty.channel.DefaultChannelPool - Entry count for : http://localhost:24411 : 1
13:36:16.071 [AsyncHttpClient-1-1] DEBUG org.asynchttpclient.netty.channel.DefaultChannelPool - Entry count for : http://localhost:24411 : 1
13:36:17.181 [AsyncHttpClient-1-1] DEBUG org.asynchttpclient.netty.channel.DefaultChannelPool - Entry count for : http://localhost:24411 : 1
13:36:18.274 [AsyncHttpClient-1-1] DEBUG org.asynchttpclient.netty.channel.DefaultChannelPool - Entry count for : http://localhost:24411 : 1
13:36:19.371 [AsyncHttpClient-1-1] DEBUG org.asynchttpclient.netty.channel.DefaultChannelPool - Entry count for : http://localhost:24411 : 1
13:36:20.471 [AsyncHttpClient-1-1] DEBUG org.asynchttpclient.netty.channel.DefaultChannelPool - Entry count for : http://localhost:24411 : 1
13:36:21.571 [AsyncHttpClient-1-1] DEBUG org.asynchttpclient.netty.channel.DefaultChannelPool - Entry count for : http://localhost:24411 : 1
13:36:22.681 [AsyncHttpClient-1-1] DEBUG org.asynchttpclient.netty.channel.DefaultChannelPool - Entry count for : http://localhost:24411 : 1
13:36:23.771 [AsyncHttpClient-1-1] DEBUG org.asynchttpclient.netty.channel.DefaultChannelPool - Entry count for : http://localhost:24411 : 1
13:36:24.870 [AsyncHttpClient-1-1] DEBUG org.asynchttpclient.netty.channel.DefaultChannelPool - Entry count for : http://localhost:24411 : 1
13:36:25.978 [AsyncHttpClient-1-1] DEBUG org.asynchttpclient.netty.channel.DefaultChannelPool - Entry count for : http://localhost:24411 : 1
13:36:27.072 [AsyncHttpClient-1-1] DEBUG org.asynchttpclient.netty.channel.DefaultChannelPool - Entry count for : http://localhost:24411 : 1
13:36:28.171 [AsyncHttpClient-1-1] DEBUG org.asynchttpclient.netty.channel.DefaultChannelPool - Entry count for : http://localhost:24411 : 1
13:36:29.271 [AsyncHttpClient-1-1] DEBUG org.asynchttpclient.netty.channel.DefaultChannelPool - Entry count for : http://localhost:24411 : 1
13:36:30.390 [AsyncHttpClient-1-1] DEBUG org.asynchttpclient.netty.channel.DefaultChannelPool - Entry count for : http://localhost:24411 : 1
13:36:30.546 [Forwarding findElement on session af2cd4b97a74e13cf25fec772ccb91ae to remote] DEBUG org.asynchttpclient.netty.request.NettyRequestSender - Using pooled Channel '[id: 0xbfa94523, L:/127.0.0.1:63659 - R:localhost/127.0.0.1:24411]' for 'POST' to 'http://localhost:24411/session/af2cd4b97a74e13cf25fec772ccb91ae/element'
13:36:30.546 [Forwarding findElement on session af2cd4b97a74e13cf25fec772ccb91ae to remote] DEBUG org.asynchttpclient.netty.request.NettyRequestSender - Using open Channel [id: 0xbfa94523, L:/127.0.0.1:63659 - R:localhost/127.0.0.1:24411] for POST '/session/af2cd4b97a74e13cf25fec772ccb91ae/element'
13:36:30.561 [AsyncHttpClient-1-2] DEBUG org.asynchttpclient.netty.handler.HttpHandler - 

Request DefaultHttpRequest(decodeResult: success, version: HTTP/1.1)
POST /session/af2cd4b97a74e13cf25fec772ccb91ae/element HTTP/1.1
User-Agent: selenium/4.8.2 (java windows)
Content-Length: 131
Content-Type: application/json; charset=utf-8
host: localhost:24411
accept: */*

Response DefaultHttpResponse(decodeResult: success, version: HTTP/1.1)
HTTP/1.1 200 OK
Content-Length: 95
Content-Type: application/json; charset=utf-8
cache-control: no-cache

13:36:30.561 [AsyncHttpClient-1-2] DEBUG org.asynchttpclient.netty.channel.ChannelManager - Adding key: http://localhost:24411 for channel [id: 0xbfa94523, L:/127.0.0.1:63659 - R:localhost/127.0.0.1:24411]
13:36:30.561 [Forwarding clickElement on session af2cd4b97a74e13cf25fec772ccb91ae to remote] DEBUG org.asynchttpclient.netty.request.NettyRequestSender - Using pooled Channel '[id: 0xbfa94523, L:/127.0.0.1:63659 - R:localhost/127.0.0.1:24411]' for 'POST' to 'http://localhost:24411/session/af2cd4b97a74e13cf25fec772ccb91ae/element/42A7D602C2332A40627C8740CB4CEF57_element_44/click'
13:36:30.561 [Forwarding clickElement on session af2cd4b97a74e13cf25fec772ccb91ae to remote] DEBUG org.asynchttpclient.netty.request.NettyRequestSender - Using open Channel [id: 0xbfa94523, L:/127.0.0.1:63659 - R:localhost/127.0.0.1:24411] for POST '/session/af2cd4b97a74e13cf25fec772ccb91ae/element/42A7D602C2332A40627C8740CB4CEF57_element_44/click'
13:36:30.708 [AsyncHttpClient-1-2] DEBUG org.asynchttpclient.netty.handler.HttpHandler - 

Request DefaultHttpRequest(decodeResult: success, version: HTTP/1.1)
POST /session/af2cd4b97a74e13cf25fec772ccb91ae/element/42A7D602C2332A40627C8740CB4CEF57_element_44/click HTTP/1.1
User-Agent: selenium/4.8.2 (java windows)
Content-Length: 57
Content-Type: application/json; charset=utf-8
host: localhost:24411
accept: */*

Response DefaultHttpResponse(decodeResult: success, version: HTTP/1.1)
HTTP/1.1 200 OK
Content-Length: 14
Content-Type: application/json; charset=utf-8
cache-control: no-cache

13:36:30.709 [AsyncHttpClient-1-2] DEBUG org.asynchttpclient.netty.channel.ChannelManager - Adding key: http://localhost:24411 for channel [id: 0xbfa94523, L:/127.0.0.1:63659 - R:localhost/127.0.0.1:24411]
13:36:31.471 [AsyncHttpClient-1-1] DEBUG org.asynchttpclient.netty.channel.DefaultChannelPool - Entry count for : http://localhost:24411 : 1
13:36:32.571 [AsyncHttpClient-1-1] DEBUG org.asynchttpclient.netty.channel.DefaultChannelPool - Entry count for : http://localhost:24411 : 1
13:36:33.680 [AsyncHttpClient-1-1] DEBUG org.asynchttpclient.netty.channel.DefaultChannelPool - Entry count for : http://localhost:24411 : 1
13:36:34.771 [AsyncHttpClient-1-1] DEBUG org.asynchttpclient.netty.channel.DefaultChannelPool - Entry count for : http://localhost:24411 : 1
13:36:35.871 [AsyncHttpClient-1-1] DEBUG org.asynchttpclient.netty.channel.DefaultChannelPool - Entry count for : http://localhost:24411 : 1
13:36:36.971 [AsyncHttpClient-1-1] DEBUG org.asynchttpclient.netty.channel.DefaultChannelPool - Entry count for : http://localhost:24411 : 1
13:36:38.080 [AsyncHttpClient-1-1] DEBUG org.asynchttpclient.netty.channel.DefaultChannelPool - Entry count for : http://localhost:24411 : 1
13:36:39.175 [AsyncHttpClient-1-1] DEBUG org.asynchttpclient.netty.channel.DefaultChannelPool - Entry count for : http://localhost:24411 : 1
13:36:40.271 [AsyncHttpClient-1-1] DEBUG org.asynchttpclient.netty.channel.DefaultChannelPool - Entry count for : http://localhost:24411 : 1
13:36:41.380 [AsyncHttpClient-1-1] DEBUG org.asynchttpclient.netty.channel.DefaultChannelPool - Entry count for : http://localhost:24411 : 1
13:36:41.711 [Forwarding getCurrentUrl on session af2cd4b97a74e13cf25fec772ccb91ae to remote] DEBUG org.asynchttpclient.netty.request.NettyRequestSender - Using pooled Channel '[id: 0xbfa94523, L:/127.0.0.1:63659 - R:localhost/127.0.0.1:24411]' for 'GET' to 'http://localhost:24411/session/af2cd4b97a74e13cf25fec772ccb91ae/url'
13:36:41.711 [Forwarding getCurrentUrl on session af2cd4b97a74e13cf25fec772ccb91ae to remote] DEBUG org.asynchttpclient.netty.request.NettyRequestSender - Using open Channel [id: 0xbfa94523, L:/127.0.0.1:63659 - R:localhost/127.0.0.1:24411] for GET '/session/af2cd4b97a74e13cf25fec772ccb91ae/url'
13:36:41.711 [AsyncHttpClient-1-2] DEBUG org.asynchttpclient.netty.handler.HttpHandler - 

Request DefaultFullHttpRequest(decodeResult: success, version: HTTP/1.1, content: EmptyByteBufBE)
GET /session/af2cd4b97a74e13cf25fec772ccb91ae/url HTTP/1.1
User-Agent: selenium/4.8.2 (java windows)
Cache-Control: no-cache
Content-Type: application/json; charset=utf-8
host: localhost:24411
accept: */*

Response DefaultHttpResponse(decodeResult: success, version: HTTP/1.1)
HTTP/1.1 200 OK
Content-Length: 55
Content-Type: application/json; charset=utf-8
cache-control: no-cache

13:36:41.711 [AsyncHttpClient-1-2] DEBUG org.asynchttpclient.netty.channel.ChannelManager - Adding key: http://localhost:24411 for channel [id: 0xbfa94523, L:/127.0.0.1:63659 - R:localhost/127.0.0.1:24411]
13:36:42.471 [AsyncHttpClient-1-1] DEBUG org.asynchttpclient.netty.channel.DefaultChannelPool - Entry count for : http://localhost:24411 : 1
13:36:43.571 [AsyncHttpClient-1-1] DEBUG org.asynchttpclient.netty.channel.DefaultChannelPool - Entry count for : http://localhost:24411 : 1
13:36:44.671 [AsyncHttpClient-1-1] DEBUG org.asynchttpclient.netty.channel.DefaultChannelPool - Entry count for : http://localhost:24411 : 1
13:36:45.773 [AsyncHttpClient-1-1] DEBUG org.asynchttpclient.netty.channel.DefaultChannelPool - Entry count for : http://localhost:24411 : 1
13:36:46.875 [AsyncHttpClient-1-1] DEBUG org.asynchttpclient.netty.channel.DefaultChannelPool - Entry count for : http://localhost:24411 : 1
13:36:47.974 [AsyncHttpClient-1-1] DEBUG org.asynchttpclient.netty.channel.DefaultChannelPool - Entry count for : http://localhost:24411 : 1
13:36:49.080 [AsyncHttpClient-1-1] DEBUG org.asynchttpclient.netty.channel.DefaultChannelPool - Entry count for : http://localhost:24411 : 1
13:36:50.174 [AsyncHttpClient-1-1] DEBUG org.asynchttpclient.netty.channel.DefaultChannelPool - Entry count for : http://localhost:24411 : 1
13:36:51.274 [AsyncHttpClient-1-1] DEBUG org.asynchttpclient.netty.channel.DefaultChannelPool - Entry count for : http://localhost:24411 : 1
13:36:52.381 [AsyncHttpClient-1-1] DEBUG org.asynchttpclient.netty.channel.DefaultChannelPool - Entry count for : http://localhost:24411 : 1
13:36:52.773 [Forwarding findElement on session af2cd4b97a74e13cf25fec772ccb91ae to remote] DEBUG org.asynchttpclient.netty.request.NettyRequestSender - Using pooled Channel '[id: 0xbfa94523, L:/127.0.0.1:63659 - R:localhost/127.0.0.1:24411]' for 'POST' to 'http://localhost:24411/session/af2cd4b97a74e13cf25fec772ccb91ae/element'
13:36:52.773 [Forwarding findElement on session af2cd4b97a74e13cf25fec772ccb91ae to remote] DEBUG org.asynchttpclient.netty.request.NettyRequestSender - Using open Channel [id: 0xbfa94523, L:/127.0.0.1:63659 - R:localhost/127.0.0.1:24411] for POST '/session/af2cd4b97a74e13cf25fec772ccb91ae/element'
13:36:52.789 [AsyncHttpClient-1-2] DEBUG org.asynchttpclient.netty.handler.HttpHandler - 

Request DefaultHttpRequest(decodeResult: success, version: HTTP/1.1)
POST /session/af2cd4b97a74e13cf25fec772ccb91ae/element HTTP/1.1
User-Agent: selenium/4.8.2 (java windows)
Content-Length: 161
Content-Type: application/json; charset=utf-8
host: localhost:24411
accept: */*

Response DefaultHttpResponse(decodeResult: success, version: HTTP/1.1)
HTTP/1.1 200 OK
Content-Length: 95
Content-Type: application/json; charset=utf-8
cache-control: no-cache

13:36:52.789 [AsyncHttpClient-1-2] DEBUG org.asynchttpclient.netty.channel.ChannelManager - Adding key: http://localhost:24411 for channel [id: 0xbfa94523, L:/127.0.0.1:63659 - R:localhost/127.0.0.1:24411]
13:36:52.805 [Forwarding clickElement on session af2cd4b97a74e13cf25fec772ccb91ae to remote] DEBUG org.asynchttpclient.netty.request.NettyRequestSender - Using pooled Channel '[id: 0xbfa94523, L:/127.0.0.1:63659 - R:localhost/127.0.0.1:24411]' for 'POST' to 'http://localhost:24411/session/af2cd4b97a74e13cf25fec772ccb91ae/element/42A7D602C2332A40627C8740CB4CEF57_element_45/click'
13:36:52.805 [Forwarding clickElement on session af2cd4b97a74e13cf25fec772ccb91ae to remote] DEBUG org.asynchttpclient.netty.request.NettyRequestSender - Using open Channel [id: 0xbfa94523, L:/127.0.0.1:63659 - R:localhost/127.0.0.1:24411] for POST '/session/af2cd4b97a74e13cf25fec772ccb91ae/element/42A7D602C2332A40627C8740CB4CEF57_element_45/click'
13:36:52.943 [AsyncHttpClient-1-2] DEBUG org.asynchttpclient.netty.handler.HttpHandler - 

Request DefaultHttpRequest(decodeResult: success, version: HTTP/1.1)
POST /session/af2cd4b97a74e13cf25fec772ccb91ae/element/42A7D602C2332A40627C8740CB4CEF57_element_45/click HTTP/1.1
User-Agent: selenium/4.8.2 (java windows)
Content-Length: 57
Content-Type: application/json; charset=utf-8
host: localhost:24411
accept: */*

Response DefaultHttpResponse(decodeResult: success, version: HTTP/1.1)
HTTP/1.1 200 OK
Content-Length: 14
Content-Type: application/json; charset=utf-8
cache-control: no-cache

13:36:52.943 [AsyncHttpClient-1-2] DEBUG org.asynchttpclient.netty.channel.ChannelManager - Adding key: http://localhost:24411 for channel [id: 0xbfa94523, L:/127.0.0.1:63659 - R:localhost/127.0.0.1:24411]
13:36:53.477 [AsyncHttpClient-1-1] DEBUG org.asynchttpclient.netty.channel.DefaultChannelPool - Entry count for : http://localhost:24411 : 1
13:36:54.577 [AsyncHttpClient-1-1] DEBUG org.asynchttpclient.netty.channel.DefaultChannelPool - Entry count for : http://localhost:24411 : 1
13:36:55.671 [AsyncHttpClient-1-1] DEBUG org.asynchttpclient.netty.channel.DefaultChannelPool - Entry count for : http://localhost:24411 : 1
13:36:56.780 [AsyncHttpClient-1-1] DEBUG org.asynchttpclient.netty.channel.DefaultChannelPool - Entry count for : http://localhost:24411 : 1
13:36:57.874 [AsyncHttpClient-1-1] DEBUG org.asynchttpclient.netty.channel.DefaultChannelPool - Entry count for : http://localhost:24411 : 1
13:36:58.974 [AsyncHttpClient-1-1] DEBUG org.asynchttpclient.netty.channel.DefaultChannelPool - Entry count for : http://localhost:24411 : 1
13:37:00.071 [AsyncHttpClient-1-1] DEBUG org.asynchttpclient.netty.channel.DefaultChannelPool - Entry count for : http://localhost:24411 : 1
13:37:01.178 [AsyncHttpClient-1-1] DEBUG org.asynchttpclient.netty.channel.DefaultChannelPool - Entry count for : http://localhost:24411 : 1
13:37:02.270 [AsyncHttpClient-1-1] DEBUG org.asynchttpclient.netty.channel.DefaultChannelPool - Entry count for : http://localhost:24411 : 1
13:37:03.370 [AsyncHttpClient-1-1] DEBUG org.asynchttpclient.netty.channel.DefaultChannelPool - Entry count for : http://localhost:24411 : 1
13:37:03.952 [Forwarding getCurrentUrl on session af2cd4b97a74e13cf25fec772ccb91ae to remote] DEBUG org.asynchttpclient.netty.request.NettyRequestSender - Using pooled Channel '[id: 0xbfa94523, L:/127.0.0.1:63659 - R:localhost/127.0.0.1:24411]' for 'GET' to 'http://localhost:24411/session/af2cd4b97a74e13cf25fec772ccb91ae/url'
13:37:03.952 [Forwarding getCurrentUrl on session af2cd4b97a74e13cf25fec772ccb91ae to remote] DEBUG org.asynchttpclient.netty.request.NettyRequestSender - Using open Channel [id: 0xbfa94523, L:/127.0.0.1:63659 - R:localhost/127.0.0.1:24411] for GET '/session/af2cd4b97a74e13cf25fec772ccb91ae/url'
13:37:03.952 [AsyncHttpClient-1-2] DEBUG org.asynchttpclient.netty.handler.HttpHandler - 

Request DefaultFullHttpRequest(decodeResult: success, version: HTTP/1.1, content: EmptyByteBufBE)
GET /session/af2cd4b97a74e13cf25fec772ccb91ae/url HTTP/1.1
User-Agent: selenium/4.8.2 (java windows)
Cache-Control: no-cache
Content-Type: application/json; charset=utf-8
host: localhost:24411
accept: */*

Response DefaultHttpResponse(decodeResult: success, version: HTTP/1.1)
HTTP/1.1 200 OK
Content-Length: 53
Content-Type: application/json; charset=utf-8
cache-control: no-cache

13:37:03.952 [AsyncHttpClient-1-2] DEBUG org.asynchttpclient.netty.channel.ChannelManager - Adding key: http://localhost:24411 for channel [id: 0xbfa94523, L:/127.0.0.1:63659 - R:localhost/127.0.0.1:24411]
13:37:04.470 [AsyncHttpClient-1-1] DEBUG org.asynchttpclient.netty.channel.DefaultChannelPool - Entry count for : http://localhost:24411 : 1
13:37:05.574 [AsyncHttpClient-1-1] DEBUG org.asynchttpclient.netty.channel.DefaultChannelPool - Entry count for : http://localhost:24411 : 1
13:37:06.674 [AsyncHttpClient-1-1] DEBUG org.asynchttpclient.netty.channel.DefaultChannelPool - Entry count for : http://localhost:24411 : 1
13:37:07.771 [AsyncHttpClient-1-1] DEBUG org.asynchttpclient.netty.channel.DefaultChannelPool - Entry count for : http://localhost:24411 : 1
13:37:08.880 [AsyncHttpClient-1-1] DEBUG org.asynchttpclient.netty.channel.DefaultChannelPool - Entry count for : http://localhost:24411 : 1
13:37:09.981 [AsyncHttpClient-1-1] DEBUG org.asynchttpclient.netty.channel.DefaultChannelPool - Entry count for : http://localhost:24411 : 1
13:37:11.074 [AsyncHttpClient-1-1] DEBUG org.asynchttpclient.netty.channel.DefaultChannelPool - Entry count for : http://localhost:24411 : 1
13:37:12.180 [AsyncHttpClient-1-1] DEBUG org.asynchttpclient.netty.channel.DefaultChannelPool - Entry count for : http://localhost:24411 : 1
13:37:13.271 [AsyncHttpClient-1-1] DEBUG org.asynchttpclient.netty.channel.DefaultChannelPool - Entry count for : http://localhost:24411 : 1
13:37:14.380 [AsyncHttpClient-1-1] DEBUG org.asynchttpclient.netty.channel.DefaultChannelPool - Entry count for : http://localhost:24411 : 1
13:37:14.986 [Forwarding findElement on session af2cd4b97a74e13cf25fec772ccb91ae to remote] DEBUG org.asynchttpclient.netty.request.NettyRequestSender - Using pooled Channel '[id: 0xbfa94523, L:/127.0.0.1:63659 - R:localhost/127.0.0.1:24411]' for 'POST' to 'http://localhost:24411/session/af2cd4b97a74e13cf25fec772ccb91ae/element'
13:37:14.986 [Forwarding findElement on session af2cd4b97a74e13cf25fec772ccb91ae to remote] DEBUG org.asynchttpclient.netty.request.NettyRequestSender - Using open Channel [id: 0xbfa94523, L:/127.0.0.1:63659 - R:localhost/127.0.0.1:24411] for POST '/session/af2cd4b97a74e13cf25fec772ccb91ae/element'
13:37:15.017 [AsyncHttpClient-1-2] DEBUG org.asynchttpclient.netty.handler.HttpHandler - 

Request DefaultHttpRequest(decodeResult: success, version: HTTP/1.1)
POST /session/af2cd4b97a74e13cf25fec772ccb91ae/element HTTP/1.1
User-Agent: selenium/4.8.2 (java windows)
Content-Length: 176
Content-Type: application/json; charset=utf-8
host: localhost:24411
accept: */*

Response DefaultHttpResponse(decodeResult: success, version: HTTP/1.1)
HTTP/1.1 200 OK
Content-Length: 95
Content-Type: application/json; charset=utf-8
cache-control: no-cache

13:37:15.017 [AsyncHttpClient-1-2] DEBUG org.asynchttpclient.netty.channel.ChannelManager - Adding key: http://localhost:24411 for channel [id: 0xbfa94523, L:/127.0.0.1:63659 - R:localhost/127.0.0.1:24411]
13:37:15.033 [Forwarding clickElement on session af2cd4b97a74e13cf25fec772ccb91ae to remote] DEBUG org.asynchttpclient.netty.request.NettyRequestSender - Using pooled Channel '[id: 0xbfa94523, L:/127.0.0.1:63659 - R:localhost/127.0.0.1:24411]' for 'POST' to 'http://localhost:24411/session/af2cd4b97a74e13cf25fec772ccb91ae/element/42A7D602C2332A40627C8740CB4CEF57_element_66/click'
13:37:15.033 [Forwarding clickElement on session af2cd4b97a74e13cf25fec772ccb91ae to remote] DEBUG org.asynchttpclient.netty.request.NettyRequestSender - Using open Channel [id: 0xbfa94523, L:/127.0.0.1:63659 - R:localhost/127.0.0.1:24411] for POST '/session/af2cd4b97a74e13cf25fec772ccb91ae/element/42A7D602C2332A40627C8740CB4CEF57_element_66/click'
13:37:15.119 [AsyncHttpClient-1-2] DEBUG org.asynchttpclient.netty.handler.HttpHandler - 

Request DefaultHttpRequest(decodeResult: success, version: HTTP/1.1)
POST /session/af2cd4b97a74e13cf25fec772ccb91ae/element/42A7D602C2332A40627C8740CB4CEF57_element_66/click HTTP/1.1
User-Agent: selenium/4.8.2 (java windows)
Content-Length: 57
Content-Type: application/json; charset=utf-8
host: localhost:24411
accept: */*

Response DefaultHttpResponse(decodeResult: success, version: HTTP/1.1)
HTTP/1.1 200 OK
Content-Length: 14
Content-Type: application/json; charset=utf-8
cache-control: no-cache

13:37:15.119 [AsyncHttpClient-1-2] DEBUG org.asynchttpclient.netty.channel.ChannelManager - Adding key: http://localhost:24411 for channel [id: 0xbfa94523, L:/127.0.0.1:63659 - R:localhost/127.0.0.1:24411]
13:37:15.472 [AsyncHttpClient-1-1] DEBUG org.asynchttpclient.netty.channel.DefaultChannelPool - Entry count for : http://localhost:24411 : 1
13:37:16.574 [AsyncHttpClient-1-1] DEBUG org.asynchttpclient.netty.channel.DefaultChannelPool - Entry count for : http://localhost:24411 : 1
13:37:17.680 [AsyncHttpClient-1-1] DEBUG org.asynchttpclient.netty.channel.DefaultChannelPool - Entry count for : http://localhost:24411 : 1
13:37:18.803 [AsyncHttpClient-1-1] DEBUG org.asynchttpclient.netty.channel.DefaultChannelPool - Entry count for : http://localhost:24411 : 1
13:37:19.870 [AsyncHttpClient-1-1] DEBUG org.asynchttpclient.netty.channel.DefaultChannelPool - Entry count for : http://localhost:24411 : 1
13:37:20.984 [AsyncHttpClient-1-1] DEBUG org.asynchttpclient.netty.channel.DefaultChannelPool - Entry count for : http://localhost:24411 : 1
13:37:22.070 [AsyncHttpClient-1-1] DEBUG org.asynchttpclient.netty.channel.DefaultChannelPool - Entry count for : http://localhost:24411 : 1
13:37:23.184 [AsyncHttpClient-1-1] DEBUG org.asynchttpclient.netty.channel.DefaultChannelPool - Entry count for : http://localhost:24411 : 1
13:37:24.284 [AsyncHttpClient-1-1] DEBUG org.asynchttpclient.netty.channel.DefaultChannelPool - Entry count for : http://localhost:24411 : 1
13:37:25.371 [AsyncHttpClient-1-1] DEBUG org.asynchttpclient.netty.channel.DefaultChannelPool - Entry count for : http://localhost:24411 : 1
13:37:26.135 [Forwarding getCurrentUrl on session af2cd4b97a74e13cf25fec772ccb91ae to remote] DEBUG org.asynchttpclient.netty.request.NettyRequestSender - Using pooled Channel '[id: 0xbfa94523, L:/127.0.0.1:63659 - R:localhost/127.0.0.1:24411]' for 'GET' to 'http://localhost:24411/session/af2cd4b97a74e13cf25fec772ccb91ae/url'
13:37:26.135 [Forwarding getCurrentUrl on session af2cd4b97a74e13cf25fec772ccb91ae to remote] DEBUG org.asynchttpclient.netty.request.NettyRequestSender - Using open Channel [id: 0xbfa94523, L:/127.0.0.1:63659 - R:localhost/127.0.0.1:24411] for GET '/session/af2cd4b97a74e13cf25fec772ccb91ae/url'
13:37:26.932 [AsyncHttpClient-1-2] DEBUG org.asynchttpclient.netty.handler.HttpHandler - 

Request DefaultFullHttpRequest(decodeResult: success, version: HTTP/1.1, content: EmptyByteBufBE)
GET /session/af2cd4b97a74e13cf25fec772ccb91ae/url HTTP/1.1
User-Agent: selenium/4.8.2 (java windows)
Cache-Control: no-cache
Content-Type: application/json; charset=utf-8
host: localhost:24411
accept: */*

Response DefaultHttpResponse(decodeResult: success, version: HTTP/1.1)
HTTP/1.1 200 OK
Content-Length: 54
Content-Type: application/json; charset=utf-8
cache-control: no-cache

13:37:26.932 [AsyncHttpClient-1-2] DEBUG org.asynchttpclient.netty.channel.ChannelManager - Adding key: http://localhost:24411 for channel [id: 0xbfa94523, L:/127.0.0.1:63659 - R:localhost/127.0.0.1:24411]
13:37:27.574 [AsyncHttpClient-1-1] DEBUG org.asynchttpclient.netty.channel.DefaultChannelPool - Entry count for : http://localhost:24411 : 1
13:37:28.677 [AsyncHttpClient-1-1] DEBUG org.asynchttpclient.netty.channel.DefaultChannelPool - Entry count for : http://localhost:24411 : 1
13:37:29.771 [AsyncHttpClient-1-1] DEBUG org.asynchttpclient.netty.channel.DefaultChannelPool - Entry count for : http://localhost:24411 : 1
13:37:30.871 [AsyncHttpClient-1-1] DEBUG org.asynchttpclient.netty.channel.DefaultChannelPool - Entry count for : http://localhost:24411 : 1
13:37:31.973 [AsyncHttpClient-1-1] DEBUG org.asynchttpclient.netty.channel.DefaultChannelPool - Entry count for : http://localhost:24411 : 1
13:37:33.080 [AsyncHttpClient-1-1] DEBUG org.asynchttpclient.netty.channel.DefaultChannelPool - Entry count for : http://localhost:24411 : 1
13:37:34.170 [AsyncHttpClient-1-1] DEBUG org.asynchttpclient.netty.channel.DefaultChannelPool - Entry count for : http://localhost:24411 : 1
13:37:35.274 [AsyncHttpClient-1-1] DEBUG org.asynchttpclient.netty.channel.DefaultChannelPool - Entry count for : http://localhost:24411 : 1
13:37:36.375 [AsyncHttpClient-1-1] DEBUG org.asynchttpclient.netty.channel.DefaultChannelPool - Entry count for : http://localhost:24411 : 1
13:37:37.480 [AsyncHttpClient-1-1] DEBUG org.asynchttpclient.netty.channel.DefaultChannelPool - Entry count for : http://localhost:24411 : 1
13:37:38.574 [AsyncHttpClient-1-1] DEBUG org.asynchttpclient.netty.channel.DefaultChannelPool - Entry count for : http://localhost:24411 : 1
13:37:39.689 [AsyncHttpClient-1-1] DEBUG org.asynchttpclient.netty.channel.DefaultChannelPool - Entry count for : http://localhost:24411 : 1
13:37:40.773 [AsyncHttpClient-1-1] DEBUG org.asynchttpclient.netty.channel.DefaultChannelPool - Entry count for : http://localhost:24411 : 1
13:37:41.881 [AsyncHttpClient-1-1] DEBUG org.asynchttpclient.netty.channel.DefaultChannelPool - Entry count for : http://localhost:24411 : 1
13:37:42.974 [AsyncHttpClient-1-1] DEBUG org.asynchttpclient.netty.channel.DefaultChannelPool - Entry count for : http://localhost:24411 : 1
13:37:44.074 [AsyncHttpClient-1-1] DEBUG org.asynchttpclient.netty.channel.DefaultChannelPool - Entry count for : http://localhost:24411 : 1
13:37:45.174 [AsyncHttpClient-1-1] DEBUG org.asynchttpclient.netty.channel.DefaultChannelPool - Entry count for : http://localhost:24411 : 1
13:37:46.274 [AsyncHttpClient-1-1] DEBUG org.asynchttpclient.netty.channel.DefaultChannelPool - Entry count for : http://localhost:24411 : 1
13:37:47.370 [AsyncHttpClient-1-1] DEBUG org.asynchttpclient.netty.channel.DefaultChannelPool - Entry count for : http://localhost:24411 : 1
13:37:48.475 [AsyncHttpClient-1-1] DEBUG org.asynchttpclient.netty.channel.DefaultChannelPool - Entry count for : http://localhost:24411 : 1
13:37:48.950 [Forwarding findElement on session af2cd4b97a74e13cf25fec772ccb91ae to remote] DEBUG org.asynchttpclient.netty.request.NettyRequestSender - Using pooled Channel '[id: 0xbfa94523, L:/127.0.0.1:63659 - R:localhost/127.0.0.1:24411]' for 'POST' to 'http://localhost:24411/session/af2cd4b97a74e13cf25fec772ccb91ae/element'
13:37:48.950 [Forwarding findElement on session af2cd4b97a74e13cf25fec772ccb91ae to remote] DEBUG org.asynchttpclient.netty.request.NettyRequestSender - Using open Channel [id: 0xbfa94523, L:/127.0.0.1:63659 - R:localhost/127.0.0.1:24411] for POST '/session/af2cd4b97a74e13cf25fec772ccb91ae/element'
13:37:48.965 [AsyncHttpClient-1-2] DEBUG org.asynchttpclient.netty.handler.HttpHandler - 

Request DefaultHttpRequest(decodeResult: success, version: HTTP/1.1)
POST /session/af2cd4b97a74e13cf25fec772ccb91ae/element HTTP/1.1
User-Agent: selenium/4.8.2 (java windows)
Content-Length: 159
Content-Type: application/json; charset=utf-8
host: localhost:24411
accept: */*

Response DefaultHttpResponse(decodeResult: success, version: HTTP/1.1)
HTTP/1.1 200 OK
Content-Length: 95
Content-Type: application/json; charset=utf-8
cache-control: no-cache

13:37:48.965 [AsyncHttpClient-1-2] DEBUG org.asynchttpclient.netty.channel.ChannelManager - Adding key: http://localhost:24411 for channel [id: 0xbfa94523, L:/127.0.0.1:63659 - R:localhost/127.0.0.1:24411]
13:37:48.980 [Forwarding clickElement on session af2cd4b97a74e13cf25fec772ccb91ae to remote] DEBUG org.asynchttpclient.netty.request.NettyRequestSender - Using pooled Channel '[id: 0xbfa94523, L:/127.0.0.1:63659 - R:localhost/127.0.0.1:24411]' for 'POST' to 'http://localhost:24411/session/af2cd4b97a74e13cf25fec772ccb91ae/element/42A7D602C2332A40627C8740CB4CEF57_element_72/click'
13:37:48.980 [Forwarding clickElement on session af2cd4b97a74e13cf25fec772ccb91ae to remote] DEBUG org.asynchttpclient.netty.request.NettyRequestSender - Using open Channel [id: 0xbfa94523, L:/127.0.0.1:63659 - R:localhost/127.0.0.1:24411] for POST '/session/af2cd4b97a74e13cf25fec772ccb91ae/element/42A7D602C2332A40627C8740CB4CEF57_element_72/click'
13:37:49.064 [AsyncHttpClient-1-2] DEBUG org.asynchttpclient.netty.handler.HttpHandler - 

Request DefaultHttpRequest(decodeResult: success, version: HTTP/1.1)
POST /session/af2cd4b97a74e13cf25fec772ccb91ae/element/42A7D602C2332A40627C8740CB4CEF57_element_72/click HTTP/1.1
User-Agent: selenium/4.8.2 (java windows)
Content-Length: 57
Content-Type: application/json; charset=utf-8
host: localhost:24411
accept: */*

Response DefaultHttpResponse(decodeResult: success, version: HTTP/1.1)
HTTP/1.1 200 OK
Content-Length: 14
Content-Type: application/json; charset=utf-8
cache-control: no-cache

13:37:49.065 [AsyncHttpClient-1-2] DEBUG org.asynchttpclient.netty.channel.ChannelManager - Adding key: http://localhost:24411 for channel [id: 0xbfa94523, L:/127.0.0.1:63659 - R:localhost/127.0.0.1:24411]
13:37:49.571 [AsyncHttpClient-1-1] DEBUG org.asynchttpclient.netty.channel.DefaultChannelPool - Entry count for : http://localhost:24411 : 1
13:37:50.676 [AsyncHttpClient-1-1] DEBUG org.asynchttpclient.netty.channel.DefaultChannelPool - Entry count for : http://localhost:24411 : 1
13:37:51.772 [AsyncHttpClient-1-1] DEBUG org.asynchttpclient.netty.channel.DefaultChannelPool - Entry count for : http://localhost:24411 : 1
13:37:52.871 [AsyncHttpClient-1-1] DEBUG org.asynchttpclient.netty.channel.DefaultChannelPool - Entry count for : http://localhost:24411 : 1
13:37:53.981 [AsyncHttpClient-1-1] DEBUG org.asynchttpclient.netty.channel.DefaultChannelPool - Entry count for : http://localhost:24411 : 1
13:37:55.071 [AsyncHttpClient-1-1] DEBUG org.asynchttpclient.netty.channel.DefaultChannelPool - Entry count for : http://localhost:24411 : 1
13:37:56.171 [AsyncHttpClient-1-1] DEBUG org.asynchttpclient.netty.channel.DefaultChannelPool - Entry count for : http://localhost:24411 : 1
13:37:57.275 [AsyncHttpClient-1-1] DEBUG org.asynchttpclient.netty.channel.DefaultChannelPool - Entry count for : http://localhost:24411 : 1
13:37:58.371 [AsyncHttpClient-1-1] DEBUG org.asynchttpclient.netty.channel.DefaultChannelPool - Entry count for : http://localhost:24411 : 1
13:37:59.471 [AsyncHttpClient-1-1] DEBUG org.asynchttpclient.netty.channel.DefaultChannelPool - Entry count for : http://localhost:24411 : 1
13:38:00.074 [Forwarding getCurrentUrl on session af2cd4b97a74e13cf25fec772ccb91ae to remote] DEBUG org.asynchttpclient.netty.request.NettyRequestSender - Using pooled Channel '[id: 0xbfa94523, L:/127.0.0.1:63659 - R:localhost/127.0.0.1:24411]' for 'GET' to 'http://localhost:24411/session/af2cd4b97a74e13cf25fec772ccb91ae/url'
13:38:00.074 [Forwarding getCurrentUrl on session af2cd4b97a74e13cf25fec772ccb91ae to remote] DEBUG org.asynchttpclient.netty.request.NettyRequestSender - Using open Channel [id: 0xbfa94523, L:/127.0.0.1:63659 - R:localhost/127.0.0.1:24411] for GET '/session/af2cd4b97a74e13cf25fec772ccb91ae/url'
13:38:00.074 [AsyncHttpClient-1-2] DEBUG org.asynchttpclient.netty.handler.HttpHandler - 

Request DefaultFullHttpRequest(decodeResult: success, version: HTTP/1.1, content: EmptyByteBufBE)
GET /session/af2cd4b97a74e13cf25fec772ccb91ae/url HTTP/1.1
User-Agent: selenium/4.8.2 (java windows)
Cache-Control: no-cache
Content-Type: application/json; charset=utf-8
host: localhost:24411
accept: */*

Response DefaultHttpResponse(decodeResult: success, version: HTTP/1.1)
HTTP/1.1 200 OK
Content-Length: 54
Content-Type: application/json; charset=utf-8
cache-control: no-cache

13:38:00.074 [AsyncHttpClient-1-2] DEBUG org.asynchttpclient.netty.channel.ChannelManager - Adding key: http://localhost:24411 for channel [id: 0xbfa94523, L:/127.0.0.1:63659 - R:localhost/127.0.0.1:24411]
13:38:00.581 [AsyncHttpClient-1-1] DEBUG org.asynchttpclient.netty.channel.DefaultChannelPool - Entry count for : http://localhost:24411 : 1
13:38:01.674 [AsyncHttpClient-1-1] DEBUG org.asynchttpclient.netty.channel.DefaultChannelPool - Entry count for : http://localhost:24411 : 1
13:38:02.770 [AsyncHttpClient-1-1] DEBUG org.asynchttpclient.netty.channel.DefaultChannelPool - Entry count for : http://localhost:24411 : 1
13:38:03.871 [AsyncHttpClient-1-1] DEBUG org.asynchttpclient.netty.channel.DefaultChannelPool - Entry count for : http://localhost:24411 : 1
13:38:04.971 [AsyncHttpClient-1-1] DEBUG org.asynchttpclient.netty.channel.DefaultChannelPool - Entry count for : http://localhost:24411 : 1
13:38:06.081 [AsyncHttpClient-1-1] DEBUG org.asynchttpclient.netty.channel.DefaultChannelPool - Entry count for : http://localhost:24411 : 1
13:38:07.174 [AsyncHttpClient-1-1] DEBUG org.asynchttpclient.netty.channel.DefaultChannelPool - Entry count for : http://localhost:24411 : 1
13:38:08.281 [AsyncHttpClient-1-1] DEBUG org.asynchttpclient.netty.channel.DefaultChannelPool - Entry count for : http://localhost:24411 : 1
13:38:09.371 [AsyncHttpClient-1-1] DEBUG org.asynchttpclient.netty.channel.DefaultChannelPool - Entry count for : http://localhost:24411 : 1
13:38:10.480 [AsyncHttpClient-1-1] DEBUG org.asynchttpclient.netty.channel.DefaultChannelPool - Entry count for : http://localhost:24411 : 1
13:38:11.096 [Forwarding findElement on session af2cd4b97a74e13cf25fec772ccb91ae to remote] DEBUG org.asynchttpclient.netty.request.NettyRequestSender - Using pooled Channel '[id: 0xbfa94523, L:/127.0.0.1:63659 - R:localhost/127.0.0.1:24411]' for 'POST' to 'http://localhost:24411/session/af2cd4b97a74e13cf25fec772ccb91ae/element'
13:38:11.096 [Forwarding findElement on session af2cd4b97a74e13cf25fec772ccb91ae to remote] DEBUG org.asynchttpclient.netty.request.NettyRequestSender - Using open Channel [id: 0xbfa94523, L:/127.0.0.1:63659 - R:localhost/127.0.0.1:24411] for POST '/session/af2cd4b97a74e13cf25fec772ccb91ae/element'
13:38:11.111 [AsyncHttpClient-1-2] DEBUG org.asynchttpclient.netty.handler.HttpHandler - 

Request DefaultHttpRequest(decodeResult: success, version: HTTP/1.1)
POST /session/af2cd4b97a74e13cf25fec772ccb91ae/element HTTP/1.1
User-Agent: selenium/4.8.2 (java windows)
Content-Length: 176
Content-Type: application/json; charset=utf-8
host: localhost:24411
accept: */*

Response DefaultHttpResponse(decodeResult: success, version: HTTP/1.1)
HTTP/1.1 200 OK
Content-Length: 95
Content-Type: application/json; charset=utf-8
cache-control: no-cache

13:38:11.111 [AsyncHttpClient-1-2] DEBUG org.asynchttpclient.netty.channel.ChannelManager - Adding key: http://localhost:24411 for channel [id: 0xbfa94523, L:/127.0.0.1:63659 - R:localhost/127.0.0.1:24411]
13:38:11.111 [Forwarding clickElement on session af2cd4b97a74e13cf25fec772ccb91ae to remote] DEBUG org.asynchttpclient.netty.request.NettyRequestSender - Using pooled Channel '[id: 0xbfa94523, L:/127.0.0.1:63659 - R:localhost/127.0.0.1:24411]' for 'POST' to 'http://localhost:24411/session/af2cd4b97a74e13cf25fec772ccb91ae/element/42A7D602C2332A40627C8740CB4CEF57_element_81/click'
13:38:11.111 [Forwarding clickElement on session af2cd4b97a74e13cf25fec772ccb91ae to remote] DEBUG org.asynchttpclient.netty.request.NettyRequestSender - Using open Channel [id: 0xbfa94523, L:/127.0.0.1:63659 - R:localhost/127.0.0.1:24411] for POST '/session/af2cd4b97a74e13cf25fec772ccb91ae/element/42A7D602C2332A40627C8740CB4CEF57_element_81/click'
13:38:11.207 [AsyncHttpClient-1-2] DEBUG org.asynchttpclient.netty.handler.HttpHandler - 

Request DefaultHttpRequest(decodeResult: success, version: HTTP/1.1)
POST /session/af2cd4b97a74e13cf25fec772ccb91ae/element/42A7D602C2332A40627C8740CB4CEF57_element_81/click HTTP/1.1
User-Agent: selenium/4.8.2 (java windows)
Content-Length: 57
Content-Type: application/json; charset=utf-8
host: localhost:24411
accept: */*

Response DefaultHttpResponse(decodeResult: success, version: HTTP/1.1)
HTTP/1.1 200 OK
Content-Length: 14
Content-Type: application/json; charset=utf-8
cache-control: no-cache

13:38:11.207 [AsyncHttpClient-1-2] DEBUG org.asynchttpclient.netty.channel.ChannelManager - Adding key: http://localhost:24411 for channel [id: 0xbfa94523, L:/127.0.0.1:63659 - R:localhost/127.0.0.1:24411]
13:38:11.576 [AsyncHttpClient-1-1] DEBUG org.asynchttpclient.netty.channel.DefaultChannelPool - Entry count for : http://localhost:24411 : 1
13:38:12.680 [AsyncHttpClient-1-1] DEBUG org.asynchttpclient.netty.channel.DefaultChannelPool - Entry count for : http://localhost:24411 : 1
13:38:13.774 [AsyncHttpClient-1-1] DEBUG org.asynchttpclient.netty.channel.DefaultChannelPool - Entry count for : http://localhost:24411 : 1
13:38:14.883 [AsyncHttpClient-1-1] DEBUG org.asynchttpclient.netty.channel.DefaultChannelPool - Entry count for : http://localhost:24411 : 1
13:38:15.970 [AsyncHttpClient-1-1] DEBUG org.asynchttpclient.netty.channel.DefaultChannelPool - Entry count for : http://localhost:24411 : 1
13:38:17.074 [AsyncHttpClient-1-1] DEBUG org.asynchttpclient.netty.channel.DefaultChannelPool - Entry count for : http://localhost:24411 : 1
13:38:18.180 [AsyncHttpClient-1-1] DEBUG org.asynchttpclient.netty.channel.DefaultChannelPool - Entry count for : http://localhost:24411 : 1
13:38:19.271 [AsyncHttpClient-1-1] DEBUG org.asynchttpclient.netty.channel.DefaultChannelPool - Entry count for : http://localhost:24411 : 1
13:38:20.371 [AsyncHttpClient-1-1] DEBUG org.asynchttpclient.netty.channel.DefaultChannelPool - Entry count for : http://localhost:24411 : 1
13:38:21.474 [AsyncHttpClient-1-1] DEBUG org.asynchttpclient.netty.channel.DefaultChannelPool - Entry count for : http://localhost:24411 : 1
13:38:22.218 [Forwarding getCurrentUrl on session af2cd4b97a74e13cf25fec772ccb91ae to remote] DEBUG org.asynchttpclient.netty.request.NettyRequestSender - Using pooled Channel '[id: 0xbfa94523, L:/127.0.0.1:63659 - R:localhost/127.0.0.1:24411]' for 'GET' to 'http://localhost:24411/session/af2cd4b97a74e13cf25fec772ccb91ae/url'
13:38:22.218 [Forwarding getCurrentUrl on session af2cd4b97a74e13cf25fec772ccb91ae to remote] DEBUG org.asynchttpclient.netty.request.NettyRequestSender - Using open Channel [id: 0xbfa94523, L:/127.0.0.1:63659 - R:localhost/127.0.0.1:24411] for GET '/session/af2cd4b97a74e13cf25fec772ccb91ae/url'
13:38:22.218 [AsyncHttpClient-1-2] DEBUG org.asynchttpclient.netty.handler.HttpHandler - 

Request DefaultFullHttpRequest(decodeResult: success, version: HTTP/1.1, content: EmptyByteBufBE)
GET /session/af2cd4b97a74e13cf25fec772ccb91ae/url HTTP/1.1
User-Agent: selenium/4.8.2 (java windows)
Cache-Control: no-cache
Content-Type: application/json; charset=utf-8
host: localhost:24411
accept: */*

Response DefaultHttpResponse(decodeResult: success, version: HTTP/1.1)
HTTP/1.1 200 OK
Content-Length: 55
Content-Type: application/json; charset=utf-8
cache-control: no-cache

13:38:22.218 [AsyncHttpClient-1-2] DEBUG org.asynchttpclient.netty.channel.ChannelManager - Adding key: http://localhost:24411 for channel [id: 0xbfa94523, L:/127.0.0.1:63659 - R:localhost/127.0.0.1:24411]
13:38:22.580 [AsyncHttpClient-1-1] DEBUG org.asynchttpclient.netty.channel.DefaultChannelPool - Entry count for : http://localhost:24411 : 1
13:38:23.671 [AsyncHttpClient-1-1] DEBUG org.asynchttpclient.netty.channel.DefaultChannelPool - Entry count for : http://localhost:24411 : 1
13:38:24.780 [AsyncHttpClient-1-1] DEBUG org.asynchttpclient.netty.channel.DefaultChannelPool - Entry count for : http://localhost:24411 : 1
13:38:25.871 [AsyncHttpClient-1-1] DEBUG org.asynchttpclient.netty.channel.DefaultChannelPool - Entry count for : http://localhost:24411 : 1
13:38:26.971 [AsyncHttpClient-1-1] DEBUG org.asynchttpclient.netty.channel.DefaultChannelPool - Entry count for : http://localhost:24411 : 1
13:38:28.080 [AsyncHttpClient-1-1] DEBUG org.asynchttpclient.netty.channel.DefaultChannelPool - Entry count for : http://localhost:24411 : 1
13:38:29.171 [AsyncHttpClient-1-1] DEBUG org.asynchttpclient.netty.channel.DefaultChannelPool - Entry count for : http://localhost:24411 : 1
13:38:30.274 [AsyncHttpClient-1-1] DEBUG org.asynchttpclient.netty.channel.DefaultChannelPool - Entry count for : http://localhost:24411 : 1
13:38:31.375 [AsyncHttpClient-1-1] DEBUG org.asynchttpclient.netty.channel.DefaultChannelPool - Entry count for : http://localhost:24411 : 1
13:38:32.480 [AsyncHttpClient-1-1] DEBUG org.asynchttpclient.netty.channel.DefaultChannelPool - Entry count for : http://localhost:24411 : 1
13:38:33.237 [Forwarding findElement on session af2cd4b97a74e13cf25fec772ccb91ae to remote] DEBUG org.asynchttpclient.netty.request.NettyRequestSender - Using pooled Channel '[id: 0xbfa94523, L:/127.0.0.1:63659 - R:localhost/127.0.0.1:24411]' for 'POST' to 'http://localhost:24411/session/af2cd4b97a74e13cf25fec772ccb91ae/element'
13:38:33.237 [Forwarding findElement on session af2cd4b97a74e13cf25fec772ccb91ae to remote] DEBUG org.asynchttpclient.netty.request.NettyRequestSender - Using open Channel [id: 0xbfa94523, L:/127.0.0.1:63659 - R:localhost/127.0.0.1:24411] for POST '/session/af2cd4b97a74e13cf25fec772ccb91ae/element'
13:38:33.252 [AsyncHttpClient-1-2] DEBUG org.asynchttpclient.netty.handler.HttpHandler - 

Request DefaultHttpRequest(decodeResult: success, version: HTTP/1.1)
POST /session/af2cd4b97a74e13cf25fec772ccb91ae/element HTTP/1.1
User-Agent: selenium/4.8.2 (java windows)
Content-Length: 128
Content-Type: application/json; charset=utf-8
host: localhost:24411
accept: */*

Response DefaultHttpResponse(decodeResult: success, version: HTTP/1.1)
HTTP/1.1 200 OK
Content-Length: 95
Content-Type: application/json; charset=utf-8
cache-control: no-cache

13:38:33.252 [AsyncHttpClient-1-2] DEBUG org.asynchttpclient.netty.channel.ChannelManager - Adding key: http://localhost:24411 for channel [id: 0xbfa94523, L:/127.0.0.1:63659 - R:localhost/127.0.0.1:24411]
13:38:33.252 [Forwarding clickElement on session af2cd4b97a74e13cf25fec772ccb91ae to remote] DEBUG org.asynchttpclient.netty.request.NettyRequestSender - Using pooled Channel '[id: 0xbfa94523, L:/127.0.0.1:63659 - R:localhost/127.0.0.1:24411]' for 'POST' to 'http://localhost:24411/session/af2cd4b97a74e13cf25fec772ccb91ae/element/42A7D602C2332A40627C8740CB4CEF57_element_86/click'
13:38:33.252 [Forwarding clickElement on session af2cd4b97a74e13cf25fec772ccb91ae to remote] DEBUG org.asynchttpclient.netty.request.NettyRequestSender - Using open Channel [id: 0xbfa94523, L:/127.0.0.1:63659 - R:localhost/127.0.0.1:24411] for POST '/session/af2cd4b97a74e13cf25fec772ccb91ae/element/42A7D602C2332A40627C8740CB4CEF57_element_86/click'
13:38:33.360 [AsyncHttpClient-1-2] DEBUG org.asynchttpclient.netty.handler.HttpHandler - 

Request DefaultHttpRequest(decodeResult: success, version: HTTP/1.1)
POST /session/af2cd4b97a74e13cf25fec772ccb91ae/element/42A7D602C2332A40627C8740CB4CEF57_element_86/click HTTP/1.1
User-Agent: selenium/4.8.2 (java windows)
Content-Length: 57
Content-Type: application/json; charset=utf-8
host: localhost:24411
accept: */*

Response DefaultHttpResponse(decodeResult: success, version: HTTP/1.1)
HTTP/1.1 200 OK
Content-Length: 14
Content-Type: application/json; charset=utf-8
cache-control: no-cache

13:38:33.360 [AsyncHttpClient-1-2] DEBUG org.asynchttpclient.netty.channel.ChannelManager - Adding key: http://localhost:24411 for channel [id: 0xbfa94523, L:/127.0.0.1:63659 - R:localhost/127.0.0.1:24411]
13:38:33.571 [AsyncHttpClient-1-1] DEBUG org.asynchttpclient.netty.channel.DefaultChannelPool - Entry count for : http://localhost:24411 : 1
13:38:34.686 [AsyncHttpClient-1-1] DEBUG org.asynchttpclient.netty.channel.DefaultChannelPool - Entry count for : http://localhost:24411 : 1
13:38:35.771 [AsyncHttpClient-1-1] DEBUG org.asynchttpclient.netty.channel.DefaultChannelPool - Entry count for : http://localhost:24411 : 1
13:38:36.880 [AsyncHttpClient-1-1] DEBUG org.asynchttpclient.netty.channel.DefaultChannelPool - Entry count for : http://localhost:24411 : 1
13:38:37.971 [AsyncHttpClient-1-1] DEBUG org.asynchttpclient.netty.channel.DefaultChannelPool - Entry count for : http://localhost:24411 : 1
13:38:39.082 [AsyncHttpClient-1-1] DEBUG org.asynchttpclient.netty.channel.DefaultChannelPool - Entry count for : http://localhost:24411 : 1
13:38:40.174 [AsyncHttpClient-1-1] DEBUG org.asynchttpclient.netty.channel.DefaultChannelPool - Entry count for : http://localhost:24411 : 1
13:38:41.271 [AsyncHttpClient-1-1] DEBUG org.asynchttpclient.netty.channel.DefaultChannelPool - Entry count for : http://localhost:24411 : 1
13:38:42.374 [AsyncHttpClient-1-1] DEBUG org.asynchttpclient.netty.channel.DefaultChannelPool - Entry count for : http://localhost:24411 : 1
13:38:43.481 [AsyncHttpClient-1-1] DEBUG org.asynchttpclient.netty.channel.DefaultChannelPool - Entry count for : http://localhost:24411 : 1
13:38:44.374 [Forwarding getCurrentUrl on session af2cd4b97a74e13cf25fec772ccb91ae to remote] DEBUG org.asynchttpclient.netty.request.NettyRequestSender - Using pooled Channel '[id: 0xbfa94523, L:/127.0.0.1:63659 - R:localhost/127.0.0.1:24411]' for 'GET' to 'http://localhost:24411/session/af2cd4b97a74e13cf25fec772ccb91ae/url'
13:38:44.374 [Forwarding getCurrentUrl on session af2cd4b97a74e13cf25fec772ccb91ae to remote] DEBUG org.asynchttpclient.netty.request.NettyRequestSender - Using open Channel [id: 0xbfa94523, L:/127.0.0.1:63659 - R:localhost/127.0.0.1:24411] for GET '/session/af2cd4b97a74e13cf25fec772ccb91ae/url'
13:38:44.374 [AsyncHttpClient-1-2] DEBUG org.asynchttpclient.netty.handler.HttpHandler - 

Request DefaultFullHttpRequest(decodeResult: success, version: HTTP/1.1, content: EmptyByteBufBE)
GET /session/af2cd4b97a74e13cf25fec772ccb91ae/url HTTP/1.1
User-Agent: selenium/4.8.2 (java windows)
Cache-Control: no-cache
Content-Type: application/json; charset=utf-8
host: localhost:24411
accept: */*

Response DefaultHttpResponse(decodeResult: success, version: HTTP/1.1)
HTTP/1.1 200 OK
Content-Length: 61
Content-Type: application/json; charset=utf-8
cache-control: no-cache

13:38:44.389 [AsyncHttpClient-1-2] DEBUG org.asynchttpclient.netty.channel.ChannelManager - Adding key: http://localhost:24411 for channel [id: 0xbfa94523, L:/127.0.0.1:63659 - R:localhost/127.0.0.1:24411]
13:38:44.577 [AsyncHttpClient-1-1] DEBUG org.asynchttpclient.netty.channel.DefaultChannelPool - Entry count for : http://localhost:24411 : 1
13:38:45.671 [AsyncHttpClient-1-1] DEBUG org.asynchttpclient.netty.channel.DefaultChannelPool - Entry count for : http://localhost:24411 : 1
13:38:46.771 [AsyncHttpClient-1-1] DEBUG org.asynchttpclient.netty.channel.DefaultChannelPool - Entry count for : http://localhost:24411 : 1
13:38:47.881 [AsyncHttpClient-1-1] DEBUG org.asynchttpclient.netty.channel.DefaultChannelPool - Entry count for : http://localhost:24411 : 1
13:38:48.970 [AsyncHttpClient-1-1] DEBUG org.asynchttpclient.netty.channel.DefaultChannelPool - Entry count for : http://localhost:24411 : 1
13:38:50.075 [AsyncHttpClient-1-1] DEBUG org.asynchttpclient.netty.channel.DefaultChannelPool - Entry count for : http://localhost:24411 : 1
13:38:51.174 [AsyncHttpClient-1-1] DEBUG org.asynchttpclient.netty.channel.DefaultChannelPool - Entry count for : http://localhost:24411 : 1
13:38:52.271 [AsyncHttpClient-1-1] DEBUG org.asynchttpclient.netty.channel.DefaultChannelPool - Entry count for : http://localhost:24411 : 1
13:38:53.380 [AsyncHttpClient-1-1] DEBUG org.asynchttpclient.netty.channel.DefaultChannelPool - Entry count for : http://localhost:24411 : 1
13:38:54.470 [AsyncHttpClient-1-1] DEBUG org.asynchttpclient.netty.channel.DefaultChannelPool - Entry count for : http://localhost:24411 : 1
13:38:55.487 [Forwarding findElement on session af2cd4b97a74e13cf25fec772ccb91ae to remote] DEBUG org.asynchttpclient.netty.request.NettyRequestSender - Using pooled Channel '[id: 0xbfa94523, L:/127.0.0.1:63659 - R:localhost/127.0.0.1:24411]' for 'POST' to 'http://localhost:24411/session/af2cd4b97a74e13cf25fec772ccb91ae/element'
13:38:55.487 [Forwarding findElement on session af2cd4b97a74e13cf25fec772ccb91ae to remote] DEBUG org.asynchttpclient.netty.request.NettyRequestSender - Using open Channel [id: 0xbfa94523, L:/127.0.0.1:63659 - R:localhost/127.0.0.1:24411] for POST '/session/af2cd4b97a74e13cf25fec772ccb91ae/element'
13:38:55.502 [AsyncHttpClient-1-2] DEBUG org.asynchttpclient.netty.handler.HttpHandler - 

Request DefaultHttpRequest(decodeResult: success, version: HTTP/1.1)
POST /session/af2cd4b97a74e13cf25fec772ccb91ae/element HTTP/1.1
User-Agent: selenium/4.8.2 (java windows)
Content-Length: 128
Content-Type: application/json; charset=utf-8
host: localhost:24411
accept: */*

Response DefaultHttpResponse(decodeResult: success, version: HTTP/1.1)
HTTP/1.1 200 OK
Content-Length: 95
Content-Type: application/json; charset=utf-8
cache-control: no-cache

13:38:55.502 [AsyncHttpClient-1-2] DEBUG org.asynchttpclient.netty.channel.ChannelManager - Adding key: http://localhost:24411 for channel [id: 0xbfa94523, L:/127.0.0.1:63659 - R:localhost/127.0.0.1:24411]
13:38:55.502 [Forwarding clickElement on session af2cd4b97a74e13cf25fec772ccb91ae to remote] DEBUG org.asynchttpclient.netty.request.NettyRequestSender - Using pooled Channel '[id: 0xbfa94523, L:/127.0.0.1:63659 - R:localhost/127.0.0.1:24411]' for 'POST' to 'http://localhost:24411/session/af2cd4b97a74e13cf25fec772ccb91ae/element/42A7D602C2332A40627C8740CB4CEF57_element_93/click'
13:38:55.502 [Forwarding clickElement on session af2cd4b97a74e13cf25fec772ccb91ae to remote] DEBUG org.asynchttpclient.netty.request.NettyRequestSender - Using open Channel [id: 0xbfa94523, L:/127.0.0.1:63659 - R:localhost/127.0.0.1:24411] for POST '/session/af2cd4b97a74e13cf25fec772ccb91ae/element/42A7D602C2332A40627C8740CB4CEF57_element_93/click'
13:38:55.623 [AsyncHttpClient-1-2] DEBUG org.asynchttpclient.netty.handler.HttpHandler - 

Request DefaultHttpRequest(decodeResult: success, version: HTTP/1.1)
POST /session/af2cd4b97a74e13cf25fec772ccb91ae/element/42A7D602C2332A40627C8740CB4CEF57_element_93/click HTTP/1.1
User-Agent: selenium/4.8.2 (java windows)
Content-Length: 57
Content-Type: application/json; charset=utf-8
host: localhost:24411
accept: */*

Response DefaultHttpResponse(decodeResult: success, version: HTTP/1.1)
HTTP/1.1 200 OK
Content-Length: 14
Content-Type: application/json; charset=utf-8
cache-control: no-cache

13:38:55.624 [AsyncHttpClient-1-2] DEBUG org.asynchttpclient.netty.channel.ChannelManager - Adding key: http://localhost:24411 for channel [id: 0xbfa94523, L:/127.0.0.1:63659 - R:localhost/127.0.0.1:24411]
13:38:56.671 [AsyncHttpClient-1-1] DEBUG org.asynchttpclient.netty.channel.DefaultChannelPool - Entry count for : http://localhost:24411 : 1
13:38:57.780 [AsyncHttpClient-1-1] DEBUG org.asynchttpclient.netty.channel.DefaultChannelPool - Entry count for : http://localhost:24411 : 1
13:38:58.870 [AsyncHttpClient-1-1] DEBUG org.asynchttpclient.netty.channel.DefaultChannelPool - Entry count for : http://localhost:24411 : 1
13:38:59.971 [AsyncHttpClient-1-1] DEBUG org.asynchttpclient.netty.channel.DefaultChannelPool - Entry count for : http://localhost:24411 : 1
13:39:01.071 [AsyncHttpClient-1-1] DEBUG org.asynchttpclient.netty.channel.DefaultChannelPool - Entry count for : http://localhost:24411 : 1
13:39:02.171 [AsyncHttpClient-1-1] DEBUG org.asynchttpclient.netty.channel.DefaultChannelPool - Entry count for : http://localhost:24411 : 1
13:39:03.280 [AsyncHttpClient-1-1] DEBUG org.asynchttpclient.netty.channel.DefaultChannelPool - Entry count for : http://localhost:24411 : 1
13:39:04.377 [AsyncHttpClient-1-1] DEBUG org.asynchttpclient.netty.channel.DefaultChannelPool - Entry count for : http://localhost:24411 : 1
13:39:05.474 [AsyncHttpClient-1-1] DEBUG org.asynchttpclient.netty.channel.DefaultChannelPool - Entry count for : http://localhost:24411 : 1
13:39:06.580 [AsyncHttpClient-1-1] DEBUG org.asynchttpclient.netty.channel.DefaultChannelPool - Entry count for : http://localhost:24411 : 1
13:39:06.628 [Forwarding getCurrentUrl on session af2cd4b97a74e13cf25fec772ccb91ae to remote] DEBUG org.asynchttpclient.netty.request.NettyRequestSender - Using pooled Channel '[id: 0xbfa94523, L:/127.0.0.1:63659 - R:localhost/127.0.0.1:24411]' for 'GET' to 'http://localhost:24411/session/af2cd4b97a74e13cf25fec772ccb91ae/url'
13:39:06.628 [Forwarding getCurrentUrl on session af2cd4b97a74e13cf25fec772ccb91ae to remote] DEBUG org.asynchttpclient.netty.request.NettyRequestSender - Using open Channel [id: 0xbfa94523, L:/127.0.0.1:63659 - R:localhost/127.0.0.1:24411] for GET '/session/af2cd4b97a74e13cf25fec772ccb91ae/url'
13:39:06.643 [AsyncHttpClient-1-2] DEBUG org.asynchttpclient.netty.handler.HttpHandler - 

Request DefaultFullHttpRequest(decodeResult: success, version: HTTP/1.1, content: EmptyByteBufBE)
GET /session/af2cd4b97a74e13cf25fec772ccb91ae/url HTTP/1.1
User-Agent: selenium/4.8.2 (java windows)
Cache-Control: no-cache
Content-Type: application/json; charset=utf-8
host: localhost:24411
accept: */*

Response DefaultHttpResponse(decodeResult: success, version: HTTP/1.1)
HTTP/1.1 200 OK
Content-Length: 57
Content-Type: application/json; charset=utf-8
cache-control: no-cache

13:39:06.643 [AsyncHttpClient-1-2] DEBUG org.asynchttpclient.netty.channel.ChannelManager - Adding key: http://localhost:24411 for channel [id: 0xbfa94523, L:/127.0.0.1:63659 - R:localhost/127.0.0.1:24411]
13:39:07.670 [AsyncHttpClient-1-1] DEBUG org.asynchttpclient.netty.channel.DefaultChannelPool - Entry count for : http://localhost:24411 : 1
13:39:08.771 [AsyncHttpClient-1-1] DEBUG org.asynchttpclient.netty.channel.DefaultChannelPool - Entry count for : http://localhost:24411 : 1
13:39:09.877 [AsyncHttpClient-1-1] DEBUG org.asynchttpclient.netty.channel.DefaultChannelPool - Entry count for : http://localhost:24411 : 1
13:39:10.980 [AsyncHttpClient-1-1] DEBUG org.asynchttpclient.netty.channel.DefaultChannelPool - Entry count for : http://localhost:24411 : 1
13:39:12.096 [AsyncHttpClient-1-1] DEBUG org.asynchttpclient.netty.channel.DefaultChannelPool - Entry count for : http://localhost:24411 : 1
13:39:13.181 [AsyncHttpClient-1-1] DEBUG org.asynchttpclient.netty.channel.DefaultChannelPool - Entry count for : http://localhost:24411 : 1
13:39:14.271 [AsyncHttpClient-1-1] DEBUG org.asynchttpclient.netty.channel.DefaultChannelPool - Entry count for : http://localhost:24411 : 1
13:39:15.370 [AsyncHttpClient-1-1] DEBUG org.asynchttpclient.netty.channel.DefaultChannelPool - Entry count for : http://localhost:24411 : 1
13:39:16.471 [AsyncHttpClient-1-1] DEBUG org.asynchttpclient.netty.channel.DefaultChannelPool - Entry count for : http://localhost:24411 : 1
13:39:17.571 [AsyncHttpClient-1-1] DEBUG org.asynchttpclient.netty.channel.DefaultChannelPool - Entry count for : http://localhost:24411 : 1
13:39:17.667 [Forwarding findElement on session af2cd4b97a74e13cf25fec772ccb91ae to remote] DEBUG org.asynchttpclient.netty.request.NettyRequestSender - Using pooled Channel '[id: 0xbfa94523, L:/127.0.0.1:63659 - R:localhost/127.0.0.1:24411]' for 'POST' to 'http://localhost:24411/session/af2cd4b97a74e13cf25fec772ccb91ae/element'
13:39:17.667 [Forwarding findElement on session af2cd4b97a74e13cf25fec772ccb91ae to remote] DEBUG org.asynchttpclient.netty.request.NettyRequestSender - Using open Channel [id: 0xbfa94523, L:/127.0.0.1:63659 - R:localhost/127.0.0.1:24411] for POST '/session/af2cd4b97a74e13cf25fec772ccb91ae/element'
13:39:17.687 [AsyncHttpClient-1-2] DEBUG org.asynchttpclient.netty.handler.HttpHandler - 

Request DefaultHttpRequest(decodeResult: success, version: HTTP/1.1)
POST /session/af2cd4b97a74e13cf25fec772ccb91ae/element HTTP/1.1
User-Agent: selenium/4.8.2 (java windows)
Content-Length: 128
Content-Type: application/json; charset=utf-8
host: localhost:24411
accept: */*

Response DefaultHttpResponse(decodeResult: success, version: HTTP/1.1)
HTTP/1.1 200 OK
Content-Length: 96
Content-Type: application/json; charset=utf-8
cache-control: no-cache

13:39:17.687 [AsyncHttpClient-1-2] DEBUG org.asynchttpclient.netty.channel.ChannelManager - Adding key: http://localhost:24411 for channel [id: 0xbfa94523, L:/127.0.0.1:63659 - R:localhost/127.0.0.1:24411]
13:39:17.687 [Forwarding clickElement on session af2cd4b97a74e13cf25fec772ccb91ae to remote] DEBUG org.asynchttpclient.netty.request.NettyRequestSender - Using pooled Channel '[id: 0xbfa94523, L:/127.0.0.1:63659 - R:localhost/127.0.0.1:24411]' for 'POST' to 'http://localhost:24411/session/af2cd4b97a74e13cf25fec772ccb91ae/element/42A7D602C2332A40627C8740CB4CEF57_element_104/click'
13:39:17.687 [Forwarding clickElement on session af2cd4b97a74e13cf25fec772ccb91ae to remote] DEBUG org.asynchttpclient.netty.request.NettyRequestSender - Using open Channel [id: 0xbfa94523, L:/127.0.0.1:63659 - R:localhost/127.0.0.1:24411] for POST '/session/af2cd4b97a74e13cf25fec772ccb91ae/element/42A7D602C2332A40627C8740CB4CEF57_element_104/click'
13:39:17.784 [AsyncHttpClient-1-2] DEBUG org.asynchttpclient.netty.handler.HttpHandler - 

Request DefaultHttpRequest(decodeResult: success, version: HTTP/1.1)
POST /session/af2cd4b97a74e13cf25fec772ccb91ae/element/42A7D602C2332A40627C8740CB4CEF57_element_104/click HTTP/1.1
User-Agent: selenium/4.8.2 (java windows)
Content-Length: 58
Content-Type: application/json; charset=utf-8
host: localhost:24411
accept: */*

Response DefaultHttpResponse(decodeResult: success, version: HTTP/1.1)
HTTP/1.1 200 OK
Content-Length: 14
Content-Type: application/json; charset=utf-8
cache-control: no-cache

13:39:17.784 [AsyncHttpClient-1-2] DEBUG org.asynchttpclient.netty.channel.ChannelManager - Adding key: http://localhost:24411 for channel [id: 0xbfa94523, L:/127.0.0.1:63659 - R:localhost/127.0.0.1:24411]
13:39:18.684 [AsyncHttpClient-1-1] DEBUG org.asynchttpclient.netty.channel.DefaultChannelPool - Entry count for : http://localhost:24411 : 1
13:39:19.787 [AsyncHttpClient-1-1] DEBUG org.asynchttpclient.netty.channel.DefaultChannelPool - Entry count for : http://localhost:24411 : 1
13:39:20.871 [AsyncHttpClient-1-1] DEBUG org.asynchttpclient.netty.channel.DefaultChannelPool - Entry count for : http://localhost:24411 : 1
13:39:21.970 [AsyncHttpClient-1-1] DEBUG org.asynchttpclient.netty.channel.DefaultChannelPool - Entry count for : http://localhost:24411 : 1
13:39:23.079 [AsyncHttpClient-1-1] DEBUG org.asynchttpclient.netty.channel.DefaultChannelPool - Entry count for : http://localhost:24411 : 1
13:39:24.178 [AsyncHttpClient-1-1] DEBUG org.asynchttpclient.netty.channel.DefaultChannelPool - Entry count for : http://localhost:24411 : 1
13:39:25.271 [AsyncHttpClient-1-1] DEBUG org.asynchttpclient.netty.channel.DefaultChannelPool - Entry count for : http://localhost:24411 : 1
13:39:26.381 [AsyncHttpClient-1-1] DEBUG org.asynchttpclient.netty.channel.DefaultChannelPool - Entry count for : http://localhost:24411 : 1
13:39:27.474 [AsyncHttpClient-1-1] DEBUG org.asynchttpclient.netty.channel.DefaultChannelPool - Entry count for : http://localhost:24411 : 1
13:39:28.581 [AsyncHttpClient-1-1] DEBUG org.asynchttpclient.netty.channel.DefaultChannelPool - Entry count for : http://localhost:24411 : 1
13:39:28.787 [Forwarding getCurrentUrl on session af2cd4b97a74e13cf25fec772ccb91ae to remote] DEBUG org.asynchttpclient.netty.request.NettyRequestSender - Using pooled Channel '[id: 0xbfa94523, L:/127.0.0.1:63659 - R:localhost/127.0.0.1:24411]' for 'GET' to 'http://localhost:24411/session/af2cd4b97a74e13cf25fec772ccb91ae/url'
13:39:28.787 [Forwarding getCurrentUrl on session af2cd4b97a74e13cf25fec772ccb91ae to remote] DEBUG org.asynchttpclient.netty.request.NettyRequestSender - Using open Channel [id: 0xbfa94523, L:/127.0.0.1:63659 - R:localhost/127.0.0.1:24411] for GET '/session/af2cd4b97a74e13cf25fec772ccb91ae/url'
13:39:28.787 [AsyncHttpClient-1-2] DEBUG org.asynchttpclient.netty.handler.HttpHandler - 

Request DefaultFullHttpRequest(decodeResult: success, version: HTTP/1.1, content: EmptyByteBufBE)
GET /session/af2cd4b97a74e13cf25fec772ccb91ae/url HTTP/1.1
User-Agent: selenium/4.8.2 (java windows)
Cache-Control: no-cache
Content-Type: application/json; charset=utf-8
host: localhost:24411
accept: */*

Response DefaultHttpResponse(decodeResult: success, version: HTTP/1.1)
HTTP/1.1 200 OK
Content-Length: 58
Content-Type: application/json; charset=utf-8
cache-control: no-cache

13:39:28.787 [AsyncHttpClient-1-2] DEBUG org.asynchttpclient.netty.channel.ChannelManager - Adding key: http://localhost:24411 for channel [id: 0xbfa94523, L:/127.0.0.1:63659 - R:localhost/127.0.0.1:24411]
13:39:29.670 [AsyncHttpClient-1-1] DEBUG org.asynchttpclient.netty.channel.DefaultChannelPool - Entry count for : http://localhost:24411 : 1
13:39:30.774 [AsyncHttpClient-1-1] DEBUG org.asynchttpclient.netty.channel.DefaultChannelPool - Entry count for : http://localhost:24411 : 1
13:39:31.880 [AsyncHttpClient-1-1] DEBUG org.asynchttpclient.netty.channel.DefaultChannelPool - Entry count for : http://localhost:24411 : 1
13:39:32.971 [AsyncHttpClient-1-1] DEBUG org.asynchttpclient.netty.channel.DefaultChannelPool - Entry count for : http://localhost:24411 : 1
13:39:34.075 [AsyncHttpClient-1-1] DEBUG org.asynchttpclient.netty.channel.DefaultChannelPool - Entry count for : http://localhost:24411 : 1
13:39:35.180 [AsyncHttpClient-1-1] DEBUG org.asynchttpclient.netty.channel.DefaultChannelPool - Entry count for : http://localhost:24411 : 1
13:39:36.283 [AsyncHttpClient-1-1] DEBUG org.asynchttpclient.netty.channel.DefaultChannelPool - Entry count for : http://localhost:24411 : 1
13:39:37.371 [AsyncHttpClient-1-1] DEBUG org.asynchttpclient.netty.channel.DefaultChannelPool - Entry count for : http://localhost:24411 : 1
13:39:38.483 [AsyncHttpClient-1-1] DEBUG org.asynchttpclient.netty.channel.DefaultChannelPool - Entry count for : http://localhost:24411 : 1
13:39:39.570 [AsyncHttpClient-1-1] DEBUG org.asynchttpclient.netty.channel.DefaultChannelPool - Entry count for : http://localhost:24411 : 1
13:39:39.805 [Forwarding findElement on session af2cd4b97a74e13cf25fec772ccb91ae to remote] DEBUG org.asynchttpclient.netty.request.NettyRequestSender - Using pooled Channel '[id: 0xbfa94523, L:/127.0.0.1:63659 - R:localhost/127.0.0.1:24411]' for 'POST' to 'http://localhost:24411/session/af2cd4b97a74e13cf25fec772ccb91ae/element'
13:39:39.805 [Forwarding findElement on session af2cd4b97a74e13cf25fec772ccb91ae to remote] DEBUG org.asynchttpclient.netty.request.NettyRequestSender - Using open Channel [id: 0xbfa94523, L:/127.0.0.1:63659 - R:localhost/127.0.0.1:24411] for POST '/session/af2cd4b97a74e13cf25fec772ccb91ae/element'
13:39:39.820 [AsyncHttpClient-1-2] DEBUG org.asynchttpclient.netty.handler.HttpHandler - 

Request DefaultHttpRequest(decodeResult: success, version: HTTP/1.1)
POST /session/af2cd4b97a74e13cf25fec772ccb91ae/element HTTP/1.1
User-Agent: selenium/4.8.2 (java windows)
Content-Length: 131
Content-Type: application/json; charset=utf-8
host: localhost:24411
accept: */*

Response DefaultHttpResponse(decodeResult: success, version: HTTP/1.1)
HTTP/1.1 200 OK
Content-Length: 96
Content-Type: application/json; charset=utf-8
cache-control: no-cache

13:39:39.820 [AsyncHttpClient-1-2] DEBUG org.asynchttpclient.netty.channel.ChannelManager - Adding key: http://localhost:24411 for channel [id: 0xbfa94523, L:/127.0.0.1:63659 - R:localhost/127.0.0.1:24411]
13:39:39.820 [Forwarding clickElement on session af2cd4b97a74e13cf25fec772ccb91ae to remote] DEBUG org.asynchttpclient.netty.request.NettyRequestSender - Using pooled Channel '[id: 0xbfa94523, L:/127.0.0.1:63659 - R:localhost/127.0.0.1:24411]' for 'POST' to 'http://localhost:24411/session/af2cd4b97a74e13cf25fec772ccb91ae/element/42A7D602C2332A40627C8740CB4CEF57_element_109/click'
13:39:39.820 [Forwarding clickElement on session af2cd4b97a74e13cf25fec772ccb91ae to remote] DEBUG org.asynchttpclient.netty.request.NettyRequestSender - Using open Channel [id: 0xbfa94523, L:/127.0.0.1:63659 - R:localhost/127.0.0.1:24411] for POST '/session/af2cd4b97a74e13cf25fec772ccb91ae/element/42A7D602C2332A40627C8740CB4CEF57_element_109/click'
13:39:39.988 [AsyncHttpClient-1-2] DEBUG org.asynchttpclient.netty.handler.HttpHandler - 

Request DefaultHttpRequest(decodeResult: success, version: HTTP/1.1)
POST /session/af2cd4b97a74e13cf25fec772ccb91ae/element/42A7D602C2332A40627C8740CB4CEF57_element_109/click HTTP/1.1
User-Agent: selenium/4.8.2 (java windows)
Content-Length: 58
Content-Type: application/json; charset=utf-8
host: localhost:24411
accept: */*

Response DefaultHttpResponse(decodeResult: success, version: HTTP/1.1)
HTTP/1.1 200 OK
Content-Length: 14
Content-Type: application/json; charset=utf-8
cache-control: no-cache

13:39:39.988 [AsyncHttpClient-1-2] DEBUG org.asynchttpclient.netty.channel.ChannelManager - Adding key: http://localhost:24411 for channel [id: 0xbfa94523, L:/127.0.0.1:63659 - R:localhost/127.0.0.1:24411]
13:39:40.674 [AsyncHttpClient-1-1] DEBUG org.asynchttpclient.netty.channel.DefaultChannelPool - Entry count for : http://localhost:24411 : 1
13:39:41.771 [AsyncHttpClient-1-1] DEBUG org.asynchttpclient.netty.channel.DefaultChannelPool - Entry count for : http://localhost:24411 : 1
13:39:42.871 [AsyncHttpClient-1-1] DEBUG org.asynchttpclient.netty.channel.DefaultChannelPool - Entry count for : http://localhost:24411 : 1
13:39:43.970 [AsyncHttpClient-1-1] DEBUG org.asynchttpclient.netty.channel.DefaultChannelPool - Entry count for : http://localhost:24411 : 1
13:39:45.074 [AsyncHttpClient-1-1] DEBUG org.asynchttpclient.netty.channel.DefaultChannelPool - Entry count for : http://localhost:24411 : 1
13:39:46.171 [AsyncHttpClient-1-1] DEBUG org.asynchttpclient.netty.channel.DefaultChannelPool - Entry count for : http://localhost:24411 : 1
13:39:47.271 [AsyncHttpClient-1-1] DEBUG org.asynchttpclient.netty.channel.DefaultChannelPool - Entry count for : http://localhost:24411 : 1
13:39:48.371 [AsyncHttpClient-1-1] DEBUG org.asynchttpclient.netty.channel.DefaultChannelPool - Entry count for : http://localhost:24411 : 1
13:39:49.470 [AsyncHttpClient-1-1] DEBUG org.asynchttpclient.netty.channel.DefaultChannelPool - Entry count for : http://localhost:24411 : 1
13:39:50.575 [AsyncHttpClient-1-1] DEBUG org.asynchttpclient.netty.channel.DefaultChannelPool - Entry count for : http://localhost:24411 : 1
13:39:51.003 [Forwarding getCurrentUrl on session af2cd4b97a74e13cf25fec772ccb91ae to remote] DEBUG org.asynchttpclient.netty.request.NettyRequestSender - Using pooled Channel '[id: 0xbfa94523, L:/127.0.0.1:63659 - R:localhost/127.0.0.1:24411]' for 'GET' to 'http://localhost:24411/session/af2cd4b97a74e13cf25fec772ccb91ae/url'
13:39:51.003 [Forwarding getCurrentUrl on session af2cd4b97a74e13cf25fec772ccb91ae to remote] DEBUG org.asynchttpclient.netty.request.NettyRequestSender - Using open Channel [id: 0xbfa94523, L:/127.0.0.1:63659 - R:localhost/127.0.0.1:24411] for GET '/session/af2cd4b97a74e13cf25fec772ccb91ae/url'
13:39:51.003 [AsyncHttpClient-1-2] DEBUG org.asynchttpclient.netty.handler.HttpHandler - 

Request DefaultFullHttpRequest(decodeResult: success, version: HTTP/1.1, content: EmptyByteBufBE)
GET /session/af2cd4b97a74e13cf25fec772ccb91ae/url HTTP/1.1
User-Agent: selenium/4.8.2 (java windows)
Cache-Control: no-cache
Content-Type: application/json; charset=utf-8
host: localhost:24411
accept: */*

Response DefaultHttpResponse(decodeResult: success, version: HTTP/1.1)
HTTP/1.1 200 OK
Content-Length: 49
Content-Type: application/json; charset=utf-8
cache-control: no-cache

13:39:51.003 [AsyncHttpClient-1-2] DEBUG org.asynchttpclient.netty.channel.ChannelManager - Adding key: http://localhost:24411 for channel [id: 0xbfa94523, L:/127.0.0.1:63659 - R:localhost/127.0.0.1:24411]
13:39:51.672 [AsyncHttpClient-1-1] DEBUG org.asynchttpclient.netty.channel.DefaultChannelPool - Entry count for : http://localhost:24411 : 1
13:39:52.774 [AsyncHttpClient-1-1] DEBUG org.asynchttpclient.netty.channel.DefaultChannelPool - Entry count for : http://localhost:24411 : 1
13:39:53.874 [AsyncHttpClient-1-1] DEBUG org.asynchttpclient.netty.channel.DefaultChannelPool - Entry count for : http://localhost:24411 : 1
13:39:54.981 [AsyncHttpClient-1-1] DEBUG org.asynchttpclient.netty.channel.DefaultChannelPool - Entry count for : http://localhost:24411 : 1
13:39:56.080 [AsyncHttpClient-1-1] DEBUG org.asynchttpclient.netty.channel.DefaultChannelPool - Entry count for : http://localhost:24411 : 1
13:39:57.171 [AsyncHttpClient-1-1] DEBUG org.asynchttpclient.netty.channel.DefaultChannelPool - Entry count for : http://localhost:24411 : 1
13:39:58.271 [AsyncHttpClient-1-1] DEBUG org.asynchttpclient.netty.channel.DefaultChannelPool - Entry count for : http://localhost:24411 : 1
13:39:59.374 [AsyncHttpClient-1-1] DEBUG org.asynchttpclient.netty.channel.DefaultChannelPool - Entry count for : http://localhost:24411 : 1
13:40:00.471 [AsyncHttpClient-1-1] DEBUG org.asynchttpclient.netty.channel.DefaultChannelPool - Entry count for : http://localhost:24411 : 1
13:40:01.575 [AsyncHttpClient-1-1] DEBUG org.asynchttpclient.netty.channel.DefaultChannelPool - Entry count for : http://localhost:24411 : 1
13:40:02.049 [Forwarding findElement on session af2cd4b97a74e13cf25fec772ccb91ae to remote] DEBUG org.asynchttpclient.netty.request.NettyRequestSender - Using pooled Channel '[id: 0xbfa94523, L:/127.0.0.1:63659 - R:localhost/127.0.0.1:24411]' for 'POST' to 'http://localhost:24411/session/af2cd4b97a74e13cf25fec772ccb91ae/element'
13:40:02.049 [Forwarding findElement on session af2cd4b97a74e13cf25fec772ccb91ae to remote] DEBUG org.asynchttpclient.netty.request.NettyRequestSender - Using open Channel [id: 0xbfa94523, L:/127.0.0.1:63659 - R:localhost/127.0.0.1:24411] for POST '/session/af2cd4b97a74e13cf25fec772ccb91ae/element'
13:40:02.064 [AsyncHttpClient-1-2] DEBUG org.asynchttpclient.netty.handler.HttpHandler - 

Request DefaultHttpRequest(decodeResult: success, version: HTTP/1.1)
POST /session/af2cd4b97a74e13cf25fec772ccb91ae/element HTTP/1.1
User-Agent: selenium/4.8.2 (java windows)
Content-Length: 126
Content-Type: application/json; charset=utf-8
host: localhost:24411
accept: */*

Response DefaultHttpResponse(decodeResult: success, version: HTTP/1.1)
HTTP/1.1 200 OK
Content-Length: 96
Content-Type: application/json; charset=utf-8
cache-control: no-cache

13:40:02.064 [AsyncHttpClient-1-2] DEBUG org.asynchttpclient.netty.channel.ChannelManager - Adding key: http://localhost:24411 for channel [id: 0xbfa94523, L:/127.0.0.1:63659 - R:localhost/127.0.0.1:24411]
13:40:02.064 [Forwarding clickElement on session af2cd4b97a74e13cf25fec772ccb91ae to remote] DEBUG org.asynchttpclient.netty.request.NettyRequestSender - Using pooled Channel '[id: 0xbfa94523, L:/127.0.0.1:63659 - R:localhost/127.0.0.1:24411]' for 'POST' to 'http://localhost:24411/session/af2cd4b97a74e13cf25fec772ccb91ae/element/42A7D602C2332A40627C8740CB4CEF57_element_116/click'
13:40:02.064 [Forwarding clickElement on session af2cd4b97a74e13cf25fec772ccb91ae to remote] DEBUG org.asynchttpclient.netty.request.NettyRequestSender - Using open Channel [id: 0xbfa94523, L:/127.0.0.1:63659 - R:localhost/127.0.0.1:24411] for POST '/session/af2cd4b97a74e13cf25fec772ccb91ae/element/42A7D602C2332A40627C8740CB4CEF57_element_116/click'
13:40:02.163 [AsyncHttpClient-1-2] DEBUG org.asynchttpclient.netty.handler.HttpHandler - 

Request DefaultHttpRequest(decodeResult: success, version: HTTP/1.1)
POST /session/af2cd4b97a74e13cf25fec772ccb91ae/element/42A7D602C2332A40627C8740CB4CEF57_element_116/click HTTP/1.1
User-Agent: selenium/4.8.2 (java windows)
Content-Length: 58
Content-Type: application/json; charset=utf-8
host: localhost:24411
accept: */*

Response DefaultHttpResponse(decodeResult: success, version: HTTP/1.1)
HTTP/1.1 200 OK
Content-Length: 14
Content-Type: application/json; charset=utf-8
cache-control: no-cache

13:40:02.163 [AsyncHttpClient-1-2] DEBUG org.asynchttpclient.netty.channel.ChannelManager - Adding key: http://localhost:24411 for channel [id: 0xbfa94523, L:/127.0.0.1:63659 - R:localhost/127.0.0.1:24411]
13:40:02.680 [AsyncHttpClient-1-1] DEBUG org.asynchttpclient.netty.channel.DefaultChannelPool - Entry count for : http://localhost:24411 : 1
13:40:03.771 [AsyncHttpClient-1-1] DEBUG org.asynchttpclient.netty.channel.DefaultChannelPool - Entry count for : http://localhost:24411 : 1
13:40:04.874 [AsyncHttpClient-1-1] DEBUG org.asynchttpclient.netty.channel.DefaultChannelPool - Entry count for : http://localhost:24411 : 1
13:40:05.975 [AsyncHttpClient-1-1] DEBUG org.asynchttpclient.netty.channel.DefaultChannelPool - Entry count for : http://localhost:24411 : 1
13:40:07.071 [AsyncHttpClient-1-1] DEBUG org.asynchttpclient.netty.channel.DefaultChannelPool - Entry count for : http://localhost:24411 : 1
13:40:08.170 [AsyncHttpClient-1-1] DEBUG org.asynchttpclient.netty.channel.DefaultChannelPool - Entry count for : http://localhost:24411 : 1
13:40:09.290 [AsyncHttpClient-1-1] DEBUG org.asynchttpclient.netty.channel.DefaultChannelPool - Entry count for : http://localhost:24411 : 1
13:40:10.374 [AsyncHttpClient-1-1] DEBUG org.asynchttpclient.netty.channel.DefaultChannelPool - Entry count for : http://localhost:24411 : 1
13:40:11.474 [AsyncHttpClient-1-1] DEBUG org.asynchttpclient.netty.channel.DefaultChannelPool - Entry count for : http://localhost:24411 : 1
13:40:12.571 [AsyncHttpClient-1-1] DEBUG org.asynchttpclient.netty.channel.DefaultChannelPool - Entry count for : http://localhost:24411 : 1
13:40:13.167 [Forwarding getCurrentUrl on session af2cd4b97a74e13cf25fec772ccb91ae to remote] DEBUG org.asynchttpclient.netty.request.NettyRequestSender - Using pooled Channel '[id: 0xbfa94523, L:/127.0.0.1:63659 - R:localhost/127.0.0.1:24411]' for 'GET' to 'http://localhost:24411/session/af2cd4b97a74e13cf25fec772ccb91ae/url'
13:40:13.167 [Forwarding getCurrentUrl on session af2cd4b97a74e13cf25fec772ccb91ae to remote] DEBUG org.asynchttpclient.netty.request.NettyRequestSender - Using open Channel [id: 0xbfa94523, L:/127.0.0.1:63659 - R:localhost/127.0.0.1:24411] for GET '/session/af2cd4b97a74e13cf25fec772ccb91ae/url'
13:40:13.170 [AsyncHttpClient-1-2] DEBUG org.asynchttpclient.netty.handler.HttpHandler - 

Request DefaultFullHttpRequest(decodeResult: success, version: HTTP/1.1, content: EmptyByteBufBE)
GET /session/af2cd4b97a74e13cf25fec772ccb91ae/url HTTP/1.1
User-Agent: selenium/4.8.2 (java windows)
Cache-Control: no-cache
Content-Type: application/json; charset=utf-8
host: localhost:24411
accept: */*

Response DefaultHttpResponse(decodeResult: success, version: HTTP/1.1)
HTTP/1.1 200 OK
Content-Length: 57
Content-Type: application/json; charset=utf-8
cache-control: no-cache

13:40:13.170 [AsyncHttpClient-1-2] DEBUG org.asynchttpclient.netty.channel.ChannelManager - Adding key: http://localhost:24411 for channel [id: 0xbfa94523, L:/127.0.0.1:63659 - R:localhost/127.0.0.1:24411]
]]></system-out>
  <system-err><![CDATA[Starting ChromeDriver 120.0.6099.109 (3419140ab665596f21b385ce136419fde0924272-refs/branch-heads/6099@{#1483}) on port 24411
Only local connections are allowed.
Please see https://chromedriver.chromium.org/security-considerations for suggestions on keeping ChromeDriver safe.
ChromeDriver was started successfully.
дек. 21, 2023 1:35:14 PM org.openqa.selenium.devtools.CdpVersionFinder findNearestMatch
WARNING: Unable to find CDP implementation matching 120
дек. 21, 2023 1:35:14 PM org.openqa.selenium.chromium.ChromiumDriver lambda$new$3
WARNING: Unable to find version of CDP to use for . You may need to include a dependency on a specific version of the CDP using something similar to `org.seleniumhq.selenium:selenium-devtools-v86:4.8.2` where the version ("v86") matches the version of the chromium-based browser you're using and the version number of the artifact is the same as Selenium's.
]]></system-err>
</testsuite>
