<?xml version="1.0" encoding="UTF-8"?>
<testsuite name="test.StudentHomeworkPageTest" tests="2" skipped="0" failures="0" errors="0" timestamp="2024-08-05T13:38:25" hostname="X542U" time="14.617">
  <properties/>
  <testcase name="1. Checking Interactive Homework Is Present" classname="test.StudentHomeworkPageTest" time="13.568"/>
  <testcase name="2. Checking Homework First Internal Page Opened" classname="test.StudentHomeworkPageTest" time="1.032"/>
  <system-out><![CDATA[16:38:18.867 [Test worker] DEBUG io.github.bonigarcia.wdm.WebDriverManager - Using WebDriverManager 5.9.1
16:38:18.886 [Test worker] DEBUG io.github.bonigarcia.wdm.cache.ResolutionCache - Resolution chrome=127 in cache (valid until 16:43:14 05/08/2024 MSK)
16:38:18.886 [Test worker] DEBUG io.github.bonigarcia.wdm.cache.ResolutionCache - Resolution chrome127=127.0.6533.88 in cache (valid until 13:31:54 06/08/2024 MSK)
16:38:18.886 [Test worker] INFO io.github.bonigarcia.wdm.WebDriverManager - Using chromedriver 127.0.6533.88 (resolved driver for Chrome 127)
16:38:18.901 [Test worker] DEBUG io.github.bonigarcia.wdm.WebDriverManager - Driver chromedriver 127.0.6533.88 found in cache
16:38:18.909 [Test worker] INFO io.github.bonigarcia.wdm.WebDriverManager - Exporting webdriver.chrome.driver as C:\Users\admin\.cache\selenium\chromedriver\win64\127.0.6533.88\chromedriver.exe
]]></system-out>
  <system-err><![CDATA[]]></system-err>
</testsuite>
