<?xml version="1.0" encoding="UTF-8"?>
<testsuite name="test.StudentProfileTest" tests="32" skipped="0" failures="1" errors="0" timestamp="2024-05-06T11:39:03" hostname="DESKTOP-84P9B6H" time="73.019">
  <properties/>
  <testcase name="0. Enter Students Profile Test" classname="test.StudentProfileTest" time="13.961"/>
  <testcase name="1. Enter Cyrillic First Name" classname="test.StudentProfileTest" time="4.411"/>
  <testcase name="2. Enter Too Long Cyrillic First Name" classname="test.StudentProfileTest" time="3.827"/>
  <testcase name="3. Enter Too Short Cyrillic First Name" classname="test.StudentProfileTest" time="0.498"/>
  <testcase name="4. Enter Cyrillic First Name With Hyphen" classname="test.StudentProfileTest" time="1.182"/>
  <testcase name="5. Enter Space In First Name Field" classname="test.StudentProfileTest" time="0.561"/>
  <testcase name="6. Enter Romain Letters First Name" classname="test.StudentProfileTest" time="1.028">
    <failure message="java.lang.AssertionError: expected [Anna] but found [Анна-МAnnaария]" type="java.lang.AssertionError">java.lang.AssertionError: expected [Anna] but found [Анна-МAnnaария]
	at org.testng.Assert.fail(Assert.java:111)
	at org.testng.Assert.failNotEquals(Assert.java:1578)
	at org.testng.Assert.assertEqualsImpl(Assert.java:150)
	at org.testng.Assert.assertEquals(Assert.java:132)
	at org.testng.Assert.assertEquals(Assert.java:656)
	at org.testng.Assert.assertEquals(Assert.java:666)
	at test.StudentProfileTest.enterRomainLettersFirstName(StudentProfileTest.java:153)
	at java.base/java.lang.reflect.Method.invoke(Method.java:566)
	at java.base/java.util.ArrayList.forEach(ArrayList.java:1541)
	at java.base/java.util.ArrayList.forEach(ArrayList.java:1541)
</failure>
  </testcase>
  <testcase name="7. Enter Cyrillic Last Name" classname="test.StudentProfileTest" time="1.133"/>
  <testcase name="8. Enter Long Cyrillic Last Name" classname="test.StudentProfileTest" time="3.669"/>
  <testcase name="9. Enter Short Cyrillic Last Name" classname="test.StudentProfileTest" time="0.583"/>
  <testcase name="10. Enter Cyrillic Last Name With Hyphen" classname="test.StudentProfileTest" time="0.945"/>
  <testcase name="11. Enter Space In Last Name" classname="test.StudentProfileTest" time="0.561"/>
  <testcase name="12. Enter Romain Letters Last Name" classname="test.StudentProfileTest" time="0.779"/>
  <testcase name="13. Enter Correct Birth Date" classname="test.StudentProfileTest" time="0.916"/>
  <testcase name="14. Enter Long Number In Birth Date" classname="test.StudentProfileTest" time="0.948"/>
  <testcase name="15. Enter Very Long Number In Birth Date" classname="test.StudentProfileTest" time="1.903"/>
  <testcase name="16. Enter Cyrillic In Birth Date" classname="test.StudentProfileTest" time="0.635"/>
  <testcase name="17. Enter Romain Letters In Birth Date" classname="test.StudentProfileTest" time="0.749"/>
  <testcase name="18. Enter Special Symbols In Birth Date" classname="test.StudentProfileTest" time="0.613"/>
  <testcase name="19. Enter Symbols In Birth Date" classname="test.StudentProfileTest" time="0.567"/>
  <testcase name="20. Enter Correct Skype Name" classname="test.StudentProfileTest" time="0.761"/>
  <testcase name="21. Enter Cyrillic Skype Name" classname="test.StudentProfileTest" time="7.249"/>
  <testcase name="22. Enter Long Correct Skype Name" classname="test.StudentProfileTest" time="2.182"/>
  <testcase name="23. Enter Space Skype Name" classname="test.StudentProfileTest" time="0.889"/>
  <testcase name="24. Enter Correct Phone Number" classname="test.StudentProfileTest" time="1.437"/>
  <testcase name="25. Enter Short Phone Number" classname="test.StudentProfileTest" time="0.875"/>
  <testcase name="26. Enter Cyrillic In Phone Number Field" classname="test.StudentProfileTest" time="0.605"/>
  <testcase name="27. Enter Romain Letters In Phone Number Field" classname="test.StudentProfileTest" time="0.867"/>
  <testcase name="28. Enter Special Symbols In Phone Number Field" classname="test.StudentProfileTest" time="1.069"/>
  <testcase name="29. Enter Space In Phone Number Field" classname="test.StudentProfileTest" time="0.714"/>
  <testcase name="30. Changing Country In Phone Number Field" classname="test.StudentProfileTest" time="0.754"/>
  <testcase name="31. Changing Language In Profile To Russian" classname="test.StudentProfileTest" time="9.726"/>
  <system-out><![CDATA[14:38:27.850 [Test worker] DEBUG io.github.bonigarcia.wdm.WebDriverManager - Using WebDriverManager 5.8.0
14:38:27.871 [Test worker] DEBUG io.github.bonigarcia.wdm.cache.ResolutionCache - Resolution chrome=124 in cache (valid until 15:33:11 06/05/2024 MSK)
14:38:27.872 [Test worker] DEBUG io.github.bonigarcia.wdm.cache.ResolutionCache - Resolution chrome124=124.0.6367.91 in cache (valid until 14:33:11 07/05/2024 MSK)
14:38:27.872 [Test worker] INFO io.github.bonigarcia.wdm.WebDriverManager - Using chromedriver 124.0.6367.91 (resolved driver for Chrome 124)
14:38:27.901 [Test worker] DEBUG io.github.bonigarcia.wdm.WebDriverManager - Driver chromedriver 124.0.6367.91 found in cache
14:38:27.902 [Test worker] INFO io.github.bonigarcia.wdm.WebDriverManager - Exporting webdriver.chrome.driver as C:\Users\asus\.cache\selenium\chromedriver\win64\124.0.6367.91\chromedriver.exe
]]></system-out>
  <system-err><![CDATA[мая 06, 2024 2:38:58 PM org.openqa.selenium.devtools.CdpVersionFinder findNearestMatch
WARNING: Unable to find an exact match for CDP version 124, returning the closest version; found: 123; Please update to a Selenium version that supports CDP version 124
]]></system-err>
</testsuite>
