<?xml version="1.0" encoding="UTF-8"?>
<testsuite name="test.StudentProfileTest" tests="28" skipped="0" failures="0" errors="0" timestamp="2024-03-01T13:35:53" hostname="DESKTOP-84P9B6H" time="84.268">
  <properties/>
  <testcase name="0. Enter Students Profile Test" classname="test.StudentProfileTest" time="18.669"/>
  <testcase name="1. Enter Cyrillic First Name" classname="test.StudentProfileTest" time="20.611"/>
  <testcase name="10. Enter Short Cyrillic Last Name" classname="test.StudentProfileTest" time="4.076"/>
  <testcase name="11. Enter Cyrillic Last Name With Hyphen" classname="test.StudentProfileTest" time="1.787"/>
  <testcase name="12. Enter Space In Last Name" classname="test.StudentProfileTest" time="0.663"/>
  <testcase name="13. Enter Romain Letters Last Name" classname="test.StudentProfileTest" time="1.297"/>
  <testcase name="14. Enter Correct Birth Date" classname="test.StudentProfileTest" time="0.923"/>
  <testcase name="15. Enter Long Number In Birth Date" classname="test.StudentProfileTest" time="1.513"/>
  <testcase name="16. Enter Very Long Number In Birth Date" classname="test.StudentProfileTest" time="1.879"/>
  <testcase name="17. Enter Cyrillic In Birth Date" classname="test.StudentProfileTest" time="0.815"/>
  <testcase name="18. Enter Romain Letters In Birth Date" classname="test.StudentProfileTest" time="0.985"/>
  <testcase name="19. Enter Special Symbols In Birth Date" classname="test.StudentProfileTest" time="0.939"/>
  <testcase name="2. Enter Too Long Cyrillic First Name" classname="test.StudentProfileTest" time="3.9"/>
  <testcase name="20. Enter Symbols In Birth Date" classname="test.StudentProfileTest" time="1.137"/>
  <testcase name="21. Enter Correct Skype Name" classname="test.StudentProfileTest" time="0.881"/>
  <testcase name="28. Enter Correct Phone Number" classname="test.StudentProfileTest" time="9.367"/>
  <testcase name="29. Enter Short Phone Number" classname="test.StudentProfileTest" time="0.928"/>
  <testcase name="3. Enter Too Short Cyrillic First Name" classname="test.StudentProfileTest" time="1.153"/>
  <testcase name="30. Enter Cyrillic In Phone Number Field" classname="test.StudentProfileTest" time="0.716"/>
  <testcase name="31. Enter Romain Letters In Phone Number Field" classname="test.StudentProfileTest" time="0.708"/>
  <testcase name="32. Enter Special Symbols In Phone Number Field" classname="test.StudentProfileTest" time="1.242"/>
  <testcase name="33. Enter Space In Phone Number Field" classname="test.StudentProfileTest" time="0.463"/>
  <testcase name="34. Changing Country In Phone Number Field" classname="test.StudentProfileTest" time="0.781"/>
  <testcase name="4. Enter Cyrillic First Name With Hyphen" classname="test.StudentProfileTest" time="1.574"/>
  <testcase name="6. Enter Space In First Name Field" classname="test.StudentProfileTest" time="0.746"/>
  <testcase name="7. Enter Romain Letters First Name" classname="test.StudentProfileTest" time="0.883"/>
  <testcase name="8. Enter Cyrillic Last Name" classname="test.StudentProfileTest" time="0.999"/>
  <testcase name="9. Enter Long Cyrillic Last Name" classname="test.StudentProfileTest" time="4.541"/>
  <system-out><![CDATA[16:34:49.704 [Test worker] DEBUG io.github.bonigarcia.wdm.WebDriverManager - Using WebDriverManager 5.5.3
16:34:49.705 [Test worker] DEBUG io.github.bonigarcia.wdm.WebDriverManager - Clearing driver cache at C:\Users\asus\.cache\selenium
16:34:49.779 [AsyncHttpClient-1-1] DEBUG org.asynchttpclient.netty.channel.DefaultChannelPool - Entry count for : http://localhost:5516 : 1
16:34:49.779 [AsyncHttpClient-1-1] DEBUG org.asynchttpclient.netty.channel.DefaultChannelPool - Entry count for : http://localhost:56793 : 1
16:34:50.883 [AsyncHttpClient-1-1] DEBUG org.asynchttpclient.netty.channel.DefaultChannelPool - Entry count for : http://localhost:5516 : 1
16:34:50.883 [AsyncHttpClient-1-1] DEBUG org.asynchttpclient.netty.channel.DefaultChannelPool - Entry count for : http://localhost:56793 : 1
16:34:51.979 [AsyncHttpClient-1-1] DEBUG org.asynchttpclient.netty.channel.DefaultChannelPool - Entry count for : http://localhost:5516 : 1
16:34:51.979 [AsyncHttpClient-1-1] DEBUG org.asynchttpclient.netty.channel.DefaultChannelPool - Entry count for : http://localhost:56793 : 1
16:34:53.080 [AsyncHttpClient-1-1] DEBUG org.asynchttpclient.netty.channel.DefaultChannelPool - Entry count for : http://localhost:5516 : 1
16:34:53.080 [AsyncHttpClient-1-1] DEBUG org.asynchttpclient.netty.channel.DefaultChannelPool - Entry count for : http://localhost:56793 : 1
16:34:52.584 [Test worker] WARN io.github.bonigarcia.wdm.WebDriverManager - Exception deleting driver cache at C:\Users\asus\.cache\selenium
org.apache.commons.io.IOExceptionList: C:\Users\asus\.cache\selenium
	at org.apache.commons.io.FileUtils.cleanDirectory(FileUtils.java:331)
	at io.github.bonigarcia.wdm.WebDriverManager.clearDriverCache(WebDriverManager.java:818)
	at test.StudentProfileTest.setup(StudentProfileTest.java:33)
	at java.base/jdk.internal.reflect.NativeMethodAccessorImpl.invoke0(Native Method)
	at java.base/jdk.internal.reflect.NativeMethodAccessorImpl.invoke(NativeMethodAccessorImpl.java:62)
	at java.base/jdk.internal.reflect.DelegatingMethodAccessorImpl.invoke(DelegatingMethodAccessorImpl.java:43)
	at java.base/java.lang.reflect.Method.invoke(Method.java:566)
	at org.junit.platform.commons.util.ReflectionUtils.invokeMethod(ReflectionUtils.java:727)
	at org.junit.jupiter.engine.execution.MethodInvocation.proceed(MethodInvocation.java:60)
	at org.junit.jupiter.engine.execution.InvocationInterceptorChain$ValidatingInvocation.proceed(InvocationInterceptorChain.java:131)
	at io.qameta.allure.junit5.AllureJunit5.processFixture(AllureJunit5.java:138)
	at io.qameta.allure.junit5.AllureJunit5.interceptBeforeAllMethod(AllureJunit5.java:100)
	at org.junit.jupiter.engine.execution.InterceptingExecutableInvoker$ReflectiveInterceptorCall.lambda$ofVoidMethod$0(InterceptingExecutableInvoker.java:103)
	at org.junit.jupiter.engine.execution.InterceptingExecutableInvoker.lambda$invoke$0(InterceptingExecutableInvoker.java:93)
	at org.junit.jupiter.engine.execution.InvocationInterceptorChain$InterceptedInvocation.proceed(InvocationInterceptorChain.java:106)
	at org.junit.jupiter.engine.extension.TimeoutExtension.intercept(TimeoutExtension.java:156)
	at org.junit.jupiter.engine.extension.TimeoutExtension.interceptLifecycleMethod(TimeoutExtension.java:128)
	at org.junit.jupiter.engine.extension.TimeoutExtension.interceptBeforeAllMethod(TimeoutExtension.java:70)
	at org.junit.jupiter.engine.execution.InterceptingExecutableInvoker$ReflectiveInterceptorCall.lambda$ofVoidMethod$0(InterceptingExecutableInvoker.java:103)
	at org.junit.jupiter.engine.execution.InterceptingExecutableInvoker.lambda$invoke$0(InterceptingExecutableInvoker.java:93)
	at org.junit.jupiter.engine.execution.InvocationInterceptorChain$InterceptedInvocation.proceed(InvocationInterceptorChain.java:106)
	at org.junit.jupiter.engine.execution.InvocationInterceptorChain.proceed(InvocationInterceptorChain.java:64)
	at org.junit.jupiter.engine.execution.InvocationInterceptorChain.chainAndInvoke(InvocationInterceptorChain.java:45)
	at org.junit.jupiter.engine.execution.InvocationInterceptorChain.invoke(InvocationInterceptorChain.java:37)
	at org.junit.jupiter.engine.execution.InterceptingExecutableInvoker.invoke(InterceptingExecutableInvoker.java:92)
	at org.junit.jupiter.engine.execution.InterceptingExecutableInvoker.invoke(InterceptingExecutableInvoker.java:86)
	at org.junit.jupiter.engine.descriptor.ClassBasedTestDescriptor.lambda$invokeBeforeAllMethods$13(ClassBasedTestDescriptor.java:411)
	at org.junit.platform.engine.support.hierarchical.ThrowableCollector.execute(ThrowableCollector.java:73)
	at org.junit.jupiter.engine.descriptor.ClassBasedTestDescriptor.invokeBeforeAllMethods(ClassBasedTestDescriptor.java:409)
	at org.junit.jupiter.engine.descriptor.ClassBasedTestDescriptor.before(ClassBasedTestDescriptor.java:215)
	at org.junit.jupiter.engine.descriptor.ClassBasedTestDescriptor.before(ClassBasedTestDescriptor.java:84)
	at org.junit.platform.engine.support.hierarchical.NodeTestTask.lambda$executeRecursively$6(NodeTestTask.java:148)
	at org.junit.platform.engine.support.hierarchical.ThrowableCollector.execute(ThrowableCollector.java:73)
	at org.junit.platform.engine.support.hierarchical.NodeTestTask.lambda$executeRecursively$8(NodeTestTask.java:141)
	at org.junit.platform.engine.support.hierarchical.Node.around(Node.java:137)
	at org.junit.platform.engine.support.hierarchical.NodeTestTask.lambda$executeRecursively$9(NodeTestTask.java:139)
	at org.junit.platform.engine.support.hierarchical.ThrowableCollector.execute(ThrowableCollector.java:73)
	at org.junit.platform.engine.support.hierarchical.NodeTestTask.executeRecursively(NodeTestTask.java:138)
	at org.junit.platform.engine.support.hierarchical.NodeTestTask.execute(NodeTestTask.java:95)
	at java.base/java.util.ArrayList.forEach(ArrayList.java:1541)
	at org.junit.platform.engine.support.hierarchical.SameThreadHierarchicalTestExecutorService.invokeAll(SameThreadHierarchicalTestExecutorService.java:41)
	at org.junit.platform.engine.support.hierarchical.NodeTestTask.lambda$executeRecursively$6(NodeTestTask.java:155)
	at org.junit.platform.engine.support.hierarchical.ThrowableCollector.execute(ThrowableCollector.java:73)
	at org.junit.platform.engine.support.hierarchical.NodeTestTask.lambda$executeRecursively$8(NodeTestTask.java:141)
	at org.junit.platform.engine.support.hierarchical.Node.around(Node.java:137)
	at org.junit.platform.engine.support.hierarchical.NodeTestTask.lambda$executeRecursively$9(NodeTestTask.java:139)
	at org.junit.platform.engine.support.hierarchical.ThrowableCollector.execute(ThrowableCollector.java:73)
	at org.junit.platform.engine.support.hierarchical.NodeTestTask.executeRecursively(NodeTestTask.java:138)
	at org.junit.platform.engine.support.hierarchical.NodeTestTask.execute(NodeTestTask.java:95)
	at org.junit.platform.engine.support.hierarchical.SameThreadHierarchicalTestExecutorService.submit(SameThreadHierarchicalTestExecutorService.java:35)
	at org.junit.platform.engine.support.hierarchical.HierarchicalTestExecutor.execute(HierarchicalTestExecutor.java:57)
	at org.junit.platform.engine.support.hierarchical.HierarchicalTestEngine.execute(HierarchicalTestEngine.java:54)
	at org.junit.platform.launcher.core.EngineExecutionOrchestrator.execute(EngineExecutionOrchestrator.java:147)
	at org.junit.platform.launcher.core.EngineExecutionOrchestrator.execute(EngineExecutionOrchestrator.java:127)
	at org.junit.platform.launcher.core.EngineExecutionOrchestrator.execute(EngineExecutionOrchestrator.java:90)
	at org.junit.platform.launcher.core.EngineExecutionOrchestrator.lambda$execute$0(EngineExecutionOrchestrator.java:55)
	at org.junit.platform.launcher.core.EngineExecutionOrchestrator.withInterceptedStreams(EngineExecutionOrchestrator.java:102)
	at org.junit.platform.launcher.core.EngineExecutionOrchestrator.execute(EngineExecutionOrchestrator.java:54)
	at org.junit.platform.launcher.core.DefaultLauncher.execute(DefaultLauncher.java:114)
	at org.junit.platform.launcher.core.DefaultLauncher.execute(DefaultLauncher.java:86)
	at org.junit.platform.launcher.core.DefaultLauncherSession$DelegatingLauncher.execute(DefaultLauncherSession.java:86)
	at org.junit.platform.launcher.core.SessionPerRequestLauncher.execute(SessionPerRequestLauncher.java:53)
	at org.gradle.api.internal.tasks.testing.junitplatform.JUnitPlatformTestClassProcessor$CollectAllTestClassesExecutor.processAllTestClasses(JUnitPlatformTestClassProcessor.java:99)
	at org.gradle.api.internal.tasks.testing.junitplatform.JUnitPlatformTestClassProcessor$CollectAllTestClassesExecutor.access$000(JUnitPlatformTestClassProcessor.java:79)
	at org.gradle.api.internal.tasks.testing.junitplatform.JUnitPlatformTestClassProcessor.stop(JUnitPlatformTestClassProcessor.java:75)
	at org.gradle.api.internal.tasks.testing.SuiteTestClassProcessor.stop(SuiteTestClassProcessor.java:61)
	at java.base/jdk.internal.reflect.NativeMethodAccessorImpl.invoke0(Native Method)
	at java.base/jdk.internal.reflect.NativeMethodAccessorImpl.invoke(NativeMethodAccessorImpl.java:62)
	at java.base/jdk.internal.reflect.DelegatingMethodAccessorImpl.invoke(DelegatingMethodAccessorImpl.java:43)
	at java.base/java.lang.reflect.Method.invoke(Method.java:566)
	at org.gradle.internal.dispatch.ReflectionDispatch.dispatch(ReflectionDispatch.java:36)
	at org.gradle.internal.dispatch.ReflectionDispatch.dispatch(ReflectionDispatch.java:24)
	at org.gradle.internal.dispatch.ContextClassLoaderDispatch.dispatch(ContextClassLoaderDispatch.java:33)
	at org.gradle.internal.dispatch.ProxyDispatchAdapter$DispatchingInvocationHandler.invoke(ProxyDispatchAdapter.java:94)
	at com.sun.proxy.$Proxy2.stop(Unknown Source)
	at org.gradle.api.internal.tasks.testing.worker.TestWorker$3.run(TestWorker.java:193)
	at org.gradle.api.internal.tasks.testing.worker.TestWorker.executeAndMaintainThreadName(TestWorker.java:129)
	at org.gradle.api.internal.tasks.testing.worker.TestWorker.execute(TestWorker.java:100)
	at org.gradle.api.internal.tasks.testing.worker.TestWorker.execute(TestWorker.java:60)
	at org.gradle.process.internal.worker.child.ActionExecutionWorker.execute(ActionExecutionWorker.java:56)
	at org.gradle.process.internal.worker.child.SystemApplicationClassLoaderWorker.call(SystemApplicationClassLoaderWorker.java:133)
	at org.gradle.process.internal.worker.child.SystemApplicationClassLoaderWorker.call(SystemApplicationClassLoaderWorker.java:71)
	at worker.org.gradle.process.internal.worker.GradleWorkerMain.run(GradleWorkerMain.java:69)
	at worker.org.gradle.process.internal.worker.GradleWorkerMain.main(GradleWorkerMain.java:74)
Caused by: java.io.IOException: Cannot delete file: C:\Users\asus\.cache\selenium\chromedriver
	at org.apache.commons.io.FileUtils.forceDelete(FileUtils.java:1344)
	at org.apache.commons.io.FileUtils.cleanDirectory(FileUtils.java:324)
	... 83 common frames omitted
Caused by: java.nio.file.AccessDeniedException: C:\Users\asus\.cache\selenium\chromedriver\win64\122.0.6261.94\chromedriver.exe
	at java.base/sun.nio.fs.WindowsException.translateToIOException(WindowsException.java:89)
	at java.base/sun.nio.fs.WindowsException.rethrowAsIOException(WindowsException.java:103)
	at java.base/sun.nio.fs.WindowsException.rethrowAsIOException(WindowsException.java:108)
	at java.base/sun.nio.fs.WindowsFileSystemProvider.implDelete(WindowsFileSystemProvider.java:274)
	at java.base/sun.nio.fs.AbstractFileSystemProvider.deleteIfExists(AbstractFileSystemProvider.java:110)
	at java.base/java.nio.file.Files.deleteIfExists(Files.java:1181)
	at org.apache.commons.io.file.DeletingPathVisitor.visitFile(DeletingPathVisitor.java:161)
	at org.apache.commons.io.file.DeletingPathVisitor.visitFile(DeletingPathVisitor.java:37)
	at java.base/java.nio.file.Files.walkFileTree(Files.java:2725)
	at java.base/java.nio.file.Files.walkFileTree(Files.java:2797)
	at org.apache.commons.io.file.PathUtils.visitFileTree(PathUtils.java:971)
	at org.apache.commons.io.file.PathUtils.deleteDirectory(PathUtils.java:434)
	at org.apache.commons.io.file.PathUtils.delete(PathUtils.java:391)
	at org.apache.commons.io.FileUtils.forceDelete(FileUtils.java:1341)
	... 84 common frames omitted
16:34:53.880 [Test worker] DEBUG io.github.bonigarcia.wdm.cache.ResolutionCache - Created new resolution cache file at C:\Users\asus\.cache\selenium\resolution.properties
16:34:53.885 [Test worker] DEBUG org.apache.hc.client5.http.impl.classic.InternalHttpClient - ex-0000000002 preparing request execution
16:34:53.886 [Test worker] DEBUG org.apache.hc.client5.http.impl.classic.ProtocolExec - ex-0000000002 target auth state: UNCHALLENGED
16:34:53.886 [Test worker] DEBUG org.apache.hc.client5.http.impl.classic.ProtocolExec - ex-0000000002 proxy auth state: UNCHALLENGED
16:34:53.886 [Test worker] DEBUG org.apache.hc.client5.http.impl.classic.ConnectExec - ex-0000000002 acquiring connection with route {s}->https://raw.githubusercontent.com:443
16:34:53.886 [Test worker] DEBUG org.apache.hc.client5.http.impl.classic.InternalHttpClient - ex-0000000002 acquiring endpoint (3 MINUTES)
16:34:53.886 [Test worker] DEBUG org.apache.hc.client5.http.impl.io.PoolingHttpClientConnectionManager - ex-0000000002 endpoint lease request (3 MINUTES) [route: {s}->https://raw.githubusercontent.com:443][total available: 0; route allocated: 0 of 5; total allocated: 0 of 25]
16:34:53.887 [Test worker] DEBUG org.apache.hc.client5.http.impl.io.PoolingHttpClientConnectionManager - ex-0000000002 endpoint leased [route: {s}->https://raw.githubusercontent.com:443][total available: 0; route allocated: 1 of 5; total allocated: 1 of 25]
16:34:53.887 [Test worker] DEBUG org.apache.hc.client5.http.impl.io.PoolingHttpClientConnectionManager - ex-0000000002 acquired ep-0000000002
16:34:53.887 [Test worker] DEBUG org.apache.hc.client5.http.impl.classic.InternalHttpClient - ex-0000000002 acquired endpoint ep-0000000002
16:34:53.887 [Test worker] DEBUG org.apache.hc.client5.http.impl.classic.ConnectExec - ex-0000000002 opening connection {s}->https://raw.githubusercontent.com:443
16:34:53.887 [Test worker] DEBUG org.apache.hc.client5.http.impl.classic.InternalHttpClient - ep-0000000002 connecting endpoint (null)
16:34:53.888 [Test worker] DEBUG org.apache.hc.client5.http.impl.io.PoolingHttpClientConnectionManager - ep-0000000002 connecting endpoint to https://raw.githubusercontent.com:443 (30 SECONDS)
16:34:53.888 [Test worker] DEBUG org.apache.hc.client5.http.impl.io.DefaultHttpClientConnectionOperator - raw.githubusercontent.com resolving remote address
16:34:53.889 [Test worker] DEBUG org.apache.hc.client5.http.impl.io.DefaultHttpClientConnectionOperator - raw.githubusercontent.com resolved to [raw.githubusercontent.com/185.199.111.133, raw.githubusercontent.com/185.199.110.133, raw.githubusercontent.com/185.199.108.133, raw.githubusercontent.com/185.199.109.133]
16:34:53.889 [Test worker] DEBUG org.apache.hc.client5.http.impl.io.DefaultHttpClientConnectionOperator - raw.githubusercontent.com:443 connecting null->raw.githubusercontent.com/185.199.111.133:443 (30 SECONDS)
16:34:53.889 [Test worker] DEBUG org.apache.hc.client5.http.ssl.SSLConnectionSocketFactory - Connecting socket to raw.githubusercontent.com/185.199.111.133:443 with timeout 30 SECONDS
16:34:53.943 [Test worker] DEBUG org.apache.hc.client5.http.ssl.SSLConnectionSocketFactory - Enabled protocols: [TLSv1.3, TLSv1.2]
16:34:53.943 [Test worker] DEBUG org.apache.hc.client5.http.ssl.SSLConnectionSocketFactory - Enabled cipher suites: [TLS_AES_256_GCM_SHA384, TLS_AES_128_GCM_SHA256, TLS_CHACHA20_POLY1305_SHA256, TLS_ECDHE_ECDSA_WITH_AES_256_GCM_SHA384, TLS_ECDHE_ECDSA_WITH_AES_128_GCM_SHA256, TLS_ECDHE_ECDSA_WITH_CHACHA20_POLY1305_SHA256, TLS_ECDHE_RSA_WITH_AES_256_GCM_SHA384, TLS_ECDHE_RSA_WITH_CHACHA20_POLY1305_SHA256, TLS_ECDHE_RSA_WITH_AES_128_GCM_SHA256, TLS_DHE_RSA_WITH_AES_256_GCM_SHA384, TLS_DHE_RSA_WITH_CHACHA20_POLY1305_SHA256, TLS_DHE_DSS_WITH_AES_256_GCM_SHA384, TLS_DHE_RSA_WITH_AES_128_GCM_SHA256, TLS_DHE_DSS_WITH_AES_128_GCM_SHA256, TLS_ECDHE_ECDSA_WITH_AES_256_CBC_SHA384, TLS_ECDHE_RSA_WITH_AES_256_CBC_SHA384, TLS_ECDHE_ECDSA_WITH_AES_128_CBC_SHA256, TLS_ECDHE_RSA_WITH_AES_128_CBC_SHA256, TLS_DHE_RSA_WITH_AES_256_CBC_SHA256, TLS_DHE_DSS_WITH_AES_256_CBC_SHA256, TLS_DHE_RSA_WITH_AES_128_CBC_SHA256, TLS_DHE_DSS_WITH_AES_128_CBC_SHA256, TLS_ECDH_ECDSA_WITH_AES_256_GCM_SHA384, TLS_ECDH_RSA_WITH_AES_256_GCM_SHA384, TLS_ECDH_ECDSA_WITH_AES_128_GCM_SHA256, TLS_ECDH_RSA_WITH_AES_128_GCM_SHA256, TLS_ECDH_ECDSA_WITH_AES_256_CBC_SHA384, TLS_ECDH_RSA_WITH_AES_256_CBC_SHA384, TLS_ECDH_ECDSA_WITH_AES_128_CBC_SHA256, TLS_ECDH_RSA_WITH_AES_128_CBC_SHA256, TLS_ECDHE_ECDSA_WITH_AES_256_CBC_SHA, TLS_ECDHE_RSA_WITH_AES_256_CBC_SHA, TLS_ECDHE_ECDSA_WITH_AES_128_CBC_SHA, TLS_ECDHE_RSA_WITH_AES_128_CBC_SHA, TLS_DHE_RSA_WITH_AES_256_CBC_SHA, TLS_DHE_DSS_WITH_AES_256_CBC_SHA, TLS_DHE_RSA_WITH_AES_128_CBC_SHA, TLS_DHE_DSS_WITH_AES_128_CBC_SHA, TLS_ECDH_ECDSA_WITH_AES_256_CBC_SHA, TLS_ECDH_RSA_WITH_AES_256_CBC_SHA, TLS_ECDH_ECDSA_WITH_AES_128_CBC_SHA, TLS_ECDH_RSA_WITH_AES_128_CBC_SHA, TLS_RSA_WITH_AES_256_GCM_SHA384, TLS_RSA_WITH_AES_128_GCM_SHA256, TLS_RSA_WITH_AES_256_CBC_SHA256, TLS_RSA_WITH_AES_128_CBC_SHA256, TLS_RSA_WITH_AES_256_CBC_SHA, TLS_RSA_WITH_AES_128_CBC_SHA, TLS_EMPTY_RENEGOTIATION_INFO_SCSV]
16:34:53.943 [Test worker] DEBUG org.apache.hc.client5.http.ssl.SSLConnectionSocketFactory - Starting handshake (null)
16:34:54.029 [Test worker] DEBUG org.apache.hc.client5.http.ssl.SSLConnectionSocketFactory - Secure session established
16:34:54.029 [Test worker] DEBUG org.apache.hc.client5.http.ssl.SSLConnectionSocketFactory -  negotiated protocol: TLSv1.3
16:34:54.029 [Test worker] DEBUG org.apache.hc.client5.http.ssl.SSLConnectionSocketFactory -  negotiated cipher suite: TLS_AES_128_GCM_SHA256
16:34:54.029 [Test worker] DEBUG org.apache.hc.client5.http.ssl.SSLConnectionSocketFactory -  peer principal: CN=*.github.io, O="GitHub, Inc.", L=San Francisco, ST=California, C=US
16:34:54.029 [Test worker] DEBUG org.apache.hc.client5.http.ssl.SSLConnectionSocketFactory -  peer alternative names: [*.github.io, github.io, *.github.com, github.com, www.github.com, *.githubusercontent.com, githubusercontent.com]
16:34:54.029 [Test worker] DEBUG org.apache.hc.client5.http.ssl.SSLConnectionSocketFactory -  issuer principal: CN=DigiCert TLS RSA SHA256 2020 CA1, O=DigiCert Inc, C=US
16:34:54.029 [Test worker] DEBUG org.apache.hc.client5.http.impl.io.DefaultManagedHttpClientConnection - http-outgoing-1 set socket timeout to 3 MINUTES
16:34:54.029 [Test worker] DEBUG org.apache.hc.client5.http.impl.io.DefaultHttpClientConnectionOperator - raw.githubusercontent.com:443 connected null->raw.githubusercontent.com/185.199.111.133:443 as http-outgoing-1
16:34:54.029 [Test worker] DEBUG org.apache.hc.client5.http.impl.io.PoolingHttpClientConnectionManager - ep-0000000002 connected http-outgoing-1
16:34:54.030 [Test worker] DEBUG org.apache.hc.client5.http.impl.classic.InternalHttpClient - ep-0000000002 endpoint connected
16:34:54.030 [Test worker] DEBUG org.apache.hc.client5.http.impl.classic.MainClientExec - ex-0000000002 executing GET /bonigarcia/webdrivermanager/master/src/main/resources/commands.properties HTTP/1.1
16:34:54.030 [Test worker] DEBUG org.apache.hc.client5.http.protocol.RequestAddCookies - ex-0000000002 Cookie spec selected: strict
16:34:54.030 [Test worker] DEBUG org.apache.hc.client5.http.impl.classic.InternalHttpClient - ep-0000000002 start execution ex-0000000002
16:34:54.030 [Test worker] DEBUG org.apache.hc.client5.http.impl.io.PoolingHttpClientConnectionManager - ep-0000000002 executing exchange ex-0000000002 over http-outgoing-1
16:34:54.030 [Test worker] DEBUG org.apache.hc.client5.http.headers - http-outgoing-1 >> GET /bonigarcia/webdrivermanager/master/src/main/resources/commands.properties HTTP/1.1
16:34:54.030 [Test worker] DEBUG org.apache.hc.client5.http.headers - http-outgoing-1 >> user-agent: Apache-HttpClient/5.0
16:34:54.030 [Test worker] DEBUG org.apache.hc.client5.http.headers - http-outgoing-1 >> accept-encoding: gzip, deflate, br
16:34:54.030 [Test worker] DEBUG org.apache.hc.client5.http.headers - http-outgoing-1 >> cache-control: max-age=0
16:34:54.030 [Test worker] DEBUG org.apache.hc.client5.http.headers - http-outgoing-1 >> connection: keep-alive
16:34:54.030 [Test worker] DEBUG org.apache.hc.client5.http.headers - http-outgoing-1 >> Host: raw.githubusercontent.com
16:34:54.030 [Test worker] DEBUG org.apache.hc.client5.http.wire - http-outgoing-1 >> "GET /bonigarcia/webdrivermanager/master/src/main/resources/commands.properties HTTP/1.1[\r][\n]"
16:34:54.030 [Test worker] DEBUG org.apache.hc.client5.http.wire - http-outgoing-1 >> "user-agent: Apache-HttpClient/5.0[\r][\n]"
16:34:54.030 [Test worker] DEBUG org.apache.hc.client5.http.wire - http-outgoing-1 >> "accept-encoding: gzip, deflate, br[\r][\n]"
16:34:54.031 [Test worker] DEBUG org.apache.hc.client5.http.wire - http-outgoing-1 >> "cache-control: max-age=0[\r][\n]"
16:34:54.032 [Test worker] DEBUG org.apache.hc.client5.http.wire - http-outgoing-1 >> "connection: keep-alive[\r][\n]"
16:34:54.032 [Test worker] DEBUG org.apache.hc.client5.http.wire - http-outgoing-1 >> "Host: raw.githubusercontent.com[\r][\n]"
16:34:54.032 [Test worker] DEBUG org.apache.hc.client5.http.wire - http-outgoing-1 >> "[\r][\n]"
16:34:54.109 [Test worker] DEBUG org.apache.hc.client5.http.wire - http-outgoing-1 << "HTTP/1.1 200 OK[\r][\n]"
16:34:54.109 [Test worker] DEBUG org.apache.hc.client5.http.wire - http-outgoing-1 << "Connection: keep-alive[\r][\n]"
16:34:54.109 [Test worker] DEBUG org.apache.hc.client5.http.wire - http-outgoing-1 << "Content-Length: 745[\r][\n]"
16:34:54.109 [Test worker] DEBUG org.apache.hc.client5.http.wire - http-outgoing-1 << "Cache-Control: max-age=300[\r][\n]"
16:34:54.109 [Test worker] DEBUG org.apache.hc.client5.http.wire - http-outgoing-1 << "Content-Security-Policy: default-src 'none'; style-src 'unsafe-inline'; sandbox[\r][\n]"
16:34:54.109 [Test worker] DEBUG org.apache.hc.client5.http.wire - http-outgoing-1 << "Content-Type: text/plain; charset=utf-8[\r][\n]"
16:34:54.109 [Test worker] DEBUG org.apache.hc.client5.http.wire - http-outgoing-1 << "ETag: W/"dd41edff335272162022217759820159dac501cff56850e2510f504462cd9b5f"[\r][\n]"
16:34:54.109 [Test worker] DEBUG org.apache.hc.client5.http.wire - http-outgoing-1 << "Strict-Transport-Security: max-age=31536000[\r][\n]"
16:34:54.109 [Test worker] DEBUG org.apache.hc.client5.http.wire - http-outgoing-1 << "X-Content-Type-Options: nosniff[\r][\n]"
16:34:54.109 [Test worker] DEBUG org.apache.hc.client5.http.wire - http-outgoing-1 << "X-Frame-Options: deny[\r][\n]"
16:34:54.109 [Test worker] DEBUG org.apache.hc.client5.http.wire - http-outgoing-1 << "X-XSS-Protection: 1; mode=block[\r][\n]"
16:34:54.109 [Test worker] DEBUG org.apache.hc.client5.http.wire - http-outgoing-1 << "X-GitHub-Request-Id: 480C:2E9678:2F84896:31B6AD0:65DAA993[\r][\n]"
16:34:54.109 [Test worker] DEBUG org.apache.hc.client5.http.wire - http-outgoing-1 << "Content-Encoding: gzip[\r][\n]"
16:34:54.109 [Test worker] DEBUG org.apache.hc.client5.http.wire - http-outgoing-1 << "Accept-Ranges: bytes[\r][\n]"
16:34:54.109 [Test worker] DEBUG org.apache.hc.client5.http.wire - http-outgoing-1 << "Date: Fri, 01 Mar 2024 13:34:53 GMT[\r][\n]"
16:34:54.109 [Test worker] DEBUG org.apache.hc.client5.http.wire - http-outgoing-1 << "Via: 1.1 varnish[\r][\n]"
16:34:54.109 [Test worker] DEBUG org.apache.hc.client5.http.wire - http-outgoing-1 << "X-Served-By: cache-fra-eddf8230130-FRA[\r][\n]"
16:34:54.109 [Test worker] DEBUG org.apache.hc.client5.http.wire - http-outgoing-1 << "X-Cache: HIT[\r][\n]"
16:34:54.109 [Test worker] DEBUG org.apache.hc.client5.http.wire - http-outgoing-1 << "X-Cache-Hits: 3[\r][\n]"
16:34:54.109 [Test worker] DEBUG org.apache.hc.client5.http.wire - http-outgoing-1 << "X-Timer: S1709300094.744999,VS0,VE0[\r][\n]"
16:34:54.109 [Test worker] DEBUG org.apache.hc.client5.http.wire - http-outgoing-1 << "Vary: Authorization,Accept-Encoding,Origin[\r][\n]"
16:34:54.109 [Test worker] DEBUG org.apache.hc.client5.http.wire - http-outgoing-1 << "Access-Control-Allow-Origin: *[\r][\n]"
16:34:54.109 [Test worker] DEBUG org.apache.hc.client5.http.wire - http-outgoing-1 << "Cross-Origin-Resource-Policy: cross-origin[\r][\n]"
16:34:54.109 [Test worker] DEBUG org.apache.hc.client5.http.wire - http-outgoing-1 << "X-Fastly-Request-ID: 9789d76e9f6759125453dddee909a503eeddc0f2[\r][\n]"
16:34:54.109 [Test worker] DEBUG org.apache.hc.client5.http.wire - http-outgoing-1 << "Expires: Fri, 01 Mar 2024 13:39:53 GMT[\r][\n]"
16:34:54.109 [Test worker] DEBUG org.apache.hc.client5.http.wire - http-outgoing-1 << "Source-Age: 213[\r][\n]"
16:34:54.109 [Test worker] DEBUG org.apache.hc.client5.http.wire - http-outgoing-1 << "[\r][\n]"
16:34:54.110 [Test worker] DEBUG org.apache.hc.client5.http.headers - http-outgoing-1 << HTTP/1.1 200 OK
16:34:54.110 [Test worker] DEBUG org.apache.hc.client5.http.headers - http-outgoing-1 << Connection: keep-alive
16:34:54.110 [Test worker] DEBUG org.apache.hc.client5.http.headers - http-outgoing-1 << Content-Length: 745
16:34:54.110 [Test worker] DEBUG org.apache.hc.client5.http.headers - http-outgoing-1 << Cache-Control: max-age=300
16:34:54.110 [Test worker] DEBUG org.apache.hc.client5.http.headers - http-outgoing-1 << Content-Security-Policy: default-src 'none'; style-src 'unsafe-inline'; sandbox
16:34:54.110 [Test worker] DEBUG org.apache.hc.client5.http.headers - http-outgoing-1 << Content-Type: text/plain; charset=utf-8
16:34:54.110 [Test worker] DEBUG org.apache.hc.client5.http.headers - http-outgoing-1 << ETag: W/"dd41edff335272162022217759820159dac501cff56850e2510f504462cd9b5f"
16:34:54.110 [Test worker] DEBUG org.apache.hc.client5.http.headers - http-outgoing-1 << Strict-Transport-Security: max-age=31536000
16:34:54.110 [Test worker] DEBUG org.apache.hc.client5.http.headers - http-outgoing-1 << X-Content-Type-Options: nosniff
16:34:54.110 [Test worker] DEBUG org.apache.hc.client5.http.headers - http-outgoing-1 << X-Frame-Options: deny
16:34:54.110 [Test worker] DEBUG org.apache.hc.client5.http.headers - http-outgoing-1 << X-XSS-Protection: 1; mode=block
16:34:54.110 [Test worker] DEBUG org.apache.hc.client5.http.headers - http-outgoing-1 << X-GitHub-Request-Id: 480C:2E9678:2F84896:31B6AD0:65DAA993
16:34:54.110 [Test worker] DEBUG org.apache.hc.client5.http.headers - http-outgoing-1 << Content-Encoding: gzip
16:34:54.110 [Test worker] DEBUG org.apache.hc.client5.http.headers - http-outgoing-1 << Accept-Ranges: bytes
16:34:54.110 [Test worker] DEBUG org.apache.hc.client5.http.headers - http-outgoing-1 << Date: Fri, 01 Mar 2024 13:34:53 GMT
16:34:54.110 [Test worker] DEBUG org.apache.hc.client5.http.headers - http-outgoing-1 << Via: 1.1 varnish
16:34:54.110 [Test worker] DEBUG org.apache.hc.client5.http.headers - http-outgoing-1 << X-Served-By: cache-fra-eddf8230130-FRA
16:34:54.110 [Test worker] DEBUG org.apache.hc.client5.http.headers - http-outgoing-1 << X-Cache: HIT
16:34:54.110 [Test worker] DEBUG org.apache.hc.client5.http.headers - http-outgoing-1 << X-Cache-Hits: 3
16:34:54.110 [Test worker] DEBUG org.apache.hc.client5.http.headers - http-outgoing-1 << X-Timer: S1709300094.744999,VS0,VE0
16:34:54.110 [Test worker] DEBUG org.apache.hc.client5.http.headers - http-outgoing-1 << Vary: Authorization,Accept-Encoding,Origin
16:34:54.110 [Test worker] DEBUG org.apache.hc.client5.http.headers - http-outgoing-1 << Access-Control-Allow-Origin: *
16:34:54.110 [Test worker] DEBUG org.apache.hc.client5.http.headers - http-outgoing-1 << Cross-Origin-Resource-Policy: cross-origin
16:34:54.110 [Test worker] DEBUG org.apache.hc.client5.http.headers - http-outgoing-1 << X-Fastly-Request-ID: 9789d76e9f6759125453dddee909a503eeddc0f2
16:34:54.110 [Test worker] DEBUG org.apache.hc.client5.http.headers - http-outgoing-1 << Expires: Fri, 01 Mar 2024 13:39:53 GMT
16:34:54.110 [Test worker] DEBUG org.apache.hc.client5.http.headers - http-outgoing-1 << Source-Age: 213
16:34:54.111 [Test worker] DEBUG org.apache.hc.client5.http.impl.classic.MainClientExec - ex-0000000002 connection can be kept alive for 3 MINUTES
16:34:54.111 [Test worker] DEBUG org.apache.hc.client5.http.wire - http-outgoing-1 << "[0x1f][0xffffff8b][0x8][0x0][0x0][0x0][0x0][0x0][0x0][0x3][0xffffffb5]W]o[0xffffffda]0[0x14]}[0xffffffe7]W\QUj% [0x1b][0xffffffad][0xffffffa6]i[0x12][0xf]4c[0xffffffdd]4*[0x18][0xffffffb4][0xffffffdd]&[0xfffffff9][0xffffffc5]$N[0xffffffb0][0xffffff94][0xffffffd8][0xffffffc8]NJ[0xffffffb7]_?[0xffffffdb][0xfffffff9]X[0xffffff92]:[0xffffffa3]k[0xffffffe8][0x1b][0xffffffb6][0xffffffef]=[0xffffffe7][0xffffffd8][0xfffffff7][0xffffffe4][0xffffffda][0xffffff9c][0xffffff80][0xffffffcb][0xffffffe3][0x18]3_[0xffffff82][0xffffff8f][0x13][0xffffffbc][0xffffffc1][0xffffff92][0xfffffff4]N[0xffffffe0]vK%[0x4]4"[0xffffffe0]q[0xffffff96]`[0xffffffca]$$[=[0xffffffc8]C[0x13][0xe][0x1b][0x2][0xffffffe4][0xffffff91]xiB|[0xffffffa0][0xffffffcc],[0xffffffcb]-[0xffffff89]"=[0xffffffe0][0xffffffc2]'B[0x7][0xfffffff9]$!^b[0x16][0x1f][0xffffff88][0xffffff90][0xffffff94][0xffffffab][0xffffffb5][0x0][0xffffff88][0xfffffffa][0x1d][\n]"
16:34:54.112 [Test worker] DEBUG org.apache.hc.client5.http.wire - http-outgoing-1 << "B[0x18]l[0x4][0xffffffdf]K[0xffffffb5][0xffffffa0]([0xffffffcf][0xffffffdc][0xffffffad][0xffffffe0]1[0x19][0xffffffc0]'*H[0xffffffc0][0x1f][0x7][0xffffffb0][0xffffffd8][0x11][0xffffff81][0x7]0[0xfffffff3]C5kVi[0x1a][0xffffff9f]k|[0xffffff9f][0x6][0x1][0x11][0xffffff84]%[0xffffffc0]uLBY[0x8][0xfffffff2][0xffffff97]LH,[0xffffffe1][0xffffffec];e[0xffffffbe]B[0x1d][0xffffffc0][0xffffff9c][0xffffffb2]T[0xffffffc1][0xffffffdc]`[0xf][0x16][0xffffffeb][0xfffffff3][0xffffff9e][0xffffffe2][0xffffffc8](z[0xfffffff9]6F[0xffffff9e][0x19][0xffffff8e][0xfffffff6]Y[0xffffffc2][0xffffffe8][0xffffffcd][0xffffffdb][0xffffff89][0x17][0xfffffffb]#[0xffffffb5]+p\[0xffffffd8][0xffffffc7][0xffffffd4]3Gb[0xffffff8e]a[0xffffffbf]U|[0xffffffc0]pL&[0xfffffffd][0xffffffd3][0xffffffe5]jq[0xffffffbd][0xffffff9a][0xffffffde]|[0xfffffffa]2[0xffffff9f][0xffffffad]?[0xffffffa0][0x9]B[0xffffffa7][0x8]]s[0x1e]F[0x4][0xffffffa1][0xffffff8c][0x2][0xffffffa1][0xffffffe9]n[0x17]QOI[0xffffffe3][0xc][0xffffffa1][0xffffff9c]H![0xfffffff7]!$[0x9][0xffffffdc][0xffffffe7]g[0xffffffe1]<[0xffffffe0](m[0xffffffd7]3~[0xffffff81][0xffffff9e][0xffffffb3][0x1f][0xffffffef][0xffffffdf][0xffffff9d][0xffffffbf][0xffffffa6][0xffffffa8][0xffffff8b]g[0xffffff8a][0xffffff9a]/[0xffffffdc][0xffffffe9]|[0xffffffba]\~[0xffffff9c][0xffffffde]N_S[0xffffffcf][0xffffffe5]d5[0xffffffbb][0xffffff86]ow[0xffffffb3][0xffffffd5]O[0xfffffff8][0xfffffffc][0xffffffd5][0xffffffbd]Ck[0x1e]${,H[0xffffffc1][0xffffff96][0xffffff93]][0xffffffcd][0xffffffaf][0x8][0xfffffff6][0xc]^[0xffffffe1][0xffffffc5]^[0x13]4[0xffffffd2][0xffffff8e][0xffffffd1]>pR)[0xffffff9c][\r]eNh0[0xffffff86][0xffffffd9]:[0xc][0xffffff87]E[0xffffffa6]=q<i[0xffffff8b]o&[0xffffffc4][0xffffffd8]3<[0xffffff95][0x13][0xffffff90]N&8w[0xffffffe9][0x8][0xffffffef]v[0xffffff8e][0xffffffab][0xffffffbe]>es[0xffffffe9]([0x13]/[0xffffffd6][0xfffffff5][0xffffff80]*[0xffffffba][0xfffffff2]v[0xfffffffe][0xffffffd9][0xffffff94]DA6>[0xffffff8e][0xffffffbb]o[0xfffffff8]o[0x1a]E[0xffffffb8] A[0xffffffa8]@?T[0xffffffad]'*:{[0xfffffffa]xR.*[0xffffffce][0xffffffe9][0xffffffd7][0xffffffad][0xffffff93][0xffffff93]4[0xffffffc9][0xfffffffa][0xffffffda]<n*t[0xffffffeb][0xffffffb9]oV[0xffffffb6][0xffffffc0]/M[0xffffff94]O[0xffffffc0][0xfffffff0][0xffffffe1]i[0xffffff90][0xffffffb5][0xfffffffe]9[0xffffff8b][0xffffffad][0xfffffff2]U,Ul[0xffffffdd][0x13]KL[0xffffffa2][0x6][0xffffffdd][0xffffffca]\?`[0xffffffea][0x9].[0xffffffd5]I [0xffffffa4]i[0x1a]_i,[\r][0xffffffdd][0xffffffa1][0xffffffc3][0xffffffae]kzI[0xffffffd1]_Q[0xffffffce]Ek[0xffffffcb][0xfffffff8]Kf[0xffffffb8][0xfffffffe][0xffffffd9]3[0xc][0xffffffe6][0xffffffd3][0xffffff8e][0x11][0x17][0x10]C[0x1d]`i[0x19][0xffffffd5][0xffffffbc][0xfffffff1][0xffffffa4]5[0xffffffbc][0x1e]o[0xfffffff5]K[0xffffffa9][0xffffffd6][0xfffffff8][0xffffffc1]f[0xffffff9b]z[0x4][0xffffffd4][0x1a][0xffffff86][0xffffffb9]^K[0x16]s[0xffffff91][0xfffffffe][0xffffffbf][0xffffff8b]l]~)x(p,[0x11]2[0x14][0x8]E8e[0xffffff9e][0xffffffca]:X[0xffffffa6][0xffffff86][0xffffff88].[0xffffffb6]9[0xffffff9a][0xffffff88].[0xfffffff7]]G[0xffffffea][0xffffffcb][0xe][0xfffffffb][0x7f].u[0xffffff83][0xffffffbb][0xfffffff4][0xffffffb3][0x19][0xffffffda][0xffffffec][0xffffff98][0xffffffc5]Y[0xfffffffd]h8m6\4[0xffffffc1][0xffffff8a][0xffffffb7][0xffffff98]z[0xffffffd0][0xffffffd5]oF5q[0x1c][0x13][0x16][0xfffffff0][0x1d][0x1e][0x19]5-[0xffffff9d][0xffffffef][0xffffffad]c[0xb]z[0xffffffae]/m[0xffffffe6]8[0xffffffb6][0xffffff96][0xfffffff6]7X[0xffffffc9]t[0xfffffff8][0xfffffff9][0xffffffa5][0x11]K[0xfffffffb][0x15]3[0xffffffc3][0xfffffffc][0x1f]B[0xffffffdb][0xffffffd3][0xffffffab][0xffffff92]4.[0xffffff93]Z[0xffffffdf]]:[0xffffffda][0xffffffea][0xffffffdc]B[0xffffffa6][0xffffffcd][0xffffffbc][0xffffffae][0x5][0xfffffff5][0x4][0xffffffd6]8[0xffffffc0][0xffffff82][0xffffff96][0xfffffff0][0xffffffd2][0xc][0xffffffed][0xffffffe0]Y[0xffffffa8][\r]:[[0xffffffa9][0x0][0xffffffff][0x1][0xfffffff8][0x15][0xffffffb4][0xffffffee][0xffffff8e][\r][0x0][0x0]"
16:34:54.112 [Test worker] DEBUG org.apache.hc.client5.http.impl.classic.InternalHttpClient - ep-0000000002 releasing valid endpoint
16:34:54.112 [Test worker] DEBUG org.apache.hc.client5.http.impl.io.PoolingHttpClientConnectionManager - ep-0000000002 releasing endpoint
16:34:54.112 [Test worker] DEBUG org.apache.hc.client5.http.impl.io.PoolingHttpClientConnectionManager - ep-0000000002 connection http-outgoing-1 can be kept alive for 3 MINUTES
16:34:54.113 [Test worker] DEBUG org.apache.hc.client5.http.impl.io.PoolingHttpClientConnectionManager - ep-0000000002 connection released [route: {s}->https://raw.githubusercontent.com:443][total available: 1; route allocated: 1 of 5; total allocated: 1 of 25]
16:34:54.113 [Test worker] DEBUG io.github.bonigarcia.wdm.versions.VersionDetector - Detecting chrome version using online commands.properties
16:34:54.113 [Test worker] DEBUG io.github.bonigarcia.wdm.versions.Shell - Running command on the shell: [cmd.exe, /C, wmic, datafile, where, name="%PROGRAMFILES:\=\\%\\Google\\Chrome\\Application\\chrome.exe", get, Version, /value]
16:34:54.178 [AsyncHttpClient-1-1] DEBUG org.asynchttpclient.netty.channel.DefaultChannelPool - Entry count for : http://localhost:5516 : 1
16:34:54.178 [AsyncHttpClient-1-1] DEBUG org.asynchttpclient.netty.channel.DefaultChannelPool - Entry count for : http://localhost:56793 : 1
16:34:55.279 [AsyncHttpClient-1-1] DEBUG org.asynchttpclient.netty.channel.DefaultChannelPool - Entry count for : http://localhost:5516 : 1
16:34:55.279 [AsyncHttpClient-1-1] DEBUG org.asynchttpclient.netty.channel.DefaultChannelPool - Entry count for : http://localhost:56793 : 1
16:34:56.378 [AsyncHttpClient-1-1] DEBUG org.asynchttpclient.netty.channel.DefaultChannelPool - Entry count for : http://localhost:5516 : 1
16:34:56.378 [AsyncHttpClient-1-1] DEBUG org.asynchttpclient.netty.channel.DefaultChannelPool - Entry count for : http://localhost:56793 : 1
16:34:57.479 [AsyncHttpClient-1-1] DEBUG org.asynchttpclient.netty.channel.DefaultChannelPool - Entry count for : http://localhost:5516 : 1
16:34:57.479 [AsyncHttpClient-1-1] DEBUG org.asynchttpclient.netty.channel.DefaultChannelPool - Entry count for : http://localhost:56793 : 1
16:34:58.579 [AsyncHttpClient-1-1] DEBUG org.asynchttpclient.netty.channel.DefaultChannelPool - Entry count for : http://localhost:5516 : 1
16:34:58.579 [AsyncHttpClient-1-1] DEBUG org.asynchttpclient.netty.channel.DefaultChannelPool - Entry count for : http://localhost:56793 : 1
16:34:59.082 [Test worker] DEBUG io.github.bonigarcia.wdm.versions.Shell - Result: 
16:34:59.083 [Test worker] DEBUG io.github.bonigarcia.wdm.versions.Shell - Running command on the shell: [cmd.exe, /C, wmic, datafile, where, name="%PROGRAMFILES(X86):\=\\%\\Google\\Chrome\\Application\\chrome.exe", get, Version, /value]
16:34:59.678 [AsyncHttpClient-1-1] DEBUG org.asynchttpclient.netty.channel.DefaultChannelPool - Entry count for : http://localhost:5516 : 1
16:34:59.678 [AsyncHttpClient-1-1] DEBUG org.asynchttpclient.netty.channel.DefaultChannelPool - Entry count for : http://localhost:56793 : 1
16:34:59.747 [Test worker] DEBUG io.github.bonigarcia.wdm.versions.Shell - Result: Version=122.0.6261.95
16:34:59.753 [Test worker] DEBUG org.apache.hc.client5.http.impl.classic.InternalHttpClient - ex-0000000003 preparing request execution
16:34:59.753 [Test worker] DEBUG org.apache.hc.client5.http.impl.classic.ProtocolExec - ex-0000000003 target auth state: UNCHALLENGED
16:34:59.753 [Test worker] DEBUG org.apache.hc.client5.http.impl.classic.ProtocolExec - ex-0000000003 proxy auth state: UNCHALLENGED
16:34:59.753 [Test worker] DEBUG org.apache.hc.client5.http.impl.classic.ConnectExec - ex-0000000003 acquiring connection with route {s}->https://googlechromelabs.github.io:443
16:34:59.753 [Test worker] DEBUG org.apache.hc.client5.http.impl.classic.InternalHttpClient - ex-0000000003 acquiring endpoint (3 MINUTES)
16:34:59.754 [Test worker] DEBUG org.apache.hc.client5.http.impl.io.PoolingHttpClientConnectionManager - ex-0000000003 endpoint lease request (3 MINUTES) [route: {s}->https://googlechromelabs.github.io:443][total available: 1; route allocated: 0 of 5; total allocated: 1 of 25]
16:34:59.755 [Test worker] DEBUG org.apache.hc.client5.http.impl.io.PoolingHttpClientConnectionManager - ex-0000000003 endpoint leased [route: {s}->https://googlechromelabs.github.io:443][total available: 1; route allocated: 1 of 5; total allocated: 2 of 25]
16:34:59.755 [Test worker] DEBUG org.apache.hc.client5.http.impl.io.PoolingHttpClientConnectionManager - ex-0000000003 acquired ep-0000000003
16:34:59.755 [Test worker] DEBUG org.apache.hc.client5.http.impl.classic.InternalHttpClient - ex-0000000003 acquired endpoint ep-0000000003
16:34:59.755 [Test worker] DEBUG org.apache.hc.client5.http.impl.classic.ConnectExec - ex-0000000003 opening connection {s}->https://googlechromelabs.github.io:443
16:34:59.755 [Test worker] DEBUG org.apache.hc.client5.http.impl.classic.InternalHttpClient - ep-0000000003 connecting endpoint (null)
16:34:59.755 [Test worker] DEBUG org.apache.hc.client5.http.impl.io.PoolingHttpClientConnectionManager - ep-0000000003 connecting endpoint to https://googlechromelabs.github.io:443 (30 SECONDS)
16:34:59.756 [Test worker] DEBUG org.apache.hc.client5.http.impl.io.DefaultHttpClientConnectionOperator - googlechromelabs.github.io resolving remote address
16:34:59.760 [Test worker] DEBUG org.apache.hc.client5.http.impl.io.DefaultHttpClientConnectionOperator - googlechromelabs.github.io resolved to [googlechromelabs.github.io/185.199.109.153, googlechromelabs.github.io/185.199.108.153, googlechromelabs.github.io/185.199.111.153, googlechromelabs.github.io/185.199.110.153]
16:34:59.761 [Test worker] DEBUG org.apache.hc.client5.http.impl.io.DefaultHttpClientConnectionOperator - googlechromelabs.github.io:443 connecting null->googlechromelabs.github.io/185.199.109.153:443 (30 SECONDS)
16:34:59.761 [Test worker] DEBUG org.apache.hc.client5.http.ssl.SSLConnectionSocketFactory - Connecting socket to googlechromelabs.github.io/185.199.109.153:443 with timeout 30 SECONDS
16:34:59.795 [Test worker] DEBUG org.apache.hc.client5.http.ssl.SSLConnectionSocketFactory - Enabled protocols: [TLSv1.3, TLSv1.2]
16:34:59.795 [Test worker] DEBUG org.apache.hc.client5.http.ssl.SSLConnectionSocketFactory - Enabled cipher suites: [TLS_AES_256_GCM_SHA384, TLS_AES_128_GCM_SHA256, TLS_CHACHA20_POLY1305_SHA256, TLS_ECDHE_ECDSA_WITH_AES_256_GCM_SHA384, TLS_ECDHE_ECDSA_WITH_AES_128_GCM_SHA256, TLS_ECDHE_ECDSA_WITH_CHACHA20_POLY1305_SHA256, TLS_ECDHE_RSA_WITH_AES_256_GCM_SHA384, TLS_ECDHE_RSA_WITH_CHACHA20_POLY1305_SHA256, TLS_ECDHE_RSA_WITH_AES_128_GCM_SHA256, TLS_DHE_RSA_WITH_AES_256_GCM_SHA384, TLS_DHE_RSA_WITH_CHACHA20_POLY1305_SHA256, TLS_DHE_DSS_WITH_AES_256_GCM_SHA384, TLS_DHE_RSA_WITH_AES_128_GCM_SHA256, TLS_DHE_DSS_WITH_AES_128_GCM_SHA256, TLS_ECDHE_ECDSA_WITH_AES_256_CBC_SHA384, TLS_ECDHE_RSA_WITH_AES_256_CBC_SHA384, TLS_ECDHE_ECDSA_WITH_AES_128_CBC_SHA256, TLS_ECDHE_RSA_WITH_AES_128_CBC_SHA256, TLS_DHE_RSA_WITH_AES_256_CBC_SHA256, TLS_DHE_DSS_WITH_AES_256_CBC_SHA256, TLS_DHE_RSA_WITH_AES_128_CBC_SHA256, TLS_DHE_DSS_WITH_AES_128_CBC_SHA256, TLS_ECDH_ECDSA_WITH_AES_256_GCM_SHA384, TLS_ECDH_RSA_WITH_AES_256_GCM_SHA384, TLS_ECDH_ECDSA_WITH_AES_128_GCM_SHA256, TLS_ECDH_RSA_WITH_AES_128_GCM_SHA256, TLS_ECDH_ECDSA_WITH_AES_256_CBC_SHA384, TLS_ECDH_RSA_WITH_AES_256_CBC_SHA384, TLS_ECDH_ECDSA_WITH_AES_128_CBC_SHA256, TLS_ECDH_RSA_WITH_AES_128_CBC_SHA256, TLS_ECDHE_ECDSA_WITH_AES_256_CBC_SHA, TLS_ECDHE_RSA_WITH_AES_256_CBC_SHA, TLS_ECDHE_ECDSA_WITH_AES_128_CBC_SHA, TLS_ECDHE_RSA_WITH_AES_128_CBC_SHA, TLS_DHE_RSA_WITH_AES_256_CBC_SHA, TLS_DHE_DSS_WITH_AES_256_CBC_SHA, TLS_DHE_RSA_WITH_AES_128_CBC_SHA, TLS_DHE_DSS_WITH_AES_128_CBC_SHA, TLS_ECDH_ECDSA_WITH_AES_256_CBC_SHA, TLS_ECDH_RSA_WITH_AES_256_CBC_SHA, TLS_ECDH_ECDSA_WITH_AES_128_CBC_SHA, TLS_ECDH_RSA_WITH_AES_128_CBC_SHA, TLS_RSA_WITH_AES_256_GCM_SHA384, TLS_RSA_WITH_AES_128_GCM_SHA256, TLS_RSA_WITH_AES_256_CBC_SHA256, TLS_RSA_WITH_AES_128_CBC_SHA256, TLS_RSA_WITH_AES_256_CBC_SHA, TLS_RSA_WITH_AES_128_CBC_SHA, TLS_EMPTY_RENEGOTIATION_INFO_SCSV]
16:34:59.795 [Test worker] DEBUG org.apache.hc.client5.http.ssl.SSLConnectionSocketFactory - Starting handshake (null)
16:34:59.848 [Test worker] DEBUG org.apache.hc.client5.http.ssl.SSLConnectionSocketFactory - Secure session established
16:34:59.848 [Test worker] DEBUG org.apache.hc.client5.http.ssl.SSLConnectionSocketFactory -  negotiated protocol: TLSv1.3
16:34:59.848 [Test worker] DEBUG org.apache.hc.client5.http.ssl.SSLConnectionSocketFactory -  negotiated cipher suite: TLS_AES_128_GCM_SHA256
16:34:59.848 [Test worker] DEBUG org.apache.hc.client5.http.ssl.SSLConnectionSocketFactory -  peer principal: CN=*.github.io, O="GitHub, Inc.", L=San Francisco, ST=California, C=US
16:34:59.848 [Test worker] DEBUG org.apache.hc.client5.http.ssl.SSLConnectionSocketFactory -  peer alternative names: [*.github.io, github.io, *.github.com, github.com, www.github.com, *.githubusercontent.com, githubusercontent.com]
16:34:59.848 [Test worker] DEBUG org.apache.hc.client5.http.ssl.SSLConnectionSocketFactory -  issuer principal: CN=DigiCert TLS RSA SHA256 2020 CA1, O=DigiCert Inc, C=US
16:34:59.848 [Test worker] DEBUG org.apache.hc.client5.http.impl.io.DefaultManagedHttpClientConnection - http-outgoing-2 set socket timeout to 3 MINUTES
16:34:59.848 [Test worker] DEBUG org.apache.hc.client5.http.impl.io.DefaultHttpClientConnectionOperator - googlechromelabs.github.io:443 connected null->googlechromelabs.github.io/185.199.109.153:443 as http-outgoing-2
16:34:59.848 [Test worker] DEBUG org.apache.hc.client5.http.impl.io.PoolingHttpClientConnectionManager - ep-0000000003 connected http-outgoing-2
16:34:59.848 [Test worker] DEBUG org.apache.hc.client5.http.impl.classic.InternalHttpClient - ep-0000000003 endpoint connected
16:34:59.848 [Test worker] DEBUG org.apache.hc.client5.http.impl.classic.MainClientExec - ex-0000000003 executing GET /chrome-for-testing/known-good-versions-with-downloads.json HTTP/1.1
16:34:59.848 [Test worker] DEBUG org.apache.hc.client5.http.protocol.RequestAddCookies - ex-0000000003 Cookie spec selected: strict
16:34:59.848 [Test worker] DEBUG org.apache.hc.client5.http.impl.classic.InternalHttpClient - ep-0000000003 start execution ex-0000000003
16:34:59.848 [Test worker] DEBUG org.apache.hc.client5.http.impl.io.PoolingHttpClientConnectionManager - ep-0000000003 executing exchange ex-0000000003 over http-outgoing-2
16:34:59.848 [Test worker] DEBUG org.apache.hc.client5.http.headers - http-outgoing-2 >> GET /chrome-for-testing/known-good-versions-with-downloads.json HTTP/1.1
16:34:59.848 [Test worker] DEBUG org.apache.hc.client5.http.headers - http-outgoing-2 >> user-agent: Apache-HttpClient/5.0
16:34:59.849 [Test worker] DEBUG org.apache.hc.client5.http.headers - http-outgoing-2 >> accept-encoding: gzip, deflate, br
16:34:59.849 [Test worker] DEBUG org.apache.hc.client5.http.headers - http-outgoing-2 >> cache-control: max-age=0
16:34:59.849 [Test worker] DEBUG org.apache.hc.client5.http.headers - http-outgoing-2 >> connection: keep-alive
16:34:59.849 [Test worker] DEBUG org.apache.hc.client5.http.headers - http-outgoing-2 >> Host: googlechromelabs.github.io
16:34:59.849 [Test worker] DEBUG org.apache.hc.client5.http.wire - http-outgoing-2 >> "GET /chrome-for-testing/known-good-versions-with-downloads.json HTTP/1.1[\r][\n]"
16:34:59.849 [Test worker] DEBUG org.apache.hc.client5.http.wire - http-outgoing-2 >> "user-agent: Apache-HttpClient/5.0[\r][\n]"
16:34:59.849 [Test worker] DEBUG org.apache.hc.client5.http.wire - http-outgoing-2 >> "accept-encoding: gzip, deflate, br[\r][\n]"
16:34:59.849 [Test worker] DEBUG org.apache.hc.client5.http.wire - http-outgoing-2 >> "cache-control: max-age=0[\r][\n]"
16:34:59.849 [Test worker] DEBUG org.apache.hc.client5.http.wire - http-outgoing-2 >> "connection: keep-alive[\r][\n]"
16:34:59.849 [Test worker] DEBUG org.apache.hc.client5.http.wire - http-outgoing-2 >> "Host: googlechromelabs.github.io[\r][\n]"
16:34:59.849 [Test worker] DEBUG org.apache.hc.client5.http.wire - http-outgoing-2 >> "[\r][\n]"
16:34:59.886 [Test worker] DEBUG org.apache.hc.client5.http.wire - http-outgoing-2 << "HTTP/1.1 200 OK[\r][\n]"
16:34:59.886 [Test worker] DEBUG org.apache.hc.client5.http.wire - http-outgoing-2 << "Connection: keep-alive[\r][\n]"
16:34:59.887 [Test worker] DEBUG org.apache.hc.client5.http.wire - http-outgoing-2 << "Content-Length: 29962[\r][\n]"
16:34:59.887 [Test worker] DEBUG org.apache.hc.client5.http.wire - http-outgoing-2 << "Server: GitHub.com[\r][\n]"
16:34:59.887 [Test worker] DEBUG org.apache.hc.client5.http.wire - http-outgoing-2 << "Content-Type: application/json; charset=utf-8[\r][\n]"
16:34:59.887 [Test worker] DEBUG org.apache.hc.client5.http.wire - http-outgoing-2 << "permissions-policy: interest-cohort=()[\r][\n]"
16:34:59.887 [Test worker] DEBUG org.apache.hc.client5.http.wire - http-outgoing-2 << "x-origin-cache: HIT[\r][\n]"
16:34:59.887 [Test worker] DEBUG org.apache.hc.client5.http.wire - http-outgoing-2 << "Last-Modified: Fri, 01 Mar 2024 13:09:31 GMT[\r][\n]"
16:34:59.887 [Test worker] DEBUG org.apache.hc.client5.http.wire - http-outgoing-2 << "Access-Control-Allow-Origin: *[\r][\n]"
16:34:59.887 [Test worker] DEBUG org.apache.hc.client5.http.wire - http-outgoing-2 << "Strict-Transport-Security: max-age=31556952[\r][\n]"
16:34:59.887 [Test worker] DEBUG org.apache.hc.client5.http.wire - http-outgoing-2 << "ETag: W/"65e1d38b-dd850"[\r][\n]"
16:34:59.887 [Test worker] DEBUG org.apache.hc.client5.http.wire - http-outgoing-2 << "expires: Fri, 01 Mar 2024 13:19:47 GMT[\r][\n]"
16:34:59.887 [Test worker] DEBUG org.apache.hc.client5.http.wire - http-outgoing-2 << "Cache-Control: max-age=600[\r][\n]"
16:34:59.887 [Test worker] DEBUG org.apache.hc.client5.http.wire - http-outgoing-2 << "Content-Encoding: gzip[\r][\n]"
16:34:59.887 [Test worker] DEBUG org.apache.hc.client5.http.wire - http-outgoing-2 << "x-proxy-cache: HIT[\r][\n]"
16:34:59.887 [Test worker] DEBUG org.apache.hc.client5.http.wire - http-outgoing-2 << "X-GitHub-Request-Id: 5256:0E70:116F71F:11C49D8:65E1D441[\r][\n]"
16:34:59.887 [Test worker] DEBUG org.apache.hc.client5.http.wire - http-outgoing-2 << "Accept-Ranges: bytes[\r][\n]"
16:34:59.887 [Test worker] DEBUG org.apache.hc.client5.http.wire - http-outgoing-2 << "Date: Fri, 01 Mar 2024 13:34:59 GMT[\r][\n]"
16:34:59.887 [Test worker] DEBUG org.apache.hc.client5.http.wire - http-outgoing-2 << "Via: 1.1 varnish[\r][\n]"
16:34:59.887 [Test worker] DEBUG org.apache.hc.client5.http.wire - http-outgoing-2 << "Age: 115[\r][\n]"
16:34:59.887 [Test worker] DEBUG org.apache.hc.client5.http.wire - http-outgoing-2 << "X-Served-By: cache-fra-eddf8230052-FRA[\r][\n]"
16:34:59.887 [Test worker] DEBUG org.apache.hc.client5.http.wire - http-outgoing-2 << "X-Cache: HIT[\r][\n]"
16:34:59.887 [Test worker] DEBUG org.apache.hc.client5.http.wire - http-outgoing-2 << "X-Cache-Hits: 2[\r][\n]"
16:34:59.887 [Test worker] DEBUG org.apache.hc.client5.http.wire - http-outgoing-2 << "X-Timer: S1709300100.539570,VS0,VE1[\r][\n]"
16:34:59.887 [Test worker] DEBUG org.apache.hc.client5.http.wire - http-outgoing-2 << "Vary: Accept-Encoding[\r][\n]"
16:34:59.887 [Test worker] DEBUG org.apache.hc.client5.http.wire - http-outgoing-2 << "X-Fastly-Request-ID: 15b8fcde7d91c8a5cfcf4236ba143efd8feea7c4[\r][\n]"
16:34:59.887 [Test worker] DEBUG org.apache.hc.client5.http.wire - http-outgoing-2 << "[\r][\n]"
16:34:59.888 [Test worker] DEBUG org.apache.hc.client5.http.headers - http-outgoing-2 << HTTP/1.1 200 OK
16:34:59.888 [Test worker] DEBUG org.apache.hc.client5.http.headers - http-outgoing-2 << Connection: keep-alive
16:34:59.888 [Test worker] DEBUG org.apache.hc.client5.http.headers - http-outgoing-2 << Content-Length: 29962
16:34:59.888 [Test worker] DEBUG org.apache.hc.client5.http.headers - http-outgoing-2 << Server: GitHub.com
16:34:59.888 [Test worker] DEBUG org.apache.hc.client5.http.headers - http-outgoing-2 << Content-Type: application/json; charset=utf-8
16:34:59.888 [Test worker] DEBUG org.apache.hc.client5.http.headers - http-outgoing-2 << permissions-policy: interest-cohort=()
16:34:59.888 [Test worker] DEBUG org.apache.hc.client5.http.headers - http-outgoing-2 << x-origin-cache: HIT
16:34:59.888 [Test worker] DEBUG org.apache.hc.client5.http.headers - http-outgoing-2 << Last-Modified: Fri, 01 Mar 2024 13:09:31 GMT
16:34:59.888 [Test worker] DEBUG org.apache.hc.client5.http.headers - http-outgoing-2 << Access-Control-Allow-Origin: *
16:34:59.888 [Test worker] DEBUG org.apache.hc.client5.http.headers - http-outgoing-2 << Strict-Transport-Security: max-age=31556952
16:34:59.888 [Test worker] DEBUG org.apache.hc.client5.http.headers - http-outgoing-2 << ETag: W/"65e1d38b-dd850"
16:34:59.888 [Test worker] DEBUG org.apache.hc.client5.http.headers - http-outgoing-2 << expires: Fri, 01 Mar 2024 13:19:47 GMT
16:34:59.888 [Test worker] DEBUG org.apache.hc.client5.http.headers - http-outgoing-2 << Cache-Control: max-age=600
16:34:59.888 [Test worker] DEBUG org.apache.hc.client5.http.headers - http-outgoing-2 << Content-Encoding: gzip
16:34:59.888 [Test worker] DEBUG org.apache.hc.client5.http.headers - http-outgoing-2 << x-proxy-cache: HIT
16:34:59.888 [Test worker] DEBUG org.apache.hc.client5.http.headers - http-outgoing-2 << X-GitHub-Request-Id: 5256:0E70:116F71F:11C49D8:65E1D441
16:34:59.888 [Test worker] DEBUG org.apache.hc.client5.http.headers - http-outgoing-2 << Accept-Ranges: bytes
16:34:59.888 [Test worker] DEBUG org.apache.hc.client5.http.headers - http-outgoing-2 << Date: Fri, 01 Mar 2024 13:34:59 GMT
16:34:59.888 [Test worker] DEBUG org.apache.hc.client5.http.headers - http-outgoing-2 << Via: 1.1 varnish
16:34:59.888 [Test worker] DEBUG org.apache.hc.client5.http.headers - http-outgoing-2 << Age: 115
16:34:59.888 [Test worker] DEBUG org.apache.hc.client5.http.headers - http-outgoing-2 << X-Served-By: cache-fra-eddf8230052-FRA
16:34:59.888 [Test worker] DEBUG org.apache.hc.client5.http.headers - http-outgoing-2 << X-Cache: HIT
16:34:59.888 [Test worker] DEBUG org.apache.hc.client5.http.headers - http-outgoing-2 << X-Cache-Hits: 2
16:34:59.888 [Test worker] DEBUG org.apache.hc.client5.http.headers - http-outgoing-2 << X-Timer: S1709300100.539570,VS0,VE1
16:34:59.888 [Test worker] DEBUG org.apache.hc.client5.http.headers - http-outgoing-2 << Vary: Accept-Encoding
16:34:59.888 [Test worker] DEBUG org.apache.hc.client5.http.headers - http-outgoing-2 << X-Fastly-Request-ID: 15b8fcde7d91c8a5cfcf4236ba143efd8feea7c4
16:34:59.889 [Test worker] DEBUG org.apache.hc.client5.http.impl.classic.MainClientExec - ex-0000000003 connection can be kept alive for 3 MINUTES
16:35:00.786 [AsyncHttpClient-1-1] DEBUG org.asynchttpclient.netty.channel.DefaultChannelPool - Entry count for : http://localhost:5516 : 1
16:35:00.786 [AsyncHttpClient-1-1] DEBUG org.asynchttpclient.netty.channel.DefaultChannelPool - Entry count for : http://localhost:56793 : 1
16:35:01.830 [Test worker] DEBUG org.apache.hc.client5.http.wire - http-outgoing-2 << "[0x1f][0xffffff8b][0x8][0x0][0x0][0x0][0x0][0x0][0x0][0x3][0xffffffcd][0xffffffbd][0xffffffdd][0xffffff8e]$Kv^y?[0xffffff8f][0xffffffd1][0xffffffd7][0xffffffea][0xffffffc3]p3[0xffffffb7]?>[0xffffffc7]\[0xffffffcd]@[0x17]=d[0xf][0xffffffd9]@[0xffffff93]MtS[0xffffffd2]`[0x4][0xffffffbd][0xfffffffb]DFfU[0xffffffe6][0xffffffb1][0xfffffffd]E[0xffffffcd][0x9][0xffffffaf][0xffffffc6]^[0x1f] A[0xffffffa0][0xffffffc4],7[0x11][0xb][0xb][0xffffffab]=lo[0xffffffff][0xffffff9f][0xffffffbf][0xfffffffb][0xffffffcf]?[0xfffffffd][0xffffffdb][0x1f][0xffffffff][0xfffffff6][0xffffff9f][0x7f][0xfffffff8][0xffffffb7][0xffffffff][0xfffffff8][0xffffffdd]?[0xfffffffe][0xffffffae][0xffffffdc][0xffffffca][0xfffffff9][0xfffffffb][[0xfffffffd][0xfffffffd][0xffffffed][0xfffffff8][0xffffffdf]o[0xffffffeb][0x1f][0xffffffef][0xffffffff][0xffffffab][0xffffffb6]_[0xffffff8e][0xfffffff3][0xfffffff8]?~[0xfffffff7]_~[0xfffffff7][0xffffffdf][0xffffffff][0xfffffff8][0xffffffd7][0xffffffbf][0xfffffffd][0xffffffe9]/[0xffffffff][0xfffffffe][0xffffffb7][0xffffffdf][0xfffffffd][0xffffffe3][0xffffffff][0xfffffff9]?[0xffffffbf][0xfffffffd][0x17][0xfffffff7][0xffffffbf]8[0xffffff8e][0xfffffffa][0xffffffcb][0xffffffed][0xffffff97][0xffffffd6]G[0xfffffff9][0xffffffe5]v[0xffffffff][0xffffffef][0xfffffffa][0xffffffeb][0x1f][0xffffffff][0xfffffffb][0xffffff9f][0xffffffbe][0xffffffff][0xffffffbf][0xffffff94][0xffffffe3]l[0xffffffed][0xfffffffe][0x7f][0xfffffff9][0xffffffcf][0x7f][0xfffffff9][0x1f][0xffffffff][0xfffffffe][0xffffffe7][0xffffffbf][0xfffffffc][0xffffffe1][0xffffff9f][0xffffffef][0x7f][0xfffffffb]?[0x7f][0xfffffff7]O[0xffffffff][0xfffffffa][0xffffffd7][0xffffffbf][0xfffffffc][0xffffffdb][0x1f][0x1f][0xffffffff][0xffffffca][0x7f][0xfffffffc][0xfffffff9][0xf][0xffffffff][0xfffffff9][0x7f][0xffffffff][0xffffffe5][0xffffffaf][0xffffffff]v[0xffffffff]o[0xfffffffe][0xfffffff3][0xffffff9f][0xfffffffe][0xfffffffd][0xffffffbf][0xfffffffd]?[0xfffffffd][0xffffffbc][0xffffffff]7[0xffffffff][0xffffffb7][0xffffffbf][0xfffffffe][0xfffffff9][0xfffffffe]_[0xffffffff][0xffffffeb][0x7f][0xfffffffe][0xffffffe7][0x7f][0xfffffffc][0xffffffed][0x1f][0xffffffff][0xffffffe1][0x1f][0xfffffffe][0xfffffff6][0xffffff9f][0x7f][0xfffffff9][0xffffffeb][0x1f][0xfffffffe][0xffffffe5][0xffffff8f][0xffffffbf][0xfffffffc][0xffffffcb]_[0xfffffffe][0xfffffff2]/[0x7f][0xfffffffe][0xffffffe3][0x1f][0xfffffffe][0xffffffe3]O[0x7f][0xfffffffb][0xffffffe5][0xffffff9f][0xfffffffe][0xfffffff2]o[0xffffffff][0xfffffff0][0xfffffffe][0xffffff8f][0xfffffffc][0xfffffffe][0xfffffffe][0xffffffc7][0xffffffbf][0xffffffff][0xffffffcf][0xfffffffb][0xffffffe1][0xffffffff][0xfffffff4][0xffffffef][0xffffffff][0xfffffff2][0xfffffffb][0xffffffff][0xfffffff8]o[0xffffffff][0xffffffd7][0xffffff9f][0xffffffff][0xfffffff4]O[0xffffffff][0xfffffff0][0xfffffff5]<[0xffffffff][0xfffffff0][0xfffffff1][0xffffffaf]~[0xfffffffb]o[0xffffffff][0xfffffff8]/[0x7f][0xfffffff9][0x7f][0xffffffff][0xfffffff4][0x1f][0xffffffbf][0xfffffffb]_[0xffffffff][0xffffffe5]W[0xffffffcf][0xffffffff][0xffffffb7]?[0xfffffffc][0xffffffd3][0xffffffef][0xffffffff][0xfffffff0][0xffffffd7][0x7f][0xfffffffb][0xffffffbb][0xffffff9f][0xffffffe0][0xfffffffb][0xffffffbf][0xfffffffb][0xffffffed][0xf][0xffffffbe][0xffffffff]_<;[0xffffffc5][0xffffffdf][0xffffffff][0x7f][\n]"
16:35:01.830 [Test worker] DEBUG org.apache.hc.client5.http.wire - http-outgoing-2 << "[0x1f][0xffffffff][0xffffffea][0xffffffd7][0x13]<[0xfffffff9][0xffffff9f][0xffffffc2][0xffffffff][0xfffffff8][0xffffffd3][0xffffffbf][0xffffffd7][0xfffffff2]w~[0xfffffffa][0xffffffe3][0xffffffdf][0xfffffffc][0xfffffff6][0xffffffdf][0xfffffffc][0xfffffff8]/[0xffffff9e]<[0xfffffff9][0xffffffef][0xfffffffe][0xffffffff][0xffffffef][0xffffffc7][0xffffffbf][0xfffffff9][0xffffffe5][0xffffffc9][0xffffffdf][0xfffffffe][0xffffffff][0xfffffffc]_[0xffffffff][0xffffffd7][0xffffffdb][0xffffffc3]%[0xffffffc2][0xffffffb5][0xffffff99]1\[0x1b][0xe][0xfffffff1][0xfffffffd][0x8]<[0xffffffc5][0x1f][0xffffff87][0xffffffa0]0[0xffffffbe]?[0xffffff9e][0xffffffe2][0xfffffff8][0xfffffffd][0xffffffd1][0xffffffaf][0xffffff82][0xffffffdc][0xffffffab][0x19][0xffffffc8][0xffffffbd][0xffffffe2] [0xffffffdf][0xffffff8f][0xffffffc0][0xffffff83][0xfffffffc]q[0x8][\n]"
16:35:01.831 [Test worker] DEBUG org.apache.hc.client5.http.wire - http-outgoing-2 << "[0xffffffe4][0xfffffffb][0xffffffe3])[0xffffff90][0xffffffdf][0x1f][0xfffffffd][0x1b]A>[0x1f][0x7f][0xffffffb5][0xffffffba][0xffffff88][0xffffff8a]^[0xfffffffa]J[0xffffffe7][0xfffffff8][0xfffffff3]<[0x14][0xffffffc6]_N[0xffffff80]Q[0xffffffbc][0xffffff9d]![0x19][0xffffffe2]/OOf[0xfffffff8][0xffffffd7]O~[0x5][0xffffffe1]q[0xffffff9b][0x2][0xffffffe1]Y[0xffffffdb][0xffffffc1] [0xfffffffc]8[0xf][0xffffff8a][0xfffffff0][0xfffffffb][0x9]X[0xffffff84]?[0xffffffcf]@ [0xfffffffc][0xfffffffe]t[0x2][0xffffffe1][0xffffffef]O~[\r][0xffffffe1][0xffffffa5][0x10]n[0xffffffe7]I![0xffffffbc]p[0xffffff84][0xffffff97][0x1][0xffffffc2][0xb]Exa[0x8][0xffffffaf][0xb][0x8][0x1f]7[0xffffff85][0xfffffff0][0xffffffac][0x13]B[0xfffffff8][0xffffffed]<,[0xffffffc2][0xffffff8f][0x13][0xffffffc0][0x8][0x7f]?[0x3][0xffffff82][0xfffffff0][0xffffffe3][0xffffffe9][0x8][0xffffffc2][0xffffffdf][0xffffff9e][0xfffffffc][0x1a][0xffffffc2][0xffffffc7]/[0xfffffff1]?[0xffffffd3][0xffffffad][0xffffffa3][0xffffffdf]([0xffffff84][0xffffffef][0xffffffe7][0xffffff81][0x11]~;[0x1][0xffffff8d][0xfffffff0][0xffffffb7]30[0x8][0xffffffbf]=[0xffffff9d]A[0xfffffff8][0xffffffe3][0xffffffc9][0xffffffaf]!\[0xffffff85][0xffffff85][0xffffffd7][0xffffffe8]TH[0xffffffbc][0xffffff9d][0x7]F[0xffffffb8][0x1a]X[0xffffffb8][0xffffffa2][0x16][0xffffffae][0xffffff98][0xffffff85][0xffffffeb][0x15][0xb][0xffffffb7][0xffffff88]p[0xffffffbd][0xffffffd5]Y)[0xffffff84][0x1b][0xffffff8e]p3@[0xffffffb8][0xffffffa1][0x8]7[0xc][0xffffffe1]v[0x5]a[0xfffffff1]F[0xffffffa2][0x1e][0x5]x9[0xfffffffc]y[0x1e][0x18]a[0xffffff83]7[0x12][0x7][0xfffffffa]F[0xffffffe2][0xffffffc0][0xffffffde]H[0x1c]W[0xffffffde]H[0xffffff94][0xffffffdb]/gDx[0xffffffde]:[0xffffff84][0xfffffff0][0xffffffdb]yX[0xffffff84][0x1f]'[0xffffff80][0x11][0xfffffffe]~[0x6][0x4][0xffffffe1][0xffffffc7][0xffffffd3][0x11][0xffffff84][0xffffffbf]=[0xfffffff9]5[0xffffff84][0xffffffc5]}[0xffffff89]ZN[0xe]a[0xfffffff0][0xffffffbe][0xffffffc4][0xffffff97][0x13][0xffffffd0][0x8]C[0xfffffff7]%[0xffffffbe]<[0xffffff9d]A[0xfffffff8][0xffffffb5][0xfffffffb][0x12][0x1f][0x7f]t[\n]"
16:35:01.831 [Test worker] DEBUG org.apache.hc.client5.http.wire - http-outgoing-2 << "[0xffffff84][0xffffffeb][0xffffffed][0xffffffa0][0xffffffde]H[0xffffffbc][0xffffff9d][0x7]F[0xfffffff8]4@[0xfffffff8]D[0x11]>1[0xffffff84][0xffffffcf]+[0x8][0xffffffab][0x16]>[0xffffffcb]A[0xfffffffd]:W[0xfffffff0][0x16].[0x6]-\[0xffffffd0][0x16].X[0xb][0xffffff97]+-\UH[0xffffff9c][0xffffffe7]*[0x10][0xffffffc2][0x15][0xf][0xffffff89]j[0x10][0x12][0x15][\r][0xffffff89][0xffffff8a][0xffffff85]D[0xffffffbd][0x12][0x12]U[0xffffffbc][0x17][0xffffffae][0xffffffe7][0x1c][0xffffffd4][0x1b][0xffffff89][0xffffff8a][0xffffffbf][0x17][0xffffffae][0x6][0xffffffef][0xffffff85]+[0xfffffffa]^[0xffffffb8]b[0xffffffef][0xffffff85][0xffffffeb][0xffffff95][0xfffffff7][0xffffffc2]U[0xffffffb5]p;n[0x18][0xffffffc2]x[0xb]W[0xffffff83][0x16][0xfffffffe]~[0x6][0x6]a[0xffffffac][0xffffff85][0xffffffbf]=[0xfffffff9]5[0xffffff84][0xffffffd5]O[0x1b][0xffffffad][\r][0xffffffea]?[0xffffffce]U[0xfffffffc][0xffffffa7][0xffffff8d]j[0xfffffff0][0xffffffd3]FE[0x7f][0xffffffda][0xffffffa8][0xffffffd8]O[0x1b][0xfffffff5][0xffffffca]O[0x1b][0xfffffff7]?*f[0x8][0x17][0x1c][0xffffffe1]b[0xffffff80]pA[0x11].[0x18][0xffffffc2][0xffffffe5][\n]"
16:35:01.831 [Test worker] DEBUG org.apache.hc.client5.http.wire - http-outgoing-2 << "[0xffffffc2][0xffffffe1][0xffffff9a][0xf][0xffffff8c]0|[0xffffffcd][0xffffffe7]q[0x2][0x1e]a[0xfffffff0][0xffffff9a][0xffffffcf][0xffffffe3][0xffffffe9][0x14][0xffffffc2][0xffffffaf]_[0xfffffff3][0xffffffb9][0xffffffff]Q7C[0xffffffb8][0xffffffe3][0x8]w[0x3][0xffffff84];[0xffffff8a]p[0xffffffc7][0x10][0xffffffee]W[0x10]>[0xffffffdc][0x18]>x[0xffffff88][0xf][0x7][0xffffff8a][0xf][0x16][0xffffffe3][0xffffff83][0xffffffe3][0xfffffff8][0xffffffb8][0x4]rq[0x3][0xffffffb9][0xfffffff0] [0x17][0x7][0xffffff90][0xb][0xb]r[0xffffffe1]@.[0xffffff97]@[0xffffff8e][0xffffffc3][0xfffffff9]0[0xffffffc8][0xffffffdc]p[0xfffffffe][0xffffffd7]#[0xfffffff0] 3[0xffffffc3][0xfffffff9]_[0x1f]O[0xffffff81][0xfffffffc][0xffffffd2]p[0xfffffffe][0xfffffff7][0xffffffbf]:[0xffffffdd]@>y[0xffffff90]O[0x7][0xffffff90]O[0x16][0xffffffe4][0xffffff93][0x3][0xfffffff9][0xffffffbc][0x4][0xfffffff2]r{a[0xffffffbc][0xfffffff8]7[0xffffffc6][0xfffffff7]#[0xfffffff0] [0x7f][0x1c][0xffffff82][0x2]yq/[0xffffff8d][0xffffffd7][0xffffffa5][0xffffffb7][0xffffffc6]Gu{[0xffffffe9]v?[0x11][0xffffff8e][0xfffffff2][0xffffffdb][0x19]x[0xffffff96][0xffffffbf][0xffffff9d][0xffffff82][0xffffff82][0xfffffff9][0xffffffed][0xfffffff9][0x14][0xffffffcd][0x1f][0xffffffcf][0xfffffffe][0xffffff8d]8[0xffffffb7][0xfffffff7]?[0x13][0xffffffe3][0xfffffffa]u[0xffffffdc]z[0xfffffffe][0xffffff85][0xffffffa0][0xffffffcf][0xfffffff3]P([0x7f]9[0x1][0x6][0xfffffff2]v[0xffffff86]d[0xffffff8c][0xffffffbf]<=[0x19][0xffffffe2]_?[0xfffffff9]%[0xffffff84]O1[0xffffffae]_G[0xffffff9d][0xfffffff9][0xffffffd7]2?[0xffffffcf][0xffffffc3]"|[0xffffffa2][0xffffffe3][0xfffffffa][0xffffffdb][0x19][0x10][0xffffff84]O`\[0xffffffff][0xffffffd7]O~[\r][0xffffffe1]C![0xffffffdc][0xffffffce][0xfffffffc][0xffffffa4][0xfffffff8]<[0xf][0xffffff8c][0xfffffff0]a[0xffffff80][0xfffffff0][0xffffff81]"|`[0x8][0x1f]W[0x10]V7[0xffffff8b]G[[0xffffff83]B[0x18][0xffffffbc]Y[0xfffffffc][0xffffffe5][0x4]4[0xffffffc2][0xffffffd0][0xffffffcd][0xffffffe2]/Og[0x10]~[0xffffffed]f[0xfffffff1][0xffffffc7][0x1f][0xffffffa9][0xffffff9b][0xffffffc5][0xffffffa3][0xffffff9f][0xfffffff9][0xb][0x4]?[0xffffffcf][0x3]#[0xffffff8c][0xffffffde],[0xffffffde][0xffffffce][0xffffffc0] [0xc][0xffffffdc],[0xfffffffe][0xfffffff5][0xffffff93]_C[0xfffffff8][0xffffff94][0x8][0xffffffaf][0xfffffffc][0xffffff8d][0x13][0xffffff9f][0xffffffe7][0xffffff81][0x11]>[\r][0x10]>Q[0xffffff84]O[0xc][0xffffffe1][0xfffffff3][\n]"
16:35:01.831 [Test worker] DEBUG org.apache.hc.client5.http.wire - http-outgoing-2 << "[0xffffffc2]C <K[0xffffffc1]Bb[0xffffffe0][0x8][0xf][0x3][0xffffff84][0x7][0xffffff8a][0xfffffff0][0xffffffc0][0x10][0x1e]W[0x10]V/[0xffffffd5][0xffffffe6]l[0xffffff98][0xffffff85][0xfffffff1][0xffffff97]j[0xffffffa7][0xffffffc1]K[0xffffffb5][0x13]}[0xffffffa9]vb/[0xffffffd5][0xffffffce]+/[0xffffffd5][0xffffff9a]z[0xffffffa9][0xffffffb6][0xffffffca]A![0xffffffdc][0xfffffff0][0xffffff97]j[0xffffffcd][0xffffffe0][0xffffffa5]ZC_[0xffffffaa]5[0xffffffec][0xffffffa5]Z[0xffffffbb][0xfffffff2]R[0xffffffad][0xffffffa9][0xffffff97]j[0xffffffeb],[0xffffffd4]K[0xffffffb5][0xffffff86][0xffffffbf]Tk[0x6]/[0xffffffd5][0x1a][0xfffffffa]R[0xffffffad]a/[0xffffffd5][0xffffffda][0xffffff95][0xffffff97]j[0xfffffff7]?[0xffffff8a]#J,[0xffffffc2][0xffffffd8][0xffffff88][0xffffffd2][0xffffff97][0x13][0xfffffff0][0x8]##J_[0xffffff9e]N![0xfffffffc][0xffffffca][0xffffff88][0xffffffd2][0xffffffc7][0x1f][0x15][0xffffff85][0xfffffff0][0xffffffbd][0xffffffab])[0xffffff84][0xb][0xffffff8e]p1@[0xffffffb8][0xffffffa0][0x8][0x17]"
16:35:01.883 [AsyncHttpClient-1-1] DEBUG org.asynchttpclient.netty.channel.DefaultChannelPool - Entry count for : http://localhost:5516 : 1
16:35:01.883 [AsyncHttpClient-1-1] DEBUG org.asynchttpclient.netty.channel.DefaultChannelPool - Entry count for : http://localhost:56793 : 1
16:35:02.093 [Test worker] DEBUG org.apache.hc.client5.http.wire - http-outgoing-2 << "[0xc][0xffffffe1]r[0x5]a[0xfffffff1]^[0xfffffff8][0xffffffbc][0xffffffdd]J[0xfffffffe][0xfffffff6][0xffffffb5][0xffffffcf][0xfffffff3][0xffffffc0][0x8][0x1b][0xffffffbc][0x17]n[0xffffffe8]{[0xffffffe1][0xffffff86][0xffffffbd][0x17]nW[0xffffffde][0xb][0xffffffb7][0xffffffa6][0x10]n[0xffffffc0][0xffffffc6][0xffffff89][0xffffffcf][0xfffffff3][0xffffffc0][0x8]7[0x3][0xffffff84][0x1b][0xffffff8a]p[0xffffffc3][0x10]nW[0x10][0x16][0xffffff9f][0xfffffff7][0xffffffba]#[0xffffff8c][0xffffffdd]Tk[0xffffffe0][0xffffffe7][0xffffffbd][0xffffffbe][0xffffff9c][0xffffff80]F[0x18][0xfffffffa][0xffffffbc][0xffffffd7][0xffffff97][0xffffffa7]3[0x8][0xffffffbf][0xfffffff6]y[0xffffffaf][0xffffff8f]?[0x12]?m[0xffffff9c][0xffffffb7][0xffffffce]Y[0x18][0xffffffff]i[0xffffffa3][0x19][0xfffffffc][0xffffffb4][0xffffffd1][0xffffffd0][0xffffff9f]6[0x1a][0xfffffff6][0xffffffd3]F[0xffffffbb][0xfffffff2][0xffffffd3]F[0x13];0[0xffffffef][0x8][0x3][0x1f][0xffffff96][0xfffffff9]<[0xf][0xffffff8c]0[0xffffffba][0x3]s;[0x3][0xffffff83]0[0xffffffb0][0x3][0xfffffff3][0xffffffd7]O~[\r]a[0xfffffff1][0xffffffeb][0xffffffdc]y[0x1b][0xffffff83][0xffffffba]/[0xffffffdc][0xfffffff0]_[0xffffffe7][0xffffff9a][0xffffffc1][0xffffffaf]s[\r][0xfffffffd]u[0xffffffae]a[0xffffffbf][0xffffffce][0xffffffb5]+[0xffffffbf][0xffffffce]u[0xfffffff1][0xffffffd3][0xffffffc6][0xffffff89]|[0xffffff95][0xffffffe3][0xfffffff3]<,[0xffffffc2][0xffffffdd][0xffffffe0][0xffffffa7][0xffffff8d][0xffffff8e][0xfffffffe][0xffffffb4][0xffffffd1][0xffffffb1][0xffffff9f]6[0xfffffffa][0xffffff95][0xffffff9f]6[0xffffffba][0xffffffb8]/|[0x1e][0xffffffbd]R/[0xffffffd5]:~_[0xffffffb8][0x1b][0xffffffdc][0x17][0xffffffee][0xffffffe8]}[0xffffffe1][0xffffff8e][0xffffffdd][0x17][0xffffffee]W[0xffffffee][0xb][0xffffffdf][0xffffffff][0xffffffe8]4C[0x18][0xfffffffb][0xffffffb0][0xffffffcc][0xffffff97][0x13][0xfffffff0][0x8]#[0x1f][0xffffff96][0xfffffff9][0xfffffff2]t[\n]"
16:35:02.093 [Test worker] DEBUG org.apache.hc.client5.http.wire - http-outgoing-2 << "[0xffffffe1]W>,[0xfffffff3][0xfffffff1]G[0xffffffea][0xffffffa7][0xffffff8d]cu[0xffffffaa][0xffffff85];[0xfffffffe][0xffffffd3]F7[0xfffffff8]i[0xffffffa3][0xffffffa3]?mt[0xffffffec][0xffffffa7][0xffffff8d][0xfffffffe][0xffffffc3][0xffffff9f]6[0xfffffffe][0xffffffcb][0x7][0xffffff84][0xffffffff][0xfffffffc][0xffffffd7]?[0xffffffdd]A&P|[0x7f][0xffffffb2][0x3][0xffffff90][0x1f]'[0xffffffc1][0xffffffb1][0xfffffffc]r[0xe][0x8][0xffffffce][0xffffff8f][0x13]`[0xffffff88]~>[0xffffffff][0xffffffff][0xffffffd7][0xffffffb5]M[0xffffffb8][0xffffffb6]t[0xffffffe0][0xffffffb3][0xffffffe2][0xffffff9f][0xffffffe7][0xffffff81]][0xffffffdb][0xc]\[0xffffffdb][0x2][0xffffffd4][0xffffff99]87[0xffffffcc][0xffffffb5][0xffffffcd][0xffffffc9][0xffffffb5][0x11]E[0xffffffc6][0xffffffb5][\n]"
16:35:02.093 [Test worker] DEBUG org.apache.hc.client5.http.wire - http-outgoing-2 << "H[0xffffffc6][0xffffffb5][0x11][0xffffffcb]|[0xffffffd7][0xffffffee]pf[0xffffffbb]vG[0xfffffff4][0x5][0xffffffd7][0xffffffaa]_[0xffffffda][0xffffffea]11[0xffffffd7][0xffffffe2][0xffffffbf][0xffffffb4]u[0xffffff83]_[0xffffffda]:[0xfffffffa]K[[0xffffffc7]~i[0xffffffeb]?[0xfffffffc][0xffffffa5]-[0xffffffdb][0xffffffb5][0x11]E[0xffffffc6][0xffffffb5][\n]"
16:35:02.093 [Test worker] DEBUG org.apache.hc.client5.http.wire - http-outgoing-2 << "H[0xffffffc6][0xffffffb5][0x11][0xffffffcb]|[0xffffffd7][0xffffffee]pf[0xffffffbb]vG[0xfffffff4][0x5][0xffffffd7][0xffffffaa][0xffffff9f][0xffffff84]k[0xffffffab][0xffffffd8][0xffffff8f][0x11][0xfffffff8]O[0xffffffc2][0xffffffdd][0xffffffe0]'[0xffffffe1][0xffffff8e][0xfffffffe]$[0xffffffdc][0xffffffb1][0xffffff9f][0xffffff84][0xfffffffb][0xf][0x7f][0x12][0xffffffce]vmD[0xffffff91]q[0xffffffad][0x2][0xffffff92]qm[0xffffffc4]2[0xffffffdf][0xffffffb5];[0xffffff9c][0xffffffd9][0xffffffae][0xffffffdd][0x11]}[0xffffffc1][0xffffffb5][0xffffffea][0xffffffee]B[0xffffffed][0xffffff8d]ZQ[0xffffffd2][0xfffffff1][0xffffffbb][0xb][0xffffffdd][0xffffffe0][0xffffffee]BG[0xffffffef].t[0xffffffec][0xffffffee]B[0xffffffff][0xffffffe1][0xffffffdd][0xffffff85]l[0xffffffd7]F[0x14][0x19][0xffffffd7]* [0x19][0xffffffd7]F,[0xfffffff3]][0xffffffbb][0xffffffc3][0xffffff99][0xffffffed][0xffffffda][0x1d][0xffffffd1][0xffffffdf][0xffffffee][0xffffffda]!F[0xffffffe0][0xffffffcf]:[0xe]jrm[0xffffffe0]#[0xfffffff0][0xffffffc3]`[0x4]~[0xffffffa0]#[0xfffffff0][0x3][0x1b][0xffffff81][0x1f]?[0x1c][0xffffff81]Ov[0xffffffad]@[0x11]q[0xffffffad][0x4][0x12]q[0xffffffad][0xffffffc0]2[0xffffffdd][0xffffffb5][0x1][0xffffffce]d[0xffffffd7][0x6]D_p[0xffffffad][0xffffffba][0xffffffd0]X[0xffffffef][0xffffffa5]L[0xffffffb9][0x16][0xffffffbf][0xffffffd0]8[0xc].4[0xe][0xfffffff4]B[0xffffffe3][0xffffffc0].4[0xffffff8e][0x1f]^h[0xffffffcc]vmD[0xffffff91]q[0xffffffad][0x2][0xffffff92]qm[0xffffffc4]2[0xffffffdf][0xffffffb5];[0xffffff9c][0xffffffd9][0xffffffae][0xffffffdd][0x11]}[0xffffffc1][0xffffffb5][0xffffffea][0xffffffe6]m[0xffffff9d][0x7]umq[0xffffffe0]7o[0xffffff87][0xffffffc1][0xffffffcd][0xffffffdb][0xffffff81][0xffffffde][0xffffffbc][0x1d][0xffffffd8][0xffffffcd][0xffffffdb][0xfffffff1][0xffffffc3][0xffffff9b][0xffffffb7][0xffffffd9][0xffffffae][0xffffff8d](2[0xffffffae]U@2[0xffffffae][0xffffff8d]X[0xffffffe6][0xffffffbb]v[0xffffff87]3[0xffffffdb][0xffffffb5];[0xffffffa2]/[0xffffffb8]V[0xffffffdd][0xffffffaf][0xffffffad][0xb][0xfffffff8]V[0xffffffd0][0xffffffe7]y`[0xffffffd7][0x1a][0xffffffdc][0xffffffaf][0x1d][0xfffffff1]"c&[0xffffffce][0xffffffd8][0xfffffffd][0xffffffda][0xffffffb1]_^D]kr[0xffffffbf]V[0x2][0xffffffc9][0xffffffb8][0xffffffd6][0xffffffe0]~m[0xffffff80]3[0xffffffdb][0xffffffb5][0xffffffd7][0xffffffef][0xffffffd7][0xffffffde][0xffffffff][0xfffffff4]4s-<[0xffffff8e][0xfffffff3]8[0x1][0xffffffef]Zp[0x1c][0xffffffe7][0xfffffff1]t[0xffffffca][0xffffffb5]?[0x18][0xffffffc7][0xffffffc9]w[0xffffffed][0xffffff8e]"[0xffffffe5][0xffffffda][0x8]$[0xffffffe5][0xffffffda][0x1d]K[0xffffffc2][0xffffffb5]'[0xffffffec][0xffffffda][0xfffffff3][0xffffffaa]k[0xffffffd5]2[0xffffffa6]sa[0xffffffeb][0xffffffa1][0x7][0xffffffbe][0xffffff8c]i[0x18],c[0x1a][0xffffffe8]2[0xffffffa6][0xffffff81]-c[0x1a]?\[0xffffffc6][0xffffff94][0xffffffed][0xffffffda][0xffffff88]"[0xffffffe3]Z[0x5]$[0xffffffe3][0xffffffda][0xffffff88]e[0xffffffbe]kw8[0xffffffb3]][0xffffffbb]#[0xfffffffa][0xffffff82]k[0xffffffd5],C+[0xffffffd8][0xffffffd7]$[0x6]>[0xffffffcb]0[0xc]f[0x19]F[0xffffffbc]4[0xffffff9e][0xffffff89]36[0xffffffcb]0[0xfffffff6][0xffffff8b][0xffffffe2][0xffffffa8]kMf[0x19]$[0xffffff90][0xffffff8c]k[\r]f[0x19][0x2][0xffffff9c][0xffffffd9][0xffffffae][0xffffffbd]>[0xffffffcb]0[0xffffffd5]=[0xffffff84]~b[0xffffff9f][0x0][0xffffff9c][0xfffffff8]=[0xffffff84]ip[0xf]a[0xffffffc6][0x1f]|[0x13]q[0xffffff9e][0xffffffd8]=[0xffffff84][0xffffffb9][0xffffffff][0xffffffc8]K[0xffffffba]V[0xffffffa0][0xffffff88][0xffffffb8]V[0x2][0xffffff89][0xffffffb8]V`[0xffffff99][0xffffffee][0xffffffda][0x0]g[0xffffffb2]k[0x3][0xffffffa2]/[0xffffffb8][0xffffffb6])[0xffffffd7][0xffffffae]rR[0xffffffae]m[0xffffffb8]k[0xffffff9b][0xffffff81]k[[0xffffff80]:[0x13][0xffffffe7][0xffffff86][0xffffffb9][0xffffffb6]9[0xffffffb9]6[0xffffffa2][0xffffffc8][0xffffffb8]V[0x1][0xffffffc9][0xffffffb8]6b[0xffffff99][0xffffffef][0xffffffda][0x1d][0xffffffce]l[0xffffffd7][0xffffffee][0xffffff88][0xffffffbe][0xffffffe0]Z576[0xffffffee][0xffffffff]"[0xffffffe5]Z|nl[0x1a][0xffffffcc][0xffffff8d][0xffffffcd]8[0xffffffa0][0xffffff93][0xffffff89]3676[0xfffffff7][0xffffffa1][0x1c][0xffffffd4][0xffffffb5]&sc[0x12]H[0xffffffc6][0xffffffb5][0x6]sc[0x1][0xffffffce]l[0xffffffd7]^[0xffffff9f][0x1b][[0xffffffb7]_jp[0xffffffed][0xffffffbc][0xffffffff]o[0xffffffc8][0xffffffb5]o[0xffffffe7]a][0xfffffffb]8[0x1][0xffffffec][0xffffffda][0xffffffef]g@\[0xfffffffb]x:[0xffffffe2][0xffffffda]oO[0xffffffb6]p[0xffffffad]@[0x11]q[0xffffffad][0x4][0x12]q[0xffffffad][0xffffffc0]2[0xffffffdd][0xffffffb5][0x1][0xffffffce]d[0xffffffd7][0x6]D_r[0xffffffed][0xffffffe1]&[0xffffffdb][0xffffff83][0xffffffb7][0xffffffed][0xffffffe1][0xffffffa0][0xffffffdb][0xffffff83][0xfffffff5][0xffffffed][0xffffffc1][0x9][0xfffffff7][0xffffffb0]2n[0xffffffe0][0xffffff91]R[0xffffffae][0xffffffa0][0xffffff92]rn`[0xffffff93][0xffffff90][0xffffffee]A[[0xfffffff7][0xfffffff8][0x9][0xffffffed]>^[0xffffffd3]:i[0xffffffb7][0xffffffc0][0xffffff97]m[0xffffffdf][0xffffff8f][0xffffffc0]k[0xffffffb7][0xffffff80][0xffffffd7]m[0xffffffdf][0x1f]Oi[0xffffffb7][0xfffffff8]\[0xffffffb8]U<R[0xffffffda][0x15]TR[0xffffffda][\r]l[0x12][0xffffffda]-[0xffffffe8][0xffffffa5][0xffffffdb][0xffffffc8][0xffffffe9]K[0xffffffda]m[0xffffffdd]L[0xffffffbb][0xffffffad][0xffffffe3][0xffffffda][0xffffffbd][0x1f][0xffffff81][0xffffffd7][0xffffffee][0xffffffc7]!([0xffffffed][0xffffffde][0x1f]Oi[0xfffffff7][0xfffffffd][0xffffffd1].[0xffffffda][\r]<R[0xffffffda][0x15]TR[0xffffffda][\r]l[0x12][0xffffffda][0xffffffdd][0x8][0xffffffcd][0xffffffd7][0xffffffee][0xffffffc6][0xffffffe9]K[0xffffffda][0x1d][0xffffffcd]L[0xffffffbb][0xffffffa3][0xffffffe1][0xffffffda][0xffffffbd][0x1f][0xffffff81][0xffffffd7][0xffffffee][0xffffffc7]!([0xffffffed][0xffffffde][0x1f]Oi[0xfffffff7][0xfffffffd][0xffffffd1].[0xffffffda][\r]<R[0xffffffda][0x15]TR[0xffffffda][\r]l[0x12][0xffffffda][0xffffffdd][0x8][0xffffffcd][0xffffffd7][0xffffffee][0xffffffc6][0xffffffe9]K[0xffffffda]][0xfffffff1][0xffffffd2][0x2][0xffffffab][0xffffffdd][0x5][0xffffffdf]Zx?[0x2][0xffffffaf][0xffffffdd][0xffffff8f]CP[0xffffffda]][0xffffffd0][0xffffffc5][0xffffff85][0xffffffef][0xffffff8f]v[0xffffffd1]n[0xffffffe0][0xffffff91][0xffffffd2][0xffffffae][0xffffffa0][0xffffff92][0xffffffd2]n`[0xffffff93][0xffffffd0][0xffffffee]Bo/DN_[0xffffffd3][0xffffffee]t[0xffffffd3][0xffffffee][0xffffffe4][0xffffffb5];[0x1d][0xffffffb4];Y[0xffffffed]NN[0xffffffbb][0xffffffd3]J[0xffffffbb];[0xffffff8f][0xffffff98]v#[0xffffff95][0xffffff98]vw6[0x11][0xffffffed]NZ[0xffffffbb][0xfffffff3][0xffffffba]v[0xffffff8f][1[0xfffffff3][0xffffffee][0xfffffffd]D[0xffffffb8]x[0xffffffdf][0xffffffce][0xffffffc0][0xffffff9b][0xfffffff7][0xffffffdb])([0xfffffff5][0xffffffbe]=[0xffffff9f]r[0xffffffef][0xffffffc7][0xffffffb3]][0xffffffe4][0x1b][0xffffffa1][0xffffffa4][0xffffffec][0xffffffab][0xffffffd0][0xffffffa4][0xfffffff4][0x1b][0x1]%[0xfffffffc][0xffffffbb]c[0xffffff9a]/[0xffffffe0][0x1d][0xffffffd6][0xffffffd7][0xc]<[0xffffffdc]^8[0xffffffdc]O[0xffffffc4][0x1b][0xfffffff8]~[0x6][0x3][0x3][0x7f][0xffffff9c][0x2]3[0xfffffff0][0xffffffe0]^:|<[0xffffffdb][0xffffffc6][0xffffffc0][0x1]J[0xffffffcc][0xffffffc0][0x2]M[0xffffffcc][0xffffffc0][0x1]P[0xffffffc4][0xffffffc0][0xffffff83]~[0xfffffff3][0xffffffb0][0xffffffc3]"
16:35:02.100 [Test worker] DEBUG org.apache.hc.client5.http.wire - http-outgoing-2 << "[0xfffffffa][[0xc][0xffffffdc][0xffffffdf][0xffffffff]Xm_[0xffffff98][0xffffffa3][0xffffffe6][0xfffffffb][0xfffffff7][0xfffffff3]<[0xffffff94]}[0xffffffbf][0xffffff9c][0x0]s[0xffffffef]v[0xffffff86]d[0xfffffff3]~yz[0xffffffb2]w[0x7f][0xfffffffd]d[0xffffffd8][0xffffffba]OQLv[0xffffffee][0xf][0xffffff80]L6[0xffffffee]S,[0x13]}[0xfffffffb][0x4][0xffffffce]4[0xffffffdb]>A[0xfffffff4][0x5][0xffffffd7][0xffffffaa][0xffffffcd][0xffffffe4][0xffffffab][0xfffffff6]B[0xffffffb9][0x16][0xffffffdc]L[0xfffffffe][0xffffffe5][0x4][0xffffffb4]k[0xffffffa1][0xffffffcd][0xffffffe4]_[0xffffff9e][0xffffffce][0xffffffb8][0xffffffd6]c3[0xfffffff9]S[0x14][0x19][0xffffffd7][0x1a]l&[0x7f][0xffffff8a]e[0xffffffbe]k[0xffffffb1][0xffffffcd][0xffffffe4]O[0x10]}[0xffffffc1][0xffffffb5][0xffffffa7]rmo[0xfffffff9][0xffffff9b][0xffffffc9]?[0xffffffcf][0x3][0xffffffbb][0xfffffff6]4p[0xffffffed][0x19][0xffffffa0][0xffffffce][0xffffffc4][0xfffffff9][0xffffffc4]\{:[0xffffffb9]6[0xffffffa2][0xffffffc8][0xffffffb8]V[0x1][0xffffffc9][0xffffffb8]6b[0xffffff99][0xffffffef][0xffffffda][0x1d][0xffffffce]l[0xffffffd7][0xffffffee][0xffffff88][0xffffffbe][0xffffffe0][0xffffffda][0xffffffa6]\[0xffffffbb][0xe][0xffffffcc][0xffffffb5][\r]wm3pm[0xb]Pg[0xffffffe2][0xffffffdc]0[0xffffffd7]6'[0xffffffd7]F[0x14][0x19][0xffffffd7]* [0x19][0xffffffd7]F,[0xfffffff3]][0xffffffbb][0xffffffc3][0xffffff99][0xffffffed][0xffffffda][0x1d][0xffffffd1][0x17]\[0xffffffdb][0xffffffa3]k[0xffffffdb][0xffffffed][0xffffffd6]1[0xffffffd7]v[0xffffffdc][0xffffffb5][0xffffffdd][0xffffffc0][0xffffffb5]=@[0xffffff9d][0xffffff89]s[0xffffffc7]\[0xffffffdb][0xffffff9d]\[0x1b]Qd\[0xffffffab][0xffffff80]d\[0x1b][0xffffffb1][0xffffffcc]w[0xffffffed][0xe]g[0xffffffb6]kwD_p[0xffffffad][0xfffffff8][\n]"
16:35:02.100 [Test worker] DEBUG org.apache.hc.client5.http.wire - http-outgoing-2 << "[0xffffffc4][0xffffffdd][0xffffffb5][0xb]{_[0xb]~[0x5][0xffffffe2][0xffffffcb][0x9]h[0xffffffd7]B_[0xffffff81][0xfffffff8][0xfffffff2]t[0xffffffc6][0xffffffb5][0x1e]_[0xffffff81]x[0xffffff8a]"[0xffffffe3]Z[0xffffff83][0xffffffaf]@<[0xffffffc5]2[0xffffffdf][0xffffffb5][0xffffffd8]W [0xffffff9e] [0xfffffffa][0xffffff82]k[0xffffffa7]r[0xffffffed]q[0xffffffe4][0x7f][0x5][0xffffffe2][0xfffffff3]<[0xffffffb0]k[0xffffffa7][0xffffff81]kg[0xffffff80]:[0x13][0xffffffe7][0xffffff89][0xffffffb9]v:[0xffffffb9]6[0xffffffa2][0xffffffc8][0xffffffb8]V[0x1][0xffffffc9][0xffffffb8]6b[0xffffff99][0xffffffef][0xffffffda][0x1d][0xffffffce]l[0xffffffd7][0xffffffee][0xffffff88][0xffffffbe][0xffffffe0]Z[0xffffffb1][0xffffff99][0xfffffffc][0xffffffee]Z[0xffffffe0][0xffffffeb]f[0xffffff9f][0xffffffe7][0xffffff81]][0xffffff8b]n&[0xffffffdf][0xffffffce][0xffffffc0][0xffffffb8][0x16][0xffffffd8]L[0xfffffffe][0xffffffeb]'{[0xffffffb8][0x16][0xffffffdf]L[0xfffffffe][0x3] [0x19][0xffffffd7][0xffffffa2][0xffffff9b][0xffffffc9][0xffffff9f][0xffffffc0][0xffffff99][0xffffffed][0xffffffda]+[0xffffff9b][0xffffffc9][0x1f][0x7f]:o7[0xffffffe5][0xffffffda]R![0xffffffd7]>[0xffffffce][0xffffff83][0xffffffba][0xfffffff6][0xfffffffd][0x4][0xffffffac]k?[0xffffffcf]@[0xffffffb8][0xfffffff6][0xfffffffd][0xffffffe9][0xffffff84]k[0xffffffbf]?[0xffffffd9][0xffffffc1][0xffffffb5][\n]"
16:35:02.100 [Test worker] DEBUG org.apache.hc.client5.http.wire - http-outgoing-2 << "E[0xffffffc2][0xffffffb5][0x1a]H[0xffffffc2][0xffffffb5][\n]"
16:35:02.100 [Test worker] DEBUG org.apache.hc.client5.http.wire - http-outgoing-2 << "[0xffffffcb]l[0xffffffd7]F8s][0x1b][0x11]}[0xffffffc1][0xffffffb5]b[0xffffff96][0xffffffa1][0xffffffdd]j[0xffffff85][0xffffffde]!<[0xffffffce][0x3][0xffffffbb][0xffffff96][0xffffff9f]e[0xfffffff8]<[0x3][0xffffffe3]Zj[0xffffff96][0xffffffe1][0xfffffffb][0xffffff93]=\[0xffffffeb]1[0xffffffcb][0xffffffa0][0xffffff81]d\[0xffffffcb][0xffffffcf]2D8[0xffffffb3]]{y[0xffffff96]a[0xffffffde][0xffffff8a]r[0xffffffed][0xffffffd9][0x7][0xffffffe5][0xffffffda][0xffffff82][0xffffffbb][0xffffffb6][0x18][0xffffffb8][0xffffffb6][0x4][0xffffffa8]3q.[0xffffff98]k[0xffffff8b][0xffffff93]k#[0xffffff8a][0xffffff8c]k[0x15][0xffffff90][0xffffff8c]k#[0xffffff96][0xfffffff9][0xffffffae][0xffffffdd][0xffffffe1][0xffffffcc]v[0xffffffed][0xffffff8e][0xffffffe8][0xb][0xffffffae][0xffffffad][0xffffffbf][0xffffff84]-5[0xffffffed][0xffffffb6][\n]"
16:35:02.100 [Test worker] DEBUG org.apache.hc.client5.http.wire - http-outgoing-2 << "[0xffffffe6][0xffffffda][0xfffffffb]y`[0xffffffd7][0xffffffbe][0xffffff9d][0xffffff80]v[0xffffffed][0xffffffb7]30[0xffffffae]}{:[0xffffffe3][0xffffffda][0xffffff8f]'{[0xffffffb8]6[0xffffffa2][0xffffffc8][0xffffffb8]V[0x1][0xffffffc9][0xffffffb8]6b[0xffffff99][0xffffffef][0xffffffda][0x1d][0xffffffce]l[0xffffffd7][0xffffffee][0xffffff88][0xffffffbe][0xffffffe0]Z17[0xffffffd6][0xffffff8e][0xffffffa3]b[0xffffffae][0xffffffa5][0xffffffe7][0xffffffc6][0xffffffde]O@[0xffffffbb][0xffffff96][0xffffff9c][0x1b]{[0x7f]:[0xffffffe3]Z[0xffffffa3][0xffffffb9]1[0xffffff85]"[0xffffffe3]Z[0xffffff97][0xffffffb9]1[0xffffff85]e[0xffffffbe]k[0xffffffd9][0xffffffb9][0xffffffb1][0xffffff88][0xffffffe8][0xb][0xffffffae][0x15]sc[0xffffffed]8[0xffffffdb][0xffffffa4]\K[0xffffffcf][0xffffff8d][0xffffffbd][0xffffff9f][0xffffff80]v-97[0xfffffff6][0xfffffffe]t[0xffffffc6][0xffffffb5]Fsc[\n]"
16:35:02.100 [Test worker] DEBUG org.apache.hc.client5.http.wire - http-outgoing-2 << "E[0xffffffc6][0xffffffb5].sc[\n]"
16:35:02.100 [Test worker] DEBUG org.apache.hc.client5.http.wire - http-outgoing-2 << "[0xffffffcb]|[0xffffffd7][0xffffffb2]sc[0x11][0xffffffd1][0x17]\[0xffffffdb][0xffffff95]k[0xffffffc7][0xffffff89]um[0xffffffc7]][0xffffffdb][\r]\[0xffffffdb][0x3][0xffffffd4][0xffffff99]8w[0xffffffcc][0xffffffb5][0xffffffdd][0xffffffc9][0xffffffb5][0x11]E[0xffffffc6][0xffffffb5][\n]"
16:35:02.101 [Test worker] DEBUG org.apache.hc.client5.http.wire - http-outgoing-2 << "H[0xffffffc6][0xffffffb5][0x11][0xffffffcb]|[0xffffffd7][0xffffffee]pf[0xffffffbb]vG[0xfffffff4][0x5][0xffffffd7][0xffffffaa][0xffffffb9][0xffffffb1]r[0xc][0xffffffcc][0xffffffb5][0xfffffff4][0xffffffdc][0xffffffd8][0xfffffffb][0x9]h[0xffffffd7][0xffffff92]sc[0xffffffef]Og\k47[0xffffffa6]Pd\[0xffffffeb]27[0xffffffa6][0xffffffb0][0xffffffcc]w-;7[0x16][0x11]}[0xffffffc1][0xffffffb5]jn[0xffffffac][0xffffff9c]7[0xffffffec][0x1d][0x2]=7[0xfffffff6]~[0x2][0xffffffda][0xffffffb5][0xffffffe4][0xffffffdc][0xffffffd8][0xfffffffb][0xffffffd3][0x19][0xffffffd7][0x1a][0xffffffcd][0xffffff8d])[0x14][0x19][0xffffffd7][0xffffffba][0xffffffcc][0xffffff8d]),[0xfffffff3]][0xffffffcb][0xffffffce][0xffffff8d]ED_rm[0xffffffbc][0xffffff87][0xffffffc0][0xffffffba][0xffffff96][0xffffffbe][0xffffff87]0[\r][0xffffffee]![0xffffffcc][0xfffffff0][0xffffff83]o.[0xffffffce][0xffffffd4]=[0xffffff84][0xffffffe9]t[0xf]![0xffffffa2]H[0xffffffb9][0xffffffd6][0xffffffe5][0x1e]B[0xffffffc4][0xffffff92]p-{[0xf]aG[0xfffffff4][0x5][0xffffffd7][0xffffffaa][0x19][0xffffffdd]2[0x6]6[0xffffffcb]@[0xffffffcf][0xffffffe8][0xffffffbe][0xffffff9f][0xffffff80]v-9[0xffffffa3][0xfffffffb][0xfffffffe]t[0xffffffc6][0xffffffb5]F3[0xffffffba][\n]"
16:35:02.101 [Test worker] DEBUG org.apache.hc.client5.http.wire - http-outgoing-2 << "E[0xffffffc6][0xffffffb5].3[0xffffffba][\n]"
16:35:02.101 [Test worker] DEBUG org.apache.hc.client5.http.wire - http-outgoing-2 << "[0xffffffcb]|[0xffffffd7][0xffffffb2]3[0xffffffba][0x11][0xffffffd1][0xffffff97]\+[0xffffffba][0x16]u-[0xffffffdd][0xffffffb5][0xffffffcb][0xffffffa0]kW[0x8][0xffffff88]\[0xffffff9c][0xffffffa9][0xffffffae]]N][0x1b]Q[0xffffffa4]\[0xffffffeb][0xffffffd2][0xffffffb5][0x11]K[0xffffffc2][0xffffffb5]l[0xffffffd7][0xffffffee][0xffffff88][0xfffffffe]v[0xffffffd7][0x1e]j[0x1f]BY[0xffffffc7][0x1][0xffffffb9][0xfffffff6][0xffffffc0][0xfffffff7]![0x1c][0x6][0xfffffffb][0x10][0xffffff8e]8x[0xffffff9e][0xffffff88][0xfffffff3][0xffffff81][0xffffffed]C8[0xfffffff6]as[0xffffffd2][0xffffffb5][0x2]E[0xffffffc4][0xffffffb5][0x12]H[0xffffffc4][0xffffffb5][0x2][0xffffffcb]t[0xffffffd7][0x6]8[0xffffff93]][0x1b][0x10]}[0xffffffc1][0xffffffb5]jF[0xffffffb7][0xffffffac]Y([0xffffffd7][0xffffffe2]3[0xffffffba][0xffffff87][0xffffffc1][0xffffff8c][0xffffffee][0x11][0xffffff87]!3q[0xffffffc6]ft[0xffffff8f]}[0x0][0x12]u[0xffffffad][0xffffffc9][0xffffff8c][0xffffffae][0x4][0xffffff92]q[0xffffffad][0xffffffc1][0xffffff8c]n[0xffffff80]3[0xffffffdb][0xffffffb5][0xffffffd7]gt[0xf]5[0xffffffcb]P[0xffffffdb][0xffffffad]Q[0xffffffae][0xffffffc5]g[0x19][0xe][0xffffff83]Y[0xffffff86]#^[0x1a][0xffffffcf][0xffffffc4][0x19][0xffffff9b]e8[0xfffffff6][0xffffff8b][0xffffffe2][0xffffffa8]kMf[0x19]$[0xffffff90][0xffffff8c]k[\r]f[0x19][0x2][0xffffff9c][0xffffffd9][0xffffffae][0xffffffbd]>[0xffffffcb][0xfffffff0][0xfffffff6][0x7f]D[0xffffffd7][0xffffff8e][0xffffff89][0xffffffbd]C[0xffffffe8][0xffffffb8]k[0xffffffbb][0xffffff81]k{[0xffffff80]:[0x13][0xffffffe7][0xffffff8e][0xffffffb9][0xffffffb6];[0xffffffb9]6[0xffffffa2][0xffffffc8][0xffffffb8]V[0x1][0xffffffc9][0xffffffb8]6b[0xffffff99][0xffffffef][0xffffffda][0x1d][0xffffffce]l[0xffffffd7][0xffffffee][0xffffff88][0xffffffbe][0xffffffe0]Z5[0xffffffcb]p[0x1e]'[0xfffffff6][0xe][0x1][0xffffff9f]e8[0xc]f[0x19][0xffffff8e]xi<[0x13]gl[0xffffff96][0xffffffe1][0xffffffd8]/[0xffffff8a][0xffffffa3][0xffffffae]5[0xffffff99]e[0xffffff90]@2[0xffffffae]5[0xffffff98]e[0x8]pf[0xffffffbb][0xfffffff6][0xfffffffa],[0xffffffc3][0xffffffa1]f[0x19][0xffffffce]zb][0xffffff8b][0xffffffcf]2[0x1c][0x6][0xffffffb3][0xc]G[0xffffffbc]4[0xffffff9e][0xffffff89]36[0xffffffcb]p[0xffffffec][0x17][0xffffffc5]Q[0xffffffd7][0xffffff9a][0xffffffcc]2H [0x19][0xffffffd7][0x1a][0xffffffcc]2[0x4]8[0xffffffb3]]{}[0xffffff96][0xffffffa1][0xffffffa8][0xfffffff7][0xffffffb5]m[0xffffff9d][0xffffffd0]wt[0x1f][0xffffffe7]a][[0xc][0xffffffde][0xffffffd7][0xffffff96][0xfffffff8]b,[0x11][0xffffffe7][0xffffff82][0xffffffbd][0xffffffaf]-[0xfffffffb][0xffffffcb]0[0xffffffd2][0xffffffb5][0x2]E[0xffffffc4][0xffffffb5][0x12]H[0xffffffc4][0xffffffb5][0x2][0xffffffcb]t[0xffffffd7][0x6]8[0xffffff93]][0x1b][0x10]}[0xffffffc1][0xffffffb5][0xffffffea][0x1d]B[0xffffffbf]Q[0xffffffdf]v|[0xffffff9c][0x7]v[0xffffffad][0xffffffc1];[0xffffff84][0x12][0xffffffff][0xffffffc3]Z&[0xffffffce][0xffffffd8];[0xffffff84][0xffffffb2][0xffffffff][0x7]4[0xffffffd4][0xffffffb5]&[0xffffffef][0x10]$[0xffffff90][0xffffff8c]k[\r][0xffffffde]![0x4]8[0xffffffb3]]{[0xfffffffd][0x1d]BQ[0xffffffef][0x10][0xfffffffa][0xffffff81]}o[0xffffffac][0xffffffe0][0xffffffef][0x10][0xffffff8a][0xffffffc1];[0xffffff84][0x12][0xffffffff][0xffffffc3]Z&[0xffffffce][0xffffffd8];[0xffffff84][0xffffffb2][0xffffffff][0x7]4[0xffffffd4][0xffffffb5]&[0xffffffef][0x10]$[0xffffff90][0xffffff8c]k[\r][0xffffffde]![0x4]8[0xffffffb3]][0xfffffffb][0x13][0xffffffef][0x10][0xffffffd4][0xffffff8c]n?[0xffffffc7]I[0xffffffb9][0x16][0xffffff9f][0xffffffd1]-[0x6]3[0xffffffba]%[0xe]Cf[0xffffffe2][0xffffff8c][0xffffffcd][0xffffffe8][0xffffff96]}[0x0]"
16:35:02.108 [Test worker] DEBUG org.apache.hc.client5.http.wire - http-outgoing-2 << "[0x12]u[0xffffffad][0xffffffc9][0xffffff8c][0xffffffae][0x4][0xffffff92]q[0xffffffad][0xffffffc1][0xffffff8c]n[0xffffff80]3[0xffffffdb][0xffffffb5][0xffffffd7]gt[0xffffffab][0xffffff9a]e[0x18]g[0xffffffa3]\[[0xfffffff1]Y[0xffffff86]j0[0xffffffcb]P[0xffffffe3][0xffffffa5][0xfffffff1]D[0xffffff9c]+6[0xffffffcb]P[0xfffffff7][0xffffff8b][0xffffffe2][0xffffffa4]k[0x5][0xffffff8a][0xffffff88]k%[0xffffff90][0xffffff88]k[0x5][0xffffff96][0xffffffe9][0xffffffae][\r]p&[0xffffffbb]6 [0xfffffffa][0xffffff82]k[0xffffffd5]oc[0xfffffff3][0x1c][0xffffffd4];[0xffffff84][0xffffff8a][0xffffffff]6V[\r]~[0x1b][0xffffffab][0xfffffff1]G[0xffffff88]L[0xffffff9c][0xffffffb1][0xffffffdf][0xffffffc6][0xffffffea][0xfffffffe][0xffffffc3][0x3][0xffffffea]Z[0xffffff93][0xffffffdf][0xffffffc6]$[0xffffff90][0xffffff8c]k[\r]~[0x1b][0xb]pf[0xffffffbb][0xfffffff6][0xfffffffa]ocU[0xffffffbd]CX[0xffffffb5]R;[0x15]+[0xfffffffe][0xe][0xffffffa1][0x1a][0xffffffbc]C[0xffffffa8][0xfffffff1]?[0xffffffac]e[0xffffffe2][0xffffff8c][0xffffffbd]C[0xffffffa8][0xfffffffb][0x7f]@C]k[0xfffffff2][0xe]A[0x2][0xffffffc9][0xffffffb8][0xffffffd6][0xffffffe0][0x1d]B[0xffffff80]3[0xffffffdb][0xffffffb5][0xffffffd7][0xffffffdf]![0xffffff9c]j[0xfffffff7][0xffffffcc][0xffffffaa][0xffffffd8][0xffffffdc][0xffffffd8][0xffffff89][0xffffffef][0xffffff9e]9[\r]v[0xffffffcf][0xffffff9c]q[0xffffffc9]G"[0xffffffce]'[0xffffffb6]{[0xffffffe6][0xffffffdc][0x17]{[0xffffff90][0xffffffae][0x15]("[0xffffffae][0xffffff95]@"[0xffffffae][0x15]X[0xffffffa6][0xffffffbb]6[0xffffffc0][0xffffff99][0xffffffec][0xffffffda][0xffffff80][0xffffffe8][0xb][0xffffffae]=[0xffffff94]k[0xffffffcf][0xffffff83][0xfffffffa][0x6][0xffffffce][0xffffffdb]y`[0xffffffd7][0x1e][0x6][0xffffffae]=[0x2][0xffffffd4][0xffffff99]8[0x1f][0xffffff98]k[0xf]'[0xffffffd7]F[0x14][0x19][0xffffffd7]* [0x19][0xffffffd7]F,[0xfffffff3]][0xffffffbb][0xffffffc3][0xffffff99][0xffffffed][0xffffffda][0x1d][0xffffffd1][0x17]\[0xffffffab]~[0x1b][[0xffffffad]R[0xfffffff7]kO[0xfffffffc][0xffffffb7][0xffffffb1][0xffffffd3][0xffffffe0][0xffffffb7][0xffffffb1]3[0xfffffffe][0x8][0xffffff91][0xffffff89]3[0xfffffff6][0xffffffdb][0xffffffd8][0xffffffb9][0xffffffff][0xfffffff0][0xffffff80][0xffffffba][0xffffffd6][0xffffffe4][0xffffffb7]1[0x9]$[0xffffffe3]Z[0xffffff83][0xffffffdf][0xffffffc6][0x2][0xffffff9c][0xffffffd9][0xffffffae][0xffffffbd][0xfffffffe][0xffffffdb][0xffffffd8]Y[0xffffff95]k[0x7][0xffffffb6][0xf][0xffffffe1][0xffffffed]<[0xffffffb0]k[0xffffffab][0xffffff81]kk[0xffffff80]:[0x13][0xffffffe7][0xffffff8a][0xffffffb9][0xffffffb6]:[0xffffffb9]6[0xffffffa2][0xffffffc8][0xffffffb8]V[0x1][0xffffffc9][0xffffffb8]6b[0xffffff99][0xffffffef][0xffffffda][0x1d][0xffffffce]l[0xffffffd7][0xffffffee][0xffffff88][0xffffffbe][0xffffffe0][0xffffffda]S[0xffffffb9]v[0xffffff9d]X[0xffffffd7][0xffffff9e][0xffffffb8]kO[0x3][0xffffffd7][0xffffff9e][0x1][0xffffffea]L[0xffffff9c]O[0xffffffcc][0xffffffb5][0xffffffa7][0xffffff93]k#[0xffffff8a][0xffffff8c]k[0x15][0xffffff90][0xffffff8c]k#[0xffffff96][0xfffffff9][0xffffffae][0xffffffdd][0xffffffe1][0xffffffcc]v[0xffffffed][0xffffff8e][0xffffffe8][0xb][0xffffffae][0x15]w[0xffffffbe][0xfffffffa][0xffffffad][0x16][0xffffffec][0xffffffb7]1[0xfffffffc][0xffffffce][0xffffffd7]ip[0xffffffe7][0xffffffeb][0xffffff8c][0xffffff97]k2q[0xffffffc6][0xffffffee]|[0xffffff9d][0xfffffffb][0xffffff85][0x1a][0xffffffd4][0xffffffb5]&w[0xffffffbe]$[0xffffff90][0xffffff8c]k[\r][0xffffffee]|[0x5]8[0xffffffb3]]{[0xfffffffd][0xffffffce][0xffffffd7][0xfffffffd]O[0xffffff8b][0xffffff99]k[0xffffffe1][0xffffffef][0xffffff8d]=N[0xffffffc0][0xffffffbb][0x16][0xfffffffc][0xffffffde][0xffffffd8][0xffffffe3][0xffffffe9][0xffffff94]k}[0xffffffbe]7&P[0xffffffa4]\k[0xfffffff2][0xffffffbd]1[0xffffff81]%[0xffffffe1]Z[0xfffffff4]{c[0x1][0xffffffd1][0xffffff97]\[[0xffffffcd]\[q[0xffffffd7]V[0x3][0xffffffd7]V[0xffffffd4][0xffffffb5][0x15]smur[0xffffffed][0xffffff8e]"[0xffffffe5][0xffffffda][0x8]$[0xffffffe5][0xffffffda][0x1d]K[0xffffffc2][0xffffffb5][0x15]vm[0xffffffbd][0xffffffee][0xffffffda][0xffffffd3][0xffffffcc][0xffffffb5]'[0xffffffee][0xffffffda][0xffffffd3][0xffffffc0][0xffffffb5]'[0xffffffea][0xffffffda][0x13]s[0xffffffed][0xffffffe9][0xffffffe4][0xffffffda][0x1d]E[0xffffffca][0xffffffb5][0x11]H[0xffffffca][0xffffffb5];[0xffffff96][0xffffff84]kO[0xffffffd8][0xffffffb5][0xffffffe7]u[0xffffffd7][0x1e]n[0xffffffb2]=x[0xffffffdb][0x1e][0xe][0xffffffba]=X[0xffffffdf][0x1e][0xffffff9c]p[0xf]+[0xffffffe3][0x6][0x1e])[0xffffffe5][\n]"
16:35:02.108 [Test worker] DEBUG org.apache.hc.client5.http.wire - http-outgoing-2 << "*)[0xffffffe7][0x6]6[0x9][0xffffffe9][0x1e][0xffffffb4]u[0xffffff8f][0xffffff9f][0xffffffd0]nu{w[[0xfffffff9][0xffffff97][0xffffffb7][0xffffffd5][0xffffffe1][0xffffffed]me_[0xffffffdf]V[0xffffffee][0xfffffffd]m[0xffffffb5]z[0xffffff81][0x1b]x[0xffffffa4][0xffffffb4]+[0xffffffa8][0xffffffa4][0xffffffb4][0x1b][0xffffffd8]$[0xffffffb4][[0xffffffe9][0xffffff97][0xffffffb8][0xfffffff5]'[0xffffffde][0xffffffe2][0xffffff9e]n[0xffffffda]=y[0xffffffed][0xffffff9e][0xe][0xffffffda]=Y[0xffffffed][0xffffff9e][0xffffff9c]vO+[0xffffffed][0x6][0x1e])[0xffffffed][\n]"
16:35:02.109 [Test worker] DEBUG org.apache.hc.client5.http.wire - http-outgoing-2 << "*)[0xffffffed][0x6]6[0x9][0xffffffed][0xffffff9e][0xffffffb4]v[0xffffffcf][0xffffff9f][0xffffffd1][0xffffffee]r[0xffffffd3][0xffffffee][0xffffffe2][0xffffffb5][0xffffffbb][0x1c][0xffffffb4][0xffffffbb]X[0xffffffed].N[0xffffffbb][0xffffffcb]J[0xffffffbb];[0xffffff8f][0xffffff98]v#[0xffffff95][0xffffff98]vw6[0x11][0xffffffed].Z[0xffffffbb][0xffffffeb][0xffffffba]v[0xffffffbb][[0xffffffed]v[0xffffffbe]v[0xffffffbb]C[0xffffffed]v[0xffffffb6]v;W[0xffffffbb][0xffffffdd][0xffffffaa]v[0x3][0xffffff8f][0xffffff94]v[0x5][0xffffff95][0xffffff94]v[0x3][0xffffff9b][0xffffff84]v;][0xffffffbb][0xfffffffd]'jw[0xffffffba]iw[0xfffffff2][0xffffffda][0xffffff9d][0xe][0xffffffda][0xffffff9d][0xffffffac]v'[0xffffffa7][0xffffffdd]i[0xffffffa5][0xffffffdd][0xffffffc0]#[0xffffffa5]]A%[0xffffffa5][0xffffffdd][0xffffffc0]&[0xffffffa1][0xffffffdd]Ikw[0xfffffffe][0xffffff84]vW7[0xffffffd3][0xffffffee][0xffffffea][0xffffffb8]v[0xffffffef]G[0xffffffe0][0xffffffb5][0xfffffffb]q[0x8]J[0xffffffbb][0xfffffff7][0xffffffc7]S[0xffffffda]}[0x7f][0xffffffb4][0xffffff8b]v[0x3][0xffffff8f][0xffffff94]v[0x5][0xffffff95][0xffffff94]v[0x3][0xffffff9b][0xffffff84]v7B[0xfffffff3][0xffffffb5][0xffffffbb]q[0xfffffffa][[0xffffffb4];[0xffffffde][0xffffffff][0xffffffb6][0xffffffab][0xffffff81][0xffffffdf]U[0xffffffce]t[0xffffffeb]~[0xffffff9e][0xffffff87][0xffffff92][0xffffffee][0xffffff97][0x13]`[0xffffffce][0xffffffdd][0xffffffce][0xffffff90][0xffffffac][0xffffffdc]/OO6[0xffffffee][0xffffffaf][0xffffff9f][0xc][0xb][0xfffffff7])[0xffffff8a][0xffffffc9][0xffffffbe][0xfffffffd][0x1][0xffffff90][0xffffffc9][0xffffffba]}[0xffffff8a]e[0xffffffa2]m[0xffffff9f][0xffffffc0][0xffffff99]&[0xffffffdb]'[0xffffff88][0xffffffbe][0xffffffe0]Z[0xfffffff1][0x1][0xfffffff4]~[0x1c][0xffffffc0][0xffffff82][0xffffffc6][0xffffffcf][0xfffffff3][0xffffffc0][0xffffffae]E?[0xffffff80][0xffffffbe][0xffffff9d][0xffffff81]q-[0xfffffff0][0x1][0xfffffff4]_?[0xffffffd9][0xffffffc3][0xffffffb5][0xfffffff8][0x7][0xffffffd0][0x7f][0x0]$[0xffffffe3]Z[0xfffffff4][0x3][0xffffffe8]O[0xffffffe0][0xffffffcc]v[0xffffffed][0xffffff8e][0xffffffe8][0xb][0xffffffae][0xffffff9d]b[0xffffffb9][0xffffffc2]q[0xffffff96][0xfffffffc][0xf][0xffffffea]|[0xffffff9e][0x7]v[0xffffffed]$[0xffffff97]+lg`\;[0xfffffff3][0xffffff97]+[0xfffffffc][0xfffffffa][0xffffffc9][0x1e][0xffffffae][0xffffff8d](2[0xffffffae]U@2[0xffffffae][0xffffff8d]X[0xffffffe6][0xffffffbb]v[0xffffff87]3[0xffffffdb][0xffffffb5];[0xffffffa2]/[0xffffffb8]v)[0xffffffd7][0xfffffff6][0xffffff91][0xffffffff][0xffffff91][0xffffff87][0xffffffcf][0xfffffff3][0xffffffc0][0xffffffae]][0x6][0xffffffae]][0x1][0xffffffea]L[0xffffff9c][0x17][0xffffffe6][0xffffffda][0xffffffe5][0xffffffe4][0xffffffda][0xffffff88]"[0xffffffe3]Z[0x5]$[0xffffffe3][0xffffffda][0xffffff88]e[0xffffffbe]kw8[0xffffffb3]][0xffffffbb]#[0xfffffffa][0xffffffdb]][0xffffffdb][0xffffffc4][0x7]uz[0xffffffb9][0xffffffad][0xfffffffc]_[0xffffffc9]>[0xffffffcf][0xffffffc3][0xffffffba][0xffffffb6][0xffffffa1][0x1f][0xffffffd4][0xffffffd9][0xffffffce][0xffffff80][0xffffffb8][0xffffffb6][0x1][0x1f][0xffffffd4][0xfffffff9][0xfffffff5][0xffffff93]-\+PD\+[0xffffff81]D\+[0xffffffb0]Lwm[0xffffff80]3[0xffffffd9][0xffffffb5][0x1][0xffffffd1][0x17]\+>[0xfffffff2][0xffffffd0][0xffffffcb][0xffffffd1][0xffffffa9][0xfffffff7][0xffffffb5][\r][0xfffffffc][0xffffffc8][0xffffffc3][0xffffff97][0x13][0xffffffd0][0xffffffae][0xffffff85]>[0xfffffff2][0xfffffff0][0xffffffe5][0xffffffe9][0xffffff8c]k=>[0xfffffff2][0xfffffff0][0x14]E[0xffffffc6][0xffffffb5][0x6][0x1f]yx[0xffffff8a]e[0xffffffbe]k[0xffffffb1][0xffffff8f]<<A[0xfffffff4][0x5][0xffffffd7][0xffffff8a][0xffffff8f]<[0xfffffff4]Rn[0xffffff95]r-[0xfffffff8][0xffffff91][0xffffff87]/'[0xffffffa0]][0xb]}[0xffffffe4][0xffffffe1][0xffffffcb][0xffffffd3][0x19][0xffffffd7]z|[0xffffffe4][0xffffffe1])[0xffffff8a][0xffffff8c]k[\r]>[0xfffffff2][0xfffffff0][0x14][0xffffffcb]|[0xffffffd7]b[0x1f]yx[0xffffff82][0xffffffe8][0xb][0xffffffae]U[0x1f]y([0xfffffff5][0xffffff86]u-[0xfffffff8][0xffffff91][0xffffff87]/'[0xffffffa0]][0xb]}[0xffffffe4][0xffffffe1][0xffffffcb][0xffffffd3][0x19][0xffffffd7]z|[0xffffffe4][0xffffffe1])[0xffffff8a][0xffffff8c]k[\r]>[0xfffffff2][0xfffffff0][0x14][0xffffffcb]|[0xffffffd7]b[0x1f]yx[0xffffff82][0xffffffe8][0xb][0xffffffae][0x1d][0xffffffca][0xffffffb5][0xffffffb3]7[0xffffffca][0xffffffb5][0x3]w[0xffffffed]0p[0xffffffed][0x8]Pg[0xffffffe2]<0[0xffffffd7][0xe]'[0xffffffd7]F[0x14][0x19][0xffffffd7]* [0x19][0xffffffd7]F,[0xfffffff3]][0xffffffbb][0xffffffc3][0xffffff99][0xffffffed][0xffffffda][0x1d][0xffffffd1][0xffffff97]\[0x1b][0xffffffef]![0xffffffb0][0xffffffae][0xffffff85][0xffffffef]!<N[0xffffffc0][0xffffffbb][0x16][0xffffffbc][0xffffff87][0xfffffff0]x:[0xffffffe5]Z[0xffffff9f]{[0x8][0x2]E[0xffffffca][0xffffffb5]&[0xfffffff7][0x10][0x4][0xffffff96][0xffffff84]k[0xffffffd1]{[0x8][0x1][0xffffffd1][0x17]\;E[0xffffffd7][0xffffffd6]2[0xffffffb0][0xfffffff7][0xffffffb5][0x13][0xffffffef][0xffffffda]i[0xffffffd0][0xffffffb5]3[0x4]D&[0xffffffce][0x13][0xffffffeb][0xffffffda][0xffffffe9][0xffffffd4][0xffffffb5][0x11]E[0xffffffc6][0xffffffb5][\n]"
16:35:02.109 [Test worker] DEBUG org.apache.hc.client5.http.wire - http-outgoing-2 << "H[0xffffffc6][0xffffffb5][0x11][0xffffffcb]|[0xffffffd7][0xffffffee]pf[0xffffffbb]vG[0xfffffff4][0x5][0xffffffd7].[0xffffffe5][0xffffffda]s[0x14][0xffffffca][0xffffffb5][0xb]w[0xffffffed]2p[0xffffffed]"
16:35:02.117 [Test worker] DEBUG org.apache.hc.client5.http.wire - http-outgoing-2 << "[\n]"
16:35:02.117 [Test worker] DEBUG org.apache.hc.client5.http.wire - http-outgoing-2 << "Pg[0xffffffe2][0xffffffbc]0[0xffffffd7].'[0xffffffd7]F[0x14][0x19][0xffffffd7]* [0x19][0xffffffd7]F,[0xfffffff3]][0xffffffbb][0xffffffc3][0xffffff99][0xffffffed][0xffffffda][0x1d][0xffffffd1][0xffffffdf][0xffffffee][0xffffffda]~[0x13][0xffffffef][0x10][0xffffffea][0xffffffc0][0xffffffe6][0xffffffc6][0xffffffde][0xffffffce][0xffffffc3][0xffffffba][0xfffffff6]q[0x2][0xffffffd8][0xffffffb5][0xffffffdf][0xffffffcf][0xffffff80][0xffffffb8][0xfffffff6][0xfffffff1]t[0xffffffc4][0xffffffb5][0xffffffdf][0xffffff9e]l[0xffffffe1]Z[0xffffff81]"[0xffffffe2]Z[0x9]$[0xffffffe2]Z[0xffffff81]e[0xffffffba]k[0x3][0xffffff9c][0xffffffc9][0xffffffae][\r][0xffffff88][0xffffffbe][0xffffffe0]Zu[0xffffffbf][0xfffffff6]lX[0xffffffd7]v[0xfffffffc]~m7[0xffffffb8]_[0xffffffdb][0xffffffe3]E[0xffffffc6]L[0xffffff9c][0xffffffb1][0xfffffffb][0xffffffb5]}[0xffffffbf][0xffffffbc][0xffffff88][0xffffffba][0xffffffd6][0xffffffe4]~[0xffffffad][0x4][0xffffff92]q[0xffffffad][0xffffffc1][0xfffffffd][0xffffffda][0x0]g[0xffffffb6]k[0xffffffaf][0xffffffdf][0xffffffaf][0xffffffed][0xffffffea]~[0xffffffed][0xffffffb9][\n]"
16:35:02.117 [Test worker] DEBUG org.apache.hc.client5.http.wire - http-outgoing-2 << "[0xffffffe6]Z[0xfffffffc]~m7[0xffffffb8]_[0xffffffdb][0xffffffe3]E[0xffffffc6]L[0xffffff9c][0xffffffb1][0xfffffffb][0xffffffb5]}[0xffffffbf][0xffffffbc][0xffffff88][0xffffffba][0xffffffd6][0xffffffe4]~[0xffffffad][0x4][0xffffff92]q[0xffffffad][0xffffffc1][0xfffffffd][0xffffffda][0x0]g[0xffffffb6]k[0xffffffaf][0xffffffdf][0xffffffaf][0xffffffed][0xffffffea]~m[0xffffffbb][0xffffffd5]N[0xffffffb9][0x16][0xffffffbf]_[0xffffffdb][\r][0xffffffee][0xffffffd7][0xfffffff6]x[0xffffff91]1[0x13]g[0xffffffec]~m[0xffffffdf]//[0xffffffa2][0xffffffae]5[0xffffffb9]_+[0xffffff81]d\kp[0xffffffbf]6[0xffffffc0][0xffffff99][0xffffffed][0xffffffda][0xffffffeb][0xfffffff7]k[0xffffffbb][0xffffffda]_[0xffffffdb]n[0xffffff93][0xffffffda][0xffffff87][0xffffffd0][0xfffffff1][0xfffffffd][0xffffffb5][0xffffffdd]`[0x7f]m[0xffffff8f][0xffffff8b]B3q[0xffffffc6][0xfffffff6][0xffffffd7][0xfffffff6]}9([0xffffffea]Z[0xffffff93][0xfffffffd][0xffffffb5][0x12]H[0xffffffc6][0xffffffb5][0x6][0xfffffffb]k[0x3][0xffffff9c][0xffffffd9][0xffffffae][0xffffffbd][0xffffffbe][0xffffffbf][0xffffffb6][0xf][0xffffffe5][0xffffffda][0xffffffe3]F[0xffffffed][0xfffffff9]z;[0xf][0xffffffec][0xffffffda]a[0xffffffe0][0xffffffda][0x11][0xffffffa0][0xffffffce][0xffffffc4]y`[0xffffffae][0x1d]N[0xffffffae][0xffffff8d](2[0xffffffae]U@2[0xffffffae][0xffffff8d]X[0xffffffe6][0xffffffbb]v[0xffffff87]3[0xffffffdb][0xffffffb5];[0xffffffa2]/[0xffffffb8]V[0xffffffdd][0xfffffff9]j[0xffffffa5]a[0xffffffef][0x10][0xfffffff0];_[0xffffffdd][0xffffffe0][0xffffffce]W[0xffffff8f][0xffffff97]k2q[0xffffffc6][0xffffffee]|[0xfffffff5][0xfffffffd]B[\r][0xffffffea]Z[0xffffff93];_[0x12]H[0xffffffc6][0xffffffb5][0x6]w[0xffffffbe][0x2][0xffffff9c][0xffffffd9][0xffffffae][0xffffffbd]~[0xffffffe7]k[0xffffffdc][0xffffff94]kOl[0x1f][0xffffffc2][0xffffffdb]yX[0xffffffd7]>N[0x0][0xffffffbb][0xfffffff6][0xfffffffb][0x19][0x10][0xffffffd7]>[0xffffff9e][0xffffff8e][0xffffffb8][0xfffffff6][0xffffffdb][0xffffff93]-\+PD\+[0xffffff81]D\+[0xffffffb0]Lwm[0xffffff80]3[0xffffffd9][0xffffffb5][0x1][0xffffffd1][0x17]\[0xffffffab][0xfffffff6][0xffffffd7][0xffffffb6]V[0xffffffa9][0xffffffb9][0xffffffb1][0xffffff81][0xffffffef][0xffffffaf][0x1d][0x6][0xfffffffb]kG\[0x14][0xffffff9a][0xffffff89]3[0xffffffb6][0xffffffbf]v[0xffffffec][0xffffffcb]AQ[0xffffffd7][0xffffff9a][0xffffffec][0xffffffaf][0xffffff95]@2[0xffffffae]5[0xffffffd8]_[0x1b][0xffffffe0][0xffffffcc]v[0xffffffed][0xfffffff5][0xfffffffd][0xffffffb5][0xffffffa3]([0xffffffd7][0xffffff8e][0x1b][0xfffffff5][0xffffffdb][0xffffffd8][0xffffffdb]y`[0xffffffd7][0x16][0x3][0xffffffd7][0xffffff96][0x0]u&[0xffffffce][0x5]smqrmD[0xffffff91]q[0xffffffad][0x2][0xffffff92]qm[0xffffffc4]2[0xffffffdf][0xffffffb5];[0xffffff9c][0xffffffd9][0xffffffae][0xffffffdd][0x11]}[0xffffffc1][0xffffffb5]j[0xffffff96][0xffffffa1][0xffffffcd][0xffffff8e]u->[0xffffffcb]0[0xc]f[0x19]F[0xffffffbc]4[0xffffff9e][0xffffff89]36[0xffffffcb]0[0xfffffff6][0xffffff8b][0xffffffe2][0xffffffa8]kMf[0x19]$[0xffffff90][0xffffff8c]k[\r]f[0x19][0x2][0xffffff9c][0xffffffd9][0xffffffae][0xffffffbd]>[0xffffffcb]0[0xffffffd4],C/[0xffffffe7][0xffffff8d]r->[0xffffffcb]0[0xc]f[0x19]F[0xffffffbc]4[0xffffff9e][0xffffff89]36[0xffffffcb]0[0xfffffff6][0xffffff8b][0xffffffe2][0xffffffa8]kMf[0x19]$[0xffffff90][0xffffff8c]k[\r]f[0x19][0x2][0xffffff9c][0xffffffd9][0xffffffae][0xffffffbd]>[0xffffffcb]0[0xffffffd4],C[0xffffffaf][0xffffff93][0xffffffda][0xffffff87]0[0xfffffff0]Y[0xffffff86]a0[0xffffffcb]0[0xffffffe2][0xffffffa5][0xfffffff1]L[0xffffff9c][0xffffffb1]Y[0xffffff86][0xffffffb1]_[0x14]G]k2[0xffffffcb] [0xffffff81]d\k0[0xffffffcb][0x10][0xffffffe0][0xffffffcc]v[0xffffffed][0xfffffff5]Y[0xffffff86][0xffffffa1]f[0x19][0xfffffffa]h[0xffffffd4][0xfffffffd][0xffffffda][0xffffff81][0xffffffcf]2[0xc][0xffffff83]Y[0xffffff86][0x11]/[0xffffff8d]g[0xffffffe2][0xffffff8c][0xffffffcd]2[0xffffff8c][0xfffffffd][0xffffffa2]8[0xffffffea]Z[0xffffff93]Y[0x6][0x9]$[0xffffffe3]Z[0xffffff83]Y[0xffffff86][0x0]g[0xffffffb6]k[0xffffffaf][0xffffffcf]2[0xffffff8c]!\;*[0xffffffe7][0xffffffda][0xffffff81][0xffffffbb]v[0x18][0xffffffb8]v[0x4][0xffffffa8]3q[0x1e][0xffffff98]k[0xffffff87][0xffffff93]k#[0xffffff8a][0xffffff8c]k[0x15][0xffffff90][0xffffff8c]k#[0xffffff96][0xfffffff9][0xffffffae][0xffffffdd][0xffffffe1][0xffffffcc]v[0xffffffed][0xffffff8e][0xffffffe8][0xb][0xffffffae]U[0xffffffbb][0xffffffc2]G?[0xffffffa9]Y[0xffffff86][0xffffff81][0xffffffef][\n]"
16:35:02.117 [Test worker] DEBUG org.apache.hc.client5.http.wire - http-outgoing-2 << "[0x1f][0x6][0xffffffbb][0xffffffc2]G\[0xffffffca][0xffffff9c][0xffffff89]3[0xffffffb6]+|[0xffffffec][0xffffff8b][0xffffff98]Q[0xffffffd7][0xffffff9a][0xffffffec][\n]"
16:35:02.117 [Test worker] DEBUG org.apache.hc.client5.http.wire - http-outgoing-2 << "[0xffffff97]@2[0xffffffae]5[0xffffffd8][0x15][0x1e][0xffffffe0][0xffffffcc]v[0xffffffed][0xfffffff5]][0xffffffe1]C[0xffffffcd][0xffffff8d][0xffffff8d][0xffffffd1][0xffffffb0][0xffffffdf][0xffffffc6][0xfffffff0][0xffffffb9][0xffffffb1]a076[0xffffffe2][0xffffff80]N&[0xffffffce][0xffffffd8][0xffffffdc][0xffffffd8][0xffffffd8][0xffffff87]rP[0xffffffd7][0xffffff9a][0xffffffcc][0xffffff8d]I [0x19][0xffffffd7][0x1a][0xffffffcc][0xffffff8d][0x5]8[0xffffffb3]]{}nl[0xffffffde]~9[0xffffffa3]k'v[0xffffffbf][0xfffffff6][0xffffffed]<[0xffffffac]k[0x1f]'[0xffffff80]][0xfffffffb][0xfffffffd][0xc][0xffffff88]k[0x1f]OG\[0xfffffffb][0xffffffed][0xffffffc9][0x16][0xffffffae][0x15]("[0xffffffae][0xffffff95]@"[0xffffffae][0x15]X[0xffffffa6][0xffffffbb]6[0xffffffc0][0xffffff99][0xffffffec][0xffffffda][0xffffff80][0xffffffe8][0xb][0xffffffae]Uscc5[0xffffffcc][0xffffffb5][0xfffffff8][0xffffffdc][0xffffffd8]4[0xffffff98][0x1b][0xffffff9b]q@'[0x13]glnl[0xffffffee]C9[0xffffffa8]kM[0xffffffe6][0xffffffc6]$[0xffffff90][0xffffff8c]k[\r][0xffffffe6][0xffffffc6][0x2][0xffffff9c][0xffffffd9][0xffffffae][0xffffffbd]>76[0xffffffd5][0xffffffdc][0xffffffd8],[0xffffff93][0xfffffffa][0xffffff8e][0xffffffee][0xffffffc4][0xffffffe7][0xffffffc6][0xffffffa6][0xffffffc1][0xffffffdc][0xffffffd8][0xffffff8c][0x3]:[0xffffff99]8cscs[0x1f][0xffffffca]A]k27&[0xffffff81]d\k07[0x16][0xffffffe0][0xffffffcc]v[0xffffffed][0xfffffff5][0xffffffb9][0xffffffb1][0xffffffa9][0xffffffe6][0xffffffc6]f[[0xffffffd4][0xffffffee][0xffffff99][0xffffff89][0xffffffcf][0xffffff8d]M[0xffffff83][0xffffffb9][0xffffffb1][0x19][0x7]t2q[0xffffffc6][0xffffffe6][0xffffffc6][0xffffffe6]>[0xffffff94][0xffffff83][0xffffffba][0xffffffd6]dnL[0x2][0xffffffc9][0xffffffb8][0xffffffd6]`n,[0xffffffc0][0xffffff99][0xffffffed][0xffffffda][0xffffffeb]scS[0xffffffcd][0xffffff8d][0xffffffcd]uR3[0xffffffba][0x13][0xffffff9f][0x1b][0xffffff9b][0x6]sc3[0xe][0xffffffe8]d[0xffffffe2][0xffffff8c][0xffffffcd][0xffffff8d][0xffffffcd]}([0x7]u[0xffffffad][0xffffffc9][0xffffffdc][0xffffff98][0x4][0xffffff92]q[0xffffffad][0xffffffc1][0xffffffdc]X[0xffffff80]3[0xffffffdb][0xffffffb5][0xffffffd7][0xffffffe7][0xffffffc6][0xffffffa6][0xffffff9a][0x1b][[0xffffffe5][0xffffffa0][0xffffffe6][0xffffffc6]&>76[\r][0xffffffe6][0xffffffc6]f[0x1c][0xffffffd0][0xffffffc9][0xffffffc4][0x19][0xffffff9b][0x1b][0xffffff9b][0xfffffffb]P[0xe][0xffffffea]Z[0xffffff93][0xffffffb9]1[0x9]$[0xffffffe3]Z[0xffffff83][0xffffffb9][0xffffffb1][0x0]g[0xffffffb6]k[0xffffffaf][0xffffffcf][0xffffff8d]M57[0xffffffb6]N[0xffffffec][0xffffffce][0xffffffd7][0xffffffc4][0xffffffe7][0xffffffc6][0xffffffa6][0xffffffc1][0xffffffdc][0xffffffd8][0xffffff8c][0x3]:[0xffffff99]8cscs[0x1f][0xffffffca]A]k27&[0xffffff81]d\k07[0x16][0xffffffe0][0xffffffcc]v[0xffffffed][0xfffffff5][0xffffffb9][0xffffffb1]9[0xffffff94]kg[0xffffffa5][0xffffffe6][0xffffffc6][0xffffffde][0xffffffce][0x3][0xffffffbb]v[0x18][0xffffffb8]v[0x4][0xffffffa8]3q[0x1e][0xffffff98]k[0xffffff87][0xffffff93]k#[0xffffff8a][0xffffff8c]k[0x15][0xffffff90][0xffffff8c]k#[0xffffff96][0xfffffff9][0xffffffae][0xffffffdd][0xffffffe1][0xffffffcc]v[0xffffffed][0xffffff8e][0xffffffe8][0xb][0xffffffae][0x15]sc[0xffffffe3]v[0xffffffeb][0xffffffd8][0xffffff9d]/|nl[0x1a][0xffffffcc][0xffffff8d][0xffffffcd]8[0xffffffa0][0xffffff93][0xffffff89]3676[0xfffffff7][0xffffffa1][0x1c][0xffffffd4][0xffffffb5]&sc[0x12]H[0xffffffc6][0xffffffb5][0x6]sc[0x1][0xffffffce]l[0xffffffd7]^[0xffffff9f][0x1b][0xffffff9b]bnl[0xffffffdc]*w[0xffffffe7][0xb][0xffffff9f][0x1b][0xffffff9b][0x6]sc3[0xe][0xffffffe8]d[0xffffffe2][0xffffff8c][0xffffffcd][0xffffff8d][0xffffffcd]}([0x7]u[0xffffffad][0xffffffc9][0xffffffdc][0xffffff98][0x4][0xffffff92]q[0xffffffad][0xffffffc1][0xffffffdc]X[0xffffff80]3[0xffffffdb][0xffffffb5][0xffffffd7][0xffffffe7][0xffffffc6][0xffffff96][0xfffffff8][0xffffffde][0xffffffd8][0xffffffb8]ulW[0xfffffff8][0xffffffc2][0xffffffbf]7[0xffffffb6][0xc][0xffffffbe]7[0xffffffb6][0xffffffe2][0xffffff87][0xffffff9d][0x12]q^[0xffffffd8][0xfffffff7][0xffffffc6][0xffffffd6][0xfffffffe]1'[0xffffffd2][0xffffffb5][0x2]E[0xffffffc4][0xffffffb5][0x12]H[0xffffffc4][0xffffffb5][0x2][0xffffffcb]t[0xffffffd7][0x6]8[0xffffff93]][0x1b][0x10]}[0xffffffc1][0xffffffb5]b[0xffffff96]a[0xffffffdc]V[0xffffffc1]\[0xffffff8b][0xffffffcf]2,[0xffffff83]Y[0xffffff86][0x15]/[0xffffff8d]g[0xffffffe2][0xffffff8c][0xffffffcd]2[0xffffffac][0xfffffffd][0xffffffa2]8[0xffffffea]Z[0xffffff93]Y[0x6][0x9]$"
16:35:02.124 [Test worker] DEBUG org.apache.hc.client5.http.wire - http-outgoing-2 << "[0xffffffe3]Z[0xffffff83]Y[0xffffff86][0x0]g[0xffffffb6]k[0xffffffaf][0xffffffcf]2,1[0xffffffcb]pw-[0xffffffb6]+|[0xffffffe1][0xffffffb3][0xc][0xffffffcb]`[0xffffff96]a[0xffffffc5]K[0xffffffe3][0xffffff99]8c[0xffffffb3][0xc]k[0xffffffbf]([0xffffff8e][0xffffffba][0xffffffd6]d[0xffffff96]A[0x2][0xffffffc9][0xffffffb8][0xffffffd6]`[0xffffff96]![0xffffffc0][0xffffff99][0xffffffed][0xffffffda][0xffffffeb][0xffffffb3][0xc]K[0xffffffcc]2[0xffffff8c][0xffffffe3][0xffffffb8][0xffffff9d][0xffffff94]k[0xfffffff1]Y[0xffffff86]e0[0xffffffcb][0xffffffb0][0xffffffe2][0xffffffa5][0xfffffff1]L[0xffffff9c][0xffffffb1]Y[0xffffff86][0xffffffb5]_[0x14]G]k2[0xffffffcb] [0xffffff81]d\k0[0xffffffcb][0x10][0xffffffe0][0xffffffcc]v[0xffffffed][0xfffffff5]Y[0xffffff86]%f[0x19][0xffffffc6]Q[0xffffff8f]B[0xffffffb9][0x16][0xffffff9f]eX[0x6][0xffffffb3][0xc]+^[0x1a][0xffffffcf][0xffffffc4][0x19][0xffffff9b]eX[0xfffffffb]Eq[0xffffffd4][0xffffffb5]&[0xffffffb3][0xc][0x12]H[0xffffffc6][0xffffffb5][0x6][0xffffffb3][0xc][0x1][0xffffffce]l[0xffffffd7]^[0xffffff9f]eXb[0xffffff96]a[0x1c][0xfffffffd][0xffffffc4][0xffffffba][0x16][0xffffff9f]eX[0x6][0xffffffb3][0xc]+^[0x1a][0xffffffcf][0xffffffc4][0x19][0xffffff9b]eX[0xfffffffb]Eq[0xffffffd4][0xffffffb5]&[0xffffffb3][0xc][0x12]H[0xffffffc6][0xffffffb5][0x6][0xffffffb3][0xc][0x1][0xffffffce]l[0xffffffd7]^[0xffffff9f]eXC[0xffffffb9]vM[0xffffffac]k[0x7][0xffffffee][0xffffffda]a[0xffffffe0][0xffffffda][0x11][0xffffffa0][0xffffffce][0xffffffc4]y`[0xffffffae][0x1d]N[0xffffffae][0xffffff8d](2[0xffffffae]U@2[0xffffffae][0xffffff8d]X[0xffffffe6][0xffffffbb]v[0xffffff87]3[0xffffffdb][0xffffffb5];[0xffffffa2]/[0xffffffb9][0xffffffb6][0xffffff9a][0xffffffb9][0xffffffb6][0xffffffe2][0xffffffae][0xffffffad][0x6][0xffffffae][0xffffffad][0xffffffa8]k+[0xffffffe6][0xffffffda][0xffffffea][0xffffffe4][0xffffffda][0x1d]E[0xffffffca][0xffffffb5][0x11]H[0xffffffca][0xffffffb5];[0xffffff96][0xffffff84]k+[0xffffffec][0xffffffda]z[0xffffffd5][0xffffffb5]jn[0xffffffac][0x14]l[0x1f][0xffffffc2][0xffffffc2][0xffffffe7][0xffffffc6][0xffffff96][0xffffffc1][0xffffffdc][0xffffffd8][0xffffff8a][0x3]:[0xffffff99]8csck[0x1f][0xffffffca]A]k27&[0xffffff81]d\k07[0x16][0xffffffe0][0xffffffcc]v[0xffffffed][0xfffffff5][0xffffffb9][0xffffffb1][0xffffffa5][0xffffffe6][0xffffffc6]J;[0xffffffa9][0xffffffb9][0xffffffb1][0xffffff85][0xffffffcf][0xffffff8d]-[0xffffff83][0xffffffb9][0xffffffb1][0x15][0x7]t2q[0xffffffc6][0xffffffe6][0xffffffc6][0xffffffd6]>[0xffffff94][0xffffff83][0xffffffba][0xffffffd6]dnL[0x2][0xffffffc9][0xffffffb8][0xffffffd6]`n,[0xffffffc0][0xffffff99][0xffffffed][0xffffffda][0xffffffcb]sc[0xffffffeb][0xffffffa6][0xffffffe6][0xffffffc6][0xffffffca][0xffffffac][0xffffffd0][0xfffffffd][0xffffffda][0xffffffc7]yP[0xffffffd7][0xffffffbe][0xffffff9f][0xffffff80]u[0xffffffed][0xffffffe7][0x19][0x8][0xffffffd7][0xffffffbe]?[0xffffff9d]p[0xffffffed][0xfffffff7]';[0xffffffb8]V[0xffffffa1]H[0xffffffb8]V[0x3]I[0xffffffb8]Va[0xffffff99][0xffffffed][0xffffffda][0x8]g[0xffffffae]k#[0xffffffa2]/[0xffffffb9][0xffffffb6][0xffffff98][0xffffffb9][0xffffffb6][0xffffffe0][0xffffffae]-[0x6][0xffffffae]-[0xffffffa8]k[0xb][0xffffffe6][0xffffffda][0xffffffe2][0xffffffe4][0xffffffda][0x1d]E[0xffffffca][0xffffffb5][0x11]H[0xffffffca][0xffffffb5];[0xffffff96][0xffffff84]k[0xb][0xffffffec][0xffffffda]r[0xffffffd5][0xffffffb5][0xffffffe2][0xffffffdb][0xffffff8e][0xffffffa3][0x1e][0x13][0xffffffda][0xfffffff3][0xfffffff5]8[0xf][0xffffffec]Z[0xfffffffe][0xffffffdb][0xffffff8e][0xffffff9f]g`\K}[0xffffffdb][0xfffffff1][0xfffffffb][0xffffff93]=\[0xffffffeb][0xfffffff1]mG[\r]$[0xffffffe3]Z[0xfffffffe][0xffffffdb][0xffffff8e][0x11][0xffffffce]l[0xffffffd7]^[0xfffffffe][0xffffffb6][0xffffffe3][0xffffffba][0xffffffa9]}[0x8][0xffffffb5][0xe]h[0x7f][0xffffffed][0xffffffe3]<[0xffffffb0]k[0xfffffff9]}[0x8][0xffffff9f]g`\K[0xffffffed]C[0xfffffff8][0xfffffffe]d[0xf][0xffffffd7]z[0xffffffec]C[0xffffffd0]@2[0xffffffae][0xffffffe5][0xfffffff7]!D8[0xffffffb3]]{y[0x1f][0xffffffc2][0xffffffdb][0xffffff9f][0xffffffc6]w[0x8][0xffffffac]k[0xffffffe9]w[0x8][0xffffffc5][0xffffffe0][0x1d]B[0x9][0xffffffff]a-[0x17]g[0xffffffea][0x1d]Bqz[0xffffff87][0x10]Q[0xffffffa4]\[0xffffffeb][0xfffffff2][0xe]!bI[0xffffffb8][0xffffff96]}[0xffffff87][0xffffffb0]#[0xfffffffa][0xffffff82]k[0xffffffab]rm_[0xffffffd0][0xffffff9e][0xffffffaf][0xffffffc7]y`[0xffffffd7]V[0x3][0xffffffd7][0xffffffd6][0x0]u&[0xffffffce][0x15]smurmD[0xffffff91]q[0xffffffad][0x2][0xffffff92]qm[0xffffffc4]2[0xffffffdf][0xffffffb5];[0xffffff9c][0xffffffd9][0xffffffae][0xffffffdd][0x11]}[0xffffffc1][0xffffffb5]j[0xfffffff7]L[0x5][0x7f][0x1b][0xffffffa3]w[0xffffffcf][0xffffffbc][0xffffff9f][0xffffff80]v-[0xffffffb9]{[0xffffffe6][0xfffffffd][0xffffffe9][0xffffff8c]k[0xffffff8d]v[0xffffffcf]([0x14][0x19][0xffffffd7][0xffffffba][0xffffffec][0xffffff9e]QX[0xffffffe6][0xffffffbb][0xffffff96][0xffffffdd]=[0x13][0x11]}[0xffffffc1][0xffffffb5]j[0xfffffff7]L[0xffffff9d][0xb]{[0xffffff87]@[0xffffffef][0xffffff9e]y?[0x1][0xffffffed]Zr[0xfffffff7][0xffffffcc][0xfffffffb][0xffffffd3][0x19][0xffffffd7][0x1a][0xffffffed][0xffffff9e]Q(2[0xffffffae]u[0xffffffd9]=[0xffffffa3][0xffffffb0][0xffffffcc]w-[0xffffffbb]{&"[0xfffffffa][0xffffff82]k[0xffffffd5][0xffffffee][0xffffff99][0xffffffba]NhF[0xfffffff7]q[0x1e][0xffffffd8][0xffffffb5][0xfffffffc][0xffffffee][0xffffff99][0xffffffcf]30[0xffffffae][0xffffffa5]v[0xffffffcf]|[0x7f][0xffffffb2][0xffffff87]k=v[0xffffffcf]h [0x19][0xffffffd7][0xfffffff2][0xffffffbb]g"[0xffffff9c][0xffffffd9][0xffffffae][0xffffffbd][0xffffffbc]{f[0xffffffdd][0xffffff86]p[0xffffffed]y[0xffffffbb]A3[0xffffffba][0xffffff8f][0xfffffff3][0xffffffc0][0xffffffae][0x1d][0x6][0xffffffae][0x1d][0x1][0xffffffea]L[0xffffff9c][0x7][0xffffffe6][0xffffffda][0xffffffe1][0xffffffe4][0xffffffda][0xffffff88]"[0xffffffe3]Z[0x5]$[0xffffffe3][0xffffffda][0xffffff88]e[0xffffffbe]kw8[0xffffffb3]][0xffffffbb]#[0xfffffffa][0xffffff82]k[0xffffffd5]>[0xffffff84][0xfffffff3]('[0xffffffe5]Zz[0x1f][0xffffffc2][0xfffffffb][0x9]h[0xffffffd7][0xffffff92][0xfffffffb][0x10][0xffffffde][0xffffff9f][0xffffffce][0xffffffb8][0xffffffd6]h[0x1f][0xffffff82]B[0xffffff91]q[0xffffffad][0xffffffcb]>[0x4][0xffffff85]e[0xffffffbe]k[0xffffffd9]}[0x8][0x11][0xffffffd1][0xffffffdf][0xffffffee][0xffffffda]C[0xffffffcd][0xffffffe8][0xffffff9e][0xffffff83][0xffffffda]_[0xfffffffb]8[0xf][0xffffffeb][0xffffffda][0xffffffc3]`F[0xfffffff7][0xffffff88][0xffffffc3][0xffffff90][0xffffff89]8[0x1f][0xffffffd8][0xffffff8c][0xffffffee][0xffffffb1][0xf]@[0xffffff92][0xffffffae][0x15]("[0xffffffae][0xffffff95]@"[0xffffffae][0x15]X[0xffffffa6][0xffffffbb]6[0xffffffc0][0xffffff99][0xffffffec][0xffffffda][0xffffff80][0xffffffe8][0xb][0xffffffae]Usc[0xffffffed]6[0xffffffa8]{[0x8][0x7]>7v[0x18][0xffffffcc][0xffffff8d][0x1d]q@'[0x13]gln[0xffffffec][0xffffffd8][0xffffff87]rP[0xffffffd7][0xffffff9a][0xffffffcc][0xffffff8d]I [0x19][0xffffffd7][0x1a][0xffffffcc][0xffffff8d][0x5]8[0xffffffb3]]{}n[0xffffffec][0xfffffffe][0xffffffa7][0xfffffff1]~-[0xffffffeb]Z[0xfffffff8]~[0xffffffed][0xffffffe3][0x4][0xffffffbc]k[0xffffffc1][0xfffffffb][0xffffffb5][0xffffff8f][0xffffffa7]S[0xffffffae][0xfffffff5][0xffffffb9]_+P[0xffffffa4]\kr[0xffffffbf]V`I[0xffffffb8][0x16][0xffffffbd]_[0x1b][0x10]}[0xffffffc1][0xffffffb5]jF[0xffffffb7][0xffffffd5]N[0xffffffcd]2[0x1c][0xfffffff8][0xffffff8c][0xffffffee]a0[0xffffffa3]{[0xffffffc4]a[0xffffffc8]L[0xffffff9c][0xffffffb1][0x19][0xffffffdd]c[0x1f][0xffffff80]D]k2[0xffffffa3]+[0xffffff81]d\k0[0xffffffa3][0x1b][0xffffffe0][0xffffffcc]v[0xffffffed][0xfffffff5][0x19][0xffffffdd]C[0xffffffcd]2[0xffffffb4]5[0xffffffa8]{[0x8][0x7]>[0xffffffcb]p[0x18][0xffffffcc]2[0x1c][0xfffffff1][0xffffffd2]x&[0xffffffce][0xffffffd8],[0xffffffc3][0xffffffb1]_[0x14]G]k2[0xffffffcb] [0xffffff81]d\k0[0xffffffcb][0x10][0xffffffe0][0xffffffcc]v[0xffffffed][0xfffffff5]Y[0xffffff86]C[0xffffffcd]2[0xfffffff4]J}[0xffffffb3][0xfffffffc]q[0x1e][0xffffffd8][0xffffffb5][0x6][0xffffffb3][0xc]G[0xffffffbc]4[0xffffff9e][0xffffff89]36[0xffffffcb]p[0xffffffec][0x17][0xffffffc5]Q[0xffffffd7][0xffffff9a][0xffffffcc]2H [0x19][0xffffffd7][0x1a][0xffffffcc]2[0x4]8[0xffffffb3]]{}[0xffffff96][0xffffffe1]P[0xffffffb3][0xc][0xffffffbd][0xffffff95]N[0xffffffb9][0x16][0xffffff9f]e8[0xc]f[0x19][0xffffff8e]xi<[0x13]gl[0xffffff96][0xffffffe1][0xffffffd8]/[0xffffff8a][0xffffffa3][0xffffffae]5[0xffffff99]e[0xffffff90]@2[0xffffffae]5[0xffffff98]e[0x8]pf[0xffffffbb][0xfffffff6][0xfffffffa],[0xffffffc3][0xffffffdb][0xffffffff][0x11]];:[0xffffffd6][0xffffffb5][0x3]w[0xffffffed]0p[0xffffffed][0x8]Pg[0xffffffe2]<0[0xffffffd7][0xe]'[0xffffffd7]F[0x14][0x19][0xffffffd7]* [0x19][0xffffffd7]F,[0xfffffff3]][0xffffffbb][0xffffffc3][0xffffff99][0xffffffed][0xffffffda][0x1d][0xffffffd1][0x17]\[0xffffffab]f[0x19][0xfffffffa][0xffffffc2]v[0xffffffcf][0x1c][0xfffffff8],[0xffffffc3]a0[0xffffffcb]p[0xffffffc4]K[0xffffffe3][0xffffff99]8c[0xffffffb3][0xc][0xffffffc7]~Q[0x1c]u[0xffffffad][0xffffffc9],[0xffffff83][0x4][0xffffff92]q[0xffffffad][0xffffffc1],C[0xffffff80]3[0xffffffdb][0xffffffb5][0xffffffd7]g[0x19][0xffffff8a][0xffffff9a]e[0x18][0xffffffb7]B[0xfffffffd]6V[0xfffffff0]Y[0xffffff86]b0[0xffffffcb]P[0xffffffe2][0xffffffa5][0xfffffff1]D[0xffffff9c][0xb]6[0xffffffcb]P[0xfffffff6][0xffffff8b][0xffffffe2][0xffffffa4]k[0x5][0xffffff8a][0xffffff88]k%[0xffffff90][0xffffff88]k[0x5][0xffffff96][0xffffffe9][0xffffffae][\r]p&[0xffffffbb]6 [0xfffffffa][0xffffff82]k[0xffffffd5][0xffffff9d][0xffffffaf]q4j[0xfffffff7]L[0xffffffc1][0xffffffef]|[0x15][0xffffff83];_%^[0xffffffae][0xffffffc9][0xffffffc4][0x19][0xffffffbb][0xfffffff3]U[0xfffffff6][0xb]5[0xffffffa8]kM[0xffffffee]|I [0x19][0xffffffd7][0x1a][0xffffffdc][0xfffffff9][\n]"
16:35:02.125 [Test worker] DEBUG org.apache.hc.client5.http.wire - http-outgoing-2 << "pf[0xffffffbb]"
16:35:02.128 [Test worker] DEBUG org.apache.hc.client5.http.wire - http-outgoing-2 << "[0xfffffff6][0xfffffffa][0xffffff9d][0xffffffaf][0xffffffa2][0xffffffbe][0xffffffcb][0xffffffc0][0xffffffba][0x16][0xffffff9e]e([0x6][0xffffffdf]e(q[0x1]~.[0xffffffce][0xffffffd0],C[0xffffffd9][0xffffff97][0xffffffde][0xffffffc3][0xffffffae][0xffffffb5][0xffffff98]e[0xffffff90]@R[0xffffffae][0xffffffc5]g[0x19][0x2][0xffffff9c][0xfffffff9][0xffffffae][0xffffffbd]:[0xffffffcb]P[0xffffffaa][0xffffffea][0xffffffda][0xffffffb3]Q[0xffffffb3][0xc]o[0xffffffe7][0xffffff81]][[\r][0xffffffba][0xffffffb6][0xffffff86][0xffffff80][0xffffffc8][0xffffffc4][0xffffffb9]b][[0xffffff9d][0xffffffba]6[0xffffffa2][0xffffffc8][0xffffffb8]V[0x1][0xffffffc9][0xffffffb8]6b[0xffffff99][0xffffffef][0xffffffda][0x1d][0xffffffce]l[0xffffffd7][0xffffffee][0xffffff88][0xffffffbe][0xffffffe0][0xffffffda]Sum[0xffffff9f]X[0xffffffd7][0xffffff9e]x[0xffffffd7][0xffffff9e][0x6]]{[0xffffff86][0xffffff80][0xffffffc8][0xffffffc4][0xfffffff9][0xffffffc4][0xffffffba][0xfffffff6]t[0xffffffea][0xffffffda][0xffffff88]"[0xffffffe3]Z[0x5]$[0xffffffe3][0xffffffda][0xffffff88]e[0xffffffbe]kw8[0xffffffb3]][0xffffffbb]#[0xfffffffa][0xffffff82]k[0xffffffd5],[0xffffffc3][0xffffffbc][0xfffffff5]F[0xffffffb9][0x16][0xffffff9f]e([0x6][0xffffffb3][0xc]%^[0x1a][0xffffffcf][0xffffffc4][0x19][0xffffff9b]e([0xfffffffb]Eq[0xffffffd4][0xffffffb5]&[0xffffffb3][0xc][0x12]H[0xffffffc6][0xffffffb5][0x6][0xffffffb3][0xc][0x1][0xffffffce]l[0xffffffd7]^[0xffffff9f]e(j[0xffffff96]a[0xffffffd6]sQ[0xffffffae][0xffffffc5]g[0x19][0xffffff8a][0xffffffc1],C[0xffffff89][0xffffff97][0xffffffc6]3q[0xffffffc6]f[0x19][0xffffffca]~Q[0x1c]u[0xffffffad][0xffffffc9],[0xffffff83][0x4][0xffffff92]q[0xffffffad][0xffffffc1],C[0xffffff80]3[0xffffffdb][0xffffffb5][0xffffffd7]g[0x19][0xffffffca]P[0xffffffae][0xffffffed][0x5]s[0xffffffed][0xffffffc0]];[0xc]\;[0x2][0xffffffd4][0xffffff99]8[0xf][0xffffffcc][0xffffffb5][0xffffffc3][0xffffffc9][0xffffffb5][0x11]E[0xffffffc6][0xffffffb5][\n]"
16:35:02.129 [Test worker] DEBUG org.apache.hc.client5.http.wire - http-outgoing-2 << "H[0xffffffc6][0xffffffb5][0x11][0xffffffcb]|[0xffffffd7][0xffffffee]pf[0xffffffbb]vG[0xfffffff4][0x5][0xffffffd7][0xffffffaa]Y[0xffffff86][0xffffffc9]}o[0xffffffac][0xffffffe0][0xffffffb3][0xc][0xffffffc5]`[0xffffff96][0xffffffa1][0xffffffc4]K[0xffffffe3][0xffffff99]8c[0xffffffb3][0xc]e[0xffffffbf]([0xffffff8e][0xffffffba][0xffffffd6]d[0xffffff96]A[0x2][0xffffffc9][0xffffffb8][0xffffffd6]`[0xffffff96]![0xffffffc0][0xffffff99][0xffffffed][0xffffffda][0xffffff9f][0xffffff98]eX[0xffffffc2][0xffffffb5][0xffffffab]4j[0x1f][0xffffffc2][0xffffffdb]y`[0xffffffd7].[0x3][0xffffffd7][0xffffffae][0x0]u&[0xffffffce][0xb]s[0xffffffed]rrmD[0xffffff91]q[0xffffffad][0x2][0xffffff92]qm[0xffffffc4]2[0xffffffdf][0xffffffb5];[0xffffff9c][0xffffffd9][0xffffffae][0xffffffdd][0x11][0xfffffffd][0xffffffed][0xffffffae][0xffffffad]jnl[0xffffff9d][0xfffffff3][0xffffff84]\[[0xfffffff1][0xffffffb9][0xffffffb1]j07V[0xffffffe3][0xffffff80]N"[0xffffffce][0x15][0xffffff9b][0x1b][0xffffffab][0xfffffffb]P[0xe][0xffffffe9]Z[0xffffff81]"[0xffffffe2]Z[0x9]$[0xffffffe2]Z[0xffffff81]e[0xffffffba]k[0x3][0xffffff9c][0xffffffc9][0xffffffae][\r][0xffffff88][0xffffffbe][0xffffffe0]Z[0xfffffff5][\r][0xffffff9c]5[0xffffffb0]w[0x8][0x15][0xffffffff][0x6]N5[0xfffffff8][0x6]N[0xffffff8d][0x1f][0x1b][0xffffffc9][0xffffffc4][0x19][0xfffffffb][0x6]N[0xffffffdd]?0[0xffffff82][0xffffffba][0xffffffd6][0xffffffe4][0x1b]8[0x12]H[0xffffffc6][0xffffffb5][0x6][0xffffffdf][0xffffffc0][0x9]pf[0xffffffbb][0xfffffff6][0xfffffffa]7p[0xffffffaa][0xffffff98][0xffffffd1][0xffffff9d][0xffffffb7][9([0xffffffd7][0xffffffe2]3[0xffffffba][0xffffffd5]`F[0xffffffb7][0xffffffc6]a[0xffffffc8]L[0xffffff9c][0xffffffb1][0x19][0xffffffdd][0xffffffba][0xf]@[0xffffffa2][0xffffffae]5[0xffffff99][0xffffffd1][0xffffff95]@2[0xffffffae]5[0xffffff98][0xffffffd1][\r]pf[0xffffffbb][0xfffffff6][0xfffffffa][0xffffff8c]n[0x15]scw[0xffffffd7]r][0xffffff8b][0xffffffcf][0xffffff8d]U[0xffffff83][0xffffffb9][0xffffffb1][0x1a][0x7]t2q[0xffffffc6][0xffffffe6][0xffffffc6][0xffffffea]>[0xffffff94][0xffffff83][0xffffffba][0xffffffd6]dnL[0x2][0xffffffc9][0xffffffb8][0xffffffd6]`n,[0xffffffc0][0xffffff99][0xffffffed][0xffffffda][0xffffffeb]scU|[0x3][0xffffffe7][0xffffffee][0xffffffda]I[0xffffffed][0xfffffff9][0xffffffaa][0xfffffff8]7p[0xffffffaa][0xffffffc1]7pj[0xfffffffc][0xffffffd8]H&[0xffffffce][0xffffffd8]7p[0xffffffea][0xfffffffe][0xffffff81][0x11][0xffffffd4][0xffffffb5]&[0xffffffdf][0xffffffc0][0xffffff91]@2[0xffffffae]5[0xfffffff8][0x6]N[0xffffff80]3[0xffffffdb][0xffffffb5][0xffffffd7][0xffffffbf][0xffffff81]S[0xffffffc5][0xffffffdc][0xffffffd8][0xffffffbc][0xffffff95][0x1b]u[0xf][0xffffffa1][0xffffffe2]sc[0xffffffd5]`n[0xffffffac][0xffffffc6][0x1][0xffffff9d]L[0xffffff9c][0xffffffb1][0xffffffb9][0xffffffb1][0xffffffba][0xf][0xffffffe5][0xffffffa0][0xffffffae]5[0xffffff99][0x1b][0xffffff93]@2[0xffffffae]5[0xffffff98][0x1b][0xb]pf[0xffffffbb][0xfffffff6][0xfffffffa][0xffffffdc]X[0x15]sc[0xfffffff3][0xffffffd6]*[0xffffffd6][0xffffffb5][0xfffffff8][0xffffffdc]X5[0xffffff98][0x1b][0xffffffab]q@'[0x13]gln[0xffffffac][0xffffffee]C9[0xffffffa8]kM[0xffffffe6][0xffffffc6]$[0xffffff90][0xffffff8c]k[\r][0xffffffe6][0xffffffc6][0x2][0xffffff9c][0xffffffd9][0xffffffae][0xffffffbd]>7V[0xffffff87]r[0xffffffed]<[0xffffffb0][0xffffffdf][0xffffffc6][0x6][0xffffffee][0xffffffda]a[0xffffffe0][0xffffffda][0x11][0xffffffa0][0xffffffce][0xffffffc4]y`[0xffffffae][0x1d]N[0xffffffae][0xffffff8d](2[0xffffffae]U@2[0xffffffae][0xffffff8d]X[0xffffffe6][0xffffffbb]v[0xffffff87]3[0xffffffdb][0xffffffb5];[0xffffffa2]/[0xffffffb8]V[0xffffffcc][0xffffff8d][0xffffffcd][0xffffffa3][0xffffffdc][0xffffffa8][0xffffffdd]3[0x15][0xffffff9f][0x1b][0xffffffab][0x6]sc5[0xe][0xffffffe8]d[0xffffffe2][0xffffff8c][0xffffffcd][0xffffff8d][0xffffffd5]}([0x7]u[0xffffffad][0xffffffc9][0xffffffdc][0xffffff98][0x4][0xffffff92]q[0xffffffad][0xffffffc1][0xffffffdc]X[0xffffff80]3[0xffffffdb][0xffffffb5][0xffffffd7][0xffffffe7][0xffffffc6][0xffffffee][0x7f]Z[0xffffffcc]\[0xb][0xffffffef]T|[0xffffff9c][0xffffff80]w-[0xffffffb8]S[0xfffffff1][0xfffffff1]t[0xffffffca][0xffffffb5]>;[0x15][0x5][0xffffff8a][0xffffff94]kMv*[\n]"
16:35:02.129 [Test worker] DEBUG org.apache.hc.client5.http.wire - http-outgoing-2 << ",[0x9][0xffffffd7][0xffffffa2];[0x15][0x3][0xffffffa2]/[0xffffffb9][0xfffffff6]4s[0xffffffed][0xffffff89][0xffffffbb][0xfffffff6]4p[0xffffffed][0xffffff89][0xffffffba][0xfffffff6][0xffffffc4]\{:[0xffffffb9]vG[0xffffff91]rm[0x4][0xffffff92]r[0xffffffed][0xffffff8e]%[0xffffffe1][0xffffffda][0x13]v[0xffffffed]y[0xffffffdd][0xffffffb5][0xffffff8f]w[0xffffffb3]N[0xffffffb2]=[0xe][0xffffffdc][0xffffffb6][0xfffffff7]#[0xfffffff0][0xffffffba][0xfffffffd]8[0x4][0xffffffe5][0xffffffdb][0xfffffffb][0xffffffe3])[0xffffffe1][0xffffffbe]?[0xffffffda][0xffffffc5][0xffffffb8][0xffffff81]GJ[0xffffffb9][0xffffff82]J[0xffffffca][0xffffffb9][0xffffff81]MB[0xffffffba][0x1b][0xffffffa1][0xfffffff9][0xffffffd6][0xffffffdd]8}I[0xffffffbb][0xffffffc5][0xffffffee]}[0xffffff82][0xffffffc1][0xb][0x5][0xffffff8b]7[\n]"
16:35:02.129 [Test worker] DEBUG org.apache.hc.client5.http.wire - http-outgoing-2 << "[0xfffffff0]+[0x5][0xfffffff0][0xffffff9d][0xffffff82][0xffffffd7]K[0x5][0xffffff9b][0xffffffb7][\n]"
16:35:02.129 [Test worker] DEBUG org.apache.hc.client5.http.wire - http-outgoing-2 << "F[0xffffffaf][0x15],[0xffffffde]+[0xffffffe0]/[0x16]~[0xffffffe2][0xffffffcd]Bmf[0xffffffda][0xffffffad][\r][0xffffffd7][0xffffffee][0xfffffffd][0x8][0xffffffbc]v?[0xe]Ai[0xfffffff7][0xfffffffe]xJ[0xffffffbb][0xffffffef][0xffffff8f]v[0xffffffd1]n[0xffffffe0][0xffffff91][0xffffffd2][0xffffffae][0xffffffa0][0xffffff92][0xffffffd2]n`[0xffffff93][0xffffffd0][0xffffffee]Fh[0xffffffbe]v7N_[0xffffffd2][0xffffffee]9[0xffffffcd][0xffffffb4]{N\[0xffffffbb][0xfffffff7]#[0xfffffff0][0xffffffda][0xfffffffd]8[0x4][0xffffffa5][0xffffffdd][0xfffffffb][0xffffffe3])[0xffffffed][0xffffffbe]?[0xffffffda]E[0xffffffbb][0xffffff81]GJ[0xffffffbb][0xffffff82]JJ[0xffffffbb][0xffffff81]MB[0xffffffbb][0x1b][0xffffffa1][0xfffffff9][0xffffffda][0xffffffdd]8}I[0xffffffbb][0xffffffdd][0xffffffed]%C[0xffffffe7]_2t[0xffffff87][0xffffff97][0xc][0xffffff9d]}[0xffffffc9][0xffffffd0][0xffffffb9][0xffffff97][0xc][0xffffffdd][0xffffffea]%C[0xffffffe0][0xffffff91][0xffffffd2][0xffffffae][0xffffffa0][0xffffff92][0xffffffd2]n`[0xffffff93][0xffffffd0]n[0xffffffa7]_2[0xfffffff4][0xffffff9f]x[0xffffffc9]0[0xffffffdd]jw[0xfffffff2][0xffffffb5];[0x1d]jw[0xffffffb2][0xffffffb5];[0xffffffb9][0xffffffda][0xffffff9d]V[0xffffffb5][0x1b]x[0xffffffa4][0xffffffb4]+[0xffffffa8][0xffffffa4][0xffffffb4][0x1b][0xffffffd8]$[0xffffffb4];[0xffffffe9][0xffffffda][0xffffff9d]?Q[0xffffffbb][0xffffffcb][0xffffffad]v[0x17]_[0xffffffbb][0xffffffcb][0xffffffa1]v[0x17][[0xffffffbb][0xffffff8b][0xffffffab][0xffffffdd]eU[0xffffffbb][0xffffff81]GJ[0xffffffbb][0xffffff82]JJ[0xffffffbb][0xffffff81]MB[0xffffffbb][0xffffff8b][0xffffffae][0xffffffdd][0xfffffff5][0x13][0xffffffb5]{<[0xffffffbe][0xffffffc0][0xffffffeb][0xffffffe4][0xffffffdd][0xfffffffb][0xffffff89]p[0xfffffff1][0xffffffbe][0xffffff9d][0xffffff81]7[0xffffffef][0xffffffb7]SP[0xffffffea]}{>[0xffffffe5][0xffffffde][0xffffff8f]g[0xffffffbb][0xffffffc8]7BI[0xffffffd9]W[0xffffffa1]I[0xffffffe9]7[0x2]J[0xfffffff8]w[0xffffffc7]4_[0xffffffc0];[0xffffffac][0xffffffbf][0xffffffc5][0xffffffc0][0xfffffff3][0xfffffffd][0xffffff8f][0xffffffc5]'[0xffffffcd][0xffffffe6][0xffffffd1]W[0xfffffffe][0xffffffa7]z?[0xffffffcf]C[0xffffffd9][0xfffffff7][0xffffffcb][0x9]0[0xfffffff7]ngH6[0xffffffef][0xffffff97][0xffffffa7]'{[0xfffffff7][0xffffffd7]O[0xffffff86][0xffffffad][0xfffffffb][0x14][0xffffffc5]d[0xffffffe7][0xfffffffe][0x0][0xffffffc8]d[0xffffffe3]>[0xffffffc5]2[0xffffffd1][0xffffffb7]O[0xffffffe0]L[0xffffffb3][0xffffffed][0x13]D[0x7f][0xffffffbb]kO[0xfffffff1]I[0xffffffb3]y[0xffffffac][0xffffff95][0xffffffbf]J[0xffffffec][0xfffffff3]<[0xffffffac]kO[0xfffffff4][0xffffff93]f[0xffffffdb][0x19][0x10][0xffffffd7][0xffffff9e][0xffffffc0]'[0xffffffcd]~[0xfffffffd]d[0xb][0xffffffd7][\n]"
16:35:02.129 [Test worker] DEBUG org.apache.hc.client5.http.wire - http-outgoing-2 << "[0x14][0x11][0xffffffd7]J [0x11][0xffffffd7][\n]"
16:35:02.129 [Test worker] DEBUG org.apache.hc.client5.http.wire - http-outgoing-2 << ",[0xffffffd3]][0x1b][0xffffffe0]Lvm@[0xfffffff4][0x5][0xffffffd7][0xffffff8a]O[0xffffff9a][0xffffffcd]RO[0xffffffcc][0xffffffb5][0xffffffe0]'[0xffffffcd][0xffffffbe][0xffffff9c][0xffffff80]v-[0xfffffff4]I[0xffffffb3]/Og\[0xffffffeb][0xfffffff1]I[0xffffffb3][0xffffffa7](2[0xffffffae]5[0xfffffff8][0xffffffa4][0xffffffd9]S,[0xfffffff3]][0xffffff8b]}[0xffffffd2][0xffffffec][0x9][0xffffffa2]/[0xffffffb8]V}[0xffffffd2][0xffffffac]4`m[0xffffffe3]"
16:35:02.133 [Test worker] DEBUG org.apache.hc.client5.http.wire - http-outgoing-2 << "[0xffffffe7]y`[0xffffffd7][0xffffffa2][0xffffff9f]4[0xffffffdb][0xffffffce][0xffffffc0][0xffffffb8][0x16][0xfffffff8][0xffffffa4][0xffffffd9][0xffffffaf][0xffffff9f][0xffffffec][0xffffffe1]Z[0xfffffffc][0xffffff93]f?[0x0][0xffffff92]q-[0xfffffffa]I[0xffffffb3]'pf[0xffffffbb][0xfffffff6][0xffffffca]'[0xffffffcd]>[0xfffffffe]T}[0xffffffd2][0xffffffac][0xffffff8c]U)[0xffffffd7][0xffffff82][0xffffff9f]4[0xfffffffb]r[0x2][0xffffffda][0xffffffb5][0xffffffd0]'[0xffffffcd][0xffffffbe]<[0xffffff9d]q[0xffffffad][0xffffffc7]'[0xffffffcd][0xffffff9e][0xffffffa2][0xffffffc8][0xffffffb8][0xffffffd6][0xffffffe0][0xffffff93]fO[0xffffffb1][0xffffffcc]w-[0xfffffff6]I[0xffffffb3]'[0xffffff88][0xfffffffe]v[0xffffffd7]6[0xfffffff5][0xffffffbe][0xffffffb6][0xffffffb6]3[0xffffffff]3;[0xffffff9f][0xffffffe7]a][0xffffffdb][0xc][0xffffffde][0xffffffd7][0xffffffb6][0xfffffff8]b,[0x11][0xffffffe7][0xffffff86][0xffffffbd][0xffffffaf]m[0xfffffffb][0xffffffcb]0[0xffffffd2][0xffffffb5][0x2]E[0xffffffc4][0xffffffb5][0x12]H[0xffffffc4][0xffffffb5][0x2][0xffffffcb]t[0xffffffd7][0x6]8[0xffffff93]][0x1b][0x10]}[0xffffffc1][0xffffffb5][0xffffffea]}m[0x1d][0xffffff9d][0xffffffea][0xffffffda][0xffffff86][0xffffffbf][0xffffffaf]m[0x6][0xffffffef]k[|1[0xffffff96][0xffffff89]3[0xfffffff6][0xffffffbe][0xffffffb6][0xffffffed]/[0xffffffc3]P[0xffffffd7][0xffffff9a][0xffffffbc][0xffffffaf][0xffffff95]@2[0xffffffae]5x_[0x1b][0xffffffe0][0xffffffcc]v[0xffffffed][0xfffffff5][0xfffffff7][0xffffffb5][0xffffffad][0xffffff88]u[0xffffffe4][0xffffffe7]m[0xffffffe6][0xffffffdf][0xffffffb9][0xfffffffd]<[0xf][0xffffffec][0xffffffda]B[0xffffffae]#[0xffffffdf][0xffffffce][0xffffffc0][0xffffffb8][0xffffffb6][0xffffffe4][0xffffffaf]#[0xffffffff][0xfffffff5][0xffffff93]=\[0x1b]Qd\[0xffffffab][0xffffff80]d\[0x1b][0xffffffb1][0xffffffcc]w[0xffffffed][0xe]g[0xffffffb6]kwD_p[0xffffffad]z_{[0xffffff96][0xffffff85][0xffffffbd]C[0xffffffc0][0xffffffdf][0xffffffd7]6[0xffffff83][0xfffffff7][0xffffffb5]-[0xffffffbe][0x18][0xffffffcb][0xffffffc4][0x19]{_[0xffffffdb][0xfffffff6][0xffffff97]a[0xffffffa8]kM[0xffffffde][0xffffffd7]J [0x19][0xffffffd7][0x1a][0xffffffbc][0xffffffaf][\r]pf[0xffffffbb][0xfffffff6]'[0xffffffde][0xffffffd7][0xffffff9e][0xffffffca][0xffffffb5][0xfffffffd][0xffffff86][0xffffffbd]C8q[0xffffffd7][0xffffff9e][0x6][0xffffffae]=[0x3][0xffffffd4][0xffffff99]8[0xffffff9f][0xffffff98]kO'[0xffffffd7]F[0x14][0x19][0xffffffd7]* [0x19][0xffffffd7]F,[0xfffffff3]][0xffffffbb][0xffffffc3][0xffffff99][0xffffffed][0xffffffda][0x1d][0xffffffd1][0x17]\[0xffffffdb][0xffffff94]k'[0xfffffff7][0xffffffbe][0xffffffb6][0xffffffe1][0xffffffae]m[0x6][0xffffffae]m[0x1][0xffffffea]L[0xffffff9c][0x1b][0xffffffe6][0xffffffda][0xffffffe6][0xffffffe4][0xffffffda][0xffffff88]"[0xffffffe3]Z[0x5]$[0xffffffe3][0xffffffda][0xffffff88]e[0xffffffbe]kw8[0xffffffb3]][0xffffffbb]#[0xfffffffa][0xffffff82]k[0xffffffbb][0xfffffff8][0xffffffa4]Y;[0xe][0xffffffec]}m[0xffffffe7]>i[0xfffffff6][0xffffffe5][0x4][0xffffffb4]k{[0xfffffff8]vT&[0xffffffce]=[0xffffffff][0xffffff93]f[0xffffffbf]~[0xffffffb2][0xffffff87]k#[0xffffff8a][0xffffff8c]k[0x15][0xffffff90][0xffffff8c]k#[0xffffff96][0xfffffff9][0xffffffae][0xffffffdd][0xffffffe1][0xffffffcc]v[0xffffffed][0xffffff8e][0xffffffe8][0xb][0xffffffae][0x1d][0xffffffa2]k[0xffffffdb]y[0x1b][0xffffff94]k[0x7][0xffffffde][0xffffffb5][0xffffffc3][0xffffffa0]kG[0x8][0xffffff88]L[0xffffff9c][0x7][0xffffffd6][0xffffffb5][0xffffffc3][0xffffffa9]k#[0xffffff8a][0xffffff8c]k[0x15][0xffffff90][0xffffff8c]k#[0xffffff96][0xfffffff9][0xffffffae][0xffffffdd][0xffffffe1][0xffffffcc]v[0xffffffed][0xffffff8e][0xffffffe8][0xb][0xffffffae][0xffffff9d][0xffffffca][0xffffffb5][0xffffffad][0xffffff9c][0xffffff94]k'[0xffffffee][0xffffffda]i[0xffffffe0][0xffffffda][0x19][0xffffffa0][0xffffffce][0xffffffc4]yb[0xffffffae][0xffffff9d]N[0xffffffae][0xffffff8d](2[0xffffffae]U@2[0xffffffae][0xffffff8d]X[0xffffffe6][0xffffffbb]v[0xffffff87]3[0xffffffdb][0xffffffb5];[0xffffffa2]/[0xffffffb8]V[0xffffffed][0xfffffff9]j[0xffffffed][0xfffffff1][0xffffff89][0x7][0xffffffc4][0xffffffb5][0xfffffff8][0xffffff9e][0xffffffaf]f[0xffffffb0][0xffffffe7][0xffffffab][0xffffffc5][0xffffff85]J[0xffffff99]8c{[0xffffffbe][0xffffffda][0xffffffbe]D[0x9]u[0xffffffad][0xffffffc9][0xffffff9e]/[0x9]$[0xffffffe3]Z[0xffffff83]=_[0x1][0xffffffce]l[0xffffffd7]^[0xffffffdf][0xfffffff3][0xffffffd5][0xffffffd5][0xffffffdc]X[0xffffffeb][0xffffffc7][0xffffff84]\[0xffffffdb][0xfffffff1][0xffffffb9][0xffffffb1]n07[0xffffffd6][0xffffffe3][0xffffff80]N"[0xffffffce][0x1d][0xffffff9b][0x1b][0xffffffeb][0xfffffffb]P[0xe][0xffffffe9]Z[0xffffff81]"[0xffffffe2]Z[0x9]$[0xffffffe2]Z[0xffffff81]e[0xffffffba]k[0x3][0xffffff9c][0xffffffc9][0xffffffae][\r][0xffffff88][0xffffffbe][0xffffffe0]Z57[0xffffffd6]z[0xffffffa3][0xffffffee]!t|n[0xffffffac][0x1b][0xffffffcc][0xffffff8d][0xfffffff5]8[0xffffffa0][0xffffff93][0xffffff89]367[0xffffffd6][0xfffffff7][0xffffffa1][0x1c][0xffffffd4][0xffffffb5]&sc[0x12]H[0xffffffc6][0xffffffb5][0x6]sc[0x1][0xffffffce]l[0xffffffd7]^[0xffffff9f][0x1b][0xffffffeb]j[0xffffffcf]W[0x1b][0xffffff9d][0xffffffda][0x15][0xffffffde][0xfffffff1]=_[0xffffffdd]`[0xffffffcf]W[0xffffff8f][0xb][0xffffff95]2q[0xffffffc6][0xfffffff6]|[0xfffffff5]}[0xffffff89][0x12][0xffffffea]Z[0xffffff93]=_[0x12]H[0xffffffc6][0xffffffb5][0x6]{[0xffffffbe][0x2][0xffffff9c][0xffffffd9][0xffffffae][0xffffffbd][0xffffffbe][0xffffffe7][0xffffffab][0xffffffab]Y[0xffffff86]^;57[0xffffffd6][0xfffffff1]Y[0xffffff86]n0[0xffffffcb][0xffffffd0][0xffffffe3][0xffffffa5][0xfffffff1]L[0xffffff9c][0xffffffb1]Y[0xffffff86][0xffffffbe]_[0x14]G]k2[0xffffffcb] [0xffffff81]d\k0[0xffffffcb][0x10][0xffffffe0][0xffffffcc]v[0xffffffed][0xfffffff5]Y[0xffffff86][0xffffffde][0xffffff85]k[0xffffffc7][0xffffffd1][0xffffffa8][0xfffffffd][0xffffffb5]o[0xffffffe7][0xffffff81]][0xffffffdb][\r]\[0xffffffdb][0x3][0xffffffd4][0xffffff99]8w[0xffffffcc][0xffffffb5][0xffffffdd][0xffffffc9][0xffffffb5][0x11]E[0xffffffc6][0xffffffb5][\n]"
16:35:02.133 [Test worker] DEBUG org.apache.hc.client5.http.wire - http-outgoing-2 << "H[0xffffffc6][0xffffffb5][0x11][0xffffffcb]|[0xffffffd7][0xffffffee]pf[0xffffffbb]vG[0xfffffff4][0x5][0xffffffd7]N[0xffffffe5][0xffffffda][0xffffff81][0xffffffdd][0xffffffaf]};[0xf][0xffffffec][0xffffffda]i[0xffffffe0][0xffffffda][0x19][0xffffffa0][0xffffffce][0xffffffc4]yb[0xffffffae][0xffffff9d]N[0xffffffae][0xffffff8d](2[0xffffffae]U@2[0xffffffae][0xffffff8d]X[0xffffffe6][0xffffffbb]v[0xffffff87]3[0xffffffdb][0xffffffb5];[0xffffffa2]/[0xffffffb8]V[0xffffffdd][0xfffffff9][0xffffff9a][0xffffffb7][0xffffff8e][0xffffffdd]C[0xffffffc0][0xffffffef]|u[0xffffff83];_=^[0xffffffae][0xffffffc9][0xffffffc4][0x19][0xffffffbb][0xfffffff3][0xffffffd5][0xfffffff7][0xb]5[0xffffffa8]kM[0xffffffee]|I [0x19][0xffffffd7][0x1a][0xffffffdc][0xfffffff9][\n]"
16:35:02.133 [Test worker] DEBUG org.apache.hc.client5.http.wire - http-outgoing-2 << "pf[0xffffffbb][0xfffffff6][0xfffffffa][0xffffff9d][0xffffffaf][0xffffffa1][0xffffffee]|[0xffffffcd]r[0xffffff9e][0xffffff90]k[0x7]~[0xffffffe7]k[0x18][0xffffffdc][0xfffffff9][0x1a][0xfffffff1]rM"[0xffffffce][0x3][0xffffffbb][0xfffffff3]5[0xfffffff6][0xb]5[0xffffffa4]k[0x5][0xffffff8a][0xffffff88]k%[0xffffff90][0xffffff88]k[0x5][0xffffff96][0xffffffe9][0xffffffae][\r]p&[0xffffffbb]6 [0xfffffffa][0xffffff82]k[0xffffffd5][0xffffff9d][0xffffffaf][0xffffffd9]Nj[0x1f][0xffffffc2][0xffffffc0][0xffffffef]|[\r][0xffffff83];_#^[0xffffffae][0xffffffc9][0xffffffc4][0x19][0xffffffbb][0xfffffff3]5[0xfffffff6][0xb]5[0xffffffa8]kM[0xffffffee]|I [0x19][0xffffffd7][0x1a][0xffffffdc][0xfffffff9][\n]"
16:35:02.133 [Test worker] DEBUG org.apache.hc.client5.http.wire - http-outgoing-2 << "pf[0xffffffbb][0xfffffff6][0xfffffffa][0xffffff9d][0xffffffaf][0xffffffa1][0xffffffee]|[0xffffffcd]>[0xffffffa8];_[0x3][0xffffffbf][0xfffffff3]5[0xc][0xffffffee]|[0xffffff8d]x[0xffffffb9]&[0x13]g[0xffffffec][0xffffffce][0xffffffd7][0xffffffd8]/[0xffffffd4][0xffffffa0][0xffffffae]5[0xffffffb9][0xfffffff3]%[0xffffff81]d\kp[0xffffffe7]+[0xffffffc0][0xffffff99][0xffffffed][0xffffffda][0xffffffeb]w[0xffffffbe][0xffffff86][0xffffffda][0x15]>G[0xffffffa1]f[0x19][0x6][0xffffffbe]+|[0x18][0xffffffec][\n]"
16:35:02.133 [Test worker] DEBUG org.apache.hc.client5.http.wire - http-outgoing-2 << "[0x1f]q)s&[0xffffffce][0xffffffd8][0xffffffae][0xfffffff0][0xffffffb1]/bF]k[0xffffffb2]+\[0x2][0xffffffc9][0xffffffb8][0xffffffd6]`Wx[0xffffff80]3[0xffffffdb][0xffffffb5][0xffffffd7]w[0xffffff85][0xf]u[0xffffffbf]v[0xffffff8e][0xffffffc7][0xffffffe9][0x10][0xffffffd7][0xffffffe2][0xfffffff7]k[0xffffff87][0xffffffc1][0xfffffffd][0xffffffda][0x11]/2f[0xffffffe2][0xffffff8c][0xffffffdd][0xffffffaf][0x1d][0xfffffffb][0xffffffe5]E[0xffffffd4][0xffffffb5]&[0xfffffff7]k%[0xffffff90][0xffffff8c]k[\r][0xffffffee][0xffffffd7][0x6]8[0xffffffb3]]{[0xfffffffd]~[0xffffffed]P[0xffffffbb][0xffffffc2][0xffffffe7]X[0xffffffd8];[0x4]|W[0xfffffff8]0[0xffffffd8][0x15]>[0xffffffe2]R[0xffffffe6]L[0xffffff9c][0xffffffb1]][0xffffffe1]c_[0xffffffc4][0xffffff8c][0xffffffba][0xffffffd6]dW[0xffffffb8][0x4][0xffffff92]q[0xffffffad][0xffffffc1][0xffffffae][0xfffffff0][0x0]g[0xffffffb6]k[0xffffffaf][0xffffffef][\n]"
16:35:02.133 [Test worker] DEBUG org.apache.hc.client5.http.wire - http-outgoing-2 << "[0x1f]j[0xffffff96]a[0xffffffae][0x1b][0xfffffff6][0xffffffdb][0x18]>[0xffffffcb]0[0xc]f[0x19]F[0xffffffbc]4[0xffffff9e][0xffffff89]36[0xffffffcb]0[0xfffffff6][0xffffff8b][0xffffffe2][0xffffffa8]kMf[0x19]$[0xffffff90][0xffffff8c]k[\r]f[0x19][0x2][0xffffff9c][0xffffffd9][0xffffffae][0xffffffbd]>[0xffffffcb]0[0xffffffd4][0xffffffae][0xfffffff0]U[0xe]j[0xffffff96]a[0xffffffe0][0xffffffbb][0xffffffc2][0xffffff87][0xffffffc1][0xffffffae][0xfffffff0][0x11][0xffffff97]2g[0xffffffe2][0xffffff8c][0xffffffed][\n]"
16:35:02.133 [Test worker] DEBUG org.apache.hc.client5.http.wire - http-outgoing-2 << "[0x1f][0xfffffffb]"f[0xffffffd4][0xffffffb5]&[0xffffffbb][0xffffffc2]%[0xffffff90][0xffffff8c]k[\r]v[0xffffff85][0x7]8[0xffffffb3]]{}W[0xfffffff8][0xffffff98][0xffffffca][0xffffffb5]'[0xffffffb6]S[0xfffffff1][0xffffffed]<[0xffffffb0]k[0xffffffa7][0xffffff81]kg[0xffffff80]:[0x13][0xffffffe7][0xffffff89][0xffffffb9]v:[0xffffffb9]6[0xffffffa2][0xffffffc8][0xffffffb8]V[0x1][0xffffffc9][0xffffffb8]6b[0xffffff99][0xffffffef][0xffffffda][0x1d][0xffffffce]l[0xffffffd7][0xffffffee][0xffffff88][0xffffffbe][0xffffffe0]Z57[0xffffffb6]F[0xffffffc3][0xffffffba][0x16][0xffffff9f][0x1b][0x1b][0x6]sc#[0xe][0xffffffe8]d[0xffffffe2][0xffffff8c][0xffffffcd][0xffffff8d][0xffffff8d]}([0x7]u[0xffffffad][0xffffffc9][0xffffffdc][0xffffff98][0x4][0xffffff92]q[0xffffffad][0xffffffc1][0xffffffdc]X[0xffffff80]3[0xffffffdb][0xffffffb5][0xffffffd7][0xffffffe7][0xffffffc6][0xffffffa6][0xffffff9a][0x1b][[0xb][0xfffffffb]ml[0xffffffe2]sc[0xffffffd3]`"
16:35:02.136 [Test worker] DEBUG org.apache.hc.client5.http.wire - http-outgoing-2 << "nl[0xffffffc6][0x1][0xffffff9d]D[0xffffff9c]'676[0xfffffff7][0xffffffa1][0x1c][0xffffffd2][0xffffffb5][0x2]E[0xffffffc4][0xffffffb5][0x12]H[0xffffffc4][0xffffffb5][0x2][0xffffffcb]t[0xffffffd7][0x6]8[0xffffff93]][0x1b][0x10]}[0xffffffc1][0xffffffb5]bnl[0xffffffdd][0xffffffea],[0xffffff94]k[0xfffffff1][0xffffffb9][0xffffffb1]i076[0xffffffe3][0xffffff80]N&[0xffffffce][0xffffffd8][0xffffffdc][0xffffffd8][0xffffffdc][0xffffff87]rP[0xffffffd7][0xffffff9a][0xffffffcc][0xffffff8d]I [0x19][0xffffffd7][0x1a][0xffffffcc][0xffffff8d][0x5]8[0xffffffb3]]{}nl[0xffffff8a][0xffffffb9][0xffffffb1]u[0xffffffeb]'[0xffffffb5][0xffffffbf]v[0xffffffe2]sc[0xffffffd3]`nl[0xffffffc6][0x1][0xffffff9d]L[0xffffff9c][0xffffffb1][0xffffffb9][0xffffffb1][0xffffffb9][0xf][0xffffffe5][0xffffffa0][0xffffffae]5[0xffffff99][0x1b][0xffffff93]@2[0xffffffae]5[0xffffff98][0x1b][0xb]pf[0xffffffbb][0xfffffff6][0xfffffffa][0xffffffdc][0xffffffd8][0x12]sc[0xffffffab][0xffffffb4]uB[0xffffffae]][0xfffffff8][0xffffffdc][0xffffffd8]2[0xffffff98][0x1b][q@'[0x11][0xffffffe7][0xffffff85][0xffffffcd][0xffffff8d][0xffffffad]}([0xffffff87]t[0xffffffad]@[0x11]q[0xffffffad][0x4][0x12]q[0xffffffad][0xffffffc0]2[0xffffffdd][0xffffffb5][0x1][0xffffffce]d[0xffffffd7][0x6]D_rm5sm[0xffffffc5]][[\r]\[Q[0xffffffd7]V[0xffffffcc][0xffffffb5][0xffffffd5][0xffffffc9][0xffffffb5];[0xffffff8a][0xffffff94]k#[0xffffff90][0xffffff94]kw,[0x9][0xffffffd7]V[0xffffffd8][0xffffffb5][0xfffffff5][0xffffffba]k[0x1f][0xfffffff7][0xffffffbb][0xffffff9c]d{L[0xffffffdc][0xffffffb6][0xfffffff7]#[0xfffffff0][0xffffffba][0xfffffffd]8[0x4][0xffffffe5][0xffffffdb][0xfffffffb][0xffffffe3])[0xffffffe1][0xffffffbe]?[0xffffffda][0xffffffc5][0xffffffb8][0xffffff81]GJ[0xffffffb9][0xffffff82]J[0xffffffca][0xffffffb9][0xffffff81]MB[0xffffffba][0x1b][0xffffffa1][0xfffffff9][0xffffffd6][0xffffffdd]8}I[0xffffffbb][0xffffff8f][0xffffffff]Y8i[0xfffffff7][0xfffffffe]?GZ[0xffffffbb][0xfffffff7]#[0xfffffff0][0xffffffda][0xfffffffd]8[0x4][0xffffffa5][0xffffffdd][0xfffffffb][0xffffffe3])[0xffffffed][0xffffffbe]?[0xffffffda]E[0xffffffbb][0xffffff81]GJ[0xffffffbb][0xffffff82]JJ[0xffffffbb][0xffffff81]MB[0xffffffbb][0x1b][0xffffffa1][0xfffffff9][0xffffffda][0xffffffdd]8}I[0xffffffbb][0xffffffed]4[0xffffffd3]n;q[0xffffffed][0xffffffde][0xffffff8f][0xffffffc0]k[0xfffffff7][0xffffffe3][0x10][0xffffff94]v[0xffffffef][0xffffff8f][0xffffffa7][0xffffffb4][0xfffffffb][0xfffffffe]h[0x17][0xffffffed][0x6][0x1e])[0xffffffed][\n]"
16:35:02.137 [Test worker] DEBUG org.apache.hc.client5.http.wire - http-outgoing-2 << "*)[0xffffffed][0x6]6[0x9][0xffffffed]n[0xffffff84][0xffffffe6]kw[0xffffffe3][0xfffffff4]%[0xffffffed][0xe][0xffffffb7]_[0xffffffcf][0x6][0xffffffff][0xfffffff3][0xffffffd9][0xfffffffd][0x8][0xffffffbc]v?[0xe]Aiwp[0xffffffbf][0xffffffa0][\r][0xffffffab][0xffffff9f][0xffffffd0][0x2][0xffffff8f][0xffffff94]v[0x5][0xffffff95][0xffffff94]v[0x3][0xffffff9b][0xffffff84]v[0x7][0xfffffffd]3[0xffffffda]x[0xfffffffd]w[0xffffffb4][0xfffffff5][0xfffffffe][0xffffffb7]bw[0xffffffc2][0xffffffaa][0xffffffc4][0xffffffdc][0xffffffc3][0xffffffe7]y([0xffffffe9]~9[0x1][0xffffffe6][0xffffffdc][0xffffffed][0xc][0xffffffc9][0xffffffca][0xfffffffd][0xfffffff2][0xfffffff4]d[0xffffffe3][0xfffffffe][0xfffffffa][0xffffffc9][0xffffffb0]p[0xffffff9f][0xffffffa2][0xffffff98][0xffffffec][0xffffffdb][0x1f][0x0][0xffffff99][0xffffffac][0xffffffdb][0xffffffa7]X&[0xffffffda][0xfffffff6][0x9][0xffffff9c]i[0xffffffb2]}[0xffffff82][0xffffffe8][0xb][0xffffffae][0x15][0xfffffff3][0xffffffbc][0xffffffeb]<{[0xfffffffe][0xffffffdc][0xffffffc3][0xffffffe7]y`[0xffffffd7][0xffffffa2][0xfffffff3][0xffffffbc][0xffffffdb][0x19][0x18][0xffffffd7][0x2][0xfffffff3][0xffffffbc][0xffffffbf]~[0xffffffb2][0xffffff87]k[0xfffffff1]y[0xffffffde][0x1f][0x0][0xffffffc9][0xffffffb8][0x16][0xffffff9d][0xffffffe7]}[0x2]g[0xffffffb6]kwD[0x7f][0xffffffab]k[0xfffffffb][0xffffffed]&[0xffffffe6]y[0xffffffd7][0xffffffd9]J[0xfffffffe][0xffffffee][0xffffff84][0xffffffcf][0xfffffff3][0xffffff90][0xffffffae][0xfffffffd]8[0x1][0xffffffea][0xffffffda]/g[0x0]\[0xfffffffb][0xfffffff1]t[0xffffffc0][0xffffffb5][0xffffff9f]O6p[0xffffffad]D[0x11]p[0xffffffed][0x13] [0x1][0xffffffd7]J,[0xffffff93]]+[0xffffffe0]Lu[0xffffffad]@[0xfffffff4][0x5][0xffffffd7][0xffffffaa]y[0xffffffde][0xffffffb3]=^[0xffffffe7]"[0xffffffae][0x5][0xffffffe7]y[0xffffffbf][0xffffff9c][0xffffff80]v-4[0xffffffcf][0xfffffffb][0xffffffe5][0xffffffe9][0xffffff8c]k=[0xffffffe6]y[0xffffff9f][0xffffffa2][0xffffffc8][0xffffffb8][0xffffffd6]`[0xffffff9e][0xfffffff7])[0xffffff96][0xfffffff9][0xffffffae][0xffffffc5][0xffffffe6]y[0xffffff9f] [0xfffffffa][0xffffff82]k[0xffffffd5]<[0xffffffef][0xffffffd9][0xffffffb9][0xffffffae][0x5][0xffffffe7]y[0xffffffbf][0xffffff9c][0xffffff80]v-4[0xffffffcf][0xfffffffb][0xffffffe5][0xffffffe9][0xffffff8c]k=[0xffffffe6]y[0xffffff9f][0xffffffa2][0xffffffc8][0xffffffb8][0xffffffd6]`[0xffffff9e][0xfffffff7])[0xffffff96][0xfffffff9][0xffffffae][0xffffffc5][0xffffffe6]y[0xffffff9f] [0xfffffffa][0xffffff82]k[0xffffffd5]<[0xffffffef]9Z[0xfffffffe]7[0x1c]>[0xffffffcf][0x3][0xffffffbb][0x16][0xffffff9d][0xffffffe7][0xffffffdd][0xffffffce][0xffffffc0][0xffffffb8][0x16][0xffffff98][0xffffffe7][0xfffffffd][0xfffffff5][0xffffff93]=\[0xffffff8b][0xffffffcf][0xfffffff3][0xfffffffe][0x0]H[0xffffffc6][0xffffffb5][0xffffffe8]<[0xffffffef][0x13]8[0xffffffb3]]{e[0xffffff9e][0xfffffff7][0xffffffe3]O[0xffffffc5]w [0xffffffd7][0xffffffb9][0x1a]s[0xf][0xffffffe1][0xfffffffd]<[0xffffffb0]k[0xffffffd1][0xffffffef]@ng`\[0xb]|[0x7][0xfffffff2][0xffffffd7]O[0xfffffff6]p-[0xfffffffe][0x1d][0xffffffc8][0x1f][0x0][0xffffffc9][0xffffffb8][0x16][0xfffffffd][0xe][0xffffffe4][0x13]8[0xffffffb3]]{[0xffffffe5];[0xffffff90][0x1f][0x7f]*[0xffffffbe][0x3][0xffffffb9]ZY[0xffffffcc]=[0xffffff84][0xfffffff7][0xfffffff3][0xffffffc0][0xffffffae]E[0xffffffbf][0x3][0xffffffb9][0xffffff9d][0xffffff81]q-[0xfffffff0][0x1d][0xffffffc8]_?[0xffffffd9][0xffffffc3][0xffffffb5][0xfffffff8]w [0x7f][0x0]$[0xffffffe3]Z[0xfffffff4];[0xffffff90]O[0xffffffe0][0xffffffcc]v[0xffffffed][0xffffff95][0xffffffef]@~[0xfffffffc][0xffffffa9][0xffffffba]_[0xffffffdb][0xffffffe6]<([0xffffffd7][0xffffffc2][0xfffffff7]k?N@[0xffffffbb][0x16][0xffffffbc]_[0xfffffffb][0xfffffff1]t[0xffffffc6][0xffffffb5]>[0xfffffff7]k%[0xffffff8a][0xffffff8c]kM[0xffffffee][0xffffffd7]J,[0xfffffff3]][0xffffff8b][0xffffffde][0xffffffaf][0x15][0xffffff88][0xffffffbe][0xffffffe0][0xffffffda])\[0xffffffdb][0xffffff8f]^)[0xffffffd7]N[0xffffffdc][0xffffffb5][0xffffffd3][0xffffffc0][0xffffffb5]3@[0xffffff9d][0xffffff89][0xfffffff3][0xffffffc4]\;[0xffffff9d]\[0x1b]Qd\[0xffffffab][0xffffff80]d\[0x1b][0xffffffb1][0xffffffcc]w[0xffffffed][0xe]g[0xffffffb6]kwD[0x7f][0xffffffbb]k[0xf][0xffffffe5][0xffffffda]Y[0xffffffe6][0x9][0xffffffb9][0xfffffff6][0xffffffc0]]{[0x18][0xffffffb8][0xfffffff6][0xffffff88]P'[0xffffffe2]|`[0xffffffae]=v[0xffffff90]I[0xffffffd7][\n]"
16:35:02.137 [Test worker] DEBUG org.apache.hc.client5.http.wire - http-outgoing-2 << "[0x14][0x11][0xffffffd7]J [0x11][0xffffffd7][\n]"
16:35:02.137 [Test worker] DEBUG org.apache.hc.client5.http.wire - http-outgoing-2 << ",[0xffffffd3]][0x1b][0xffffffe0]Lvm@[0xfffffff4]%[0xffffffd7][0xffffff9e]f[0xffffffae][0xffffffc5][0xfffffff6][0xffffffd1]|9[0x1][0xffffffef]Zd[0x1b][0xffffffcd][0xffffff97][0xffffffa7]S[0xffffffae]u[0xffffffd8]E[0xfffffff3][0x14]E[0xffffffca][0xffffffb5][0xfffffff8]&[0xffffff9a][0xffffffa7]X[0x12][0xffffffae][0xffffff85][0xfffffff6][0xffffffd0]<A[0xfffffff4][0xffffffb7][0xffffffbb][0xffffffb6][0xffffffdc]~)[0xffffffd1][0xffffffb5][0xffffffab]P[0xfffffff7][0x10][0xffffffde][0xffffffce][0xffffffc3][0xffffffba][0xfffffff6]q[0x2][0xffffffd8][0xffffffb5][0xffffffdf][0xffffffcf][0xffffff80][0xffffffb8][0xfffffff6][0xfffffff1]t[0xffffffc4][0xffffffb5][0xffffffdf][0xffffff9e]l[0xffffffe1]Z[0xffffff81]"[0xffffffe2]Z[0x9]$[0xffffffe2]Z[0xffffff81]e[0xffffffba]k[0x3][0xffffff9c][0xffffffc9][0xffffffae][\r][0xffffff88][0xffffffbe][0xffffffe0]Z5[0xffffffcb][0xffffffb0][0xffffffce]A[0xffffffcd]2[0x14]|[0xffffff96][0xffffffa1][0x18][0xffffffcc]2[0xffffff94]xi<[0x13]gl[0xffffff96][0xffffffa1][0xffffffec][0x17][0xffffffc5]Q[0xffffffd7][0xffffff9a][0xffffffcc]2H [0x19][0xffffffd7][0x1a][0xffffffcc]2[0x4]8[0xffffffb3]]{}[0xffffff96][0xffffffa1][0xffffffa8]Y[0xffffff86]5[0xb]5[0xffffffcb]P[0xfffffff0]Y[0xffffff86]b0[0xffffffcb]P[0xffffffe2][0xffffffa5][0xfffffff1]L[0xffffff9c][0xffffffb1]Y[0xffffff86][0xffffffb2]_[0x14]G]k2[0xffffffcb] [0xffffff81]d\k0[0xffffffcb][0x10][0xffffffe0][0xffffffcc]v[0xffffffed][0xfffffff5]Y[0xffffff86][0x12]g[0x19][0xffffffca][0xffffffed]v[[0xffffffd4]>[0xffffff84][0xffffff82][0xffffffcf]2[0x14][0xffffff83]Y[0xffffff86][0x12]/[0xffffff8d]g[0xffffffe2][0xffffff8c][0xffffffcd]2[0xffffff94][0xfffffffd][0xffffffa2]8[0xffffffea]Z[0xffffff93]Y[0x6][0x9]$[0xffffffe3]Z[0xffffff83]Y[0xffffff86][0x0]g[0xffffffb6]k[0xffffffaf][0xffffffcf]2[0xffffff94][0xffffffae]\[0xffffffdb][0xffffffeb][0xffffffa4]\[0xffffffdb]q[0xffffffd7]v[0x3][0xffffffd7][0xfffffff6][0x0]u&[0xffffffce][0x1d]smwrmD[0xffffff91]q[0xffffffad][0x2][0xffffff92]qm[0xffffffc4]2[0xffffffdf][0xffffffb5];[0xffffff9c][0xffffffd9][0xffffffae][0xffffffdd][0x11]}[0xffffffc1][0xffffffb5]q[0xffffff96][0xffffffe1][0xffffffcd][0xffffffb5][0xffffff93][0xffffff9a][0x1b]+[0xfffffff8],C1[0xffffff98]e([0xfffffff1][0xffffffd2]x&[0xffffffce][0xffffffd8],C[0xffffffd9]/[0xffffff8a][0xffffffa3][0xffffffae]5[0xffffff99]e[0xffffff90]@2[0xffffffae]5[0xffffff98]e[0x8]pf[0xffffffbb][0xfffffff6][0xfffffffa],C[0xffffff89][0xfffffff7]k[0xffffffef][0xffffffae][0x1d][0xffffffdc][0xfffffffb]Z[0xfffffffc]~m1[0xffffffb8]_[[0xffffffe2]E[0xffffffc6]L[0xffffff9c][0xffffffb1][0xfffffffb][0xffffffb5]e[0xffffffbf][0xffffffbc][0xffffff88][0xffffffba][0xffffffd6][0xffffffe4]~[0xffffffad][0x4][0xffffff92]q[0xffffffad][0xffffffc1][0xfffffffd][0xffffffda][0x0]g[0xffffffb6]k[0xffffffaf][0xffffffdf][0xffffffaf]-K[0xffffffba][0x16][0xffffff9b][0xffffffd1]};[0xf][0xffffffec][0xffffffda]e[0xffffffe0][0xffffffda][0x15][0xffffffa0][0xffffffce][0xffffffc4]ya[0xffffffae]]N[0xffffffae][0xffffff8d](2[0xffffffae]U@2[0xffffffae][0xffffff8d]X[0xffffffe6][0xffffffbb]v[0xffffff87]3[0xffffffdb][0xffffffb5];[0xffffffa2][0xffffffbf][0xffffffdd][0xffffffb5][0xfffffff5][0xfffffffc][0xffffffa5][0x6][0xffffffd7][0x1e]k[0xffffff9c][0xffffff90]k[0xffffffdf][0xffffffce][0xffffffc3][0xffffffba][0xfffffff6]q[0x2][0xffffffd8]"
16:35:02.141 [Test worker] DEBUG org.apache.hc.client5.http.wire - http-outgoing-2 << "[0xffffffb5][0xffffffdf][0xffffffcf][0xffffff80][0xffffffb8][0xfffffff6][0xfffffff1]t[0xffffffc4][0xffffffb5][0xffffffdf][0xffffff9e]l[0xffffffe1]Z[0xffffff81]"[0xffffffe2]Z[0x9]$[0xffffffe2]Z[0xffffff81]e[0xffffffba]k[0x3][0xffffff9c][0xffffffc9][0xffffffae][\r][0xffffff88][0xffffffbe][0xffffffe0]Z[0xfffffff5][0xffffffdb]Xi[0xffffffa3]S[0xffffffae][0xffffffc5][0x7f][0x1b][0xffffffab][0x6][0xffffffbf][0xffffff8d][0xffffffd5][0xfffffff8]#D&[0xffffffce][0xffffffd8]ocu[0xffffffff][0xffffffe1][0x1]u[0xffffffad][0xffffffc9]oc[0x12]H[0xffffffc6][0xffffffb5][0x6][0xffffffbf][0xffffff8d][0x5]8[0xffffffb3]]{[0xfffffffd][0xffffffb7][0xffffffb1][0xffffffba][0xffffff84]kk[0xffffffbb]Q[0xffffffbb]g[0xffffffde][0xffffffce][0x3][0xffffffbb]v[0x9][0xffffffb4][0xffffffb3][0xffffffa1]^[0x1][0xffffffea]L[0xffffff9c][0x17][0xffffffe6][0xffffffda][0xffffffe5][0xffffffe4][0xffffffda][0xffffff88]"[0xffffffe3]Z[0x5]$[0xffffffe3][0xffffffda][0xffffff88]e[0xffffffbe]kw8[0xffffffb3]][0xffffffbb]#[0xfffffffa][0xffffffdb]]{[0xffffffc6]o;[0xffffffde]][0xffffffdb];[0xfffffff5][0xffffffbe][0xfffffff6][0xffffffc4][0xffffffbf][0xffffffed]x[0x1a]|[0xffffffdb][0xfffffff1][0xffffff8c][0x1f][0xffffffd1]K[0xffffffc4][0xfffffff9][0xffffffc4][0xffffffbe][0xffffffed]x[0xffffffee][0x1f][0xffffffce]#]+PD\+[0xffffff81]D\+[0xffffffb0]Lwm[0xffffff80]3[0xffffffd9][0xffffffb5][0x1][0xffffffd1][0x17]\[0x1b][0xffffffbf][0xffffffed]xw[0xffffffed]8[0xffffffa8][0x19][0xffffffdd][0x13][0xffffffff][0xffffffb6][0xffffffe3]i[0xfffffff0]m[0xffffffc7]3~D/[0x13]g[0xffffffec][0xffffffdb][0xffffff8e][0xffffffe7][0xfffffffe][0xffffffe1]<[0xffffffd4][0xffffffb5]&[0xffffffdf]v[0xffffff94]@2[0xffffffae]5[0xfffffff8][0xffffffb6]c[0xffffff80]3[0xffffffdb][0xffffffb5][0xffffffd7][0xffffffbf][0xffffffed]x[0xffffffc6]}[0x8]o[0xffffffae]m[0xffffffd4],[0xffffffc3][0xffffff89][0xffffffef]C8[\r][0xfffffff6]![0xffffff9c]q[0xfffffff0]<[0x13]gl[0x1f][0xffffffc2][0xffffffb9][0xf][0xffffff9b][0xffffffa3][0xffffffae]5[0xffffffd9][0xffffff87] [0xffffff81]d\k[0xffffffb0][0xf]![0xffffffc0][0xffffff99][0xffffffed][0xffffffda][0xffffffeb][0xfffffffb][0x10]N5[0xffffffa3][g[0xffffffa7][0xfffffff6]|[0xffffff9d][0xfffffff8][0xffffff8c][0xffffffee]i0[0xffffffa3]{[0xffffffc6]a[0xffffffc8]L[0xffffff9c][0xffffffb1][0x19][0xffffffdd]s[0x1f][0xffffff80]D]k2[0xffffffa3]+[0xffffff81]d\k0[0xffffffa3][0x1b][0xffffffe0][0xffffffcc]v[0xffffffed][0xfffffff5][0x19][0xffffffdd]3~o[0xffffffac][0xffffffdc][0xffffffdd]][0xffffffa9][0xffffffb9][0xffffffb1][0x13][0xffffffff][0xffffffde][0xffffffd8]i[0xfffffff0][0xffffffbd][0xffffffb1]3~[0xffffffd8])[0x13]g[0xffffffec]{c[0xffffffe7][0xfffffffe]1'[0xffffffd4][0xffffffb5]&[0xffffffdf][0x1b][0xffffff93]@2[0xffffffae]5[0xfffffff8][0xffffffde]X[0xffffff80]3[0xffffffdb][0xffffffb5][0xffffffd7][0xffffffbf]7v[0xffffffff][0xffffffd3]n[0xffffffe6][0xffffffda][0xffffff8e][0xffffffbb][0xffffffb6][0x1b][0xffffffb8][0xffffffb6][0xffffffa3][0xffffffae][0xffffffed][0xffffff98]k[0xffffffbb][0xffffff93]kw[0x14])[0xffffffd7]F )[0xffffffd7][0xffffffee]X[0x12][0xffffffae][0xffffffed][0xffffffb0]k[0xfffffffb]u[0xffffffd7].3[0xffffffd7].[0xffffffdc][0xffffffb5][0xffffffcb][0xffffffc0][0xffffffb5][0xb]u[0xffffffed][0xffffffc2]\[0xffffffbb][0xffffff9c]\[0xffffffbb][0xffffffa3]H[0xffffffb9]6[0x2]I[0xffffffb9]v[0xffffffc7][0xffffff92]p[0xffffffed][0xffffff82]][0xffffffbb][0xffffffae][0xffffffbb][0xffffffb6][0x1c]f[0xffffffb2]-[0x7]n[0xffffffdb][0xfffffffb][0x11]x[0xffffffdd]~[0x1c][0xffffff82][0xfffffff2][0xffffffed][0xfffffffd][0xfffffff1][0xffffff94]p[0xffffffdf][0x1f][0xffffffed]b[0xffffffdc][0xffffffc0]#[0xffffffa5]\A%[0xffffffe5][0xffffffdc][0xffffffc0]&![0xffffffdd][0xffffff8d][0xffffffd0]|[0xffffffeb]n[0xffffff9c][0xffffffbe][0xffffffa4][0xffffffdd][0xffffffe6][0xffffffd6][0xffffffb8][0xffffff8d][0xffffff8f][0xffffffdc][0xffffffe6]P[0xffffffb9][0xffffff8d][0xffffffcd][0xffffffdc][0xffffffc6]un[0xffffffb3][\n]"
16:35:02.142 [Test worker] DEBUG org.apache.hc.client5.http.wire - http-outgoing-2 << "[0xffffffdd][0xffffffc0]#[0xffffffa5]]A%[0xffffffa5][0xffffffdd][0xffffffc0]&[0xffffffa1][0xffffffdd]F[0xffffffc7]n[0xfffffffb][0xffffff89][0xffffffda]=n[0xffffffcd][0xffffffcc][0xffffffbb][0xfffffff7][0x13][0xffffffe1][0xffffffe2]};[0x3]o[0xffffffde]o[0xffffffa7][0xffffffa0][0xffffffd4][0xfffffffb][0xfffffff6]|[0xffffffca][0xffffffbd][0x1f][0xffffffcf]v[0xffffff91]o[0xffffff84][0xffffff92][0xffffffb2][0xffffffaf]B[0xffffff93][0xffffffd2]o[0x4][0xffffff94][0xfffffff0][0xffffffef][0xffffff8e]i[0xffffffbe][0xffffff80]wX[0x7f][0xffffff83][0xffffff81][0xffffffcb][0xffffffed][0xfffffffd][0xffffff8f][0xffffffd5][0xffffffee][0xffffff84]s[0x1d][0xffffffe9][0xffffffbb][0x13][0xffffffbe][0xffffff9c][0x7][0xffffffb2][0xffffffef][0xffffffd7][0x13]P[0xffffffee][0xffffffdd][0xffffffcf][0xffffff90]k[0xffffffde][0xffffffaf]O[0xffffffcf][0xfffffff5][0xffffffee][0xfffffff6]d[0xffffffd6][0xffffffba][0xffffffcf]Q[0xffffffcc]u[0xffffffee][0xffffff8f][0xffffff80][0xffffffcc]5[0xffffffee]s,[0xfffffff3]|[0xfffffffb][0xc][0xffffffce],[0xffffffdb]>C[0xfffffff4][0x5][0xffffffd7][0xffffffaa]][0xffffffb7][0xffffffad][0xffffffad][0xfffffff4][0xffffffdd][0x9]_[0xffffffce][0x3][0xffffffbb][0xffffff96][0xffffffdc]u[0xffffffbb][0xffffff9f][0xffffff81]qm[0xfffffffe][0xffffffae][0xffffffdb][0xffffffed][0xffffffc9][0x1e][0xffffffae][0xffffffa5]w[0xffffffdd][0xfffffffe][0x8]H[0xffffffc6][0xffffffb5][0xffffffe4][0xffffffae][0xffffffdb]gpf[0xffffffbb][0xfffffff6][0xffffffc2][0xffffffae][0xffffffdb]o[0x7f][0xffffffba][0xffffff94]k[0xffffffe7]-}[0xffffffee][0xffffffe1][0xffffffcb]y`[0xffffffd7].[0x3][0xffffffd7][0xffffffae][0x0]u&[0xffffffce][0xb]s[0xffffffed]rrmD[0xffffff91]q[0xffffffad][0x2][0xffffff92]qm[0xffffffc4]2[0xffffffdf][0xffffffb5];[0xffffff9c][0xffffffd9][0xffffffae][0xffffffdd][0x11][0xfffffffd][0xffffffed][0xffffffae]m7[0xffffffe1][0xffffffda]~[0xfffffff4][0xfffffff4][0xffffffdd][0x9]_[0xffffffce][0xffffffc3][0xffffffba][0xfffffff6]q[0x2][0xffffffd8][0xffffffb5][0xffffffdf][0xffffffcf][0xffffff80][0xffffffb8][0xfffffff6][0xfffffff1]t[0xffffffc4][0xffffffb5][0xffffffdf][0xffffff9e]l[0xffffffe1]Z[0xffffff81]"[0xffffffe2]Z[0x9]$[0xffffffe2]Z[0xffffff81]e[0xffffffba]k[0x3][0xffffff9c][0xffffffc9][0xffffffae][\r][0xffffff88][0xffffffbe][0xffffffe0]Z[0xffffffb5][0xffffffa7][0xffffffa6][0xffffffd7]3}'[0xffffffd8][0xffffff97][0xfffffff3][0xffffffc0][0xffffffae]%[0xfffffff7][0xffffffd4][0xffffffec]g`\[0xffffff9b][0xffffffbf][0xffffffa7]f{[0xffffffb2][0xffffff87]k[0xffffffe9]=5?[0x2][0xffffff92]q-[0xffffffb9][0xffffffa7][0xffffffe6][0x19][0xffffff9c][0xffffffd9][0xffffffae][0xffffffbd][0xffffffb0][0xffffffa7][0xffffffe6][0xfffffff3]O[0xffffff8b][0xffffff99]k[0xb][0xffffffee][0xffffffda]b[0xffffffe0][0xffffffda][0xffffff82][0xffffffba][0xffffffb6]`[0xffffffae]-N[0xffffffae][0xffffffdd]Q[0xffffffa4]\[0x1b][0xffffff81][0xffffffa4]\[0xffffffbb]cI[0xffffffb8][0xffffffb6][0xffffffc0][0xffffffae]-W][0xffffffab]v'[0xfffffff4]9[0xffffffd3]w[0xffffff82]}9[0xf][0xffffffec]Zrw[0xffffffc2]~[0x6][0xffffffc6][0xffffffb5][0xfffffff9][0xffffffbb][0x13][0xffffffb6]'{[0xffffffb8][0xffffff96][0xffffffde][0xffffff9d][0xfffffff0]# [0x19][0xffffffd7][0xffffff92][0xffffffbb][0x13][0xffffff9e][0xffffffc1][0xffffff99][0xffffffed][0xffffffda][0xb][0xffffffbb][0x13][0xffffffbe][0xfffffffd][0xffffffa9][0xfffffffa][0xffffffbe][0xfffffff9][0xffffffb8][0xffffffb5][0xffffff93]r-[0xfffffff7]}[0xfffffff3][0xffffffaf]'[0xffffffa0]][0xffffffcb]|[0xffffffdf][0xfffffffc][0xffffffeb][0xffffffd3][0x19][0xffffffd7]Z|[0xffffffdf][0xfffffffc]9[0xffffff8a][0xffffff8c]k[0xfffffff9][0xffffffef][0xffffff9b]?[0xffffffc7]2[0xffffffdf][0xffffffb5][0xffffffd4][0xfffffff7][0xffffffcd][0xffffff9f]![0xfffffffa][0xffffffdb]][0xffffffdb][0xffffffd5][0xfffffffb][0xffffffda]y,[0xffffffca][0xffffffb5][0x1d][0x7f]_[0xffffffdb][\r][0xffffffde][0xffffffd7][0xfffffff6][0xfffffff8]b,[0x11][0xffffffe7][0xffffff8e][0xffffffbd][0xffffffaf][0xffffffed][0xfffffffb][0xffffffcb]0[0xffffffd2][0xffffffb5][0x2]E[0xffffffc4][0xffffffb5][0x12]H[0xffffffc4][0xffffffb5][0x2][0xffffffcb]t[0xffffffd7][0x6]8[0xffffff93]][0x1b][0x10]}[0xffffffc1][0xffffffb5]E[0xffffffbc][0xffffffaf][0xffffff9d][0xffffffad]S[0xffffffef][0x10][0xffffffde][0xffffffce][0x3][0xffffffbb][0xffffffb6][0xfffffff0][0xffffffef]k[0xffffffbf][0xffffff9f][0xffffff81]qm[0xffffffa1][0xffffffde][0xffffffd7]~{[0xffffffb2][0xffffff87]k#[0xffffff8a][0xffffff8c]k[0x15][0xffffff90][0xffffff8c]k#[0xffffff96][0xfffffff9][0xffffffae][0xffffffdd][0xffffffe1][0xffffffcc]v[0xffffffed][0xffffff8e][0xffffffe8][0xb][0xffffffae]U[0xffffffef]k[0xffffffd7]y[0xffffffa3]~[0x1b][0xffffffeb][0xfffffff8][0xfffffffb][0xffffffda]n[0xfffffff0][0xffffffbe][0xffffffb6][0xffffffc7][0x17]c[0xffffff99]8c[0xffffffef]k[0xfffffffb][0xfffffffe]2[0xc]u[0xffffffad][0xffffffc9][0xfffffffb]Z[0x9]$[0xffffffe3]Z[0xffffff83][0xfffffff7][0xffffffb5][0x1][0xffffffce]l[0xffffffd7]^[0x7f]_[0xffffffdb][0xffffffd5][0xffffff8c][0xffffffee][0x1a][0xfffffff9];[0x12][0xffffffbe][0xffffff9c][0x7]v[0xffffffad][0xffffffc1][0xffffff8c]n[0xffffff8f][0xffffffc3][0xffffff90][0xffffff99]8c3[0xffffffba]}[0x1f][0xffffff80]D]k2[0xffffffa3]+[0xffffff81]d\k0[0xffffffa3][0x1b][0xffffffe0][0xffffffcc]v[0xffffffed][0xfffffff5][0x19][0xffffffdd][0xffffffae]~[0x1b][[0xfffffff3][0xffffffb8]Q[0xffffffae][0xffffffc5][0x7f][0x1b][0xffffffeb][0x6][0xffffffbf][0xffffff8d][0xfffffff5][0xfffffff8]#D&[0xffffffce][0xffffffd8]oc}[0xffffffff][0xffffffe1][0x1]u[0xffffffad][0xffffffc9]oc[0x12]H[0xffffffc6][0xffffffb5][0x6][0xffffffbf][0xffffff8d][0x5]8[0xffffffb3]][0xfffffffb][0x13][0xffffffbf][0xffffff8d][0xffffffa9]}[0x8]k>N[0xffffff87][0xffffffb8][0x16][0xffffffdf][0xffffff87][0xffffffd0][\r][0xfffffff6]![0xfffffff4]8x[0xffffff9e][0xffffff89]3[0xffffffb6][0xf][0xffffffa1][0xffffffef][0xffffffc3][0xffffffe6][0xffffffa8]kM[0xfffffff6]!H [0x19][0xffffffd7][0x1a][0xffffffec]C[0x8]pf[0xffffffbb][0xfffffff6][0xfffffffa]>[0xffffff84][0xffffffae][0xfffffff6]![0xffffffac]u`[0xffffffef][0x10][0xfffffff0]}[0x8][0xffffffdd]`[0x1f]B[0xffffff8f][0xffffff83][0xffffffe7][0xffffff99]8c[0xfffffffb][0x10][0xfffffffa]>l[0xffffff8e][0xffffffba][0xffffffd6]d[0x1f][0xffffff82][0x4][0xffffff92]q[0xffffffad][0xffffffc1]>[0xffffff84][0x0]g[0xffffffb6]k[0xffffffaf][0xffffffef]C[0x18]7[0xffffffe9][0xffffffda]A[0xffffffed][0xfffffff9]z;[0xf][0xffffffeb][0xffffffda][0xffffffc7][0x9]`[0xffffffd7]~?[0x3][0xffffffe2][0xffffffda][0xffffffc7][0xffffffd3][0x11][0xffffffd7]~{[0xffffffb2][0xffffff85]k[0x5][0xffffff8a][0xffffff88]k%[0xffffff90][0xffffff88]k[0x5][0xffffff96][0xffffffe9][0xffffffae][\r]p&[0xffffffbb]6 [0xfffffffa][0xffffff82]k[0xffffffc5][0xfffffffd][0xffffffda][0xffffffe3]v4j[0xffffffcf][0xffffffd7][0xffffffc0][0xffffffef][0xffffffd7][0xe][0xffffff83][0xfffffffb]"
16:35:02.153 [Test worker] DEBUG org.apache.hc.client5.http.wire - http-outgoing-2 << "[0xffffffb5]#^d[0xffffffcc][0xffffffc4][0x19][0xffffffbb]_;[0xfffffff6][0xffffffcb][0xffffff8b][0xffffffa8]kM[0xffffffee][0xffffffd7]J [0x19][0xffffffd7][0x1a][0xffffffdc][0xffffffaf][\r]pf[0xffffffbb][0xfffffff6][0xfffffffa][0xfffffffd][0xffffffda]Q[0xffffff94]k[0xffffffdb][0xffffffa4]v[0xffffff85][0xffffffbf][0xffffff9d][0x7]vm1pm[0x9]Pg[0xffffffe2]\0[0xffffffd7][0x16]'[0xffffffd7]F[0x14][0x19][0xffffffd7]* [0x19][0xffffffd7]F,[0xfffffff3]][0xffffffbb][0xffffffc3][0xffffff99][0xffffffed][0xffffffda][0x1d][0xffffffd1][0x17]\[[0xffffff95]k[0x7][0xffffffb6]+[0xfffffffc][0xffffffed]<[0xffffffb0]k[0xffffffab][0xffffff81]kk[0xffffff80]:[0x13][0xffffffe7][0xffffff8a][0xffffffb9][0xffffffb6]:[0xffffffb9]6[0xffffffa2][0xffffffc8][0xffffffb8]V[0x1][0xffffffc9][0xffffffb8]6b[0xffffff99][0xffffffef][0xffffffda][0x1d][0xffffffce]l[0xffffffd7][0xffffffee][0xffffff88][0xffffffbe][0xffffffe0]Z1[0xffffffcb]p[0x1c]'[0xfffffff7][0xffffffbe][0x16][0xffffff9f]e[0x18][0x6][0xffffffb3][0xc]#^[0x1a][0xffffffcf][0xffffffc4][0x19][0xffffff9b]e[0x18][0xfffffffb]Eq[0xffffffd4][0xffffffb5]&[0xffffffb3][0xc][0x12]H[0xffffffc6][0xffffffb5][0x6][0xffffffb3][0xc][0x1][0xffffffce]l[0xffffffd7]^[0xffffff9f]e[0x18][0xffffffe2]~[0xffffffed][0xfffffffd][0xffffffff][0xffffffed][0xffffffa0]ft[0x7]~[0xffffffbf]v[0x18][0xffffffdc][0xffffffaf][0x1d][0xfffffff1]"c&[0xffffffce][0xffffffd8][0xfffffffd][0xffffffda][0xffffffb1]_^D]kr[0xffffffbf]V[0x2][0xffffffc9][0xffffffb8][0xffffffd6][0xffffffe0]~m[0xffffff80]3[0xffffffdb][0xffffffb5][0xffffffd7][0xffffffef][0xffffffd7][0xe]q[0xffffffbf][0xfffffff6]([0xffffffed]8)[0xffffffd7][0xffffffe2][0xfffffff7]k[0xffffff87][0xffffffc1][0xfffffffd][0xffffffda][0x11]/2f[0xffffffe2][0xffffff8c][0xffffffdd][0xffffffaf][0x1d][0xfffffffb][0xffffffe5]E[0xffffffd4][0xffffffb5]&[0xfffffff7]k%[0xffffff90][0xffffff8c]k[\r][0xffffffee][0xffffffd7][0x6]8[0xffffffb3]]{[0xfffffffd]~[0xffffffed][0x10][0xfffffff7]k[0xffffff8f]2[0xffffff8e]F[0xffffffb9][0x16][0xffffffbf]_;[0xc][0xffffffee][0xffffffd7][0xffffff8e]x[0xffffff91]1[0x13]g[0xffffffec]~[0xffffffed][0xffffffd8]//[0xffffffa2][0xffffffae]5[0xffffffb9]_+[0xffffff81]d\kp[0xffffffbf]6[0xffffffc0][0xffffff99][0xffffffed][0xffffffda][0xffffffeb][0xfffffff7]k[0xffffffe7]M[0xffffffb8][0xffffffb6][0xffffffde][0x1a][0xfffffff5][0xffffffbd][0xffffffb1][0xffffffb7][0xfffffff3][0xffffffb0][0xffffffae]}[0xffffff9c][0x0]v[0xffffffed][0xfffffff7]3 [0xffffffae]}<[0x1d]q[0xffffffed][0xffffffb7]'[[0xffffffb8]V[0xffffffa0][0xffffff88][0xffffffb8]V[0x2][0xffffff89][0xffffffb8]V`[0xffffff99][0xffffffee][0xffffffda][0x0]g[0xffffffb2]k[0x3][0xffffffa2]/[0xffffffb8]V[0xffffffdd][0xffffffaf][0xffffffad][0xffffffb7]E[0xffffffdd][0xffffffaf][0xffffff9d][0xfffffff8][0xfffffffd][0xffffffda]ip[0xffffffbf]v[0xffffffc6][0xffffff8b][0xffffff8c][0xffffff99]8c[0xfffffff7]k[0xffffffe7]~y[0x11]u[0xffffffad][0xffffffc9][0xfffffffd]Z[0x9]$[0xffffffe3]Z[0xffffff83][0xfffffffb][0xffffffb5][0x1][0xffffffce]l[0xffffffd7]^[0xffffffbf]_;[0xffffffd5][0xfffffffd][0xffffffda]zt[0xffffffcc][0xffffffb5][0xfffffff8][0xfffffffd][0xffffffda]ip[0xffffffbf]v[0xffffffc6][0xffffff8b][0xffffff8c][0xffffff99]8c[0xfffffff7]k[0xffffffe7]~y[0x11]u[0xffffffad][0xffffffc9][0xfffffffd]Z[0x9]$[0xffffffe3]Z[0xffffff83][0xfffffffb][0xffffffb5][0x1][0xffffffce]l[0xffffffd7]^[0xffffffbf]_;O[0xffffffe5][0xffffffda][0xffffffd2][0xffffffa9]}[0x8]o[0xffffffe7][0xffffff81]]{[0x1a][0xffffffb8][0xfffffff6][0xc]Pg[0xffffffe2]|b[0xffffffae]=[0xffffff9d]\[0x1b]Qd\[0xffffffab][0xffffff80]d\[0x1b][0xffffffb1][0xffffffcc]w[0xffffffed][0xe]g[0xffffffb6]kwD_p[0xffffffad][0xffffffd8]_{[0xffffffd4]91[0xffffffd7][0xffffffe2][0xfffffffb]k[0xffffffa7][0xffffffc1][0xfffffffe][0xffffffda][0x19][0x17][0xffffff85]f[0xffffffe2][0xffffff8c][0xffffffed][0xffffffaf][0xffffff9d][0xfffffffb]rP[0xffffffd4][0xffffffb5]&[0xfffffffb]k%[0xffffff90][0xffffff8c]k[\r][0xfffffff6][0xffffffd7][0x6]8[0xffffffb3]]{}[0x7f][0xffffffed]T[0xfffffff7]k[0xffffffcf][0x3][0xffffffbb]_;[0xfffffff1][0xfffffffb][0xffffffb5][0xffffffd3][0xffffffe0]~[0xffffffed][0xffffff8c][0x17][0x19]3q[0xffffffc6][0xffffffee][0xffffffd7][0xffffffce][0xfffffffd][0xfffffff2]"[0xffffffea]Z[0xffffff93][0xfffffffb][0xffffffb5][0x12]H[0xffffffc6][0xffffffb5][0x6][0xfffffff7]k[0x3][0xffffff9c][0xffffffd9][0xffffffae][0xffffffbd]~[0xffffffbf]v[0xffffffce][0xfffffff8][0xffffffbd][0xffffffb1][0xffffffe3]l[0xffffff8f][0xffffffd3]![0xffffffae][0xffffff9d][0xfffffff4][0xfffffff7][0xffffffc6][0x1e]'[0xffffffa0]];[0xffffffc3][0xffffff87][0xffffff9d]2q[0xffffff9e][0xffffffd4][0xfffffff7][0xffffffc6][0xffffffbe]=[0xffffffd9][0xffffffc3][0xffffffb5][0x11]E[0xffffffc6][0xffffffb5][\n]"
16:35:02.155 [Test worker] DEBUG org.apache.hc.client5.http.wire - http-outgoing-2 << "H[0xffffffc6][0xffffffb5][0x11][0xffffffcb]|[0xffffffd7][0xffffffee]pf[0xffffffbb]vG[0xfffffff4][0x5][0xffffffd7][0xffffffaa][0xfffffffb][0xffffffb5][0xffffffe7][0xffffffe0]~[0x1b][0xffffffc3][0xffffffef][0xffffffd7]N[0xffffff83][0xfffffffb][0xffffffb5]3^d[0xffffffcc][0xffffffc4][0x19][0xffffffbb]_;[0xfffffff7][0xffffffcb][0xffffff8b][0xffffffa8]kM[0xffffffee][0xffffffd7]J [0x19][0xffffffd7][0x1a][0xffffffdc][0xffffffaf][\r]pf[0xffffffbb][0xfffffff6]'[0xffffffee][0xffffffd7][0xffffffae]_[0xffffffaa][0xffffff99]k+[0xffffffee][0xffffffda]j[0xffffffe0][0xffffffda][0xffffff8a][0xffffffba][0xffffffb6]b[0xffffffae][0xffffffad]N[0xffffffae][0xffffffdd]Q[0xffffffa4]\[0x1b][0xffffff81][0xffffffa4]\[0xffffffbb]cI[0xffffffb8][0xffffffb6][0xffffffc2][0xffffffae][0xffffffad][0x17]][0xffffffbb][0xffffffd4][0xfffffffd][0xffffffda]V[0xffffffb1][0xfffffff7][0xffffffb5][0xb][0xffffffbf]_[0xffffffbb][0xc][0xffffffee][0xffffffd7][0xffffffae]x[0xffffff91]1[0x11][0xffffffe7][0xffffff85][0xffffffdd][0xffffffaf]][0xfffffffb][0xffffffe5]E[0xffffffd2][0xffffffb5][0x2]E[0xffffffc4][0xffffffb5][0x12]H[0xffffffc4][0xffffffb5][0x2][0xffffffcb]t[0xffffffd7][0x6]8[0xffffff93]][0x1b][0x10]}[0xffffffc1][0xffffffb5][0xffffffea]~m?[0xffffffb0]{[0x8][0xb][0xffffffbf]_[0xffffffbb][0xc][0xffffffee][0xffffffd7][0xffffffae]x[0xffffff91]1[0x13]g[0xffffffec]~[0xffffffed][0xffffffda]//[0xffffffa2][0xffffffae]5[0xffffffb9]_+[0xffffff81]d\kp[0xffffffbf]6[0xffffffc0][0xffffff99][0xffffffed][0xffffffda][0xffffffeb][0xfffffff7]k[0xffffff97][0xffffffda]_[0xffffffdb][0xffffffdb]A[0xffffffed]T\[0xfffffff8][0xfffffffe][0xffffffda]e[0xffffffb0][0xffffffbf]v[0xffffffc5]E[0xffffffa1][0xffffff99]8c[0xfffffffb]k[0xffffffd7][0xffffffbe][0x1c][0x14]u[0xffffffad][0xffffffc9][0xfffffffe]Z[0x9]$[0xffffffe3]Z[0xffffff83][0xfffffffd][0xffffffb5][0x1][0xffffffce]l[0xffffffd7]^[0xffffffdf]_[0xffffffbb][0xffffffd4],Co[0xffffffe3][0xffffffa0]\[0xffffff8b][0xffffffcf]2,[0xffffff83]Y[0xffffff86][0x15]/[0xffffff8d]g[0xffffffe2][0xffffff8c][0xffffffcd]2[0xffffffac][0xfffffffd][0xffffffa2]8[0xffffffea]Z[0xffffff93]Y[0x6][0x9]$[0xffffffe3]Z[0xffffff83]Y[0xffffff86][0x0]g[0xffffffb6]k[0xffffffaf][0xffffffcf]2,[0xffffffb5]+[0xffffffbc]wl[0xffffffcf][0xffffffd7][0xffffffc2]w[0xffffff85]/[0xffffff83]][0xffffffe1]+.e[0xffffffce][0xffffffc4][0x19][0xffffffdb][0x15][0xffffffbe][0xfffffff6]E[0xffffffcc][0xffffffa8]kMv[0xffffff85]K [0x19][0xffffffd7][0x1a][0xffffffec][\n]"
16:35:02.156 [Test worker] DEBUG org.apache.hc.client5.http.wire - http-outgoing-2 << "[0xf]pf[0xffffffbb][0xfffffff6][0xfffffffa][0xffffffae][0xfffffff0][0xffffffa5][0xffffffe6][0xffffffc6]z[0xffffffef][0xffffffd8]oc[0xfffffff8][0xffffffdc][0xffffffd8]2[0xffffff98][0x1b][q@'[0x13]glnl[0xffffffed]C9[0xffffffa8]kM[0xffffffe6][0xffffffc6]$[0xffffff90][0xffffff8c]k[\r][0xffffffe6][0xffffffc6][0x2][0xffffff9c][0xffffffd9][0xffffffae][0xffffffbd]>7[0xffffffb6][0xffffffd4][0xffffffdc]X[0x1f]'[0xfffffff5]m[0xffffffc7][0xffffff85][0xffffffcf][0xffffff8d]-[0xffffff83][0xffffffb9][0xffffffb1][0x15][0x7]t2q[0xffffffc6][0xffffffe6][0xffffffc6][0xffffffd6]>[0xffffff94][0xffffff83][0xffffffba][0xffffffd6]dnL[0x2][0xffffffc9][0xffffffb8][0xffffffd6]`n,[0xffffffc0][0xffffff99][0xffffffed][0xffffffda][0xffffffeb]scK}[0xffffff97][0xffffffa1][0xffffffaf][0x1b][0xffffffb5][0xffffffbf]v[0xffffffe1][0xffffffdf]eX[0x6][0xffffffdf]eXq[0x1]~&[0xffffffce][0xffffffd8]w[0x19][0xffffffd6][0xffffffbe][0xfffffff4][0x1e]u[0xffffffad][0xffffffc9]w[0x19]$[0xffffff90][0xffffff8c]k[\r][0xffffffbe][0xffffffcb][0x10][0xffffffe0][0xffffffcc]v[0xffffffed]o[0xfffffff8].[0xffffffc3]7P[0x7f][0xffffffff][0xffffffaf][0x7f][0xfffffffc][0xffffffc3]?[0xffffffff][0xfffffff9][0xffffff8f][0x7f][0xfffffffb][0xffffffdb][0xffffffef][0xffffffff][0xfffffff6][0xffffffaf][0x7f][0xfffffffc][0xfffffff3][0xffffff9f][0x9]b[0xffffffb7]#8[0xffffffa0][0xffffffbb][0x1f][0x9]gX[0x1d][0x8][0xffffff82]y?[\n]"
16:35:02.156 [Test worker] DEBUG org.apache.hc.client5.http.wire - http-outgoing-2 << "F[0xffffffb5]8[0xffffffc8][0xffffffff]oJ[0xffffffa8][0xffffffb1][0xffffffc8]Q[0xffffffb1]5v[0xb][0x1f][0xffffff8b]\[0x6]c[0xffffff91]+[0xffffffce][0xffffff9f]e[0x2][0xffffff8e][0xffffff8d]E[0xffffffae]}[0xffffffe6][0xc]M[0x9][0xffffff93][0xffffffb1]H[0x9]$[0xffffff93][0x12][0x6]c[0xffffff91][0x1][0xffffffce][0xffffffec][0xffffff94][0xfffffff8][\r]c[0xffffff91]XJ[0x8]y[0xffffffb2])!][0xffffffca][0xffffffa6][0xffffff84]P+[0xffffff97][0x12][0xffffffc1][0xffffffb4]TJ[0x4][0xfffffff1]^J[0xffffff89][0xffffffb8][0xffffffcd][0xffffff86]M[0x9]x[0xffffff9b][0xffffffcd][0xffffffe3][0x4]|J[0xffffff80][0xffffffdb]l[0x1e]O[0xffffffa7]R[0xffffffc2]g[0xffffff9b][0xffffff8d]@[0xffffff91]J[0x9][0xffffff93]m6[0x2]K"%[0xffffffd0]m6[0x1]Q[0xffffffaf][0xffffff94][0x8][0xfffffff2][0xffffffa4]SB[0xffffffb8][0xffffff94]N[0xffffff89][0xffffffa0]V2%[0xffffff8a]KJ[0xffffff94][0xffffffbf]CJ4[0xffffffb3][0xffffff94]hxJ4[0xffffff83][0xffffff94]hhJ4,%[0xffffff9a]SJ[0xffffffec](R)[0x11][0xffffff81][0xffffffa4]Rb[0xffffffc7][0xffffff92]H[0xffffff89][0x6][0xffffffa7]D3N[0xffffff89] O:%[0xffffff84]K[0xffffffe9][0xffffff94][0x8]j%S[0xffffffa2][0xffffffb9][0xffffffa4]D[0xfffffffb];[0xffffffa4][0xffffffc4]c[0x17][0xffffff8e]SK[0x1c][0x13][0xffffff8f][0xffffff89][0xfffffffb][0x11][0xfffffff8][0xffffff9a][0xfffffff8]8[0x4][0xffffff95][0x13][0xfffffff7][0xffffffc7]S=[0xfffffff1][0xfffffffe]h[0xffffff97][0xffffffa0]"
16:35:02.160 [Test worker] DEBUG org.apache.hc.client5.http.wire - http-outgoing-2 << "[0x8]<RE![0xffffffa8][0xffffffa4][0xffffff92]"[0xffffffb0]I4[0xffffffc5]Fh~Tl[0xffffff9c]zUE[0xffffffd4]([0xffffff9d][0x15][0xffffffca][0xffffffaa]tWD[0xffffffc9][0xffffff92]a[0xffffffb1];[0xffffff97]+[0xffffff8b]][0xffffffc1][0xffffff97][0xffffffd2][0xffffffa2][0xffffffb8][0xffffffa5]E[0xffffffe1][0xffffffd3][0xffffffa2]8[0xffffffa4]Ea[0xffffffd3][0xffffffa2]piQ[0xffffffac][0xffffffd2]"[0xfffffff0]H[0xffffffa5][0xffffff85][0xffffffa0][0xffffff92]J[0xffffff8b][0xffffffc0]&[0xffffff91][0x16][0xffffff85]N[0xffffff8b][0xffffffe2][0xffffff9c][0x16]Q[0xffffffa3]tZ([0xffffffab][0xffffffd2]i[0x11]%K[0xffffffa6][0xffffffc5][0xffffffee]\.-v[0x5]_J[0xffffff8b][0xffffffea][0xfffffff6][0xb]H[0xffffffe5][0x7f][0x2][0xffffffa9][0xe][0xffffffbf][0xffffff81]T[0xfffffff6]G[0xffffff90][0xffffffca][0xfffffffd][\n]"
16:35:02.161 [Test worker] DEBUG org.apache.hc.client5.http.wire - http-outgoing-2 << "R[0xffffffad]~[0x6][0x9]<Ri![0xffffffa8][0xffffffa4][0xffffffd2]"[0xffffffb0]I[0xffffffa4]E[0xffffffa5][0x7f][\n]"
16:35:02.161 [Test worker] DEBUG org.apache.hc.client5.http.wire - http-outgoing-2 << "[0xffffffa9][0xffffffce][0xffffffbf][0xffffff85]D[0xffffff8d][0xffffffd2]i[0xffffffa1][0xffffffac]J[0xffffffa7]E[0xffffff94],[0xffffff99][0x16][0xffffffbb]s[0xffffffb9][0xffffffb4][0xffffffd8][0x15]|)-Z7K[0xffffff8b][0xffffffd6][0xfffffff1][0xffffffb4][0xffffffb8][0x1f][0xffffff81]O[0xffffff8b][0xffffff8f]CPiq[0x7f]<[0xffffff95][0x16][0xffffffef][0xffffff8f]vI[0xffffff8b][0xffffffc0]#[0xffffff95][0x16][0xffffff82]J*-[0x2][0xffffff9b]DZl[0xffffff84][0xffffffe6][0xffffffa7][0xffffffc5][0xffffffc6][0xffffffa9]WZD[0xffffff8d][0xffffffd2]i[0xffffffa1][0xffffffac]J[0xffffffa7]E[0xffffff94],[0xffffff99][0x16][0xffffffbb]s[0xffffffb9][0xffffffb4][0xffffffd8][0x15]|)-[0xffffffba][0xffffffdb][0x8]H[0xffffffe7]g@[0xffffffba][0xffffffc3][0x10]Hg[0xffffffa7]@:7[0x6][0xffffffd2][0xffffffad][0xffffffe6]@[0x2][0xffffff8f]TZ[0x8]*[0xffffffa9][0xffffffb4][0x8]l[0x12]i[0xffffffd1][0xffffffe9]Y[0xffffff90][0xffffffee]<[0xc][0x12]5J[0xffffffa7][0xffffff85][0xffffffb2]*[0xffffff9d][0x16]Q[0xffffffb2]dZ[0xffffffec][0xffffffce][0xffffffe5][0xffffffd2]bW[0xfffffff0][0xffffffa5][0xffffffb4]x|[0xffffff8e][0xffffffc0])-[0xffffffc6][0xffffff81][0xffffffa7][0xffffffc5][0xfffffffd][0x8]|Z|[0x1c][0xffffff82]J[0xffffff8b][0xfffffffb][0xffffffe3][0xffffffa9][0xffffffb4]x[0x7f][0xffffffb4]KZ[0x4][0x1e][0xffffffa9][0xffffffb4][0x10]TRi[0x11][0xffffffd8]$[0xffffffd2]b#4?-6N[0xffffffbd][0xffffffd2]"j[0xffffff94]N[0xb]eU:-[0xffffffa2]d[0xffffffc9][0xffffffb4][0xffffffd8][0xffffff9d][0xffffffcb][0xffffffa5][0xffffffc5][0xffffffae][0xffffffe0]Kiq[0xffffffdc][0xffffff96]Y[[0xffffffdc]O[0xffffff84][0xffffffc7][0xffffffc5][0xffffffdb][0x19][0xfffffff8][0xffffffba][0xfffffff8]v[\n]"
16:35:02.161 [Test worker] DEBUG org.apache.hc.client5.http.wire - http-outgoing-2 << "*/[0xffffffde][0xffffff9e]O[0xfffffff5][0xffffffc5][0xffffffc7][0xffffffb3]][0x2]#BI[0x15][0xffffff86]B[0xffffff93]J[0xffffff8c][0x8]([0xffffffd1][0x18]"
16:35:02.164 [Test worker] DEBUG org.apache.hc.client5.http.wire - http-outgoing-2 << ";[0xffffffa6][0xfffffff9][0xffffff91][0xffffffb1][0xffffffc3][0xffffffea]U[0x19]B[0xffffffa8]tfH[0xffffffbf][0xffffffd2][0xffffff9d]!tK[0xffffff86]F[0xffffffb0]/W[0x1a]A[0xffffffc6][0xffffffaf][0xffffffa4][0xffffffc6][0xfffffff1][0xfffffff6][0xffffffaf][0x1c][0xffffffb7][0xffffff9b][0xffffffda][0xffffffb6][0xffffffb9][0xffffffe6]J[0xf][0xffffff8d][0xffffffcf][0xfffffff3]P[0xffffff99][0xfffffff1][0xffffffe5][0x4]XdlgHN[0xffffff8c]/OO[0xe][0xffffff8c]_?[0x19][0xffffffce][0xffffff8b][0xffffffa7](&[0xffffffc7][0xffffffc5][0xf][0xffffff80]LN[0xffffff8b][0xffffffa7]X&[0xffffff86][0xffffffc5][0x13]8[0xffffffd3][0xffffffb2][0xffffffe2][0x9][0xffffffa2][0x16]Q[0xfffffff1]\[0xffffff9e]PR[0xfffffffc][0xffffffc8][0xffffffa5]PP<W+[0xffffff90][0x13][0xffffffcf]L[0xffffff9b][0x1e][0x13][0xffffffcf][0xffffffc4]{!%[0xe][0xffffff91][0x12][0xfffffff3][0x18][0xfffffff9][0xffffffdf][0xffffffb6][0xfffffffb]<[0xf][0xffffff9c][0x12][0xffffff87]AJ[0x1c][0xffffff91][0xfffffff7]D[0xffffffc0][0xf],%[0xe][0xffffffa7][0xffffff94][0xffffff88](2)[0xffffffa1][0xffffff80]dR"b[0xffffff99][0xffffff9f][0x12];[0xffffff9c][0xffffffd9])[0xffffffb1]#[0xffffffea][0xffffff94][0x12]B[0xffffff9e]lJH[0xffffff97][0xffffffb2])![0xffffffd4][0xffffffca][0xffffffa5]D0-[0xffffff95][0x12]A[0xffffffbc][0x17]R[0xffffffa2][0xffffffa8][0xffffff94]h+[0xffffffff][0xffffffd3][0xffffff8d][0xffffff9f][0xffffffe7][0xffffff81]S[0xffffffa2][0x18][0xffffffa4]D[0xffffff89][0xffffffbc]'[0x2]^[0xffffffb0][0xffffff94](N)[0x11]QdRB[0x1][0xffffffc9][0xffffffa4]D[0xffffffc4]2?%v8[0xffffffb3]SbG[0xffffffd4])%[0xffffff84]<[0xffffffd9][0xffffff94][0xffffff90].eSB[0xffffffa8][0xffffff95]K[0xffffff89]`Z*%[0xffffff82]x/[0xffffffa4]DU)1f[0xfffffffe]M[0xffffff8a][0xffffffcf][0xfffffff3][0xffffffc0])Q[\r]R[0xffffffa2]F[0xffffffde][0x13][0x1][0xffffffaf]XJT[0xffffffa7][0xffffff94][0xffffff88](2)[0xffffffa1][0xffffff80]dR"b[0xffffff99][0xffffff9f][0x12];[0xffffff9c][0xffffffd9])[0xffffffb1]#[0xffffffea][0xffffff94][0x12]B[0xffffff9e]lJH[0xffffff97][0xffffffb2])![0xffffffd4][0xffffffca][0xffffffa5]D0-[0xffffff95][0x12]A[0xffffffbc][0xffffff97]R[0xffffffa2][0xffffff9a][0xffffffa5]D[0xffffffc5]S[0xffffffa2][0x1a][0xffffffa4]DES[0xffffffa2]b)Q[0xffffff9d]RbG[0xffffff91]J[0xffffff89][0x8]$[0xffffff95][0x12];[0xffffff96]DJT8%[0xffffffaa]qJ[0x4]y[0xffffffd2])!\J[0xffffffa7]DP+[0xffffff99][0x12][0xffffffd5]%%[0xffffffea]O[0xffffffa7][0xffffffc4])[0xffffffde]J[0xffffffac][0xffffffd2]*[0xffffff95][0x12]'[0xfffffffe]V[0xffffffe2]4x+q[0xffffffc6]tN[0x4][0xfffffffc][0xffffffc4][0xffffffde]J[0xffffff9c]No%"[0xffffff8a]LJ( [0xffffff99][0xffffff94][0xffffff88]X[0xffffffe6][0xffffffa7][0xffffffc4][0xe]gvJ[0xffffffec][0xffffff88]:[0xffffffa5][0xffffff84][0xffffff90]'[0xffffff9b][0x12][0xffffffd2][0xffffffa5]lJ[0x8][0xffffffb5]r)[0x11]LK[0xffffffa5]D[0x10][0xffffffef][0xffffff85][0xffffff94]h*%[0xffffffce][0xfffffff3][0xffffffa0]R[0xffffffa2][0xffffffe1])[0xffffffd1][0xc]R[0xffffffa2]E[0xffffffde][0x13][0x1]oXJ4[0xffffffa7][0xffffff94][0xffffff88](2)[0xffffffa1][0xffffff80]dR"b[0xffffff99][0xffffff9f][0x12];[0xffffff9c][0xffffffd9])[0xffffffb1]#[0xffffffea][0xffffff94][0x12]B[0xffffff9e]lJH[0xffffff97][0xffffffb2])![0xffffffd4][0xffffffca][0xffffffa5]D0-[0xffffff95][0x12]A[0xffffffbc][0xffffff97]R[0xffffffa2][0xffffff98][0xffffffa5][0x4][0xffffffb6]+[0xfffffff3][0xffffffcb][0x9][0xfffffff8][0xffffff94]@6e~y:[0xffffff95][0x12][0xe]{2[0xffffff9f][0xffffffa2]H[0xffffffa5][0x4][0xffffffbe]%[0xfffffff3])[0xffffff96]DJ@;2[0xffffff9f] [0xffffffea][0xffffff95][0x12].[0x1b]2[0x7f][0xffffffe4]R:%[0x1c][0xfffffff6]c>3-[0xffffff97][0x12]?[0xffffffb1][0x1d][0xfffffff3][0xffffffe3][0xffffffdf][0xffffffe8][0xffffffea][0xffffffad][0xffffffc4]<[0x7][0xffffff95][0x12][0x1d][0x7f]+[0xffffffd1][\r][0xffffffde]J[0xfffffff4][0xffffff98][0xffffffce][0xffffff89][0xffffff80]w[0xffffffec][0xffffffad]Dwz+[0x11]QdRB[0x1][0xffffffc9][0xffffffa4]D[0xffffffc4]2?%v8[0xffffffb3]SbG[0xffffffd4])%[0xffffff84]<[0xffffffd9][0xffffff94][0xffffff90].eSB[0xffffffa8][0xffffff95]K[0xffffff89]`Z*%[0xffffff82]x/[0xffffffa4][0xffffffc4]P)[0xffffffb1][0xe][0xffffffec][0xffffffad][0xffffffc4][0xffffffc0]Sb[0x18][0xffffffa4][0xffffffc4][0xffffff88][0xffffffbc]'[0x2]>[0xffffffb0][0xffffff94][0x18]N)[0x11]QdRB[0x1][0xffffffc9][0xffffffa4]D[0xffffffc4]2?%v8[0xffffffb3]SbG[0xffffffd4])%[0xffffff84]<[0xffffffd9][0xffffff94][0xffffff90].eSB[0xffffffa8][0xffffff95]K[0xffffff89]`Z*%[0xffffff82]x/[0xffffffa4][0xffffffc4][0xffffff94])[0xffffffd1][0xffffffb1]m[0xffffff97][0x13]O[0xffffff89]i[0xffffff90][0x12]3[0xfffffff2][0xffffff9e][0x8][0xfffffff8][0xffffffc4]Rb:[0xffffffa5]DD[0xffffff91]I[0x9][0x5]$[0xffffff93][0x12][0x11][0xffffffcb][0xfffffffc][0xffffff94][0xffffffd8][0xffffffe1][0xffffffcc]N[0xffffff89][0x1d]Q[0xffffffa7][0xffffff94][0x10][0xfffffff2]dSB[0xffffffba][0xffffff94]M[0x9][0xffffffa1]V.%[0xffffff82]i[0xffffffa9][0xffffff94][0x8][0xffffffe2][0xffffffbd][0xffffff90][0x12]+[0xffffffa6]D[0xffffffb9][0xffffffdd][0xffffffb8][0xffffffb7][0x12][0xb]O[0xffffff89]e[0xffffff90][0x12]+[0xfffffff2][0xffffff9e][0x8][0xfffffff8][0xffffffc2]Rb9[0xffffffa5]DD[0xffffff91]I[0x9][0x5]$[0xffffff93][0x12][0x11][0xffffffcb][0xfffffffc][0xffffff94][0xffffffd8][0xffffffe1][0xffffffcc]N[0xffffff89][0x1d]Q[0xffffffa7][0xffffff94][0x10][0xfffffff2]dSB[0xffffffba][0xffffff94]M[0x9][0xffffffa1]V.%[0xffffff82]i[0xffffffa9][0xffffff94][0x8][0xffffffe2]}=%[0xffffff8e]C[0xffffffa5]D[0xffffffa9][0xffffffd4]^[0xffffff89][0xffffffb7][0xfffffff3][0xffffffb0])[0xfffffff1]8[0x1][0xffffff9c][0x12][0xffffffdf][0xffffffcf][0xffffff80][0xffffffa4][0xffffffc4][0xffffffe3][0xffffffe9]HJ|{[0xffffffb2]EJ[0x8][0x14][0xffffff91][0xffffff94][0xffffff90]@")![0xffffffb0]LO[0xffffff89][0x0]grJ[0x4]D[0xffffff8d]RB[0xffffffc9][0x13]M[0x9][0xffffffed]R4%[0xffffff94]Z[0xffffffb1][0xffffff94][0xffffff88][0xffffffa6][0xffffff85]R"[0xffffff8a][0xfffffff7]BJ[0xffffff88][0xffffffbd][0x12][0xffffffe5][0xffffffb6]n'[0xffffff95][0x12][0xfffffff8]^[0xffffff89][0xffffffc3]`[0xffffffaf][0xffffffc4]![0xffffff86][0xffffff9f][0x13][0x1][0xffffffc7][0xfffffff6]J[0x1c]a[0xffffffbc][0xffffff99]L[0x9][0xffffff93][0xffffffbd][0x12][0x12]H&%[0xc][0xfffffff6]J[0x4]8[0xffffffb3]S[0xffffffc2]x[0xffffffaf][0xffffff84][0xffffff92]'[0xffffff9b][0x12]~{%[0xffffff94]Z[0xffffffb9][0xffffff94]p[0xffffffd9]+[0x11][0xffffffc5]{!%[0xffffffc4]0h9[0xffffffca]jTJ[0xffffffe0][0xffffffc3][0xffffffa0][0xffffff87][0xffffffc1]0[0xffffffe8]!&[0xffffff96][0x12][0x1][0xffffffc7][0xffffff86]A[0xffffff8f]0[0xffffff93]D[0xffffffa6][0xffffff84][0xffffffc9]0[0xffffffa8][0x4][0xffffff92]I[0x9][0xffffff83]a[0xffffffd0][0x0]gvJ[0x18][0xf][0xffffff83]*y[0xffffffb2])[0xffffffe1]7[0xc][0xffffffaa][0xffffffd4][0xffffffca][0xffffffa5][0xffffff84][0xffffffcb]0h[0x14][0xffffffef][0xffffff85][0xffffff94]Pw%J[0xffffff9f][0xffffffd4][0xffffff97]A[0xf][0xfffffffc][0xffffffae][0xffffffc4]apW[0xffffffe2][0x10]?[0xffffffe8]%[0x2][0xffffff8e][0xffffffdd][0xffffff95]8[0xffffffc2]OvdJ[0xffffff98][0xffffffdc][0xffffff95][0xffffff90]@2)apW"[0xffffffc0][0xffffff99][0xffffff9d][0x12][0xffffffc6]w%[0xffffff94]<[0xffffffd9][0xffffff94][0xfffffff0][0xffffffbb]+[0xffffffa1][0xffffffd4][0xffffffca][0xffffffa5][0xffffff84][0xffffffcb]][0xffffff89]([0xffffffde][0xffffffd7]S[0xffffffa2][0xffffffdc]TJ[0xffffffac][0x1b]uW[0xffffffe2][0xffffffed]<lJ[0xffffff94][0xffffff9b][0xffffffc2]?[0xffffff97][0xfffffff7][0xffffffef]g@R[0xffffffa2][0xffffffdc][0xffffffa8][0xffffff94][0xfffffff8][0xfffffff6]d[0xffffff8b][0xffffff94][0x10](")![0xffffff81]DRB`[0xffffff99][0xffffff9e][0x12][0x1][0xffffffce][0xffffffe4][0xffffff94][0x8][0xffffff88][0x1a][0xffffffa5][0xffffff84][0xffffff92]'[0xffffff9a][0x12][0xffffffda][0xffffffa5]hJ([0xffffffb5]b)[0x11]M[0xb][0xffffffa5]D[0x14][0xffffffef][0xffffff85][0xffffff94][0x10][0x1f][0x19]/[0xffffffb5][0xffffff96][0x1b][0xffffff95][0x12][0xfffffff8]G[0xffffffc6][0xffffff8b][0xffffffc1]G[0xffffffc6][0xffffff8b][0xfffffff8][0x12]n"[0xffffffe0][0xffffffd8]G[0xffffffc6]K[0xfffffff8][0xffffffd6]-[0xffffff99][0x12]&[0x1f][0x19][0xffffff97]@2)a[0xfffffff0][0xffffff91][0xfffffff1][0x0]gvJ[0x18][0x7f]d\[0xffffffc9][0xffffff93]M[0x9][0xffffffbf][0xffffff8f][0xffffff8c]+[0xffffffb5]r)[0xffffffe1][0xfffffff2][0xffffff91][0xfffffff1]([0xffffffde][0xb])!>2~O[0x9][0xffffffec]s^[0x5][0xffffffff][0xffffffc8]x1[0xfffffff8][0xffffffc8]x[0x11]_[0xffffffc2]M[0x4][0x1c][0xfffffffb][0xffffffc8]x[0x9][0xffffffdf][0xffffffba]%S[0xffffffc2][0xffffffe4]#[0xffffffe3][0x12]H&%[0xc]>2[0x1e][0xffffffe0][0xffffffcc]N[0x9][0xffffffe3][0xffffff8f][0xffffff8c]+y[0xffffffb2])[0xffffffe1][0xfffffff7][0xffffff91]q[0xffffffa5]V.%\>2[0x1e][0xffffffc5]{!%[0xffffffd4][0x4]G[0xffffffad][0x13]{+[0xffffff81]Op[0x14][0xffffff83][0x9][0xffffff8e]"[0xffffffae][0x19]'[0x2][0xffffff8e]Mp[0xffffff94]p[0xffffff91][0xffffff98]L[0x9][0xffffff93][0x9][0xe][0x9]$[0xffffff93][0x12]"
16:35:02.167 [Test worker] DEBUG org.apache.hc.client5.http.wire - http-outgoing-2 << "[0x6][0x13][0x1c][0x1][0xffffffce][0xffffffec][0xffffff94]0[0xffffff9e][0xffffffe0]P[0xfffffff2]dS[0xffffffc2]o[0xffffff82]C[0xffffffa9][0xffffff95]K[0x9][0xffffff97][0x9][0xffffff8e]([0xffffffde][0xb])![0xffffffbe][0xc]Z[0xffffffea]Y[0xffffffa9]op[0x14][0xfffffffc][0xffffffcb][0xffffffa0][0xffffffc5][0xffffffe0][0xffffffcb][0xffffffa0]E|[0xffffffbe].[0x11]p[0xffffffec][0xffffffcb][0xffffffa0]%|[0xffffffa0][0xffffff8e]L[0x9][0xffffff93]/[0xffffff83]J [0xffffff99][0xffffff94]0[0xfffffff8]2h[0xffffff80]3;%[0xffffff8c][0xffffffbf][0xc][0xffffffaa][0xffffffe4][0xffffffc9][0xffffffa6][0xffffff84][0xffffffdf][0xffffff97]A[0xffffff95]Z[0xffffffb9][0xffffff94]p[0xfffffff9]2h[0x14][0xffffffef][0xffffff85][0xffffff94][0x10][0xffffff9f][0xfffffff3]*[0xffffffb5]-j[0xffffff82][0xffffffa3][0xffffffe0][0xffffff9f][0xfffffff3]*[0x6][0xffffff9f][0xfffffff3]*[0xffffffe2][0xffffff9b]3[0xffffff89][0xffffff80]c[0xffffff9f][0xfffffff3]*[0xffffffe1][0xffffffab]2dJ[0xffffff98]|[0xffffffce]K[0x2][0xffffffc9][0xffffffa4][0xffffff84][0xffffffc1][0xffffffe7][0xffffffbc][0x2][0xffffff9c][0xffffffd9])a[0xfffffffc]9/%O6%[0xfffffffc]>[0xffffffe7][0xffffffa5][0xffffffd4][0xffffffca][0xffffffa5][0xffffff84][0xffffffcb][0xffffffe7][0xffffffbc][0xffffffa2]x/[0xffffffa4][0xffffff84][0xfffffff8][0xffffff9c]W9o[0xffffff8d][0xffffffda]+Q[0xfffffff0][0xffffffcf]y[0x15][0xffffff83][0xffffffcf]y[0x15][0xfffffff1][0xffffffcd][0xffffff99]D[0xffffffc0][0xffffffb1][0xffffffcf]y[0xffffff95][0xfffffff0]U[0x19]2%L>[0xffffffe7]%[0xffffff81]dR[0xffffffc2][0xffffffe0]s^[0x1][0xffffffce][0xffffffec][0xffffff94]0[0xfffffffe][0xffffff9c][0xffffff97][0xffffff92]'[0xffffff9b][0x12]~[0xffffff9f][0xfffffff3]Rj[0xffffffe5]R[0xffffffc2][0xffffffe5]s^Q[0xffffffbc][0x17]RB|[0xffffffce][0xffffffab][0xffffff9c]e[0xffffff9c]TJ[0xffffffe0][0xffffff9f][0xfffffff3]*[0x6][0xffffff9f][0xfffffff3]*[0xffffffe2][0xffffff9b]3[0xffffff89][0xffffff80]c[0xffffff9f][0xfffffff3]*[0xffffffe1][0xffffffab]2dJ[0xffffff98]|[0xffffffce]K[0x2][0xffffffc9][0xffffffa4][0xffffff84][0xffffffc1][0xffffffe7][0xffffffbc][0x2][0xffffff9c][0xffffffd9])a[0xfffffffc]9/%O6%[0xfffffffc]>[0xffffffe7][0xffffffa5][0xffffffd4][0xffffffca][0xffffffa5][0xffffff84][0xffffffcb][0xffffffe7][0xffffffbc][0xffffffa2]x/[0xffffffa5]D[0xffffffdc]v[0xffffffc9][0xffffffa6][0x4][0xffffffbc][0xffffffed][0xfffffff2]q[0x2]>%[0xffffffc0]m[0xffffff97][0xffffff8f][0xffffffa7]S)[0xffffffe1][0xffffffb3][0xffffffed]R[0xffffffa0]H[0xffffffa5][0xffffff84][0xffffffc9][0xffffffb6]K[0xffffff81]%[0xffffff91][0x12][0xffffffe8][0xffffffb6][0xffffffcb][0xffffff80][0xffffffa8]WJxm[0xffffffbb][0xffffffd4].[0xffffffa5]S[0xffffffc2]g[0xffffffdb]e4-[0xffffff97][0x12]?[0xffffffbd][0xffffffed][0xffffffb2][0xffffffa8]m[0xffffff97][0xffffffe7][0xffffffb8]Q_[0x6]-[0xfffffff8][0xffffffb6][0xffffffcb]b[0xffffffb0][0xffffffed][0xffffffb2][0xffffff88][0xffffff95]l[0xffffff89][0xffffff80]c[0xffffffdb].KX[0xffffffba]F[0xffffffa6][0xffffff84][0xffffffc9][0xffffffb6]K[0x9]$[0xffffff93][0x12][0x6][0xffffffdb].[0x3][0xffffff9c][0xffffffd9])a[0xffffffbc][0xffffffed]R[0xffffffc9][0xffffff93]M[0x9][0xffffffbf]m[0xffffff97]J[0xffffffad]\J[0xffffffb8]l[0xffffffbb][0xffffff8c][0xffffffe2]}=%[0xffffffaa][0xffffffda]vyr[0xffffffdb].+[0xffffffbe][0xffffffed][0xffffffb2][0x1a]l[0xffffffbb][0xffffffac]b%[[0x1e][0xffffffe0][0x15][0xffffffdb]vY[0xffffffc3][0xffffffd2]50%[0x4][0xffffff8a]HJH [0xffffff91][0xffffff94][0x10]X[0xffffffa6][0xffffffa7]D[0xffffff80]39%[0x2][0xffffffa2]F)[0xffffffa1][0xffffffe4][0xffffff89][0xffffffa6][0xffffff84]v)[0xffffff9a][0x12]J[0xffffffad]XJD[0xffffffd3]B)[0x11][0xffffffc5]{!%[0xffffffd4][0xffffff8a][0xffffffaa]6;5[0xc]Z[0xfffffff1][0x15]U[0xffffffd5]`EU[0x15]{T[0x12][0x1][0xffffffc7]VT[0xffffffd5][0xffffffb0])[0xffffff85]L[0x9][0xffffff93][0x15]U[0x12]H&%[0xc]VT[0x5]8[0xffffffb3]S[0xffffffc2]xE[0xffffff95][0xffffff92]'[0xffffff9b][0x12]~+[0xffffffaa][0xffffff94]Z[0xffffffb9][0xffffff94]pYQ[0x15][0xffffffc5]{!%[0xffffffd4][0xffffff8a][0xffffffaa]~[0x1b][0xffffffd8][[0x9]|EU5XQU[0xffffffc5][0x1e][0xffffff95]D[0xffffffc0][0xffffffb1][0x15]U5lJ!S[0xffffffc2]dE[0xffffff95][0x4][0xffffff92]I[0x9][0xffffff83][0x15]U[0x1][0xffffffce][0xffffffec][0xffffff94]0^Q[0xffffffa5][0xffffffe4][0xffffffc9][0xffffffa6][0xffffff84][0xffffffdf][0xffffff8a]*[0xffffffa5]V.%\VTE[0xfffffff1]^H[0x9][0xffffffb5]W[0xffffffa2]7lEU[0xffffffc5][0xfffffff7]JT[0xffffff83][0xffffffbd][0x12]U[0xc]?'[0x2][0xffffff8e][0xffffffed][0xffffff95][0xffffffa8]a[0xffffffbc][0xffffff99]L[0x9][0xffffff93][0xffffffbd][0x12][0x12]H&%[0xc][0xfffffff6]J[0x4]8[0xffffffb3]S[0xffffffc2]x[0xffffffaf][0xffffff84][0xffffff92]'[0xffffff9b][0x12]~{%[0xffffff94]Z[0xffffffb9][0xffffff94]p[0xffffffd9]+[0x11][0xffffffc5]{!%[0xffffffd4]^[0xffffff89][0xffffffde][0xffffffcf][0xffffff93]J[0x9]|[0xffffffaf]D5[0xffffffd8]+Q[0xffffffc5][0xfffffff0]s"[0xffffffe0][0xffffffd8]^[0xffffff89][0x1a][0xffffffc6][0xffffff9b][0xffffffc9][0xffffff94]0[0xffffffd9]+![0xffffff81]dR[0xffffffc2]`[0xffffffaf]D[0xffffff80]3;%[0xffffff8c][0xfffffff7]J(y[0xffffffb2])[0xffffffe1][0xffffffb7]WB[0xffffffa9][0xffffff95]K[0x9][0xffffff97][0xffffffbd][0x12]Q[0xffffffbc][0x17]RBMp[0xffffff8c]cR[0xffffff9f][0xfffffff3][0xffffffaa][0xfffffff8][0x4]G5[0xffffff98][0xffffffe0][0xffffffa8][0xffffffe2][0xffffff9a]q"[0xffffffe0][0xffffffd8][0x4]G[\r][0x17][0xffffff89][0xffffffc9][0xffffff94]0[0xffffff99][0xffffffe0][0xffffff90]@2)a0[0xffffffc1][0x11][0xffffffe0][0xffffffcc]N[0x9][0xffffffe3][0x9][0xe]%O6%[0xfffffffc]&8[0xffffff94]Z[0xffffffb9][0xffffff94]p[0xffffff99][0xffffffe0][0xffffff88][0xffffffe2]}=%N5[0xffffffc1]1j[0xffffffeb]PJ[0xffffff9c][0xfffffff8][0x4][0xffffffc7]i0[0xffffffc1]q[0xffffff8a]k[0xffffffc6]y[0xffffff80][0xffffff9f][0xffffffd8][0x4][0xffffffc7][0x19].[0x12][0xffffff83])!PDRB[0x2][0xffffff89][0xffffffa4][0xffffff84][0xffffffc0]2=%[0x2][0xffffff9c][0xffffffc9])[0x11][0x10]5J[0x9]%O4%[0xffffffb4]K[0xffffffd1][0xffffff94]Pj[0xffffffc5]R"[0xffffff9a][0x16]J[0xffffff89]([0xffffffde][0xb])q[0xffffffa8][0xffffff94][0x18][0xffffff8d][0xfffffffa][0x6][0xffffffc7][0xffffffdb]y[0xffffffe0][0xffffff94]8[0xc]R[0xffffffe2][0xffffff88][0xffffffbc]'[0x2]~`)q8[0xffffffa5]DD[0xffffff91]I[0x9][0x5]$[0xffffff93][0x12][0x11][0xffffffcb][0xfffffffc][0xffffff94][0xffffffd8][0xffffffe1][0xffffffcc]N[0xffffff89][0x1d]Q[0xffffffa7][0xffffff94][0x10][0xfffffff2]dSB[0xffffffba][0xffffff94]M[0x9][0xffffffa1]V.%[0xffffff82]i[0xffffffa9][0xffffff94][0x8][0xffffffe2][0xffffffbd][0xffffff90][0x12]E[0xffffffa5][0xffffffc4]j[0xffffff8b]J[0xffffff89][0xffffff82][0xffffffa7]D1H[0xffffff89][0x12]yO[0x4][0xffffffbc]`)Q[0xffffff9c]R"[0xffffffa2][0xffffffc8][0xffffffa4][0xffffff84][0x2][0xffffff92]I[0xffffff89][0xffffff88]e~J[0xffffffec]pf[0xffffffa7][0xffffffc4][0xffffff8e][0xffffffa8]SJ[0x8]y[0xffffffb2])!][0xffffffca][0xffffffa6][0xffffff84]P+[0xffffff97][0x12][0xffffffc1][0xffffffb4]TJ[0x4][0xfffffff1]^H[0x9][0xffffffb5]Wb[0xffffff96]F[\r][0xffffff83][0xffffff9e][0xfffffff8]^[0xffffff89][0xffffffd3]`[0xffffffaf][0xffffffc4])[0xffffff86][0xffffff9f][0x13][0x1][0xffffffc7][0xfffffff6]J[0xffffff9c]a[0xffffffbc][0xffffff99]L[0x9][0xffffff93][0xffffffbd][0x12][0x12]H&%[0xc][0xfffffff6]J[0x4]8[0xffffffb3]S[0xffffffc2]x[0xffffffaf][0xffffff84][0xffffff92]'[0xffffff9b][0x12]~{%[0xffffff94]Z[0xffffffb9][0xffffff94]p[0xffffffd9]+[0x11][0xffffffc5]{!%[0xffffffd4]^[0xffffff89]y[0xffffff9e][0xffffffd4][0xffffffe2][0xffffffec][0x13][0xffffffdf]+q[0x1a][0xffffffec][0xffffff95]8[0xffffffc5][0xfffffff0]s"[0xffffffe0][0xffffffd8]^[0xffffff89]3[0xffffff8c]7[0xffffff93])a[0xffffffb2]WB[0x2][0xffffffc9][0xffffffa4][0xffffff84][0xffffffc1]^[0xffffff89][0x0]gvJ[0x18][0xffffffef][0xffffff95]P[0xfffffff2]dS[0xffffffc2]o[0xffffffaf][0xffffff84]R+[0xffffff97][0x12].{%[0xffffffa2]x/[0xffffffa4]DS)[0xffffffd1]+[0xfffffff6]V[0xffffffa2][0xffffffe1])[0xffffffd1][0xc]R[0xffffffa2]E[0xffffffde][0x13][0x1]oXJ4[0xffffffa7][0xffffff94][0xffffff88](2)[0xffffffa1][0xffffff80]dR"b[0xffffff99][0xffffff9f][0x12];[0xffffff9c][0xffffffd9])[0xffffffb1]#[0xffffffea][0xffffff94][0x12]B[0xffffff9e]lJH[0xffffff97][0xffffffb2])![0xffffffd4][0xffffffca][0xffffffa5]D0-[0xffffff95][0x12]A[0xffffffbc][0x17]RB[0xffffffad][0xffffffa8][0xffffff9a]c4*%[0xfffffff0][0x15]U[0xffffffa7][0xffffffc1][0xffffff8a][0xffffffaa]S[0xffffffec]QI[0x4][0x1c][Qu[0xffffff86]M)dJ[0xffffff98][0xffffffac][0xffffffa8][0xffffff92]@2)a[0xffffffb0][0xffffffa2]*[0xffffffc0][0xffffff99][0xffffff9d][0x12][0xffffffc6]+[0xffffffaa][0xffffff94]<[0xffffffd9][0xffffff94][0xfffffff0][Q[0xffffffa5][0xffffffd4][0xffffffca][0xffffffa5][0xffffff84][0xffffffcb][0xffffff8a][0xffffffaa]([0xffffffde][0xb])[0xffffffa1]VT[0xffffffcd]u`o%[0xfffffff0][0x15]U[0xffffffa7][0xffffffc1][0xffffff8a][0xffffffaa]S[0xffffffec]QI[0x4][0x1c][Qu[0xffffff86]M)dJ[0xffffff98][0xffffffac][0xffffffa8][0xffffff92]@2)a[0xffffffb0][0xffffffa2]*[0xffffffc0][0xffffff99][0xffffff9d][0x12][0xffffffc6]+[0xffffffaa][0xffffff94]<[0xffffffd9][0xffffff94][0xfffffff0][Q[0xffffffa5][0xffffffd4][0xffffffca][0xffffffa5][0xffffff84][0xffffffcb][0xffffff8a][0xffffffaa]([0xffffffde][0xb])1e"
16:35:02.172 [Test worker] DEBUG org.apache.hc.client5.http.wire - http-outgoing-2 << "J<[0xffffff8e][0xffffff89][0xffffffa4][0xffffffc4][0xffffffc4]Sb[0x1a][0xffffffa4][0xffffffc4][0xffffff8c][0xffffffbc]'[0x2]>[0xffffffb1][0xffffff94][0xffffff98]N)[0x11]QdRB[0x1][0xffffffc9][0xffffffa4]D[0xffffffc4]2?%v8[0xffffffb3]SbG[0xffffffd4])%[0xffffff84]<[0xffffffd9][0xffffff94][0xffffff90].eSB[0xffffffa8][0xffffff95]K[0xffffff89]`Z*%[0xffffff82]x_O[0xffffff89][0xffffffa6]VT[0xffffffad][0xffffffdb][0xffffffb8]A)[0xffffffd1][0xfffffff0][0x15]U[0xffffffcd]`EU[0x13]{T[0xfffffff2][0x0]o[0xffffffd8][0xffffff8a][0xffffffaa][0x16]6[0xffffffa5][0xffffff80])!PDRB[0x2][0xffffff89][0xffffffa4][0xffffff84][0xffffffc0]2=%[0x2][0xffffff9c][0xffffffc9])[0x11][0x10]5J[0x9]%O4%[0xffffffb4]K[0xffffffd1][0xffffff94]Pj[0xffffffc5]R"[0xffffff9a][0x16]J[0xffffff89]([0xffffffde][0xb])[0xffffffa1][0xfffffff6]J[0xffffffac]z[0xffffffa3]>[0xffffffe7][0xffffffd5][0xfffffff0][0xffffffbd][0x12][0xffffffcd]`[0xffffffaf]D[0x13][0xffffffc3][0xffffffcf][0xffffff89][0xffffff80]c{%Z[0x18]o&S[0xffffffc2]d[0xffffffaf][0xffffff84][0x4][0xffffff92]I[0x9][0xffffff83][0xffffffbd][0x12][0x1][0xffffffce][0xffffffec][0xffffff94]0[0xffffffde]+[0xffffffa1][0xffffffe4][0xffffffc9][0xffffffa6][0xffffff84][0xffffffdf]^[0x9][0xffffffa5]V.%\[0xfffffff6]JD[0xfffffff1]^H[0x9]5[0xc][0xffffffba][0xffffffe6][0xffffffa0][0xffffff86]A[0x1b]>[0xc][0xffffffda][0xc][0xffffff86]A[0xffffff9b][0xffffff98]XJ[0x4][0x1c][0x1b][0x6]ma&[0xffffff89]L[0x9][0xffffff93]aP[0x9]$[0xffffff93][0x12][0x6][0xffffffc3][0xffffffa0][0x1][0xffffffce][0xffffffec][0xffffff94]0[0x1e][0x6]U[0xfffffff2]dS[0xffffffc2]o[0x18]T[0xffffffa9][0xffffff95]K[0x9][0xffffff97]a[0xffffffd0]([0xffffffde][0xb])!&8[0xffffffea][0xffffffad][0xffffffdd][0xffffffb0][0xffffff94][0xffffffc0]'8[0xffffff9a][0xffffffc1][0x4]G[0x13][0xffffffd7][0xffffff8c][0x13][0x1][0xffffffc7]&8Z[0xffffffb8]HL[0xffffffa6][0xffffff84][0xffffffc9][0x4][0xffffff87][0x4][0xffffff92]I[0x9][0xffffff83][0x9][0xffffff8e][0x0]gvJ[0x18]Op(y[0xffffffb2])[0xffffffe1]7[0xffffffc1][0xffffffa1][0xffffffd4][0xffffffca][0xffffffa5][0xffffff84][0xffffffcb][0x4]G[0x14][0xffffffef][0xffffffa5][0xffffff94](f)Q[0xfffffff0][0xffffff94]([0x6])Q[0xffffffd0][0xffffff94](XJ[0x14][0xffffffa7][0xffffff94][0xffffffd8]Q[0xffffffa4]R"[0x2]I[0xffffffa5][0xffffffc4][0xffffff8e]%[0xffffff91][0x12][0x5]N[0xffffff89]b[0xffffff9c][0x12]A[0xffffff9e]tJ[0x8][0xffffff97][0xffffffd2])[0x11][0xffffffd4]J[0xffffffa6]DqI[0xffffff89][0xfffffff2][0xffffffb3])[0xffffffd1][0xffffffd5][[0xffffff89][0xffffffd2][0x17][0xffffffb5]W[0xffffffa2][0xffffffe3]o%[0xffffffba][0xffffffc1][[0xffffff89].[0xffffffd2]9[0xf][0xfffffff0][0xffffff8e][0xffffffbd][0xffffff95][0xffffffe8]![0xffffff8e][0xffffffc1][0xffffff94][0x10](")![0xffffff81]DRB`[0xffffff99][0xffffff9e][0x12][0x1][0xffffffce][0xffffffe4][0xffffff94][0x8][0xffffff88][0x1a][0xffffffa5][0xffffff84][0xffffff92]'[0xffffff9a][0x12][0xffffffda][0xffffffa5]hJ([0xffffffb5]b)[0x11]M[0xb][0xffffffa5]D[0x14][0xffffffef][0xffffff85][0xffffff94][0x10]{%j=[0xffffffb0]k[0xffffff97][0x1d][0xffffffdf]+[0xffffffd1][\r][0xfffffff6]Jt1[0xfffffffc][0xffffff9c][0x8]8[0xffffffb6]W[0xffffffa2][0xffffff87][0xfffffff1]f2%L[0xfffffff6]JH [0xffffff99][0xffffff94]0[0xffffffd8]+[0x11][0xffffffe0][0xffffffcc]N[0x9][0xffffffe3][0xffffffbd][0x12]J[0xffffff9e]lJ[0xfffffff8][0xffffffed][0xffffff95]Pj[0xffffffe5]R[0xffffffc2]e[0xffffffaf]D[0x14][0xffffffef][0xffffffa5][0xffffff94][0xffffff88]?p[0xffffffb0])[0x1][0xffffffff][0xffffffc0][0xfffffff1]8[0x1][0xffffff9f][0x12][0xffffffe0][0xf][0x1c][0xffffff8f][0xffffffa7]S)[0xffffffe1][0xfffffff3][0x3][0xffffff87]@[0xffffff91]J[0x9][0xffffff93][0x1f]8[0x4][0xffffff96]DJ[0xffffffa0]?p[0x4]D[0xffffffbd]R[0xffffffc2][0xffffffeb][0x7][0xe][0xffffffed]R:%|~[0xffffffe0][0xffffff88][0xffffffa6][0xffffffe5]R[0xffffffe2][0xffffffe7][0x7f][0xffffffe0][0x18][0xffffffbf]L[0xffffffb3][0xffffff94][0xffffff98]xJL[0xffffff83][0xffffff94][0xffffff98]hJL,%[0xffffffa6]SJ[0xffffffec](R)[0x11][0xffffff81][0xffffffa4]Rb[0xffffffc7][0xffffff92]H[0xffffff89][0x9][0xffffffa7][0xffffffc4]4N[0xffffff89] O:%[0xffffff84]K[0xffffffe9][0xffffff94][0x8]j%Sb[0xffffffba][0xffffffa4][0xffffffc4][0xfffffffc];[0xffffffa4][0xffffffc4][0xffffffd1][0xffffffcd]Z[0xffffffe2][0xffffffe8]xL[0xffffffdc][0xffffff8f][0xffffffc0][0xffffffd7][0xffffffc4][0xffffffc7]![0xffffffa8][0xffffff9c][0xffffffb8]?[0xffffff9e][0xffffffea][0xffffff89][0xfffffff7]G[0xffffffbb][0x4]E[0xffffffe0][0xffffff91]*[\n]"
16:35:02.185 [Test worker] DEBUG org.apache.hc.client5.http.wire - http-outgoing-2 << "A%[0xffffff95][0x14][0xffffff81]M[0xffffffa2])6B[0xfffffff3][0xffffffa3]b[0xffffffe3][0xffffffd4][0xffffffab]*[0xffffffa2]F[0xffffffe9][0xffffffac]PV[0xffffffa5][0xffffffbb]"J[0xffffff96][0xc][0xffffff8b][0xffffffdd][0xffffffb9]\Y[0xffffffec][\n]"
16:35:02.185 [Test worker] DEBUG org.apache.hc.client5.http.wire - http-outgoing-2 << "[0xffffffbe][0xffffff94][0x16][0xffffffe7]0K[0xffffff8b]s[0xffffffe0]iq?[0x2][0xffffff9f][0x16][0x1f][0xffffff87][0xffffffa0][0xffffffd2][0xffffffe2][0xfffffffe]x*-[0xffffffde][0x1f][0xffffffed][0xffffff92][0x16][0xffffff81]G*-[0x4][0xffffff95]TZ[0x4]6[0xffffff89][0xffffffb4][0xffffffd8][0x8][0xffffffcd]O[0xffffff8b][0xffffff8d]S[0xffffffaf][0xffffffb4][0xffffff88][0x1a][0xffffffa5][0xffffffd3]BY[0xffffff95]N[0xffffff8b](Y2-v[0xffffffe7]ri[0xffffffb1]+[0xfffffff8]RZ4[0xffffffb7][0xffffffb4]h|Z4[0xffffff87][0xffffffb4]hlZ4.-[0xffffff9a]UZ[0x4][0x1e][0xffffffa9][0xffffffb4][0x10]TRi[0x11][0xffffffd8]$[0xffffffd2][0xffffffa2][0xffffffd1]i[0xffffffd1][0xffffff9c][0xffffffd3]"j[0xffffff94]N[0xb]eU:-[0xffffffa2]d[0xffffffc9][0xffffffb4][0xffffffd8][0xffffff9d][0xffffffcb][0xffffffa5][0xffffffc5][0xffffffae][0xffffffe0]Ki1[0xffffff9b]YZ[0xffffffcc][0xffffff86][0xffffffa7][0xffffffc5][0xfffffffd][0x8]|Z|[0x1c][0xffffff82]J[0xffffff8b][0xfffffffb][0xffffffe3][0xffffffa9][0xffffffb4]x[0x7f][0xffffffb4]KZ[0x4][0x1e][0xffffffa9][0xffffffb4][0x10]TRi[0x11][0xffffffd8]$[0xffffffd2]b#4?-6N[0xffffffbd][0xffffffd2]"j[0xffffff94]N[0xb]eU:-[0xffffffa2]d[0xffffffc9][0xffffffb4][0xffffffd8][0xffffff9d][0xffffffcb][0xffffffa5][0xffffffc5][0xffffffae][0xffffffe0]Kiq[0xffffffcc][0xffffffd3][0xffffffac]-[0xffffffee]'[0xffffffc2][0xffffffe3][0xffffffe2][0xffffffed][0xc]|]|;[0x5][0xffffff95][0x17]o[0xffffffcf][0xffffffa7][0xfffffffa][0xffffffe2][0xffffffe3][0xffffffd9].[0xffffff81][0x11][0xffffffa1][0xffffffa4][\n]"
16:35:02.185 [Test worker] DEBUG org.apache.hc.client5.http.wire - http-outgoing-2 << "C[0xffffffa1]I%F[0x4][0xffffff94]h[0xffffff8c][0x1d][0xffffffd3][0xfffffffc][0xffffffc8][0xffffffd8]a[0xfffffff5][0xffffffaa][0xc]!T:3[0xffffffa4]_[0xffffffe9][0xffffffce][0x10][0xffffffba]%C#[0xffffffd8][0xffffff97]+[0xffffff8d] [0xffffffe3]WR[0xffffffa3][0xffffffbc][0xffffffff]+[0xffffffe2]#[0xffffffe6][0xffffffb5][0xffffff8e]Z[0xffffffd3]C[0xffffffe3][0xfffffff3]<Tf|9[0x1][0x16][0x19][0xffffffdb][0x19][0xffffff92][0x13][0xffffffe3][0xffffffcb][0xffffffd3][0xffffff93][0x3][0xffffffe3][0xffffffd7]O[0xffffff86][0xfffffff3][0xffffffe2])[0xffffff8a][0xffffffc9]q[0xfffffff1][0x3] [0xffffff93][0xffffffd3][0xffffffe2])[0xffffff96][0xffffff89]a[0xfffffff1][0x4][0xffffffce][0xffffffb4][0xffffffac]x[0xffffff82][0xffffffa8]ET<[0xffffff97]'[0xffffff94][0x14]?r)[0x14][0x14][0xffffffcf][0xffffffd5][\n]"
16:35:02.185 [Test worker] DEBUG org.apache.hc.client5.http.wire - http-outgoing-2 << "[0xffffffe4][0xffffffc4]3[0xffffffd3][0xffffffa6][0xffffffc7][0xffffffc4]3[0xfffffff1]^H[0xffffff89][0xffffffa5]Rb[0x1d][0xfffffff9][0xffffff8b][0xffffffb9]?[0xffffffcf][0x3][0xffffffa7][0xffffffc4]2H[0xffffff89][0x15]yO[0x4]|a)[0xffffffb1][0xffffff9c]R"[0xffffffa2][0xffffffc8][0xffffffa4][0xffffff84][0x2][0xffffff92]I[0xffffff89][0xffffff88]e~J[0xffffffec]pf[0xffffffa7][0xffffffc4][0xffffff8e][0xffffffa8]SJ[0x8]y[0xffffffb2])!][0xffffffca][0xffffffa6][0xffffff84]P+[0xffffff97][0x12][0xffffffc1][0xffffffb4]TJ[0x4][0xfffffff1][0xffffffbe][0xffffff9e][0x12][0xffffffe3]&R[0xffffffe2]<[0xffffffea][\r]J[0xffffff89][0xffffffb7][0xfffffff3][0xffffffb0])[0xfffffff1]8[0x1][0xffffff9c][0x12][0xffffffdf][0xffffffcf][0xffffff80][0xffffffa4][0xffffffc4][0xffffffe3][0xffffffe9]HJ|{[0xffffffb2]EJ[0x8][0x14][0xffffff91][0xffffff94][0xffffff90]@")![0xffffffb0]LO[0xffffff89][0x0]grJ[0x4]D[0xffffff8d]RB[0xffffffc9][0x13]M[0x9][0xffffffed]R4%[0xffffff94]Z[0xffffffb1][0xffffff94][0xffffff88][0xffffffa6][0xffffff85]R"[0xffffff8a][0xfffffff7]RJT[0xffffffb3][0xffffff94][0xffffffa8]xJT[0xffffff83][0xffffff94][0xffffffa8]hJT,%[0xffffffaa]SJ[0xffffffec](R)[0x11][0xffffff81][0xffffffa4]Rb[0xffffffc7][0xffffff92]H[0xffffff89][\n]"
16:35:02.185 [Test worker] DEBUG org.apache.hc.client5.http.wire - http-outgoing-2 << "[0xffffffa7]D5N[0xffffff89] O:%[0xffffff84]K[0xffffffe9][0xffffff94][0x8]j%S[0xffffffa2][0xffffffba][0xffffffa4]D[0xfffffffd];[0xffffffa4]D[0x1c][0xfffffff8]`S[0x2][0xffffff9b][0xfffffff7][0xfffffff8]r[0x2]>%[0xffffff90]i[0xffffff8f]/O[0xffffffa7]R[0xffffffc2]a[0xffffffd6][0xffffffe3])[0xffffff8a]TJ[0xffffffe0][0xffffff93][0x1e]O[0xffffffb1]$R[0x2][0xffffff9a][0xfffffff3]x[0xffffff82][0xffffffa8]WJ[0xffffffb8]Ly[0xfffffffc][0xffffffc8][0xffffffa5]tJ8[0xffffffcc]x<3-[0xffffff97][0x12]?1[0xffffffe1][0xfffffff1][0xfffffff1]o[0x1c][0xffffffea][0x7][0xffffff8e]s[0xffffffe4][0xffffffcf]w|[0xffffff9e][0x7]N[0xffffff89][0xffffffc3][0xffffffe0][0x7][0xffffff8e]#[0xffffffbe][0xffffff85]K[0x4][0xfffffffc][0xffffffc0]~[0xffffffe0]8[0xffffff9c]~[0xffffffe0][0xffffff88](2)[0xffffffa1][0xffffff80]dR"b[0xffffff99][0xffffff9f]"
16:35:02.189 [Test worker] DEBUG org.apache.hc.client5.http.wire - http-outgoing-2 << "[0x12];[0xffffff9c][0xffffffd9])[0xffffffb1]#[0xffffffea][0xffffff94][0x12]B[0xffffff9e]lJH[0xffffff97][0xffffffb2])![0xffffffd4][0xffffffca][0xffffffa5]D0-[0xffffff95][0x12]A[0xffffffbc][0x17]R[0xffffffa2][0xffffffa8][0xffffff94][0xffffff98][0x5]{+Q[0xfffffff0][0xffffff94]([0x6])Q"[0xffffffef][0xffffff89][0xffffff80][0x17],%[0xffffff8a]SJD[0x14][0xffffff99][0xffffff94]P@2)[0x11][0xffffffb1][0xffffffcc]O[0xffffff89][0x1d][0xffffffce][0xffffffec][0xffffff94][0xffffffd8][0x11]uJ[0x9]!O6%[0xffffffa4]K[0xffffffd9][0xffffff94][0x10]j[0xffffffe5]R"[0xffffff98][0xffffff96]J[0xffffff89] [0xffffffde][0xb])QeJ[0xffffff8c]I[0xffffffa5]D[0xffffffc5]S[0xffffffa2][0x1a][0xffffffa4]D[0xffffff8d][0xffffffbc]'[0x2]^[0xffffffb1][0xffffff94][0xffffffa8]N)[0x11]QdRB[0x1][0xffffffc9][0xffffffa4]D[0xffffffc4]2?%v8[0xffffffb3]SbG[0xffffffd4])%[0xffffff84]<[0xffffffd9][0xffffff94][0xffffff90].eSB[0xffffffa8][0xffffff95]K[0xffffff89]`Z*%[0xffffff82]x/[0xffffffa4][0xffffffc4])R[0xffffffa2][0xffffffd5][0xffffffbe][0xffffffa8][0xffffff94]8[0xfffffff1][0xffffff94]8[\r]R[0xffffffe2][0xffffff8c][0xffffffbc]'[0x2]~b)q:[0xffffffa5]DD[0xffffff91]I[0x9][0x5]$[0xffffff93][0x12][0x11][0xffffffcb][0xfffffffc][0xffffff94][0xffffffd8][0xffffffe1][0xffffffcc]N[0xffffff89][0x1d]Q[0xffffffa7][0xffffff94][0x10][0xfffffff2]dSB[0xffffffba][0xffffff94]M[0x9][0xffffffa1]V.%[0xffffff82]i[0xffffffa9][0xffffff94][0x8][0xffffffe2][0xffffffbd][0xffffff90][0x12]M[0xffffffa5][0xffffffc4]yP+[0xffffffaa][0xffffffde][0xffffffce][0x3][0xffffffa7]D3H[0xffffff89][0x16]yO[0x4][0xffffffbc]a)[0xffffffd1][0xffffff9c]R"[0xffffffa2][0xffffffc8][0xffffffa4][0xffffff84][0x2][0xffffff92]I[0xffffff89][0xffffff88]e~J[0xffffffec]pf[0xffffffa7][0xffffffc4][0xffffff8e][0xffffffa8]SJ[0x8]y[0xffffffb2])!][0xffffffca][0xffffffa6][0xffffff84]P+[0xffffff97][0x12][0xffffffc1][0xffffffb4]TJ[0x4][0xfffffff1]^H[0xffffff89].S[0xffffffa2]u*%:[0xffffff9e][0x12][0xffffffdd] %z[0xffffffe4]=[0x11][0xfffffff0][0xffffff8e][0xffffffa5]DwJ[0xffffff89][0xffffff88]"[0xffffff93][0x12][\n]"
16:35:02.189 [Test worker] DEBUG org.apache.hc.client5.http.wire - http-outgoing-2 << "H&%"[0xffffff96][0xfffffff9])[0xffffffb1][0xffffffc3][0xffffff99][0xffffff9d][0x12];[0xffffffa2]N)![0xffffffe4][0xffffffc9][0xffffffa6][0xffffff84]t)[0xffffff9b][0x12]B[0xffffffad]\J[0x4][0xffffffd3]R)[0x11][0xffffffc4]{!%[0xffffff86]L[0xffffff89][0xffffff85][0xffffffdd][0xffffff95][0x18]xJ[0xc][0xffffff83][0xffffff94][0x18][0xffffff91][0xfffffff7]D[0xffffffc0][0x7][0xffffff96][0x12][0xffffffc3])%"[0xffffff8a]LJ( [0xffffff99][0xffffff94][0xffffff88]X[0xffffffe6][0xffffffa7][0xffffffc4][0xe]gvJ[0xffffffec][0xffffff88]:[0xffffffa5][0xffffff84][0xffffff90]'[0xffffff9b][0x12][0xffffffd2][0xffffffa5]lJ[0x8][0xffffffb5]r)[0x11]LK[0xffffffa5]D[0x10][0xffffffef][0xffffff85][0xffffff94]P[0xffffffdf][0xffffffe0]h[0xffffffad]aw%[0xfffffff0]op[0xc][0xffffff83]op[0xc][0xffffffb1](>[0x11]p[0xffffffec][0x1b][0x1c]#[0xffffffac][0xffffff82]'S[0xffffffc2][0xffffffe4][0x1b][0x1c][0x12]H&%[0xc][0xffffffbe][0xffffffc1][0x11][0xffffffe0][0xffffffcc]N[0x9][0xffffffe3]op(y[0xffffffb2])[0xffffffe1][0xfffffff7][\r][0xe][0xffffffa5]V.%\[0xffffffbe][0xffffffc1][0x11][0xffffffc5]{!%[0xffffffd4]78[0xffffffda][0xffffffb8]ao%[0xfffffff0]op[0xc][0xffffff83]op[0xc][0xffffffb1](>[0x11]p[0xffffffec][0x1b][0x1c]#[0xffffffac][0xffffff82]'S[0xffffffc2][0xffffffe4][0x1b][0x1c][0x12]H&%[0xc][0xffffffbe][0xffffffc1][0x11][0xffffffe0][0xffffffcc]N[0x9][0xffffffe3]op(y[0xffffffb2])[0xffffffe1][0xfffffff7][\r][0xe][0xffffffa5]V.%\[0xffffffbe][0xffffffc1][0x11][0xffffffc5]{)%[0xffffff8a]YJ[0x14]<%[0xffffff8a]AJ[0x14]4%[\n]"
16:35:02.189 [Test worker] DEBUG org.apache.hc.client5.http.wire - http-outgoing-2 << "[0xffffff96][0x12][0xffffffc5])%v[0x14][0xffffffa9][0xffffff94][0xffffff88]@R)[0xffffffb1]cI[0xffffffa4]D[0xffffff81]S[0xffffffa2][0x18][0xffffffa7]D[0xffffff90]'[0xffffff9d][0x12][0xffffffc2][0xffffffa5]tJ[0x4][0xffffffb5][0xffffff92])Q\R[0xffffffa2][0xfffffffc]lJL[0xfffffff5]9[0xffffffaf]~[0xffffffdc][0xffffffa8][0x1f]8&[0xfffffffe]9[0xffffffaf]i[0xfffffff0]9[0xffffffaf])[0xffffffbe]9[0xffffff93][0x7][0xfffffff8][0xffffffc4]>[0xffffffe7]5[0xffffffc3]We[0xffffffc0][0xffffff94][0x10](")![0xffffff81]DRB`[0xffffff99][0xffffff9e][0x12][0x1][0xffffffce][0xffffffe4][0xffffff94][0x8][0xffffff88][0x1a][0xffffffa5][0xffffff84][0xffffff92]'[0xffffff9a][0x12][0xffffffda][0xffffffa5]hJ([0xffffffb5]b)[0x11]M[0xb][0xffffffa5]D[0x14][0xffffffef][0xffffff85][0xffffff94]P[0xffffff8b][0xffffffb3]{[0xffffff99][0xffffffd4][[0xffffff89][0xffffff89]/[0xffffffce][0xffffff9e][0x6][0xffffff8b][0xffffffb3][0xffffffa7][0xffffffd8][0xffffffee][0xffffff9a][0x8]8[0xffffffb6]8{[0xffffff86][0xfffffffd][0xffffffad]dJ[0xffffff98],[0xffffffce][0xffffff96]@2)a[0xffffffb0]8;[0xffffffc0][0xffffff99][0xffffff9d][0x12][0xffffffc6][0xffffff8b][0xffffffb3][0xffffff95]<[0xffffffd9][0xffffff94][0xfffffff0][[0xffffff9c][0xffffffad][0xffffffd4][0xffffffca][0xffffffa5][0xffffff84][0xffffffcb][0xffffffe2][0xffffffec]([0xffffffde][0xb])QTJ[0xffffff8c][0x13]K[0xffffff89][0xffffff82][0xffffffa7]D1H[0xffffff89][0x12]yO[0x4][0xffffffbc]`)Q[0xffffff9c]R"[0xffffffa2][0xffffffc8][0xffffffa4][0xffffff84][0x2][0xffffff92]I[0xffffff89][0xffffff88]e~J[0xffffffec]pf[0xffffffa7][0xffffffc4][0xffffff8e][0xffffffa8]SJ[0x8]y[0xffffffb2])!][0xffffffca][0xffffffa6][0xffffff84]P+[0xffffff97][0x12][0xffffffc1][0xffffffb4]TJ[0x4][0xfffffff1]^H[0x9][0xffffffb5]8[0xffffffbb][0xffffffaf][0x3]K[0x9]|q[0xfffffff6]4X[0xffffff9c]=[0xffffffc5]v[0xffffffd7]D[0xffffffc0][0xffffffb1][0xffffffc5][0xffffffd9]3[0xffffffec]o%S[0xffffffc2]dq[0xffffffb6][0x4][0xffffff92]I[0x9][0xffffff83][0xffffffc5][0xffffffd9][0x1][0xffffffce][0xffffffec][0xffffff94]0^[0xffffff9c][0xffffffad][0xffffffe4][0xffffffc9][0xffffffa6][0xffffff84][0xffffffdf][0xffffffe2]l[0xffffffa5]V.%\[0x16]gG[0xfffffff1]^H[0x9][0xffffffb5]8{[0xffffffd4][[0xffffffa3]R[0x2]_[0xffffff9c]=[\r][0x16]gO[0xffffffb1][0xffffffdd]5[0x11]plq[0xfffffff6][0xc][0xfffffffb][[0xffffffc9][0xffffff94]0Y[0xffffff9c]-[0xffffff81]dR[0xffffffc2]`qv[0xffffff80]3;%[0xffffff8c][0x17]g+y[0xffffffb2])[0xffffffe1][0xffffffb7]8[[0xffffffa9][0xffffff95]K[0x9][0xffffff97][0xffffffc5][0xffffffd9]Q[0xffffffbc][0x17]RB-[0xffffffce][0x1e][0xffffffe7][0xffffffc2][0xffffffae]][0xffffffe2][0xffffff8b][0xffffffb3][0xffffffa7][0xffffffc1][0xffffffe2][0xffffffec])[0xffffffb6][0xffffffbb]&[0x2][0xffffff8e]-[0xffffffce][0xffffff9e]a[0x7f]+[0xffffff99][0x12]&[0xffffff8b][0xffffffb3]%[0xffffff90]LJ[0x18],[0xffffffce][0xe]pf[0xffffffa7][0xffffff84][0xfffffff1][0xffffffe2]l%O6%[0xfffffffc][0x16]g+[0xffffffb5]r)[0xffffffe1][0xffffffb2]8;[0xffffff8a][0xfffffff7]BJ[0xffffffa8][0xffffffc5][0xffffffd9]c.[0xffffffea]#[0xffffffe3][0x13]_[0xffffff9c]=[\r][0x16]gO[0xffffffb1][0xffffffdd]5[0x11]plq[0xfffffff6][0xc][0xfffffffb][[0xffffffc9][0xffffff94]0Y[0xffffff9c]-[0xffffff81]dR[0xffffffc2]`qv[0xffffff80]3;%[0xffffff8c][0x17]g+y[0xffffffb2])[0xffffffe1][0xffffffb7]8[[0xffffffa9][0xffffff95]K[0x9][0xffffff97][0xffffffc5][0xffffffd9]Q[0xffffffbc][0x17]RB-[0xffffffce][0xffffff9e]7[0xffffffec][0x1b][0x1c][0x13]_[0xffffff9c]=[\r][0x16]gO[0xffffffb1][0xffffffdd]5[0x11]plq[0xfffffff6][0xc][0xfffffffb][[0xffffffc9][0xffffff94]0Y[0xffffff9c]-[0xffffff81]dR[0xffffffc2]`qv[0xffffff80]3;%[0xffffff8c][0x17]g+y[0xffffffb2])[0xffffffe1][0xffffffb7]8[[0xffffffa9][0xffffff95]K[0x9][0xffffff97][0xffffffc5][0xffffffd9]Q[0xffffffbc][0x17]RB-[0xffffffce][0xffffff9e][0x15][[0xffffff9c]=[0xfffffff1][0xffffffc5][0xffffffd9][0xffffffd3]`q[0xfffffff6][0x14][0xffffffdb]][0x13][0x1][0xffffffc7][0x16]g[0xffffffcf][0xffffffb0][0xffffffbf][0xffffff95]L[0x9][0xffffff93][0xffffffc5][0xffffffd9][0x12]H&%[0xc][0x16]g[0x7]8[0xffffffb3]S[0xffffffc2]xq[0xffffffb6][0xffffff92]'[0xffffff9b][0x12]~[0xffffff8b][0xffffffb3][0xffffff95]Z[0xffffffb9][0xffffff94]pY[0xffffff9c][0x1d][0xffffffc5]{!%[0xffffffd4][0xffffffe2][0xffffffec][0xffffffc9]}d|[0xffffffe2][0xffffff8b][0xffffffb3][0xffffffa7][0xffffffc1][0xffffffe2][0xffffffec])[0xffffffb6][0xffffffbb]&[0x2][0xffffff8e]-[0xffffffce][0xffffff9e]a[0x7f]+[0xffffff99][0x12]&[0xffffff8b][0xffffffb3]%[0xffffff90]LJ[0x18],[0xffffffce][0xe]pf[0xffffffa7][0xffffff84][0xfffffff1][0xffffffe2]l%O6%[0xfffffffc][0x16]g+[0xffffffb5]r)[0xffffffe1][0xffffffb2]8;[0xffffff8a][0xfffffff7][0xfffffff5][0xffffff94]Xj[0xffffffdb][0xffffffe5]<+[0xfffffff5]Vb[0xffffffe1][0xffffffdb].[0xffffff97][0xffffffc1][0xffffffb6][0xffffffcb]%V[0xffffffb2][0xffffffe5][0x1][0xffffffbe][0xffffffb0]m[0xffffff97]+,][0x3]SB[0xffffffa0][0xffffff88][0xffffffa4][0xffffff84][0x4][0x12]I[0x9][0xffffff81]ezJ[0x4]8[0xffffff93]S" j[0xffffff94][0x12]J[0xffffff9e]hJh[0xffffff97][0xffffffa2])[0xffffffa1][0xffffffd4][0xffffff8a][0xffffffa5]D4-[0xffffff94][0x12]Q[0xffffffbc][0x17]R[0xffffffa2][0xffffffc8][0xffffff94]X[0x7][0xffffff95][0x12][0x5]O[0xffffff89]b[0xffffff90]"
16:35:02.192 [Test worker] DEBUG org.apache.hc.client5.http.wire - http-outgoing-2 << "[0x12]%[0xfffffff2][0xffffff9e][0x8]x[0xffffffc1]R[0xffffffa2]8[0xffffffa5]DD[0xffffff91]I[0x9][0x5]$[0xffffff93][0x12][0x11][0xffffffcb][0xfffffffc][0xffffff94][0xffffffd8][0xffffffe1][0xffffffcc]N[0xffffff89][0x1d]Q[0xffffffa7][0xffffff94][0x10][0xfffffff2]dSB[0xffffffba][0xffffff94]M[0x9][0xffffffa1]V.%[0xffffff82]i[0xffffffa9][0xffffff94][0x8][0xffffffe2][0xffffffbd][0xffffff90][0x12]jE[0xffffffd5]l[0xffffff93][0xfffffffa][0xffffff81]c[0xffffffe1]+[0xffffffaa][0xffffff96][0xffffffc1][0xffffff8a][0xffffffaa]%[0xfffffff6][0xffffffa8]$[0x2][0xffffff8e][0xffffffad][0xffffffa8]ZaS[\n]"
16:35:02.192 [Test worker] DEBUG org.apache.hc.client5.http.wire - http-outgoing-2 << "[0xffffff99][0x12]&+[0xffffffaa]$[0xffffff90]LJ[0x18][0xffffffac][0xffffffa8][\n]"
16:35:02.192 [Test worker] DEBUG org.apache.hc.client5.http.wire - http-outgoing-2 << "pf[0xffffffa7][0xffffff84][0xfffffff1][0xffffff8a]*%O6%[0xfffffffc]VT)[0xffffffb5]r)[0xffffffe1][0xffffffb2][0xffffffa2]*[0xffffff8a][0xfffffff7]BJ[0xffffffa8][0x15]Us[0x1d][0xffffffd4][0x4][0xffffffc7][0xffffffc2]WT-[0xffffff83][0x15]UK[0xffffffec]QI[0x4][0x1c][Q[0xffffffb5][0xffffffc2][0xffffffa6][0x14]2%LVTI [0xffffff99][0xffffff94]0XQ[0x15][0xffffffe0][0xffffffcc]N[0x9][0xffffffe3][0x15]UJ[0xffffff9e]lJ[0xfffffff8][0xffffffad][0xffffffa8]Rj[0xffffffe5]R[0xffffffc2]eEU[0x14][0xffffffef][0xffffff85][0xffffff94]P+[0xffffffaa][0xffffffd6][0xffffff81]-[0xffffffce]^[0xfffffff8][0xffffff8a][0xffffffaa]e[0xffffffb0][0xffffffa2]j[0xffffff89]=*[0xffffff89][0xffffff80]c+[0xffffffaa]V[0xffffffd8][0xffffff94]B[0xffffffa6][0xffffff84][0xffffffc9][0xffffff8a]*[0x9]$[0xffffff93][0x12][0x6]+[0xffffffaa][0x2][0xffffff9c][0xffffffd9])a[0xffffffbc][0xffffffa2]J[0xffffffc9][0xffffff93]M[0x9][0xffffffbf][0x15]UJ[0xffffffad]\J[0xffffffb8][0xffffffac][0xffffffa8][0xffffff8a][0xffffffe2][0xffffffbd][0xffffff94][0x12][0xffffffc5],%[\n]"
16:35:02.192 [Test worker] DEBUG org.apache.hc.client5.http.wire - http-outgoing-2 << "[0xffffff9e][0x12][0xffffffc5] %[\n]"
16:35:02.192 [Test worker] DEBUG org.apache.hc.client5.http.wire - http-outgoing-2 << "[0xffffff9a][0x12][0x5]K[0xffffff89][0xffffffe2][0xffffff94][0x12];[0xffffff8a]TJD [0xffffffa9][0xffffff94][0xffffffd8][0xffffffb1]$R[0xffffffa2][0xffffffc0])Q[0xffffff8c]S"[0xffffffc8][0xffffff93]N[0x9][0xffffffe1]R:%[0xffffff82]Z[0xffffffc9][0xffffff94](.)Q~:%[0xffffffd4][0xffffffb6][0xffffffcb][0xffffffd5][0xffffff8e]A[0xffffffa5][0x4][0xffffffbe][0xffffffed]r[0x19]l[0xffffffbb]\b%["[0xffffffe0][0xffffffd8][0xffffffb6][0xffffffcb][0x15][0xffffff96][0xffffffae][0xffffff91])a[0xffffffb2][0xffffffed]R[0x2][0xffffffc9][0xffffffa4][0xffffff84][0xffffffc1][0xffffffb6][0xffffffcb][0x0]gvJ[0x18]o[0xffffffbb]T[0xfffffff2]dS[0xffffffc2]o[0xffffffdb][0xffffffa5]R+[0xffffff97][0x12].[0xffffffdb].[0xffffffa3]x/[0xffffffa4][0xffffff84][0xffffffda]v[0xffffffb9][0xfffffffa][0xffffff89]Mp[0xffffffe0][0xffffffdb].[0xffffff97][0xffffffc1][0xffffffb6][0xffffffcb]%V[0xffffffb2]%[0x2][0xffffff8e]m[0xffffffbb]\a[0xffffffe9][0x1a][0xffffff99][0x12]&[0xffffffdb].%[0xffffff90]LJ[0x18]l[0xffffffbb][0xc]pf[0xffffffa7][0xffffff84][0xfffffff1][0xffffffb6]K%O6%[0xfffffffc][0xffffffb6]]*[0xffffffb5]r)[0xffffffe1][0xffffffb2][0xffffffed]2[0xffffff8a][0xfffffff7]BJ[0xffffff88][0x15]U[0xffffffe7][0xffffffed][0xffffffb8][0xffffff9d]TJ[0xffffffe0]+[0xffffffaa][0xffffff96][0xffffffc1][0xffffff8a][0xffffffaa]%[0xfffffff6][0xffffffa8]$[0x2][0xffffff8e][0xffffffad][0xffffffa8]ZaS[\n]"
16:35:02.192 [Test worker] DEBUG org.apache.hc.client5.http.wire - http-outgoing-2 << "[0xffffff99][0x12]&+[0xffffffaa]$[0xffffff90]LJ[0x18][0xffffffac][0xffffffa8][\n]"
16:35:02.192 [Test worker] DEBUG org.apache.hc.client5.http.wire - http-outgoing-2 << "pf[0xffffffa7][0xffffff84][0xfffffff1][0xffffff8a]*%O6%[0xfffffffc]VT)[0xffffffb5]r)[0xffffffe1][0xffffffb2][0xffffffa2]*[0xffffff8a][0xfffffff7][0xffffffe5][0xffffff94](7[0xffffffb1][0xffffffa2][0xffffffea][0xffffffbc][0xffffff9d][0x5][0xfffffffa][0xffffff81][0xffffffe3]q[0x1e]4%[0xffffffde]O[0xffffffc0][0xffffffa6][0xffffffc4][0xffffffe7][0x19][0xffffff88][0xffffff94]x[0x7f]:[0xffffff91][0x12][0xffffffdf][0xffffff9f][0xffffffec][0xffffff90][0x12][\n]"
16:35:02.192 [Test worker] DEBUG org.apache.hc.client5.http.wire - http-outgoing-2 << "E"%4[0xffffff90]DJ(,[0xffffffb3]S"[0xffffffc2][0xffffff99][0xffffff9b][0x12][0x11]Q[0xffffff9f][0xffffff94][0xffffff90][0xfffffff2]$S[0xffffffe2][0xffffff89]K[0xffffffc9][0xffffff94][0xffffff90]j[0xffffffa5]RB[0xffffff98][0xffffff96]I[0x9]![0xffffffde][0xb])q[0xffffffa8][0xffffff94]h[0x1d][0xfffffffa][0xffffff81][0xffffffe3]q[0x1e]8%[0xe][0xffffff83][0xffffff94]8"[0xffffffef][0xffffff89][0xffffff80][0x1f]XJ[0x1c]N)[0x11]QdRB[0x1][0xffffffc9][0xffffffa4]D[0xffffffc4]2?%v8[0xffffffb3]SbG[0xffffffd4])%[0xffffff84]<[0xffffffd9][0xffffff94][0xffffff90].eSB[0xffffffa8][0xffffff95]K[0xffffff89]`Z*%[0xffffff82]x/[0xffffffa4]DQ)[0xffffffd1][0x1b][0xffffffb4][0xffffffa2][0xffffffea]q[0x1e]8%[0xffffff8a]AJ[0xffffff94][0xffffffc8]{"[0xffffffe0][0x5]K[0xffffff89][0xffffffe2][0xffffff94][0x12][0x11]E&%[0x14][0xffffff90]LJD,[0xfffffff3]Sb[0xffffff87]3;%vD[0xffffff9d]RB[0xffffffc8][0xffffff93]M[0x9][0xffffffe9]R6%[0xffffff84]Z[0xffffffb9][0xffffff94][0x8][0xffffffa6][0xffffffa5]R"[0xffffff88][0xfffffff7]BJ[0xffffff88]m[0xffffff97][0xffffffe7]m[0xffffffdc]nTJ[0xffffffd0][0xffffffdb].[0xffffffdf]O@[0xffffffa7][0x4][0xffffffb9][0xffffffed][0xfffffff2][0xfffffffd][0xffffffe9]LJ[0x18]m[0xffffffbb]T(2)[0xffffffe1][0xffffffb2][0xffffffed]Ra[0xffffff99][0xffffff9f][0x12][0xffffffec][0xffffffb6][0xffffffcb][0xffffff88][0xffffffa8]SJ[0xffffff98]m[0xffffffbb]|[0xffffffe2]R6%[0xffffff8c][0xffffffb6]][\n]"
16:35:02.192 [Test worker] DEBUG org.apache.hc.client5.http.wire - http-outgoing-2 << "[0xffffffd3]R)[0xfffffff1][0xfffffff3][0xffffffdb].[0xffffffcb]Ml[0xffffffbb][0xffffffbc][0xffffffa7][0x4]5[0xffffffc1][0xfffffff1]8[0xf][0xffffff9c][0x12][0xfffffffc][0xffffffb6][0xffffffcb][0xffffffcf]30)Am[0xffffffbb][0xfffffffc][0xfffffffe]d[0xffffff8f][0xffffff94][0xfffffff0][0xffffffd8]v[0xffffffa9][0xffffff81]dR[0xffffff82][0xffffffdf]v[0x19][0xffffffe1][0xffffffcc]N[0x9][0xffffffdf]m[0xffffff97]R[0xffffff9e]lJ[0xffffffd8]m[0xffffffbb][0xffffff94]j[0xffffffe5]R[0xffffffc2]d[0xffffffdb][0xffffffa5][0x10][0xffffffef][0xffffff85][0xffffff94][0x10]{%[0xffffffce][0xffffffdb][0xffffffac][0xffffffd8][0xf][0x1c][0xfffffff4]^[0xffffff89][0xfffffff7][0x13][0xffffffd0])A[0xffffffee][0xffffff95]x[0x7f]:[0xffffff93][0x12]F{%[0x14][0xffffff8a]LJ[0xffffffb8][0xffffffec][0xffffff95]PX[0xffffffe6][0xffffffa7][0x4][0xffffffbb]W""[0xffffffea][0xffffff94][0x12]f{%[0xffffff9e][0xffffffb8][0xffffff94]M[0x9][0xffffffa3][0xffffffbd][0x12][0xffffffc2][0xffffffb4]TJ[0xfffffffc][0xfffffffc]^[0xffffff89]r[0x13]{%[0xffffffee])1[0xffffffa1][0xffffff8f][0xffffff8c]?[0xffffffce][0x3][0xffffffa7][0x4][0xffffffbf]W[0xffffffe2][0xfffffff3][0xc]LJP{%[0xffffffbe]?[0xffffffd9]#%<[0xfffffff6]Jh [0xffffff99][0xffffff94][0xffffffe0][0xfffffff7]JD8[0xffffffb3]S[0xffffffc2]w[0xffffffaf][0xffffff84][0xffffff94]'[0xffffff9b][0x12]v{%[0xffffffa4]Z[0xffffffb9][0xffffff94]0[0xffffffd9]+![0xffffffc4]{!%[0xffffffa6]J[0xffffff89]ubw%&[0xffffff9e][0x12][0xffffffd3] %f[0xffffffe4]=[0x11][0xfffffff0][0xffffff89][0xffffffa5][0xffffffc4]tJ[0xffffff89][0xffffff88]"[0xffffff93][0x12][\n]"
16:35:02.193 [Test worker] DEBUG org.apache.hc.client5.http.wire - http-outgoing-2 << "H&%"[0xffffff96][0xfffffff9])[0xffffffb1][0xffffffc3][0xffffff99][0xffffff9d][0x12];[0xffffffa2]N)![0xffffffe4][0xffffffc9][0xffffffa6][0xffffff84]t)[0xffffff9b][0x12]B[0xffffffad]\J[0x4][0xffffffd3]R)[0x11][0xffffffc4]{!%[0xffffffe4][0xffffff8a][0xffffffaa][0xffffffb5]N*%[0xffffffe8][0x15]U[0xffffffef]'[0xffffffa0]S[0xffffff82]\Q[0xfffffff5][0xfffffffe]t&%[0xffffff8c]VT)[0x14][0xffffff99][0xffffff94]pYQ[0xffffffa5][0xffffffb0][0xffffffcc]O[0x9]vEUD[0xffffffd4])%[0xffffffcc]VT=q)[0xffffff9b][0x12]F+[0xffffffaa][0xffffff84]i[0xffffffa9][0xffffff94][0xfffffff8];[0xffffffac][0xffffffa8]:[0xffffffd4][0xffffff8a][0xffffffaa][0xffffffe3][0xffffff86][0xfffffffd][0xffffffc0]q[0xffffffe0]+[0xffffffaa][0xe][0xffffff83][0x15]U[0xffffff87][0xffffffd8][0xffffffa3][0xffffff92][0x7][0xfffffff8][0xffffff81][0xffffffad][0xffffffa8]:[0xffffffc2][0xffffffa6][0x14]0%[0x4][0xffffff8a]HJH [0xffffff91][0xffffff94][0x10]X[0xffffffa6][0xffffffa7]D[0xffffff80]39%[0x2][0xffffffa2]F)[0xffffffa1][0xffffffe4][0xffffff89][0xffffffa6][0xffffff84]v)[0xffffff9a][0x12]J[0xffffffad]XJD[0xffffffd3]B)[0x11][0xffffffc5]{!%[0xffffffd4][0xffffff8a][0xffffffaa][0xffffffe3][0xffffffc0][0xfffffff6]J[0x1c][0xfffffff8][0xffffff8a][0xffffffaa][0xffffffc3]`E[0xffffffd5]![0xfffffff6][0xffffffa8]$[0x2][0xffffff8e][0xffffffad][0xffffffa8]:[0xffffffc2][0xffffffa6][0x14]2%LVTI [0xffffff99][0xffffff94]0XQ[0x15][0xffffffe0][0xffffffcc]N[0x9][0xffffffe3][0x15]UJ[0xffffff9e]lJ[0xfffffff8][0xffffffad][0xffffffa8]Rj[0xffffffe5]R[0xffffffc2]eEU[0x14][0xffffffef][0xffffff85][0xffffff94](*%[0xffffffca][0xffffffa2][0xffffffee]J[0xffffffbc][0xffffff9d][0x7]N[0xffffff89]b[0xffffff90][0x12]%[0xfffffff2][0xffffff9e][0x8]x[0xffffffc1]R[0xffffffa2]8[0xffffffa5]DD[0xffffff91]I[0x9][0x5]$[0xffffff93][0x12][0x11][0xffffffcb][0xfffffffc][0xffffff94][0xffffffd8][0xffffffe1][0xffffffcc]N[0xffffff89][0x1d]Q[0xffffffa7][0xffffff94][0x10][0xfffffff2]dSB[0xffffffba][0xffffff94]M[0x9][0xffffffa1]V.%[0xffffff82]i[0xffffffa9][0xffffff94][0x8][0xffffffe2][0xffffffbd][0xffffff90][0x12]j[0xffffffaf][0xffffffc4]qV[0xffffffea][0x1b][0x1c][0x7][0xffffffbe]W[0xffffffe2]0[0xffffffd8]+q[0xffffff88][0xffffffe1][0xffffffe7]D[0xffffffc0][0xffffffb1][0xffffffbd][0x12]G[0x18]o&S[0xffffffc2]d[0xffffffaf][0xffffff84][0x4][0xffffff92]I[0x9][0xffffff83][0xffffffbd][0x12][0x1][0xffffffce][0xffffffec][0xffffff94]0[0xffffffde]+[0xffffffa1][0xffffffe4][0xffffffc9][0xffffffa6][0xffffff84][0xffffffdf]^"
16:35:02.200 [Test worker] DEBUG org.apache.hc.client5.http.wire - http-outgoing-2 << "[0x9][0xffffffa5]V.%\[0xfffffff6]JD[0xfffffff1]^H[0xffffff89][0xffffffa6]R[0xffffffa2][0xffffffdd][0xffffffb0][0xffffffbb][0x12][\r]O[0xffffff89]f[0xffffff90][0x12]-[0xfffffff2][0xffffff9e][0x8]x[0xffffffc3]R[0xffffffa2]9[0xffffffa5]DD[0xffffff91]I[0x9][0x5]$[0xffffff93][0x12][0x11][0xffffffcb][0xfffffffc][0xffffff94][0xffffffd8][0xffffffe1][0xffffffcc]N[0xffffff89][0x1d]Q[0xffffffa7][0xffffff94][0x10][0xfffffff2]dSB[0xffffffba][0xffffff94]M[0x9][0xffffffa1]V.%[0xffffff82]i[0xffffffa9][0xffffff94][0x8][0xffffffe2][0xffffffbd][0xffffff90][0x12]jE[0xffffffd5][0xffffffd1]z[0xffffffa7]R[0x2]_Qu[0x18][0xffffffac][0xffffffa8]:[0xffffffc4][0x1e][0xffffff95]D[0xffffffc0][0xffffffb1][0x15]UG[0xffffffd8][0xffffff94]B[0xffffffa6][0xffffff84][0xffffffc9][0xffffff8a]*[0x9]$[0xffffff93][0x12][0x6]+[0xffffffaa][0x2][0xffffff9c][0xffffffd9])a[0xffffffbc][0xffffffa2]J[0xffffffc9][0xffffff93]M[0x9][0xffffffbf][0x15]UJ[0xffffffad]\J[0xffffffb8][0xffffffac][0xffffffa8][0xffffff8a][0xffffffe2][0xffffffbd][0xffffff90][0x12]jE[0xffffffd5][0xffffffd1]V[0xffffffa1]R[0x2]_Qu[0x18][0xffffffac][0xffffffa8]:[0xffffffc4][0x1e][0xffffff95]D[0xffffffc0][0xffffffb1][0x15]UG[0xffffffd8][0xffffff94]B[0xffffffa6][0xffffff84][0xffffffc9][0xffffff8a]*[0x9]$[0xffffff93][0x12][0x6]+[0xffffffaa][0x2][0xffffff9c][0xffffffd9])a[0xffffffbc][0xffffffa2]J[0xffffffc9][0xffffff93]M[0x9][0xffffffbf][0x15]UJ[0xffffffad]\J[0xffffffb8][0xffffffac][0xffffffa8][0xffffff8a][0xffffffe2][0xffffffbd][0xffffff90][0x12]jE[0xffffffd5][0xffffffd1][0xffffffeb][0xffffffa4]R[0x2]_Qu[0x18][0xffffffac][0xffffffa8]:[0xffffffc4][0x1e][0xffffff95]D[0xffffffc0][0xffffffb1][0x15]UG[0xffffffd8][0xffffff94]B[0xffffffa6][0xffffff84][0xffffffc9][0xffffff8a]*[0x9]$[0xffffff93][0x12][0x6]+[0xffffffaa][0x2][0xffffff9c][0xffffffd9])a[0xffffffbc][0xffffffa2]J[0xffffffc9][0xffffff93]M[0x9][0xffffffbf][0x15]UJ[0xffffffad]\J[0xffffffb8][0xffffffac][0xffffffa8][0xffffff8a][0xffffffe2]}=%[0xffffff8a][0xfffffffa]2[0xffffffe8]1'[0xffffff95][0x12][0x5][0xffffffff]2h1[0xfffffff8]2h[0x11][0xffffff9f][0xffffffaf][0xffffffcb][0x3][0xffffffbc]`_[0x6]-[0xffffffe1][0x3]u`J[0x8][0x14][0xffffff91][0xffffff94][0xffffff90]@")![0xffffffb0]LO[0xffffff89][0x0]grJ[0x4]D[0xffffff8d]RB[0xffffffc9][0x13]M[0x9][0xffffffed]R4%[0xffffff94]Z[0xffffffb1][0xffffff94][0xffffff88][0xffffffa6][0xffffff85]R"[0xffffff8a][0xfffffff7]BJ[0xffffffa8][0x9][0xffffff8e][0xfffffffb][0xffffffbf]L][0xffffffbb],[0xfffffff8][0x4]G1[0xffffff98][0xffffffe0]([0xffffffe2][0xffffff9a]q"[0xffffffe0][0xffffffd8][0x4]G[0x9][0x17][0xffffff89][0xffffffc9][0xffffff94]0[0xffffff99][0xffffffe0][0xffffff90]@2)a0[0xffffffc1][0x11][0xffffffe0][0xffffffcc]N[0x9][0xffffffe3][0x9][0xe]%O6%[0xfffffffc]&8[0xffffff94]Z[0xffffffb9][0xffffff94]p[0xffffff99][0xffffffe0][0xffffff88][0xffffffe2][0xffffffbd][0xffffff90][0x12]j[0xffffff82][0xffffffe3][0xffffffed]'[0xe]*%[0xfffffff0][0x9][0xffffff8e]b0[0xffffffc1]Q[0xffffffc4]5[0xffffffe3]D[0xffffffc0][0xffffffb1][0x9][0xffffff8e][0x12].[0x12][0xffffff93])a2[0xffffffc1]![0xffffff81]dR[0xffffffc2]`[0xffffff82]#[0xffffffc0][0xffffff99][0xffffff9d][0x12][0xffffffc6][0x13][0x1c]J[0xffffff9e]lJ[0xfffffff8]Mp([0xffffffb5]r)[0xffffffe1]2[0xffffffc1][0x11][0xffffffc5]{!%[0xffffffd4][0x4]G[0x19][0xfffffffd][0xffffffa0]R[0x2][0xffffff9f][0xffffffe0]([0x6][0x13][0x1c]E\3N[0x4][0x1c][0xffffff9b][0xffffffe0]([0xffffffe1]"1[0xffffff99][0x12]&[0x13][0x1c][0x12]H&%[0xc]&8[0x2][0xffffff9c][0xffffffd9])a<[0xffffffc1][0xffffffa1][0xffffffe4][0xffffffc9][0xffffffa6][0xffffff84][0xffffffdf][0x4][0xffffff87]R+[0xffffff97][0x12].[0x13][0x1c]Q[0xffffffbc][0xffffff97]R[0xffffffa2][0xffffff98][0xffffffa5]D[0xffffffc1]S[0xffffffa2][0x18][0xffffffa4]DAS[0xffffffa2]`)Q[0xffffff9c]RbG[0xffffff91]J[0xffffff89][0x8]$[0xffffff95][0x12];[0xffffff96]DJ[0x14]8%[0xffffff8a]qJ[0x4]y[0xffffffd2])!\J[0xffffffa7]DP+[0xffffff99][0x12][0xffffffc5]%%[0xffffffca]O[0xffffffa7][0xffffffc4][0xfffffff8][0xffffffa5][0xffffffc6][0xffffff94][0xffffff98][0xffffffd8][0xffffffe2][0xffffffec][0xffffffb7][0xfffffff3][0xffffffc0])[0xfffffff1]v[0x2]:%[0xffffffbe][0xffffff9d][0xffffff81]I[0xffffff89][0xffffffb7][0xffffffa7]3)[0xfffffff1][0xfffffff1]d[0xffffff8f][0xffffff94][0xffffff88](2)[0xffffffa1][0xffffff80]dR"b[0xffffff99][0xffffff9f][0x12];[0xffffff9c][0xffffffd9])[0xffffffb1]#[0xffffffea][0xffffff94][0x12]B[0xffffff9e]lJH[0xffffff97][0xffffffb2])![0xffffffd4][0xffffffca][0xffffffa5]D0-[0xffffff95][0x12]A[0xffffffbc][0x17]RB[\r][0xffffff83][0xffffffd6][0xffffffd2][0xffffffb0][0xffffff94][0xffffffc0][0xffffff87]A[0xffffff8b][0xffffffc1]0h[0x11][0x13]K[0xffffff89][0xffffff80]c[0xffffffc3][0xffffffa0]%[0xffffffcc]$[0xffffff91])a2[0xc]*[0xffffff81]dR[0xffffffc2]`[0x18]4[0xffffffc0][0xffffff99][0xffffff9d][0x12][0xffffffc6][0xffffffc3][0xffffffa0]J[0xffffff9e]lJ[0xfffffff8][\r][0xffffff83]*[0xffffffb5]r)[0xffffffe1]2[0xc][0x1a][0xffffffc5]{!%[0xffffff96]J[0xffffff89][0xffffffb3]P+[0xffffffaa][0xffffffde][0xffffffce][0x3][0xffffffa7][0xffffffc4]R[0xfffffff8]'[0xfffffff3][0xffffffbe]"[0xffffffef][0xffffff89][0xffffff80]/,%[0xffffff96]SJD[0x14][0xffffff99][0xffffff94]P@2)[0x11][0xffffffb1][0xffffffcc]O[0xffffff89][0x1d][0xffffffce][0xffffffec][0xffffff94][0xffffffd8][0x11]uJ[0x9]!O6%[0xffffffa4]K[0xffffffd9][0xffffff94][0x10]j[0xffffffe5]R"[0xffffff98][0xffffff96]J[0xffffff89] [0xffffffde][0xffffffd7]S[0xffffffa2][0xffffffaa][0xffffff8f][0xffffff8c][0xffffffd7][0xffffffd1][0xffffffa8][0xffffff94][0xffffffa8][0xfffffff8]G[0xffffffc6][0xffffffab][0xffffffc1]G[0xffffffc6][0xffffffab][0xfffffff8][0x12]n[0x1e][0xffffffe0][0x15][0xfffffffb][0xffffffc8]x[\r][0xffffffdf][0xffffffba][0x5]SB[0xffffffa0][0xffffff88][0xffffffa4][0xffffff84][0x4][0x12]I[0x9][0xffffff81]ezJ[0x4]8[0xffffff93]S" j[0xffffff94][0x12]J[0xffffff9e]hJh[0xffffff97][0xffffffa2])[0xffffffa1][0xffffffd4][0xffffff8a][0xffffffa5]D4-[0xffffff94][0x12]Q[0xffffffbc][0x17]RB[0xffffffad][0xffffffa8][0xffffffaa][0xffffffb3]V*%[0xfffffff0][0x15]U[0xffffffd5]`EU[0x15]{T[0x12][0x1][0xffffffc7]VT[0xffffffd5][0xffffffb0])[0xffffff85]L[0x9][0xffffff93][0x15]U[0x12]H&%[0xc]VT[0x5]8[0xffffffb3]S[0xffffffc2]xE[0xffffff95][0xffffff92]'[0xffffff9b][0x12]~+[0xffffffaa][0xffffff94]Z[0xffffffb9][0xffffff94]pYQ[0x15][0xffffffc5]{!%[0xffffffd4][0xffffff8a][0xffffffaa]:[0x7][0xffffff96][0x12][0xfffffff8][0xffffff8a][0xffffffaa]j[0xffffffb0][0xffffffa2][0xffffffaa][0xffffff8a]=*[0xffffff89][0xffffff80]c+[0xffffffaa]j[0xffffffd8][0xffffff94]B[0xffffffa6][0xffffff84][0xffffffc9][0xffffff8a]*[0x9]$[0xffffff93][0x12][0x6]+[0xffffffaa][0x2][0xffffff9c][0xffffffd9])a[0xffffffbc][0xffffffa2]J[0xffffffc9][0xffffff93]M[0x9][0xffffffbf][0x15]UJ[0xffffffad]\J[0xffffffb8][0xffffffac][0xffffffa8][0xffffff8a][0xffffffe2][0xffffffbd][0xffffff90][0x12]jE[0xffffffd5]y+'[0xffffff95][0x12][0xfffffff8][0xffffff8a][0xffffffaa]j[0xffffffb0][0xffffffa2][0xffffffaa][0xffffff8a]=*[0xffffff89][0xffffff80]c+[0xffffffaa]j[0xffffffd8][0xffffff94]B[0xffffffa6][0xffffff84][0xffffffc9][0xffffff8a]*[0x9]$[0xffffff93][0x12][0x6]+[0xffffffaa][0x2][0xffffff9c][0xffffffd9])a[0xffffffbc][0xffffffa2]J[0xffffffc9][0xffffff93]M[0x9][0xffffffbf][0x15]UJ[0xffffffad]\J[0xffffffb8][0xffffffac][0xffffffa8][0xffffff8a][0xffffffe2][0xffffffbd][0xffffff94][0x12]q[0x18][0xffffff94]M[0x9]x[0x18][0xfffffff4]q[0x2]>%[0xffffffc0]a[0xffffffd0][0xffffffc7][0xffffffd3][0xffffffa9][0xffffff94][0xfffffff0][0x19][0x6][0x15](R)a2[0xc]*[0xffffffb0]$R[0x2][0x1d][0x6][\r][0xffffff88]z[0xffffffa5][0xffffff84][0xffffffd7]0[0xffffffa8]v)[0xffffff9d][0x12]>[0xffffffc3][0xffffffa0][0xffffffd1][0xffffffb4]\J[0xfffffffc][0xfffffff4]0hU+[0xffffffaa][0xffffffce][0xffffffc2][0xfffffffd][0xffffffc0][0xffffff81][0xffffffaf][0xffffffa8][0xffffffaa][0x6]+[0xffffffaa][0xffffffaa][0xffffffd8][0xffffffa3][0xffffff92][0x8]8[0xffffffb6][0xffffffa2][0xffffffaa][0xffffff86]M)dJ[0xffffff98][0xffffffac][0xffffffa8][0xffffff92]@2)a[0xffffffb0][0xffffffa2]*[0xffffffc0][0xffffff99][0xffffff9d][0x12][0xffffffc6]+[0xffffffaa][0xffffff94]<[0xffffffd9][0xffffff94][0xfffffff0][Q[0xffffffa5][0xffffffd4][0xffffffca][0xffffffa5][0xffffff84][0xffffffcb][0xffffff8a][0xffffffaa]([0xffffffde][0xb])1[0xffffffd4][0xf][0x1c][\r][0xfffffffb][0xffffffc8][0xfffffff8][0xffffffdb]y[0xffffffe0][0xffffff94][0x18][0xffffffea][0xffffffa5]\2[0xffffffef]#[0xffffffbe][0xffffff85]K[0x4]|`?p[0xc][0xffffffa7][0x1f]8"[0xffffff8a]LJ( [0xffffff99][0xffffff94][0xffffff88]X[0xffffffe6][0xffffffa7][0xffffffc4][0xe]gvJ[0xffffffec][0xffffff88]:[0xffffffa5][0xffffff84][0xffffff90]'[0xffffff9b][0x12][0xffffffd2][0xffffffa5]lJ[0x8][0xffffffb5]r)[0x11]LK[0xffffffa5]D[0x10][0xffffffef][0xffffff85][0xffffff94][0xffffff98][0xffffffea][0xffffffad][0xffffffc4]\[0xffffff8d]J[0xffffff89][0xffffff89][0xffffffbf][0xffffff95][0xffffff98][0x6]o%fL[0xffffffe7]D[0xffffffc0]'[0xfffffff6]Vb:[0xffffffbd][0xffffff95][0xffffff88](2)[0xffffffa1][0xffffff80]dR"b[0xffffff99][0xffffff9f][0x12];[0xffffff9c][0xffffffd9])[0xffffffb1]#[0xffffffea][0xffffff94][0x12]B[0xffffff9e]lJH[0xffffff97][0xffffffb2])![0xffffffd4][0xffffffca][0xffffffa5]D0-[0xffffff95][0x12]A[0xffffffbc][0x17]RB[0xffffffad][0xffffffa8]j[0xffffffe5]F}[0x19][0xffffffb4][0xffffffe2]+[0xffffffaa][0xffffffaa][0xffffffc1][0xffffff8a][0xffffffaa]*[0xfffffff6][0xffffffa8]$[0x2][0xffffff8e][0xffffffad][0xffffffa8][0xffffffaa]aS"
16:35:02.223 [Test worker] DEBUG org.apache.hc.client5.http.wire - http-outgoing-2 << "[\n]"
16:35:02.224 [Test worker] DEBUG org.apache.hc.client5.http.wire - http-outgoing-2 << "[0xffffff99][0x12]&+[0xffffffaa]$[0xffffff90]LJ[0x18][0xffffffac][0xffffffa8][\n]"
16:35:02.225 [Test worker] DEBUG org.apache.hc.client5.http.wire - http-outgoing-2 << "pf[0xffffffa7][0xffffff84][0xfffffff1][0xffffff8a]*%O6%[0xfffffffc]VT)[0xffffffb5]r)[0xffffffe1][0xffffffb2][0xffffffa2]*[0xffffff8a][0xfffffff7]RJ[0xffffffc4][0xffffffb7][0x12]lJ[0xffffffd0]o%[0xffffff96][0xffffffc1][[0xffffff89][0x15][0xffffffd3]9[0x15]p[0xffffffea][0xffffffad][0xffffffc4]rz+[0x11]Q[0xffffffa4]R[0xffffffc2][0xffffffe5][0xffffffad]D[0xffffffc4][0xffffff92]H[0x9][0xfffffff6][0xffffffad][0xffffffc4][0xffffff8e][0xffffffa8]WJ[0xffffff98][0xffffffbd][0xffffff95][0xffffff90].[0xffffffa5]S[0xffffffc2][0xffffffe8][0xffffffad]D0-[0xffffff97][0x12]?[0xfffffffd]V[0xffffffe2][0xffffffbc][0xffffffa9][0xffffffb7][0x12]m[0xffffff9d]PJ[0xffffffbc][0xffffff9d][0xffffff87]M[0xffffff89][0xffffffc7][0x9][0xffffffe0][0xffffff94][0xfffffff8]~[0x6]$%[0x1e]OGR[0xffffffe2][0xffffffdb][0xffffff93]-RB[0xffffffa0][0xffffff88][0xffffffa4][0xffffff84][0x4][0x12]I[0x9][0xffffff81]ezJ[0x4]8[0xffffff93]S" j[0xffffff94][0x12]J[0xffffff9e]hJh[0xffffff97][0xffffffa2])[0xffffffa1][0xffffffd4][0xffffff8a][0xffffffa5]D4-[0xffffff94][0x12]Q[0xffffffbc][0x17]RB-[0xffffffce]n[0xffffffdc][0xffffffb6][0xffffffcb][0x13]_[0xffffff9c]}[0x1a],[0xffffffce]>[0xffffffc5]v[0xffffffd7]D[0xffffffc0][0xffffffb1][0xffffffc5][0xffffffd9]g[0xffffffd8][0xffffffdf]J[0xffffffa6][0xffffff84][0xffffffc9][0xffffffe2]l[0x9]$[0xffffff93][0x12][0x6][0xffffff8b][0xffffffb3][0x3][0xffffff9c][0xffffffd9])a[0xffffffbc]8[[0xffffffc9][0xffffff93]M[0x9][0xffffffbf][0xffffffc5][0xffffffd9]J[0xffffffad]\J[0xffffffb8],[0xffffffce][0xffffff8e][0xffffffe2][0xffffffbd][0xffffff94][0x12]q[0xffffffaf][0x4][0xffffff9b][0x12][0xfffffff0]^[0xffffff89][0xffffffc7][0x9][0xfffffff8][0xffffff94][0x0][0xfffffff7]J<[0xffffff9e]N[0xffffffa5][0xffffff84][0xffffffcf]^[0x9][0xffffff81]"[0xffffff95][0x12]&{%[0x4][0xffffff96]DJ[0xffffffa0]{%[0x2][0xffffffa2]^)[0xffffffe1][0xffffffb5]WB[0xffffffbb][0xffffff94]N[0x9][0xffffff9f][0xffffffbd][0x12][0xffffffd1][0xffffffb4]\J[0xfffffffc][0xfffffff4]^[0xffffff89][0xfffffffb][0xffffffbf]q[0xffffff9a][0xffffffa5][0xffffffc4][0xffffff89][0xffffffa7][0xffffffc4]i[0xffffff90][0x12]'[0xffffff9a][0x12]'[0xffffff96][0x12][0xffffffa7]SJ[0xffffffec](R)[0x11][0xffffff81][0xffffffa4]Rb[0xffffffc7][0xffffff92]H[0xffffff89][0x13]N[0xffffff89][0xffffffd3]8%[0xffffff82]<[0xffffffe9][0xffffff94][0x10].[0xffffffa5]S"[0xffffffa8][0xffffff95]L[0xffffff89][0xffffffd3]%%[0xffffffce][0xffffffbf]CJ4[0xffffffb3][0xffffff94]hxJ4[0xffffff83][0xffffff94]hhJ4,%[0xffffff9a]SJ[0xffffffec](R)[0x11][0xffffff81][0xffffffa4]Rb[0xffffffc7][0xffffff92]H[0xffffff89][0x6][0xffffffa7]D3N[0xffffff89] O:%[0xffffff84]K[0xffffffe9][0xffffff94][0x8]j%S[0xffffffa2][0xffffffb9][0xffffffa4]D[0xfffffffb][0xffffffe9][0xffffff94]P[0xffffff9f][0xfffffff3][0xffffffea][0xffffffbd]P[0x13][0x1c]'[0xfffffffe]9[0xffffffaf][0xffffffd3][0xffffffe0]s^[0xffffffa7][0xfffffff8][0xffffffe6]L"[0xffffffe0][0xffffffd8][0xffffffe7][0xffffffbc][0xffffffce][0xfffffff0]U[0x19]2%L>[0xffffffe7]%[0xffffff81]dR[0xffffffc2][0xffffffe0]s^[0x1][0xffffffce][0xffffffec][0xffffff94]0[0xfffffffe][0xffffff9c][0xffffff97][0xffffff92]'[0xffffff9b][0x12]~[0xffffff9f][0xfffffff3]Rj[0xffffffe5]R[0xffffffc2][0xffffffe5]s^Q[0xffffffbc][0x17]RB}[0xffffffce][0xffffffab][0xffffff8f]Em[0xffffffbb]<[0xfffffff1][0xffffffcf]y[0xffffff9d][0x6][0xffffff9f][0xfffffff3]:[0xffffffc5]7g[0x12][0x1][0xffffffc7]>[0xffffffe7]u[0xffffff86][0xffffffaf][0xffffffca][0xffffff90])a[0xfffffff2]9/[0x9]$[0xffffff93][0x12][0x6][0xffffff9f][0xfffffff3][\n]"
16:35:02.226 [Test worker] DEBUG org.apache.hc.client5.http.wire - http-outgoing-2 << "pf[0xffffffa7][0xffffff84][0xfffffff1][0xffffffe7][0xffffffbc][0xffffff94]<[0xffffffd9][0xffffff94][0xfffffff0][0xfffffffb][0xffffff9c][0xffffff97]R+[0xffffff97][0x12].[0xffffff9f][0xfffffff3][0xffffff8a][0xffffffe2][0xffffffbd][0xffffff90][0x12]][0xffffffa5][0xffffffc4][0xffffffec][0xffffffd8][[0xffffff89][0xffffff8e][0xffffffa7]D7H[0xffffff89][0x1e]yO[0x4][0xffffffbc]c)[0xffffffd1][0xffffff9d]R"[0xffffffa2][0xffffffc8][0xffffffa4][0xffffff84][0x2][0xffffff92]I[0xffffff89][0xffffff88]e~J[0xffffffec]pf[0xffffffa7][0xffffffc4][0xffffff8e][0xffffffa8]SJ[0x8]y[0xffffffb2])!][0xffffffca][0xffffffa6][0xffffff84]P+[0xffffff97][0x12][0xffffffc1][0xffffffb4]TJ[0x4][0xfffffff1]^H[0xffffff89][0xffffffa9]RbU,%&[0xffffff9e][0x12][0xffffffd3] %f[0xffffffe4]=[0x11][0xfffffff0][0xffffff89][0xffffffa5][0xffffffc4]tJ[0xffffff89][0xffffff88]"[0xffffff93][0x12][\n]"
16:35:02.226 [Test worker] DEBUG org.apache.hc.client5.http.wire - http-outgoing-2 << "H&%"[0xffffff96][0xfffffff9])[0xffffffb1][0xffffffc3][0xffffff99][0xffffff9d][0x12];[0xffffffa2]N)![0xffffffe4][0xffffffc9][0xffffffa6][0xffffff84]t)[0xffffff9b][0x12]B[0xffffffad]\J[0x4][0xffffffd3]R)[0x11][0xffffffc4]{!%[0xffffffd4][0xffffffe2][0xffffffec][0xffffffbe][0xffffffd6][0xffffffa0]R[0x2]_[0xffffff9c]}[0x1a],[0xffffffce]>[0xffffffc5]v[0xffffffd7]D[0xffffffc0][0xffffffb1][0xffffffc5][0xffffffd9]g[0xffffffd8][0xffffffdf]J[0xffffffa6][0xffffff84][0xffffffc9][0xffffffe2]l[0x9]$[0xffffff93][0x12][0x6][0xffffff8b][0xffffffb3][0x3][0xffffff9c][0xffffffd9])a[0xffffffbc]8[[0xffffffc9][0xffffff93]M[0x9][0xffffffbf][0xffffffc5][0xffffffd9]J[0xffffffad]\J[0xffffffb8],[0xffffffce][0xffffff8e][0xffffffe2]}=%[0xffffff9a]ZQ5[0xffffffea]I}[0xffffffce][0xffffffab][0xffffffe1]+[0xffffffaa][0xffffff9a][0xffffffc1][0xffffff8a][0xffffffaa]&[0xfffffff6][0xffffffa8][0xffffffe4][0x1][0xffffffde][0xffffffb0][0x15]U-lJ[0x1]SB[0xffffffa0][0xffffff88][0xffffffa4][0xffffff84][0x4][0x12]I[0x9][0xffffff81]ezJ[0x4]8[0xffffff93]S" j[0xffffff94][0x12]J[0xffffff9e]hJh[0xffffff97][0xffffffa2])[0xffffffa1][0xffffffd4][0xffffff8a][0xffffffa5]D4-[0xffffff94][0x12]Q[0xffffffbc][0x17]R[0xffffffa2][0xffffff88][0xffffffbd][0x12][0xffffffe3]<[0xb][0xffffff95][0x12][0xffffff85][0xffffffde]+[0xfffffff1]8[0x1][0xffffff9d][0x12]%[0xe]?'[0x2]^[0xffffffa8][0xffffffbd][0x12][0xffffffdf][0xffffff9e][0xffffffec][0xffffff91][0x12][0x11]E&%[0x14][0xffffff90]LJD,[0xfffffff3]Sb[0xffffff87]3;%vD[0xffffff9d]RB[0xffffffc8][0xffffff93]M[0x9][0xffffffe9]R6%[0xffffff84]Z[0xffffffb9][0xffffff94][0x8][0xffffffa6][0xffffffa5]R"[0xffffff88][0xfffffff7]BJT[0xfffffff5]Vb.j[0xffffffaf][0xffffffc4][0xffffffdb]y[0xffffffe0][0xffffff94][0xffffffa8][0x6]o%jL[0xffffffe7]D[0xffffffc0]+[0xfffffff6]V[0xffffffa2]:[0xffffffbd][0xffffff95][0xffffff88](2)[0xffffffa1][0xffffff80]dR"b[0xffffff99][0xffffff9f][0x12];[0xffffff9c][0xffffffd9])[0xffffffb1]#[0xffffffea][0xffffff94][0x12]B[0xffffff9e]lJH[0xffffff97][0xffffffb2])![0xffffffd4][0xffffffca][0xffffffa5]D0-[0xffffff95][0x12]A[0xffffffbc][0xffffff97]R".[0xffffffce]fS[0x2]^[0xffffff9c][0xfffffffd]8[0x1][0xffffff9f][0x12][0xffffffe0][0xffffffe2][0xffffffec][0xffffffc7][0xffffffd3][0xffffffa9][0xffffff94][0xfffffff0]Y[0xffffff9c]-P[0xffffffa4]R[0xffffffc2]dq[0xffffffb6][0xffffffc0][0xffffff92]H[0x9]tqv@[0xffffffd4]+%[0xffffffbc][0x16]gk[0xffffff97][0xffffffd2])[0xffffffe1][0xffffffb3]8;[0xffffff9a][0xffffff96]K[0xffffff89][0xffffff9f]^[0xffffff9c][0xffffffdd][0xffffffd4][0xffffff8a][0xffffffaa]y[0xffffffdc][0xffffffa8]k[0xffffff97][\r]_Q[0xffffffd5][0xc]VT5[0xffffffb1]G%[0x11]plEU[0xb][0xffffff9b]R[0xffffffc8][0xffffff94]0YQ%[0xffffff81]dR[0xffffffc2]`EU[0xffffff80]3;%[0xffffff8c]WT)y[0xffffffb2])[0xffffffe1][0xffffffb7][0xffffffa2]J[0xffffffa9][0xffffff95]K[0x9][0xffffff97][0x15]UQ[0xffffffbc][0x17]RB[0xffffffad][0xffffffa8][0xffffff9a][0xffffffed][0xffffffc4][0xffffffde]J[0xffffffe0]+[0xffffffaa][0xffffff9a][0xffffffc1][0xffffff8a][0xffffffaa]&[0xfffffff6][0xffffffa8]$[0x2][0xffffff8e][0xffffffad][0xffffffa8]jaS[\n]"
16:35:02.227 [Test worker] DEBUG org.apache.hc.client5.http.wire - http-outgoing-2 << "[0xffffff99][0x12]&+[0xffffffaa]$[0xffffff90]LJ[0x18][0xffffffac][0xffffffa8][\n]"
16:35:02.227 [Test worker] DEBUG org.apache.hc.client5.http.wire - http-outgoing-2 << "pf[0xffffffa7][0xffffff84][0xfffffff1][0xffffff8a]*%O6%[0xfffffffc]VT)[0xffffffb5]r)[0xffffffe1][0xffffffb2][0xffffffa2]*[0xffffff8a][0xfffffff7]BJ[0xfffffff4]_JL[0xffffff89]Q[0xf]*%[0xffffffee][0xffffffe7][0xffffff81]S[0xffffffe2][0xffffffed][0x4]tJ|;[0x3][0xffffff93][0x12]oOgR[0xffffffe2][0xffffffe3][0xffffffc9][0x1e])[0x11]QdRB[0x1][0xffffffc9][0xffffffa4]D[0xffffffc4]2?%v8[0xffffffb3]SbG[0xffffffd4])%[0xffffff84]<[0xffffffd9][0xffffff94][0xffffff90].eSB[0xffffffa8][0xffffff95]K[0xffffff89]`Z*%[0xffffff82]x/[0xffffffa4][0xffffffc4][0x10]o%[0xffffffd6][0xffffff81]-[0xffffffce]~;[0xf][0xffffff9c][0x12][0xffffffc3][0xffffffe0][0xffffffad][0xffffffc4][0xffffff88][0xffffffe9][0xffffff9c][0x8][0xfffffff8][0xffffffc0][0xffffffde]J[0xc][0xffffffa7][0xffffffb7][0x12][0x11]E&%[0x14][0xffffff90]LJD,[0xfffffff3]Sb[0xffffff87]3;%vD[0xffffff9d]RB[0xffffffc8][0xffffff93]M[0x9][0xffffffe9]R6%[0xffffff84]Z[0xffffffb9][0xffffff94][0x8][0xffffffa6][0xffffffa5]R"[0xffffff88][0xfffffff7]BJ[0xffffffa8]m[0xffffff97][0xffffffab]r[0xffffffc3][0xffffffa0][0xfffffff8][0xffffffb6][0xffffffcb]f[0xffffffb0][0xffffffed][0xffffffb2][0xffffff89][0xffffff95]l[0xffffff89][0xffffff80]c[0xffffffdb].[X[0xffffffba]F[0xffffffa6][0xffffff84][0xffffffc9][0xffffffb6]K[0x9]$[0xffffff93][0x12][0x6][0xffffffdb].[0x3][0xffffff9c][0xffffffd9])a[0xffffffbc][0xffffffed]R[0xffffffc9][0xffffff93]M[0x9][0xffffffbf]m[0xffffff97]J[0xffffffad]\J[0xffffffb8]l[0xffffffbb][0xffffff8c][0xffffffe2][0xffffffbd][0xffffff90][0x12]"
16:35:02.230 [Test worker] DEBUG org.apache.hc.client5.http.wire - http-outgoing-2 << "j[0xffffffdb][0xffffffe5]j[\r][0xffffffbb]v[0xffffff89]o[0xffffffbb]l[0x6][0xffffffdb].[0xffffff9b]X[0xffffffc9][0xffffff96][0x8]8[0xffffffb6][0xffffffed][0xffffffb2][0xffffff85][0xffffffa5]kdJ[0xffffff98]l[0xffffffbb][0xffffff94]@2)a[0xffffffb0][0xffffffed]2[0xffffffc0][0xffffff99][0xffffff9d][0x12][0xffffffc6][0xffffffdb].[0xffffff95]<[0xffffffd9][0xffffff94][0xfffffff0][0xffffffdb]v[0xffffffa9][0xffffffd4][0xffffffca][0xffffffa5][0xffffff84][0xffffffcb][0xffffffb6][0xffffffcb]([0xffffffde][0xffffffd7]S[0xffffffa2][0xffffffdf]bJ[0xffffffb4][0xffffffdb][0xffffffad]R[0xffffffdb].[0xffffffdf][0xffffffce][0xffffffc3][0xffffffa6][0xffffffc4][0xffffffe3][0x4]pJ|?[0x3][0xffffff92][0x12][0xffffff8f][0xffffffa7]#)[0xfffffff1][0xffffffed][0xffffffc9][0x16])!PDRB[0x2][0xffffff89][0xffffffa4][0xffffff84][0xffffffc0]2=%[0x2][0xffffff9c][0xffffffc9])[0x11][0x10]5J[0x9]%O4%[0xffffffb4]K[0xffffffd1][0xffffff94]Pj[0xffffffc5]R"[0xffffff9a][0x16]J[0xffffff89]([0xffffffde][0xb])![0x16]g[0xffffffb7][[0xffffff9b]7*%[0xfffffff0][0xffffffc5][0xffffffd9][0xffffffdd]`qv[0x17][0xffffffdb]][0x13][0x1][0xffffffc7][0x16]g[0xfffffff7][0xffffffb0][0xffffffbf][0xffffff95]L[0x9][0xffffff93][0xffffffc5][0xffffffd9][0x12]H&%[0xc][0x16]g[0x7]8[0xffffffb3]S[0xffffffc2]xq[0xffffffb6][0xffffff92]'[0xffffff9b][0x12]~[0xffffff8b][0xffffffb3][0xffffff95]Z[0xffffffb9][0xffffff94]pY[0xffffff9c][0x1d][0xffffffc5]{)%[0xffffffc2][0xffffff8a]*8%[0xffffffe0][0x15]U[0xffffff8f][0x13][0xfffffff0])[0x1][0xffffffae][0xffffffa8]z<[0xffffff9d]J[0x9][0xffffff9f][0x15]U[0x2]E*%LVT[0x9],[0xffffff89][0xffffff94]@WT[0x5]D[0xffffffbd]R[0xffffffc2]kE[0xffffff95]v)[0xffffff9d][0x12]>+[0xffffffaa][0xffffffa2]i[0xffffffb9][0xffffff94][0xfffffff8][0xffffffe9][0x15]U[0xfffffff7][0x7f][0xffffffa3][0xffffff9b][0xffffffa5]D[0xffffffc7]S[0xffffffa2][0x1b][0xffffffa4]DGS[0xffffffa2]c)[0xffffffd1][0xffffff9d]RbG[0xffffff91]J[0xffffff89][0x8]$[0xffffff95][0x12];[0xffffff96]DJt8%[0xffffffba]qJ[0x4]y[0xffffffd2])!\J[0xffffffa7]DP+[0xffffff99][0x12][0xffffffdd]%%[0xfffffffa][0xffffffdf]!%[0xffffff8e]i[0xffffffd6][0x12][0xffffffc7][0xffffffc4]c[0xffffffe2]~[0x4][0xffffffbe]&>[0xe]A[0xffffffe5][0xffffffc4][0xfffffffd][0xfffffff1]TO[0xffffffbc]?[0xffffffda]%([0x2][0xffffff8f]TQ[0x8]*[0xffffffa9][0xffffffa4][0x8]l[0x12]M[0xffffffb1][0x11][0xffffff9a][0x1f][0x15][0x1b][0xffffffa7]^U[0x11]5Jg[0xffffff85][0xffffffb2]*[0xffffffdd][0x15]Q[0xffffffb2]dX[0xffffffec][0xffffffce][0xffffffe5][0xffffffca]bW[0xfffffff0][0xffffffa5][0xffffffb4]([0xffffffcb],-[0xffffffca][0xffffffc2][0xffffffd3][0xffffffe2]~[0x4]>->[0xe]A[0xffffffa5][0xffffffc5][0xfffffffd][0xfffffff1]TZ[0xffffffbc]?[0xffffffda]%-[0x2][0xffffff8f]TZ[0x8]*[0xffffffa9][0xffffffb4][0x8]l[0x12]i[0xffffffb1][0x11][0xffffff9a][0xffffff9f][0x16][0x1b][0xffffffa7]^i[0x11]5J[0xffffffa7][0xffffff85][0xffffffb2]*[0xffffff9d][0x16]Q[0xffffffb2]dZ[0xffffffec][0xffffffce][0xffffffe5][0xffffffd2]bW[0xfffffff0][0xffffffa5][0xffffffb4][0xffffffa8]niQ[0xfffffff9][0xffffffb4][0xffffffa8][0xe]iQ[0xffffffd9][0xffffffb4][0xffffffa8]\ZT[0xffffffab][0xffffffb4][0x8]<Ri![0xffffffa8][0xffffffa4][0xffffffd2]"[0xffffffb0]I[0xffffffa4]E[0xffffffa5][0xffffffd3][0xffffffa2]:[0xffffffa7]E[0xffffffd4]([0xffffff9d][0x16][0xffffffca][0xffffffaa]tZD[0xffffffc9][0xffffff92]i[0xffffffb1];[0xffffff97]K[0xffffff8b]][0xffffffc1][0xffffff97][0xffffffd2][0xffffffe2][0xffffffb1]s[0xffffffc2])-[0xffffffda][0xffffffc0][0xffffffd3][0xffffffe2]~[0x4]>->[0xe]A[0xffffffa5][0xffffffc5][0xfffffffd][0xfffffff1]TZ[0xffffffbc]?[0xffffffda]%-[0x2][0xffffff8f]TZ[0x8]*[0xffffffa9][0xffffffb4][0x8]l[0x12]i[0xffffffb1][0x11][0xffffff9a][0xffffff9f][0x16][0x1b][0xffffffa7]^i[0x11]5J[0xffffffa7][0xffffff85][0xffffffb2]*[0xffffff9d][0x16]Q[0xffffffb2]dZ[0xffffffec][0xffffffce][0xffffffe5][0xffffffd2]bW[0xfffffff0][0xffffffa5][0xffffffb4][0xffffffe8]no-:[0xffffffff][0xffffffd6][0xffffffa2];[0xffffffbc][0xffffffb5][0xffffffe8][0xffffffec][[0xffffff8b][0xffffffce][0xffffffbd][0xffffffb5][0xffffffe8]Vo-[0x2][0xffffff8f]TZ[0x8]*[0xffffffa9][0xffffffb4][0x8]l[0x12]i[0xffffffd1][0xffffffe9][0xffffffb7][0x16][0xffffffdd][0xfffffff9][0xffffffad]E[0xffffffd4]([0xffffff9d][0x16][0xffffffca][0xffffffaa]tZD[0xffffffc9][0xffffff92]i[0xffffffb1];[0xffffff97]K[0xffffff8b]][0xffffffc1][0xffffff97][0xffffffd2]b[0xffffff9d]fi[0xffffffb1]N<-[0xffffffee]G[0xffffffe0][0xffffffd3][0xffffffe2][0xffffffe3][0x10]TZ[0xffffffdc][0x1f]O[0xffffffa5][0xffffffc5][0xfffffffb][0xffffffa3]][0xffffffd2]"[0xfffffff0]H[0xffffffa5][0xffffff85][0xffffffa0][0xffffff92]J[0xffffff8b][0xffffffc0]&[0xffffff91][0x16][0x1b][0xffffffa1][0xfffffff9]i[0xffffffb1]q[0xffffffea][0xffffff95][0x16]Q[0xffffffa3]tZ([0xffffffab][0xffffffd2]i[0x11]%K[0xffffffa6][0xffffffc5][0xffffffee]\.-v[0x5][0xffffffbf][0xffffff92][0x16][0xfffffff5][0xfffffffd][0x1f])b[0x5][0xffffffd6]q[0xffffffac][0xfffffffc][0xffffff8f][0xffffff98][0x7f][0xffffff9e][0xffffff87][\n]"
16:35:02.231 [Test worker] DEBUG org.apache.hc.client5.http.wire - http-outgoing-2 << "[0xffffff8b]/'[0xffffffc0][0xffffffba]b;CrV|yzrU[0xfffffffc][0xfffffffa][0xffffffc9]pT<E1[0xffffffb9])~[0x0]drR<[0xffffffc5]2[0xffffffb1]([0xffffff9e][0xffffffc0][0xffffff99][0x16][0x14]O[0x10][0xffffffb5][0xffffffe8][0xffffff89][0xffffffe7][0xfffffff2][0xffffff84]r[0xffffffe2]G.[0xffffff85]j[0xffffffe2][0xffffffb9]Z[0xffffff81][0xffffff98]xf[0xffffffda][0xfffffff4][0xffffff96]x&[0xffffffde]K)[0xffffffd1][0xffffffcc]R[0xffffffa2][0xffffffe1])[0xffffffd1][0xc]R[0xffffffa2][0xffffffa1])[0xffffffd1][0xffffffb0][0xffffff94]hN)[0xffffffb1][0xffffffa3]H[0xffffffa5]D[0x4][0xffffff92]J[0xffffff89][0x1d]K"%[0x1a][0xffffff9c][0x12][0xffffffcd]8%[0xffffff82]<[0xffffffe9][0xffffff94][0x10].[0xffffffa5]S"[0xffffffa8][0xffffff95]L[0xffffff89][0xffffffe6][0xffffff92][0x12][0xffffffed][0xffffffa7]S[0xffffffa2][0xffffffaa][0xffffffb7][0x12]u[0x16]*%*[0xfffffffe]V[0xffffffa2][0x1a][0xffffffbc][0xffffff95][0xffffffa8]1[0xffffff9d][0x13][0x1][0xffffffaf][0xffffffd8][[0xffffff89][0xffffffea][0xfffffff4]V"[0xffffffa2][0xffffffc8][0xffffffa4][0xffffff84][0x2][0xffffff92]I[0xffffff89][0xffffff88]e~J[0xffffffec]pf[0xffffffa7][0xffffffc4][0xffffff8e][0xffffffa8]SJ[0x8]y[0xffffffb2])!][0xffffffca][0xffffffa6][0xffffff84]P+[0xffffff97][0x12][0xffffffc1][0xffffffb4]TJ[0x4][0xfffffff1]^H[0xffffff89]&R[0xffffffa2][0xffffffdc]J[0xffffffa7]R[0xffffffa2][0xffffffe1])[0xffffffd1][0xc]R[0xffffffa2]E[0xffffffde][0x13][0x1]oXJ4[0xffffffa7][0xffffff94][0xffffff88](2)[0xffffffa1][0xffffff80]dR"b[0xffffff99][0xffffff9f][0x12];[0xffffff9c][0xffffffd9])[0xffffffb1]#[0xffffffea][0xffffff94][0x12]B[0xffffff9e]lJH[0xffffff97][0xffffffb2])![0xffffffd4][0xffffffca][0xffffffa5]D0-[0xffffff95][0x12]A[0xffffffbc][0x17]Rb[0xffffffaa][0xffffff94]X[0xfffffffd][0xffffffa0]Rb[0xffffffe2])1[\r]RbF[0xffffffde][0x13][0x1][0xffffff9f]XJL[0xffffffa7][0xffffff94][0xffffff88](2)[0xffffffa1][0xffffff80]dR"b[0xffffff99][0xffffff9f][0x12];[0xffffff9c][0xffffffd9])[0xffffffb1]#[0xffffffea][0xffffff94][0x12]B[0xffffff9e]lJH[0xffffff97][0xffffffb2])![0xffffffd4][0xffffffca][0xffffffa5]D0-[0xffffff95][0x12]A[0xffffffbc][0x17]Rb[0xffffff89][0xffffff94][0xffffffa8][0xffffffa5]-*%[0x16][0xffffff9e][0x12][0xffffffcb] %V[0xffffffe4]=[0x11][0xfffffff0][0xffffff85][0xffffffa5][0xffffffc4]rJ[0xffffff89][0xffffff88]"[0xffffff93][0x12][\n]"
16:35:02.231 [Test worker] DEBUG org.apache.hc.client5.http.wire - http-outgoing-2 << "H&%"[0xffffff96][0xfffffff9])[0xffffffb1][0xffffffc3][0xffffff99][0xffffff9d][0x12];[0xffffffa2]N)![0xffffffe4][0xffffffc9][0xffffffa6][0xffffff84]t)[0xffffff9b][0x12]B[0xffffffad]\J[0x4][0xffffffd3]R)[0x11][0xffffffc4]{)%[0xffffff8a]YJ[0x14]<%[0xffffff8a]AJ[0x14]4%[\n]"
16:35:02.232 [Test worker] DEBUG org.apache.hc.client5.http.wire - http-outgoing-2 << "[0xffffff96][0x12][0xffffffc5])%v[0x14][0xffffffa9][0xffffff94][0xffffff88]@R)[0xffffffb1]cI[0xffffffa4]D[0xffffff81]S[0xffffffa2][0x18][0xffffffa7]D[0xffffff90]'[0xffffff9d][0x12][0xffffffc2][0xffffffa5]tJ[0x4][0xffffffb5][0xffffff92])Q\R[0xffffffa2][0xfffffffc]lJ[0xffffff8c][0xffffff9b]z+[0xffffffd1][0xffffffb1]k[0xffffff97]o[0xffffffe7]aS[0xffffffe2]q[0x2]8%[0xffffffbe][0xffffff9f][0x1]I[0xffffff89][0xffffffc7][0xffffffd3][0xffffff91][0xffffff94][0xfffffff8][0xfffffff6]d[0xffffff8b][0xffffff94][0x10](")![0xffffff81]DRB`[0xffffff99][0xffffff9e][0x12][0x1][0xffffffce][0xffffffe4][0xffffff94][0x8][0xffffff88][0x1a][0xffffffa5][0xffffff84][0xffffff92]'[0xffffff9a][0x12][0xffffffda][0xffffffa5]hJ([0xffffffb5]b)[0x11]M[0xb][0xffffffa5]D[0x14][0xffffffef][0xffffff85][0xffffff94]8TJ[0xffffffcc]qR)q[0xffffffe0])q[0x18][0xffffffa4][0xffffffc4][0x11]yO[0x4][0xfffffffc][0xffffffc0]R[0xffffffe2]pJ[0xffffff89][0xffffff88]"[0xffffff93][0x12][\n]"
16:35:02.232 [Test worker] DEBUG org.apache.hc.client5.http.wire - http-outgoing-2 << "H&%"[0xffffff96][0xfffffff9])[0xffffffb1][0xffffffc3][0xffffff99][0xffffff9d][0x12];[0xffffffa2]N)![0xffffffe4][0xffffffc9][0xffffffa6][0xffffff84]t)[0xffffff9b][0x12]B[0xffffffad]\J[0x4][0xffffffd3]R)[0x11][0xffffffc4]{!%[0xffffffd4][0xffffff8a][0xffffffaa][0xffffffb3][0xffffffde][0xffffffa8][0x1f]8[0x6][0xffffffbe][0xffffffa2]j[0x18][0xffffffac][0xffffffa8][0x1a]b[0xffffff8f]J"[0xffffffe0][0xffffffd8][0xffffff8a][0xffffffaa][0x11]6[0xffffffa5][0xffffff90])a[0xffffffb2][0xffffffa2]J[0x2][0xffffffc9][0xffffffa4][0xffffff84][0xffffffc1][0xffffff8a]"
16:35:02.235 [Test worker] DEBUG org.apache.hc.client5.http.wire - http-outgoing-2 << "[0xffffffaa][0x0]gvJ[0x18][0xffffffaf][0xffffffa8]R[0xfffffff2]dS[0xffffffc2]oE[0xffffff95]R+[0xffffff97][0x12].+[0xffffffaa][0xffffffa2]x/[0xffffffa5]D[0xffffffbc]+[0xffffffc1][0xffffffa6][0x4]|W[0xffffffe2]q[0x2]>%[0xffffffc0][0xffffffbb][0x12][0xffffff8f][0xffffffa7]S)[0xffffffe1]sWB[0xffffffa0]H[0xffffffa5][0xffffff84][0xffffffc9]][0x9][0xffffff81]%[0xffffff91][0x12][0xffffffe8]][0xffffff89][0xffffff80][0xffffffa8]WJx[0xffffffdd][0xffffff95][0xffffffd0].[0xffffffa5]S[0xffffffc2][0xffffffe7][0xffffffae]D4-[0xffffff97][0x12]?[0x7f]W[0xffffffa2][0xffffffaa][0xffffffb7][0x12][0xffffffe7]hTJT[0xfffffffc][0xffffffad]D5x+Qc:'[0x2]^[0xffffffb1][0xffffffb7][0x12][0xffffffd5][0xffffffe9][0xffffffad]DD[0xffffff91]I[0x9][0x5]$[0xffffff93][0x12][0x11][0xffffffcb][0xfffffffc][0xffffff94][0xffffffd8][0xffffffe1][0xffffffcc]N[0xffffff89][0x1d]Q[0xffffffa7][0xffffff94][0x10][0xfffffff2]dSB[0xffffffba][0xffffff94]M[0x9][0xffffffa1]V.%[0xffffff82]i[0xffffffa9][0xffffff94][0x8][0xffffffe2][0xffffffbd][0xffffff90][0x12][0xffffffa7]J[0xffffff89]9O*%N<%N[0xffffff83][0xffffff94]8#[0xffffffef][0xffffff89][0xffffff80][0xffffff9f]XJ[0xffffff9c]N)[0x11]QdRB[0x1][0xffffffc9][0xffffffa4]D[0xffffffc4]2?%v8[0xffffffb3]SbG[0xffffffd4])%[0xffffff84]<[0xffffffd9][0xffffff94][0xffffff90].eSB[0xffffffa8][0xffffff95]K[0xffffff89]`Z*%[0xffffff82]x/[0xffffffa4][0xffffff84][0xffffffda]v[0xffffffd9]n%[0xffffffff]C[0xffffffa1][0xffffff9f][0xffffffe7][0xffffff81]S[0xffffffc2]`[0xffffffdb][0xffffffe5][0x10]+[0xffffffd9][0x12][0x1][0xffffffc7][0xffffffb6]][0xffffff8e][0xffffffb0]t[0xffffff8d]L[0x9][0xffffff93]m[0xffffff97][0x12]H&%[0xc][0xffffffb6]][0x6]8[0xffffffb3]S[0xffffffc2]x[0xffffffdb][0xffffffa5][0xffffff92]'[0xffffff9b][0x12]~[0xffffffdb].[0xffffff95]Z[0xffffffb9][0xffffff94]p[0xffffffd9]v[0x19][0xffffffc5]{!%[0xffffffba]J[0xffffff89][0xfffffff3][0xffffffa0][0x16]g[0xffffffbf][0xffffff9d][0x7]N[0xffffff89]n[0xffffff90][0x12]=[0xfffffff2][0xffffff9e][0x8]x[0xffffffc7]R[0xffffffa2];[0xffffffa5]DD[0xffffff91]I[0x9][0x5]$[0xffffff93][0x12][0x11][0xffffffcb][0xfffffffc][0xffffff94][0xffffffd8][0xffffffe1][0xffffffcc]N[0xffffff89][0x1d]Q[0xffffffa7][0xffffff94][0x10][0xfffffff2]dSB[0xffffffba][0xffffff94]M[0x9][0xffffffa1]V.%[0xffffff82]i[0xffffffa9][0xffffff94][0x8][0xffffffe2][0xffffffbd][0xffffff90][0x12]C[0xffffffa5]D[0xffffffc3]VT[0xffffffbd][0xffffff9d][0x7]N[0xffffff89]a[0xffffff90][0x12]#[0xfffffff2][0xffffff9e][0x8][0xfffffff8][0xffffffc0]Rb8[0xffffffa5]DD[0xffffff91]I[0x9][0x5]$[0xffffff93][0x12][0x11][0xffffffcb][0xfffffffc][0xffffff94][0xffffffd8][0xffffffe1][0xffffffcc]N[0xffffff89][0x1d]Q[0xffffffa7][0xffffff94][0x10][0xfffffff2]dSB[0xffffffba][0xffffff94]M[0x9][0xffffffa1]V.%[0xffffff82]i[0xffffffa9][0xffffff94][0x8][0xffffffe2][0xffffffbd][0xffffff90][0x12][0xffffffea][0x1b][0x1c]mN[0xffffffea][0x1b][0x1c][0x3][0xffffffff][0x6][0xffffffc7]0[0xfffffff8][0x6][0xffffffc7][0x10][0xffffff8b][0xffffffe2][0x13][0x1][0xffffffc7][0xffffffbe][0xffffffc1]1[0xffffffc2]*x2%L[0xffffffbe][0xffffffc1]![0xffffff81]dR[0xffffffc2][0xffffffe0][0x1b][0x1c][0x1][0xffffffce][0xffffffec][0xffffff94]0[0xfffffffe][0x6][0xffffff87][0xffffff92]'[0xffffff9b][0x12]~[0xffffffdf][0xffffffe0]Pj[0xffffffe5]R[0xffffffc2][0xffffffe5][0x1b][0x1c]Q[0xffffffbc][0x17]RB}[0xffffff83][0xffffffa3][0xffffffad][0xffffff8a]m[0xffffffbb][0xffffffc4][0xffffffbf][0xffffffc1]1[0xc][0xffffffbe][0xffffffc1]1[0xffffffc4][0xffffffa2][0xfffffff8]D[0xffffffc0][0xffffffb1]op[0xffffff8c][0xffffffb0][\n]"
16:35:02.236 [Test worker] DEBUG org.apache.hc.client5.http.wire - http-outgoing-2 << "[0xffffff9e]L[0x9][0xffffff93]opH [0xffffff99][0xffffff94]0[0xfffffff8][0x6]G[0xffffff80]3;%[0xffffff8c][0xffffffbf][0xffffffc1][0xffffffa1][0xffffffe4][0xffffffc9][0xffffffa6][0xffffff84][0xffffffdf]78[0xffffff94]Z[0xffffffb9][0xffffff94]p[0xfffffff9][0x6]G[0x14][0xffffffef][0xffffffeb])1[0xffffffd5][0xffffffe2][0xffffffec][0xffffffb6]:uWb[0xffffffe2][0xffffff8b][0xffffffb3][0xffffffa7][0xffffffc1][0xffffffe2][0xffffffec])[0xffffffb6][0xffffffbb][0xffffffe6][0x1]>[0xffffffb1][0xffffffc5][0xffffffd9]3[0xffffffec]o[0x5]SB[0xffffffa0][0xffffff88][0xffffffa4][0xffffff84][0x4][0x12]I[0x9][0xffffff81]ezJ[0x4]8[0xffffff93]S" j[0xffffff94][0x12]J[0xffffff9e]hJh[0xffffff97][0xffffffa2])[0xffffffa1][0xffffffd4][0xffffff8a][0xffffffa5]D4-[0xffffff94][0x12]Q[0xffffffbc][0x17]RB-[0xffffffce]nkQ{%&[0xffffffbe]8{[0x1a],[0xffffffce][0xffffff9e]b[0xffffffbb]k"[0xffffffe0][0xffffffd8][0xffffffe2][0xffffffec][0x19][0xfffffff6][0xffffffb7][0xffffff92])a[0xffffffb2]8[[0x2][0xffffffc9][0xffffffa4][0xffffff84][0xffffffc1][0xffffffe2][0xffffffec][0x0]gvJ[0x18]/[0xffffffce]V[0xfffffff2]dS[0xffffffc2]oq[0xffffffb6]R+[0xffffff97][0x12].[0xffffff8b][0xffffffb3][0xffffffa3]x/[0xffffffa4]D[0x15])[0xffffffd1][0xffffff8f]U[0xffffffa9][0xffffff94][0xffffffa8]xJT[0xffffff83][0xffffff94][0xffffffa8][0xffffff91][0xfffffff7]D[0xffffffc0]+[0xffffff96][0x12][0xffffffd5])%"[0xffffff8a]LJ( [0xffffff99][0xffffff94][0xffffff88]X[0xffffffe6][0xffffffa7][0xffffffc4][0xe]gvJ[0xffffffec][0xffffff88]:[0xffffffa5][0xffffff84][0xffffff90]'[0xffffff9b][0x12][0xffffffd2][0xffffffa5]lJ[0x8][0xffffffb5]r)[0x11]LK[0xffffffa5]D[0x10][0xffffffef][0xffffff85][0xffffff94]P+[0xffffffaa]z[0xffffffeb][0xffffff93]J[0x9]|E[0xffffffd5]4XQ5[0xffffffc5][0x1e][0xffffff95]D[0xffffffc0][0xffffffb1][0x15]U3lJ!S[0xffffffc2]dE[0xffffff95][0x4][0xffffff92]I[0x9][0xffffff83][0x15]U[0x1][0xffffffce][0xffffffec][0xffffff94]0^Q[0xffffffa5][0xffffffe4][0xffffffc9][0xffffffa6][0xffffff84][0xffffffdf][0xffffff8a]*[0xffffffa5]V.%\VTE[0xfffffff1]^H[0x9][0xffffffb5][0xffffffa2][0xffffffaa][0xffffff8f][0xffffff82][0xffffffa5][0x4][0xffffffbe][0xffffffa2]j[0x1a][0xffffffac][0xffffffa8][0xffffff9a]b[0xffffff8f]J"[0xffffffe0][0xffffffd8][0xffffff8a][0xffffffaa][0x19]6[0xffffffa5][0xffffff90])a[0xffffffb2][0xffffffa2]J[0x2][0xffffffc9][0xffffffa4][0xffffff84][0xffffffc1][0xffffff8a][0xffffffaa][0x0]gvJ[0x18][0xffffffaf][0xffffffa8]R[0xfffffff2]dS[0xffffffc2]oE[0xffffff95]R+[0xffffff97][0x12].+[0xffffffaa][0xffffffa2]x/[0xffffffa4][0xffffff84]ZQ5[0xffffff8e][0x13][0xfffffffb][0xffffff81][0x3]_Q5[\r]VTM[0xffffffb1]G%[0x11]plE[0xffffffd5][0xc][0xffffff9b]R[0xffffffc8][0xffffff94]0YQ%[0xffffff81]dR[0xffffffc2]`EU[0xffffff80]3;%[0xffffff8c]WT)y[0xffffffb2])[0xffffffe1][0xffffffb7][0xffffffa2]J[0xffffffa9][0xffffff95]K[0x9][0xffffff97][0x15]UQ[0xffffffbc][0x17]RB[0xffffffad][0xffffffa8][0x1a][0xfffffff5][0xffffffc0]R[0x2]_Q5[\r]VTM[0xffffffb1]G%[0x11]plE[0xffffffd5][0xc][0xffffff9b]R[0xffffffc8][0xffffff94]0YQ%[0xffffff81]dR[0xffffffc2]`EU[0xffffff80]3;%[0xffffff8c]WT)y[0xffffffb2])[0xffffffe1][0xffffffb7][0xffffffa2]J[0xffffffa9][0xffffff95]K[0x9][0xffffff97][0x15]UQ[0xffffffbc][0x17]RB[0xffffffad][0xffffffa8][0x1a][0x3][[0xffffff9c]=[0xfffffff1][0x15]U[0xffffffd3]`E[0xffffffd5][0x14]{T[0x12][0x1][0xffffffc7]VT[0xffffffcd][0xffffffb0])[0xffffff85]L[0x9][0xffffff93][0x15]U[0x12]H&%[0xc]VT[0x5]8[0xffffffb3]S[0xffffffc2]xE[0xffffff95][0xffffff92]'[0xffffff9b][0x12]~+[0xffffffaa][0xffffff94]Z[0xffffffb9][0xffffff94]pYQ[0x15][0xffffffc5]{!%[0xffffffd4][0xffffff8a][0xffffffaa][0xffffffb1]nXJ[0xffffffe0]+[0xffffffaa][0xffffffa6][0xffffffc1][0xffffff8a][0xffffffaa])[0xfffffff6][0xffffffa8]$[0x2][0xffffff8e][0xffffffad][0xffffffa8][0xffffff9a]aS[\n]"
16:35:02.237 [Test worker] DEBUG org.apache.hc.client5.http.wire - http-outgoing-2 << "[0xffffff99][0x12]&+[0xffffffaa]$[0xffffff90]LJ[0x18][0xffffffac][0xffffffa8][\n]"
16:35:02.237 [Test worker] DEBUG org.apache.hc.client5.http.wire - http-outgoing-2 << "pf[0xffffffa7][0xffffff84][0xfffffff1][0xffffff8a]*%O6%[0xfffffffc]VT)[0xffffffb5]r)[0xffffffe1][0xffffffb2][0xffffffa2]*[0xffffff8a][0xfffffff7][0xfffffff5][0xffffff94]XjE[0xffffffd5][0xffffffac][0xffffffc7][0x9][0xffffffa5][0xffffffc4][0xffffffc2]WT-[0xffffff83][0x15]UK[0xffffffec]Q[0xffffffc9][0x3]|a+[0xffffffaa]V[0xffffffd8][0xffffff94][0x2][0xffffffa6][0xffffff84]@[0x11]I[0x9][0x9]$[0xffffff92][0x12][0x2][0xffffffcb][0xfffffff4][0xffffff94][0x8]p&[0xffffffa7]D@[0xffffffd4](%[0xffffff94]<[0xffffffd1][0xffffff94][0xffffffd0].ESB[0xffffffa9][0x15]K[0xffffff89]hZ(%[0xffffffa2]x/[0xffffffa4][0xffffff84]ZQ5[0xffffffcf]B[0xffffffdd][0xffffff95]X[0xfffffff8][0xffffff8a][0xffffffaa]e[0xffffffb0][0xffffffa2]j[0xffffff89]=*[0xffffff89][0xffffff80]c+[0xffffffaa]V[0xffffffd8][0xffffff94]B[0xffffffa6][0xffffff84][0xffffffc9][0xffffff8a]*[0x9]$[0xffffff93][0x12][0x6]+[0xffffffaa][0x2][0xffffff9c][0xffffffd9])a[0xffffffbc][0xffffffa2]J[0xffffffc9][0xffffff93]M[0x9][0xffffffbf][0x15]UJ[0xffffffad]\J[0xffffffb8][0xffffffac][0xffffffa8][0xffffff8a][0xffffffe2][0xffffffbd][0xffffff90][0x12]E[0xffffffa5][0xffffffc4]<[0xffffffa9][0x1f]8[0xffffffde][0xffffffce][0x3][0xffffffa7]D1H[0xffffff89][0x12]yO[0x4][0xffffffbc]`)Q[0xffffff9c]R"[0xffffffa2][0xffffffc8][0xffffffa4][0xffffff84][0x2][0xffffff92]I[0xffffff89][0xffffff88]e~J[0xffffffec]pf[0xffffffa7][0xffffffc4][0xffffff8e][0xffffffa8]SJ[0x8]y[0xffffffb2])!][0xffffffca][0xffffffa6][0xffffff84]P+[0xffffff97][0x12][0xffffffc1][0xffffffb4]TJ[0x4][0xfffffff1]^H[0xffffff89]*Sbb"
16:35:02.241 [Test worker] DEBUG org.apache.hc.client5.http.wire - http-outgoing-2 << ")Q[0xfffffff1][0xffffff94][0xffffffa8][0x6])Q#[0xffffffef][0xffffff89][0xffffff80]W,%[0xffffffaa]SJD[0x14][0xffffff99][0xffffff94]P@2)[0x11][0xffffffb1][0xffffffcc]O[0xffffff89][0x1d][0xffffffce][0xffffffec][0xffffff94][0xffffffd8][0x11]uJ[0x9]!O6%[0xffffffa4]K[0xffffffd9][0xffffff94][0x10]j[0xffffffe5]R"[0xffffff98][0xffffff96]J[0xffffff89] [0xffffffde][0xb])[0xffffffa1][0xffffffb6]][0xffffffce]U[\n]"
16:35:02.241 [Test worker] DEBUG org.apache.hc.client5.http.wire - http-outgoing-2 << "[0xffffff95][0x12][0xfffffff8][0xffffffb6][0xffffffcb]e[0xffffffb0][0xffffffed]r[0xffffff89][0xffffff95]l[0xffffff89][0xffffff80]c[0xffffffdb].WX[0xffffffba]F[0xffffffa6][0xffffff84][0xffffffc9][0xffffffb6]K[0x9]$[0xffffff93][0x12][0x6][0xffffffdb].[0x3][0xffffff9c][0xffffffd9])a[0xffffffbc][0xffffffed]R[0xffffffc9][0xffffff93]M[0x9][0xffffffbf]m[0xffffff97]J[0xffffffad]\J[0xffffffb8]l[0xffffffbb][0xffffff8c][0xffffffe2][0xffffffbd][0xffffff90][0x12]j[0xffffffdb][0xffffffe5]\[0xffffffed][0xffffffa0]R[0x2][0xffffffdf]v[0xffffffb9][0xc][0xffffffb6]].[0xffffffb1][0xffffff92]-[0x11]pl[0xffffffdb][0xffffffe5][\n]"
16:35:02.242 [Test worker] DEBUG org.apache.hc.client5.http.wire - http-outgoing-2 << "K[0xffffffd7][0xffffffc8][0xffffff94]0[0xffffffd9]v)[0xffffff81]dR[0xffffffc2]`[0xffffffdb]e[0xffffff80]3;%[0xffffff8c][0xffffffb7]]*y[0xffffffb2])[0xffffffe1][0xffffffb7][0xffffffed]R[0xffffffa9][0xffffff95]K[0x9][0xffffff97]m[0xffffff97]Q[0xffffffbc][0x17]RBm[0xffffffbb]\[0xffffffb7][0xffffffdb][0xffffffa0]R[0x2][0xffffffdf]v[0xffffffb9][0xc][0xffffffb6]].[0xffffffb1][0xffffff92]-[0x11]pl[0xffffffdb][0xffffffe5][\n]"
16:35:02.242 [Test worker] DEBUG org.apache.hc.client5.http.wire - http-outgoing-2 << "K[0xffffffd7][0xffffffc8][0xffffff94]0[0xffffffd9]v)[0xffffff81]dR[0xffffffc2]`[0xffffffdb]e[0xffffff80]3;%[0xffffff8c][0xffffffb7]]*y[0xffffffb2])[0xffffffe1][0xffffffb7][0xffffffed]R[0xffffffa9][0xffffff95]K[0x9][0xffffff97]m[0xffffff97]Q[0xffffffbc][0x17]RBm[0xffffffbb]\G[0xffffffa3][0xffffffbe][0xffffffc1][0xffffffb1][0xfffffff0]m[0xffffff97][0xffffffcb]`[0xffffffdb][0xffffffe5][0x12]+[0xffffffd9][0x12][0x1][0xffffffc7][0xffffffb6]][0xffffffae][0xffffffb0]t[0xffffff8d]L[0x9][0xffffff93]m[0xffffff97][0x12]H&%[0xc][0xffffffb6]][0x6]8[0xffffffb3]S[0xffffffc2]x[0xffffffdb][0xffffffa5][0xffffff92]'[0xffffff9b][0x12]~[0xffffffdb].[0xffffff95]Z[0xffffffb9][0xffffff94]p[0xffffffd9]v[0x19][0xffffffc5]{)%[0xffffff8a]YJ[0x14]<%[0xffffff8a]AJ[0x14]4%[\n]"
16:35:02.242 [Test worker] DEBUG org.apache.hc.client5.http.wire - http-outgoing-2 << "[0xffffff96][0x12][0xffffffc5])%v[0x14][0xffffffa9][0xffffff94][0xffffff88]@R)[0xffffffb1]cI[0xffffffa4]D[0xffffff81]S[0xffffffa2][0x18][0xffffffa7]D[0xffffff90]'[0xffffff9d][0x12][0xffffffc2][0xffffffa5]tJ[0x4][0xffffffb5][0xffffff92])Q\R[0xffffffa2][0xfffffffc]tJ[0xffffffa8][0xffffffc5][0xffffffd9][0xffffffab]Wl[0xffffffaf][0x4][0xffffffbe]8{[0x19],[0xffffffce]^b[0xffffffbb]k"[0xffffffe0][0xffffffd8][0xffffffe2][0xffffffec][0x15][0xfffffff6][0xffffffb7][0xffffff92])a[0xffffffb2]8[[0x2][0xffffffc9][0xffffffa4][0xffffff84][0xffffffc1][0xffffffe2][0xffffffec][0x0]gvJ[0x18]/[0xffffffce]V[0xfffffff2]dS[0xffffffc2]oq[0xffffffb6]R+[0xffffff97][0x12].[0xffffff8b][0xffffffb3][0xffffffa3]x/[0xffffffa4][0xffffff84]Z[0xffffff9c][0xffffffbd][0xffffffe6][0xffffff81][0xffffffdd][0xffffff95][0xffffffc0][0x17]g/[0xffffff83][0xffffffc5][0xffffffd9]KlwM[0x4][0x1c][[0xffffff9c][0xffffffbd][0xffffffc2][0xfffffffe]V2%L[0x16]gK [0xffffff99][0xffffff94]0X[0xffffff9c][0x1d][0xffffffe0][0xffffffcc]N[0x9][0xffffffe3][0xffffffc5][0xffffffd9]J[0xffffff9e]lJ[0xfffffff8]-[0xffffffce]Vj[0xffffffe5]R[0xffffffc2]eqv[0x14][0xffffffef][0xffffffcb])Qo[0xffffffb7][0xfffffff8][0x3]G[0xffffffbf][0xffffffdd][0xffffffa8]m[0xffffff97][0xffffff8f][0xfffffff3][0xffffffa0])[0xfffffff1]~[0x2]6%>[0xffffffcf]@[0xffffffa4][0xffffffc4][0xfffffffb][0xffffffd3][0xffffff89][0xffffff94][0xfffffff8][0xfffffffe]d[0xffffff87][0xffffff94]P([0x12])[0xffffffa1][0xffffff81]$RBa[0xffffff99][0xffffff9d][0x12][0x11][0xffffffce][0xffffffdc][0xffffff94][0xffffff88][0xffffff88][0xfffffffa][0xffffffa4][0xffffff84][0xffffff94]'[0xffffff99][0x12]O\J[0xffffffa6][0xffffff84]T+[0xffffff95][0x12][0xffffffc2][0xffffffb4]LJ[0x8][0xfffffff1]^J[0xffffff89]j[0xffffff96][0x12][0x15]O[0xffffff89]j[0xffffff90][0x12][0x15]M[0xffffff89][0xffffff8a][0xffffffa5]DuJ[0xffffff89][0x1d]E*%"[0xffffff90]TJ[0xffffffec]X[0x12])Q[0xffffffe1][0xffffff94][0xffffffa8][0xffffffc6])[0x11][0xffffffe4]I[0xffffffa7][0xffffff84]p)[0xffffff9d][0x12]A[0xffffffad]dJT[0xffffff97][0xffffff94][0xffffffa8]?[0xffffff9d][0x12][0xffffffe2][0x1b][0x1c][0xfffffffd]vR[0xffffff9f][0xfffffff3]z[0xffffff9c][0x7]N[0x9][0xfffffffe][0x1b][0x1c][0xffffff9f]g`R[0xffffff82][0xfffffffa][0x6][0xffffffc7][0xfffffff7]'{[0xffffffa4][0xffffff84][0xffffffc7]784[0xffffff90]LJ[0xfffffff0][0xffffffdf][0xffffffe0][0xffffff88]pf[0xffffffa7][0xffffff84][0xffffffef]78[0xffffffa4]<[0xffffffd9][0xffffff94][0xffffffb0][0xfffffffb][0x6][0xffffff87]T+[0xffffff97][0x12]&[0xffffffdf][0xffffffe0][0x10][0xffffffe2][0xffffffbd][0xffffff94][0x12][0xffffffe2][0x7][0xe]4%[0xffffffe8][0x1f]8[0xe][0xffffff83][0x1f]8[0xffffff8e][0xfffffff8][0x16].[0x15]p[0xffffffea][0x7][0xffffff8e][0xffffffc3][0xffffffe9][0x7][0xffffff8e][0xffffff88]"[0xffffff95][0x12].?pD,[0xffffff89][0xffffff94]`[0x7f][0xffffffe0][0xffffffd8][0x11][0xfffffff5]J[0x9][0xffffffb3][0x1f]8[0xffffffa4]K[0xffffffe9][0xffffff94]0[0xfffffffa][0xffffff81]#[0xffffff98][0xffffff96]K[0xffffff89][0xffffff9f][0xffffffff][0xffffff81]C[0xffffffac][0xffffffa8][0xffffffea][0xffffffc7]Z[0xffffffd0]78[0x1e][0xffffffe7][0xffffff81]S[0xffffff82]_Q[0xfffffff5]y[0x6]&%[0xffffffa8][0x15]U[0xffffffdf][0xffffff9f][0xffffffec][0xffffff91][0x12][0x1e]+[0xffffffaa]4[0xffffff90]LJ[0xfffffff0]+[0xffffffaa]"[0xffffff9c][0xffffffd9])[0xffffffe1][0xffffffbb][0xffffffa2]J[0xffffffca][0xffffff93]M[0x9][0xffffffbb][0x15]UR[0xffffffad]\J[0xffffff98][0xffffffac][0xffffffa8][0x12][0xffffffe2][0xffffffbd][0xffffff94][0x12][0xfffffff1][0xffffffad][0x4][0xffffff9b][0x12][0xfffffff4][[0xffffff89]n[0xfffffff0]V[0xffffffa2][0xffffffc7]tN[0x5][0xffffff9c]z+[0xffffffd1][0xffffff9d][0xffffffde]JD[0x14][0xffffffa9][0xffffff94]py+[0x11][0xffffffb1]$R[0xffffff82]}+[0xffffffb1]#[0xffffffea][0xffffff95][0x12]fo%[0xffffffa4]K[0xffffffe9][0xffffff94]0z+[0x11]L[0xffffffcb][0xffffffa5][0xffffffc4][0xffffffcf][0xffffffbf][0xffffff95][0x10][0xffffffdb].{[0xffffffb9][0xffffffcd][0xffffff93]J[0x9]z[0xffffffdb][0xffffffe5][0xfffffffb][0x9][0xffffffe8][0xffffff94] [0xffffffb7]][0xffffffbe]?[0xffffff9d]I[0x9][0xffffffa3]m[0xffffff97][\n]"
16:35:02.243 [Test worker] DEBUG org.apache.hc.client5.http.wire - http-outgoing-2 << "E&%\[0xffffffb6]]*,[0xfffffff3]S[0xffffff82][0xffffffdd]v[0x19][0x11]uJ[0x9][0xffffffb3]m[0xffffff97]O\[0xffffffca][0xffffffa6][0xffffff84][0xffffffd1][0xffffffb6]KaZ*%~~[0xffffffdb]e[0xffffffbd][0xffffff89][0x15]U[0xffffffbd][0xffffffdc][0xffffffff]7[0xffffff95][0x12][0xfffffff4][0xffffff8a][0xffffffaa][0xfffffff7][0x13][0xffffffd0])A[0xffffffae][0xffffffa8]z[0x7f]:[0xffffff93][0x12]F+[0xffffffaa][0x14][0xffffff8a]LJ[0xffffffb8][0xffffffac][0xffffffa8]RX[0xffffffe6][0xffffffa7][0x4][0xffffffbb][0xffffffa2]*"[0xffffffea][0xffffff94][0x12]f+[0xffffffaa][0xffffff9e][0xffffffb8][0xffffff94]M[0x9][0xffffffa3][0x15]U[0xffffffc2][0xffffffb4]TJ[0xfffffffc][0xfffffffc][0xffffff8a][0xffffffaa]z[0x13]+[0xffffffaa][0xffffffee])[0xffffffd1][0xffffffa1]/[0xffffff83]>[0xffffffce][0x3][0xffffffa7][0x4][0xffffffbf][0xffffffa2][0xffffffea][0xfffffff3][0xc]LJP+[0xffffffaa][0xffffffbe]?[0xffffffd9]#%<VTi [0xffffff99][0xffffff94][0xffffffe0]WTE8[0xffffffb3]S[0xffffffc2]wE[0xffffff95][0xffffff94]'[0xffffff9b][0x12]v+[0xffffffaa][0xffffffa4]Z[0xffffffb9][0xffffff94]0YQ%[0xffffffc4][0xfffffffb]zJ[0x1c]7[0xffffff99][0x12]kA)[0xfffffff1]v[0x1e]6%[0x1e]'[0xffffff80]S[0xffffffe2][0xfffffffb][0x19][0xffffff90][0xffffff94]x<[0x1d]I[0xffffff89]oO[0xffffffb6]H[0x9][0xffffff81]"[0xffffff92][0x12][0x12]H$%[0x4][0xffffff96][0xffffffe9])[0x11][0xffffffe0]LN[0xffffff89][0xffffff80][0xffffffa8]QJ(y[0xffffffa2])[0xffffffa1]][0xffffff8a][0xffffffa6][0xffffff84]R+[0xffffff96][0x12][0xffffffd1][0xffffffb4]PJD[0xfffffff1]^H[0x9][0xffffffb5]W[0xffffffa2][0xffffffd4]A[0xffffffbd][0xffffff95]8[0xfffffff0][0xffffffbd][0x12][0xffffff87][0xffffffc1]^[0xffffff89]C[0xc]?'[0x2][0xffffff8e][0xffffffed][0xffffff95]8[0xffffffc2]x3[0xffffff99][0x12]&{%$[0xffffff90]LJ[0x18][0xffffffec][0xffffff95][0x8]pf[0xffffffa7][0xffffff84][0xfffffff1]^[0x9]%O6%[0xfffffffc][0xfffffff6]J([0xffffffb5]r)[0xffffffe1][0xffffffb2]W"[0xffffff8a][0xfffffff7]BJ[0x14][0xffffff95][0x12][0xffffffed]F[0xffffffdd][0xffffff95]x;[0xf][0xffffff9c][0x12][0xffffffc5] %J[0xffffffe4]=[0x11][0xfffffff0][0xffffff82][0xffffffa5]DqJ[0xffffff89][0xffffff88]"[0xffffff93][0x12][\n]"
16:35:02.244 [Test worker] DEBUG org.apache.hc.client5.http.wire - http-outgoing-2 << "H&%"[0xffffff96][0xfffffff9])[0xffffffb1][0xffffffc3][0xffffff99][0xffffff9d][0x12];[0xffffffa2]N)![0xffffffe4][0xffffffc9][0xffffffa6][0xffffff84]t)[0xffffff9b][0x12]B[0xffffffad]\J[0x4][0xffffffd3]R)[0x11][0xffffffc4]{)%[0xffffffe2]0([0xffffff9b][0x12][0xfffffff0]0[0xffffffe8][0xffffffe3][0x4]|J[0xffffff80][0xffffffc3][0xffffffa0][0xffffff8f][0xffffffa7]S)[0xffffffe1]3[0xc]*P[0xffffffa4]R[0xffffffc2]d[0x18]T`I[0xffffffa4][0x4]:[0xc][0x1a][0x10][0xfffffff5]J[0x9][0xffffffaf]aP[0xffffffed]R:%|[0xffffff86]A[0xffffffa3]i[0xffffffb9][0xffffff94][0xfffffff8][0xffffffe9]a[0xffffffd0][0xfffffffb][0xffffffbf]q[0xffffff9a][0xffffffa5][0xffffffc4][0xffffff89][0xffffffa7][0xffffffc4]i[0xffffff90]"
16:35:02.249 [Test worker] DEBUG org.apache.hc.client5.http.wire - http-outgoing-2 << "[0x12]'[0xffffff9a][0x12]'[0xffffff96][0x12][0xffffffa7]SJ[0xffffffec](R)[0x11][0xffffff81][0xffffffa4]Rb[0xffffffc7][0xffffff92]H[0xffffff89][0x13]N[0xffffff89][0xffffffd3]8%[0xffffff82]<[0xffffffe9][0xffffff94][0x10].[0xffffffa5]S"[0xffffffa8][0xffffff95]L[0xffffff89][0xffffffd3]%%[0xffffffce][0xffffffbf]CJ[0x1c]n[0xffffffbf]p[0x1c][0xfffffffc]O[0x1c][0xfffffff7]#[0xfffffff0]5[0xfffffff1]q[0x8]*'[0xe][0xffffffee]W[0xffffff8e][0xffffffc3][0xffffffea]g[0xffffff8e][0xffffffc0]#U[0x14][0xffffff82]J*)[0x2][0xffffff9b]DS[0x1c][0xfffffff4]O[0x1d][0xffffff87][0xfffffff3]o[0x1d]Q[0xffffffa3]tV([0xffffffab][0xffffffd2]][0x11]%K[0xffffff86][0xffffffc5][0xffffffee]\[0xffffffae],v[0x5]_J[0xffffff8b]b[0xfffffff7][0xffffff8b][0xffffff87][0xffffffc1]O[0x1e][0x16][0xffffffbf]y[0xffffffc0]?z[0xffffff80][0xffffffbf]zx[0xfffffffd][0xffffffec]a[0xfffffff3][0xffffffbb][0xffffff87][0xffffffd1][0xf][0x1f][0x16][0xffffffbf]|[0xffffffe0]?}X[0xffffffff][0xfffffff6][0xffffffe1][0xfffffff7][0xffffffe3][0xffffff87][0xffffffe3][0xffffffaf][0x1f]^?[0x7f][0xfffffff8][0xfffffffc][0xfffffffe][0xfffffff1][0x13]?[0xffffff80][0xffffff9c][0xffffff8f][0x7f][0xffffffa4]4q-[0xffffffb3][0xffffffb5]5[0xffffffd2][0xffffffcb][0xffffffe2][0xfffffff3]<TX|9[0x1][0xffffffd6][0x15][0xffffffdb][0x19][0xffffff92][0xffffffb3][0xffffffe2][0xffffffcb][0xffffffd3][0xffffff93][0xffffffab][0xffffffe2][0xffffffd7]O[0xffffff86][0xffffffa3][0xffffffe2])[0xffffff8a][0xffffffc9]M[0xfffffff1][0x3] [0xffffff93][0xffffff93][0xffffffe2])[0xffffff96][0xffffff89]E[0xfffffff1][0x4][0xffffffce][0xffffffb4][0xffffffa0]x[0xffffff82][0xffffffa8]EO<[0xffffff97]'[0xffffff94][0x13]?r)T[0x13][0xffffffcf][0xffffffd5][\n]"
16:35:02.250 [Test worker] DEBUG org.apache.hc.client5.http.wire - http-outgoing-2 << "[0xffffffc4][0xffffffc4]3[0xffffffd3][0xffffffa6][0xffffffb7][0xffffffc4]3[0xfffffff1]^H[0x9][0xfffffff5][0xffffffb9][0xffffffaf][0xffffffd6][0x7][0xffffff96][0x12][0xffffffe0][0xffffffe7][0xffffffbe][0xffffffbe][0xffffff9c][0xffffff80]N[0x9][0xffffffe8]s__[0xffffff9e][0xffffffce][0xffffffa4][0xffffff84][0xffffffc7][0xffffffe7][0xffffffbe][0xffffff9e][0xffffffa2][0xffffffc8][0xffffffa4][0xffffff84][0xffffffc1][0xffffffe7][0xffffffbe][0xffffff9e]b[0xffffff99][0xffffff9f][0x12][0xffffffd8][0xffffffe7][0xffffffbe][0xffffff9e] [0xffffffea][0xffffff94][0x12]>[0xffffff9f][0xfffffffb][0xfffffffa][0xffffff91]K[0xffffffd9][0xffffff94][0xfffffff0][0xfffffff8][0xffffffdc][0xffffffd7]3[0xffffffd3]R)[0xfffffff1]S[0xffffff9f][0xfffffffb][0xfffffffa][0xfffffff8]7[0xffffffd4]b[0xffffffed]^W[0xffffffa5]R[0x2]\[0xffffffac][0xfffffffd][0xffffffe5][0x4]tJ@[0xffffff8b][0xffffffb5][0xffffffbf]<[0xffffff9d]I[0x9][0xffffff8f][0xffffffc5][0xffffffda]OQdR[0xffffffc2]`[0xffffffb1][0xfffffff6]S,[0xfffffff3]S[0x2][[0xffffffac][0xfffffffd][0x4]Q[0xffffffa7][0xffffff94][0xfffffff0]Y[0xffffffac][0xfffffffd]#[0xffffff97][0xffffffb2])[0xffffffe1][0xffffffb1]X[0xfffffffb][0xffffff99]i[0xffffffa9][0xffffff94][0xfffffff8][0xffffffa9][0xffffffc5][0xffffffda][0x1f][0xffffffff][0xffffff86]Z[0xffffffac][0xffffffdd]G[0xffffffcb][0xffffffdf][0xffffff86][0xfffffff9]y[0x1e]8%[0xffffffd0][0xffffffc5][0xffffffda][0xffffffdb][0x19][0xffffff98][0xffffff94][0x0][0x16]k[0xffffffff][0xfffffffa][0xffffffc9][0x1e])[0xffffff81]/[0xffffffd6][0xfffffffe][0x1][0xffffff90]LJ[0xffffffa0][0xffffff8b][0xffffffb5][0xffffff9f][0xffffffc0][0xffffff99][0xffffff9d][0x12][0xffffff96][0xffffff8b][0xffffffb5][0xffffff9f][0xffffffcb][0xffffff93]M[0x9][0xffffffa7][0xffffffc5][0xffffffda][0xffffffcf][0xffffffd5][0xffffffca][0xffffffa5][0x4][0xffffffbf]X[0xfffffffb][0xffffff99]x_O[0xffffff89][0xffffffaa][0x16]k[0xfffffff7][0xffffffd5]'[0xffffff94][0x12][0x15]\[0xffffffac][0xfffffffd][0xffffffe5][0x4]pJT[0xffffffb1][0xfffffffd]5[0xf][0xfffffff0][\n]"
16:35:02.250 [Test worker] DEBUG org.apache.hc.client5.http.wire - http-outgoing-2 << ",[0xffffffd6][0xfffffffe][0xfffffff5][0xffffff93]-RB[0xffffffa0][0xffffff88][0xffffffa4][0xffffff84][0x4][0x12]I[0x9][0xffffff81]ezJ[0x4]8[0xffffff93]S" j[0xffffff94][0x12]J[0xffffff9e]hJh[0xffffff97][0xffffffa2])[0xffffffa1][0xffffffd4][0xffffff8a][0xffffffa5]D4-[0xffffff94][0x12]Q[0xffffffbc][0x17]RB-[0xffffffd6][0x1e][0xffffffc7][0xffffffa4][0xffffffde]JTp[0xffffffb1][0xfffffff6][0xffffff97][0x13][0xffffffd0])[0x1]-[0xffffffd6][0xfffffffe][0xfffffff2]t&%<[0x16]k?E[0xffffff91]I[0x9][0xffffff83][0xffffffc5][0xffffffda]O[0xffffffb1][0xffffffcc]O[0x9]l[0xffffffb1][0xfffffff6][0x13]D[0xffffff9d]R[0xffffffc2]g[0xffffffb1][0xfffffff6][0xffffff8f]\[0xffffffca][0xffffffa6][0xffffff84][0xffffffc7]b[0xffffffed]g[0xffffffa6][0xffffffa5]R[0xffffffe2][0xffffffb5][0xffffffc5][0xffffffda][0xffffffff][0xfffffff5][0x7f][0xfffffffd]o[0xffffffff][0x1f]W!#[0xffffffdc]P[0xffffffd8][\r][0x0]"
16:35:02.251 [Test worker] DEBUG org.apache.hc.client5.http.impl.classic.InternalHttpClient - ep-0000000003 releasing valid endpoint
16:35:02.252 [Test worker] DEBUG org.apache.hc.client5.http.impl.io.PoolingHttpClientConnectionManager - ep-0000000003 releasing endpoint
16:35:02.252 [Test worker] DEBUG org.apache.hc.client5.http.impl.io.PoolingHttpClientConnectionManager - ep-0000000003 connection http-outgoing-2 can be kept alive for 3 MINUTES
16:35:02.253 [Test worker] DEBUG org.apache.hc.client5.http.impl.io.PoolingHttpClientConnectionManager - ep-0000000003 connection released [route: {s}->https://googlechromelabs.github.io:443][total available: 2; route allocated: 1 of 5; total allocated: 2 of 25]
16:35:02.259 [Test worker] INFO io.github.bonigarcia.wdm.WebDriverManager - Using chromedriver 122.0.6261.94 (resolved driver for Chrome 122)
16:35:02.262 [Test worker] DEBUG io.github.bonigarcia.wdm.cache.ResolutionCache - Storing resolution chrome=122 in cache (valid until 17:35:02 01/03/2024 MSK)
16:35:02.266 [Test worker] DEBUG io.github.bonigarcia.wdm.cache.ResolutionCache - Storing resolution chrome122=122.0.6261.94 in cache (valid until 16:35:02 02/03/2024 MSK)
16:35:02.271 [Test worker] DEBUG io.github.bonigarcia.wdm.WebDriverManager - Driver chromedriver 122.0.6261.94 found in cache
16:35:02.273 [Test worker] INFO io.github.bonigarcia.wdm.WebDriverManager - Exporting webdriver.chrome.driver as C:\Users\asus\.cache\selenium\chromedriver\win64\122.0.6261.94\chromedriver.exe
16:35:02.980 [AsyncHttpClient-1-1] DEBUG org.asynchttpclient.netty.channel.DefaultChannelPool - Entry count for : http://localhost:5516 : 1
16:35:02.980 [AsyncHttpClient-1-1] DEBUG org.asynchttpclient.netty.channel.DefaultChannelPool - Entry count for : http://localhost:56793 : 1
16:35:04.085 [AsyncHttpClient-1-1] DEBUG org.asynchttpclient.netty.channel.DefaultChannelPool - Entry count for : http://localhost:5516 : 1
16:35:04.085 [AsyncHttpClient-1-1] DEBUG org.asynchttpclient.netty.channel.DefaultChannelPool - Entry count for : http://localhost:56793 : 1
16:35:04.085 [AsyncHttpClient-1-1] DEBUG org.asynchttpclient.netty.channel.DefaultChannelPool - Adding Candidate expired Channel [id: 0xf42d1208, L:/127.0.0.1:56812 - R:localhost/127.0.0.1:56793] isIdleTimeoutExpired=true isRemotelyClosed=false isTtlExpired=false
16:35:04.085 [AsyncHttpClient-1-1] DEBUG org.asynchttpclient.netty.channel.DefaultChannelPool - Closing Idle Channel [id: 0xf42d1208, L:/127.0.0.1:56812 - R:localhost/127.0.0.1:56793]
16:35:04.088 [AsyncHttpClient-1-1] DEBUG org.asynchttpclient.netty.channel.DefaultChannelPool - Closed 1 connections out of 2 in 3 ms
16:35:04.089 [AsyncHttpClient-1-3] DEBUG org.asynchttpclient.netty.handler.HttpHandler - Channel Closed: [id: 0xf42d1208, L:/127.0.0.1:56812 ! R:localhost/127.0.0.1:56793] with attribute DISCARD
16:35:05.179 [AsyncHttpClient-1-1] DEBUG org.asynchttpclient.netty.channel.DefaultChannelPool - Entry count for : http://localhost:5516 : 1
16:35:05.775 [AsyncHttpClient-1-5] DEBUG org.asynchttpclient.netty.channel.NettyConnectListener - Using new Channel '[id: 0x2c50df9f, L:/127.0.0.1:56854 - R:localhost/127.0.0.1:1461]' for 'POST' to '/session'
16:35:06.278 [AsyncHttpClient-1-1] DEBUG org.asynchttpclient.netty.channel.DefaultChannelPool - Entry count for : http://localhost:5516 : 1
16:35:07.379 [AsyncHttpClient-1-1] DEBUG org.asynchttpclient.netty.channel.DefaultChannelPool - Entry count for : http://localhost:5516 : 1
16:35:08.479 [AsyncHttpClient-1-1] DEBUG org.asynchttpclient.netty.channel.DefaultChannelPool - Entry count for : http://localhost:5516 : 1
16:35:09.588 [AsyncHttpClient-1-1] DEBUG org.asynchttpclient.netty.channel.DefaultChannelPool - Entry count for : http://localhost:5516 : 1
16:35:10.678 [AsyncHttpClient-1-1] DEBUG org.asynchttpclient.netty.channel.DefaultChannelPool - Entry count for : http://localhost:5516 : 1
16:35:11.782 [AsyncHttpClient-1-1] DEBUG org.asynchttpclient.netty.channel.DefaultChannelPool - Entry count for : http://localhost:5516 : 1
16:35:12.878 [AsyncHttpClient-1-1] DEBUG org.asynchttpclient.netty.channel.DefaultChannelPool - Entry count for : http://localhost:5516 : 1
16:35:13.978 [AsyncHttpClient-1-1] DEBUG org.asynchttpclient.netty.channel.DefaultChannelPool - Entry count for : http://localhost:5516 : 1
16:35:15.088 [AsyncHttpClient-1-1] DEBUG org.asynchttpclient.netty.channel.DefaultChannelPool - Entry count for : http://localhost:5516 : 1
16:35:16.183 [AsyncHttpClient-1-1] DEBUG org.asynchttpclient.netty.channel.DefaultChannelPool - Entry count for : http://localhost:5516 : 1
16:35:17.279 [AsyncHttpClient-1-1] DEBUG org.asynchttpclient.netty.channel.DefaultChannelPool - Entry count for : http://localhost:5516 : 1
16:35:18.386 [AsyncHttpClient-1-1] DEBUG org.asynchttpclient.netty.channel.DefaultChannelPool - Entry count for : http://localhost:5516 : 1
16:35:19.481 [AsyncHttpClient-1-1] DEBUG org.asynchttpclient.netty.channel.DefaultChannelPool - Entry count for : http://localhost:5516 : 1
16:35:20.578 [AsyncHttpClient-1-1] DEBUG org.asynchttpclient.netty.channel.DefaultChannelPool - Entry count for : http://localhost:5516 : 1
16:35:21.684 [AsyncHttpClient-1-1] DEBUG org.asynchttpclient.netty.channel.DefaultChannelPool - Entry count for : http://localhost:5516 : 1
16:35:22.778 [AsyncHttpClient-1-1] DEBUG org.asynchttpclient.netty.channel.DefaultChannelPool - Entry count for : http://localhost:5516 : 1
16:35:23.882 [AsyncHttpClient-1-1] DEBUG org.asynchttpclient.netty.channel.DefaultChannelPool - Entry count for : http://localhost:5516 : 1
16:35:24.978 [AsyncHttpClient-1-1] DEBUG org.asynchttpclient.netty.channel.DefaultChannelPool - Entry count for : http://localhost:5516 : 1
16:35:26.077 [AsyncHttpClient-1-1] DEBUG org.asynchttpclient.netty.channel.DefaultChannelPool - Entry count for : http://localhost:5516 : 1
16:35:27.184 [AsyncHttpClient-1-1] DEBUG org.asynchttpclient.netty.channel.DefaultChannelPool - Entry count for : http://localhost:5516 : 1
16:35:28.278 [AsyncHttpClient-1-1] DEBUG org.asynchttpclient.netty.channel.DefaultChannelPool - Entry count for : http://localhost:5516 : 1
16:35:28.829 [AsyncHttpClient-1-5] DEBUG org.asynchttpclient.netty.handler.HttpHandler - 

Request DefaultHttpRequest(decodeResult: success, version: HTTP/1.1)
POST /session HTTP/1.1
User-Agent: selenium/4.12.1 (java windows)
Content-Length: 293
Content-Type: application/json; charset=utf-8
host: localhost:1461
accept: */*

Response DefaultHttpResponse(decodeResult: success, version: HTTP/1.1)
HTTP/1.1 200 OK
Content-Length: 877
Content-Type: application/json; charset=utf-8
cache-control: no-cache

16:35:28.830 [AsyncHttpClient-1-5] DEBUG org.asynchttpclient.netty.channel.ChannelManager - Adding key: http://localhost:1461 for channel [id: 0x2c50df9f, L:/127.0.0.1:56854 - R:localhost/127.0.0.1:1461]
16:35:28.851 [AsyncHttpClient-1-6] DEBUG org.asynchttpclient.netty.channel.NettyConnectListener - Using new Channel '[id: 0x48c8abb3, L:/127.0.0.1:56868 - R:localhost/127.0.0.1:56857]' for 'GET' to '/json/version'
16:35:28.855 [AsyncHttpClient-1-6] DEBUG org.asynchttpclient.netty.handler.HttpHandler - 

Request DefaultFullHttpRequest(decodeResult: success, version: HTTP/1.1, content: EmptyByteBufBE)
GET /json/version HTTP/1.1
User-Agent: selenium/4.12.1 (java windows)
host: localhost:56857
accept: */*

Response DefaultHttpResponse(decodeResult: success, version: HTTP/1.1)
HTTP/1.1 200 OK
Content-Security-Policy: frame-ancestors 'none'
Content-Length: 423
Content-Type: application/json; charset=UTF-8

16:35:28.855 [AsyncHttpClient-1-6] DEBUG org.asynchttpclient.netty.channel.ChannelManager - Adding key: http://localhost:56857 for channel [id: 0x48c8abb3, L:/127.0.0.1:56868 - R:localhost/127.0.0.1:56857]
16:35:28.862 [AsyncHttpClient-1-7] DEBUG org.asynchttpclient.netty.channel.NettyConnectListener - Using new Channel '[id: 0xc7d683d1, L:/127.0.0.1:56869 - R:localhost/127.0.0.1:56857]' for 'GET' to '/devtools/browser/7180c853-6b99-41f1-ac38-2604f4e7afbc'
16:35:28.865 [AsyncHttpClient-1-7] DEBUG org.asynchttpclient.netty.handler.WebSocketHandler - 

Request DefaultFullHttpRequest(decodeResult: success, version: HTTP/1.1, content: EmptyByteBufBE)
GET /devtools/browser/7180c853-6b99-41f1-ac38-2604f4e7afbc HTTP/1.1
upgrade: websocket
connection: upgrade
sec-websocket-key: kQ2MLQ6DQTbjhdPdZraoYg==
sec-websocket-version: 13
origin: http://localhost:56857
host: localhost:56857
accept: */*
user-agent: AHC/2.1

Response DefaultHttpResponse(decodeResult: success, version: HTTP/1.1)
HTTP/1.1 101 WebSocket Protocol Handshake
Upgrade: WebSocket
Connection: Upgrade
Sec-WebSocket-Accept: AoR6Pas7K70lmxxdDP1H/TNYTGg=

16:35:29.382 [AsyncHttpClient-1-1] DEBUG org.asynchttpclient.netty.channel.DefaultChannelPool - Entry count for : http://localhost:5516 : 1
16:35:29.382 [AsyncHttpClient-1-1] DEBUG org.asynchttpclient.netty.channel.DefaultChannelPool - Entry count for : http://localhost:56857 : 1
16:35:29.383 [AsyncHttpClient-1-1] DEBUG org.asynchttpclient.netty.channel.DefaultChannelPool - Entry count for : http://localhost:1461 : 1
16:35:29.918 [Forwarding get on session ce58549c9b669d391e23640f16662e7f to remote] DEBUG org.asynchttpclient.netty.request.NettyRequestSender - Using pooled Channel '[id: 0x2c50df9f, L:/127.0.0.1:56854 - R:localhost/127.0.0.1:1461]' for 'POST' to 'http://localhost:1461/session/ce58549c9b669d391e23640f16662e7f/url'
16:35:29.919 [Forwarding get on session ce58549c9b669d391e23640f16662e7f to remote] DEBUG org.asynchttpclient.netty.request.NettyRequestSender - Using open Channel [id: 0x2c50df9f, L:/127.0.0.1:56854 - R:localhost/127.0.0.1:1461] for POST '/session/ce58549c9b669d391e23640f16662e7f/url'
16:35:30.483 [AsyncHttpClient-1-1] DEBUG org.asynchttpclient.netty.channel.DefaultChannelPool - Entry count for : http://localhost:5516 : 1
16:35:30.483 [AsyncHttpClient-1-1] DEBUG org.asynchttpclient.netty.channel.DefaultChannelPool - Entry count for : http://localhost:56857 : 1
16:35:31.578 [AsyncHttpClient-1-1] DEBUG org.asynchttpclient.netty.channel.DefaultChannelPool - Entry count for : http://localhost:5516 : 1
16:35:31.578 [AsyncHttpClient-1-1] DEBUG org.asynchttpclient.netty.channel.DefaultChannelPool - Entry count for : http://localhost:56857 : 1
16:35:32.684 [AsyncHttpClient-1-1] DEBUG org.asynchttpclient.netty.channel.DefaultChannelPool - Entry count for : http://localhost:5516 : 1
16:35:32.684 [AsyncHttpClient-1-1] DEBUG org.asynchttpclient.netty.channel.DefaultChannelPool - Entry count for : http://localhost:56857 : 1
16:35:33.779 [AsyncHttpClient-1-1] DEBUG org.asynchttpclient.netty.channel.DefaultChannelPool - Entry count for : http://localhost:5516 : 1
16:35:33.779 [AsyncHttpClient-1-1] DEBUG org.asynchttpclient.netty.channel.DefaultChannelPool - Entry count for : http://localhost:56857 : 1
16:35:34.877 [AsyncHttpClient-1-1] DEBUG org.asynchttpclient.netty.channel.DefaultChannelPool - Entry count for : http://localhost:5516 : 1
16:35:34.877 [AsyncHttpClient-1-1] DEBUG org.asynchttpclient.netty.channel.DefaultChannelPool - Entry count for : http://localhost:56857 : 1
16:35:35.978 [AsyncHttpClient-1-1] DEBUG org.asynchttpclient.netty.channel.DefaultChannelPool - Entry count for : http://localhost:5516 : 1
16:35:35.978 [AsyncHttpClient-1-1] DEBUG org.asynchttpclient.netty.channel.DefaultChannelPool - Entry count for : http://localhost:56857 : 1
16:35:37.086 [AsyncHttpClient-1-1] DEBUG org.asynchttpclient.netty.channel.DefaultChannelPool - Entry count for : http://localhost:5516 : 1
16:35:37.086 [AsyncHttpClient-1-1] DEBUG org.asynchttpclient.netty.channel.DefaultChannelPool - Entry count for : http://localhost:56857 : 1
16:35:38.181 [AsyncHttpClient-1-1] DEBUG org.asynchttpclient.netty.channel.DefaultChannelPool - Entry count for : http://localhost:5516 : 1
16:35:38.181 [AsyncHttpClient-1-1] DEBUG org.asynchttpclient.netty.channel.DefaultChannelPool - Entry count for : http://localhost:56857 : 1
16:35:39.278 [AsyncHttpClient-1-1] DEBUG org.asynchttpclient.netty.channel.DefaultChannelPool - Entry count for : http://localhost:5516 : 1
16:35:39.278 [AsyncHttpClient-1-1] DEBUG org.asynchttpclient.netty.channel.DefaultChannelPool - Entry count for : http://localhost:56857 : 1
16:35:40.380 [AsyncHttpClient-1-1] DEBUG org.asynchttpclient.netty.channel.DefaultChannelPool - Entry count for : http://localhost:5516 : 1
16:35:40.380 [AsyncHttpClient-1-1] DEBUG org.asynchttpclient.netty.channel.DefaultChannelPool - Entry count for : http://localhost:56857 : 1
16:35:41.479 [AsyncHttpClient-1-1] DEBUG org.asynchttpclient.netty.channel.DefaultChannelPool - Entry count for : http://localhost:5516 : 1
16:35:41.479 [AsyncHttpClient-1-1] DEBUG org.asynchttpclient.netty.channel.DefaultChannelPool - Entry count for : http://localhost:56857 : 1
16:35:42.587 [AsyncHttpClient-1-1] DEBUG org.asynchttpclient.netty.channel.DefaultChannelPool - Entry count for : http://localhost:5516 : 1
16:35:42.587 [AsyncHttpClient-1-1] DEBUG org.asynchttpclient.netty.channel.DefaultChannelPool - Entry count for : http://localhost:56857 : 1
16:35:43.681 [AsyncHttpClient-1-1] DEBUG org.asynchttpclient.netty.channel.DefaultChannelPool - Entry count for : http://localhost:5516 : 1
16:35:43.681 [AsyncHttpClient-1-1] DEBUG org.asynchttpclient.netty.channel.DefaultChannelPool - Entry count for : http://localhost:56857 : 1
16:35:44.779 [AsyncHttpClient-1-1] DEBUG org.asynchttpclient.netty.channel.DefaultChannelPool - Entry count for : http://localhost:5516 : 1
16:35:44.779 [AsyncHttpClient-1-1] DEBUG org.asynchttpclient.netty.channel.DefaultChannelPool - Entry count for : http://localhost:56857 : 1
16:35:45.883 [AsyncHttpClient-1-1] DEBUG org.asynchttpclient.netty.channel.DefaultChannelPool - Entry count for : http://localhost:5516 : 1
16:35:45.883 [AsyncHttpClient-1-1] DEBUG org.asynchttpclient.netty.channel.DefaultChannelPool - Entry count for : http://localhost:56857 : 1
16:35:46.978 [AsyncHttpClient-1-1] DEBUG org.asynchttpclient.netty.channel.DefaultChannelPool - Entry count for : http://localhost:5516 : 1
16:35:46.978 [AsyncHttpClient-1-1] DEBUG org.asynchttpclient.netty.channel.DefaultChannelPool - Entry count for : http://localhost:56857 : 1
16:35:48.079 [AsyncHttpClient-1-1] DEBUG org.asynchttpclient.netty.channel.DefaultChannelPool - Entry count for : http://localhost:5516 : 1
16:35:48.079 [AsyncHttpClient-1-1] DEBUG org.asynchttpclient.netty.channel.DefaultChannelPool - Entry count for : http://localhost:56857 : 1
16:35:49.182 [AsyncHttpClient-1-1] DEBUG org.asynchttpclient.netty.channel.DefaultChannelPool - Entry count for : http://localhost:5516 : 1
16:35:49.182 [AsyncHttpClient-1-1] DEBUG org.asynchttpclient.netty.channel.DefaultChannelPool - Entry count for : http://localhost:56857 : 1
16:35:50.278 [AsyncHttpClient-1-1] DEBUG org.asynchttpclient.netty.channel.DefaultChannelPool - Entry count for : http://localhost:5516 : 1
16:35:50.278 [AsyncHttpClient-1-1] DEBUG org.asynchttpclient.netty.channel.DefaultChannelPool - Entry count for : http://localhost:56857 : 1
16:35:50.278 [AsyncHttpClient-1-1] DEBUG org.asynchttpclient.netty.channel.DefaultChannelPool - Adding Candidate expired Channel [id: 0xfccb64cb, L:/127.0.0.1:56791 - R:localhost/127.0.0.1:5516] isIdleTimeoutExpired=true isRemotelyClosed=false isTtlExpired=false
16:35:50.278 [AsyncHttpClient-1-1] DEBUG org.asynchttpclient.netty.channel.DefaultChannelPool - Closing Idle Channel [id: 0xfccb64cb, L:/127.0.0.1:56791 - R:localhost/127.0.0.1:5516]
16:35:50.278 [AsyncHttpClient-1-1] DEBUG org.asynchttpclient.netty.channel.DefaultChannelPool - Closed 1 connections out of 2 in 0 ms
16:35:50.278 [AsyncHttpClient-1-2] DEBUG org.asynchttpclient.netty.handler.HttpHandler - Channel Closed: [id: 0xfccb64cb, L:/127.0.0.1:56791 ! R:localhost/127.0.0.1:5516] with attribute DISCARD
16:35:51.380 [AsyncHttpClient-1-1] DEBUG org.asynchttpclient.netty.channel.DefaultChannelPool - Entry count for : http://localhost:56857 : 1
16:35:52.478 [AsyncHttpClient-1-1] DEBUG org.asynchttpclient.netty.channel.DefaultChannelPool - Entry count for : http://localhost:56857 : 1
16:35:53.580 [AsyncHttpClient-1-1] DEBUG org.asynchttpclient.netty.channel.DefaultChannelPool - Entry count for : http://localhost:56857 : 1
16:35:53.990 [AsyncHttpClient-1-5] DEBUG org.asynchttpclient.netty.handler.HttpHandler - 

Request DefaultHttpRequest(decodeResult: success, version: HTTP/1.1)
POST /session/ce58549c9b669d391e23640f16662e7f/url HTTP/1.1
User-Agent: selenium/4.12.1 (java windows)
Content-Length: 60
Content-Type: application/json; charset=utf-8
host: localhost:1461
accept: */*

Response DefaultHttpResponse(decodeResult: success, version: HTTP/1.1)
HTTP/1.1 200 OK
Content-Length: 14
Content-Type: application/json; charset=utf-8
cache-control: no-cache

16:35:53.990 [AsyncHttpClient-1-5] DEBUG org.asynchttpclient.netty.channel.ChannelManager - Adding key: http://localhost:1461 for channel [id: 0x2c50df9f, L:/127.0.0.1:56854 - R:localhost/127.0.0.1:1461]
16:35:53.999 [Forwarding findElement on session ce58549c9b669d391e23640f16662e7f to remote] DEBUG org.asynchttpclient.netty.request.NettyRequestSender - Using pooled Channel '[id: 0x2c50df9f, L:/127.0.0.1:56854 - R:localhost/127.0.0.1:1461]' for 'POST' to 'http://localhost:1461/session/ce58549c9b669d391e23640f16662e7f/element'
16:35:53.999 [Forwarding findElement on session ce58549c9b669d391e23640f16662e7f to remote] DEBUG org.asynchttpclient.netty.request.NettyRequestSender - Using open Channel [id: 0x2c50df9f, L:/127.0.0.1:56854 - R:localhost/127.0.0.1:1461] for POST '/session/ce58549c9b669d391e23640f16662e7f/element'
16:35:54.018 [AsyncHttpClient-1-5] DEBUG org.asynchttpclient.netty.handler.HttpHandler - 

Request DefaultHttpRequest(decodeResult: success, version: HTTP/1.1)
POST /session/ce58549c9b669d391e23640f16662e7f/element HTTP/1.1
User-Agent: selenium/4.12.1 (java windows)
Content-Length: 109
Content-Type: application/json; charset=utf-8
host: localhost:1461
accept: */*

Response DefaultHttpResponse(decodeResult: success, version: HTTP/1.1)
HTTP/1.1 404 Not Found
Content-Length: 1075
Content-Type: application/json; charset=utf-8
cache-control: no-cache

16:35:54.018 [AsyncHttpClient-1-5] DEBUG org.asynchttpclient.netty.channel.ChannelManager - Adding key: http://localhost:1461 for channel [id: 0x2c50df9f, L:/127.0.0.1:56854 - R:localhost/127.0.0.1:1461]
16:35:54.533 [Forwarding findElement on session ce58549c9b669d391e23640f16662e7f to remote] DEBUG org.asynchttpclient.netty.request.NettyRequestSender - Using pooled Channel '[id: 0x2c50df9f, L:/127.0.0.1:56854 - R:localhost/127.0.0.1:1461]' for 'POST' to 'http://localhost:1461/session/ce58549c9b669d391e23640f16662e7f/element'
16:35:54.533 [Forwarding findElement on session ce58549c9b669d391e23640f16662e7f to remote] DEBUG org.asynchttpclient.netty.request.NettyRequestSender - Using open Channel [id: 0x2c50df9f, L:/127.0.0.1:56854 - R:localhost/127.0.0.1:1461] for POST '/session/ce58549c9b669d391e23640f16662e7f/element'
16:35:54.546 [AsyncHttpClient-1-5] DEBUG org.asynchttpclient.netty.handler.HttpHandler - 

Request DefaultHttpRequest(decodeResult: success, version: HTTP/1.1)
POST /session/ce58549c9b669d391e23640f16662e7f/element HTTP/1.1
User-Agent: selenium/4.12.1 (java windows)
Content-Length: 109
Content-Type: application/json; charset=utf-8
host: localhost:1461
accept: */*

Response DefaultHttpResponse(decodeResult: success, version: HTTP/1.1)
HTTP/1.1 404 Not Found
Content-Length: 1075
Content-Type: application/json; charset=utf-8
cache-control: no-cache

16:35:54.546 [AsyncHttpClient-1-5] DEBUG org.asynchttpclient.netty.channel.ChannelManager - Adding key: http://localhost:1461 for channel [id: 0x2c50df9f, L:/127.0.0.1:56854 - R:localhost/127.0.0.1:1461]
16:35:54.678 [AsyncHttpClient-1-1] DEBUG org.asynchttpclient.netty.channel.DefaultChannelPool - Entry count for : http://localhost:56857 : 1
16:35:54.678 [AsyncHttpClient-1-1] DEBUG org.asynchttpclient.netty.channel.DefaultChannelPool - Entry count for : http://localhost:1461 : 1
16:35:55.062 [Forwarding findElement on session ce58549c9b669d391e23640f16662e7f to remote] DEBUG org.asynchttpclient.netty.request.NettyRequestSender - Using pooled Channel '[id: 0x2c50df9f, L:/127.0.0.1:56854 - R:localhost/127.0.0.1:1461]' for 'POST' to 'http://localhost:1461/session/ce58549c9b669d391e23640f16662e7f/element'
16:35:55.062 [Forwarding findElement on session ce58549c9b669d391e23640f16662e7f to remote] DEBUG org.asynchttpclient.netty.request.NettyRequestSender - Using open Channel [id: 0x2c50df9f, L:/127.0.0.1:56854 - R:localhost/127.0.0.1:1461] for POST '/session/ce58549c9b669d391e23640f16662e7f/element'
16:35:55.074 [AsyncHttpClient-1-5] DEBUG org.asynchttpclient.netty.handler.HttpHandler - 

Request DefaultHttpRequest(decodeResult: success, version: HTTP/1.1)
POST /session/ce58549c9b669d391e23640f16662e7f/element HTTP/1.1
User-Agent: selenium/4.12.1 (java windows)
Content-Length: 109
Content-Type: application/json; charset=utf-8
host: localhost:1461
accept: */*

Response DefaultHttpResponse(decodeResult: success, version: HTTP/1.1)
HTTP/1.1 404 Not Found
Content-Length: 1075
Content-Type: application/json; charset=utf-8
cache-control: no-cache

16:35:55.074 [AsyncHttpClient-1-5] DEBUG org.asynchttpclient.netty.channel.ChannelManager - Adding key: http://localhost:1461 for channel [id: 0x2c50df9f, L:/127.0.0.1:56854 - R:localhost/127.0.0.1:1461]
16:35:55.578 [Forwarding findElement on session ce58549c9b669d391e23640f16662e7f to remote] DEBUG org.asynchttpclient.netty.request.NettyRequestSender - Using pooled Channel '[id: 0x2c50df9f, L:/127.0.0.1:56854 - R:localhost/127.0.0.1:1461]' for 'POST' to 'http://localhost:1461/session/ce58549c9b669d391e23640f16662e7f/element'
16:35:55.579 [Forwarding findElement on session ce58549c9b669d391e23640f16662e7f to remote] DEBUG org.asynchttpclient.netty.request.NettyRequestSender - Using open Channel [id: 0x2c50df9f, L:/127.0.0.1:56854 - R:localhost/127.0.0.1:1461] for POST '/session/ce58549c9b669d391e23640f16662e7f/element'
16:35:55.592 [AsyncHttpClient-1-5] DEBUG org.asynchttpclient.netty.handler.HttpHandler - 

Request DefaultHttpRequest(decodeResult: success, version: HTTP/1.1)
POST /session/ce58549c9b669d391e23640f16662e7f/element HTTP/1.1
User-Agent: selenium/4.12.1 (java windows)
Content-Length: 109
Content-Type: application/json; charset=utf-8
host: localhost:1461
accept: */*

Response DefaultHttpResponse(decodeResult: success, version: HTTP/1.1)
HTTP/1.1 404 Not Found
Content-Length: 1075
Content-Type: application/json; charset=utf-8
cache-control: no-cache

16:35:55.592 [AsyncHttpClient-1-5] DEBUG org.asynchttpclient.netty.channel.ChannelManager - Adding key: http://localhost:1461 for channel [id: 0x2c50df9f, L:/127.0.0.1:56854 - R:localhost/127.0.0.1:1461]
16:35:55.781 [AsyncHttpClient-1-1] DEBUG org.asynchttpclient.netty.channel.DefaultChannelPool - Entry count for : http://localhost:56857 : 1
16:35:55.781 [AsyncHttpClient-1-1] DEBUG org.asynchttpclient.netty.channel.DefaultChannelPool - Entry count for : http://localhost:1461 : 1
16:35:56.095 [Forwarding findElement on session ce58549c9b669d391e23640f16662e7f to remote] DEBUG org.asynchttpclient.netty.request.NettyRequestSender - Using pooled Channel '[id: 0x2c50df9f, L:/127.0.0.1:56854 - R:localhost/127.0.0.1:1461]' for 'POST' to 'http://localhost:1461/session/ce58549c9b669d391e23640f16662e7f/element'
16:35:56.096 [Forwarding findElement on session ce58549c9b669d391e23640f16662e7f to remote] DEBUG org.asynchttpclient.netty.request.NettyRequestSender - Using open Channel [id: 0x2c50df9f, L:/127.0.0.1:56854 - R:localhost/127.0.0.1:1461] for POST '/session/ce58549c9b669d391e23640f16662e7f/element'
16:35:56.109 [AsyncHttpClient-1-5] DEBUG org.asynchttpclient.netty.handler.HttpHandler - 

Request DefaultHttpRequest(decodeResult: success, version: HTTP/1.1)
POST /session/ce58549c9b669d391e23640f16662e7f/element HTTP/1.1
User-Agent: selenium/4.12.1 (java windows)
Content-Length: 109
Content-Type: application/json; charset=utf-8
host: localhost:1461
accept: */*

Response DefaultHttpResponse(decodeResult: success, version: HTTP/1.1)
HTTP/1.1 200 OK
Content-Length: 125
Content-Type: application/json; charset=utf-8
cache-control: no-cache

16:35:56.110 [AsyncHttpClient-1-5] DEBUG org.asynchttpclient.netty.channel.ChannelManager - Adding key: http://localhost:1461 for channel [id: 0x2c50df9f, L:/127.0.0.1:56854 - R:localhost/127.0.0.1:1461]
16:35:56.112 [Forwarding isElementDisplayed on session ce58549c9b669d391e23640f16662e7f to remote] DEBUG org.asynchttpclient.netty.request.NettyRequestSender - Using pooled Channel '[id: 0x2c50df9f, L:/127.0.0.1:56854 - R:localhost/127.0.0.1:1461]' for 'POST' to 'http://localhost:1461/session/ce58549c9b669d391e23640f16662e7f/execute/sync'
16:35:56.112 [Forwarding isElementDisplayed on session ce58549c9b669d391e23640f16662e7f to remote] DEBUG org.asynchttpclient.netty.request.NettyRequestSender - Using open Channel [id: 0x2c50df9f, L:/127.0.0.1:56854 - R:localhost/127.0.0.1:1461] for POST '/session/ce58549c9b669d391e23640f16662e7f/execute/sync'
16:35:56.132 [AsyncHttpClient-1-5] DEBUG org.asynchttpclient.netty.handler.HttpHandler - 

Request DefaultHttpRequest(decodeResult: success, version: HTTP/1.1)
POST /session/ce58549c9b669d391e23640f16662e7f/execute/sync HTTP/1.1
User-Agent: selenium/4.12.1 (java windows)
Content-Length: 48733
Content-Type: application/json; charset=utf-8
host: localhost:1461
accept: */*

Response DefaultHttpResponse(decodeResult: success, version: HTTP/1.1)
HTTP/1.1 200 OK
Content-Length: 14
Content-Type: application/json; charset=utf-8
cache-control: no-cache

16:35:56.133 [AsyncHttpClient-1-5] DEBUG org.asynchttpclient.netty.channel.ChannelManager - Adding key: http://localhost:1461 for channel [id: 0x2c50df9f, L:/127.0.0.1:56854 - R:localhost/127.0.0.1:1461]
16:35:56.135 [Forwarding findElement on session ce58549c9b669d391e23640f16662e7f to remote] DEBUG org.asynchttpclient.netty.request.NettyRequestSender - Using pooled Channel '[id: 0x2c50df9f, L:/127.0.0.1:56854 - R:localhost/127.0.0.1:1461]' for 'POST' to 'http://localhost:1461/session/ce58549c9b669d391e23640f16662e7f/element'
16:35:56.135 [Forwarding findElement on session ce58549c9b669d391e23640f16662e7f to remote] DEBUG org.asynchttpclient.netty.request.NettyRequestSender - Using open Channel [id: 0x2c50df9f, L:/127.0.0.1:56854 - R:localhost/127.0.0.1:1461] for POST '/session/ce58549c9b669d391e23640f16662e7f/element'
16:35:56.153 [AsyncHttpClient-1-5] DEBUG org.asynchttpclient.netty.handler.HttpHandler - 

Request DefaultHttpRequest(decodeResult: success, version: HTTP/1.1)
POST /session/ce58549c9b669d391e23640f16662e7f/element HTTP/1.1
User-Agent: selenium/4.12.1 (java windows)
Content-Length: 109
Content-Type: application/json; charset=utf-8
host: localhost:1461
accept: */*

Response DefaultHttpResponse(decodeResult: success, version: HTTP/1.1)
HTTP/1.1 200 OK
Content-Length: 125
Content-Type: application/json; charset=utf-8
cache-control: no-cache

16:35:56.153 [AsyncHttpClient-1-5] DEBUG org.asynchttpclient.netty.channel.ChannelManager - Adding key: http://localhost:1461 for channel [id: 0x2c50df9f, L:/127.0.0.1:56854 - R:localhost/127.0.0.1:1461]
16:35:56.157 [Forwarding sendKeysToElement on session ce58549c9b669d391e23640f16662e7f to remote] DEBUG org.asynchttpclient.netty.request.NettyRequestSender - Using pooled Channel '[id: 0x2c50df9f, L:/127.0.0.1:56854 - R:localhost/127.0.0.1:1461]' for 'POST' to 'http://localhost:1461/session/ce58549c9b669d391e23640f16662e7f/element/f.06EF3401E30AE3EE31C7C1ABA64024F7.d.25E199E54E50D9516023B87E2077D351.e.3/value'
16:35:56.157 [Forwarding sendKeysToElement on session ce58549c9b669d391e23640f16662e7f to remote] DEBUG org.asynchttpclient.netty.request.NettyRequestSender - Using open Channel [id: 0x2c50df9f, L:/127.0.0.1:56854 - R:localhost/127.0.0.1:1461] for POST '/session/ce58549c9b669d391e23640f16662e7f/element/f.06EF3401E30AE3EE31C7C1ABA64024F7.d.25E199E54E50D9516023B87E2077D351.e.3/value'
16:35:56.510 [AsyncHttpClient-1-5] DEBUG org.asynchttpclient.netty.handler.HttpHandler - 

Request DefaultHttpRequest(decodeResult: success, version: HTTP/1.1)
POST /session/ce58549c9b669d391e23640f16662e7f/element/f.06EF3401E30AE3EE31C7C1ABA64024F7.d.25E199E54E50D9516023B87E2077D351.e.3/value HTTP/1.1
User-Agent: selenium/4.12.1 (java windows)
Content-Length: 418
Content-Type: application/json; charset=utf-8
host: localhost:1461
accept: */*

Response DefaultHttpResponse(decodeResult: success, version: HTTP/1.1)
HTTP/1.1 200 OK
Content-Length: 14
Content-Type: application/json; charset=utf-8
cache-control: no-cache

16:35:56.510 [AsyncHttpClient-1-5] DEBUG org.asynchttpclient.netty.channel.ChannelManager - Adding key: http://localhost:1461 for channel [id: 0x2c50df9f, L:/127.0.0.1:56854 - R:localhost/127.0.0.1:1461]
16:35:56.513 [Forwarding findElement on session ce58549c9b669d391e23640f16662e7f to remote] DEBUG org.asynchttpclient.netty.request.NettyRequestSender - Using pooled Channel '[id: 0x2c50df9f, L:/127.0.0.1:56854 - R:localhost/127.0.0.1:1461]' for 'POST' to 'http://localhost:1461/session/ce58549c9b669d391e23640f16662e7f/element'
16:35:56.513 [Forwarding findElement on session ce58549c9b669d391e23640f16662e7f to remote] DEBUG org.asynchttpclient.netty.request.NettyRequestSender - Using open Channel [id: 0x2c50df9f, L:/127.0.0.1:56854 - R:localhost/127.0.0.1:1461] for POST '/session/ce58549c9b669d391e23640f16662e7f/element'
16:35:56.537 [AsyncHttpClient-1-5] DEBUG org.asynchttpclient.netty.handler.HttpHandler - 

Request DefaultHttpRequest(decodeResult: success, version: HTTP/1.1)
POST /session/ce58549c9b669d391e23640f16662e7f/element HTTP/1.1
User-Agent: selenium/4.12.1 (java windows)
Content-Length: 109
Content-Type: application/json; charset=utf-8
host: localhost:1461
accept: */*

Response DefaultHttpResponse(decodeResult: success, version: HTTP/1.1)
HTTP/1.1 200 OK
Content-Length: 125
Content-Type: application/json; charset=utf-8
cache-control: no-cache

16:35:56.537 [AsyncHttpClient-1-5] DEBUG org.asynchttpclient.netty.channel.ChannelManager - Adding key: http://localhost:1461 for channel [id: 0x2c50df9f, L:/127.0.0.1:56854 - R:localhost/127.0.0.1:1461]
16:35:56.540 [Forwarding sendKeysToElement on session ce58549c9b669d391e23640f16662e7f to remote] DEBUG org.asynchttpclient.netty.request.NettyRequestSender - Using pooled Channel '[id: 0x2c50df9f, L:/127.0.0.1:56854 - R:localhost/127.0.0.1:1461]' for 'POST' to 'http://localhost:1461/session/ce58549c9b669d391e23640f16662e7f/element/f.06EF3401E30AE3EE31C7C1ABA64024F7.d.25E199E54E50D9516023B87E2077D351.e.4/value'
16:35:56.541 [Forwarding sendKeysToElement on session ce58549c9b669d391e23640f16662e7f to remote] DEBUG org.asynchttpclient.netty.request.NettyRequestSender - Using open Channel [id: 0x2c50df9f, L:/127.0.0.1:56854 - R:localhost/127.0.0.1:1461] for POST '/session/ce58549c9b669d391e23640f16662e7f/element/f.06EF3401E30AE3EE31C7C1ABA64024F7.d.25E199E54E50D9516023B87E2077D351.e.4/value'
16:35:56.636 [AsyncHttpClient-1-5] DEBUG org.asynchttpclient.netty.handler.HttpHandler - 

Request DefaultHttpRequest(decodeResult: success, version: HTTP/1.1)
POST /session/ce58549c9b669d391e23640f16662e7f/element/f.06EF3401E30AE3EE31C7C1ABA64024F7.d.25E199E54E50D9516023B87E2077D351.e.4/value HTTP/1.1
User-Agent: selenium/4.12.1 (java windows)
Content-Length: 188
Content-Type: application/json; charset=utf-8
host: localhost:1461
accept: */*

Response DefaultHttpResponse(decodeResult: success, version: HTTP/1.1)
HTTP/1.1 200 OK
Content-Length: 14
Content-Type: application/json; charset=utf-8
cache-control: no-cache

16:35:56.636 [AsyncHttpClient-1-5] DEBUG org.asynchttpclient.netty.channel.ChannelManager - Adding key: http://localhost:1461 for channel [id: 0x2c50df9f, L:/127.0.0.1:56854 - R:localhost/127.0.0.1:1461]
16:35:56.637 [Forwarding findElement on session ce58549c9b669d391e23640f16662e7f to remote] DEBUG org.asynchttpclient.netty.request.NettyRequestSender - Using pooled Channel '[id: 0x2c50df9f, L:/127.0.0.1:56854 - R:localhost/127.0.0.1:1461]' for 'POST' to 'http://localhost:1461/session/ce58549c9b669d391e23640f16662e7f/element'
16:35:56.638 [Forwarding findElement on session ce58549c9b669d391e23640f16662e7f to remote] DEBUG org.asynchttpclient.netty.request.NettyRequestSender - Using open Channel [id: 0x2c50df9f, L:/127.0.0.1:56854 - R:localhost/127.0.0.1:1461] for POST '/session/ce58549c9b669d391e23640f16662e7f/element'
16:35:56.655 [AsyncHttpClient-1-5] DEBUG org.asynchttpclient.netty.handler.HttpHandler - 

Request DefaultHttpRequest(decodeResult: success, version: HTTP/1.1)
POST /session/ce58549c9b669d391e23640f16662e7f/element HTTP/1.1
User-Agent: selenium/4.12.1 (java windows)
Content-Length: 57
Content-Type: application/json; charset=utf-8
host: localhost:1461
accept: */*

Response DefaultHttpResponse(decodeResult: success, version: HTTP/1.1)
HTTP/1.1 200 OK
Content-Length: 125
Content-Type: application/json; charset=utf-8
cache-control: no-cache

16:35:56.655 [AsyncHttpClient-1-5] DEBUG org.asynchttpclient.netty.channel.ChannelManager - Adding key: http://localhost:1461 for channel [id: 0x2c50df9f, L:/127.0.0.1:56854 - R:localhost/127.0.0.1:1461]
16:35:56.657 [Forwarding clickElement on session ce58549c9b669d391e23640f16662e7f to remote] DEBUG org.asynchttpclient.netty.request.NettyRequestSender - Using pooled Channel '[id: 0x2c50df9f, L:/127.0.0.1:56854 - R:localhost/127.0.0.1:1461]' for 'POST' to 'http://localhost:1461/session/ce58549c9b669d391e23640f16662e7f/element/f.06EF3401E30AE3EE31C7C1ABA64024F7.d.25E199E54E50D9516023B87E2077D351.e.5/click'
16:35:56.657 [Forwarding clickElement on session ce58549c9b669d391e23640f16662e7f to remote] DEBUG org.asynchttpclient.netty.request.NettyRequestSender - Using open Channel [id: 0x2c50df9f, L:/127.0.0.1:56854 - R:localhost/127.0.0.1:1461] for POST '/session/ce58549c9b669d391e23640f16662e7f/element/f.06EF3401E30AE3EE31C7C1ABA64024F7.d.25E199E54E50D9516023B87E2077D351.e.5/click'
16:35:56.732 [AsyncHttpClient-1-5] DEBUG org.asynchttpclient.netty.handler.HttpHandler - 

Request DefaultHttpRequest(decodeResult: success, version: HTTP/1.1)
POST /session/ce58549c9b669d391e23640f16662e7f/element/f.06EF3401E30AE3EE31C7C1ABA64024F7.d.25E199E54E50D9516023B87E2077D351.e.5/click HTTP/1.1
User-Agent: selenium/4.12.1 (java windows)
Content-Length: 87
Content-Type: application/json; charset=utf-8
host: localhost:1461
accept: */*

Response DefaultHttpResponse(decodeResult: success, version: HTTP/1.1)
HTTP/1.1 200 OK
Content-Length: 14
Content-Type: application/json; charset=utf-8
cache-control: no-cache

16:35:56.733 [AsyncHttpClient-1-5] DEBUG org.asynchttpclient.netty.channel.ChannelManager - Adding key: http://localhost:1461 for channel [id: 0x2c50df9f, L:/127.0.0.1:56854 - R:localhost/127.0.0.1:1461]
16:35:56.735 [Forwarding findElement on session ce58549c9b669d391e23640f16662e7f to remote] DEBUG org.asynchttpclient.netty.request.NettyRequestSender - Using pooled Channel '[id: 0x2c50df9f, L:/127.0.0.1:56854 - R:localhost/127.0.0.1:1461]' for 'POST' to 'http://localhost:1461/session/ce58549c9b669d391e23640f16662e7f/element'
16:35:56.735 [Forwarding findElement on session ce58549c9b669d391e23640f16662e7f to remote] DEBUG org.asynchttpclient.netty.request.NettyRequestSender - Using open Channel [id: 0x2c50df9f, L:/127.0.0.1:56854 - R:localhost/127.0.0.1:1461] for POST '/session/ce58549c9b669d391e23640f16662e7f/element'
16:35:56.752 [AsyncHttpClient-1-5] DEBUG org.asynchttpclient.netty.handler.HttpHandler - 

Request DefaultHttpRequest(decodeResult: success, version: HTTP/1.1)
POST /session/ce58549c9b669d391e23640f16662e7f/element HTTP/1.1
User-Agent: selenium/4.12.1 (java windows)
Content-Length: 167
Content-Type: application/json; charset=utf-8
host: localhost:1461
accept: */*

Response DefaultHttpResponse(decodeResult: success, version: HTTP/1.1)
HTTP/1.1 404 Not Found
Content-Length: 1108
Content-Type: application/json; charset=utf-8
cache-control: no-cache

16:35:56.752 [AsyncHttpClient-1-5] DEBUG org.asynchttpclient.netty.channel.ChannelManager - Adding key: http://localhost:1461 for channel [id: 0x2c50df9f, L:/127.0.0.1:56854 - R:localhost/127.0.0.1:1461]
16:35:56.883 [AsyncHttpClient-1-1] DEBUG org.asynchttpclient.netty.channel.DefaultChannelPool - Entry count for : http://localhost:56857 : 1
16:35:56.883 [AsyncHttpClient-1-1] DEBUG org.asynchttpclient.netty.channel.DefaultChannelPool - Entry count for : http://localhost:1461 : 1
16:35:57.260 [Forwarding findElement on session ce58549c9b669d391e23640f16662e7f to remote] DEBUG org.asynchttpclient.netty.request.NettyRequestSender - Using pooled Channel '[id: 0x2c50df9f, L:/127.0.0.1:56854 - R:localhost/127.0.0.1:1461]' for 'POST' to 'http://localhost:1461/session/ce58549c9b669d391e23640f16662e7f/element'
16:35:57.266 [Forwarding findElement on session ce58549c9b669d391e23640f16662e7f to remote] DEBUG org.asynchttpclient.netty.request.NettyRequestSender - Using open Channel [id: 0x2c50df9f, L:/127.0.0.1:56854 - R:localhost/127.0.0.1:1461] for POST '/session/ce58549c9b669d391e23640f16662e7f/element'
16:35:57.291 [AsyncHttpClient-1-5] DEBUG org.asynchttpclient.netty.handler.HttpHandler - 

Request DefaultHttpRequest(decodeResult: success, version: HTTP/1.1)
POST /session/ce58549c9b669d391e23640f16662e7f/element HTTP/1.1
User-Agent: selenium/4.12.1 (java windows)
Content-Length: 167
Content-Type: application/json; charset=utf-8
host: localhost:1461
accept: */*

Response DefaultHttpResponse(decodeResult: success, version: HTTP/1.1)
HTTP/1.1 404 Not Found
Content-Length: 1108
Content-Type: application/json; charset=utf-8
cache-control: no-cache

16:35:57.292 [AsyncHttpClient-1-5] DEBUG org.asynchttpclient.netty.channel.ChannelManager - Adding key: http://localhost:1461 for channel [id: 0x2c50df9f, L:/127.0.0.1:56854 - R:localhost/127.0.0.1:1461]
16:35:57.807 [Forwarding findElement on session ce58549c9b669d391e23640f16662e7f to remote] DEBUG org.asynchttpclient.netty.request.NettyRequestSender - Using pooled Channel '[id: 0x2c50df9f, L:/127.0.0.1:56854 - R:localhost/127.0.0.1:1461]' for 'POST' to 'http://localhost:1461/session/ce58549c9b669d391e23640f16662e7f/element'
16:35:57.807 [Forwarding findElement on session ce58549c9b669d391e23640f16662e7f to remote] DEBUG org.asynchttpclient.netty.request.NettyRequestSender - Using open Channel [id: 0x2c50df9f, L:/127.0.0.1:56854 - R:localhost/127.0.0.1:1461] for POST '/session/ce58549c9b669d391e23640f16662e7f/element'
16:35:57.819 [AsyncHttpClient-1-5] DEBUG org.asynchttpclient.netty.handler.HttpHandler - 

Request DefaultHttpRequest(decodeResult: success, version: HTTP/1.1)
POST /session/ce58549c9b669d391e23640f16662e7f/element HTTP/1.1
User-Agent: selenium/4.12.1 (java windows)
Content-Length: 167
Content-Type: application/json; charset=utf-8
host: localhost:1461
accept: */*

Response DefaultHttpResponse(decodeResult: success, version: HTTP/1.1)
HTTP/1.1 404 Not Found
Content-Length: 1108
Content-Type: application/json; charset=utf-8
cache-control: no-cache

16:35:57.819 [AsyncHttpClient-1-5] DEBUG org.asynchttpclient.netty.channel.ChannelManager - Adding key: http://localhost:1461 for channel [id: 0x2c50df9f, L:/127.0.0.1:56854 - R:localhost/127.0.0.1:1461]
16:35:57.979 [AsyncHttpClient-1-1] DEBUG org.asynchttpclient.netty.channel.DefaultChannelPool - Entry count for : http://localhost:56857 : 1
16:35:57.979 [AsyncHttpClient-1-1] DEBUG org.asynchttpclient.netty.channel.DefaultChannelPool - Entry count for : http://localhost:1461 : 1
16:35:58.335 [Forwarding findElement on session ce58549c9b669d391e23640f16662e7f to remote] DEBUG org.asynchttpclient.netty.request.NettyRequestSender - Using pooled Channel '[id: 0x2c50df9f, L:/127.0.0.1:56854 - R:localhost/127.0.0.1:1461]' for 'POST' to 'http://localhost:1461/session/ce58549c9b669d391e23640f16662e7f/element'
16:35:58.335 [Forwarding findElement on session ce58549c9b669d391e23640f16662e7f to remote] DEBUG org.asynchttpclient.netty.request.NettyRequestSender - Using open Channel [id: 0x2c50df9f, L:/127.0.0.1:56854 - R:localhost/127.0.0.1:1461] for POST '/session/ce58549c9b669d391e23640f16662e7f/element'
16:35:58.346 [AsyncHttpClient-1-5] DEBUG org.asynchttpclient.netty.handler.HttpHandler - 

Request DefaultHttpRequest(decodeResult: success, version: HTTP/1.1)
POST /session/ce58549c9b669d391e23640f16662e7f/element HTTP/1.1
User-Agent: selenium/4.12.1 (java windows)
Content-Length: 167
Content-Type: application/json; charset=utf-8
host: localhost:1461
accept: */*

Response DefaultHttpResponse(decodeResult: success, version: HTTP/1.1)
HTTP/1.1 404 Not Found
Content-Length: 1108
Content-Type: application/json; charset=utf-8
cache-control: no-cache

16:35:58.346 [AsyncHttpClient-1-5] DEBUG org.asynchttpclient.netty.channel.ChannelManager - Adding key: http://localhost:1461 for channel [id: 0x2c50df9f, L:/127.0.0.1:56854 - R:localhost/127.0.0.1:1461]
16:35:58.864 [Forwarding findElement on session ce58549c9b669d391e23640f16662e7f to remote] DEBUG org.asynchttpclient.netty.request.NettyRequestSender - Using pooled Channel '[id: 0x2c50df9f, L:/127.0.0.1:56854 - R:localhost/127.0.0.1:1461]' for 'POST' to 'http://localhost:1461/session/ce58549c9b669d391e23640f16662e7f/element'
16:35:58.864 [Forwarding findElement on session ce58549c9b669d391e23640f16662e7f to remote] DEBUG org.asynchttpclient.netty.request.NettyRequestSender - Using open Channel [id: 0x2c50df9f, L:/127.0.0.1:56854 - R:localhost/127.0.0.1:1461] for POST '/session/ce58549c9b669d391e23640f16662e7f/element'
16:35:58.876 [AsyncHttpClient-1-5] DEBUG org.asynchttpclient.netty.handler.HttpHandler - 

Request DefaultHttpRequest(decodeResult: success, version: HTTP/1.1)
POST /session/ce58549c9b669d391e23640f16662e7f/element HTTP/1.1
User-Agent: selenium/4.12.1 (java windows)
Content-Length: 167
Content-Type: application/json; charset=utf-8
host: localhost:1461
accept: */*

Response DefaultHttpResponse(decodeResult: success, version: HTTP/1.1)
HTTP/1.1 404 Not Found
Content-Length: 1108
Content-Type: application/json; charset=utf-8
cache-control: no-cache

16:35:58.876 [AsyncHttpClient-1-5] DEBUG org.asynchttpclient.netty.channel.ChannelManager - Adding key: http://localhost:1461 for channel [id: 0x2c50df9f, L:/127.0.0.1:56854 - R:localhost/127.0.0.1:1461]
16:35:59.083 [AsyncHttpClient-1-1] DEBUG org.asynchttpclient.netty.channel.DefaultChannelPool - Entry count for : http://localhost:56857 : 1
16:35:59.083 [AsyncHttpClient-1-1] DEBUG org.asynchttpclient.netty.channel.DefaultChannelPool - Entry count for : http://localhost:1461 : 1
16:35:59.393 [Forwarding findElement on session ce58549c9b669d391e23640f16662e7f to remote] DEBUG org.asynchttpclient.netty.request.NettyRequestSender - Using pooled Channel '[id: 0x2c50df9f, L:/127.0.0.1:56854 - R:localhost/127.0.0.1:1461]' for 'POST' to 'http://localhost:1461/session/ce58549c9b669d391e23640f16662e7f/element'
16:35:59.393 [Forwarding findElement on session ce58549c9b669d391e23640f16662e7f to remote] DEBUG org.asynchttpclient.netty.request.NettyRequestSender - Using open Channel [id: 0x2c50df9f, L:/127.0.0.1:56854 - R:localhost/127.0.0.1:1461] for POST '/session/ce58549c9b669d391e23640f16662e7f/element'
16:35:59.405 [AsyncHttpClient-1-5] DEBUG org.asynchttpclient.netty.handler.HttpHandler - 

Request DefaultHttpRequest(decodeResult: success, version: HTTP/1.1)
POST /session/ce58549c9b669d391e23640f16662e7f/element HTTP/1.1
User-Agent: selenium/4.12.1 (java windows)
Content-Length: 167
Content-Type: application/json; charset=utf-8
host: localhost:1461
accept: */*

Response DefaultHttpResponse(decodeResult: success, version: HTTP/1.1)
HTTP/1.1 404 Not Found
Content-Length: 1108
Content-Type: application/json; charset=utf-8
cache-control: no-cache

16:35:59.406 [AsyncHttpClient-1-5] DEBUG org.asynchttpclient.netty.channel.ChannelManager - Adding key: http://localhost:1461 for channel [id: 0x2c50df9f, L:/127.0.0.1:56854 - R:localhost/127.0.0.1:1461]
16:35:59.910 [Forwarding findElement on session ce58549c9b669d391e23640f16662e7f to remote] DEBUG org.asynchttpclient.netty.request.NettyRequestSender - Using pooled Channel '[id: 0x2c50df9f, L:/127.0.0.1:56854 - R:localhost/127.0.0.1:1461]' for 'POST' to 'http://localhost:1461/session/ce58549c9b669d391e23640f16662e7f/element'
16:35:59.911 [Forwarding findElement on session ce58549c9b669d391e23640f16662e7f to remote] DEBUG org.asynchttpclient.netty.request.NettyRequestSender - Using open Channel [id: 0x2c50df9f, L:/127.0.0.1:56854 - R:localhost/127.0.0.1:1461] for POST '/session/ce58549c9b669d391e23640f16662e7f/element'
16:35:59.922 [AsyncHttpClient-1-5] DEBUG org.asynchttpclient.netty.handler.HttpHandler - 

Request DefaultHttpRequest(decodeResult: success, version: HTTP/1.1)
POST /session/ce58549c9b669d391e23640f16662e7f/element HTTP/1.1
User-Agent: selenium/4.12.1 (java windows)
Content-Length: 167
Content-Type: application/json; charset=utf-8
host: localhost:1461
accept: */*

Response DefaultHttpResponse(decodeResult: success, version: HTTP/1.1)
HTTP/1.1 404 Not Found
Content-Length: 1108
Content-Type: application/json; charset=utf-8
cache-control: no-cache

16:35:59.923 [AsyncHttpClient-1-5] DEBUG org.asynchttpclient.netty.channel.ChannelManager - Adding key: http://localhost:1461 for channel [id: 0x2c50df9f, L:/127.0.0.1:56854 - R:localhost/127.0.0.1:1461]
16:36:00.179 [AsyncHttpClient-1-1] DEBUG org.asynchttpclient.netty.channel.DefaultChannelPool - Entry count for : http://localhost:56857 : 1
16:36:00.179 [AsyncHttpClient-1-1] DEBUG org.asynchttpclient.netty.channel.DefaultChannelPool - Entry count for : http://localhost:1461 : 1
16:36:00.425 [Forwarding findElement on session ce58549c9b669d391e23640f16662e7f to remote] DEBUG org.asynchttpclient.netty.request.NettyRequestSender - Using pooled Channel '[id: 0x2c50df9f, L:/127.0.0.1:56854 - R:localhost/127.0.0.1:1461]' for 'POST' to 'http://localhost:1461/session/ce58549c9b669d391e23640f16662e7f/element'
16:36:00.425 [Forwarding findElement on session ce58549c9b669d391e23640f16662e7f to remote] DEBUG org.asynchttpclient.netty.request.NettyRequestSender - Using open Channel [id: 0x2c50df9f, L:/127.0.0.1:56854 - R:localhost/127.0.0.1:1461] for POST '/session/ce58549c9b669d391e23640f16662e7f/element'
16:36:00.437 [AsyncHttpClient-1-5] DEBUG org.asynchttpclient.netty.handler.HttpHandler - 

Request DefaultHttpRequest(decodeResult: success, version: HTTP/1.1)
POST /session/ce58549c9b669d391e23640f16662e7f/element HTTP/1.1
User-Agent: selenium/4.12.1 (java windows)
Content-Length: 167
Content-Type: application/json; charset=utf-8
host: localhost:1461
accept: */*

Response DefaultHttpResponse(decodeResult: success, version: HTTP/1.1)
HTTP/1.1 404 Not Found
Content-Length: 1108
Content-Type: application/json; charset=utf-8
cache-control: no-cache

16:36:00.438 [AsyncHttpClient-1-5] DEBUG org.asynchttpclient.netty.channel.ChannelManager - Adding key: http://localhost:1461 for channel [id: 0x2c50df9f, L:/127.0.0.1:56854 - R:localhost/127.0.0.1:1461]
16:36:00.942 [Forwarding findElement on session ce58549c9b669d391e23640f16662e7f to remote] DEBUG org.asynchttpclient.netty.request.NettyRequestSender - Using pooled Channel '[id: 0x2c50df9f, L:/127.0.0.1:56854 - R:localhost/127.0.0.1:1461]' for 'POST' to 'http://localhost:1461/session/ce58549c9b669d391e23640f16662e7f/element'
16:36:00.942 [Forwarding findElement on session ce58549c9b669d391e23640f16662e7f to remote] DEBUG org.asynchttpclient.netty.request.NettyRequestSender - Using open Channel [id: 0x2c50df9f, L:/127.0.0.1:56854 - R:localhost/127.0.0.1:1461] for POST '/session/ce58549c9b669d391e23640f16662e7f/element'
16:36:00.954 [AsyncHttpClient-1-5] DEBUG org.asynchttpclient.netty.handler.HttpHandler - 

Request DefaultHttpRequest(decodeResult: success, version: HTTP/1.1)
POST /session/ce58549c9b669d391e23640f16662e7f/element HTTP/1.1
User-Agent: selenium/4.12.1 (java windows)
Content-Length: 167
Content-Type: application/json; charset=utf-8
host: localhost:1461
accept: */*

Response DefaultHttpResponse(decodeResult: success, version: HTTP/1.1)
HTTP/1.1 404 Not Found
Content-Length: 1108
Content-Type: application/json; charset=utf-8
cache-control: no-cache

16:36:00.954 [AsyncHttpClient-1-5] DEBUG org.asynchttpclient.netty.channel.ChannelManager - Adding key: http://localhost:1461 for channel [id: 0x2c50df9f, L:/127.0.0.1:56854 - R:localhost/127.0.0.1:1461]
16:36:01.285 [AsyncHttpClient-1-1] DEBUG org.asynchttpclient.netty.channel.DefaultChannelPool - Entry count for : http://localhost:56857 : 1
16:36:01.285 [AsyncHttpClient-1-1] DEBUG org.asynchttpclient.netty.channel.DefaultChannelPool - Entry count for : http://localhost:1461 : 1
16:36:01.461 [Forwarding findElement on session ce58549c9b669d391e23640f16662e7f to remote] DEBUG org.asynchttpclient.netty.request.NettyRequestSender - Using pooled Channel '[id: 0x2c50df9f, L:/127.0.0.1:56854 - R:localhost/127.0.0.1:1461]' for 'POST' to 'http://localhost:1461/session/ce58549c9b669d391e23640f16662e7f/element'
16:36:01.461 [Forwarding findElement on session ce58549c9b669d391e23640f16662e7f to remote] DEBUG org.asynchttpclient.netty.request.NettyRequestSender - Using open Channel [id: 0x2c50df9f, L:/127.0.0.1:56854 - R:localhost/127.0.0.1:1461] for POST '/session/ce58549c9b669d391e23640f16662e7f/element'
16:36:01.502 [AsyncHttpClient-1-5] DEBUG org.asynchttpclient.netty.handler.HttpHandler - 

Request DefaultHttpRequest(decodeResult: success, version: HTTP/1.1)
POST /session/ce58549c9b669d391e23640f16662e7f/element HTTP/1.1
User-Agent: selenium/4.12.1 (java windows)
Content-Length: 167
Content-Type: application/json; charset=utf-8
host: localhost:1461
accept: */*

Response DefaultHttpResponse(decodeResult: success, version: HTTP/1.1)
HTTP/1.1 404 Not Found
Content-Length: 1108
Content-Type: application/json; charset=utf-8
cache-control: no-cache

16:36:01.502 [AsyncHttpClient-1-5] DEBUG org.asynchttpclient.netty.channel.ChannelManager - Adding key: http://localhost:1461 for channel [id: 0x2c50df9f, L:/127.0.0.1:56854 - R:localhost/127.0.0.1:1461]
16:36:02.019 [Forwarding findElement on session ce58549c9b669d391e23640f16662e7f to remote] DEBUG org.asynchttpclient.netty.request.NettyRequestSender - Using pooled Channel '[id: 0x2c50df9f, L:/127.0.0.1:56854 - R:localhost/127.0.0.1:1461]' for 'POST' to 'http://localhost:1461/session/ce58549c9b669d391e23640f16662e7f/element'
16:36:02.019 [Forwarding findElement on session ce58549c9b669d391e23640f16662e7f to remote] DEBUG org.asynchttpclient.netty.request.NettyRequestSender - Using open Channel [id: 0x2c50df9f, L:/127.0.0.1:56854 - R:localhost/127.0.0.1:1461] for POST '/session/ce58549c9b669d391e23640f16662e7f/element'
16:36:02.031 [AsyncHttpClient-1-5] DEBUG org.asynchttpclient.netty.handler.HttpHandler - 

Request DefaultHttpRequest(decodeResult: success, version: HTTP/1.1)
POST /session/ce58549c9b669d391e23640f16662e7f/element HTTP/1.1
User-Agent: selenium/4.12.1 (java windows)
Content-Length: 167
Content-Type: application/json; charset=utf-8
host: localhost:1461
accept: */*

Response DefaultHttpResponse(decodeResult: success, version: HTTP/1.1)
HTTP/1.1 404 Not Found
Content-Length: 1108
Content-Type: application/json; charset=utf-8
cache-control: no-cache

16:36:02.031 [AsyncHttpClient-1-5] DEBUG org.asynchttpclient.netty.channel.ChannelManager - Adding key: http://localhost:1461 for channel [id: 0x2c50df9f, L:/127.0.0.1:56854 - R:localhost/127.0.0.1:1461]
16:36:02.378 [AsyncHttpClient-1-1] DEBUG org.asynchttpclient.netty.channel.DefaultChannelPool - Entry count for : http://localhost:56857 : 1
16:36:02.378 [AsyncHttpClient-1-1] DEBUG org.asynchttpclient.netty.channel.DefaultChannelPool - Entry count for : http://localhost:1461 : 1
16:36:02.533 [Forwarding findElement on session ce58549c9b669d391e23640f16662e7f to remote] DEBUG org.asynchttpclient.netty.request.NettyRequestSender - Using pooled Channel '[id: 0x2c50df9f, L:/127.0.0.1:56854 - R:localhost/127.0.0.1:1461]' for 'POST' to 'http://localhost:1461/session/ce58549c9b669d391e23640f16662e7f/element'
16:36:02.533 [Forwarding findElement on session ce58549c9b669d391e23640f16662e7f to remote] DEBUG org.asynchttpclient.netty.request.NettyRequestSender - Using open Channel [id: 0x2c50df9f, L:/127.0.0.1:56854 - R:localhost/127.0.0.1:1461] for POST '/session/ce58549c9b669d391e23640f16662e7f/element'
16:36:02.733 [AsyncHttpClient-1-5] DEBUG org.asynchttpclient.netty.handler.HttpHandler - 

Request DefaultHttpRequest(decodeResult: success, version: HTTP/1.1)
POST /session/ce58549c9b669d391e23640f16662e7f/element HTTP/1.1
User-Agent: selenium/4.12.1 (java windows)
Content-Length: 167
Content-Type: application/json; charset=utf-8
host: localhost:1461
accept: */*

Response DefaultHttpResponse(decodeResult: success, version: HTTP/1.1)
HTTP/1.1 404 Not Found
Content-Length: 1108
Content-Type: application/json; charset=utf-8
cache-control: no-cache

16:36:02.733 [AsyncHttpClient-1-5] DEBUG org.asynchttpclient.netty.channel.ChannelManager - Adding key: http://localhost:1461 for channel [id: 0x2c50df9f, L:/127.0.0.1:56854 - R:localhost/127.0.0.1:1461]
16:36:03.236 [Forwarding findElement on session ce58549c9b669d391e23640f16662e7f to remote] DEBUG org.asynchttpclient.netty.request.NettyRequestSender - Using pooled Channel '[id: 0x2c50df9f, L:/127.0.0.1:56854 - R:localhost/127.0.0.1:1461]' for 'POST' to 'http://localhost:1461/session/ce58549c9b669d391e23640f16662e7f/element'
16:36:03.236 [Forwarding findElement on session ce58549c9b669d391e23640f16662e7f to remote] DEBUG org.asynchttpclient.netty.request.NettyRequestSender - Using open Channel [id: 0x2c50df9f, L:/127.0.0.1:56854 - R:localhost/127.0.0.1:1461] for POST '/session/ce58549c9b669d391e23640f16662e7f/element'
16:36:03.248 [AsyncHttpClient-1-5] DEBUG org.asynchttpclient.netty.handler.HttpHandler - 

Request DefaultHttpRequest(decodeResult: success, version: HTTP/1.1)
POST /session/ce58549c9b669d391e23640f16662e7f/element HTTP/1.1
User-Agent: selenium/4.12.1 (java windows)
Content-Length: 167
Content-Type: application/json; charset=utf-8
host: localhost:1461
accept: */*

Response DefaultHttpResponse(decodeResult: success, version: HTTP/1.1)
HTTP/1.1 404 Not Found
Content-Length: 1108
Content-Type: application/json; charset=utf-8
cache-control: no-cache

16:36:03.248 [AsyncHttpClient-1-5] DEBUG org.asynchttpclient.netty.channel.ChannelManager - Adding key: http://localhost:1461 for channel [id: 0x2c50df9f, L:/127.0.0.1:56854 - R:localhost/127.0.0.1:1461]
16:36:03.478 [AsyncHttpClient-1-1] DEBUG org.asynchttpclient.netty.channel.DefaultChannelPool - Entry count for : http://localhost:56857 : 1
16:36:03.478 [AsyncHttpClient-1-1] DEBUG org.asynchttpclient.netty.channel.DefaultChannelPool - Entry count for : http://localhost:1461 : 1
16:36:03.764 [Forwarding findElement on session ce58549c9b669d391e23640f16662e7f to remote] DEBUG org.asynchttpclient.netty.request.NettyRequestSender - Using pooled Channel '[id: 0x2c50df9f, L:/127.0.0.1:56854 - R:localhost/127.0.0.1:1461]' for 'POST' to 'http://localhost:1461/session/ce58549c9b669d391e23640f16662e7f/element'
16:36:03.764 [Forwarding findElement on session ce58549c9b669d391e23640f16662e7f to remote] DEBUG org.asynchttpclient.netty.request.NettyRequestSender - Using open Channel [id: 0x2c50df9f, L:/127.0.0.1:56854 - R:localhost/127.0.0.1:1461] for POST '/session/ce58549c9b669d391e23640f16662e7f/element'
16:36:03.776 [AsyncHttpClient-1-5] DEBUG org.asynchttpclient.netty.handler.HttpHandler - 

Request DefaultHttpRequest(decodeResult: success, version: HTTP/1.1)
POST /session/ce58549c9b669d391e23640f16662e7f/element HTTP/1.1
User-Agent: selenium/4.12.1 (java windows)
Content-Length: 167
Content-Type: application/json; charset=utf-8
host: localhost:1461
accept: */*

Response DefaultHttpResponse(decodeResult: success, version: HTTP/1.1)
HTTP/1.1 404 Not Found
Content-Length: 1108
Content-Type: application/json; charset=utf-8
cache-control: no-cache

16:36:03.776 [AsyncHttpClient-1-5] DEBUG org.asynchttpclient.netty.channel.ChannelManager - Adding key: http://localhost:1461 for channel [id: 0x2c50df9f, L:/127.0.0.1:56854 - R:localhost/127.0.0.1:1461]
16:36:04.279 [Forwarding findElement on session ce58549c9b669d391e23640f16662e7f to remote] DEBUG org.asynchttpclient.netty.request.NettyRequestSender - Using pooled Channel '[id: 0x2c50df9f, L:/127.0.0.1:56854 - R:localhost/127.0.0.1:1461]' for 'POST' to 'http://localhost:1461/session/ce58549c9b669d391e23640f16662e7f/element'
16:36:04.280 [Forwarding findElement on session ce58549c9b669d391e23640f16662e7f to remote] DEBUG org.asynchttpclient.netty.request.NettyRequestSender - Using open Channel [id: 0x2c50df9f, L:/127.0.0.1:56854 - R:localhost/127.0.0.1:1461] for POST '/session/ce58549c9b669d391e23640f16662e7f/element'
16:36:04.291 [AsyncHttpClient-1-5] DEBUG org.asynchttpclient.netty.handler.HttpHandler - 

Request DefaultHttpRequest(decodeResult: success, version: HTTP/1.1)
POST /session/ce58549c9b669d391e23640f16662e7f/element HTTP/1.1
User-Agent: selenium/4.12.1 (java windows)
Content-Length: 167
Content-Type: application/json; charset=utf-8
host: localhost:1461
accept: */*

Response DefaultHttpResponse(decodeResult: success, version: HTTP/1.1)
HTTP/1.1 404 Not Found
Content-Length: 1108
Content-Type: application/json; charset=utf-8
cache-control: no-cache

16:36:04.292 [AsyncHttpClient-1-5] DEBUG org.asynchttpclient.netty.channel.ChannelManager - Adding key: http://localhost:1461 for channel [id: 0x2c50df9f, L:/127.0.0.1:56854 - R:localhost/127.0.0.1:1461]
16:36:04.579 [AsyncHttpClient-1-1] DEBUG org.asynchttpclient.netty.channel.DefaultChannelPool - Entry count for : http://localhost:56857 : 1
16:36:04.580 [AsyncHttpClient-1-1] DEBUG org.asynchttpclient.netty.channel.DefaultChannelPool - Entry count for : http://localhost:1461 : 1
16:36:04.800 [Forwarding findElement on session ce58549c9b669d391e23640f16662e7f to remote] DEBUG org.asynchttpclient.netty.request.NettyRequestSender - Using pooled Channel '[id: 0x2c50df9f, L:/127.0.0.1:56854 - R:localhost/127.0.0.1:1461]' for 'POST' to 'http://localhost:1461/session/ce58549c9b669d391e23640f16662e7f/element'
16:36:04.800 [Forwarding findElement on session ce58549c9b669d391e23640f16662e7f to remote] DEBUG org.asynchttpclient.netty.request.NettyRequestSender - Using open Channel [id: 0x2c50df9f, L:/127.0.0.1:56854 - R:localhost/127.0.0.1:1461] for POST '/session/ce58549c9b669d391e23640f16662e7f/element'
16:36:04.813 [AsyncHttpClient-1-5] DEBUG org.asynchttpclient.netty.handler.HttpHandler - 

Request DefaultHttpRequest(decodeResult: success, version: HTTP/1.1)
POST /session/ce58549c9b669d391e23640f16662e7f/element HTTP/1.1
User-Agent: selenium/4.12.1 (java windows)
Content-Length: 167
Content-Type: application/json; charset=utf-8
host: localhost:1461
accept: */*

Response DefaultHttpResponse(decodeResult: success, version: HTTP/1.1)
HTTP/1.1 404 Not Found
Content-Length: 1108
Content-Type: application/json; charset=utf-8
cache-control: no-cache

16:36:04.813 [AsyncHttpClient-1-5] DEBUG org.asynchttpclient.netty.channel.ChannelManager - Adding key: http://localhost:1461 for channel [id: 0x2c50df9f, L:/127.0.0.1:56854 - R:localhost/127.0.0.1:1461]
16:36:05.315 [Forwarding findElement on session ce58549c9b669d391e23640f16662e7f to remote] DEBUG org.asynchttpclient.netty.request.NettyRequestSender - Using pooled Channel '[id: 0x2c50df9f, L:/127.0.0.1:56854 - R:localhost/127.0.0.1:1461]' for 'POST' to 'http://localhost:1461/session/ce58549c9b669d391e23640f16662e7f/element'
16:36:05.315 [Forwarding findElement on session ce58549c9b669d391e23640f16662e7f to remote] DEBUG org.asynchttpclient.netty.request.NettyRequestSender - Using open Channel [id: 0x2c50df9f, L:/127.0.0.1:56854 - R:localhost/127.0.0.1:1461] for POST '/session/ce58549c9b669d391e23640f16662e7f/element'
16:36:05.331 [AsyncHttpClient-1-5] DEBUG org.asynchttpclient.netty.handler.HttpHandler - 

Request DefaultHttpRequest(decodeResult: success, version: HTTP/1.1)
POST /session/ce58549c9b669d391e23640f16662e7f/element HTTP/1.1
User-Agent: selenium/4.12.1 (java windows)
Content-Length: 167
Content-Type: application/json; charset=utf-8
host: localhost:1461
accept: */*

Response DefaultHttpResponse(decodeResult: success, version: HTTP/1.1)
HTTP/1.1 404 Not Found
Content-Length: 1108
Content-Type: application/json; charset=utf-8
cache-control: no-cache

16:36:05.332 [AsyncHttpClient-1-5] DEBUG org.asynchttpclient.netty.channel.ChannelManager - Adding key: http://localhost:1461 for channel [id: 0x2c50df9f, L:/127.0.0.1:56854 - R:localhost/127.0.0.1:1461]
16:36:05.678 [AsyncHttpClient-1-1] DEBUG org.asynchttpclient.netty.channel.DefaultChannelPool - Entry count for : http://localhost:56857 : 1
16:36:05.678 [AsyncHttpClient-1-1] DEBUG org.asynchttpclient.netty.channel.DefaultChannelPool - Entry count for : http://localhost:1461 : 1
16:36:05.844 [Forwarding findElement on session ce58549c9b669d391e23640f16662e7f to remote] DEBUG org.asynchttpclient.netty.request.NettyRequestSender - Using pooled Channel '[id: 0x2c50df9f, L:/127.0.0.1:56854 - R:localhost/127.0.0.1:1461]' for 'POST' to 'http://localhost:1461/session/ce58549c9b669d391e23640f16662e7f/element'
16:36:05.844 [Forwarding findElement on session ce58549c9b669d391e23640f16662e7f to remote] DEBUG org.asynchttpclient.netty.request.NettyRequestSender - Using open Channel [id: 0x2c50df9f, L:/127.0.0.1:56854 - R:localhost/127.0.0.1:1461] for POST '/session/ce58549c9b669d391e23640f16662e7f/element'
16:36:06.778 [AsyncHttpClient-1-1] DEBUG org.asynchttpclient.netty.channel.DefaultChannelPool - Entry count for : http://localhost:56857 : 1
16:36:07.882 [AsyncHttpClient-1-1] DEBUG org.asynchttpclient.netty.channel.DefaultChannelPool - Entry count for : http://localhost:56857 : 1
16:36:08.979 [AsyncHttpClient-1-1] DEBUG org.asynchttpclient.netty.channel.DefaultChannelPool - Entry count for : http://localhost:56857 : 1
16:36:10.080 [AsyncHttpClient-1-1] DEBUG org.asynchttpclient.netty.channel.DefaultChannelPool - Entry count for : http://localhost:56857 : 1
16:36:11.186 [AsyncHttpClient-1-1] DEBUG org.asynchttpclient.netty.channel.DefaultChannelPool - Entry count for : http://localhost:56857 : 1
16:36:11.790 [AsyncHttpClient-1-5] DEBUG org.asynchttpclient.netty.handler.HttpHandler - 

Request DefaultHttpRequest(decodeResult: success, version: HTTP/1.1)
POST /session/ce58549c9b669d391e23640f16662e7f/element HTTP/1.1
User-Agent: selenium/4.12.1 (java windows)
Content-Length: 167
Content-Type: application/json; charset=utf-8
host: localhost:1461
accept: */*

Response DefaultHttpResponse(decodeResult: success, version: HTTP/1.1)
HTTP/1.1 404 Not Found
Content-Length: 1108
Content-Type: application/json; charset=utf-8
cache-control: no-cache

16:36:11.790 [AsyncHttpClient-1-5] DEBUG org.asynchttpclient.netty.channel.ChannelManager - Adding key: http://localhost:1461 for channel [id: 0x2c50df9f, L:/127.0.0.1:56854 - R:localhost/127.0.0.1:1461]
16:36:12.281 [AsyncHttpClient-1-1] DEBUG org.asynchttpclient.netty.channel.DefaultChannelPool - Entry count for : http://localhost:56857 : 1
16:36:12.281 [AsyncHttpClient-1-1] DEBUG org.asynchttpclient.netty.channel.DefaultChannelPool - Entry count for : http://localhost:1461 : 1
16:36:12.297 [Forwarding findElement on session ce58549c9b669d391e23640f16662e7f to remote] DEBUG org.asynchttpclient.netty.request.NettyRequestSender - Using pooled Channel '[id: 0x2c50df9f, L:/127.0.0.1:56854 - R:localhost/127.0.0.1:1461]' for 'POST' to 'http://localhost:1461/session/ce58549c9b669d391e23640f16662e7f/element'
16:36:12.297 [Forwarding findElement on session ce58549c9b669d391e23640f16662e7f to remote] DEBUG org.asynchttpclient.netty.request.NettyRequestSender - Using open Channel [id: 0x2c50df9f, L:/127.0.0.1:56854 - R:localhost/127.0.0.1:1461] for POST '/session/ce58549c9b669d391e23640f16662e7f/element'
16:36:12.494 [AsyncHttpClient-1-5] DEBUG org.asynchttpclient.netty.handler.HttpHandler - 

Request DefaultHttpRequest(decodeResult: success, version: HTTP/1.1)
POST /session/ce58549c9b669d391e23640f16662e7f/element HTTP/1.1
User-Agent: selenium/4.12.1 (java windows)
Content-Length: 167
Content-Type: application/json; charset=utf-8
host: localhost:1461
accept: */*

Response DefaultHttpResponse(decodeResult: success, version: HTTP/1.1)
HTTP/1.1 200 OK
Content-Length: 126
Content-Type: application/json; charset=utf-8
cache-control: no-cache

16:36:12.494 [AsyncHttpClient-1-5] DEBUG org.asynchttpclient.netty.channel.ChannelManager - Adding key: http://localhost:1461 for channel [id: 0x2c50df9f, L:/127.0.0.1:56854 - R:localhost/127.0.0.1:1461]
16:36:12.498 [Forwarding isElementDisplayed on session ce58549c9b669d391e23640f16662e7f to remote] DEBUG org.asynchttpclient.netty.request.NettyRequestSender - Using pooled Channel '[id: 0x2c50df9f, L:/127.0.0.1:56854 - R:localhost/127.0.0.1:1461]' for 'POST' to 'http://localhost:1461/session/ce58549c9b669d391e23640f16662e7f/execute/sync'
16:36:12.498 [Forwarding isElementDisplayed on session ce58549c9b669d391e23640f16662e7f to remote] DEBUG org.asynchttpclient.netty.request.NettyRequestSender - Using open Channel [id: 0x2c50df9f, L:/127.0.0.1:56854 - R:localhost/127.0.0.1:1461] for POST '/session/ce58549c9b669d391e23640f16662e7f/execute/sync'
16:36:12.520 [AsyncHttpClient-1-5] DEBUG org.asynchttpclient.netty.handler.HttpHandler - 

Request DefaultHttpRequest(decodeResult: success, version: HTTP/1.1)
POST /session/ce58549c9b669d391e23640f16662e7f/execute/sync HTTP/1.1
User-Agent: selenium/4.12.1 (java windows)
Content-Length: 48734
Content-Type: application/json; charset=utf-8
host: localhost:1461
accept: */*

Response DefaultHttpResponse(decodeResult: success, version: HTTP/1.1)
HTTP/1.1 200 OK
Content-Length: 14
Content-Type: application/json; charset=utf-8
cache-control: no-cache

16:36:12.521 [AsyncHttpClient-1-5] DEBUG org.asynchttpclient.netty.channel.ChannelManager - Adding key: http://localhost:1461 for channel [id: 0x2c50df9f, L:/127.0.0.1:56854 - R:localhost/127.0.0.1:1461]
16:36:12.523 [Forwarding findElement on session ce58549c9b669d391e23640f16662e7f to remote] DEBUG org.asynchttpclient.netty.request.NettyRequestSender - Using pooled Channel '[id: 0x2c50df9f, L:/127.0.0.1:56854 - R:localhost/127.0.0.1:1461]' for 'POST' to 'http://localhost:1461/session/ce58549c9b669d391e23640f16662e7f/element'
16:36:12.523 [Forwarding findElement on session ce58549c9b669d391e23640f16662e7f to remote] DEBUG org.asynchttpclient.netty.request.NettyRequestSender - Using open Channel [id: 0x2c50df9f, L:/127.0.0.1:56854 - R:localhost/127.0.0.1:1461] for POST '/session/ce58549c9b669d391e23640f16662e7f/element'
16:36:12.546 [AsyncHttpClient-1-5] DEBUG org.asynchttpclient.netty.handler.HttpHandler - 

Request DefaultHttpRequest(decodeResult: success, version: HTTP/1.1)
POST /session/ce58549c9b669d391e23640f16662e7f/element HTTP/1.1
User-Agent: selenium/4.12.1 (java windows)
Content-Length: 126
Content-Type: application/json; charset=utf-8
host: localhost:1461
accept: */*

Response DefaultHttpResponse(decodeResult: success, version: HTTP/1.1)
HTTP/1.1 200 OK
Content-Length: 126
Content-Type: application/json; charset=utf-8
cache-control: no-cache

16:36:12.547 [AsyncHttpClient-1-5] DEBUG org.asynchttpclient.netty.channel.ChannelManager - Adding key: http://localhost:1461 for channel [id: 0x2c50df9f, L:/127.0.0.1:56854 - R:localhost/127.0.0.1:1461]
16:36:12.551 [Forwarding clickElement on session ce58549c9b669d391e23640f16662e7f to remote] DEBUG org.asynchttpclient.netty.request.NettyRequestSender - Using pooled Channel '[id: 0x2c50df9f, L:/127.0.0.1:56854 - R:localhost/127.0.0.1:1461]' for 'POST' to 'http://localhost:1461/session/ce58549c9b669d391e23640f16662e7f/element/f.06EF3401E30AE3EE31C7C1ABA64024F7.d.25E199E54E50D9516023B87E2077D351.e.18/click'
16:36:12.551 [Forwarding clickElement on session ce58549c9b669d391e23640f16662e7f to remote] DEBUG org.asynchttpclient.netty.request.NettyRequestSender - Using open Channel [id: 0x2c50df9f, L:/127.0.0.1:56854 - R:localhost/127.0.0.1:1461] for POST '/session/ce58549c9b669d391e23640f16662e7f/element/f.06EF3401E30AE3EE31C7C1ABA64024F7.d.25E199E54E50D9516023B87E2077D351.e.18/click'
16:36:12.644 [AsyncHttpClient-1-5] DEBUG org.asynchttpclient.netty.handler.HttpHandler - 

Request DefaultHttpRequest(decodeResult: success, version: HTTP/1.1)
POST /session/ce58549c9b669d391e23640f16662e7f/element/f.06EF3401E30AE3EE31C7C1ABA64024F7.d.25E199E54E50D9516023B87E2077D351.e.18/click HTTP/1.1
User-Agent: selenium/4.12.1 (java windows)
Content-Length: 88
Content-Type: application/json; charset=utf-8
host: localhost:1461
accept: */*

Response DefaultHttpResponse(decodeResult: success, version: HTTP/1.1)
HTTP/1.1 200 OK
Content-Length: 14
Content-Type: application/json; charset=utf-8
cache-control: no-cache

16:36:12.645 [AsyncHttpClient-1-5] DEBUG org.asynchttpclient.netty.channel.ChannelManager - Adding key: http://localhost:1461 for channel [id: 0x2c50df9f, L:/127.0.0.1:56854 - R:localhost/127.0.0.1:1461]
16:36:12.646 [Forwarding getCurrentUrl on session ce58549c9b669d391e23640f16662e7f to remote] DEBUG org.asynchttpclient.netty.request.NettyRequestSender - Using pooled Channel '[id: 0x2c50df9f, L:/127.0.0.1:56854 - R:localhost/127.0.0.1:1461]' for 'GET' to 'http://localhost:1461/session/ce58549c9b669d391e23640f16662e7f/url'
16:36:12.646 [Forwarding getCurrentUrl on session ce58549c9b669d391e23640f16662e7f to remote] DEBUG org.asynchttpclient.netty.request.NettyRequestSender - Using open Channel [id: 0x2c50df9f, L:/127.0.0.1:56854 - R:localhost/127.0.0.1:1461] for GET '/session/ce58549c9b669d391e23640f16662e7f/url'
16:36:12.661 [AsyncHttpClient-1-5] DEBUG org.asynchttpclient.netty.handler.HttpHandler - 

Request DefaultFullHttpRequest(decodeResult: success, version: HTTP/1.1, content: EmptyByteBufBE)
GET /session/ce58549c9b669d391e23640f16662e7f/url HTTP/1.1
Cache-Control: no-cache
User-Agent: selenium/4.12.1 (java windows)
Content-Type: application/json; charset=utf-8
host: localhost:1461
accept: */*

Response DefaultHttpResponse(decodeResult: success, version: HTTP/1.1)
HTTP/1.1 200 OK
Content-Length: 57
Content-Type: application/json; charset=utf-8
cache-control: no-cache

16:36:12.661 [AsyncHttpClient-1-5] DEBUG org.asynchttpclient.netty.channel.ChannelManager - Adding key: http://localhost:1461 for channel [id: 0x2c50df9f, L:/127.0.0.1:56854 - R:localhost/127.0.0.1:1461]
16:36:12.673 [Forwarding findElement on session ce58549c9b669d391e23640f16662e7f to remote] DEBUG org.asynchttpclient.netty.request.NettyRequestSender - Using pooled Channel '[id: 0x2c50df9f, L:/127.0.0.1:56854 - R:localhost/127.0.0.1:1461]' for 'POST' to 'http://localhost:1461/session/ce58549c9b669d391e23640f16662e7f/element'
16:36:12.673 [Forwarding findElement on session ce58549c9b669d391e23640f16662e7f to remote] DEBUG org.asynchttpclient.netty.request.NettyRequestSender - Using open Channel [id: 0x2c50df9f, L:/127.0.0.1:56854 - R:localhost/127.0.0.1:1461] for POST '/session/ce58549c9b669d391e23640f16662e7f/element'
16:36:12.689 [AsyncHttpClient-1-5] DEBUG org.asynchttpclient.netty.handler.HttpHandler - 

Request DefaultHttpRequest(decodeResult: success, version: HTTP/1.1)
POST /session/ce58549c9b669d391e23640f16662e7f/element HTTP/1.1
User-Agent: selenium/4.12.1 (java windows)
Content-Length: 61
Content-Type: application/json; charset=utf-8
host: localhost:1461
accept: */*

Response DefaultHttpResponse(decodeResult: success, version: HTTP/1.1)
HTTP/1.1 404 Not Found
Content-Length: 1057
Content-Type: application/json; charset=utf-8
cache-control: no-cache

16:36:12.689 [AsyncHttpClient-1-5] DEBUG org.asynchttpclient.netty.channel.ChannelManager - Adding key: http://localhost:1461 for channel [id: 0x2c50df9f, L:/127.0.0.1:56854 - R:localhost/127.0.0.1:1461]
16:36:13.193 [Forwarding findElement on session ce58549c9b669d391e23640f16662e7f to remote] DEBUG org.asynchttpclient.netty.request.NettyRequestSender - Using pooled Channel '[id: 0x2c50df9f, L:/127.0.0.1:56854 - R:localhost/127.0.0.1:1461]' for 'POST' to 'http://localhost:1461/session/ce58549c9b669d391e23640f16662e7f/element'
16:36:13.193 [Forwarding findElement on session ce58549c9b669d391e23640f16662e7f to remote] DEBUG org.asynchttpclient.netty.request.NettyRequestSender - Using open Channel [id: 0x2c50df9f, L:/127.0.0.1:56854 - R:localhost/127.0.0.1:1461] for POST '/session/ce58549c9b669d391e23640f16662e7f/element'
16:36:13.205 [AsyncHttpClient-1-5] DEBUG org.asynchttpclient.netty.handler.HttpHandler - 

Request DefaultHttpRequest(decodeResult: success, version: HTTP/1.1)
POST /session/ce58549c9b669d391e23640f16662e7f/element HTTP/1.1
User-Agent: selenium/4.12.1 (java windows)
Content-Length: 61
Content-Type: application/json; charset=utf-8
host: localhost:1461
accept: */*

Response DefaultHttpResponse(decodeResult: success, version: HTTP/1.1)
HTTP/1.1 404 Not Found
Content-Length: 1057
Content-Type: application/json; charset=utf-8
cache-control: no-cache

16:36:13.206 [AsyncHttpClient-1-5] DEBUG org.asynchttpclient.netty.channel.ChannelManager - Adding key: http://localhost:1461 for channel [id: 0x2c50df9f, L:/127.0.0.1:56854 - R:localhost/127.0.0.1:1461]
16:36:13.380 [AsyncHttpClient-1-1] DEBUG org.asynchttpclient.netty.channel.DefaultChannelPool - Entry count for : http://localhost:56857 : 1
16:36:13.382 [AsyncHttpClient-1-1] DEBUG org.asynchttpclient.netty.channel.DefaultChannelPool - Entry count for : http://localhost:1461 : 1
16:36:13.713 [Forwarding findElement on session ce58549c9b669d391e23640f16662e7f to remote] DEBUG org.asynchttpclient.netty.request.NettyRequestSender - Using pooled Channel '[id: 0x2c50df9f, L:/127.0.0.1:56854 - R:localhost/127.0.0.1:1461]' for 'POST' to 'http://localhost:1461/session/ce58549c9b669d391e23640f16662e7f/element'
16:36:13.714 [Forwarding findElement on session ce58549c9b669d391e23640f16662e7f to remote] DEBUG org.asynchttpclient.netty.request.NettyRequestSender - Using open Channel [id: 0x2c50df9f, L:/127.0.0.1:56854 - R:localhost/127.0.0.1:1461] for POST '/session/ce58549c9b669d391e23640f16662e7f/element'
16:36:14.480 [AsyncHttpClient-1-1] DEBUG org.asynchttpclient.netty.channel.DefaultChannelPool - Entry count for : http://localhost:56857 : 1
16:36:15.579 [AsyncHttpClient-1-1] DEBUG org.asynchttpclient.netty.channel.DefaultChannelPool - Entry count for : http://localhost:56857 : 1
16:36:16.679 [AsyncHttpClient-1-1] DEBUG org.asynchttpclient.netty.channel.DefaultChannelPool - Entry count for : http://localhost:56857 : 1
16:36:17.787 [AsyncHttpClient-1-1] DEBUG org.asynchttpclient.netty.channel.DefaultChannelPool - Entry count for : http://localhost:56857 : 1
16:36:18.879 [AsyncHttpClient-1-1] DEBUG org.asynchttpclient.netty.channel.DefaultChannelPool - Entry count for : http://localhost:56857 : 1
16:36:19.580 [AsyncHttpClient-1-5] DEBUG org.asynchttpclient.netty.handler.HttpHandler - 

Request DefaultHttpRequest(decodeResult: success, version: HTTP/1.1)
POST /session/ce58549c9b669d391e23640f16662e7f/element HTTP/1.1
User-Agent: selenium/4.12.1 (java windows)
Content-Length: 61
Content-Type: application/json; charset=utf-8
host: localhost:1461
accept: */*

Response DefaultHttpResponse(decodeResult: success, version: HTTP/1.1)
HTTP/1.1 200 OK
Content-Length: 126
Content-Type: application/json; charset=utf-8
cache-control: no-cache

16:36:19.581 [AsyncHttpClient-1-5] DEBUG org.asynchttpclient.netty.channel.ChannelManager - Adding key: http://localhost:1461 for channel [id: 0x2c50df9f, L:/127.0.0.1:56854 - R:localhost/127.0.0.1:1461]
16:36:19.591 [Forwarding isElementDisplayed on session ce58549c9b669d391e23640f16662e7f to remote] DEBUG org.asynchttpclient.netty.request.NettyRequestSender - Using pooled Channel '[id: 0x2c50df9f, L:/127.0.0.1:56854 - R:localhost/127.0.0.1:1461]' for 'POST' to 'http://localhost:1461/session/ce58549c9b669d391e23640f16662e7f/execute/sync'
16:36:19.591 [Forwarding isElementDisplayed on session ce58549c9b669d391e23640f16662e7f to remote] DEBUG org.asynchttpclient.netty.request.NettyRequestSender - Using open Channel [id: 0x2c50df9f, L:/127.0.0.1:56854 - R:localhost/127.0.0.1:1461] for POST '/session/ce58549c9b669d391e23640f16662e7f/execute/sync'
16:36:19.610 [AsyncHttpClient-1-5] DEBUG org.asynchttpclient.netty.handler.HttpHandler - 

Request DefaultHttpRequest(decodeResult: success, version: HTTP/1.1)
POST /session/ce58549c9b669d391e23640f16662e7f/execute/sync HTTP/1.1
User-Agent: selenium/4.12.1 (java windows)
Content-Length: 48734
Content-Type: application/json; charset=utf-8
host: localhost:1461
accept: */*

Response DefaultHttpResponse(decodeResult: success, version: HTTP/1.1)
HTTP/1.1 200 OK
Content-Length: 14
Content-Type: application/json; charset=utf-8
cache-control: no-cache

16:36:19.610 [AsyncHttpClient-1-5] DEBUG org.asynchttpclient.netty.channel.ChannelManager - Adding key: http://localhost:1461 for channel [id: 0x2c50df9f, L:/127.0.0.1:56854 - R:localhost/127.0.0.1:1461]
16:36:19.612 [Forwarding findElement on session ce58549c9b669d391e23640f16662e7f to remote] DEBUG org.asynchttpclient.netty.request.NettyRequestSender - Using pooled Channel '[id: 0x2c50df9f, L:/127.0.0.1:56854 - R:localhost/127.0.0.1:1461]' for 'POST' to 'http://localhost:1461/session/ce58549c9b669d391e23640f16662e7f/element'
16:36:19.612 [Forwarding findElement on session ce58549c9b669d391e23640f16662e7f to remote] DEBUG org.asynchttpclient.netty.request.NettyRequestSender - Using open Channel [id: 0x2c50df9f, L:/127.0.0.1:56854 - R:localhost/127.0.0.1:1461] for POST '/session/ce58549c9b669d391e23640f16662e7f/element'
16:36:19.624 [AsyncHttpClient-1-5] DEBUG org.asynchttpclient.netty.handler.HttpHandler - 

Request DefaultHttpRequest(decodeResult: success, version: HTTP/1.1)
POST /session/ce58549c9b669d391e23640f16662e7f/element HTTP/1.1
User-Agent: selenium/4.12.1 (java windows)
Content-Length: 61
Content-Type: application/json; charset=utf-8
host: localhost:1461
accept: */*

Response DefaultHttpResponse(decodeResult: success, version: HTTP/1.1)
HTTP/1.1 200 OK
Content-Length: 126
Content-Type: application/json; charset=utf-8
cache-control: no-cache

16:36:19.624 [AsyncHttpClient-1-5] DEBUG org.asynchttpclient.netty.channel.ChannelManager - Adding key: http://localhost:1461 for channel [id: 0x2c50df9f, L:/127.0.0.1:56854 - R:localhost/127.0.0.1:1461]
16:36:19.626 [Forwarding clickElement on session ce58549c9b669d391e23640f16662e7f to remote] DEBUG org.asynchttpclient.netty.request.NettyRequestSender - Using pooled Channel '[id: 0x2c50df9f, L:/127.0.0.1:56854 - R:localhost/127.0.0.1:1461]' for 'POST' to 'http://localhost:1461/session/ce58549c9b669d391e23640f16662e7f/element/f.06EF3401E30AE3EE31C7C1ABA64024F7.d.25E199E54E50D9516023B87E2077D351.e.20/click'
16:36:19.626 [Forwarding clickElement on session ce58549c9b669d391e23640f16662e7f to remote] DEBUG org.asynchttpclient.netty.request.NettyRequestSender - Using open Channel [id: 0x2c50df9f, L:/127.0.0.1:56854 - R:localhost/127.0.0.1:1461] for POST '/session/ce58549c9b669d391e23640f16662e7f/element/f.06EF3401E30AE3EE31C7C1ABA64024F7.d.25E199E54E50D9516023B87E2077D351.e.20/click'
16:36:19.977 [AsyncHttpClient-1-1] DEBUG org.asynchttpclient.netty.channel.DefaultChannelPool - Entry count for : http://localhost:56857 : 1
16:36:21.078 [AsyncHttpClient-1-1] DEBUG org.asynchttpclient.netty.channel.DefaultChannelPool - Entry count for : http://localhost:56857 : 1
16:36:22.179 [AsyncHttpClient-1-1] DEBUG org.asynchttpclient.netty.channel.DefaultChannelPool - Entry count for : http://localhost:56857 : 1
16:36:23.282 [AsyncHttpClient-1-1] DEBUG org.asynchttpclient.netty.channel.DefaultChannelPool - Entry count for : http://localhost:56857 : 1
16:36:24.378 [AsyncHttpClient-1-1] DEBUG org.asynchttpclient.netty.channel.DefaultChannelPool - Entry count for : http://localhost:56857 : 1
16:36:25.480 [AsyncHttpClient-1-1] DEBUG org.asynchttpclient.netty.channel.DefaultChannelPool - Entry count for : http://localhost:56857 : 1
16:36:26.313 [AsyncHttpClient-1-5] DEBUG org.asynchttpclient.netty.handler.HttpHandler - 

Request DefaultHttpRequest(decodeResult: success, version: HTTP/1.1)
POST /session/ce58549c9b669d391e23640f16662e7f/element/f.06EF3401E30AE3EE31C7C1ABA64024F7.d.25E199E54E50D9516023B87E2077D351.e.20/click HTTP/1.1
User-Agent: selenium/4.12.1 (java windows)
Content-Length: 88
Content-Type: application/json; charset=utf-8
host: localhost:1461
accept: */*

Response DefaultHttpResponse(decodeResult: success, version: HTTP/1.1)
HTTP/1.1 200 OK
Content-Length: 14
Content-Type: application/json; charset=utf-8
cache-control: no-cache

16:36:26.313 [AsyncHttpClient-1-5] DEBUG org.asynchttpclient.netty.channel.ChannelManager - Adding key: http://localhost:1461 for channel [id: 0x2c50df9f, L:/127.0.0.1:56854 - R:localhost/127.0.0.1:1461]
16:36:26.893 [AsyncHttpClient-1-1] DEBUG org.asynchttpclient.netty.channel.DefaultChannelPool - Entry count for : http://localhost:56857 : 1
16:36:26.894 [AsyncHttpClient-1-1] DEBUG org.asynchttpclient.netty.channel.DefaultChannelPool - Entry count for : http://localhost:1461 : 1
16:36:27.013 [Forwarding findElement on session ce58549c9b669d391e23640f16662e7f to remote] DEBUG org.asynchttpclient.netty.request.NettyRequestSender - Using pooled Channel '[id: 0x2c50df9f, L:/127.0.0.1:56854 - R:localhost/127.0.0.1:1461]' for 'POST' to 'http://localhost:1461/session/ce58549c9b669d391e23640f16662e7f/element'
16:36:27.013 [Forwarding findElement on session ce58549c9b669d391e23640f16662e7f to remote] DEBUG org.asynchttpclient.netty.request.NettyRequestSender - Using open Channel [id: 0x2c50df9f, L:/127.0.0.1:56854 - R:localhost/127.0.0.1:1461] for POST '/session/ce58549c9b669d391e23640f16662e7f/element'
16:36:27.025 [AsyncHttpClient-1-5] DEBUG org.asynchttpclient.netty.handler.HttpHandler - 

Request DefaultHttpRequest(decodeResult: success, version: HTTP/1.1)
POST /session/ce58549c9b669d391e23640f16662e7f/element HTTP/1.1
User-Agent: selenium/4.12.1 (java windows)
Content-Length: 61
Content-Type: application/json; charset=utf-8
host: localhost:1461
accept: */*

Response DefaultHttpResponse(decodeResult: success, version: HTTP/1.1)
HTTP/1.1 200 OK
Content-Length: 126
Content-Type: application/json; charset=utf-8
cache-control: no-cache

16:36:27.025 [AsyncHttpClient-1-5] DEBUG org.asynchttpclient.netty.channel.ChannelManager - Adding key: http://localhost:1461 for channel [id: 0x2c50df9f, L:/127.0.0.1:56854 - R:localhost/127.0.0.1:1461]
16:36:27.027 [Forwarding sendKeysToElement on session ce58549c9b669d391e23640f16662e7f to remote] DEBUG org.asynchttpclient.netty.request.NettyRequestSender - Using pooled Channel '[id: 0x2c50df9f, L:/127.0.0.1:56854 - R:localhost/127.0.0.1:1461]' for 'POST' to 'http://localhost:1461/session/ce58549c9b669d391e23640f16662e7f/element/f.06EF3401E30AE3EE31C7C1ABA64024F7.d.25E199E54E50D9516023B87E2077D351.e.20/value'
16:36:27.027 [Forwarding sendKeysToElement on session ce58549c9b669d391e23640f16662e7f to remote] DEBUG org.asynchttpclient.netty.request.NettyRequestSender - Using open Channel [id: 0x2c50df9f, L:/127.0.0.1:56854 - R:localhost/127.0.0.1:1461] for POST '/session/ce58549c9b669d391e23640f16662e7f/element/f.06EF3401E30AE3EE31C7C1ABA64024F7.d.25E199E54E50D9516023B87E2077D351.e.20/value'
16:36:27.979 [AsyncHttpClient-1-1] DEBUG org.asynchttpclient.netty.channel.DefaultChannelPool - Entry count for : http://localhost:56857 : 1
16:36:28.264 [AsyncHttpClient-1-5] DEBUG org.asynchttpclient.netty.handler.HttpHandler - 

Request DefaultHttpRequest(decodeResult: success, version: HTTP/1.1)
POST /session/ce58549c9b669d391e23640f16662e7f/element/f.06EF3401E30AE3EE31C7C1ABA64024F7.d.25E199E54E50D9516023B87E2077D351.e.20/value HTTP/1.1
User-Agent: selenium/4.12.1 (java windows)
Content-Length: 143
Content-Type: application/json; charset=utf-8
host: localhost:1461
accept: */*

Response DefaultHttpResponse(decodeResult: success, version: HTTP/1.1)
HTTP/1.1 200 OK
Content-Length: 14
Content-Type: application/json; charset=utf-8
cache-control: no-cache

16:36:28.264 [AsyncHttpClient-1-5] DEBUG org.asynchttpclient.netty.channel.ChannelManager - Adding key: http://localhost:1461 for channel [id: 0x2c50df9f, L:/127.0.0.1:56854 - R:localhost/127.0.0.1:1461]
16:36:28.266 [Forwarding findElement on session ce58549c9b669d391e23640f16662e7f to remote] DEBUG org.asynchttpclient.netty.request.NettyRequestSender - Using pooled Channel '[id: 0x2c50df9f, L:/127.0.0.1:56854 - R:localhost/127.0.0.1:1461]' for 'POST' to 'http://localhost:1461/session/ce58549c9b669d391e23640f16662e7f/element'
16:36:28.266 [Forwarding findElement on session ce58549c9b669d391e23640f16662e7f to remote] DEBUG org.asynchttpclient.netty.request.NettyRequestSender - Using open Channel [id: 0x2c50df9f, L:/127.0.0.1:56854 - R:localhost/127.0.0.1:1461] for POST '/session/ce58549c9b669d391e23640f16662e7f/element'
16:36:28.277 [AsyncHttpClient-1-5] DEBUG org.asynchttpclient.netty.handler.HttpHandler - 

Request DefaultHttpRequest(decodeResult: success, version: HTTP/1.1)
POST /session/ce58549c9b669d391e23640f16662e7f/element HTTP/1.1
User-Agent: selenium/4.12.1 (java windows)
Content-Length: 61
Content-Type: application/json; charset=utf-8
host: localhost:1461
accept: */*

Response DefaultHttpResponse(decodeResult: success, version: HTTP/1.1)
HTTP/1.1 200 OK
Content-Length: 126
Content-Type: application/json; charset=utf-8
cache-control: no-cache

16:36:28.277 [AsyncHttpClient-1-5] DEBUG org.asynchttpclient.netty.channel.ChannelManager - Adding key: http://localhost:1461 for channel [id: 0x2c50df9f, L:/127.0.0.1:56854 - R:localhost/127.0.0.1:1461]
16:36:28.280 [Forwarding sendKeysToElement on session ce58549c9b669d391e23640f16662e7f to remote] DEBUG org.asynchttpclient.netty.request.NettyRequestSender - Using pooled Channel '[id: 0x2c50df9f, L:/127.0.0.1:56854 - R:localhost/127.0.0.1:1461]' for 'POST' to 'http://localhost:1461/session/ce58549c9b669d391e23640f16662e7f/element/f.06EF3401E30AE3EE31C7C1ABA64024F7.d.25E199E54E50D9516023B87E2077D351.e.20/value'
16:36:28.280 [Forwarding sendKeysToElement on session ce58549c9b669d391e23640f16662e7f to remote] DEBUG org.asynchttpclient.netty.request.NettyRequestSender - Using open Channel [id: 0x2c50df9f, L:/127.0.0.1:56854 - R:localhost/127.0.0.1:1461] for POST '/session/ce58549c9b669d391e23640f16662e7f/element/f.06EF3401E30AE3EE31C7C1ABA64024F7.d.25E199E54E50D9516023B87E2077D351.e.20/value'
16:36:28.973 [AsyncHttpClient-1-5] DEBUG org.asynchttpclient.netty.handler.HttpHandler - 

Request DefaultHttpRequest(decodeResult: success, version: HTTP/1.1)
POST /session/ce58549c9b669d391e23640f16662e7f/element/f.06EF3401E30AE3EE31C7C1ABA64024F7.d.25E199E54E50D9516023B87E2077D351.e.20/value HTTP/1.1
User-Agent: selenium/4.12.1 (java windows)
Content-Length: 133
Content-Type: application/json; charset=utf-8
host: localhost:1461
accept: */*

Response DefaultHttpResponse(decodeResult: success, version: HTTP/1.1)
HTTP/1.1 200 OK
Content-Length: 14
Content-Type: application/json; charset=utf-8
cache-control: no-cache

16:36:28.974 [AsyncHttpClient-1-5] DEBUG org.asynchttpclient.netty.channel.ChannelManager - Adding key: http://localhost:1461 for channel [id: 0x2c50df9f, L:/127.0.0.1:56854 - R:localhost/127.0.0.1:1461]
16:36:28.975 [Forwarding findElement on session ce58549c9b669d391e23640f16662e7f to remote] DEBUG org.asynchttpclient.netty.request.NettyRequestSender - Using pooled Channel '[id: 0x2c50df9f, L:/127.0.0.1:56854 - R:localhost/127.0.0.1:1461]' for 'POST' to 'http://localhost:1461/session/ce58549c9b669d391e23640f16662e7f/element'
16:36:28.975 [Forwarding findElement on session ce58549c9b669d391e23640f16662e7f to remote] DEBUG org.asynchttpclient.netty.request.NettyRequestSender - Using open Channel [id: 0x2c50df9f, L:/127.0.0.1:56854 - R:localhost/127.0.0.1:1461] for POST '/session/ce58549c9b669d391e23640f16662e7f/element'
16:36:28.987 [AsyncHttpClient-1-5] DEBUG org.asynchttpclient.netty.handler.HttpHandler - 

Request DefaultHttpRequest(decodeResult: success, version: HTTP/1.1)
POST /session/ce58549c9b669d391e23640f16662e7f/element HTTP/1.1
User-Agent: selenium/4.12.1 (java windows)
Content-Length: 61
Content-Type: application/json; charset=utf-8
host: localhost:1461
accept: */*

Response DefaultHttpResponse(decodeResult: success, version: HTTP/1.1)
HTTP/1.1 200 OK
Content-Length: 126
Content-Type: application/json; charset=utf-8
cache-control: no-cache

16:36:28.987 [AsyncHttpClient-1-5] DEBUG org.asynchttpclient.netty.channel.ChannelManager - Adding key: http://localhost:1461 for channel [id: 0x2c50df9f, L:/127.0.0.1:56854 - R:localhost/127.0.0.1:1461]
16:36:28.989 [Forwarding clickElement on session ce58549c9b669d391e23640f16662e7f to remote] DEBUG org.asynchttpclient.netty.request.NettyRequestSender - Using pooled Channel '[id: 0x2c50df9f, L:/127.0.0.1:56854 - R:localhost/127.0.0.1:1461]' for 'POST' to 'http://localhost:1461/session/ce58549c9b669d391e23640f16662e7f/element/f.06EF3401E30AE3EE31C7C1ABA64024F7.d.25E199E54E50D9516023B87E2077D351.e.20/click'
16:36:28.989 [Forwarding clickElement on session ce58549c9b669d391e23640f16662e7f to remote] DEBUG org.asynchttpclient.netty.request.NettyRequestSender - Using open Channel [id: 0x2c50df9f, L:/127.0.0.1:56854 - R:localhost/127.0.0.1:1461] for POST '/session/ce58549c9b669d391e23640f16662e7f/element/f.06EF3401E30AE3EE31C7C1ABA64024F7.d.25E199E54E50D9516023B87E2077D351.e.20/click'
16:36:29.042 [AsyncHttpClient-1-5] DEBUG org.asynchttpclient.netty.handler.HttpHandler - 

Request DefaultHttpRequest(decodeResult: success, version: HTTP/1.1)
POST /session/ce58549c9b669d391e23640f16662e7f/element/f.06EF3401E30AE3EE31C7C1ABA64024F7.d.25E199E54E50D9516023B87E2077D351.e.20/click HTTP/1.1
User-Agent: selenium/4.12.1 (java windows)
Content-Length: 88
Content-Type: application/json; charset=utf-8
host: localhost:1461
accept: */*

Response DefaultHttpResponse(decodeResult: success, version: HTTP/1.1)
HTTP/1.1 200 OK
Content-Length: 14
Content-Type: application/json; charset=utf-8
cache-control: no-cache

16:36:29.042 [AsyncHttpClient-1-5] DEBUG org.asynchttpclient.netty.channel.ChannelManager - Adding key: http://localhost:1461 for channel [id: 0x2c50df9f, L:/127.0.0.1:56854 - R:localhost/127.0.0.1:1461]
16:36:29.043 [Forwarding findElement on session ce58549c9b669d391e23640f16662e7f to remote] DEBUG org.asynchttpclient.netty.request.NettyRequestSender - Using pooled Channel '[id: 0x2c50df9f, L:/127.0.0.1:56854 - R:localhost/127.0.0.1:1461]' for 'POST' to 'http://localhost:1461/session/ce58549c9b669d391e23640f16662e7f/element'
16:36:29.045 [Forwarding findElement on session ce58549c9b669d391e23640f16662e7f to remote] DEBUG org.asynchttpclient.netty.request.NettyRequestSender - Using open Channel [id: 0x2c50df9f, L:/127.0.0.1:56854 - R:localhost/127.0.0.1:1461] for POST '/session/ce58549c9b669d391e23640f16662e7f/element'
16:36:29.055 [AsyncHttpClient-1-5] DEBUG org.asynchttpclient.netty.handler.HttpHandler - 

Request DefaultHttpRequest(decodeResult: success, version: HTTP/1.1)
POST /session/ce58549c9b669d391e23640f16662e7f/element HTTP/1.1
User-Agent: selenium/4.12.1 (java windows)
Content-Length: 61
Content-Type: application/json; charset=utf-8
host: localhost:1461
accept: */*

Response DefaultHttpResponse(decodeResult: success, version: HTTP/1.1)
HTTP/1.1 200 OK
Content-Length: 126
Content-Type: application/json; charset=utf-8
cache-control: no-cache

16:36:29.055 [AsyncHttpClient-1-5] DEBUG org.asynchttpclient.netty.channel.ChannelManager - Adding key: http://localhost:1461 for channel [id: 0x2c50df9f, L:/127.0.0.1:56854 - R:localhost/127.0.0.1:1461]
16:36:29.058 [Forwarding sendKeysToElement on session ce58549c9b669d391e23640f16662e7f to remote] DEBUG org.asynchttpclient.netty.request.NettyRequestSender - Using pooled Channel '[id: 0x2c50df9f, L:/127.0.0.1:56854 - R:localhost/127.0.0.1:1461]' for 'POST' to 'http://localhost:1461/session/ce58549c9b669d391e23640f16662e7f/element/f.06EF3401E30AE3EE31C7C1ABA64024F7.d.25E199E54E50D9516023B87E2077D351.e.20/value'
16:36:29.058 [Forwarding sendKeysToElement on session ce58549c9b669d391e23640f16662e7f to remote] DEBUG org.asynchttpclient.netty.request.NettyRequestSender - Using open Channel [id: 0x2c50df9f, L:/127.0.0.1:56854 - R:localhost/127.0.0.1:1461] for POST '/session/ce58549c9b669d391e23640f16662e7f/element/f.06EF3401E30AE3EE31C7C1ABA64024F7.d.25E199E54E50D9516023B87E2077D351.e.20/value'
16:36:29.082 [AsyncHttpClient-1-1] DEBUG org.asynchttpclient.netty.channel.DefaultChannelPool - Entry count for : http://localhost:56857 : 1
16:36:29.082 [AsyncHttpClient-1-1] DEBUG org.asynchttpclient.netty.channel.DefaultChannelPool - Adding Candidate expired Channel [id: 0x48c8abb3, L:/127.0.0.1:56868 - R:localhost/127.0.0.1:56857] isIdleTimeoutExpired=true isRemotelyClosed=false isTtlExpired=false
16:36:29.082 [AsyncHttpClient-1-1] DEBUG org.asynchttpclient.netty.channel.DefaultChannelPool - Closing Idle Channel [id: 0x48c8abb3, L:/127.0.0.1:56868 - R:localhost/127.0.0.1:56857]
16:36:29.083 [AsyncHttpClient-1-1] DEBUG org.asynchttpclient.netty.channel.DefaultChannelPool - Closed 1 connections out of 1 in 1 ms
16:36:29.083 [AsyncHttpClient-1-6] DEBUG org.asynchttpclient.netty.handler.HttpHandler - Channel Closed: [id: 0x48c8abb3, L:/127.0.0.1:56868 ! R:localhost/127.0.0.1:56857] with attribute DISCARD
16:36:33.214 [AsyncHttpClient-1-5] DEBUG org.asynchttpclient.netty.handler.HttpHandler - 

Request DefaultHttpRequest(decodeResult: success, version: HTTP/1.1)
POST /session/ce58549c9b669d391e23640f16662e7f/element/f.06EF3401E30AE3EE31C7C1ABA64024F7.d.25E199E54E50D9516023B87E2077D351.e.20/value HTTP/1.1
User-Agent: selenium/4.12.1 (java windows)
Content-Length: 179
Content-Type: application/json; charset=utf-8
host: localhost:1461
accept: */*

Response DefaultHttpResponse(decodeResult: success, version: HTTP/1.1)
HTTP/1.1 200 OK
Content-Length: 14
Content-Type: application/json; charset=utf-8
cache-control: no-cache

16:36:33.214 [AsyncHttpClient-1-5] DEBUG org.asynchttpclient.netty.channel.ChannelManager - Adding key: http://localhost:1461 for channel [id: 0x2c50df9f, L:/127.0.0.1:56854 - R:localhost/127.0.0.1:1461]
16:36:33.216 [Forwarding findElement on session ce58549c9b669d391e23640f16662e7f to remote] DEBUG org.asynchttpclient.netty.request.NettyRequestSender - Using pooled Channel '[id: 0x2c50df9f, L:/127.0.0.1:56854 - R:localhost/127.0.0.1:1461]' for 'POST' to 'http://localhost:1461/session/ce58549c9b669d391e23640f16662e7f/element'
16:36:33.216 [Forwarding findElement on session ce58549c9b669d391e23640f16662e7f to remote] DEBUG org.asynchttpclient.netty.request.NettyRequestSender - Using open Channel [id: 0x2c50df9f, L:/127.0.0.1:56854 - R:localhost/127.0.0.1:1461] for POST '/session/ce58549c9b669d391e23640f16662e7f/element'
16:36:33.228 [AsyncHttpClient-1-5] DEBUG org.asynchttpclient.netty.handler.HttpHandler - 

Request DefaultHttpRequest(decodeResult: success, version: HTTP/1.1)
POST /session/ce58549c9b669d391e23640f16662e7f/element HTTP/1.1
User-Agent: selenium/4.12.1 (java windows)
Content-Length: 61
Content-Type: application/json; charset=utf-8
host: localhost:1461
accept: */*

Response DefaultHttpResponse(decodeResult: success, version: HTTP/1.1)
HTTP/1.1 200 OK
Content-Length: 126
Content-Type: application/json; charset=utf-8
cache-control: no-cache

16:36:33.228 [AsyncHttpClient-1-5] DEBUG org.asynchttpclient.netty.channel.ChannelManager - Adding key: http://localhost:1461 for channel [id: 0x2c50df9f, L:/127.0.0.1:56854 - R:localhost/127.0.0.1:1461]
16:36:33.259 [Forwarding getElementAttribute on session ce58549c9b669d391e23640f16662e7f to remote] DEBUG org.asynchttpclient.netty.request.NettyRequestSender - Using pooled Channel '[id: 0x2c50df9f, L:/127.0.0.1:56854 - R:localhost/127.0.0.1:1461]' for 'POST' to 'http://localhost:1461/session/ce58549c9b669d391e23640f16662e7f/execute/sync'
16:36:33.259 [Forwarding getElementAttribute on session ce58549c9b669d391e23640f16662e7f to remote] DEBUG org.asynchttpclient.netty.request.NettyRequestSender - Using open Channel [id: 0x2c50df9f, L:/127.0.0.1:56854 - R:localhost/127.0.0.1:1461] for POST '/session/ce58549c9b669d391e23640f16662e7f/execute/sync'
16:36:33.277 [AsyncHttpClient-1-5] DEBUG org.asynchttpclient.netty.handler.HttpHandler - 

Request DefaultHttpRequest(decodeResult: success, version: HTTP/1.1)
POST /session/ce58549c9b669d391e23640f16662e7f/execute/sync HTTP/1.1
User-Agent: selenium/4.12.1 (java windows)
Content-Length: 47295
Content-Type: application/json; charset=utf-8
host: localhost:1461
accept: */*

Response DefaultHttpResponse(decodeResult: success, version: HTTP/1.1)
HTTP/1.1 200 OK
Content-Length: 22
Content-Type: application/json; charset=utf-8
cache-control: no-cache

16:36:33.277 [AsyncHttpClient-1-5] DEBUG org.asynchttpclient.netty.channel.ChannelManager - Adding key: http://localhost:1461 for channel [id: 0x2c50df9f, L:/127.0.0.1:56854 - R:localhost/127.0.0.1:1461]
16:36:33.288 [Forwarding findElement on session ce58549c9b669d391e23640f16662e7f to remote] DEBUG org.asynchttpclient.netty.request.NettyRequestSender - Using pooled Channel '[id: 0x2c50df9f, L:/127.0.0.1:56854 - R:localhost/127.0.0.1:1461]' for 'POST' to 'http://localhost:1461/session/ce58549c9b669d391e23640f16662e7f/element'
16:36:33.288 [Forwarding findElement on session ce58549c9b669d391e23640f16662e7f to remote] DEBUG org.asynchttpclient.netty.request.NettyRequestSender - Using open Channel [id: 0x2c50df9f, L:/127.0.0.1:56854 - R:localhost/127.0.0.1:1461] for POST '/session/ce58549c9b669d391e23640f16662e7f/element'
16:36:33.303 [AsyncHttpClient-1-5] DEBUG org.asynchttpclient.netty.handler.HttpHandler - 

Request DefaultHttpRequest(decodeResult: success, version: HTTP/1.1)
POST /session/ce58549c9b669d391e23640f16662e7f/element HTTP/1.1
User-Agent: selenium/4.12.1 (java windows)
Content-Length: 62
Content-Type: application/json; charset=utf-8
host: localhost:1461
accept: */*

Response DefaultHttpResponse(decodeResult: success, version: HTTP/1.1)
HTTP/1.1 200 OK
Content-Length: 126
Content-Type: application/json; charset=utf-8
cache-control: no-cache

16:36:33.303 [AsyncHttpClient-1-5] DEBUG org.asynchttpclient.netty.channel.ChannelManager - Adding key: http://localhost:1461 for channel [id: 0x2c50df9f, L:/127.0.0.1:56854 - R:localhost/127.0.0.1:1461]
16:36:33.306 [Forwarding isElementDisplayed on session ce58549c9b669d391e23640f16662e7f to remote] DEBUG org.asynchttpclient.netty.request.NettyRequestSender - Using pooled Channel '[id: 0x2c50df9f, L:/127.0.0.1:56854 - R:localhost/127.0.0.1:1461]' for 'POST' to 'http://localhost:1461/session/ce58549c9b669d391e23640f16662e7f/execute/sync'
16:36:33.306 [Forwarding isElementDisplayed on session ce58549c9b669d391e23640f16662e7f to remote] DEBUG org.asynchttpclient.netty.request.NettyRequestSender - Using open Channel [id: 0x2c50df9f, L:/127.0.0.1:56854 - R:localhost/127.0.0.1:1461] for POST '/session/ce58549c9b669d391e23640f16662e7f/execute/sync'
16:36:33.320 [AsyncHttpClient-1-5] DEBUG org.asynchttpclient.netty.handler.HttpHandler - 

Request DefaultHttpRequest(decodeResult: success, version: HTTP/1.1)
POST /session/ce58549c9b669d391e23640f16662e7f/execute/sync HTTP/1.1
User-Agent: selenium/4.12.1 (java windows)
Content-Length: 48734
Content-Type: application/json; charset=utf-8
host: localhost:1461
accept: */*

Response DefaultHttpResponse(decodeResult: success, version: HTTP/1.1)
HTTP/1.1 200 OK
Content-Length: 14
Content-Type: application/json; charset=utf-8
cache-control: no-cache

16:36:33.320 [AsyncHttpClient-1-5] DEBUG org.asynchttpclient.netty.channel.ChannelManager - Adding key: http://localhost:1461 for channel [id: 0x2c50df9f, L:/127.0.0.1:56854 - R:localhost/127.0.0.1:1461]
16:36:33.321 [Forwarding findElement on session ce58549c9b669d391e23640f16662e7f to remote] DEBUG org.asynchttpclient.netty.request.NettyRequestSender - Using pooled Channel '[id: 0x2c50df9f, L:/127.0.0.1:56854 - R:localhost/127.0.0.1:1461]' for 'POST' to 'http://localhost:1461/session/ce58549c9b669d391e23640f16662e7f/element'
16:36:33.321 [Forwarding findElement on session ce58549c9b669d391e23640f16662e7f to remote] DEBUG org.asynchttpclient.netty.request.NettyRequestSender - Using open Channel [id: 0x2c50df9f, L:/127.0.0.1:56854 - R:localhost/127.0.0.1:1461] for POST '/session/ce58549c9b669d391e23640f16662e7f/element'
16:36:33.332 [AsyncHttpClient-1-5] DEBUG org.asynchttpclient.netty.handler.HttpHandler - 

Request DefaultHttpRequest(decodeResult: success, version: HTTP/1.1)
POST /session/ce58549c9b669d391e23640f16662e7f/element HTTP/1.1
User-Agent: selenium/4.12.1 (java windows)
Content-Length: 62
Content-Type: application/json; charset=utf-8
host: localhost:1461
accept: */*

Response DefaultHttpResponse(decodeResult: success, version: HTTP/1.1)
HTTP/1.1 200 OK
Content-Length: 126
Content-Type: application/json; charset=utf-8
cache-control: no-cache

16:36:33.332 [AsyncHttpClient-1-5] DEBUG org.asynchttpclient.netty.channel.ChannelManager - Adding key: http://localhost:1461 for channel [id: 0x2c50df9f, L:/127.0.0.1:56854 - R:localhost/127.0.0.1:1461]
16:36:33.335 [Forwarding clickElement on session ce58549c9b669d391e23640f16662e7f to remote] DEBUG org.asynchttpclient.netty.request.NettyRequestSender - Using pooled Channel '[id: 0x2c50df9f, L:/127.0.0.1:56854 - R:localhost/127.0.0.1:1461]' for 'POST' to 'http://localhost:1461/session/ce58549c9b669d391e23640f16662e7f/element/f.06EF3401E30AE3EE31C7C1ABA64024F7.d.25E199E54E50D9516023B87E2077D351.e.21/click'
16:36:33.335 [Forwarding clickElement on session ce58549c9b669d391e23640f16662e7f to remote] DEBUG org.asynchttpclient.netty.request.NettyRequestSender - Using open Channel [id: 0x2c50df9f, L:/127.0.0.1:56854 - R:localhost/127.0.0.1:1461] for POST '/session/ce58549c9b669d391e23640f16662e7f/element/f.06EF3401E30AE3EE31C7C1ABA64024F7.d.25E199E54E50D9516023B87E2077D351.e.21/click'
16:36:35.392 [AsyncHttpClient-1-5] DEBUG org.asynchttpclient.netty.handler.HttpHandler - 

Request DefaultHttpRequest(decodeResult: success, version: HTTP/1.1)
POST /session/ce58549c9b669d391e23640f16662e7f/element/f.06EF3401E30AE3EE31C7C1ABA64024F7.d.25E199E54E50D9516023B87E2077D351.e.21/click HTTP/1.1
User-Agent: selenium/4.12.1 (java windows)
Content-Length: 88
Content-Type: application/json; charset=utf-8
host: localhost:1461
accept: */*

Response DefaultHttpResponse(decodeResult: success, version: HTTP/1.1)
HTTP/1.1 200 OK
Content-Length: 14
Content-Type: application/json; charset=utf-8
cache-control: no-cache

16:36:35.393 [AsyncHttpClient-1-5] DEBUG org.asynchttpclient.netty.channel.ChannelManager - Adding key: http://localhost:1461 for channel [id: 0x2c50df9f, L:/127.0.0.1:56854 - R:localhost/127.0.0.1:1461]
16:36:35.395 [Forwarding findElement on session ce58549c9b669d391e23640f16662e7f to remote] DEBUG org.asynchttpclient.netty.request.NettyRequestSender - Using pooled Channel '[id: 0x2c50df9f, L:/127.0.0.1:56854 - R:localhost/127.0.0.1:1461]' for 'POST' to 'http://localhost:1461/session/ce58549c9b669d391e23640f16662e7f/element'
16:36:35.396 [Forwarding findElement on session ce58549c9b669d391e23640f16662e7f to remote] DEBUG org.asynchttpclient.netty.request.NettyRequestSender - Using open Channel [id: 0x2c50df9f, L:/127.0.0.1:56854 - R:localhost/127.0.0.1:1461] for POST '/session/ce58549c9b669d391e23640f16662e7f/element'
16:36:35.409 [AsyncHttpClient-1-5] DEBUG org.asynchttpclient.netty.handler.HttpHandler - 

Request DefaultHttpRequest(decodeResult: success, version: HTTP/1.1)
POST /session/ce58549c9b669d391e23640f16662e7f/element HTTP/1.1
User-Agent: selenium/4.12.1 (java windows)
Content-Length: 62
Content-Type: application/json; charset=utf-8
host: localhost:1461
accept: */*

Response DefaultHttpResponse(decodeResult: success, version: HTTP/1.1)
HTTP/1.1 200 OK
Content-Length: 126
Content-Type: application/json; charset=utf-8
cache-control: no-cache

16:36:35.410 [AsyncHttpClient-1-5] DEBUG org.asynchttpclient.netty.channel.ChannelManager - Adding key: http://localhost:1461 for channel [id: 0x2c50df9f, L:/127.0.0.1:56854 - R:localhost/127.0.0.1:1461]
16:36:35.413 [Forwarding sendKeysToElement on session ce58549c9b669d391e23640f16662e7f to remote] DEBUG org.asynchttpclient.netty.request.NettyRequestSender - Using pooled Channel '[id: 0x2c50df9f, L:/127.0.0.1:56854 - R:localhost/127.0.0.1:1461]' for 'POST' to 'http://localhost:1461/session/ce58549c9b669d391e23640f16662e7f/element/f.06EF3401E30AE3EE31C7C1ABA64024F7.d.25E199E54E50D9516023B87E2077D351.e.21/value'
16:36:35.413 [Forwarding sendKeysToElement on session ce58549c9b669d391e23640f16662e7f to remote] DEBUG org.asynchttpclient.netty.request.NettyRequestSender - Using open Channel [id: 0x2c50df9f, L:/127.0.0.1:56854 - R:localhost/127.0.0.1:1461] for POST '/session/ce58549c9b669d391e23640f16662e7f/element/f.06EF3401E30AE3EE31C7C1ABA64024F7.d.25E199E54E50D9516023B87E2077D351.e.21/value'
16:36:35.452 [AsyncHttpClient-1-5] DEBUG org.asynchttpclient.netty.handler.HttpHandler - 

Request DefaultHttpRequest(decodeResult: success, version: HTTP/1.1)
POST /session/ce58549c9b669d391e23640f16662e7f/element/f.06EF3401E30AE3EE31C7C1ABA64024F7.d.25E199E54E50D9516023B87E2077D351.e.21/value HTTP/1.1
User-Agent: selenium/4.12.1 (java windows)
Content-Length: 143
Content-Type: application/json; charset=utf-8
host: localhost:1461
accept: */*

Response DefaultHttpResponse(decodeResult: success, version: HTTP/1.1)
HTTP/1.1 200 OK
Content-Length: 14
Content-Type: application/json; charset=utf-8
cache-control: no-cache

16:36:35.452 [AsyncHttpClient-1-5] DEBUG org.asynchttpclient.netty.channel.ChannelManager - Adding key: http://localhost:1461 for channel [id: 0x2c50df9f, L:/127.0.0.1:56854 - R:localhost/127.0.0.1:1461]
16:36:35.454 [Forwarding findElement on session ce58549c9b669d391e23640f16662e7f to remote] DEBUG org.asynchttpclient.netty.request.NettyRequestSender - Using pooled Channel '[id: 0x2c50df9f, L:/127.0.0.1:56854 - R:localhost/127.0.0.1:1461]' for 'POST' to 'http://localhost:1461/session/ce58549c9b669d391e23640f16662e7f/element'
16:36:35.454 [Forwarding findElement on session ce58549c9b669d391e23640f16662e7f to remote] DEBUG org.asynchttpclient.netty.request.NettyRequestSender - Using open Channel [id: 0x2c50df9f, L:/127.0.0.1:56854 - R:localhost/127.0.0.1:1461] for POST '/session/ce58549c9b669d391e23640f16662e7f/element'
16:36:35.465 [AsyncHttpClient-1-5] DEBUG org.asynchttpclient.netty.handler.HttpHandler - 

Request DefaultHttpRequest(decodeResult: success, version: HTTP/1.1)
POST /session/ce58549c9b669d391e23640f16662e7f/element HTTP/1.1
User-Agent: selenium/4.12.1 (java windows)
Content-Length: 62
Content-Type: application/json; charset=utf-8
host: localhost:1461
accept: */*

Response DefaultHttpResponse(decodeResult: success, version: HTTP/1.1)
HTTP/1.1 200 OK
Content-Length: 126
Content-Type: application/json; charset=utf-8
cache-control: no-cache

16:36:35.465 [AsyncHttpClient-1-5] DEBUG org.asynchttpclient.netty.channel.ChannelManager - Adding key: http://localhost:1461 for channel [id: 0x2c50df9f, L:/127.0.0.1:56854 - R:localhost/127.0.0.1:1461]
16:36:35.467 [Forwarding sendKeysToElement on session ce58549c9b669d391e23640f16662e7f to remote] DEBUG org.asynchttpclient.netty.request.NettyRequestSender - Using pooled Channel '[id: 0x2c50df9f, L:/127.0.0.1:56854 - R:localhost/127.0.0.1:1461]' for 'POST' to 'http://localhost:1461/session/ce58549c9b669d391e23640f16662e7f/element/f.06EF3401E30AE3EE31C7C1ABA64024F7.d.25E199E54E50D9516023B87E2077D351.e.21/value'
16:36:35.467 [Forwarding sendKeysToElement on session ce58549c9b669d391e23640f16662e7f to remote] DEBUG org.asynchttpclient.netty.request.NettyRequestSender - Using open Channel [id: 0x2c50df9f, L:/127.0.0.1:56854 - R:localhost/127.0.0.1:1461] for POST '/session/ce58549c9b669d391e23640f16662e7f/element/f.06EF3401E30AE3EE31C7C1ABA64024F7.d.25E199E54E50D9516023B87E2077D351.e.21/value'
16:36:35.584 [AsyncHttpClient-1-5] DEBUG org.asynchttpclient.netty.handler.HttpHandler - 

Request DefaultHttpRequest(decodeResult: success, version: HTTP/1.1)
POST /session/ce58549c9b669d391e23640f16662e7f/element/f.06EF3401E30AE3EE31C7C1ABA64024F7.d.25E199E54E50D9516023B87E2077D351.e.21/value HTTP/1.1
User-Agent: selenium/4.12.1 (java windows)
Content-Length: 133
Content-Type: application/json; charset=utf-8
host: localhost:1461
accept: */*

Response DefaultHttpResponse(decodeResult: success, version: HTTP/1.1)
HTTP/1.1 200 OK
Content-Length: 14
Content-Type: application/json; charset=utf-8
cache-control: no-cache

16:36:35.585 [AsyncHttpClient-1-5] DEBUG org.asynchttpclient.netty.channel.ChannelManager - Adding key: http://localhost:1461 for channel [id: 0x2c50df9f, L:/127.0.0.1:56854 - R:localhost/127.0.0.1:1461]
16:36:35.587 [Forwarding findElement on session ce58549c9b669d391e23640f16662e7f to remote] DEBUG org.asynchttpclient.netty.request.NettyRequestSender - Using pooled Channel '[id: 0x2c50df9f, L:/127.0.0.1:56854 - R:localhost/127.0.0.1:1461]' for 'POST' to 'http://localhost:1461/session/ce58549c9b669d391e23640f16662e7f/element'
16:36:35.587 [Forwarding findElement on session ce58549c9b669d391e23640f16662e7f to remote] DEBUG org.asynchttpclient.netty.request.NettyRequestSender - Using open Channel [id: 0x2c50df9f, L:/127.0.0.1:56854 - R:localhost/127.0.0.1:1461] for POST '/session/ce58549c9b669d391e23640f16662e7f/element'
16:36:35.653 [AsyncHttpClient-1-5] DEBUG org.asynchttpclient.netty.handler.HttpHandler - 

Request DefaultHttpRequest(decodeResult: success, version: HTTP/1.1)
POST /session/ce58549c9b669d391e23640f16662e7f/element HTTP/1.1
User-Agent: selenium/4.12.1 (java windows)
Content-Length: 62
Content-Type: application/json; charset=utf-8
host: localhost:1461
accept: */*

Response DefaultHttpResponse(decodeResult: success, version: HTTP/1.1)
HTTP/1.1 200 OK
Content-Length: 126
Content-Type: application/json; charset=utf-8
cache-control: no-cache

16:36:35.653 [AsyncHttpClient-1-5] DEBUG org.asynchttpclient.netty.channel.ChannelManager - Adding key: http://localhost:1461 for channel [id: 0x2c50df9f, L:/127.0.0.1:56854 - R:localhost/127.0.0.1:1461]
16:36:35.655 [Forwarding clickElement on session ce58549c9b669d391e23640f16662e7f to remote] DEBUG org.asynchttpclient.netty.request.NettyRequestSender - Using pooled Channel '[id: 0x2c50df9f, L:/127.0.0.1:56854 - R:localhost/127.0.0.1:1461]' for 'POST' to 'http://localhost:1461/session/ce58549c9b669d391e23640f16662e7f/element/f.06EF3401E30AE3EE31C7C1ABA64024F7.d.25E199E54E50D9516023B87E2077D351.e.21/click'
16:36:35.655 [Forwarding clickElement on session ce58549c9b669d391e23640f16662e7f to remote] DEBUG org.asynchttpclient.netty.request.NettyRequestSender - Using open Channel [id: 0x2c50df9f, L:/127.0.0.1:56854 - R:localhost/127.0.0.1:1461] for POST '/session/ce58549c9b669d391e23640f16662e7f/element/f.06EF3401E30AE3EE31C7C1ABA64024F7.d.25E199E54E50D9516023B87E2077D351.e.21/click'
16:36:35.709 [AsyncHttpClient-1-5] DEBUG org.asynchttpclient.netty.handler.HttpHandler - 

Request DefaultHttpRequest(decodeResult: success, version: HTTP/1.1)
POST /session/ce58549c9b669d391e23640f16662e7f/element/f.06EF3401E30AE3EE31C7C1ABA64024F7.d.25E199E54E50D9516023B87E2077D351.e.21/click HTTP/1.1
User-Agent: selenium/4.12.1 (java windows)
Content-Length: 88
Content-Type: application/json; charset=utf-8
host: localhost:1461
accept: */*

Response DefaultHttpResponse(decodeResult: success, version: HTTP/1.1)
HTTP/1.1 200 OK
Content-Length: 14
Content-Type: application/json; charset=utf-8
cache-control: no-cache

16:36:35.710 [AsyncHttpClient-1-5] DEBUG org.asynchttpclient.netty.channel.ChannelManager - Adding key: http://localhost:1461 for channel [id: 0x2c50df9f, L:/127.0.0.1:56854 - R:localhost/127.0.0.1:1461]
16:36:35.711 [Forwarding findElement on session ce58549c9b669d391e23640f16662e7f to remote] DEBUG org.asynchttpclient.netty.request.NettyRequestSender - Using pooled Channel '[id: 0x2c50df9f, L:/127.0.0.1:56854 - R:localhost/127.0.0.1:1461]' for 'POST' to 'http://localhost:1461/session/ce58549c9b669d391e23640f16662e7f/element'
16:36:35.712 [Forwarding findElement on session ce58549c9b669d391e23640f16662e7f to remote] DEBUG org.asynchttpclient.netty.request.NettyRequestSender - Using open Channel [id: 0x2c50df9f, L:/127.0.0.1:56854 - R:localhost/127.0.0.1:1461] for POST '/session/ce58549c9b669d391e23640f16662e7f/element'
16:36:35.723 [AsyncHttpClient-1-5] DEBUG org.asynchttpclient.netty.handler.HttpHandler - 

Request DefaultHttpRequest(decodeResult: success, version: HTTP/1.1)
POST /session/ce58549c9b669d391e23640f16662e7f/element HTTP/1.1
User-Agent: selenium/4.12.1 (java windows)
Content-Length: 62
Content-Type: application/json; charset=utf-8
host: localhost:1461
accept: */*

Response DefaultHttpResponse(decodeResult: success, version: HTTP/1.1)
HTTP/1.1 200 OK
Content-Length: 126
Content-Type: application/json; charset=utf-8
cache-control: no-cache

16:36:35.723 [AsyncHttpClient-1-5] DEBUG org.asynchttpclient.netty.channel.ChannelManager - Adding key: http://localhost:1461 for channel [id: 0x2c50df9f, L:/127.0.0.1:56854 - R:localhost/127.0.0.1:1461]
16:36:35.725 [Forwarding sendKeysToElement on session ce58549c9b669d391e23640f16662e7f to remote] DEBUG org.asynchttpclient.netty.request.NettyRequestSender - Using pooled Channel '[id: 0x2c50df9f, L:/127.0.0.1:56854 - R:localhost/127.0.0.1:1461]' for 'POST' to 'http://localhost:1461/session/ce58549c9b669d391e23640f16662e7f/element/f.06EF3401E30AE3EE31C7C1ABA64024F7.d.25E199E54E50D9516023B87E2077D351.e.21/value'
16:36:35.725 [Forwarding sendKeysToElement on session ce58549c9b669d391e23640f16662e7f to remote] DEBUG org.asynchttpclient.netty.request.NettyRequestSender - Using open Channel [id: 0x2c50df9f, L:/127.0.0.1:56854 - R:localhost/127.0.0.1:1461] for POST '/session/ce58549c9b669d391e23640f16662e7f/element/f.06EF3401E30AE3EE31C7C1ABA64024F7.d.25E199E54E50D9516023B87E2077D351.e.21/value'
16:36:35.871 [AsyncHttpClient-1-5] DEBUG org.asynchttpclient.netty.handler.HttpHandler - 

Request DefaultHttpRequest(decodeResult: success, version: HTTP/1.1)
POST /session/ce58549c9b669d391e23640f16662e7f/element/f.06EF3401E30AE3EE31C7C1ABA64024F7.d.25E199E54E50D9516023B87E2077D351.e.21/value HTTP/1.1
User-Agent: selenium/4.12.1 (java windows)
Content-Length: 131
Content-Type: application/json; charset=utf-8
host: localhost:1461
accept: */*

Response DefaultHttpResponse(decodeResult: success, version: HTTP/1.1)
HTTP/1.1 200 OK
Content-Length: 14
Content-Type: application/json; charset=utf-8
cache-control: no-cache

16:36:35.871 [AsyncHttpClient-1-5] DEBUG org.asynchttpclient.netty.channel.ChannelManager - Adding key: http://localhost:1461 for channel [id: 0x2c50df9f, L:/127.0.0.1:56854 - R:localhost/127.0.0.1:1461]
16:36:35.872 [Forwarding findElement on session ce58549c9b669d391e23640f16662e7f to remote] DEBUG org.asynchttpclient.netty.request.NettyRequestSender - Using pooled Channel '[id: 0x2c50df9f, L:/127.0.0.1:56854 - R:localhost/127.0.0.1:1461]' for 'POST' to 'http://localhost:1461/session/ce58549c9b669d391e23640f16662e7f/element'
16:36:35.872 [Forwarding findElement on session ce58549c9b669d391e23640f16662e7f to remote] DEBUG org.asynchttpclient.netty.request.NettyRequestSender - Using open Channel [id: 0x2c50df9f, L:/127.0.0.1:56854 - R:localhost/127.0.0.1:1461] for POST '/session/ce58549c9b669d391e23640f16662e7f/element'
16:36:35.887 [AsyncHttpClient-1-5] DEBUG org.asynchttpclient.netty.handler.HttpHandler - 

Request DefaultHttpRequest(decodeResult: success, version: HTTP/1.1)
POST /session/ce58549c9b669d391e23640f16662e7f/element HTTP/1.1
User-Agent: selenium/4.12.1 (java windows)
Content-Length: 142
Content-Type: application/json; charset=utf-8
host: localhost:1461
accept: */*

Response DefaultHttpResponse(decodeResult: success, version: HTTP/1.1)
HTTP/1.1 200 OK
Content-Length: 126
Content-Type: application/json; charset=utf-8
cache-control: no-cache

16:36:35.887 [AsyncHttpClient-1-5] DEBUG org.asynchttpclient.netty.channel.ChannelManager - Adding key: http://localhost:1461 for channel [id: 0x2c50df9f, L:/127.0.0.1:56854 - R:localhost/127.0.0.1:1461]
16:36:35.890 [Forwarding isElementDisplayed on session ce58549c9b669d391e23640f16662e7f to remote] DEBUG org.asynchttpclient.netty.request.NettyRequestSender - Using pooled Channel '[id: 0x2c50df9f, L:/127.0.0.1:56854 - R:localhost/127.0.0.1:1461]' for 'POST' to 'http://localhost:1461/session/ce58549c9b669d391e23640f16662e7f/execute/sync'
16:36:35.891 [Forwarding isElementDisplayed on session ce58549c9b669d391e23640f16662e7f to remote] DEBUG org.asynchttpclient.netty.request.NettyRequestSender - Using open Channel [id: 0x2c50df9f, L:/127.0.0.1:56854 - R:localhost/127.0.0.1:1461] for POST '/session/ce58549c9b669d391e23640f16662e7f/execute/sync'
16:36:35.902 [AsyncHttpClient-1-5] DEBUG org.asynchttpclient.netty.handler.HttpHandler - 

Request DefaultHttpRequest(decodeResult: success, version: HTTP/1.1)
POST /session/ce58549c9b669d391e23640f16662e7f/execute/sync HTTP/1.1
User-Agent: selenium/4.12.1 (java windows)
Content-Length: 48734
Content-Type: application/json; charset=utf-8
host: localhost:1461
accept: */*

Response DefaultHttpResponse(decodeResult: success, version: HTTP/1.1)
HTTP/1.1 200 OK
Content-Length: 14
Content-Type: application/json; charset=utf-8
cache-control: no-cache

16:36:35.902 [AsyncHttpClient-1-5] DEBUG org.asynchttpclient.netty.channel.ChannelManager - Adding key: http://localhost:1461 for channel [id: 0x2c50df9f, L:/127.0.0.1:56854 - R:localhost/127.0.0.1:1461]
16:36:35.905 [Forwarding findElement on session ce58549c9b669d391e23640f16662e7f to remote] DEBUG org.asynchttpclient.netty.request.NettyRequestSender - Using pooled Channel '[id: 0x2c50df9f, L:/127.0.0.1:56854 - R:localhost/127.0.0.1:1461]' for 'POST' to 'http://localhost:1461/session/ce58549c9b669d391e23640f16662e7f/element'
16:36:35.905 [Forwarding findElement on session ce58549c9b669d391e23640f16662e7f to remote] DEBUG org.asynchttpclient.netty.request.NettyRequestSender - Using open Channel [id: 0x2c50df9f, L:/127.0.0.1:56854 - R:localhost/127.0.0.1:1461] for POST '/session/ce58549c9b669d391e23640f16662e7f/element'
16:36:35.914 [AsyncHttpClient-1-5] DEBUG org.asynchttpclient.netty.handler.HttpHandler - 

Request DefaultHttpRequest(decodeResult: success, version: HTTP/1.1)
POST /session/ce58549c9b669d391e23640f16662e7f/element HTTP/1.1
User-Agent: selenium/4.12.1 (java windows)
Content-Length: 142
Content-Type: application/json; charset=utf-8
host: localhost:1461
accept: */*

Response DefaultHttpResponse(decodeResult: success, version: HTTP/1.1)
HTTP/1.1 200 OK
Content-Length: 126
Content-Type: application/json; charset=utf-8
cache-control: no-cache

16:36:35.914 [AsyncHttpClient-1-5] DEBUG org.asynchttpclient.netty.channel.ChannelManager - Adding key: http://localhost:1461 for channel [id: 0x2c50df9f, L:/127.0.0.1:56854 - R:localhost/127.0.0.1:1461]
16:36:35.916 [Forwarding clickElement on session ce58549c9b669d391e23640f16662e7f to remote] DEBUG org.asynchttpclient.netty.request.NettyRequestSender - Using pooled Channel '[id: 0x2c50df9f, L:/127.0.0.1:56854 - R:localhost/127.0.0.1:1461]' for 'POST' to 'http://localhost:1461/session/ce58549c9b669d391e23640f16662e7f/element/f.06EF3401E30AE3EE31C7C1ABA64024F7.d.25E199E54E50D9516023B87E2077D351.e.90/click'
16:36:35.916 [Forwarding clickElement on session ce58549c9b669d391e23640f16662e7f to remote] DEBUG org.asynchttpclient.netty.request.NettyRequestSender - Using open Channel [id: 0x2c50df9f, L:/127.0.0.1:56854 - R:localhost/127.0.0.1:1461] for POST '/session/ce58549c9b669d391e23640f16662e7f/element/f.06EF3401E30AE3EE31C7C1ABA64024F7.d.25E199E54E50D9516023B87E2077D351.e.90/click'
16:36:36.049 [AsyncHttpClient-1-5] DEBUG org.asynchttpclient.netty.handler.HttpHandler - 

Request DefaultHttpRequest(decodeResult: success, version: HTTP/1.1)
POST /session/ce58549c9b669d391e23640f16662e7f/element/f.06EF3401E30AE3EE31C7C1ABA64024F7.d.25E199E54E50D9516023B87E2077D351.e.90/click HTTP/1.1
User-Agent: selenium/4.12.1 (java windows)
Content-Length: 88
Content-Type: application/json; charset=utf-8
host: localhost:1461
accept: */*

Response DefaultHttpResponse(decodeResult: success, version: HTTP/1.1)
HTTP/1.1 200 OK
Content-Length: 14
Content-Type: application/json; charset=utf-8
cache-control: no-cache

16:36:36.049 [AsyncHttpClient-1-5] DEBUG org.asynchttpclient.netty.channel.ChannelManager - Adding key: http://localhost:1461 for channel [id: 0x2c50df9f, L:/127.0.0.1:56854 - R:localhost/127.0.0.1:1461]
16:36:36.050 [Forwarding findElement on session ce58549c9b669d391e23640f16662e7f to remote] DEBUG org.asynchttpclient.netty.request.NettyRequestSender - Using pooled Channel '[id: 0x2c50df9f, L:/127.0.0.1:56854 - R:localhost/127.0.0.1:1461]' for 'POST' to 'http://localhost:1461/session/ce58549c9b669d391e23640f16662e7f/element'
16:36:36.050 [Forwarding findElement on session ce58549c9b669d391e23640f16662e7f to remote] DEBUG org.asynchttpclient.netty.request.NettyRequestSender - Using open Channel [id: 0x2c50df9f, L:/127.0.0.1:56854 - R:localhost/127.0.0.1:1461] for POST '/session/ce58549c9b669d391e23640f16662e7f/element'
16:36:36.065 [AsyncHttpClient-1-5] DEBUG org.asynchttpclient.netty.handler.HttpHandler - 

Request DefaultHttpRequest(decodeResult: success, version: HTTP/1.1)
POST /session/ce58549c9b669d391e23640f16662e7f/element HTTP/1.1
User-Agent: selenium/4.12.1 (java windows)
Content-Length: 191
Content-Type: application/json; charset=utf-8
host: localhost:1461
accept: */*

Response DefaultHttpResponse(decodeResult: success, version: HTTP/1.1)
HTTP/1.1 200 OK
Content-Length: 127
Content-Type: application/json; charset=utf-8
cache-control: no-cache

16:36:36.065 [AsyncHttpClient-1-5] DEBUG org.asynchttpclient.netty.channel.ChannelManager - Adding key: http://localhost:1461 for channel [id: 0x2c50df9f, L:/127.0.0.1:56854 - R:localhost/127.0.0.1:1461]
16:36:36.071 [Forwarding isElementDisplayed on session ce58549c9b669d391e23640f16662e7f to remote] DEBUG org.asynchttpclient.netty.request.NettyRequestSender - Using pooled Channel '[id: 0x2c50df9f, L:/127.0.0.1:56854 - R:localhost/127.0.0.1:1461]' for 'POST' to 'http://localhost:1461/session/ce58549c9b669d391e23640f16662e7f/execute/sync'
16:36:36.071 [Forwarding isElementDisplayed on session ce58549c9b669d391e23640f16662e7f to remote] DEBUG org.asynchttpclient.netty.request.NettyRequestSender - Using open Channel [id: 0x2c50df9f, L:/127.0.0.1:56854 - R:localhost/127.0.0.1:1461] for POST '/session/ce58549c9b669d391e23640f16662e7f/execute/sync'
16:36:36.087 [AsyncHttpClient-1-5] DEBUG org.asynchttpclient.netty.handler.HttpHandler - 

Request DefaultHttpRequest(decodeResult: success, version: HTTP/1.1)
POST /session/ce58549c9b669d391e23640f16662e7f/execute/sync HTTP/1.1
User-Agent: selenium/4.12.1 (java windows)
Content-Length: 48735
Content-Type: application/json; charset=utf-8
host: localhost:1461
accept: */*

Response DefaultHttpResponse(decodeResult: success, version: HTTP/1.1)
HTTP/1.1 200 OK
Content-Length: 14
Content-Type: application/json; charset=utf-8
cache-control: no-cache

16:36:36.088 [AsyncHttpClient-1-5] DEBUG org.asynchttpclient.netty.channel.ChannelManager - Adding key: http://localhost:1461 for channel [id: 0x2c50df9f, L:/127.0.0.1:56854 - R:localhost/127.0.0.1:1461]
16:36:36.778 [AsyncHttpClient-1-1] DEBUG org.asynchttpclient.netty.channel.DefaultChannelPool - Entry count for : http://localhost:1461 : 1
16:36:37.368 [Forwarding findElement on session ce58549c9b669d391e23640f16662e7f to remote] DEBUG org.asynchttpclient.netty.request.NettyRequestSender - Using pooled Channel '[id: 0x2c50df9f, L:/127.0.0.1:56854 - R:localhost/127.0.0.1:1461]' for 'POST' to 'http://localhost:1461/session/ce58549c9b669d391e23640f16662e7f/element'
16:36:37.368 [Forwarding findElement on session ce58549c9b669d391e23640f16662e7f to remote] DEBUG org.asynchttpclient.netty.request.NettyRequestSender - Using open Channel [id: 0x2c50df9f, L:/127.0.0.1:56854 - R:localhost/127.0.0.1:1461] for POST '/session/ce58549c9b669d391e23640f16662e7f/element'
16:36:37.380 [AsyncHttpClient-1-5] DEBUG org.asynchttpclient.netty.handler.HttpHandler - 

Request DefaultHttpRequest(decodeResult: success, version: HTTP/1.1)
POST /session/ce58549c9b669d391e23640f16662e7f/element HTTP/1.1
User-Agent: selenium/4.12.1 (java windows)
Content-Length: 62
Content-Type: application/json; charset=utf-8
host: localhost:1461
accept: */*

Response DefaultHttpResponse(decodeResult: success, version: HTTP/1.1)
HTTP/1.1 200 OK
Content-Length: 126
Content-Type: application/json; charset=utf-8
cache-control: no-cache

16:36:37.381 [AsyncHttpClient-1-5] DEBUG org.asynchttpclient.netty.channel.ChannelManager - Adding key: http://localhost:1461 for channel [id: 0x2c50df9f, L:/127.0.0.1:56854 - R:localhost/127.0.0.1:1461]
16:36:37.384 [Forwarding isElementDisplayed on session ce58549c9b669d391e23640f16662e7f to remote] DEBUG org.asynchttpclient.netty.request.NettyRequestSender - Using pooled Channel '[id: 0x2c50df9f, L:/127.0.0.1:56854 - R:localhost/127.0.0.1:1461]' for 'POST' to 'http://localhost:1461/session/ce58549c9b669d391e23640f16662e7f/execute/sync'
16:36:37.384 [Forwarding isElementDisplayed on session ce58549c9b669d391e23640f16662e7f to remote] DEBUG org.asynchttpclient.netty.request.NettyRequestSender - Using open Channel [id: 0x2c50df9f, L:/127.0.0.1:56854 - R:localhost/127.0.0.1:1461] for POST '/session/ce58549c9b669d391e23640f16662e7f/execute/sync'
16:36:37.398 [AsyncHttpClient-1-5] DEBUG org.asynchttpclient.netty.handler.HttpHandler - 

Request DefaultHttpRequest(decodeResult: success, version: HTTP/1.1)
POST /session/ce58549c9b669d391e23640f16662e7f/execute/sync HTTP/1.1
User-Agent: selenium/4.12.1 (java windows)
Content-Length: 48734
Content-Type: application/json; charset=utf-8
host: localhost:1461
accept: */*

Response DefaultHttpResponse(decodeResult: success, version: HTTP/1.1)
HTTP/1.1 200 OK
Content-Length: 14
Content-Type: application/json; charset=utf-8
cache-control: no-cache

16:36:37.399 [AsyncHttpClient-1-5] DEBUG org.asynchttpclient.netty.channel.ChannelManager - Adding key: http://localhost:1461 for channel [id: 0x2c50df9f, L:/127.0.0.1:56854 - R:localhost/127.0.0.1:1461]
16:36:37.400 [Forwarding findElement on session ce58549c9b669d391e23640f16662e7f to remote] DEBUG org.asynchttpclient.netty.request.NettyRequestSender - Using pooled Channel '[id: 0x2c50df9f, L:/127.0.0.1:56854 - R:localhost/127.0.0.1:1461]' for 'POST' to 'http://localhost:1461/session/ce58549c9b669d391e23640f16662e7f/element'
16:36:37.400 [Forwarding findElement on session ce58549c9b669d391e23640f16662e7f to remote] DEBUG org.asynchttpclient.netty.request.NettyRequestSender - Using open Channel [id: 0x2c50df9f, L:/127.0.0.1:56854 - R:localhost/127.0.0.1:1461] for POST '/session/ce58549c9b669d391e23640f16662e7f/element'
16:36:37.411 [AsyncHttpClient-1-5] DEBUG org.asynchttpclient.netty.handler.HttpHandler - 

Request DefaultHttpRequest(decodeResult: success, version: HTTP/1.1)
POST /session/ce58549c9b669d391e23640f16662e7f/element HTTP/1.1
User-Agent: selenium/4.12.1 (java windows)
Content-Length: 62
Content-Type: application/json; charset=utf-8
host: localhost:1461
accept: */*

Response DefaultHttpResponse(decodeResult: success, version: HTTP/1.1)
HTTP/1.1 200 OK
Content-Length: 126
Content-Type: application/json; charset=utf-8
cache-control: no-cache

16:36:37.412 [AsyncHttpClient-1-5] DEBUG org.asynchttpclient.netty.channel.ChannelManager - Adding key: http://localhost:1461 for channel [id: 0x2c50df9f, L:/127.0.0.1:56854 - R:localhost/127.0.0.1:1461]
16:36:37.414 [Forwarding clickElement on session ce58549c9b669d391e23640f16662e7f to remote] DEBUG org.asynchttpclient.netty.request.NettyRequestSender - Using pooled Channel '[id: 0x2c50df9f, L:/127.0.0.1:56854 - R:localhost/127.0.0.1:1461]' for 'POST' to 'http://localhost:1461/session/ce58549c9b669d391e23640f16662e7f/element/f.06EF3401E30AE3EE31C7C1ABA64024F7.d.25E199E54E50D9516023B87E2077D351.e.21/click'
16:36:37.414 [Forwarding clickElement on session ce58549c9b669d391e23640f16662e7f to remote] DEBUG org.asynchttpclient.netty.request.NettyRequestSender - Using open Channel [id: 0x2c50df9f, L:/127.0.0.1:56854 - R:localhost/127.0.0.1:1461] for POST '/session/ce58549c9b669d391e23640f16662e7f/element/f.06EF3401E30AE3EE31C7C1ABA64024F7.d.25E199E54E50D9516023B87E2077D351.e.21/click'
16:36:37.531 [AsyncHttpClient-1-5] DEBUG org.asynchttpclient.netty.handler.HttpHandler - 

Request DefaultHttpRequest(decodeResult: success, version: HTTP/1.1)
POST /session/ce58549c9b669d391e23640f16662e7f/element/f.06EF3401E30AE3EE31C7C1ABA64024F7.d.25E199E54E50D9516023B87E2077D351.e.21/click HTTP/1.1
User-Agent: selenium/4.12.1 (java windows)
Content-Length: 88
Content-Type: application/json; charset=utf-8
host: localhost:1461
accept: */*

Response DefaultHttpResponse(decodeResult: success, version: HTTP/1.1)
HTTP/1.1 200 OK
Content-Length: 14
Content-Type: application/json; charset=utf-8
cache-control: no-cache

16:36:37.531 [AsyncHttpClient-1-5] DEBUG org.asynchttpclient.netty.channel.ChannelManager - Adding key: http://localhost:1461 for channel [id: 0x2c50df9f, L:/127.0.0.1:56854 - R:localhost/127.0.0.1:1461]
16:36:37.533 [Forwarding findElement on session ce58549c9b669d391e23640f16662e7f to remote] DEBUG org.asynchttpclient.netty.request.NettyRequestSender - Using pooled Channel '[id: 0x2c50df9f, L:/127.0.0.1:56854 - R:localhost/127.0.0.1:1461]' for 'POST' to 'http://localhost:1461/session/ce58549c9b669d391e23640f16662e7f/element'
16:36:37.533 [Forwarding findElement on session ce58549c9b669d391e23640f16662e7f to remote] DEBUG org.asynchttpclient.netty.request.NettyRequestSender - Using open Channel [id: 0x2c50df9f, L:/127.0.0.1:56854 - R:localhost/127.0.0.1:1461] for POST '/session/ce58549c9b669d391e23640f16662e7f/element'
16:36:37.927 [AsyncHttpClient-1-5] DEBUG org.asynchttpclient.netty.handler.HttpHandler - 

Request DefaultHttpRequest(decodeResult: success, version: HTTP/1.1)
POST /session/ce58549c9b669d391e23640f16662e7f/element HTTP/1.1
User-Agent: selenium/4.12.1 (java windows)
Content-Length: 62
Content-Type: application/json; charset=utf-8
host: localhost:1461
accept: */*

Response DefaultHttpResponse(decodeResult: success, version: HTTP/1.1)
HTTP/1.1 200 OK
Content-Length: 126
Content-Type: application/json; charset=utf-8
cache-control: no-cache

16:36:37.927 [AsyncHttpClient-1-5] DEBUG org.asynchttpclient.netty.channel.ChannelManager - Adding key: http://localhost:1461 for channel [id: 0x2c50df9f, L:/127.0.0.1:56854 - R:localhost/127.0.0.1:1461]
16:36:37.929 [Forwarding sendKeysToElement on session ce58549c9b669d391e23640f16662e7f to remote] DEBUG org.asynchttpclient.netty.request.NettyRequestSender - Using pooled Channel '[id: 0x2c50df9f, L:/127.0.0.1:56854 - R:localhost/127.0.0.1:1461]' for 'POST' to 'http://localhost:1461/session/ce58549c9b669d391e23640f16662e7f/element/f.06EF3401E30AE3EE31C7C1ABA64024F7.d.25E199E54E50D9516023B87E2077D351.e.21/value'
16:36:37.929 [Forwarding sendKeysToElement on session ce58549c9b669d391e23640f16662e7f to remote] DEBUG org.asynchttpclient.netty.request.NettyRequestSender - Using open Channel [id: 0x2c50df9f, L:/127.0.0.1:56854 - R:localhost/127.0.0.1:1461] for POST '/session/ce58549c9b669d391e23640f16662e7f/element/f.06EF3401E30AE3EE31C7C1ABA64024F7.d.25E199E54E50D9516023B87E2077D351.e.21/value'
16:36:37.972 [AsyncHttpClient-1-5] DEBUG org.asynchttpclient.netty.handler.HttpHandler - 

Request DefaultHttpRequest(decodeResult: success, version: HTTP/1.1)
POST /session/ce58549c9b669d391e23640f16662e7f/element/f.06EF3401E30AE3EE31C7C1ABA64024F7.d.25E199E54E50D9516023B87E2077D351.e.21/value HTTP/1.1
User-Agent: selenium/4.12.1 (java windows)
Content-Length: 143
Content-Type: application/json; charset=utf-8
host: localhost:1461
accept: */*

Response DefaultHttpResponse(decodeResult: success, version: HTTP/1.1)
HTTP/1.1 200 OK
Content-Length: 14
Content-Type: application/json; charset=utf-8
cache-control: no-cache

16:36:37.972 [AsyncHttpClient-1-5] DEBUG org.asynchttpclient.netty.channel.ChannelManager - Adding key: http://localhost:1461 for channel [id: 0x2c50df9f, L:/127.0.0.1:56854 - R:localhost/127.0.0.1:1461]
16:36:37.973 [Forwarding findElement on session ce58549c9b669d391e23640f16662e7f to remote] DEBUG org.asynchttpclient.netty.request.NettyRequestSender - Using pooled Channel '[id: 0x2c50df9f, L:/127.0.0.1:56854 - R:localhost/127.0.0.1:1461]' for 'POST' to 'http://localhost:1461/session/ce58549c9b669d391e23640f16662e7f/element'
16:36:37.973 [Forwarding findElement on session ce58549c9b669d391e23640f16662e7f to remote] DEBUG org.asynchttpclient.netty.request.NettyRequestSender - Using open Channel [id: 0x2c50df9f, L:/127.0.0.1:56854 - R:localhost/127.0.0.1:1461] for POST '/session/ce58549c9b669d391e23640f16662e7f/element'
16:36:37.984 [AsyncHttpClient-1-5] DEBUG org.asynchttpclient.netty.handler.HttpHandler - 

Request DefaultHttpRequest(decodeResult: success, version: HTTP/1.1)
POST /session/ce58549c9b669d391e23640f16662e7f/element HTTP/1.1
User-Agent: selenium/4.12.1 (java windows)
Content-Length: 62
Content-Type: application/json; charset=utf-8
host: localhost:1461
accept: */*

Response DefaultHttpResponse(decodeResult: success, version: HTTP/1.1)
HTTP/1.1 200 OK
Content-Length: 126
Content-Type: application/json; charset=utf-8
cache-control: no-cache

16:36:37.984 [AsyncHttpClient-1-5] DEBUG org.asynchttpclient.netty.channel.ChannelManager - Adding key: http://localhost:1461 for channel [id: 0x2c50df9f, L:/127.0.0.1:56854 - R:localhost/127.0.0.1:1461]
16:36:37.986 [Forwarding sendKeysToElement on session ce58549c9b669d391e23640f16662e7f to remote] DEBUG org.asynchttpclient.netty.request.NettyRequestSender - Using pooled Channel '[id: 0x2c50df9f, L:/127.0.0.1:56854 - R:localhost/127.0.0.1:1461]' for 'POST' to 'http://localhost:1461/session/ce58549c9b669d391e23640f16662e7f/element/f.06EF3401E30AE3EE31C7C1ABA64024F7.d.25E199E54E50D9516023B87E2077D351.e.21/value'
16:36:37.986 [Forwarding sendKeysToElement on session ce58549c9b669d391e23640f16662e7f to remote] DEBUG org.asynchttpclient.netty.request.NettyRequestSender - Using open Channel [id: 0x2c50df9f, L:/127.0.0.1:56854 - R:localhost/127.0.0.1:1461] for POST '/session/ce58549c9b669d391e23640f16662e7f/element/f.06EF3401E30AE3EE31C7C1ABA64024F7.d.25E199E54E50D9516023B87E2077D351.e.21/value'
16:36:38.102 [AsyncHttpClient-1-5] DEBUG org.asynchttpclient.netty.handler.HttpHandler - 

Request DefaultHttpRequest(decodeResult: success, version: HTTP/1.1)
POST /session/ce58549c9b669d391e23640f16662e7f/element/f.06EF3401E30AE3EE31C7C1ABA64024F7.d.25E199E54E50D9516023B87E2077D351.e.21/value HTTP/1.1
User-Agent: selenium/4.12.1 (java windows)
Content-Length: 133
Content-Type: application/json; charset=utf-8
host: localhost:1461
accept: */*

Response DefaultHttpResponse(decodeResult: success, version: HTTP/1.1)
HTTP/1.1 200 OK
Content-Length: 14
Content-Type: application/json; charset=utf-8
cache-control: no-cache

16:36:38.102 [AsyncHttpClient-1-5] DEBUG org.asynchttpclient.netty.channel.ChannelManager - Adding key: http://localhost:1461 for channel [id: 0x2c50df9f, L:/127.0.0.1:56854 - R:localhost/127.0.0.1:1461]
16:36:38.104 [Forwarding findElement on session ce58549c9b669d391e23640f16662e7f to remote] DEBUG org.asynchttpclient.netty.request.NettyRequestSender - Using pooled Channel '[id: 0x2c50df9f, L:/127.0.0.1:56854 - R:localhost/127.0.0.1:1461]' for 'POST' to 'http://localhost:1461/session/ce58549c9b669d391e23640f16662e7f/element'
16:36:38.104 [Forwarding findElement on session ce58549c9b669d391e23640f16662e7f to remote] DEBUG org.asynchttpclient.netty.request.NettyRequestSender - Using open Channel [id: 0x2c50df9f, L:/127.0.0.1:56854 - R:localhost/127.0.0.1:1461] for POST '/session/ce58549c9b669d391e23640f16662e7f/element'
16:36:38.115 [AsyncHttpClient-1-5] DEBUG org.asynchttpclient.netty.handler.HttpHandler - 

Request DefaultHttpRequest(decodeResult: success, version: HTTP/1.1)
POST /session/ce58549c9b669d391e23640f16662e7f/element HTTP/1.1
User-Agent: selenium/4.12.1 (java windows)
Content-Length: 62
Content-Type: application/json; charset=utf-8
host: localhost:1461
accept: */*

Response DefaultHttpResponse(decodeResult: success, version: HTTP/1.1)
HTTP/1.1 200 OK
Content-Length: 126
Content-Type: application/json; charset=utf-8
cache-control: no-cache

16:36:38.116 [AsyncHttpClient-1-5] DEBUG org.asynchttpclient.netty.channel.ChannelManager - Adding key: http://localhost:1461 for channel [id: 0x2c50df9f, L:/127.0.0.1:56854 - R:localhost/127.0.0.1:1461]
16:36:38.117 [Forwarding clickElement on session ce58549c9b669d391e23640f16662e7f to remote] DEBUG org.asynchttpclient.netty.request.NettyRequestSender - Using pooled Channel '[id: 0x2c50df9f, L:/127.0.0.1:56854 - R:localhost/127.0.0.1:1461]' for 'POST' to 'http://localhost:1461/session/ce58549c9b669d391e23640f16662e7f/element/f.06EF3401E30AE3EE31C7C1ABA64024F7.d.25E199E54E50D9516023B87E2077D351.e.21/click'
16:36:38.117 [Forwarding clickElement on session ce58549c9b669d391e23640f16662e7f to remote] DEBUG org.asynchttpclient.netty.request.NettyRequestSender - Using open Channel [id: 0x2c50df9f, L:/127.0.0.1:56854 - R:localhost/127.0.0.1:1461] for POST '/session/ce58549c9b669d391e23640f16662e7f/element/f.06EF3401E30AE3EE31C7C1ABA64024F7.d.25E199E54E50D9516023B87E2077D351.e.21/click'
16:36:38.172 [AsyncHttpClient-1-5] DEBUG org.asynchttpclient.netty.handler.HttpHandler - 

Request DefaultHttpRequest(decodeResult: success, version: HTTP/1.1)
POST /session/ce58549c9b669d391e23640f16662e7f/element/f.06EF3401E30AE3EE31C7C1ABA64024F7.d.25E199E54E50D9516023B87E2077D351.e.21/click HTTP/1.1
User-Agent: selenium/4.12.1 (java windows)
Content-Length: 88
Content-Type: application/json; charset=utf-8
host: localhost:1461
accept: */*

Response DefaultHttpResponse(decodeResult: success, version: HTTP/1.1)
HTTP/1.1 200 OK
Content-Length: 14
Content-Type: application/json; charset=utf-8
cache-control: no-cache

16:36:38.172 [AsyncHttpClient-1-5] DEBUG org.asynchttpclient.netty.channel.ChannelManager - Adding key: http://localhost:1461 for channel [id: 0x2c50df9f, L:/127.0.0.1:56854 - R:localhost/127.0.0.1:1461]
16:36:38.173 [Forwarding findElement on session ce58549c9b669d391e23640f16662e7f to remote] DEBUG org.asynchttpclient.netty.request.NettyRequestSender - Using pooled Channel '[id: 0x2c50df9f, L:/127.0.0.1:56854 - R:localhost/127.0.0.1:1461]' for 'POST' to 'http://localhost:1461/session/ce58549c9b669d391e23640f16662e7f/element'
16:36:38.173 [Forwarding findElement on session ce58549c9b669d391e23640f16662e7f to remote] DEBUG org.asynchttpclient.netty.request.NettyRequestSender - Using open Channel [id: 0x2c50df9f, L:/127.0.0.1:56854 - R:localhost/127.0.0.1:1461] for POST '/session/ce58549c9b669d391e23640f16662e7f/element'
16:36:38.185 [AsyncHttpClient-1-5] DEBUG org.asynchttpclient.netty.handler.HttpHandler - 

Request DefaultHttpRequest(decodeResult: success, version: HTTP/1.1)
POST /session/ce58549c9b669d391e23640f16662e7f/element HTTP/1.1
User-Agent: selenium/4.12.1 (java windows)
Content-Length: 62
Content-Type: application/json; charset=utf-8
host: localhost:1461
accept: */*

Response DefaultHttpResponse(decodeResult: success, version: HTTP/1.1)
HTTP/1.1 200 OK
Content-Length: 126
Content-Type: application/json; charset=utf-8
cache-control: no-cache

16:36:38.186 [AsyncHttpClient-1-5] DEBUG org.asynchttpclient.netty.channel.ChannelManager - Adding key: http://localhost:1461 for channel [id: 0x2c50df9f, L:/127.0.0.1:56854 - R:localhost/127.0.0.1:1461]
16:36:38.188 [Forwarding sendKeysToElement on session ce58549c9b669d391e23640f16662e7f to remote] DEBUG org.asynchttpclient.netty.request.NettyRequestSender - Using pooled Channel '[id: 0x2c50df9f, L:/127.0.0.1:56854 - R:localhost/127.0.0.1:1461]' for 'POST' to 'http://localhost:1461/session/ce58549c9b669d391e23640f16662e7f/element/f.06EF3401E30AE3EE31C7C1ABA64024F7.d.25E199E54E50D9516023B87E2077D351.e.21/value'
16:36:38.188 [Forwarding sendKeysToElement on session ce58549c9b669d391e23640f16662e7f to remote] DEBUG org.asynchttpclient.netty.request.NettyRequestSender - Using open Channel [id: 0x2c50df9f, L:/127.0.0.1:56854 - R:localhost/127.0.0.1:1461] for POST '/session/ce58549c9b669d391e23640f16662e7f/element/f.06EF3401E30AE3EE31C7C1ABA64024F7.d.25E199E54E50D9516023B87E2077D351.e.21/value'
16:36:39.070 [AsyncHttpClient-1-5] DEBUG org.asynchttpclient.netty.handler.HttpHandler - 

Request DefaultHttpRequest(decodeResult: success, version: HTTP/1.1)
POST /session/ce58549c9b669d391e23640f16662e7f/element/f.06EF3401E30AE3EE31C7C1ABA64024F7.d.25E199E54E50D9516023B87E2077D351.e.21/value HTTP/1.1
User-Agent: selenium/4.12.1 (java windows)
Content-Length: 237
Content-Type: application/json; charset=utf-8
host: localhost:1461
accept: */*

Response DefaultHttpResponse(decodeResult: success, version: HTTP/1.1)
HTTP/1.1 200 OK
Content-Length: 14
Content-Type: application/json; charset=utf-8
cache-control: no-cache

16:36:39.071 [AsyncHttpClient-1-5] DEBUG org.asynchttpclient.netty.channel.ChannelManager - Adding key: http://localhost:1461 for channel [id: 0x2c50df9f, L:/127.0.0.1:56854 - R:localhost/127.0.0.1:1461]
16:36:39.073 [Forwarding findElement on session ce58549c9b669d391e23640f16662e7f to remote] DEBUG org.asynchttpclient.netty.request.NettyRequestSender - Using pooled Channel '[id: 0x2c50df9f, L:/127.0.0.1:56854 - R:localhost/127.0.0.1:1461]' for 'POST' to 'http://localhost:1461/session/ce58549c9b669d391e23640f16662e7f/element'
16:36:39.073 [Forwarding findElement on session ce58549c9b669d391e23640f16662e7f to remote] DEBUG org.asynchttpclient.netty.request.NettyRequestSender - Using open Channel [id: 0x2c50df9f, L:/127.0.0.1:56854 - R:localhost/127.0.0.1:1461] for POST '/session/ce58549c9b669d391e23640f16662e7f/element'
16:36:39.130 [AsyncHttpClient-1-5] DEBUG org.asynchttpclient.netty.handler.HttpHandler - 

Request DefaultHttpRequest(decodeResult: success, version: HTTP/1.1)
POST /session/ce58549c9b669d391e23640f16662e7f/element HTTP/1.1
User-Agent: selenium/4.12.1 (java windows)
Content-Length: 62
Content-Type: application/json; charset=utf-8
host: localhost:1461
accept: */*

Response DefaultHttpResponse(decodeResult: success, version: HTTP/1.1)
HTTP/1.1 200 OK
Content-Length: 126
Content-Type: application/json; charset=utf-8
cache-control: no-cache

16:36:39.131 [AsyncHttpClient-1-5] DEBUG org.asynchttpclient.netty.channel.ChannelManager - Adding key: http://localhost:1461 for channel [id: 0x2c50df9f, L:/127.0.0.1:56854 - R:localhost/127.0.0.1:1461]
16:36:39.133 [Forwarding getElementAttribute on session ce58549c9b669d391e23640f16662e7f to remote] DEBUG org.asynchttpclient.netty.request.NettyRequestSender - Using pooled Channel '[id: 0x2c50df9f, L:/127.0.0.1:56854 - R:localhost/127.0.0.1:1461]' for 'POST' to 'http://localhost:1461/session/ce58549c9b669d391e23640f16662e7f/execute/sync'
16:36:39.133 [Forwarding getElementAttribute on session ce58549c9b669d391e23640f16662e7f to remote] DEBUG org.asynchttpclient.netty.request.NettyRequestSender - Using open Channel [id: 0x2c50df9f, L:/127.0.0.1:56854 - R:localhost/127.0.0.1:1461] for POST '/session/ce58549c9b669d391e23640f16662e7f/execute/sync'
16:36:39.149 [AsyncHttpClient-1-5] DEBUG org.asynchttpclient.netty.handler.HttpHandler - 

Request DefaultHttpRequest(decodeResult: success, version: HTTP/1.1)
POST /session/ce58549c9b669d391e23640f16662e7f/execute/sync HTTP/1.1
User-Agent: selenium/4.12.1 (java windows)
Content-Length: 47295
Content-Type: application/json; charset=utf-8
host: localhost:1461
accept: */*

Response DefaultHttpResponse(decodeResult: success, version: HTTP/1.1)
HTTP/1.1 200 OK
Content-Length: 31
Content-Type: application/json; charset=utf-8
cache-control: no-cache

16:36:39.149 [AsyncHttpClient-1-5] DEBUG org.asynchttpclient.netty.channel.ChannelManager - Adding key: http://localhost:1461 for channel [id: 0x2c50df9f, L:/127.0.0.1:56854 - R:localhost/127.0.0.1:1461]
16:36:39.158 [Forwarding findElement on session ce58549c9b669d391e23640f16662e7f to remote] DEBUG org.asynchttpclient.netty.request.NettyRequestSender - Using pooled Channel '[id: 0x2c50df9f, L:/127.0.0.1:56854 - R:localhost/127.0.0.1:1461]' for 'POST' to 'http://localhost:1461/session/ce58549c9b669d391e23640f16662e7f/element'
16:36:39.158 [Forwarding findElement on session ce58549c9b669d391e23640f16662e7f to remote] DEBUG org.asynchttpclient.netty.request.NettyRequestSender - Using open Channel [id: 0x2c50df9f, L:/127.0.0.1:56854 - R:localhost/127.0.0.1:1461] for POST '/session/ce58549c9b669d391e23640f16662e7f/element'
16:36:39.167 [AsyncHttpClient-1-5] DEBUG org.asynchttpclient.netty.handler.HttpHandler - 

Request DefaultHttpRequest(decodeResult: success, version: HTTP/1.1)
POST /session/ce58549c9b669d391e23640f16662e7f/element HTTP/1.1
User-Agent: selenium/4.12.1 (java windows)
Content-Length: 62
Content-Type: application/json; charset=utf-8
host: localhost:1461
accept: */*

Response DefaultHttpResponse(decodeResult: success, version: HTTP/1.1)
HTTP/1.1 200 OK
Content-Length: 126
Content-Type: application/json; charset=utf-8
cache-control: no-cache

16:36:39.168 [AsyncHttpClient-1-5] DEBUG org.asynchttpclient.netty.channel.ChannelManager - Adding key: http://localhost:1461 for channel [id: 0x2c50df9f, L:/127.0.0.1:56854 - R:localhost/127.0.0.1:1461]
16:36:39.171 [Forwarding isElementDisplayed on session ce58549c9b669d391e23640f16662e7f to remote] DEBUG org.asynchttpclient.netty.request.NettyRequestSender - Using pooled Channel '[id: 0x2c50df9f, L:/127.0.0.1:56854 - R:localhost/127.0.0.1:1461]' for 'POST' to 'http://localhost:1461/session/ce58549c9b669d391e23640f16662e7f/execute/sync'
16:36:39.171 [Forwarding isElementDisplayed on session ce58549c9b669d391e23640f16662e7f to remote] DEBUG org.asynchttpclient.netty.request.NettyRequestSender - Using open Channel [id: 0x2c50df9f, L:/127.0.0.1:56854 - R:localhost/127.0.0.1:1461] for POST '/session/ce58549c9b669d391e23640f16662e7f/execute/sync'
16:36:39.184 [AsyncHttpClient-1-5] DEBUG org.asynchttpclient.netty.handler.HttpHandler - 

Request DefaultHttpRequest(decodeResult: success, version: HTTP/1.1)
POST /session/ce58549c9b669d391e23640f16662e7f/execute/sync HTTP/1.1
User-Agent: selenium/4.12.1 (java windows)
Content-Length: 48734
Content-Type: application/json; charset=utf-8
host: localhost:1461
accept: */*

Response DefaultHttpResponse(decodeResult: success, version: HTTP/1.1)
HTTP/1.1 200 OK
Content-Length: 14
Content-Type: application/json; charset=utf-8
cache-control: no-cache

16:36:39.184 [AsyncHttpClient-1-5] DEBUG org.asynchttpclient.netty.channel.ChannelManager - Adding key: http://localhost:1461 for channel [id: 0x2c50df9f, L:/127.0.0.1:56854 - R:localhost/127.0.0.1:1461]
16:36:39.185 [Forwarding findElement on session ce58549c9b669d391e23640f16662e7f to remote] DEBUG org.asynchttpclient.netty.request.NettyRequestSender - Using pooled Channel '[id: 0x2c50df9f, L:/127.0.0.1:56854 - R:localhost/127.0.0.1:1461]' for 'POST' to 'http://localhost:1461/session/ce58549c9b669d391e23640f16662e7f/element'
16:36:39.186 [Forwarding findElement on session ce58549c9b669d391e23640f16662e7f to remote] DEBUG org.asynchttpclient.netty.request.NettyRequestSender - Using open Channel [id: 0x2c50df9f, L:/127.0.0.1:56854 - R:localhost/127.0.0.1:1461] for POST '/session/ce58549c9b669d391e23640f16662e7f/element'
16:36:39.194 [AsyncHttpClient-1-5] DEBUG org.asynchttpclient.netty.handler.HttpHandler - 

Request DefaultHttpRequest(decodeResult: success, version: HTTP/1.1)
POST /session/ce58549c9b669d391e23640f16662e7f/element HTTP/1.1
User-Agent: selenium/4.12.1 (java windows)
Content-Length: 62
Content-Type: application/json; charset=utf-8
host: localhost:1461
accept: */*

Response DefaultHttpResponse(decodeResult: success, version: HTTP/1.1)
HTTP/1.1 200 OK
Content-Length: 126
Content-Type: application/json; charset=utf-8
cache-control: no-cache

16:36:39.194 [AsyncHttpClient-1-5] DEBUG org.asynchttpclient.netty.channel.ChannelManager - Adding key: http://localhost:1461 for channel [id: 0x2c50df9f, L:/127.0.0.1:56854 - R:localhost/127.0.0.1:1461]
16:36:39.196 [Forwarding clickElement on session ce58549c9b669d391e23640f16662e7f to remote] DEBUG org.asynchttpclient.netty.request.NettyRequestSender - Using pooled Channel '[id: 0x2c50df9f, L:/127.0.0.1:56854 - R:localhost/127.0.0.1:1461]' for 'POST' to 'http://localhost:1461/session/ce58549c9b669d391e23640f16662e7f/element/f.06EF3401E30AE3EE31C7C1ABA64024F7.d.25E199E54E50D9516023B87E2077D351.e.21/click'
16:36:39.196 [Forwarding clickElement on session ce58549c9b669d391e23640f16662e7f to remote] DEBUG org.asynchttpclient.netty.request.NettyRequestSender - Using open Channel [id: 0x2c50df9f, L:/127.0.0.1:56854 - R:localhost/127.0.0.1:1461] for POST '/session/ce58549c9b669d391e23640f16662e7f/element/f.06EF3401E30AE3EE31C7C1ABA64024F7.d.25E199E54E50D9516023B87E2077D351.e.21/click'
16:36:39.240 [AsyncHttpClient-1-5] DEBUG org.asynchttpclient.netty.handler.HttpHandler - 

Request DefaultHttpRequest(decodeResult: success, version: HTTP/1.1)
POST /session/ce58549c9b669d391e23640f16662e7f/element/f.06EF3401E30AE3EE31C7C1ABA64024F7.d.25E199E54E50D9516023B87E2077D351.e.21/click HTTP/1.1
User-Agent: selenium/4.12.1 (java windows)
Content-Length: 88
Content-Type: application/json; charset=utf-8
host: localhost:1461
accept: */*

Response DefaultHttpResponse(decodeResult: success, version: HTTP/1.1)
HTTP/1.1 200 OK
Content-Length: 14
Content-Type: application/json; charset=utf-8
cache-control: no-cache

16:36:39.240 [AsyncHttpClient-1-5] DEBUG org.asynchttpclient.netty.channel.ChannelManager - Adding key: http://localhost:1461 for channel [id: 0x2c50df9f, L:/127.0.0.1:56854 - R:localhost/127.0.0.1:1461]
16:36:39.241 [Forwarding findElement on session ce58549c9b669d391e23640f16662e7f to remote] DEBUG org.asynchttpclient.netty.request.NettyRequestSender - Using pooled Channel '[id: 0x2c50df9f, L:/127.0.0.1:56854 - R:localhost/127.0.0.1:1461]' for 'POST' to 'http://localhost:1461/session/ce58549c9b669d391e23640f16662e7f/element'
16:36:39.241 [Forwarding findElement on session ce58549c9b669d391e23640f16662e7f to remote] DEBUG org.asynchttpclient.netty.request.NettyRequestSender - Using open Channel [id: 0x2c50df9f, L:/127.0.0.1:56854 - R:localhost/127.0.0.1:1461] for POST '/session/ce58549c9b669d391e23640f16662e7f/element'
16:36:39.250 [AsyncHttpClient-1-5] DEBUG org.asynchttpclient.netty.handler.HttpHandler - 

Request DefaultHttpRequest(decodeResult: success, version: HTTP/1.1)
POST /session/ce58549c9b669d391e23640f16662e7f/element HTTP/1.1
User-Agent: selenium/4.12.1 (java windows)
Content-Length: 62
Content-Type: application/json; charset=utf-8
host: localhost:1461
accept: */*

Response DefaultHttpResponse(decodeResult: success, version: HTTP/1.1)
HTTP/1.1 200 OK
Content-Length: 126
Content-Type: application/json; charset=utf-8
cache-control: no-cache

16:36:39.251 [AsyncHttpClient-1-5] DEBUG org.asynchttpclient.netty.channel.ChannelManager - Adding key: http://localhost:1461 for channel [id: 0x2c50df9f, L:/127.0.0.1:56854 - R:localhost/127.0.0.1:1461]
16:36:39.253 [Forwarding sendKeysToElement on session ce58549c9b669d391e23640f16662e7f to remote] DEBUG org.asynchttpclient.netty.request.NettyRequestSender - Using pooled Channel '[id: 0x2c50df9f, L:/127.0.0.1:56854 - R:localhost/127.0.0.1:1461]' for 'POST' to 'http://localhost:1461/session/ce58549c9b669d391e23640f16662e7f/element/f.06EF3401E30AE3EE31C7C1ABA64024F7.d.25E199E54E50D9516023B87E2077D351.e.21/value'
16:36:39.253 [Forwarding sendKeysToElement on session ce58549c9b669d391e23640f16662e7f to remote] DEBUG org.asynchttpclient.netty.request.NettyRequestSender - Using open Channel [id: 0x2c50df9f, L:/127.0.0.1:56854 - R:localhost/127.0.0.1:1461] for POST '/session/ce58549c9b669d391e23640f16662e7f/element/f.06EF3401E30AE3EE31C7C1ABA64024F7.d.25E199E54E50D9516023B87E2077D351.e.21/value'
16:36:39.283 [AsyncHttpClient-1-5] DEBUG org.asynchttpclient.netty.handler.HttpHandler - 

Request DefaultHttpRequest(decodeResult: success, version: HTTP/1.1)
POST /session/ce58549c9b669d391e23640f16662e7f/element/f.06EF3401E30AE3EE31C7C1ABA64024F7.d.25E199E54E50D9516023B87E2077D351.e.21/value HTTP/1.1
User-Agent: selenium/4.12.1 (java windows)
Content-Length: 143
Content-Type: application/json; charset=utf-8
host: localhost:1461
accept: */*

Response DefaultHttpResponse(decodeResult: success, version: HTTP/1.1)
HTTP/1.1 200 OK
Content-Length: 14
Content-Type: application/json; charset=utf-8
cache-control: no-cache

16:36:39.283 [AsyncHttpClient-1-5] DEBUG org.asynchttpclient.netty.channel.ChannelManager - Adding key: http://localhost:1461 for channel [id: 0x2c50df9f, L:/127.0.0.1:56854 - R:localhost/127.0.0.1:1461]
16:36:39.285 [Forwarding findElement on session ce58549c9b669d391e23640f16662e7f to remote] DEBUG org.asynchttpclient.netty.request.NettyRequestSender - Using pooled Channel '[id: 0x2c50df9f, L:/127.0.0.1:56854 - R:localhost/127.0.0.1:1461]' for 'POST' to 'http://localhost:1461/session/ce58549c9b669d391e23640f16662e7f/element'
16:36:39.285 [Forwarding findElement on session ce58549c9b669d391e23640f16662e7f to remote] DEBUG org.asynchttpclient.netty.request.NettyRequestSender - Using open Channel [id: 0x2c50df9f, L:/127.0.0.1:56854 - R:localhost/127.0.0.1:1461] for POST '/session/ce58549c9b669d391e23640f16662e7f/element'
16:36:39.294 [AsyncHttpClient-1-5] DEBUG org.asynchttpclient.netty.handler.HttpHandler - 

Request DefaultHttpRequest(decodeResult: success, version: HTTP/1.1)
POST /session/ce58549c9b669d391e23640f16662e7f/element HTTP/1.1
User-Agent: selenium/4.12.1 (java windows)
Content-Length: 62
Content-Type: application/json; charset=utf-8
host: localhost:1461
accept: */*

Response DefaultHttpResponse(decodeResult: success, version: HTTP/1.1)
HTTP/1.1 200 OK
Content-Length: 126
Content-Type: application/json; charset=utf-8
cache-control: no-cache

16:36:39.294 [AsyncHttpClient-1-5] DEBUG org.asynchttpclient.netty.channel.ChannelManager - Adding key: http://localhost:1461 for channel [id: 0x2c50df9f, L:/127.0.0.1:56854 - R:localhost/127.0.0.1:1461]
16:36:39.296 [Forwarding sendKeysToElement on session ce58549c9b669d391e23640f16662e7f to remote] DEBUG org.asynchttpclient.netty.request.NettyRequestSender - Using pooled Channel '[id: 0x2c50df9f, L:/127.0.0.1:56854 - R:localhost/127.0.0.1:1461]' for 'POST' to 'http://localhost:1461/session/ce58549c9b669d391e23640f16662e7f/element/f.06EF3401E30AE3EE31C7C1ABA64024F7.d.25E199E54E50D9516023B87E2077D351.e.21/value'
16:36:39.296 [Forwarding sendKeysToElement on session ce58549c9b669d391e23640f16662e7f to remote] DEBUG org.asynchttpclient.netty.request.NettyRequestSender - Using open Channel [id: 0x2c50df9f, L:/127.0.0.1:56854 - R:localhost/127.0.0.1:1461] for POST '/session/ce58549c9b669d391e23640f16662e7f/element/f.06EF3401E30AE3EE31C7C1ABA64024F7.d.25E199E54E50D9516023B87E2077D351.e.21/value'
16:36:39.421 [AsyncHttpClient-1-5] DEBUG org.asynchttpclient.netty.handler.HttpHandler - 

Request DefaultHttpRequest(decodeResult: success, version: HTTP/1.1)
POST /session/ce58549c9b669d391e23640f16662e7f/element/f.06EF3401E30AE3EE31C7C1ABA64024F7.d.25E199E54E50D9516023B87E2077D351.e.21/value HTTP/1.1
User-Agent: selenium/4.12.1 (java windows)
Content-Length: 133
Content-Type: application/json; charset=utf-8
host: localhost:1461
accept: */*

Response DefaultHttpResponse(decodeResult: success, version: HTTP/1.1)
HTTP/1.1 200 OK
Content-Length: 14
Content-Type: application/json; charset=utf-8
cache-control: no-cache

16:36:39.421 [AsyncHttpClient-1-5] DEBUG org.asynchttpclient.netty.channel.ChannelManager - Adding key: http://localhost:1461 for channel [id: 0x2c50df9f, L:/127.0.0.1:56854 - R:localhost/127.0.0.1:1461]
16:36:39.423 [Forwarding findElement on session ce58549c9b669d391e23640f16662e7f to remote] DEBUG org.asynchttpclient.netty.request.NettyRequestSender - Using pooled Channel '[id: 0x2c50df9f, L:/127.0.0.1:56854 - R:localhost/127.0.0.1:1461]' for 'POST' to 'http://localhost:1461/session/ce58549c9b669d391e23640f16662e7f/element'
16:36:39.423 [Forwarding findElement on session ce58549c9b669d391e23640f16662e7f to remote] DEBUG org.asynchttpclient.netty.request.NettyRequestSender - Using open Channel [id: 0x2c50df9f, L:/127.0.0.1:56854 - R:localhost/127.0.0.1:1461] for POST '/session/ce58549c9b669d391e23640f16662e7f/element'
16:36:39.434 [AsyncHttpClient-1-5] DEBUG org.asynchttpclient.netty.handler.HttpHandler - 

Request DefaultHttpRequest(decodeResult: success, version: HTTP/1.1)
POST /session/ce58549c9b669d391e23640f16662e7f/element HTTP/1.1
User-Agent: selenium/4.12.1 (java windows)
Content-Length: 62
Content-Type: application/json; charset=utf-8
host: localhost:1461
accept: */*

Response DefaultHttpResponse(decodeResult: success, version: HTTP/1.1)
HTTP/1.1 200 OK
Content-Length: 126
Content-Type: application/json; charset=utf-8
cache-control: no-cache

16:36:39.434 [AsyncHttpClient-1-5] DEBUG org.asynchttpclient.netty.channel.ChannelManager - Adding key: http://localhost:1461 for channel [id: 0x2c50df9f, L:/127.0.0.1:56854 - R:localhost/127.0.0.1:1461]
16:36:39.436 [Forwarding clickElement on session ce58549c9b669d391e23640f16662e7f to remote] DEBUG org.asynchttpclient.netty.request.NettyRequestSender - Using pooled Channel '[id: 0x2c50df9f, L:/127.0.0.1:56854 - R:localhost/127.0.0.1:1461]' for 'POST' to 'http://localhost:1461/session/ce58549c9b669d391e23640f16662e7f/element/f.06EF3401E30AE3EE31C7C1ABA64024F7.d.25E199E54E50D9516023B87E2077D351.e.21/click'
16:36:39.436 [Forwarding clickElement on session ce58549c9b669d391e23640f16662e7f to remote] DEBUG org.asynchttpclient.netty.request.NettyRequestSender - Using open Channel [id: 0x2c50df9f, L:/127.0.0.1:56854 - R:localhost/127.0.0.1:1461] for POST '/session/ce58549c9b669d391e23640f16662e7f/element/f.06EF3401E30AE3EE31C7C1ABA64024F7.d.25E199E54E50D9516023B87E2077D351.e.21/click'
16:36:39.484 [AsyncHttpClient-1-5] DEBUG org.asynchttpclient.netty.handler.HttpHandler - 

Request DefaultHttpRequest(decodeResult: success, version: HTTP/1.1)
POST /session/ce58549c9b669d391e23640f16662e7f/element/f.06EF3401E30AE3EE31C7C1ABA64024F7.d.25E199E54E50D9516023B87E2077D351.e.21/click HTTP/1.1
User-Agent: selenium/4.12.1 (java windows)
Content-Length: 88
Content-Type: application/json; charset=utf-8
host: localhost:1461
accept: */*

Response DefaultHttpResponse(decodeResult: success, version: HTTP/1.1)
HTTP/1.1 200 OK
Content-Length: 14
Content-Type: application/json; charset=utf-8
cache-control: no-cache

16:36:39.484 [AsyncHttpClient-1-5] DEBUG org.asynchttpclient.netty.channel.ChannelManager - Adding key: http://localhost:1461 for channel [id: 0x2c50df9f, L:/127.0.0.1:56854 - R:localhost/127.0.0.1:1461]
16:36:39.486 [Forwarding findElement on session ce58549c9b669d391e23640f16662e7f to remote] DEBUG org.asynchttpclient.netty.request.NettyRequestSender - Using pooled Channel '[id: 0x2c50df9f, L:/127.0.0.1:56854 - R:localhost/127.0.0.1:1461]' for 'POST' to 'http://localhost:1461/session/ce58549c9b669d391e23640f16662e7f/element'
16:36:39.486 [Forwarding findElement on session ce58549c9b669d391e23640f16662e7f to remote] DEBUG org.asynchttpclient.netty.request.NettyRequestSender - Using open Channel [id: 0x2c50df9f, L:/127.0.0.1:56854 - R:localhost/127.0.0.1:1461] for POST '/session/ce58549c9b669d391e23640f16662e7f/element'
16:36:39.497 [AsyncHttpClient-1-5] DEBUG org.asynchttpclient.netty.handler.HttpHandler - 

Request DefaultHttpRequest(decodeResult: success, version: HTTP/1.1)
POST /session/ce58549c9b669d391e23640f16662e7f/element HTTP/1.1
User-Agent: selenium/4.12.1 (java windows)
Content-Length: 62
Content-Type: application/json; charset=utf-8
host: localhost:1461
accept: */*

Response DefaultHttpResponse(decodeResult: success, version: HTTP/1.1)
HTTP/1.1 200 OK
Content-Length: 126
Content-Type: application/json; charset=utf-8
cache-control: no-cache

16:36:39.497 [AsyncHttpClient-1-5] DEBUG org.asynchttpclient.netty.channel.ChannelManager - Adding key: http://localhost:1461 for channel [id: 0x2c50df9f, L:/127.0.0.1:56854 - R:localhost/127.0.0.1:1461]
16:36:39.499 [Forwarding sendKeysToElement on session ce58549c9b669d391e23640f16662e7f to remote] DEBUG org.asynchttpclient.netty.request.NettyRequestSender - Using pooled Channel '[id: 0x2c50df9f, L:/127.0.0.1:56854 - R:localhost/127.0.0.1:1461]' for 'POST' to 'http://localhost:1461/session/ce58549c9b669d391e23640f16662e7f/element/f.06EF3401E30AE3EE31C7C1ABA64024F7.d.25E199E54E50D9516023B87E2077D351.e.21/value'
16:36:39.499 [Forwarding sendKeysToElement on session ce58549c9b669d391e23640f16662e7f to remote] DEBUG org.asynchttpclient.netty.request.NettyRequestSender - Using open Channel [id: 0x2c50df9f, L:/127.0.0.1:56854 - R:localhost/127.0.0.1:1461] for POST '/session/ce58549c9b669d391e23640f16662e7f/element/f.06EF3401E30AE3EE31C7C1ABA64024F7.d.25E199E54E50D9516023B87E2077D351.e.21/value'
16:36:39.617 [AsyncHttpClient-1-5] DEBUG org.asynchttpclient.netty.handler.HttpHandler - 

Request DefaultHttpRequest(decodeResult: success, version: HTTP/1.1)
POST /session/ce58549c9b669d391e23640f16662e7f/element/f.06EF3401E30AE3EE31C7C1ABA64024F7.d.25E199E54E50D9516023B87E2077D351.e.21/value HTTP/1.1
User-Agent: selenium/4.12.1 (java windows)
Content-Length: 129
Content-Type: application/json; charset=utf-8
host: localhost:1461
accept: */*

Response DefaultHttpResponse(decodeResult: success, version: HTTP/1.1)
HTTP/1.1 200 OK
Content-Length: 14
Content-Type: application/json; charset=utf-8
cache-control: no-cache

16:36:39.617 [AsyncHttpClient-1-5] DEBUG org.asynchttpclient.netty.channel.ChannelManager - Adding key: http://localhost:1461 for channel [id: 0x2c50df9f, L:/127.0.0.1:56854 - R:localhost/127.0.0.1:1461]
16:36:39.619 [Forwarding findElement on session ce58549c9b669d391e23640f16662e7f to remote] DEBUG org.asynchttpclient.netty.request.NettyRequestSender - Using pooled Channel '[id: 0x2c50df9f, L:/127.0.0.1:56854 - R:localhost/127.0.0.1:1461]' for 'POST' to 'http://localhost:1461/session/ce58549c9b669d391e23640f16662e7f/element'
16:36:39.619 [Forwarding findElement on session ce58549c9b669d391e23640f16662e7f to remote] DEBUG org.asynchttpclient.netty.request.NettyRequestSender - Using open Channel [id: 0x2c50df9f, L:/127.0.0.1:56854 - R:localhost/127.0.0.1:1461] for POST '/session/ce58549c9b669d391e23640f16662e7f/element'
16:36:39.630 [AsyncHttpClient-1-5] DEBUG org.asynchttpclient.netty.handler.HttpHandler - 

Request DefaultHttpRequest(decodeResult: success, version: HTTP/1.1)
POST /session/ce58549c9b669d391e23640f16662e7f/element HTTP/1.1
User-Agent: selenium/4.12.1 (java windows)
Content-Length: 142
Content-Type: application/json; charset=utf-8
host: localhost:1461
accept: */*

Response DefaultHttpResponse(decodeResult: success, version: HTTP/1.1)
HTTP/1.1 200 OK
Content-Length: 126
Content-Type: application/json; charset=utf-8
cache-control: no-cache

16:36:39.631 [AsyncHttpClient-1-5] DEBUG org.asynchttpclient.netty.channel.ChannelManager - Adding key: http://localhost:1461 for channel [id: 0x2c50df9f, L:/127.0.0.1:56854 - R:localhost/127.0.0.1:1461]
16:36:39.632 [Forwarding clickElement on session ce58549c9b669d391e23640f16662e7f to remote] DEBUG org.asynchttpclient.netty.request.NettyRequestSender - Using pooled Channel '[id: 0x2c50df9f, L:/127.0.0.1:56854 - R:localhost/127.0.0.1:1461]' for 'POST' to 'http://localhost:1461/session/ce58549c9b669d391e23640f16662e7f/element/f.06EF3401E30AE3EE31C7C1ABA64024F7.d.25E199E54E50D9516023B87E2077D351.e.90/click'
16:36:39.632 [Forwarding clickElement on session ce58549c9b669d391e23640f16662e7f to remote] DEBUG org.asynchttpclient.netty.request.NettyRequestSender - Using open Channel [id: 0x2c50df9f, L:/127.0.0.1:56854 - R:localhost/127.0.0.1:1461] for POST '/session/ce58549c9b669d391e23640f16662e7f/element/f.06EF3401E30AE3EE31C7C1ABA64024F7.d.25E199E54E50D9516023B87E2077D351.e.90/click'
16:36:39.789 [AsyncHttpClient-1-5] DEBUG org.asynchttpclient.netty.handler.HttpHandler - 

Request DefaultHttpRequest(decodeResult: success, version: HTTP/1.1)
POST /session/ce58549c9b669d391e23640f16662e7f/element/f.06EF3401E30AE3EE31C7C1ABA64024F7.d.25E199E54E50D9516023B87E2077D351.e.90/click HTTP/1.1
User-Agent: selenium/4.12.1 (java windows)
Content-Length: 88
Content-Type: application/json; charset=utf-8
host: localhost:1461
accept: */*

Response DefaultHttpResponse(decodeResult: success, version: HTTP/1.1)
HTTP/1.1 200 OK
Content-Length: 14
Content-Type: application/json; charset=utf-8
cache-control: no-cache

16:36:39.789 [AsyncHttpClient-1-5] DEBUG org.asynchttpclient.netty.channel.ChannelManager - Adding key: http://localhost:1461 for channel [id: 0x2c50df9f, L:/127.0.0.1:56854 - R:localhost/127.0.0.1:1461]
16:36:39.791 [Forwarding findElement on session ce58549c9b669d391e23640f16662e7f to remote] DEBUG org.asynchttpclient.netty.request.NettyRequestSender - Using pooled Channel '[id: 0x2c50df9f, L:/127.0.0.1:56854 - R:localhost/127.0.0.1:1461]' for 'POST' to 'http://localhost:1461/session/ce58549c9b669d391e23640f16662e7f/element'
16:36:39.791 [Forwarding findElement on session ce58549c9b669d391e23640f16662e7f to remote] DEBUG org.asynchttpclient.netty.request.NettyRequestSender - Using open Channel [id: 0x2c50df9f, L:/127.0.0.1:56854 - R:localhost/127.0.0.1:1461] for POST '/session/ce58549c9b669d391e23640f16662e7f/element'
16:36:39.801 [AsyncHttpClient-1-5] DEBUG org.asynchttpclient.netty.handler.HttpHandler - 

Request DefaultHttpRequest(decodeResult: success, version: HTTP/1.1)
POST /session/ce58549c9b669d391e23640f16662e7f/element HTTP/1.1
User-Agent: selenium/4.12.1 (java windows)
Content-Length: 191
Content-Type: application/json; charset=utf-8
host: localhost:1461
accept: */*

Response DefaultHttpResponse(decodeResult: success, version: HTTP/1.1)
HTTP/1.1 200 OK
Content-Length: 127
Content-Type: application/json; charset=utf-8
cache-control: no-cache

16:36:39.801 [AsyncHttpClient-1-5] DEBUG org.asynchttpclient.netty.channel.ChannelManager - Adding key: http://localhost:1461 for channel [id: 0x2c50df9f, L:/127.0.0.1:56854 - R:localhost/127.0.0.1:1461]
16:36:39.803 [Forwarding isElementDisplayed on session ce58549c9b669d391e23640f16662e7f to remote] DEBUG org.asynchttpclient.netty.request.NettyRequestSender - Using pooled Channel '[id: 0x2c50df9f, L:/127.0.0.1:56854 - R:localhost/127.0.0.1:1461]' for 'POST' to 'http://localhost:1461/session/ce58549c9b669d391e23640f16662e7f/execute/sync'
16:36:39.803 [Forwarding isElementDisplayed on session ce58549c9b669d391e23640f16662e7f to remote] DEBUG org.asynchttpclient.netty.request.NettyRequestSender - Using open Channel [id: 0x2c50df9f, L:/127.0.0.1:56854 - R:localhost/127.0.0.1:1461] for POST '/session/ce58549c9b669d391e23640f16662e7f/execute/sync'
16:36:39.814 [AsyncHttpClient-1-5] DEBUG org.asynchttpclient.netty.handler.HttpHandler - 

Request DefaultHttpRequest(decodeResult: success, version: HTTP/1.1)
POST /session/ce58549c9b669d391e23640f16662e7f/execute/sync HTTP/1.1
User-Agent: selenium/4.12.1 (java windows)
Content-Length: 48735
Content-Type: application/json; charset=utf-8
host: localhost:1461
accept: */*

Response DefaultHttpResponse(decodeResult: success, version: HTTP/1.1)
HTTP/1.1 200 OK
Content-Length: 14
Content-Type: application/json; charset=utf-8
cache-control: no-cache

16:36:39.814 [AsyncHttpClient-1-5] DEBUG org.asynchttpclient.netty.channel.ChannelManager - Adding key: http://localhost:1461 for channel [id: 0x2c50df9f, L:/127.0.0.1:56854 - R:localhost/127.0.0.1:1461]
16:36:39.824 [Forwarding findElement on session ce58549c9b669d391e23640f16662e7f to remote] DEBUG org.asynchttpclient.netty.request.NettyRequestSender - Using pooled Channel '[id: 0x2c50df9f, L:/127.0.0.1:56854 - R:localhost/127.0.0.1:1461]' for 'POST' to 'http://localhost:1461/session/ce58549c9b669d391e23640f16662e7f/element'
16:36:39.825 [Forwarding findElement on session ce58549c9b669d391e23640f16662e7f to remote] DEBUG org.asynchttpclient.netty.request.NettyRequestSender - Using open Channel [id: 0x2c50df9f, L:/127.0.0.1:56854 - R:localhost/127.0.0.1:1461] for POST '/session/ce58549c9b669d391e23640f16662e7f/element'
16:36:39.836 [AsyncHttpClient-1-5] DEBUG org.asynchttpclient.netty.handler.HttpHandler - 

Request DefaultHttpRequest(decodeResult: success, version: HTTP/1.1)
POST /session/ce58549c9b669d391e23640f16662e7f/element HTTP/1.1
User-Agent: selenium/4.12.1 (java windows)
Content-Length: 62
Content-Type: application/json; charset=utf-8
host: localhost:1461
accept: */*

Response DefaultHttpResponse(decodeResult: success, version: HTTP/1.1)
HTTP/1.1 200 OK
Content-Length: 126
Content-Type: application/json; charset=utf-8
cache-control: no-cache

16:36:39.836 [AsyncHttpClient-1-5] DEBUG org.asynchttpclient.netty.channel.ChannelManager - Adding key: http://localhost:1461 for channel [id: 0x2c50df9f, L:/127.0.0.1:56854 - R:localhost/127.0.0.1:1461]
16:36:39.839 [Forwarding isElementDisplayed on session ce58549c9b669d391e23640f16662e7f to remote] DEBUG org.asynchttpclient.netty.request.NettyRequestSender - Using pooled Channel '[id: 0x2c50df9f, L:/127.0.0.1:56854 - R:localhost/127.0.0.1:1461]' for 'POST' to 'http://localhost:1461/session/ce58549c9b669d391e23640f16662e7f/execute/sync'
16:36:39.840 [Forwarding isElementDisplayed on session ce58549c9b669d391e23640f16662e7f to remote] DEBUG org.asynchttpclient.netty.request.NettyRequestSender - Using open Channel [id: 0x2c50df9f, L:/127.0.0.1:56854 - R:localhost/127.0.0.1:1461] for POST '/session/ce58549c9b669d391e23640f16662e7f/execute/sync'
16:36:39.851 [AsyncHttpClient-1-5] DEBUG org.asynchttpclient.netty.handler.HttpHandler - 

Request DefaultHttpRequest(decodeResult: success, version: HTTP/1.1)
POST /session/ce58549c9b669d391e23640f16662e7f/execute/sync HTTP/1.1
User-Agent: selenium/4.12.1 (java windows)
Content-Length: 48734
Content-Type: application/json; charset=utf-8
host: localhost:1461
accept: */*

Response DefaultHttpResponse(decodeResult: success, version: HTTP/1.1)
HTTP/1.1 200 OK
Content-Length: 14
Content-Type: application/json; charset=utf-8
cache-control: no-cache

16:36:39.851 [AsyncHttpClient-1-5] DEBUG org.asynchttpclient.netty.channel.ChannelManager - Adding key: http://localhost:1461 for channel [id: 0x2c50df9f, L:/127.0.0.1:56854 - R:localhost/127.0.0.1:1461]
16:36:39.852 [Forwarding findElement on session ce58549c9b669d391e23640f16662e7f to remote] DEBUG org.asynchttpclient.netty.request.NettyRequestSender - Using pooled Channel '[id: 0x2c50df9f, L:/127.0.0.1:56854 - R:localhost/127.0.0.1:1461]' for 'POST' to 'http://localhost:1461/session/ce58549c9b669d391e23640f16662e7f/element'
16:36:39.852 [Forwarding findElement on session ce58549c9b669d391e23640f16662e7f to remote] DEBUG org.asynchttpclient.netty.request.NettyRequestSender - Using open Channel [id: 0x2c50df9f, L:/127.0.0.1:56854 - R:localhost/127.0.0.1:1461] for POST '/session/ce58549c9b669d391e23640f16662e7f/element'
16:36:39.862 [AsyncHttpClient-1-5] DEBUG org.asynchttpclient.netty.handler.HttpHandler - 

Request DefaultHttpRequest(decodeResult: success, version: HTTP/1.1)
POST /session/ce58549c9b669d391e23640f16662e7f/element HTTP/1.1
User-Agent: selenium/4.12.1 (java windows)
Content-Length: 62
Content-Type: application/json; charset=utf-8
host: localhost:1461
accept: */*

Response DefaultHttpResponse(decodeResult: success, version: HTTP/1.1)
HTTP/1.1 200 OK
Content-Length: 126
Content-Type: application/json; charset=utf-8
cache-control: no-cache

16:36:39.862 [AsyncHttpClient-1-5] DEBUG org.asynchttpclient.netty.channel.ChannelManager - Adding key: http://localhost:1461 for channel [id: 0x2c50df9f, L:/127.0.0.1:56854 - R:localhost/127.0.0.1:1461]
16:36:39.864 [Forwarding clickElement on session ce58549c9b669d391e23640f16662e7f to remote] DEBUG org.asynchttpclient.netty.request.NettyRequestSender - Using pooled Channel '[id: 0x2c50df9f, L:/127.0.0.1:56854 - R:localhost/127.0.0.1:1461]' for 'POST' to 'http://localhost:1461/session/ce58549c9b669d391e23640f16662e7f/element/f.06EF3401E30AE3EE31C7C1ABA64024F7.d.25E199E54E50D9516023B87E2077D351.e.21/click'
16:36:39.864 [Forwarding clickElement on session ce58549c9b669d391e23640f16662e7f to remote] DEBUG org.asynchttpclient.netty.request.NettyRequestSender - Using open Channel [id: 0x2c50df9f, L:/127.0.0.1:56854 - R:localhost/127.0.0.1:1461] for POST '/session/ce58549c9b669d391e23640f16662e7f/element/f.06EF3401E30AE3EE31C7C1ABA64024F7.d.25E199E54E50D9516023B87E2077D351.e.21/click'
16:36:39.919 [AsyncHttpClient-1-5] DEBUG org.asynchttpclient.netty.handler.HttpHandler - 

Request DefaultHttpRequest(decodeResult: success, version: HTTP/1.1)
POST /session/ce58549c9b669d391e23640f16662e7f/element/f.06EF3401E30AE3EE31C7C1ABA64024F7.d.25E199E54E50D9516023B87E2077D351.e.21/click HTTP/1.1
User-Agent: selenium/4.12.1 (java windows)
Content-Length: 88
Content-Type: application/json; charset=utf-8
host: localhost:1461
accept: */*

Response DefaultHttpResponse(decodeResult: success, version: HTTP/1.1)
HTTP/1.1 200 OK
Content-Length: 14
Content-Type: application/json; charset=utf-8
cache-control: no-cache

16:36:39.920 [AsyncHttpClient-1-5] DEBUG org.asynchttpclient.netty.channel.ChannelManager - Adding key: http://localhost:1461 for channel [id: 0x2c50df9f, L:/127.0.0.1:56854 - R:localhost/127.0.0.1:1461]
16:36:39.921 [Forwarding findElement on session ce58549c9b669d391e23640f16662e7f to remote] DEBUG org.asynchttpclient.netty.request.NettyRequestSender - Using pooled Channel '[id: 0x2c50df9f, L:/127.0.0.1:56854 - R:localhost/127.0.0.1:1461]' for 'POST' to 'http://localhost:1461/session/ce58549c9b669d391e23640f16662e7f/element'
16:36:39.921 [Forwarding findElement on session ce58549c9b669d391e23640f16662e7f to remote] DEBUG org.asynchttpclient.netty.request.NettyRequestSender - Using open Channel [id: 0x2c50df9f, L:/127.0.0.1:56854 - R:localhost/127.0.0.1:1461] for POST '/session/ce58549c9b669d391e23640f16662e7f/element'
16:36:39.932 [AsyncHttpClient-1-5] DEBUG org.asynchttpclient.netty.handler.HttpHandler - 

Request DefaultHttpRequest(decodeResult: success, version: HTTP/1.1)
POST /session/ce58549c9b669d391e23640f16662e7f/element HTTP/1.1
User-Agent: selenium/4.12.1 (java windows)
Content-Length: 62
Content-Type: application/json; charset=utf-8
host: localhost:1461
accept: */*

Response DefaultHttpResponse(decodeResult: success, version: HTTP/1.1)
HTTP/1.1 200 OK
Content-Length: 126
Content-Type: application/json; charset=utf-8
cache-control: no-cache

16:36:39.932 [AsyncHttpClient-1-5] DEBUG org.asynchttpclient.netty.channel.ChannelManager - Adding key: http://localhost:1461 for channel [id: 0x2c50df9f, L:/127.0.0.1:56854 - R:localhost/127.0.0.1:1461]
16:36:39.935 [Forwarding sendKeysToElement on session ce58549c9b669d391e23640f16662e7f to remote] DEBUG org.asynchttpclient.netty.request.NettyRequestSender - Using pooled Channel '[id: 0x2c50df9f, L:/127.0.0.1:56854 - R:localhost/127.0.0.1:1461]' for 'POST' to 'http://localhost:1461/session/ce58549c9b669d391e23640f16662e7f/element/f.06EF3401E30AE3EE31C7C1ABA64024F7.d.25E199E54E50D9516023B87E2077D351.e.21/value'
16:36:39.935 [Forwarding sendKeysToElement on session ce58549c9b669d391e23640f16662e7f to remote] DEBUG org.asynchttpclient.netty.request.NettyRequestSender - Using open Channel [id: 0x2c50df9f, L:/127.0.0.1:56854 - R:localhost/127.0.0.1:1461] for POST '/session/ce58549c9b669d391e23640f16662e7f/element/f.06EF3401E30AE3EE31C7C1ABA64024F7.d.25E199E54E50D9516023B87E2077D351.e.21/value'
16:36:39.966 [AsyncHttpClient-1-5] DEBUG org.asynchttpclient.netty.handler.HttpHandler - 

Request DefaultHttpRequest(decodeResult: success, version: HTTP/1.1)
POST /session/ce58549c9b669d391e23640f16662e7f/element/f.06EF3401E30AE3EE31C7C1ABA64024F7.d.25E199E54E50D9516023B87E2077D351.e.21/value HTTP/1.1
User-Agent: selenium/4.12.1 (java windows)
Content-Length: 143
Content-Type: application/json; charset=utf-8
host: localhost:1461
accept: */*

Response DefaultHttpResponse(decodeResult: success, version: HTTP/1.1)
HTTP/1.1 200 OK
Content-Length: 14
Content-Type: application/json; charset=utf-8
cache-control: no-cache

16:36:39.966 [AsyncHttpClient-1-5] DEBUG org.asynchttpclient.netty.channel.ChannelManager - Adding key: http://localhost:1461 for channel [id: 0x2c50df9f, L:/127.0.0.1:56854 - R:localhost/127.0.0.1:1461]
16:36:39.967 [Forwarding findElement on session ce58549c9b669d391e23640f16662e7f to remote] DEBUG org.asynchttpclient.netty.request.NettyRequestSender - Using pooled Channel '[id: 0x2c50df9f, L:/127.0.0.1:56854 - R:localhost/127.0.0.1:1461]' for 'POST' to 'http://localhost:1461/session/ce58549c9b669d391e23640f16662e7f/element'
16:36:39.967 [Forwarding findElement on session ce58549c9b669d391e23640f16662e7f to remote] DEBUG org.asynchttpclient.netty.request.NettyRequestSender - Using open Channel [id: 0x2c50df9f, L:/127.0.0.1:56854 - R:localhost/127.0.0.1:1461] for POST '/session/ce58549c9b669d391e23640f16662e7f/element'
16:36:39.976 [AsyncHttpClient-1-5] DEBUG org.asynchttpclient.netty.handler.HttpHandler - 

Request DefaultHttpRequest(decodeResult: success, version: HTTP/1.1)
POST /session/ce58549c9b669d391e23640f16662e7f/element HTTP/1.1
User-Agent: selenium/4.12.1 (java windows)
Content-Length: 62
Content-Type: application/json; charset=utf-8
host: localhost:1461
accept: */*

Response DefaultHttpResponse(decodeResult: success, version: HTTP/1.1)
HTTP/1.1 200 OK
Content-Length: 126
Content-Type: application/json; charset=utf-8
cache-control: no-cache

16:36:39.976 [AsyncHttpClient-1-5] DEBUG org.asynchttpclient.netty.channel.ChannelManager - Adding key: http://localhost:1461 for channel [id: 0x2c50df9f, L:/127.0.0.1:56854 - R:localhost/127.0.0.1:1461]
16:36:39.978 [Forwarding sendKeysToElement on session ce58549c9b669d391e23640f16662e7f to remote] DEBUG org.asynchttpclient.netty.request.NettyRequestSender - Using pooled Channel '[id: 0x2c50df9f, L:/127.0.0.1:56854 - R:localhost/127.0.0.1:1461]' for 'POST' to 'http://localhost:1461/session/ce58549c9b669d391e23640f16662e7f/element/f.06EF3401E30AE3EE31C7C1ABA64024F7.d.25E199E54E50D9516023B87E2077D351.e.21/value'
16:36:39.979 [Forwarding sendKeysToElement on session ce58549c9b669d391e23640f16662e7f to remote] DEBUG org.asynchttpclient.netty.request.NettyRequestSender - Using open Channel [id: 0x2c50df9f, L:/127.0.0.1:56854 - R:localhost/127.0.0.1:1461] for POST '/session/ce58549c9b669d391e23640f16662e7f/element/f.06EF3401E30AE3EE31C7C1ABA64024F7.d.25E199E54E50D9516023B87E2077D351.e.21/value'
16:36:40.353 [AsyncHttpClient-1-5] DEBUG org.asynchttpclient.netty.handler.HttpHandler - 

Request DefaultHttpRequest(decodeResult: success, version: HTTP/1.1)
POST /session/ce58549c9b669d391e23640f16662e7f/element/f.06EF3401E30AE3EE31C7C1ABA64024F7.d.25E199E54E50D9516023B87E2077D351.e.21/value HTTP/1.1
User-Agent: selenium/4.12.1 (java windows)
Content-Length: 133
Content-Type: application/json; charset=utf-8
host: localhost:1461
accept: */*

Response DefaultHttpResponse(decodeResult: success, version: HTTP/1.1)
HTTP/1.1 200 OK
Content-Length: 14
Content-Type: application/json; charset=utf-8
cache-control: no-cache

16:36:40.353 [AsyncHttpClient-1-5] DEBUG org.asynchttpclient.netty.channel.ChannelManager - Adding key: http://localhost:1461 for channel [id: 0x2c50df9f, L:/127.0.0.1:56854 - R:localhost/127.0.0.1:1461]
16:36:40.355 [Forwarding findElement on session ce58549c9b669d391e23640f16662e7f to remote] DEBUG org.asynchttpclient.netty.request.NettyRequestSender - Using pooled Channel '[id: 0x2c50df9f, L:/127.0.0.1:56854 - R:localhost/127.0.0.1:1461]' for 'POST' to 'http://localhost:1461/session/ce58549c9b669d391e23640f16662e7f/element'
16:36:40.355 [Forwarding findElement on session ce58549c9b669d391e23640f16662e7f to remote] DEBUG org.asynchttpclient.netty.request.NettyRequestSender - Using open Channel [id: 0x2c50df9f, L:/127.0.0.1:56854 - R:localhost/127.0.0.1:1461] for POST '/session/ce58549c9b669d391e23640f16662e7f/element'
16:36:40.366 [AsyncHttpClient-1-5] DEBUG org.asynchttpclient.netty.handler.HttpHandler - 

Request DefaultHttpRequest(decodeResult: success, version: HTTP/1.1)
POST /session/ce58549c9b669d391e23640f16662e7f/element HTTP/1.1
User-Agent: selenium/4.12.1 (java windows)
Content-Length: 62
Content-Type: application/json; charset=utf-8
host: localhost:1461
accept: */*

Response DefaultHttpResponse(decodeResult: success, version: HTTP/1.1)
HTTP/1.1 200 OK
Content-Length: 126
Content-Type: application/json; charset=utf-8
cache-control: no-cache

16:36:40.367 [AsyncHttpClient-1-5] DEBUG org.asynchttpclient.netty.channel.ChannelManager - Adding key: http://localhost:1461 for channel [id: 0x2c50df9f, L:/127.0.0.1:56854 - R:localhost/127.0.0.1:1461]
16:36:40.368 [Forwarding clickElement on session ce58549c9b669d391e23640f16662e7f to remote] DEBUG org.asynchttpclient.netty.request.NettyRequestSender - Using pooled Channel '[id: 0x2c50df9f, L:/127.0.0.1:56854 - R:localhost/127.0.0.1:1461]' for 'POST' to 'http://localhost:1461/session/ce58549c9b669d391e23640f16662e7f/element/f.06EF3401E30AE3EE31C7C1ABA64024F7.d.25E199E54E50D9516023B87E2077D351.e.21/click'
16:36:40.368 [Forwarding clickElement on session ce58549c9b669d391e23640f16662e7f to remote] DEBUG org.asynchttpclient.netty.request.NettyRequestSender - Using open Channel [id: 0x2c50df9f, L:/127.0.0.1:56854 - R:localhost/127.0.0.1:1461] for POST '/session/ce58549c9b669d391e23640f16662e7f/element/f.06EF3401E30AE3EE31C7C1ABA64024F7.d.25E199E54E50D9516023B87E2077D351.e.21/click'
16:36:40.422 [AsyncHttpClient-1-5] DEBUG org.asynchttpclient.netty.handler.HttpHandler - 

Request DefaultHttpRequest(decodeResult: success, version: HTTP/1.1)
POST /session/ce58549c9b669d391e23640f16662e7f/element/f.06EF3401E30AE3EE31C7C1ABA64024F7.d.25E199E54E50D9516023B87E2077D351.e.21/click HTTP/1.1
User-Agent: selenium/4.12.1 (java windows)
Content-Length: 88
Content-Type: application/json; charset=utf-8
host: localhost:1461
accept: */*

Response DefaultHttpResponse(decodeResult: success, version: HTTP/1.1)
HTTP/1.1 200 OK
Content-Length: 14
Content-Type: application/json; charset=utf-8
cache-control: no-cache

16:36:40.422 [AsyncHttpClient-1-5] DEBUG org.asynchttpclient.netty.channel.ChannelManager - Adding key: http://localhost:1461 for channel [id: 0x2c50df9f, L:/127.0.0.1:56854 - R:localhost/127.0.0.1:1461]
16:36:40.423 [Forwarding findElement on session ce58549c9b669d391e23640f16662e7f to remote] DEBUG org.asynchttpclient.netty.request.NettyRequestSender - Using pooled Channel '[id: 0x2c50df9f, L:/127.0.0.1:56854 - R:localhost/127.0.0.1:1461]' for 'POST' to 'http://localhost:1461/session/ce58549c9b669d391e23640f16662e7f/element'
16:36:40.423 [Forwarding findElement on session ce58549c9b669d391e23640f16662e7f to remote] DEBUG org.asynchttpclient.netty.request.NettyRequestSender - Using open Channel [id: 0x2c50df9f, L:/127.0.0.1:56854 - R:localhost/127.0.0.1:1461] for POST '/session/ce58549c9b669d391e23640f16662e7f/element'
16:36:40.435 [AsyncHttpClient-1-5] DEBUG org.asynchttpclient.netty.handler.HttpHandler - 

Request DefaultHttpRequest(decodeResult: success, version: HTTP/1.1)
POST /session/ce58549c9b669d391e23640f16662e7f/element HTTP/1.1
User-Agent: selenium/4.12.1 (java windows)
Content-Length: 62
Content-Type: application/json; charset=utf-8
host: localhost:1461
accept: */*

Response DefaultHttpResponse(decodeResult: success, version: HTTP/1.1)
HTTP/1.1 200 OK
Content-Length: 126
Content-Type: application/json; charset=utf-8
cache-control: no-cache

16:36:40.435 [AsyncHttpClient-1-5] DEBUG org.asynchttpclient.netty.channel.ChannelManager - Adding key: http://localhost:1461 for channel [id: 0x2c50df9f, L:/127.0.0.1:56854 - R:localhost/127.0.0.1:1461]
16:36:40.436 [Forwarding sendKeysToElement on session ce58549c9b669d391e23640f16662e7f to remote] DEBUG org.asynchttpclient.netty.request.NettyRequestSender - Using pooled Channel '[id: 0x2c50df9f, L:/127.0.0.1:56854 - R:localhost/127.0.0.1:1461]' for 'POST' to 'http://localhost:1461/session/ce58549c9b669d391e23640f16662e7f/element/f.06EF3401E30AE3EE31C7C1ABA64024F7.d.25E199E54E50D9516023B87E2077D351.e.21/value'
16:36:40.436 [Forwarding sendKeysToElement on session ce58549c9b669d391e23640f16662e7f to remote] DEBUG org.asynchttpclient.netty.request.NettyRequestSender - Using open Channel [id: 0x2c50df9f, L:/127.0.0.1:56854 - R:localhost/127.0.0.1:1461] for POST '/session/ce58549c9b669d391e23640f16662e7f/element/f.06EF3401E30AE3EE31C7C1ABA64024F7.d.25E199E54E50D9516023B87E2077D351.e.21/value'
16:36:40.771 [AsyncHttpClient-1-5] DEBUG org.asynchttpclient.netty.handler.HttpHandler - 

Request DefaultHttpRequest(decodeResult: success, version: HTTP/1.1)
POST /session/ce58549c9b669d391e23640f16662e7f/element/f.06EF3401E30AE3EE31C7C1ABA64024F7.d.25E199E54E50D9516023B87E2077D351.e.21/value HTTP/1.1
User-Agent: selenium/4.12.1 (java windows)
Content-Length: 159
Content-Type: application/json; charset=utf-8
host: localhost:1461
accept: */*

Response DefaultHttpResponse(decodeResult: success, version: HTTP/1.1)
HTTP/1.1 200 OK
Content-Length: 14
Content-Type: application/json; charset=utf-8
cache-control: no-cache

16:36:40.772 [AsyncHttpClient-1-5] DEBUG org.asynchttpclient.netty.channel.ChannelManager - Adding key: http://localhost:1461 for channel [id: 0x2c50df9f, L:/127.0.0.1:56854 - R:localhost/127.0.0.1:1461]
16:36:40.774 [Forwarding findElement on session ce58549c9b669d391e23640f16662e7f to remote] DEBUG org.asynchttpclient.netty.request.NettyRequestSender - Using pooled Channel '[id: 0x2c50df9f, L:/127.0.0.1:56854 - R:localhost/127.0.0.1:1461]' for 'POST' to 'http://localhost:1461/session/ce58549c9b669d391e23640f16662e7f/element'
16:36:40.774 [Forwarding findElement on session ce58549c9b669d391e23640f16662e7f to remote] DEBUG org.asynchttpclient.netty.request.NettyRequestSender - Using open Channel [id: 0x2c50df9f, L:/127.0.0.1:56854 - R:localhost/127.0.0.1:1461] for POST '/session/ce58549c9b669d391e23640f16662e7f/element'
16:36:40.830 [AsyncHttpClient-1-5] DEBUG org.asynchttpclient.netty.handler.HttpHandler - 

Request DefaultHttpRequest(decodeResult: success, version: HTTP/1.1)
POST /session/ce58549c9b669d391e23640f16662e7f/element HTTP/1.1
User-Agent: selenium/4.12.1 (java windows)
Content-Length: 142
Content-Type: application/json; charset=utf-8
host: localhost:1461
accept: */*

Response DefaultHttpResponse(decodeResult: success, version: HTTP/1.1)
HTTP/1.1 200 OK
Content-Length: 126
Content-Type: application/json; charset=utf-8
cache-control: no-cache

16:36:40.831 [AsyncHttpClient-1-5] DEBUG org.asynchttpclient.netty.channel.ChannelManager - Adding key: http://localhost:1461 for channel [id: 0x2c50df9f, L:/127.0.0.1:56854 - R:localhost/127.0.0.1:1461]
16:36:40.835 [Forwarding isElementDisplayed on session ce58549c9b669d391e23640f16662e7f to remote] DEBUG org.asynchttpclient.netty.request.NettyRequestSender - Using pooled Channel '[id: 0x2c50df9f, L:/127.0.0.1:56854 - R:localhost/127.0.0.1:1461]' for 'POST' to 'http://localhost:1461/session/ce58549c9b669d391e23640f16662e7f/execute/sync'
16:36:40.835 [Forwarding isElementDisplayed on session ce58549c9b669d391e23640f16662e7f to remote] DEBUG org.asynchttpclient.netty.request.NettyRequestSender - Using open Channel [id: 0x2c50df9f, L:/127.0.0.1:56854 - R:localhost/127.0.0.1:1461] for POST '/session/ce58549c9b669d391e23640f16662e7f/execute/sync'
16:36:40.854 [AsyncHttpClient-1-5] DEBUG org.asynchttpclient.netty.handler.HttpHandler - 

Request DefaultHttpRequest(decodeResult: success, version: HTTP/1.1)
POST /session/ce58549c9b669d391e23640f16662e7f/execute/sync HTTP/1.1
User-Agent: selenium/4.12.1 (java windows)
Content-Length: 48734
Content-Type: application/json; charset=utf-8
host: localhost:1461
accept: */*

Response DefaultHttpResponse(decodeResult: success, version: HTTP/1.1)
HTTP/1.1 200 OK
Content-Length: 14
Content-Type: application/json; charset=utf-8
cache-control: no-cache

16:36:40.855 [AsyncHttpClient-1-5] DEBUG org.asynchttpclient.netty.channel.ChannelManager - Adding key: http://localhost:1461 for channel [id: 0x2c50df9f, L:/127.0.0.1:56854 - R:localhost/127.0.0.1:1461]
16:36:40.857 [Forwarding findElement on session ce58549c9b669d391e23640f16662e7f to remote] DEBUG org.asynchttpclient.netty.request.NettyRequestSender - Using pooled Channel '[id: 0x2c50df9f, L:/127.0.0.1:56854 - R:localhost/127.0.0.1:1461]' for 'POST' to 'http://localhost:1461/session/ce58549c9b669d391e23640f16662e7f/element'
16:36:40.857 [Forwarding findElement on session ce58549c9b669d391e23640f16662e7f to remote] DEBUG org.asynchttpclient.netty.request.NettyRequestSender - Using open Channel [id: 0x2c50df9f, L:/127.0.0.1:56854 - R:localhost/127.0.0.1:1461] for POST '/session/ce58549c9b669d391e23640f16662e7f/element'
16:36:40.869 [AsyncHttpClient-1-5] DEBUG org.asynchttpclient.netty.handler.HttpHandler - 

Request DefaultHttpRequest(decodeResult: success, version: HTTP/1.1)
POST /session/ce58549c9b669d391e23640f16662e7f/element HTTP/1.1
User-Agent: selenium/4.12.1 (java windows)
Content-Length: 62
Content-Type: application/json; charset=utf-8
host: localhost:1461
accept: */*

Response DefaultHttpResponse(decodeResult: success, version: HTTP/1.1)
HTTP/1.1 200 OK
Content-Length: 126
Content-Type: application/json; charset=utf-8
cache-control: no-cache

16:36:40.869 [AsyncHttpClient-1-5] DEBUG org.asynchttpclient.netty.channel.ChannelManager - Adding key: http://localhost:1461 for channel [id: 0x2c50df9f, L:/127.0.0.1:56854 - R:localhost/127.0.0.1:1461]
16:36:40.872 [Forwarding getElementAttribute on session ce58549c9b669d391e23640f16662e7f to remote] DEBUG org.asynchttpclient.netty.request.NettyRequestSender - Using pooled Channel '[id: 0x2c50df9f, L:/127.0.0.1:56854 - R:localhost/127.0.0.1:1461]' for 'POST' to 'http://localhost:1461/session/ce58549c9b669d391e23640f16662e7f/execute/sync'
16:36:40.872 [Forwarding getElementAttribute on session ce58549c9b669d391e23640f16662e7f to remote] DEBUG org.asynchttpclient.netty.request.NettyRequestSender - Using open Channel [id: 0x2c50df9f, L:/127.0.0.1:56854 - R:localhost/127.0.0.1:1461] for POST '/session/ce58549c9b669d391e23640f16662e7f/execute/sync'
16:36:40.885 [AsyncHttpClient-1-5] DEBUG org.asynchttpclient.netty.handler.HttpHandler - 

Request DefaultHttpRequest(decodeResult: success, version: HTTP/1.1)
POST /session/ce58549c9b669d391e23640f16662e7f/execute/sync HTTP/1.1
User-Agent: selenium/4.12.1 (java windows)
Content-Length: 47295
Content-Type: application/json; charset=utf-8
host: localhost:1461
accept: */*

Response DefaultHttpResponse(decodeResult: success, version: HTTP/1.1)
HTTP/1.1 200 OK
Content-Length: 16
Content-Type: application/json; charset=utf-8
cache-control: no-cache

16:36:40.885 [AsyncHttpClient-1-5] DEBUG org.asynchttpclient.netty.channel.ChannelManager - Adding key: http://localhost:1461 for channel [id: 0x2c50df9f, L:/127.0.0.1:56854 - R:localhost/127.0.0.1:1461]
16:36:41.126 [Forwarding findElement on session ce58549c9b669d391e23640f16662e7f to remote] DEBUG org.asynchttpclient.netty.request.NettyRequestSender - Using pooled Channel '[id: 0x2c50df9f, L:/127.0.0.1:56854 - R:localhost/127.0.0.1:1461]' for 'POST' to 'http://localhost:1461/session/ce58549c9b669d391e23640f16662e7f/element'
16:36:41.126 [Forwarding findElement on session ce58549c9b669d391e23640f16662e7f to remote] DEBUG org.asynchttpclient.netty.request.NettyRequestSender - Using open Channel [id: 0x2c50df9f, L:/127.0.0.1:56854 - R:localhost/127.0.0.1:1461] for POST '/session/ce58549c9b669d391e23640f16662e7f/element'
16:36:41.144 [AsyncHttpClient-1-5] DEBUG org.asynchttpclient.netty.handler.HttpHandler - 

Request DefaultHttpRequest(decodeResult: success, version: HTTP/1.1)
POST /session/ce58549c9b669d391e23640f16662e7f/element HTTP/1.1
User-Agent: selenium/4.12.1 (java windows)
Content-Length: 63
Content-Type: application/json; charset=utf-8
host: localhost:1461
accept: */*

Response DefaultHttpResponse(decodeResult: success, version: HTTP/1.1)
HTTP/1.1 200 OK
Content-Length: 126
Content-Type: application/json; charset=utf-8
cache-control: no-cache

16:36:41.144 [AsyncHttpClient-1-5] DEBUG org.asynchttpclient.netty.channel.ChannelManager - Adding key: http://localhost:1461 for channel [id: 0x2c50df9f, L:/127.0.0.1:56854 - R:localhost/127.0.0.1:1461]
16:36:41.147 [Forwarding clickElement on session ce58549c9b669d391e23640f16662e7f to remote] DEBUG org.asynchttpclient.netty.request.NettyRequestSender - Using pooled Channel '[id: 0x2c50df9f, L:/127.0.0.1:56854 - R:localhost/127.0.0.1:1461]' for 'POST' to 'http://localhost:1461/session/ce58549c9b669d391e23640f16662e7f/element/f.06EF3401E30AE3EE31C7C1ABA64024F7.d.25E199E54E50D9516023B87E2077D351.e.22/click'
16:36:41.147 [Forwarding clickElement on session ce58549c9b669d391e23640f16662e7f to remote] DEBUG org.asynchttpclient.netty.request.NettyRequestSender - Using open Channel [id: 0x2c50df9f, L:/127.0.0.1:56854 - R:localhost/127.0.0.1:1461] for POST '/session/ce58549c9b669d391e23640f16662e7f/element/f.06EF3401E30AE3EE31C7C1ABA64024F7.d.25E199E54E50D9516023B87E2077D351.e.22/click'
16:36:41.218 [AsyncHttpClient-1-5] DEBUG org.asynchttpclient.netty.handler.HttpHandler - 

Request DefaultHttpRequest(decodeResult: success, version: HTTP/1.1)
POST /session/ce58549c9b669d391e23640f16662e7f/element/f.06EF3401E30AE3EE31C7C1ABA64024F7.d.25E199E54E50D9516023B87E2077D351.e.22/click HTTP/1.1
User-Agent: selenium/4.12.1 (java windows)
Content-Length: 88
Content-Type: application/json; charset=utf-8
host: localhost:1461
accept: */*

Response DefaultHttpResponse(decodeResult: success, version: HTTP/1.1)
HTTP/1.1 200 OK
Content-Length: 14
Content-Type: application/json; charset=utf-8
cache-control: no-cache

16:36:41.219 [AsyncHttpClient-1-5] DEBUG org.asynchttpclient.netty.channel.ChannelManager - Adding key: http://localhost:1461 for channel [id: 0x2c50df9f, L:/127.0.0.1:56854 - R:localhost/127.0.0.1:1461]
16:36:41.221 [Forwarding findElement on session ce58549c9b669d391e23640f16662e7f to remote] DEBUG org.asynchttpclient.netty.request.NettyRequestSender - Using pooled Channel '[id: 0x2c50df9f, L:/127.0.0.1:56854 - R:localhost/127.0.0.1:1461]' for 'POST' to 'http://localhost:1461/session/ce58549c9b669d391e23640f16662e7f/element'
16:36:41.221 [Forwarding findElement on session ce58549c9b669d391e23640f16662e7f to remote] DEBUG org.asynchttpclient.netty.request.NettyRequestSender - Using open Channel [id: 0x2c50df9f, L:/127.0.0.1:56854 - R:localhost/127.0.0.1:1461] for POST '/session/ce58549c9b669d391e23640f16662e7f/element'
16:36:41.232 [AsyncHttpClient-1-5] DEBUG org.asynchttpclient.netty.handler.HttpHandler - 

Request DefaultHttpRequest(decodeResult: success, version: HTTP/1.1)
POST /session/ce58549c9b669d391e23640f16662e7f/element HTTP/1.1
User-Agent: selenium/4.12.1 (java windows)
Content-Length: 63
Content-Type: application/json; charset=utf-8
host: localhost:1461
accept: */*

Response DefaultHttpResponse(decodeResult: success, version: HTTP/1.1)
HTTP/1.1 200 OK
Content-Length: 126
Content-Type: application/json; charset=utf-8
cache-control: no-cache

16:36:41.233 [AsyncHttpClient-1-5] DEBUG org.asynchttpclient.netty.channel.ChannelManager - Adding key: http://localhost:1461 for channel [id: 0x2c50df9f, L:/127.0.0.1:56854 - R:localhost/127.0.0.1:1461]
16:36:41.235 [Forwarding sendKeysToElement on session ce58549c9b669d391e23640f16662e7f to remote] DEBUG org.asynchttpclient.netty.request.NettyRequestSender - Using pooled Channel '[id: 0x2c50df9f, L:/127.0.0.1:56854 - R:localhost/127.0.0.1:1461]' for 'POST' to 'http://localhost:1461/session/ce58549c9b669d391e23640f16662e7f/element/f.06EF3401E30AE3EE31C7C1ABA64024F7.d.25E199E54E50D9516023B87E2077D351.e.22/value'
16:36:41.235 [Forwarding sendKeysToElement on session ce58549c9b669d391e23640f16662e7f to remote] DEBUG org.asynchttpclient.netty.request.NettyRequestSender - Using open Channel [id: 0x2c50df9f, L:/127.0.0.1:56854 - R:localhost/127.0.0.1:1461] for POST '/session/ce58549c9b669d391e23640f16662e7f/element/f.06EF3401E30AE3EE31C7C1ABA64024F7.d.25E199E54E50D9516023B87E2077D351.e.22/value'
16:36:41.275 [AsyncHttpClient-1-5] DEBUG org.asynchttpclient.netty.handler.HttpHandler - 

Request DefaultHttpRequest(decodeResult: success, version: HTTP/1.1)
POST /session/ce58549c9b669d391e23640f16662e7f/element/f.06EF3401E30AE3EE31C7C1ABA64024F7.d.25E199E54E50D9516023B87E2077D351.e.22/value HTTP/1.1
User-Agent: selenium/4.12.1 (java windows)
Content-Length: 143
Content-Type: application/json; charset=utf-8
host: localhost:1461
accept: */*

Response DefaultHttpResponse(decodeResult: success, version: HTTP/1.1)
HTTP/1.1 200 OK
Content-Length: 14
Content-Type: application/json; charset=utf-8
cache-control: no-cache

16:36:41.275 [AsyncHttpClient-1-5] DEBUG org.asynchttpclient.netty.channel.ChannelManager - Adding key: http://localhost:1461 for channel [id: 0x2c50df9f, L:/127.0.0.1:56854 - R:localhost/127.0.0.1:1461]
16:36:41.276 [Forwarding findElement on session ce58549c9b669d391e23640f16662e7f to remote] DEBUG org.asynchttpclient.netty.request.NettyRequestSender - Using pooled Channel '[id: 0x2c50df9f, L:/127.0.0.1:56854 - R:localhost/127.0.0.1:1461]' for 'POST' to 'http://localhost:1461/session/ce58549c9b669d391e23640f16662e7f/element'
16:36:41.276 [Forwarding findElement on session ce58549c9b669d391e23640f16662e7f to remote] DEBUG org.asynchttpclient.netty.request.NettyRequestSender - Using open Channel [id: 0x2c50df9f, L:/127.0.0.1:56854 - R:localhost/127.0.0.1:1461] for POST '/session/ce58549c9b669d391e23640f16662e7f/element'
16:36:41.287 [AsyncHttpClient-1-5] DEBUG org.asynchttpclient.netty.handler.HttpHandler - 

Request DefaultHttpRequest(decodeResult: success, version: HTTP/1.1)
POST /session/ce58549c9b669d391e23640f16662e7f/element HTTP/1.1
User-Agent: selenium/4.12.1 (java windows)
Content-Length: 63
Content-Type: application/json; charset=utf-8
host: localhost:1461
accept: */*

Response DefaultHttpResponse(decodeResult: success, version: HTTP/1.1)
HTTP/1.1 200 OK
Content-Length: 126
Content-Type: application/json; charset=utf-8
cache-control: no-cache

16:36:41.287 [AsyncHttpClient-1-5] DEBUG org.asynchttpclient.netty.channel.ChannelManager - Adding key: http://localhost:1461 for channel [id: 0x2c50df9f, L:/127.0.0.1:56854 - R:localhost/127.0.0.1:1461]
16:36:41.289 [Forwarding sendKeysToElement on session ce58549c9b669d391e23640f16662e7f to remote] DEBUG org.asynchttpclient.netty.request.NettyRequestSender - Using pooled Channel '[id: 0x2c50df9f, L:/127.0.0.1:56854 - R:localhost/127.0.0.1:1461]' for 'POST' to 'http://localhost:1461/session/ce58549c9b669d391e23640f16662e7f/element/f.06EF3401E30AE3EE31C7C1ABA64024F7.d.25E199E54E50D9516023B87E2077D351.e.22/value'
16:36:41.289 [Forwarding sendKeysToElement on session ce58549c9b669d391e23640f16662e7f to remote] DEBUG org.asynchttpclient.netty.request.NettyRequestSender - Using open Channel [id: 0x2c50df9f, L:/127.0.0.1:56854 - R:localhost/127.0.0.1:1461] for POST '/session/ce58549c9b669d391e23640f16662e7f/element/f.06EF3401E30AE3EE31C7C1ABA64024F7.d.25E199E54E50D9516023B87E2077D351.e.22/value'
16:36:41.323 [AsyncHttpClient-1-5] DEBUG org.asynchttpclient.netty.handler.HttpHandler - 

Request DefaultHttpRequest(decodeResult: success, version: HTTP/1.1)
POST /session/ce58549c9b669d391e23640f16662e7f/element/f.06EF3401E30AE3EE31C7C1ABA64024F7.d.25E199E54E50D9516023B87E2077D351.e.22/value HTTP/1.1
User-Agent: selenium/4.12.1 (java windows)
Content-Length: 133
Content-Type: application/json; charset=utf-8
host: localhost:1461
accept: */*

Response DefaultHttpResponse(decodeResult: success, version: HTTP/1.1)
HTTP/1.1 200 OK
Content-Length: 14
Content-Type: application/json; charset=utf-8
cache-control: no-cache

16:36:41.323 [AsyncHttpClient-1-5] DEBUG org.asynchttpclient.netty.channel.ChannelManager - Adding key: http://localhost:1461 for channel [id: 0x2c50df9f, L:/127.0.0.1:56854 - R:localhost/127.0.0.1:1461]
16:36:41.325 [Forwarding findElement on session ce58549c9b669d391e23640f16662e7f to remote] DEBUG org.asynchttpclient.netty.request.NettyRequestSender - Using pooled Channel '[id: 0x2c50df9f, L:/127.0.0.1:56854 - R:localhost/127.0.0.1:1461]' for 'POST' to 'http://localhost:1461/session/ce58549c9b669d391e23640f16662e7f/element'
16:36:41.325 [Forwarding findElement on session ce58549c9b669d391e23640f16662e7f to remote] DEBUG org.asynchttpclient.netty.request.NettyRequestSender - Using open Channel [id: 0x2c50df9f, L:/127.0.0.1:56854 - R:localhost/127.0.0.1:1461] for POST '/session/ce58549c9b669d391e23640f16662e7f/element'
16:36:41.337 [AsyncHttpClient-1-5] DEBUG org.asynchttpclient.netty.handler.HttpHandler - 

Request DefaultHttpRequest(decodeResult: success, version: HTTP/1.1)
POST /session/ce58549c9b669d391e23640f16662e7f/element HTTP/1.1
User-Agent: selenium/4.12.1 (java windows)
Content-Length: 63
Content-Type: application/json; charset=utf-8
host: localhost:1461
accept: */*

Response DefaultHttpResponse(decodeResult: success, version: HTTP/1.1)
HTTP/1.1 200 OK
Content-Length: 126
Content-Type: application/json; charset=utf-8
cache-control: no-cache

16:36:41.337 [AsyncHttpClient-1-5] DEBUG org.asynchttpclient.netty.channel.ChannelManager - Adding key: http://localhost:1461 for channel [id: 0x2c50df9f, L:/127.0.0.1:56854 - R:localhost/127.0.0.1:1461]
16:36:41.341 [Forwarding isElementDisplayed on session ce58549c9b669d391e23640f16662e7f to remote] DEBUG org.asynchttpclient.netty.request.NettyRequestSender - Using pooled Channel '[id: 0x2c50df9f, L:/127.0.0.1:56854 - R:localhost/127.0.0.1:1461]' for 'POST' to 'http://localhost:1461/session/ce58549c9b669d391e23640f16662e7f/execute/sync'
16:36:41.341 [Forwarding isElementDisplayed on session ce58549c9b669d391e23640f16662e7f to remote] DEBUG org.asynchttpclient.netty.request.NettyRequestSender - Using open Channel [id: 0x2c50df9f, L:/127.0.0.1:56854 - R:localhost/127.0.0.1:1461] for POST '/session/ce58549c9b669d391e23640f16662e7f/execute/sync'
16:36:41.353 [AsyncHttpClient-1-5] DEBUG org.asynchttpclient.netty.handler.HttpHandler - 

Request DefaultHttpRequest(decodeResult: success, version: HTTP/1.1)
POST /session/ce58549c9b669d391e23640f16662e7f/execute/sync HTTP/1.1
User-Agent: selenium/4.12.1 (java windows)
Content-Length: 48734
Content-Type: application/json; charset=utf-8
host: localhost:1461
accept: */*

Response DefaultHttpResponse(decodeResult: success, version: HTTP/1.1)
HTTP/1.1 200 OK
Content-Length: 14
Content-Type: application/json; charset=utf-8
cache-control: no-cache

16:36:41.353 [AsyncHttpClient-1-5] DEBUG org.asynchttpclient.netty.channel.ChannelManager - Adding key: http://localhost:1461 for channel [id: 0x2c50df9f, L:/127.0.0.1:56854 - R:localhost/127.0.0.1:1461]
16:36:41.354 [Forwarding findElement on session ce58549c9b669d391e23640f16662e7f to remote] DEBUG org.asynchttpclient.netty.request.NettyRequestSender - Using pooled Channel '[id: 0x2c50df9f, L:/127.0.0.1:56854 - R:localhost/127.0.0.1:1461]' for 'POST' to 'http://localhost:1461/session/ce58549c9b669d391e23640f16662e7f/element'
16:36:41.354 [Forwarding findElement on session ce58549c9b669d391e23640f16662e7f to remote] DEBUG org.asynchttpclient.netty.request.NettyRequestSender - Using open Channel [id: 0x2c50df9f, L:/127.0.0.1:56854 - R:localhost/127.0.0.1:1461] for POST '/session/ce58549c9b669d391e23640f16662e7f/element'
16:36:41.364 [AsyncHttpClient-1-5] DEBUG org.asynchttpclient.netty.handler.HttpHandler - 

Request DefaultHttpRequest(decodeResult: success, version: HTTP/1.1)
POST /session/ce58549c9b669d391e23640f16662e7f/element HTTP/1.1
User-Agent: selenium/4.12.1 (java windows)
Content-Length: 63
Content-Type: application/json; charset=utf-8
host: localhost:1461
accept: */*

Response DefaultHttpResponse(decodeResult: success, version: HTTP/1.1)
HTTP/1.1 200 OK
Content-Length: 126
Content-Type: application/json; charset=utf-8
cache-control: no-cache

16:36:41.365 [AsyncHttpClient-1-5] DEBUG org.asynchttpclient.netty.channel.ChannelManager - Adding key: http://localhost:1461 for channel [id: 0x2c50df9f, L:/127.0.0.1:56854 - R:localhost/127.0.0.1:1461]
16:36:41.366 [Forwarding clickElement on session ce58549c9b669d391e23640f16662e7f to remote] DEBUG org.asynchttpclient.netty.request.NettyRequestSender - Using pooled Channel '[id: 0x2c50df9f, L:/127.0.0.1:56854 - R:localhost/127.0.0.1:1461]' for 'POST' to 'http://localhost:1461/session/ce58549c9b669d391e23640f16662e7f/element/f.06EF3401E30AE3EE31C7C1ABA64024F7.d.25E199E54E50D9516023B87E2077D351.e.22/click'
16:36:41.366 [Forwarding clickElement on session ce58549c9b669d391e23640f16662e7f to remote] DEBUG org.asynchttpclient.netty.request.NettyRequestSender - Using open Channel [id: 0x2c50df9f, L:/127.0.0.1:56854 - R:localhost/127.0.0.1:1461] for POST '/session/ce58549c9b669d391e23640f16662e7f/element/f.06EF3401E30AE3EE31C7C1ABA64024F7.d.25E199E54E50D9516023B87E2077D351.e.22/click'
16:36:41.421 [AsyncHttpClient-1-5] DEBUG org.asynchttpclient.netty.handler.HttpHandler - 

Request DefaultHttpRequest(decodeResult: success, version: HTTP/1.1)
POST /session/ce58549c9b669d391e23640f16662e7f/element/f.06EF3401E30AE3EE31C7C1ABA64024F7.d.25E199E54E50D9516023B87E2077D351.e.22/click HTTP/1.1
User-Agent: selenium/4.12.1 (java windows)
Content-Length: 88
Content-Type: application/json; charset=utf-8
host: localhost:1461
accept: */*

Response DefaultHttpResponse(decodeResult: success, version: HTTP/1.1)
HTTP/1.1 200 OK
Content-Length: 14
Content-Type: application/json; charset=utf-8
cache-control: no-cache

16:36:41.421 [AsyncHttpClient-1-5] DEBUG org.asynchttpclient.netty.channel.ChannelManager - Adding key: http://localhost:1461 for channel [id: 0x2c50df9f, L:/127.0.0.1:56854 - R:localhost/127.0.0.1:1461]
16:36:41.422 [Forwarding findElement on session ce58549c9b669d391e23640f16662e7f to remote] DEBUG org.asynchttpclient.netty.request.NettyRequestSender - Using pooled Channel '[id: 0x2c50df9f, L:/127.0.0.1:56854 - R:localhost/127.0.0.1:1461]' for 'POST' to 'http://localhost:1461/session/ce58549c9b669d391e23640f16662e7f/element'
16:36:41.423 [Forwarding findElement on session ce58549c9b669d391e23640f16662e7f to remote] DEBUG org.asynchttpclient.netty.request.NettyRequestSender - Using open Channel [id: 0x2c50df9f, L:/127.0.0.1:56854 - R:localhost/127.0.0.1:1461] for POST '/session/ce58549c9b669d391e23640f16662e7f/element'
16:36:41.432 [AsyncHttpClient-1-5] DEBUG org.asynchttpclient.netty.handler.HttpHandler - 

Request DefaultHttpRequest(decodeResult: success, version: HTTP/1.1)
POST /session/ce58549c9b669d391e23640f16662e7f/element HTTP/1.1
User-Agent: selenium/4.12.1 (java windows)
Content-Length: 63
Content-Type: application/json; charset=utf-8
host: localhost:1461
accept: */*

Response DefaultHttpResponse(decodeResult: success, version: HTTP/1.1)
HTTP/1.1 200 OK
Content-Length: 126
Content-Type: application/json; charset=utf-8
cache-control: no-cache

16:36:41.432 [AsyncHttpClient-1-5] DEBUG org.asynchttpclient.netty.channel.ChannelManager - Adding key: http://localhost:1461 for channel [id: 0x2c50df9f, L:/127.0.0.1:56854 - R:localhost/127.0.0.1:1461]
16:36:41.434 [Forwarding sendKeysToElement on session ce58549c9b669d391e23640f16662e7f to remote] DEBUG org.asynchttpclient.netty.request.NettyRequestSender - Using pooled Channel '[id: 0x2c50df9f, L:/127.0.0.1:56854 - R:localhost/127.0.0.1:1461]' for 'POST' to 'http://localhost:1461/session/ce58549c9b669d391e23640f16662e7f/element/f.06EF3401E30AE3EE31C7C1ABA64024F7.d.25E199E54E50D9516023B87E2077D351.e.22/value'
16:36:41.434 [Forwarding sendKeysToElement on session ce58549c9b669d391e23640f16662e7f to remote] DEBUG org.asynchttpclient.netty.request.NettyRequestSender - Using open Channel [id: 0x2c50df9f, L:/127.0.0.1:56854 - R:localhost/127.0.0.1:1461] for POST '/session/ce58549c9b669d391e23640f16662e7f/element/f.06EF3401E30AE3EE31C7C1ABA64024F7.d.25E199E54E50D9516023B87E2077D351.e.22/value'
16:36:42.014 [AsyncHttpClient-1-5] DEBUG org.asynchttpclient.netty.handler.HttpHandler - 

Request DefaultHttpRequest(decodeResult: success, version: HTTP/1.1)
POST /session/ce58549c9b669d391e23640f16662e7f/element/f.06EF3401E30AE3EE31C7C1ABA64024F7.d.25E199E54E50D9516023B87E2077D351.e.22/value HTTP/1.1
User-Agent: selenium/4.12.1 (java windows)
Content-Length: 199
Content-Type: application/json; charset=utf-8
host: localhost:1461
accept: */*

Response DefaultHttpResponse(decodeResult: success, version: HTTP/1.1)
HTTP/1.1 200 OK
Content-Length: 14
Content-Type: application/json; charset=utf-8
cache-control: no-cache

16:36:42.014 [AsyncHttpClient-1-5] DEBUG org.asynchttpclient.netty.channel.ChannelManager - Adding key: http://localhost:1461 for channel [id: 0x2c50df9f, L:/127.0.0.1:56854 - R:localhost/127.0.0.1:1461]
16:36:42.015 [Forwarding findElement on session ce58549c9b669d391e23640f16662e7f to remote] DEBUG org.asynchttpclient.netty.request.NettyRequestSender - Using pooled Channel '[id: 0x2c50df9f, L:/127.0.0.1:56854 - R:localhost/127.0.0.1:1461]' for 'POST' to 'http://localhost:1461/session/ce58549c9b669d391e23640f16662e7f/element'
16:36:42.016 [Forwarding findElement on session ce58549c9b669d391e23640f16662e7f to remote] DEBUG org.asynchttpclient.netty.request.NettyRequestSender - Using open Channel [id: 0x2c50df9f, L:/127.0.0.1:56854 - R:localhost/127.0.0.1:1461] for POST '/session/ce58549c9b669d391e23640f16662e7f/element'
16:36:42.025 [AsyncHttpClient-1-5] DEBUG org.asynchttpclient.netty.handler.HttpHandler - 

Request DefaultHttpRequest(decodeResult: success, version: HTTP/1.1)
POST /session/ce58549c9b669d391e23640f16662e7f/element HTTP/1.1
User-Agent: selenium/4.12.1 (java windows)
Content-Length: 63
Content-Type: application/json; charset=utf-8
host: localhost:1461
accept: */*

Response DefaultHttpResponse(decodeResult: success, version: HTTP/1.1)
HTTP/1.1 200 OK
Content-Length: 126
Content-Type: application/json; charset=utf-8
cache-control: no-cache

16:36:42.025 [AsyncHttpClient-1-5] DEBUG org.asynchttpclient.netty.channel.ChannelManager - Adding key: http://localhost:1461 for channel [id: 0x2c50df9f, L:/127.0.0.1:56854 - R:localhost/127.0.0.1:1461]
16:36:42.028 [Forwarding getElementAttribute on session ce58549c9b669d391e23640f16662e7f to remote] DEBUG org.asynchttpclient.netty.request.NettyRequestSender - Using pooled Channel '[id: 0x2c50df9f, L:/127.0.0.1:56854 - R:localhost/127.0.0.1:1461]' for 'POST' to 'http://localhost:1461/session/ce58549c9b669d391e23640f16662e7f/execute/sync'
16:36:42.028 [Forwarding getElementAttribute on session ce58549c9b669d391e23640f16662e7f to remote] DEBUG org.asynchttpclient.netty.request.NettyRequestSender - Using open Channel [id: 0x2c50df9f, L:/127.0.0.1:56854 - R:localhost/127.0.0.1:1461] for POST '/session/ce58549c9b669d391e23640f16662e7f/execute/sync'
16:36:42.042 [AsyncHttpClient-1-5] DEBUG org.asynchttpclient.netty.handler.HttpHandler - 

Request DefaultHttpRequest(decodeResult: success, version: HTTP/1.1)
POST /session/ce58549c9b669d391e23640f16662e7f/execute/sync HTTP/1.1
User-Agent: selenium/4.12.1 (java windows)
Content-Length: 47295
Content-Type: application/json; charset=utf-8
host: localhost:1461
accept: */*

Response DefaultHttpResponse(decodeResult: success, version: HTTP/1.1)
HTTP/1.1 200 OK
Content-Length: 22
Content-Type: application/json; charset=utf-8
cache-control: no-cache

16:36:42.042 [AsyncHttpClient-1-5] DEBUG org.asynchttpclient.netty.channel.ChannelManager - Adding key: http://localhost:1461 for channel [id: 0x2c50df9f, L:/127.0.0.1:56854 - R:localhost/127.0.0.1:1461]
16:36:42.052 [Forwarding findElement on session ce58549c9b669d391e23640f16662e7f to remote] DEBUG org.asynchttpclient.netty.request.NettyRequestSender - Using pooled Channel '[id: 0x2c50df9f, L:/127.0.0.1:56854 - R:localhost/127.0.0.1:1461]' for 'POST' to 'http://localhost:1461/session/ce58549c9b669d391e23640f16662e7f/element'
16:36:42.052 [Forwarding findElement on session ce58549c9b669d391e23640f16662e7f to remote] DEBUG org.asynchttpclient.netty.request.NettyRequestSender - Using open Channel [id: 0x2c50df9f, L:/127.0.0.1:56854 - R:localhost/127.0.0.1:1461] for POST '/session/ce58549c9b669d391e23640f16662e7f/element'
16:36:42.061 [AsyncHttpClient-1-5] DEBUG org.asynchttpclient.netty.handler.HttpHandler - 

Request DefaultHttpRequest(decodeResult: success, version: HTTP/1.1)
POST /session/ce58549c9b669d391e23640f16662e7f/element HTTP/1.1
User-Agent: selenium/4.12.1 (java windows)
Content-Length: 63
Content-Type: application/json; charset=utf-8
host: localhost:1461
accept: */*

Response DefaultHttpResponse(decodeResult: success, version: HTTP/1.1)
HTTP/1.1 200 OK
Content-Length: 126
Content-Type: application/json; charset=utf-8
cache-control: no-cache

16:36:42.061 [AsyncHttpClient-1-5] DEBUG org.asynchttpclient.netty.channel.ChannelManager - Adding key: http://localhost:1461 for channel [id: 0x2c50df9f, L:/127.0.0.1:56854 - R:localhost/127.0.0.1:1461]
16:36:42.065 [Forwarding isElementDisplayed on session ce58549c9b669d391e23640f16662e7f to remote] DEBUG org.asynchttpclient.netty.request.NettyRequestSender - Using pooled Channel '[id: 0x2c50df9f, L:/127.0.0.1:56854 - R:localhost/127.0.0.1:1461]' for 'POST' to 'http://localhost:1461/session/ce58549c9b669d391e23640f16662e7f/execute/sync'
16:36:42.065 [Forwarding isElementDisplayed on session ce58549c9b669d391e23640f16662e7f to remote] DEBUG org.asynchttpclient.netty.request.NettyRequestSender - Using open Channel [id: 0x2c50df9f, L:/127.0.0.1:56854 - R:localhost/127.0.0.1:1461] for POST '/session/ce58549c9b669d391e23640f16662e7f/execute/sync'
16:36:42.079 [AsyncHttpClient-1-5] DEBUG org.asynchttpclient.netty.handler.HttpHandler - 

Request DefaultHttpRequest(decodeResult: success, version: HTTP/1.1)
POST /session/ce58549c9b669d391e23640f16662e7f/execute/sync HTTP/1.1
User-Agent: selenium/4.12.1 (java windows)
Content-Length: 48734
Content-Type: application/json; charset=utf-8
host: localhost:1461
accept: */*

Response DefaultHttpResponse(decodeResult: success, version: HTTP/1.1)
HTTP/1.1 200 OK
Content-Length: 14
Content-Type: application/json; charset=utf-8
cache-control: no-cache

16:36:42.079 [AsyncHttpClient-1-5] DEBUG org.asynchttpclient.netty.channel.ChannelManager - Adding key: http://localhost:1461 for channel [id: 0x2c50df9f, L:/127.0.0.1:56854 - R:localhost/127.0.0.1:1461]
16:36:42.081 [Forwarding findElement on session ce58549c9b669d391e23640f16662e7f to remote] DEBUG org.asynchttpclient.netty.request.NettyRequestSender - Using pooled Channel '[id: 0x2c50df9f, L:/127.0.0.1:56854 - R:localhost/127.0.0.1:1461]' for 'POST' to 'http://localhost:1461/session/ce58549c9b669d391e23640f16662e7f/element'
16:36:42.081 [Forwarding findElement on session ce58549c9b669d391e23640f16662e7f to remote] DEBUG org.asynchttpclient.netty.request.NettyRequestSender - Using open Channel [id: 0x2c50df9f, L:/127.0.0.1:56854 - R:localhost/127.0.0.1:1461] for POST '/session/ce58549c9b669d391e23640f16662e7f/element'
16:36:42.091 [AsyncHttpClient-1-5] DEBUG org.asynchttpclient.netty.handler.HttpHandler - 

Request DefaultHttpRequest(decodeResult: success, version: HTTP/1.1)
POST /session/ce58549c9b669d391e23640f16662e7f/element HTTP/1.1
User-Agent: selenium/4.12.1 (java windows)
Content-Length: 63
Content-Type: application/json; charset=utf-8
host: localhost:1461
accept: */*

Response DefaultHttpResponse(decodeResult: success, version: HTTP/1.1)
HTTP/1.1 200 OK
Content-Length: 126
Content-Type: application/json; charset=utf-8
cache-control: no-cache

16:36:42.092 [AsyncHttpClient-1-5] DEBUG org.asynchttpclient.netty.channel.ChannelManager - Adding key: http://localhost:1461 for channel [id: 0x2c50df9f, L:/127.0.0.1:56854 - R:localhost/127.0.0.1:1461]
16:36:42.097 [Forwarding clickElement on session ce58549c9b669d391e23640f16662e7f to remote] DEBUG org.asynchttpclient.netty.request.NettyRequestSender - Using pooled Channel '[id: 0x2c50df9f, L:/127.0.0.1:56854 - R:localhost/127.0.0.1:1461]' for 'POST' to 'http://localhost:1461/session/ce58549c9b669d391e23640f16662e7f/element/f.06EF3401E30AE3EE31C7C1ABA64024F7.d.25E199E54E50D9516023B87E2077D351.e.22/click'
16:36:42.097 [Forwarding clickElement on session ce58549c9b669d391e23640f16662e7f to remote] DEBUG org.asynchttpclient.netty.request.NettyRequestSender - Using open Channel [id: 0x2c50df9f, L:/127.0.0.1:56854 - R:localhost/127.0.0.1:1461] for POST '/session/ce58549c9b669d391e23640f16662e7f/element/f.06EF3401E30AE3EE31C7C1ABA64024F7.d.25E199E54E50D9516023B87E2077D351.e.22/click'
16:36:42.164 [AsyncHttpClient-1-5] DEBUG org.asynchttpclient.netty.handler.HttpHandler - 

Request DefaultHttpRequest(decodeResult: success, version: HTTP/1.1)
POST /session/ce58549c9b669d391e23640f16662e7f/element/f.06EF3401E30AE3EE31C7C1ABA64024F7.d.25E199E54E50D9516023B87E2077D351.e.22/click HTTP/1.1
User-Agent: selenium/4.12.1 (java windows)
Content-Length: 88
Content-Type: application/json; charset=utf-8
host: localhost:1461
accept: */*

Response DefaultHttpResponse(decodeResult: success, version: HTTP/1.1)
HTTP/1.1 200 OK
Content-Length: 14
Content-Type: application/json; charset=utf-8
cache-control: no-cache

16:36:42.165 [AsyncHttpClient-1-5] DEBUG org.asynchttpclient.netty.channel.ChannelManager - Adding key: http://localhost:1461 for channel [id: 0x2c50df9f, L:/127.0.0.1:56854 - R:localhost/127.0.0.1:1461]
16:36:42.166 [Forwarding findElement on session ce58549c9b669d391e23640f16662e7f to remote] DEBUG org.asynchttpclient.netty.request.NettyRequestSender - Using pooled Channel '[id: 0x2c50df9f, L:/127.0.0.1:56854 - R:localhost/127.0.0.1:1461]' for 'POST' to 'http://localhost:1461/session/ce58549c9b669d391e23640f16662e7f/element'
16:36:42.166 [Forwarding findElement on session ce58549c9b669d391e23640f16662e7f to remote] DEBUG org.asynchttpclient.netty.request.NettyRequestSender - Using open Channel [id: 0x2c50df9f, L:/127.0.0.1:56854 - R:localhost/127.0.0.1:1461] for POST '/session/ce58549c9b669d391e23640f16662e7f/element'
16:36:42.177 [AsyncHttpClient-1-5] DEBUG org.asynchttpclient.netty.handler.HttpHandler - 

Request DefaultHttpRequest(decodeResult: success, version: HTTP/1.1)
POST /session/ce58549c9b669d391e23640f16662e7f/element HTTP/1.1
User-Agent: selenium/4.12.1 (java windows)
Content-Length: 63
Content-Type: application/json; charset=utf-8
host: localhost:1461
accept: */*

Response DefaultHttpResponse(decodeResult: success, version: HTTP/1.1)
HTTP/1.1 200 OK
Content-Length: 126
Content-Type: application/json; charset=utf-8
cache-control: no-cache

16:36:42.177 [AsyncHttpClient-1-5] DEBUG org.asynchttpclient.netty.channel.ChannelManager - Adding key: http://localhost:1461 for channel [id: 0x2c50df9f, L:/127.0.0.1:56854 - R:localhost/127.0.0.1:1461]
16:36:42.179 [Forwarding sendKeysToElement on session ce58549c9b669d391e23640f16662e7f to remote] DEBUG org.asynchttpclient.netty.request.NettyRequestSender - Using pooled Channel '[id: 0x2c50df9f, L:/127.0.0.1:56854 - R:localhost/127.0.0.1:1461]' for 'POST' to 'http://localhost:1461/session/ce58549c9b669d391e23640f16662e7f/element/f.06EF3401E30AE3EE31C7C1ABA64024F7.d.25E199E54E50D9516023B87E2077D351.e.22/value'
16:36:42.179 [Forwarding sendKeysToElement on session ce58549c9b669d391e23640f16662e7f to remote] DEBUG org.asynchttpclient.netty.request.NettyRequestSender - Using open Channel [id: 0x2c50df9f, L:/127.0.0.1:56854 - R:localhost/127.0.0.1:1461] for POST '/session/ce58549c9b669d391e23640f16662e7f/element/f.06EF3401E30AE3EE31C7C1ABA64024F7.d.25E199E54E50D9516023B87E2077D351.e.22/value'
16:36:42.216 [AsyncHttpClient-1-5] DEBUG org.asynchttpclient.netty.handler.HttpHandler - 

Request DefaultHttpRequest(decodeResult: success, version: HTTP/1.1)
POST /session/ce58549c9b669d391e23640f16662e7f/element/f.06EF3401E30AE3EE31C7C1ABA64024F7.d.25E199E54E50D9516023B87E2077D351.e.22/value HTTP/1.1
User-Agent: selenium/4.12.1 (java windows)
Content-Length: 143
Content-Type: application/json; charset=utf-8
host: localhost:1461
accept: */*

Response DefaultHttpResponse(decodeResult: success, version: HTTP/1.1)
HTTP/1.1 200 OK
Content-Length: 14
Content-Type: application/json; charset=utf-8
cache-control: no-cache

16:36:42.216 [AsyncHttpClient-1-5] DEBUG org.asynchttpclient.netty.channel.ChannelManager - Adding key: http://localhost:1461 for channel [id: 0x2c50df9f, L:/127.0.0.1:56854 - R:localhost/127.0.0.1:1461]
16:36:42.218 [Forwarding findElement on session ce58549c9b669d391e23640f16662e7f to remote] DEBUG org.asynchttpclient.netty.request.NettyRequestSender - Using pooled Channel '[id: 0x2c50df9f, L:/127.0.0.1:56854 - R:localhost/127.0.0.1:1461]' for 'POST' to 'http://localhost:1461/session/ce58549c9b669d391e23640f16662e7f/element'
16:36:42.218 [Forwarding findElement on session ce58549c9b669d391e23640f16662e7f to remote] DEBUG org.asynchttpclient.netty.request.NettyRequestSender - Using open Channel [id: 0x2c50df9f, L:/127.0.0.1:56854 - R:localhost/127.0.0.1:1461] for POST '/session/ce58549c9b669d391e23640f16662e7f/element'
16:36:42.230 [AsyncHttpClient-1-5] DEBUG org.asynchttpclient.netty.handler.HttpHandler - 

Request DefaultHttpRequest(decodeResult: success, version: HTTP/1.1)
POST /session/ce58549c9b669d391e23640f16662e7f/element HTTP/1.1
User-Agent: selenium/4.12.1 (java windows)
Content-Length: 63
Content-Type: application/json; charset=utf-8
host: localhost:1461
accept: */*

Response DefaultHttpResponse(decodeResult: success, version: HTTP/1.1)
HTTP/1.1 200 OK
Content-Length: 126
Content-Type: application/json; charset=utf-8
cache-control: no-cache

16:36:42.230 [AsyncHttpClient-1-5] DEBUG org.asynchttpclient.netty.channel.ChannelManager - Adding key: http://localhost:1461 for channel [id: 0x2c50df9f, L:/127.0.0.1:56854 - R:localhost/127.0.0.1:1461]
16:36:42.232 [Forwarding sendKeysToElement on session ce58549c9b669d391e23640f16662e7f to remote] DEBUG org.asynchttpclient.netty.request.NettyRequestSender - Using pooled Channel '[id: 0x2c50df9f, L:/127.0.0.1:56854 - R:localhost/127.0.0.1:1461]' for 'POST' to 'http://localhost:1461/session/ce58549c9b669d391e23640f16662e7f/element/f.06EF3401E30AE3EE31C7C1ABA64024F7.d.25E199E54E50D9516023B87E2077D351.e.22/value'
16:36:42.232 [Forwarding sendKeysToElement on session ce58549c9b669d391e23640f16662e7f to remote] DEBUG org.asynchttpclient.netty.request.NettyRequestSender - Using open Channel [id: 0x2c50df9f, L:/127.0.0.1:56854 - R:localhost/127.0.0.1:1461] for POST '/session/ce58549c9b669d391e23640f16662e7f/element/f.06EF3401E30AE3EE31C7C1ABA64024F7.d.25E199E54E50D9516023B87E2077D351.e.22/value'
16:36:42.363 [AsyncHttpClient-1-5] DEBUG org.asynchttpclient.netty.handler.HttpHandler - 

Request DefaultHttpRequest(decodeResult: success, version: HTTP/1.1)
POST /session/ce58549c9b669d391e23640f16662e7f/element/f.06EF3401E30AE3EE31C7C1ABA64024F7.d.25E199E54E50D9516023B87E2077D351.e.22/value HTTP/1.1
User-Agent: selenium/4.12.1 (java windows)
Content-Length: 133
Content-Type: application/json; charset=utf-8
host: localhost:1461
accept: */*

Response DefaultHttpResponse(decodeResult: success, version: HTTP/1.1)
HTTP/1.1 200 OK
Content-Length: 14
Content-Type: application/json; charset=utf-8
cache-control: no-cache

16:36:42.364 [AsyncHttpClient-1-5] DEBUG org.asynchttpclient.netty.channel.ChannelManager - Adding key: http://localhost:1461 for channel [id: 0x2c50df9f, L:/127.0.0.1:56854 - R:localhost/127.0.0.1:1461]
16:36:42.365 [Forwarding findElement on session ce58549c9b669d391e23640f16662e7f to remote] DEBUG org.asynchttpclient.netty.request.NettyRequestSender - Using pooled Channel '[id: 0x2c50df9f, L:/127.0.0.1:56854 - R:localhost/127.0.0.1:1461]' for 'POST' to 'http://localhost:1461/session/ce58549c9b669d391e23640f16662e7f/element'
16:36:42.365 [Forwarding findElement on session ce58549c9b669d391e23640f16662e7f to remote] DEBUG org.asynchttpclient.netty.request.NettyRequestSender - Using open Channel [id: 0x2c50df9f, L:/127.0.0.1:56854 - R:localhost/127.0.0.1:1461] for POST '/session/ce58549c9b669d391e23640f16662e7f/element'
16:36:42.375 [AsyncHttpClient-1-5] DEBUG org.asynchttpclient.netty.handler.HttpHandler - 

Request DefaultHttpRequest(decodeResult: success, version: HTTP/1.1)
POST /session/ce58549c9b669d391e23640f16662e7f/element HTTP/1.1
User-Agent: selenium/4.12.1 (java windows)
Content-Length: 63
Content-Type: application/json; charset=utf-8
host: localhost:1461
accept: */*

Response DefaultHttpResponse(decodeResult: success, version: HTTP/1.1)
HTTP/1.1 200 OK
Content-Length: 126
Content-Type: application/json; charset=utf-8
cache-control: no-cache

16:36:42.375 [AsyncHttpClient-1-5] DEBUG org.asynchttpclient.netty.channel.ChannelManager - Adding key: http://localhost:1461 for channel [id: 0x2c50df9f, L:/127.0.0.1:56854 - R:localhost/127.0.0.1:1461]
16:36:42.376 [Forwarding clickElement on session ce58549c9b669d391e23640f16662e7f to remote] DEBUG org.asynchttpclient.netty.request.NettyRequestSender - Using pooled Channel '[id: 0x2c50df9f, L:/127.0.0.1:56854 - R:localhost/127.0.0.1:1461]' for 'POST' to 'http://localhost:1461/session/ce58549c9b669d391e23640f16662e7f/element/f.06EF3401E30AE3EE31C7C1ABA64024F7.d.25E199E54E50D9516023B87E2077D351.e.22/click'
16:36:42.376 [Forwarding clickElement on session ce58549c9b669d391e23640f16662e7f to remote] DEBUG org.asynchttpclient.netty.request.NettyRequestSender - Using open Channel [id: 0x2c50df9f, L:/127.0.0.1:56854 - R:localhost/127.0.0.1:1461] for POST '/session/ce58549c9b669d391e23640f16662e7f/element/f.06EF3401E30AE3EE31C7C1ABA64024F7.d.25E199E54E50D9516023B87E2077D351.e.22/click'
16:36:42.428 [AsyncHttpClient-1-5] DEBUG org.asynchttpclient.netty.handler.HttpHandler - 

Request DefaultHttpRequest(decodeResult: success, version: HTTP/1.1)
POST /session/ce58549c9b669d391e23640f16662e7f/element/f.06EF3401E30AE3EE31C7C1ABA64024F7.d.25E199E54E50D9516023B87E2077D351.e.22/click HTTP/1.1
User-Agent: selenium/4.12.1 (java windows)
Content-Length: 88
Content-Type: application/json; charset=utf-8
host: localhost:1461
accept: */*

Response DefaultHttpResponse(decodeResult: success, version: HTTP/1.1)
HTTP/1.1 200 OK
Content-Length: 14
Content-Type: application/json; charset=utf-8
cache-control: no-cache

16:36:42.428 [AsyncHttpClient-1-5] DEBUG org.asynchttpclient.netty.channel.ChannelManager - Adding key: http://localhost:1461 for channel [id: 0x2c50df9f, L:/127.0.0.1:56854 - R:localhost/127.0.0.1:1461]
16:36:42.429 [Forwarding findElement on session ce58549c9b669d391e23640f16662e7f to remote] DEBUG org.asynchttpclient.netty.request.NettyRequestSender - Using pooled Channel '[id: 0x2c50df9f, L:/127.0.0.1:56854 - R:localhost/127.0.0.1:1461]' for 'POST' to 'http://localhost:1461/session/ce58549c9b669d391e23640f16662e7f/element'
16:36:42.430 [Forwarding findElement on session ce58549c9b669d391e23640f16662e7f to remote] DEBUG org.asynchttpclient.netty.request.NettyRequestSender - Using open Channel [id: 0x2c50df9f, L:/127.0.0.1:56854 - R:localhost/127.0.0.1:1461] for POST '/session/ce58549c9b669d391e23640f16662e7f/element'
16:36:42.440 [AsyncHttpClient-1-5] DEBUG org.asynchttpclient.netty.handler.HttpHandler - 

Request DefaultHttpRequest(decodeResult: success, version: HTTP/1.1)
POST /session/ce58549c9b669d391e23640f16662e7f/element HTTP/1.1
User-Agent: selenium/4.12.1 (java windows)
Content-Length: 63
Content-Type: application/json; charset=utf-8
host: localhost:1461
accept: */*

Response DefaultHttpResponse(decodeResult: success, version: HTTP/1.1)
HTTP/1.1 200 OK
Content-Length: 126
Content-Type: application/json; charset=utf-8
cache-control: no-cache

16:36:42.440 [AsyncHttpClient-1-5] DEBUG org.asynchttpclient.netty.channel.ChannelManager - Adding key: http://localhost:1461 for channel [id: 0x2c50df9f, L:/127.0.0.1:56854 - R:localhost/127.0.0.1:1461]
16:36:42.442 [Forwarding sendKeysToElement on session ce58549c9b669d391e23640f16662e7f to remote] DEBUG org.asynchttpclient.netty.request.NettyRequestSender - Using pooled Channel '[id: 0x2c50df9f, L:/127.0.0.1:56854 - R:localhost/127.0.0.1:1461]' for 'POST' to 'http://localhost:1461/session/ce58549c9b669d391e23640f16662e7f/element/f.06EF3401E30AE3EE31C7C1ABA64024F7.d.25E199E54E50D9516023B87E2077D351.e.22/value'
16:36:42.442 [Forwarding sendKeysToElement on session ce58549c9b669d391e23640f16662e7f to remote] DEBUG org.asynchttpclient.netty.request.NettyRequestSender - Using open Channel [id: 0x2c50df9f, L:/127.0.0.1:56854 - R:localhost/127.0.0.1:1461] for POST '/session/ce58549c9b669d391e23640f16662e7f/element/f.06EF3401E30AE3EE31C7C1ABA64024F7.d.25E199E54E50D9516023B87E2077D351.e.22/value'
16:36:43.155 [AsyncHttpClient-1-5] DEBUG org.asynchttpclient.netty.handler.HttpHandler - 

Request DefaultHttpRequest(decodeResult: success, version: HTTP/1.1)
POST /session/ce58549c9b669d391e23640f16662e7f/element/f.06EF3401E30AE3EE31C7C1ABA64024F7.d.25E199E54E50D9516023B87E2077D351.e.22/value HTTP/1.1
User-Agent: selenium/4.12.1 (java windows)
Content-Length: 209
Content-Type: application/json; charset=utf-8
host: localhost:1461
accept: */*

Response DefaultHttpResponse(decodeResult: success, version: HTTP/1.1)
HTTP/1.1 200 OK
Content-Length: 14
Content-Type: application/json; charset=utf-8
cache-control: no-cache

16:36:43.156 [AsyncHttpClient-1-5] DEBUG org.asynchttpclient.netty.channel.ChannelManager - Adding key: http://localhost:1461 for channel [id: 0x2c50df9f, L:/127.0.0.1:56854 - R:localhost/127.0.0.1:1461]
16:36:43.162 [Forwarding findElement on session ce58549c9b669d391e23640f16662e7f to remote] DEBUG org.asynchttpclient.netty.request.NettyRequestSender - Using pooled Channel '[id: 0x2c50df9f, L:/127.0.0.1:56854 - R:localhost/127.0.0.1:1461]' for 'POST' to 'http://localhost:1461/session/ce58549c9b669d391e23640f16662e7f/element'
16:36:43.162 [Forwarding findElement on session ce58549c9b669d391e23640f16662e7f to remote] DEBUG org.asynchttpclient.netty.request.NettyRequestSender - Using open Channel [id: 0x2c50df9f, L:/127.0.0.1:56854 - R:localhost/127.0.0.1:1461] for POST '/session/ce58549c9b669d391e23640f16662e7f/element'
16:36:43.188 [AsyncHttpClient-1-5] DEBUG org.asynchttpclient.netty.handler.HttpHandler - 

Request DefaultHttpRequest(decodeResult: success, version: HTTP/1.1)
POST /session/ce58549c9b669d391e23640f16662e7f/element HTTP/1.1
User-Agent: selenium/4.12.1 (java windows)
Content-Length: 63
Content-Type: application/json; charset=utf-8
host: localhost:1461
accept: */*

Response DefaultHttpResponse(decodeResult: success, version: HTTP/1.1)
HTTP/1.1 200 OK
Content-Length: 126
Content-Type: application/json; charset=utf-8
cache-control: no-cache

16:36:43.189 [AsyncHttpClient-1-5] DEBUG org.asynchttpclient.netty.channel.ChannelManager - Adding key: http://localhost:1461 for channel [id: 0x2c50df9f, L:/127.0.0.1:56854 - R:localhost/127.0.0.1:1461]
16:36:43.195 [Forwarding getElementAttribute on session ce58549c9b669d391e23640f16662e7f to remote] DEBUG org.asynchttpclient.netty.request.NettyRequestSender - Using pooled Channel '[id: 0x2c50df9f, L:/127.0.0.1:56854 - R:localhost/127.0.0.1:1461]' for 'POST' to 'http://localhost:1461/session/ce58549c9b669d391e23640f16662e7f/execute/sync'
16:36:43.195 [Forwarding getElementAttribute on session ce58549c9b669d391e23640f16662e7f to remote] DEBUG org.asynchttpclient.netty.request.NettyRequestSender - Using open Channel [id: 0x2c50df9f, L:/127.0.0.1:56854 - R:localhost/127.0.0.1:1461] for POST '/session/ce58549c9b669d391e23640f16662e7f/execute/sync'
16:36:43.212 [AsyncHttpClient-1-5] DEBUG org.asynchttpclient.netty.handler.HttpHandler - 

Request DefaultHttpRequest(decodeResult: success, version: HTTP/1.1)
POST /session/ce58549c9b669d391e23640f16662e7f/execute/sync HTTP/1.1
User-Agent: selenium/4.12.1 (java windows)
Content-Length: 47295
Content-Type: application/json; charset=utf-8
host: localhost:1461
accept: */*

Response DefaultHttpResponse(decodeResult: success, version: HTTP/1.1)
HTTP/1.1 200 OK
Content-Length: 22
Content-Type: application/json; charset=utf-8
cache-control: no-cache

16:36:43.212 [AsyncHttpClient-1-5] DEBUG org.asynchttpclient.netty.channel.ChannelManager - Adding key: http://localhost:1461 for channel [id: 0x2c50df9f, L:/127.0.0.1:56854 - R:localhost/127.0.0.1:1461]
16:36:43.386 [AsyncHttpClient-1-1] DEBUG org.asynchttpclient.netty.channel.DefaultChannelPool - Entry count for : http://localhost:1461 : 1
16:36:43.569 [Forwarding findElement on session ce58549c9b669d391e23640f16662e7f to remote] DEBUG org.asynchttpclient.netty.request.NettyRequestSender - Using pooled Channel '[id: 0x2c50df9f, L:/127.0.0.1:56854 - R:localhost/127.0.0.1:1461]' for 'POST' to 'http://localhost:1461/session/ce58549c9b669d391e23640f16662e7f/element'
16:36:43.569 [Forwarding findElement on session ce58549c9b669d391e23640f16662e7f to remote] DEBUG org.asynchttpclient.netty.request.NettyRequestSender - Using open Channel [id: 0x2c50df9f, L:/127.0.0.1:56854 - R:localhost/127.0.0.1:1461] for POST '/session/ce58549c9b669d391e23640f16662e7f/element'
16:36:43.579 [AsyncHttpClient-1-5] DEBUG org.asynchttpclient.netty.handler.HttpHandler - 

Request DefaultHttpRequest(decodeResult: success, version: HTTP/1.1)
POST /session/ce58549c9b669d391e23640f16662e7f/element HTTP/1.1
User-Agent: selenium/4.12.1 (java windows)
Content-Length: 63
Content-Type: application/json; charset=utf-8
host: localhost:1461
accept: */*

Response DefaultHttpResponse(decodeResult: success, version: HTTP/1.1)
HTTP/1.1 200 OK
Content-Length: 126
Content-Type: application/json; charset=utf-8
cache-control: no-cache

16:36:43.579 [AsyncHttpClient-1-5] DEBUG org.asynchttpclient.netty.channel.ChannelManager - Adding key: http://localhost:1461 for channel [id: 0x2c50df9f, L:/127.0.0.1:56854 - R:localhost/127.0.0.1:1461]
16:36:43.581 [Forwarding isElementDisplayed on session ce58549c9b669d391e23640f16662e7f to remote] DEBUG org.asynchttpclient.netty.request.NettyRequestSender - Using pooled Channel '[id: 0x2c50df9f, L:/127.0.0.1:56854 - R:localhost/127.0.0.1:1461]' for 'POST' to 'http://localhost:1461/session/ce58549c9b669d391e23640f16662e7f/execute/sync'
16:36:43.582 [Forwarding isElementDisplayed on session ce58549c9b669d391e23640f16662e7f to remote] DEBUG org.asynchttpclient.netty.request.NettyRequestSender - Using open Channel [id: 0x2c50df9f, L:/127.0.0.1:56854 - R:localhost/127.0.0.1:1461] for POST '/session/ce58549c9b669d391e23640f16662e7f/execute/sync'
16:36:43.595 [AsyncHttpClient-1-5] DEBUG org.asynchttpclient.netty.handler.HttpHandler - 

Request DefaultHttpRequest(decodeResult: success, version: HTTP/1.1)
POST /session/ce58549c9b669d391e23640f16662e7f/execute/sync HTTP/1.1
User-Agent: selenium/4.12.1 (java windows)
Content-Length: 48734
Content-Type: application/json; charset=utf-8
host: localhost:1461
accept: */*

Response DefaultHttpResponse(decodeResult: success, version: HTTP/1.1)
HTTP/1.1 200 OK
Content-Length: 14
Content-Type: application/json; charset=utf-8
cache-control: no-cache

16:36:43.595 [AsyncHttpClient-1-5] DEBUG org.asynchttpclient.netty.channel.ChannelManager - Adding key: http://localhost:1461 for channel [id: 0x2c50df9f, L:/127.0.0.1:56854 - R:localhost/127.0.0.1:1461]
16:36:43.596 [Forwarding findElement on session ce58549c9b669d391e23640f16662e7f to remote] DEBUG org.asynchttpclient.netty.request.NettyRequestSender - Using pooled Channel '[id: 0x2c50df9f, L:/127.0.0.1:56854 - R:localhost/127.0.0.1:1461]' for 'POST' to 'http://localhost:1461/session/ce58549c9b669d391e23640f16662e7f/element'
16:36:43.596 [Forwarding findElement on session ce58549c9b669d391e23640f16662e7f to remote] DEBUG org.asynchttpclient.netty.request.NettyRequestSender - Using open Channel [id: 0x2c50df9f, L:/127.0.0.1:56854 - R:localhost/127.0.0.1:1461] for POST '/session/ce58549c9b669d391e23640f16662e7f/element'
16:36:43.606 [AsyncHttpClient-1-5] DEBUG org.asynchttpclient.netty.handler.HttpHandler - 

Request DefaultHttpRequest(decodeResult: success, version: HTTP/1.1)
POST /session/ce58549c9b669d391e23640f16662e7f/element HTTP/1.1
User-Agent: selenium/4.12.1 (java windows)
Content-Length: 63
Content-Type: application/json; charset=utf-8
host: localhost:1461
accept: */*

Response DefaultHttpResponse(decodeResult: success, version: HTTP/1.1)
HTTP/1.1 200 OK
Content-Length: 126
Content-Type: application/json; charset=utf-8
cache-control: no-cache

16:36:43.606 [AsyncHttpClient-1-5] DEBUG org.asynchttpclient.netty.channel.ChannelManager - Adding key: http://localhost:1461 for channel [id: 0x2c50df9f, L:/127.0.0.1:56854 - R:localhost/127.0.0.1:1461]
16:36:43.608 [Forwarding clickElement on session ce58549c9b669d391e23640f16662e7f to remote] DEBUG org.asynchttpclient.netty.request.NettyRequestSender - Using pooled Channel '[id: 0x2c50df9f, L:/127.0.0.1:56854 - R:localhost/127.0.0.1:1461]' for 'POST' to 'http://localhost:1461/session/ce58549c9b669d391e23640f16662e7f/element/f.06EF3401E30AE3EE31C7C1ABA64024F7.d.25E199E54E50D9516023B87E2077D351.e.22/click'
16:36:43.608 [Forwarding clickElement on session ce58549c9b669d391e23640f16662e7f to remote] DEBUG org.asynchttpclient.netty.request.NettyRequestSender - Using open Channel [id: 0x2c50df9f, L:/127.0.0.1:56854 - R:localhost/127.0.0.1:1461] for POST '/session/ce58549c9b669d391e23640f16662e7f/element/f.06EF3401E30AE3EE31C7C1ABA64024F7.d.25E199E54E50D9516023B87E2077D351.e.22/click'
16:36:43.658 [AsyncHttpClient-1-5] DEBUG org.asynchttpclient.netty.handler.HttpHandler - 

Request DefaultHttpRequest(decodeResult: success, version: HTTP/1.1)
POST /session/ce58549c9b669d391e23640f16662e7f/element/f.06EF3401E30AE3EE31C7C1ABA64024F7.d.25E199E54E50D9516023B87E2077D351.e.22/click HTTP/1.1
User-Agent: selenium/4.12.1 (java windows)
Content-Length: 88
Content-Type: application/json; charset=utf-8
host: localhost:1461
accept: */*

Response DefaultHttpResponse(decodeResult: success, version: HTTP/1.1)
HTTP/1.1 200 OK
Content-Length: 14
Content-Type: application/json; charset=utf-8
cache-control: no-cache

16:36:43.658 [AsyncHttpClient-1-5] DEBUG org.asynchttpclient.netty.channel.ChannelManager - Adding key: http://localhost:1461 for channel [id: 0x2c50df9f, L:/127.0.0.1:56854 - R:localhost/127.0.0.1:1461]
16:36:43.660 [Forwarding findElement on session ce58549c9b669d391e23640f16662e7f to remote] DEBUG org.asynchttpclient.netty.request.NettyRequestSender - Using pooled Channel '[id: 0x2c50df9f, L:/127.0.0.1:56854 - R:localhost/127.0.0.1:1461]' for 'POST' to 'http://localhost:1461/session/ce58549c9b669d391e23640f16662e7f/element'
16:36:43.660 [Forwarding findElement on session ce58549c9b669d391e23640f16662e7f to remote] DEBUG org.asynchttpclient.netty.request.NettyRequestSender - Using open Channel [id: 0x2c50df9f, L:/127.0.0.1:56854 - R:localhost/127.0.0.1:1461] for POST '/session/ce58549c9b669d391e23640f16662e7f/element'
16:36:43.670 [AsyncHttpClient-1-5] DEBUG org.asynchttpclient.netty.handler.HttpHandler - 

Request DefaultHttpRequest(decodeResult: success, version: HTTP/1.1)
POST /session/ce58549c9b669d391e23640f16662e7f/element HTTP/1.1
User-Agent: selenium/4.12.1 (java windows)
Content-Length: 63
Content-Type: application/json; charset=utf-8
host: localhost:1461
accept: */*

Response DefaultHttpResponse(decodeResult: success, version: HTTP/1.1)
HTTP/1.1 200 OK
Content-Length: 126
Content-Type: application/json; charset=utf-8
cache-control: no-cache

16:36:43.670 [AsyncHttpClient-1-5] DEBUG org.asynchttpclient.netty.channel.ChannelManager - Adding key: http://localhost:1461 for channel [id: 0x2c50df9f, L:/127.0.0.1:56854 - R:localhost/127.0.0.1:1461]
16:36:43.672 [Forwarding sendKeysToElement on session ce58549c9b669d391e23640f16662e7f to remote] DEBUG org.asynchttpclient.netty.request.NettyRequestSender - Using pooled Channel '[id: 0x2c50df9f, L:/127.0.0.1:56854 - R:localhost/127.0.0.1:1461]' for 'POST' to 'http://localhost:1461/session/ce58549c9b669d391e23640f16662e7f/element/f.06EF3401E30AE3EE31C7C1ABA64024F7.d.25E199E54E50D9516023B87E2077D351.e.22/value'
16:36:43.672 [Forwarding sendKeysToElement on session ce58549c9b669d391e23640f16662e7f to remote] DEBUG org.asynchttpclient.netty.request.NettyRequestSender - Using open Channel [id: 0x2c50df9f, L:/127.0.0.1:56854 - R:localhost/127.0.0.1:1461] for POST '/session/ce58549c9b669d391e23640f16662e7f/element/f.06EF3401E30AE3EE31C7C1ABA64024F7.d.25E199E54E50D9516023B87E2077D351.e.22/value'
16:36:43.708 [AsyncHttpClient-1-5] DEBUG org.asynchttpclient.netty.handler.HttpHandler - 

Request DefaultHttpRequest(decodeResult: success, version: HTTP/1.1)
POST /session/ce58549c9b669d391e23640f16662e7f/element/f.06EF3401E30AE3EE31C7C1ABA64024F7.d.25E199E54E50D9516023B87E2077D351.e.22/value HTTP/1.1
User-Agent: selenium/4.12.1 (java windows)
Content-Length: 143
Content-Type: application/json; charset=utf-8
host: localhost:1461
accept: */*

Response DefaultHttpResponse(decodeResult: success, version: HTTP/1.1)
HTTP/1.1 200 OK
Content-Length: 14
Content-Type: application/json; charset=utf-8
cache-control: no-cache

16:36:43.708 [AsyncHttpClient-1-5] DEBUG org.asynchttpclient.netty.channel.ChannelManager - Adding key: http://localhost:1461 for channel [id: 0x2c50df9f, L:/127.0.0.1:56854 - R:localhost/127.0.0.1:1461]
16:36:43.709 [Forwarding findElement on session ce58549c9b669d391e23640f16662e7f to remote] DEBUG org.asynchttpclient.netty.request.NettyRequestSender - Using pooled Channel '[id: 0x2c50df9f, L:/127.0.0.1:56854 - R:localhost/127.0.0.1:1461]' for 'POST' to 'http://localhost:1461/session/ce58549c9b669d391e23640f16662e7f/element'
16:36:43.709 [Forwarding findElement on session ce58549c9b669d391e23640f16662e7f to remote] DEBUG org.asynchttpclient.netty.request.NettyRequestSender - Using open Channel [id: 0x2c50df9f, L:/127.0.0.1:56854 - R:localhost/127.0.0.1:1461] for POST '/session/ce58549c9b669d391e23640f16662e7f/element'
16:36:43.720 [AsyncHttpClient-1-5] DEBUG org.asynchttpclient.netty.handler.HttpHandler - 

Request DefaultHttpRequest(decodeResult: success, version: HTTP/1.1)
POST /session/ce58549c9b669d391e23640f16662e7f/element HTTP/1.1
User-Agent: selenium/4.12.1 (java windows)
Content-Length: 63
Content-Type: application/json; charset=utf-8
host: localhost:1461
accept: */*

Response DefaultHttpResponse(decodeResult: success, version: HTTP/1.1)
HTTP/1.1 200 OK
Content-Length: 126
Content-Type: application/json; charset=utf-8
cache-control: no-cache

16:36:43.720 [AsyncHttpClient-1-5] DEBUG org.asynchttpclient.netty.channel.ChannelManager - Adding key: http://localhost:1461 for channel [id: 0x2c50df9f, L:/127.0.0.1:56854 - R:localhost/127.0.0.1:1461]
16:36:43.723 [Forwarding sendKeysToElement on session ce58549c9b669d391e23640f16662e7f to remote] DEBUG org.asynchttpclient.netty.request.NettyRequestSender - Using pooled Channel '[id: 0x2c50df9f, L:/127.0.0.1:56854 - R:localhost/127.0.0.1:1461]' for 'POST' to 'http://localhost:1461/session/ce58549c9b669d391e23640f16662e7f/element/f.06EF3401E30AE3EE31C7C1ABA64024F7.d.25E199E54E50D9516023B87E2077D351.e.22/value'
16:36:43.723 [Forwarding sendKeysToElement on session ce58549c9b669d391e23640f16662e7f to remote] DEBUG org.asynchttpclient.netty.request.NettyRequestSender - Using open Channel [id: 0x2c50df9f, L:/127.0.0.1:56854 - R:localhost/127.0.0.1:1461] for POST '/session/ce58549c9b669d391e23640f16662e7f/element/f.06EF3401E30AE3EE31C7C1ABA64024F7.d.25E199E54E50D9516023B87E2077D351.e.22/value'
16:36:43.813 [AsyncHttpClient-1-5] DEBUG org.asynchttpclient.netty.handler.HttpHandler - 

Request DefaultHttpRequest(decodeResult: success, version: HTTP/1.1)
POST /session/ce58549c9b669d391e23640f16662e7f/element/f.06EF3401E30AE3EE31C7C1ABA64024F7.d.25E199E54E50D9516023B87E2077D351.e.22/value HTTP/1.1
User-Agent: selenium/4.12.1 (java windows)
Content-Length: 133
Content-Type: application/json; charset=utf-8
host: localhost:1461
accept: */*

Response DefaultHttpResponse(decodeResult: success, version: HTTP/1.1)
HTTP/1.1 200 OK
Content-Length: 14
Content-Type: application/json; charset=utf-8
cache-control: no-cache

16:36:43.813 [AsyncHttpClient-1-5] DEBUG org.asynchttpclient.netty.channel.ChannelManager - Adding key: http://localhost:1461 for channel [id: 0x2c50df9f, L:/127.0.0.1:56854 - R:localhost/127.0.0.1:1461]
16:36:43.814 [Forwarding findElement on session ce58549c9b669d391e23640f16662e7f to remote] DEBUG org.asynchttpclient.netty.request.NettyRequestSender - Using pooled Channel '[id: 0x2c50df9f, L:/127.0.0.1:56854 - R:localhost/127.0.0.1:1461]' for 'POST' to 'http://localhost:1461/session/ce58549c9b669d391e23640f16662e7f/element'
16:36:43.814 [Forwarding findElement on session ce58549c9b669d391e23640f16662e7f to remote] DEBUG org.asynchttpclient.netty.request.NettyRequestSender - Using open Channel [id: 0x2c50df9f, L:/127.0.0.1:56854 - R:localhost/127.0.0.1:1461] for POST '/session/ce58549c9b669d391e23640f16662e7f/element'
16:36:43.826 [AsyncHttpClient-1-5] DEBUG org.asynchttpclient.netty.handler.HttpHandler - 

Request DefaultHttpRequest(decodeResult: success, version: HTTP/1.1)
POST /session/ce58549c9b669d391e23640f16662e7f/element HTTP/1.1
User-Agent: selenium/4.12.1 (java windows)
Content-Length: 63
Content-Type: application/json; charset=utf-8
host: localhost:1461
accept: */*

Response DefaultHttpResponse(decodeResult: success, version: HTTP/1.1)
HTTP/1.1 200 OK
Content-Length: 126
Content-Type: application/json; charset=utf-8
cache-control: no-cache

16:36:43.826 [AsyncHttpClient-1-5] DEBUG org.asynchttpclient.netty.channel.ChannelManager - Adding key: http://localhost:1461 for channel [id: 0x2c50df9f, L:/127.0.0.1:56854 - R:localhost/127.0.0.1:1461]
16:36:43.827 [Forwarding clickElement on session ce58549c9b669d391e23640f16662e7f to remote] DEBUG org.asynchttpclient.netty.request.NettyRequestSender - Using pooled Channel '[id: 0x2c50df9f, L:/127.0.0.1:56854 - R:localhost/127.0.0.1:1461]' for 'POST' to 'http://localhost:1461/session/ce58549c9b669d391e23640f16662e7f/element/f.06EF3401E30AE3EE31C7C1ABA64024F7.d.25E199E54E50D9516023B87E2077D351.e.22/click'
16:36:43.828 [Forwarding clickElement on session ce58549c9b669d391e23640f16662e7f to remote] DEBUG org.asynchttpclient.netty.request.NettyRequestSender - Using open Channel [id: 0x2c50df9f, L:/127.0.0.1:56854 - R:localhost/127.0.0.1:1461] for POST '/session/ce58549c9b669d391e23640f16662e7f/element/f.06EF3401E30AE3EE31C7C1ABA64024F7.d.25E199E54E50D9516023B87E2077D351.e.22/click'
16:36:43.883 [AsyncHttpClient-1-5] DEBUG org.asynchttpclient.netty.handler.HttpHandler - 

Request DefaultHttpRequest(decodeResult: success, version: HTTP/1.1)
POST /session/ce58549c9b669d391e23640f16662e7f/element/f.06EF3401E30AE3EE31C7C1ABA64024F7.d.25E199E54E50D9516023B87E2077D351.e.22/click HTTP/1.1
User-Agent: selenium/4.12.1 (java windows)
Content-Length: 88
Content-Type: application/json; charset=utf-8
host: localhost:1461
accept: */*

Response DefaultHttpResponse(decodeResult: success, version: HTTP/1.1)
HTTP/1.1 200 OK
Content-Length: 14
Content-Type: application/json; charset=utf-8
cache-control: no-cache

16:36:43.884 [AsyncHttpClient-1-5] DEBUG org.asynchttpclient.netty.channel.ChannelManager - Adding key: http://localhost:1461 for channel [id: 0x2c50df9f, L:/127.0.0.1:56854 - R:localhost/127.0.0.1:1461]
16:36:43.885 [Forwarding findElement on session ce58549c9b669d391e23640f16662e7f to remote] DEBUG org.asynchttpclient.netty.request.NettyRequestSender - Using pooled Channel '[id: 0x2c50df9f, L:/127.0.0.1:56854 - R:localhost/127.0.0.1:1461]' for 'POST' to 'http://localhost:1461/session/ce58549c9b669d391e23640f16662e7f/element'
16:36:43.885 [Forwarding findElement on session ce58549c9b669d391e23640f16662e7f to remote] DEBUG org.asynchttpclient.netty.request.NettyRequestSender - Using open Channel [id: 0x2c50df9f, L:/127.0.0.1:56854 - R:localhost/127.0.0.1:1461] for POST '/session/ce58549c9b669d391e23640f16662e7f/element'
16:36:43.896 [AsyncHttpClient-1-5] DEBUG org.asynchttpclient.netty.handler.HttpHandler - 

Request DefaultHttpRequest(decodeResult: success, version: HTTP/1.1)
POST /session/ce58549c9b669d391e23640f16662e7f/element HTTP/1.1
User-Agent: selenium/4.12.1 (java windows)
Content-Length: 63
Content-Type: application/json; charset=utf-8
host: localhost:1461
accept: */*

Response DefaultHttpResponse(decodeResult: success, version: HTTP/1.1)
HTTP/1.1 200 OK
Content-Length: 126
Content-Type: application/json; charset=utf-8
cache-control: no-cache

16:36:43.896 [AsyncHttpClient-1-5] DEBUG org.asynchttpclient.netty.channel.ChannelManager - Adding key: http://localhost:1461 for channel [id: 0x2c50df9f, L:/127.0.0.1:56854 - R:localhost/127.0.0.1:1461]
16:36:43.898 [Forwarding sendKeysToElement on session ce58549c9b669d391e23640f16662e7f to remote] DEBUG org.asynchttpclient.netty.request.NettyRequestSender - Using pooled Channel '[id: 0x2c50df9f, L:/127.0.0.1:56854 - R:localhost/127.0.0.1:1461]' for 'POST' to 'http://localhost:1461/session/ce58549c9b669d391e23640f16662e7f/element/f.06EF3401E30AE3EE31C7C1ABA64024F7.d.25E199E54E50D9516023B87E2077D351.e.22/value'
16:36:43.898 [Forwarding sendKeysToElement on session ce58549c9b669d391e23640f16662e7f to remote] DEBUG org.asynchttpclient.netty.request.NettyRequestSender - Using open Channel [id: 0x2c50df9f, L:/127.0.0.1:56854 - R:localhost/127.0.0.1:1461] for POST '/session/ce58549c9b669d391e23640f16662e7f/element/f.06EF3401E30AE3EE31C7C1ABA64024F7.d.25E199E54E50D9516023B87E2077D351.e.22/value'
16:36:45.412 [AsyncHttpClient-1-5] DEBUG org.asynchttpclient.netty.handler.HttpHandler - 

Request DefaultHttpRequest(decodeResult: success, version: HTTP/1.1)
POST /session/ce58549c9b669d391e23640f16662e7f/element/f.06EF3401E30AE3EE31C7C1ABA64024F7.d.25E199E54E50D9516023B87E2077D351.e.22/value HTTP/1.1
User-Agent: selenium/4.12.1 (java windows)
Content-Length: 349
Content-Type: application/json; charset=utf-8
host: localhost:1461
accept: */*

Response DefaultHttpResponse(decodeResult: success, version: HTTP/1.1)
HTTP/1.1 200 OK
Content-Length: 14
Content-Type: application/json; charset=utf-8
cache-control: no-cache

16:36:45.412 [AsyncHttpClient-1-5] DEBUG org.asynchttpclient.netty.channel.ChannelManager - Adding key: http://localhost:1461 for channel [id: 0x2c50df9f, L:/127.0.0.1:56854 - R:localhost/127.0.0.1:1461]
16:36:45.414 [Forwarding findElement on session ce58549c9b669d391e23640f16662e7f to remote] DEBUG org.asynchttpclient.netty.request.NettyRequestSender - Using pooled Channel '[id: 0x2c50df9f, L:/127.0.0.1:56854 - R:localhost/127.0.0.1:1461]' for 'POST' to 'http://localhost:1461/session/ce58549c9b669d391e23640f16662e7f/element'
16:36:45.414 [Forwarding findElement on session ce58549c9b669d391e23640f16662e7f to remote] DEBUG org.asynchttpclient.netty.request.NettyRequestSender - Using open Channel [id: 0x2c50df9f, L:/127.0.0.1:56854 - R:localhost/127.0.0.1:1461] for POST '/session/ce58549c9b669d391e23640f16662e7f/element'
16:36:45.426 [AsyncHttpClient-1-5] DEBUG org.asynchttpclient.netty.handler.HttpHandler - 

Request DefaultHttpRequest(decodeResult: success, version: HTTP/1.1)
POST /session/ce58549c9b669d391e23640f16662e7f/element HTTP/1.1
User-Agent: selenium/4.12.1 (java windows)
Content-Length: 63
Content-Type: application/json; charset=utf-8
host: localhost:1461
accept: */*

Response DefaultHttpResponse(decodeResult: success, version: HTTP/1.1)
HTTP/1.1 200 OK
Content-Length: 126
Content-Type: application/json; charset=utf-8
cache-control: no-cache

16:36:45.426 [AsyncHttpClient-1-5] DEBUG org.asynchttpclient.netty.channel.ChannelManager - Adding key: http://localhost:1461 for channel [id: 0x2c50df9f, L:/127.0.0.1:56854 - R:localhost/127.0.0.1:1461]
16:36:45.428 [Forwarding getElementAttribute on session ce58549c9b669d391e23640f16662e7f to remote] DEBUG org.asynchttpclient.netty.request.NettyRequestSender - Using pooled Channel '[id: 0x2c50df9f, L:/127.0.0.1:56854 - R:localhost/127.0.0.1:1461]' for 'POST' to 'http://localhost:1461/session/ce58549c9b669d391e23640f16662e7f/execute/sync'
16:36:45.428 [Forwarding getElementAttribute on session ce58549c9b669d391e23640f16662e7f to remote] DEBUG org.asynchttpclient.netty.request.NettyRequestSender - Using open Channel [id: 0x2c50df9f, L:/127.0.0.1:56854 - R:localhost/127.0.0.1:1461] for POST '/session/ce58549c9b669d391e23640f16662e7f/execute/sync'
16:36:45.442 [AsyncHttpClient-1-5] DEBUG org.asynchttpclient.netty.handler.HttpHandler - 

Request DefaultHttpRequest(decodeResult: success, version: HTTP/1.1)
POST /session/ce58549c9b669d391e23640f16662e7f/execute/sync HTTP/1.1
User-Agent: selenium/4.12.1 (java windows)
Content-Length: 47295
Content-Type: application/json; charset=utf-8
host: localhost:1461
accept: */*

Response DefaultHttpResponse(decodeResult: success, version: HTTP/1.1)
HTTP/1.1 200 OK
Content-Length: 22
Content-Type: application/json; charset=utf-8
cache-control: no-cache

16:36:45.442 [AsyncHttpClient-1-5] DEBUG org.asynchttpclient.netty.channel.ChannelManager - Adding key: http://localhost:1461 for channel [id: 0x2c50df9f, L:/127.0.0.1:56854 - R:localhost/127.0.0.1:1461]
16:36:45.451 [Forwarding findElement on session ce58549c9b669d391e23640f16662e7f to remote] DEBUG org.asynchttpclient.netty.request.NettyRequestSender - Using pooled Channel '[id: 0x2c50df9f, L:/127.0.0.1:56854 - R:localhost/127.0.0.1:1461]' for 'POST' to 'http://localhost:1461/session/ce58549c9b669d391e23640f16662e7f/element'
16:36:45.451 [Forwarding findElement on session ce58549c9b669d391e23640f16662e7f to remote] DEBUG org.asynchttpclient.netty.request.NettyRequestSender - Using open Channel [id: 0x2c50df9f, L:/127.0.0.1:56854 - R:localhost/127.0.0.1:1461] for POST '/session/ce58549c9b669d391e23640f16662e7f/element'
16:36:45.461 [AsyncHttpClient-1-5] DEBUG org.asynchttpclient.netty.handler.HttpHandler - 

Request DefaultHttpRequest(decodeResult: success, version: HTTP/1.1)
POST /session/ce58549c9b669d391e23640f16662e7f/element HTTP/1.1
User-Agent: selenium/4.12.1 (java windows)
Content-Length: 63
Content-Type: application/json; charset=utf-8
host: localhost:1461
accept: */*

Response DefaultHttpResponse(decodeResult: success, version: HTTP/1.1)
HTTP/1.1 200 OK
Content-Length: 126
Content-Type: application/json; charset=utf-8
cache-control: no-cache

16:36:45.462 [AsyncHttpClient-1-5] DEBUG org.asynchttpclient.netty.channel.ChannelManager - Adding key: http://localhost:1461 for channel [id: 0x2c50df9f, L:/127.0.0.1:56854 - R:localhost/127.0.0.1:1461]
16:36:45.464 [Forwarding isElementDisplayed on session ce58549c9b669d391e23640f16662e7f to remote] DEBUG org.asynchttpclient.netty.request.NettyRequestSender - Using pooled Channel '[id: 0x2c50df9f, L:/127.0.0.1:56854 - R:localhost/127.0.0.1:1461]' for 'POST' to 'http://localhost:1461/session/ce58549c9b669d391e23640f16662e7f/execute/sync'
16:36:45.464 [Forwarding isElementDisplayed on session ce58549c9b669d391e23640f16662e7f to remote] DEBUG org.asynchttpclient.netty.request.NettyRequestSender - Using open Channel [id: 0x2c50df9f, L:/127.0.0.1:56854 - R:localhost/127.0.0.1:1461] for POST '/session/ce58549c9b669d391e23640f16662e7f/execute/sync'
16:36:45.477 [AsyncHttpClient-1-5] DEBUG org.asynchttpclient.netty.handler.HttpHandler - 

Request DefaultHttpRequest(decodeResult: success, version: HTTP/1.1)
POST /session/ce58549c9b669d391e23640f16662e7f/execute/sync HTTP/1.1
User-Agent: selenium/4.12.1 (java windows)
Content-Length: 48734
Content-Type: application/json; charset=utf-8
host: localhost:1461
accept: */*

Response DefaultHttpResponse(decodeResult: success, version: HTTP/1.1)
HTTP/1.1 200 OK
Content-Length: 14
Content-Type: application/json; charset=utf-8
cache-control: no-cache

16:36:45.478 [AsyncHttpClient-1-5] DEBUG org.asynchttpclient.netty.channel.ChannelManager - Adding key: http://localhost:1461 for channel [id: 0x2c50df9f, L:/127.0.0.1:56854 - R:localhost/127.0.0.1:1461]
16:36:45.479 [Forwarding findElement on session ce58549c9b669d391e23640f16662e7f to remote] DEBUG org.asynchttpclient.netty.request.NettyRequestSender - Using pooled Channel '[id: 0x2c50df9f, L:/127.0.0.1:56854 - R:localhost/127.0.0.1:1461]' for 'POST' to 'http://localhost:1461/session/ce58549c9b669d391e23640f16662e7f/element'
16:36:45.479 [Forwarding findElement on session ce58549c9b669d391e23640f16662e7f to remote] DEBUG org.asynchttpclient.netty.request.NettyRequestSender - Using open Channel [id: 0x2c50df9f, L:/127.0.0.1:56854 - R:localhost/127.0.0.1:1461] for POST '/session/ce58549c9b669d391e23640f16662e7f/element'
16:36:45.490 [AsyncHttpClient-1-5] DEBUG org.asynchttpclient.netty.handler.HttpHandler - 

Request DefaultHttpRequest(decodeResult: success, version: HTTP/1.1)
POST /session/ce58549c9b669d391e23640f16662e7f/element HTTP/1.1
User-Agent: selenium/4.12.1 (java windows)
Content-Length: 63
Content-Type: application/json; charset=utf-8
host: localhost:1461
accept: */*

Response DefaultHttpResponse(decodeResult: success, version: HTTP/1.1)
HTTP/1.1 200 OK
Content-Length: 126
Content-Type: application/json; charset=utf-8
cache-control: no-cache

16:36:45.491 [AsyncHttpClient-1-5] DEBUG org.asynchttpclient.netty.channel.ChannelManager - Adding key: http://localhost:1461 for channel [id: 0x2c50df9f, L:/127.0.0.1:56854 - R:localhost/127.0.0.1:1461]
16:36:45.493 [Forwarding clickElement on session ce58549c9b669d391e23640f16662e7f to remote] DEBUG org.asynchttpclient.netty.request.NettyRequestSender - Using pooled Channel '[id: 0x2c50df9f, L:/127.0.0.1:56854 - R:localhost/127.0.0.1:1461]' for 'POST' to 'http://localhost:1461/session/ce58549c9b669d391e23640f16662e7f/element/f.06EF3401E30AE3EE31C7C1ABA64024F7.d.25E199E54E50D9516023B87E2077D351.e.22/click'
16:36:45.493 [Forwarding clickElement on session ce58549c9b669d391e23640f16662e7f to remote] DEBUG org.asynchttpclient.netty.request.NettyRequestSender - Using open Channel [id: 0x2c50df9f, L:/127.0.0.1:56854 - R:localhost/127.0.0.1:1461] for POST '/session/ce58549c9b669d391e23640f16662e7f/element/f.06EF3401E30AE3EE31C7C1ABA64024F7.d.25E199E54E50D9516023B87E2077D351.e.22/click'
16:36:45.549 [AsyncHttpClient-1-5] DEBUG org.asynchttpclient.netty.handler.HttpHandler - 

Request DefaultHttpRequest(decodeResult: success, version: HTTP/1.1)
POST /session/ce58549c9b669d391e23640f16662e7f/element/f.06EF3401E30AE3EE31C7C1ABA64024F7.d.25E199E54E50D9516023B87E2077D351.e.22/click HTTP/1.1
User-Agent: selenium/4.12.1 (java windows)
Content-Length: 88
Content-Type: application/json; charset=utf-8
host: localhost:1461
accept: */*

Response DefaultHttpResponse(decodeResult: success, version: HTTP/1.1)
HTTP/1.1 200 OK
Content-Length: 14
Content-Type: application/json; charset=utf-8
cache-control: no-cache

16:36:45.549 [AsyncHttpClient-1-5] DEBUG org.asynchttpclient.netty.channel.ChannelManager - Adding key: http://localhost:1461 for channel [id: 0x2c50df9f, L:/127.0.0.1:56854 - R:localhost/127.0.0.1:1461]
16:36:45.551 [Forwarding findElement on session ce58549c9b669d391e23640f16662e7f to remote] DEBUG org.asynchttpclient.netty.request.NettyRequestSender - Using pooled Channel '[id: 0x2c50df9f, L:/127.0.0.1:56854 - R:localhost/127.0.0.1:1461]' for 'POST' to 'http://localhost:1461/session/ce58549c9b669d391e23640f16662e7f/element'
16:36:45.551 [Forwarding findElement on session ce58549c9b669d391e23640f16662e7f to remote] DEBUG org.asynchttpclient.netty.request.NettyRequestSender - Using open Channel [id: 0x2c50df9f, L:/127.0.0.1:56854 - R:localhost/127.0.0.1:1461] for POST '/session/ce58549c9b669d391e23640f16662e7f/element'
16:36:45.561 [AsyncHttpClient-1-5] DEBUG org.asynchttpclient.netty.handler.HttpHandler - 

Request DefaultHttpRequest(decodeResult: success, version: HTTP/1.1)
POST /session/ce58549c9b669d391e23640f16662e7f/element HTTP/1.1
User-Agent: selenium/4.12.1 (java windows)
Content-Length: 63
Content-Type: application/json; charset=utf-8
host: localhost:1461
accept: */*

Response DefaultHttpResponse(decodeResult: success, version: HTTP/1.1)
HTTP/1.1 200 OK
Content-Length: 126
Content-Type: application/json; charset=utf-8
cache-control: no-cache

16:36:45.561 [AsyncHttpClient-1-5] DEBUG org.asynchttpclient.netty.channel.ChannelManager - Adding key: http://localhost:1461 for channel [id: 0x2c50df9f, L:/127.0.0.1:56854 - R:localhost/127.0.0.1:1461]
16:36:45.563 [Forwarding sendKeysToElement on session ce58549c9b669d391e23640f16662e7f to remote] DEBUG org.asynchttpclient.netty.request.NettyRequestSender - Using pooled Channel '[id: 0x2c50df9f, L:/127.0.0.1:56854 - R:localhost/127.0.0.1:1461]' for 'POST' to 'http://localhost:1461/session/ce58549c9b669d391e23640f16662e7f/element/f.06EF3401E30AE3EE31C7C1ABA64024F7.d.25E199E54E50D9516023B87E2077D351.e.22/value'
16:36:45.563 [Forwarding sendKeysToElement on session ce58549c9b669d391e23640f16662e7f to remote] DEBUG org.asynchttpclient.netty.request.NettyRequestSender - Using open Channel [id: 0x2c50df9f, L:/127.0.0.1:56854 - R:localhost/127.0.0.1:1461] for POST '/session/ce58549c9b669d391e23640f16662e7f/element/f.06EF3401E30AE3EE31C7C1ABA64024F7.d.25E199E54E50D9516023B87E2077D351.e.22/value'
16:36:45.603 [AsyncHttpClient-1-5] DEBUG org.asynchttpclient.netty.handler.HttpHandler - 

Request DefaultHttpRequest(decodeResult: success, version: HTTP/1.1)
POST /session/ce58549c9b669d391e23640f16662e7f/element/f.06EF3401E30AE3EE31C7C1ABA64024F7.d.25E199E54E50D9516023B87E2077D351.e.22/value HTTP/1.1
User-Agent: selenium/4.12.1 (java windows)
Content-Length: 143
Content-Type: application/json; charset=utf-8
host: localhost:1461
accept: */*

Response DefaultHttpResponse(decodeResult: success, version: HTTP/1.1)
HTTP/1.1 200 OK
Content-Length: 14
Content-Type: application/json; charset=utf-8
cache-control: no-cache

16:36:45.603 [AsyncHttpClient-1-5] DEBUG org.asynchttpclient.netty.channel.ChannelManager - Adding key: http://localhost:1461 for channel [id: 0x2c50df9f, L:/127.0.0.1:56854 - R:localhost/127.0.0.1:1461]
16:36:45.605 [Forwarding findElement on session ce58549c9b669d391e23640f16662e7f to remote] DEBUG org.asynchttpclient.netty.request.NettyRequestSender - Using pooled Channel '[id: 0x2c50df9f, L:/127.0.0.1:56854 - R:localhost/127.0.0.1:1461]' for 'POST' to 'http://localhost:1461/session/ce58549c9b669d391e23640f16662e7f/element'
16:36:45.605 [Forwarding findElement on session ce58549c9b669d391e23640f16662e7f to remote] DEBUG org.asynchttpclient.netty.request.NettyRequestSender - Using open Channel [id: 0x2c50df9f, L:/127.0.0.1:56854 - R:localhost/127.0.0.1:1461] for POST '/session/ce58549c9b669d391e23640f16662e7f/element'
16:36:45.615 [AsyncHttpClient-1-5] DEBUG org.asynchttpclient.netty.handler.HttpHandler - 

Request DefaultHttpRequest(decodeResult: success, version: HTTP/1.1)
POST /session/ce58549c9b669d391e23640f16662e7f/element HTTP/1.1
User-Agent: selenium/4.12.1 (java windows)
Content-Length: 63
Content-Type: application/json; charset=utf-8
host: localhost:1461
accept: */*

Response DefaultHttpResponse(decodeResult: success, version: HTTP/1.1)
HTTP/1.1 200 OK
Content-Length: 126
Content-Type: application/json; charset=utf-8
cache-control: no-cache

16:36:45.615 [AsyncHttpClient-1-5] DEBUG org.asynchttpclient.netty.channel.ChannelManager - Adding key: http://localhost:1461 for channel [id: 0x2c50df9f, L:/127.0.0.1:56854 - R:localhost/127.0.0.1:1461]
16:36:45.617 [Forwarding sendKeysToElement on session ce58549c9b669d391e23640f16662e7f to remote] DEBUG org.asynchttpclient.netty.request.NettyRequestSender - Using pooled Channel '[id: 0x2c50df9f, L:/127.0.0.1:56854 - R:localhost/127.0.0.1:1461]' for 'POST' to 'http://localhost:1461/session/ce58549c9b669d391e23640f16662e7f/element/f.06EF3401E30AE3EE31C7C1ABA64024F7.d.25E199E54E50D9516023B87E2077D351.e.22/value'
16:36:45.618 [Forwarding sendKeysToElement on session ce58549c9b669d391e23640f16662e7f to remote] DEBUG org.asynchttpclient.netty.request.NettyRequestSender - Using open Channel [id: 0x2c50df9f, L:/127.0.0.1:56854 - R:localhost/127.0.0.1:1461] for POST '/session/ce58549c9b669d391e23640f16662e7f/element/f.06EF3401E30AE3EE31C7C1ABA64024F7.d.25E199E54E50D9516023B87E2077D351.e.22/value'
16:36:45.703 [AsyncHttpClient-1-5] DEBUG org.asynchttpclient.netty.handler.HttpHandler - 

Request DefaultHttpRequest(decodeResult: success, version: HTTP/1.1)
POST /session/ce58549c9b669d391e23640f16662e7f/element/f.06EF3401E30AE3EE31C7C1ABA64024F7.d.25E199E54E50D9516023B87E2077D351.e.22/value HTTP/1.1
User-Agent: selenium/4.12.1 (java windows)
Content-Length: 133
Content-Type: application/json; charset=utf-8
host: localhost:1461
accept: */*

Response DefaultHttpResponse(decodeResult: success, version: HTTP/1.1)
HTTP/1.1 200 OK
Content-Length: 14
Content-Type: application/json; charset=utf-8
cache-control: no-cache

16:36:45.703 [AsyncHttpClient-1-5] DEBUG org.asynchttpclient.netty.channel.ChannelManager - Adding key: http://localhost:1461 for channel [id: 0x2c50df9f, L:/127.0.0.1:56854 - R:localhost/127.0.0.1:1461]
16:36:45.706 [Forwarding findElement on session ce58549c9b669d391e23640f16662e7f to remote] DEBUG org.asynchttpclient.netty.request.NettyRequestSender - Using pooled Channel '[id: 0x2c50df9f, L:/127.0.0.1:56854 - R:localhost/127.0.0.1:1461]' for 'POST' to 'http://localhost:1461/session/ce58549c9b669d391e23640f16662e7f/element'
16:36:45.707 [Forwarding findElement on session ce58549c9b669d391e23640f16662e7f to remote] DEBUG org.asynchttpclient.netty.request.NettyRequestSender - Using open Channel [id: 0x2c50df9f, L:/127.0.0.1:56854 - R:localhost/127.0.0.1:1461] for POST '/session/ce58549c9b669d391e23640f16662e7f/element'
16:36:45.722 [AsyncHttpClient-1-5] DEBUG org.asynchttpclient.netty.handler.HttpHandler - 

Request DefaultHttpRequest(decodeResult: success, version: HTTP/1.1)
POST /session/ce58549c9b669d391e23640f16662e7f/element HTTP/1.1
User-Agent: selenium/4.12.1 (java windows)
Content-Length: 63
Content-Type: application/json; charset=utf-8
host: localhost:1461
accept: */*

Response DefaultHttpResponse(decodeResult: success, version: HTTP/1.1)
HTTP/1.1 200 OK
Content-Length: 126
Content-Type: application/json; charset=utf-8
cache-control: no-cache

16:36:45.723 [AsyncHttpClient-1-5] DEBUG org.asynchttpclient.netty.channel.ChannelManager - Adding key: http://localhost:1461 for channel [id: 0x2c50df9f, L:/127.0.0.1:56854 - R:localhost/127.0.0.1:1461]
16:36:45.724 [Forwarding clickElement on session ce58549c9b669d391e23640f16662e7f to remote] DEBUG org.asynchttpclient.netty.request.NettyRequestSender - Using pooled Channel '[id: 0x2c50df9f, L:/127.0.0.1:56854 - R:localhost/127.0.0.1:1461]' for 'POST' to 'http://localhost:1461/session/ce58549c9b669d391e23640f16662e7f/element/f.06EF3401E30AE3EE31C7C1ABA64024F7.d.25E199E54E50D9516023B87E2077D351.e.22/click'
16:36:45.724 [Forwarding clickElement on session ce58549c9b669d391e23640f16662e7f to remote] DEBUG org.asynchttpclient.netty.request.NettyRequestSender - Using open Channel [id: 0x2c50df9f, L:/127.0.0.1:56854 - R:localhost/127.0.0.1:1461] for POST '/session/ce58549c9b669d391e23640f16662e7f/element/f.06EF3401E30AE3EE31C7C1ABA64024F7.d.25E199E54E50D9516023B87E2077D351.e.22/click'
16:36:45.767 [AsyncHttpClient-1-5] DEBUG org.asynchttpclient.netty.handler.HttpHandler - 

Request DefaultHttpRequest(decodeResult: success, version: HTTP/1.1)
POST /session/ce58549c9b669d391e23640f16662e7f/element/f.06EF3401E30AE3EE31C7C1ABA64024F7.d.25E199E54E50D9516023B87E2077D351.e.22/click HTTP/1.1
User-Agent: selenium/4.12.1 (java windows)
Content-Length: 88
Content-Type: application/json; charset=utf-8
host: localhost:1461
accept: */*

Response DefaultHttpResponse(decodeResult: success, version: HTTP/1.1)
HTTP/1.1 200 OK
Content-Length: 14
Content-Type: application/json; charset=utf-8
cache-control: no-cache

16:36:45.768 [AsyncHttpClient-1-5] DEBUG org.asynchttpclient.netty.channel.ChannelManager - Adding key: http://localhost:1461 for channel [id: 0x2c50df9f, L:/127.0.0.1:56854 - R:localhost/127.0.0.1:1461]
16:36:45.770 [Forwarding findElement on session ce58549c9b669d391e23640f16662e7f to remote] DEBUG org.asynchttpclient.netty.request.NettyRequestSender - Using pooled Channel '[id: 0x2c50df9f, L:/127.0.0.1:56854 - R:localhost/127.0.0.1:1461]' for 'POST' to 'http://localhost:1461/session/ce58549c9b669d391e23640f16662e7f/element'
16:36:45.770 [Forwarding findElement on session ce58549c9b669d391e23640f16662e7f to remote] DEBUG org.asynchttpclient.netty.request.NettyRequestSender - Using open Channel [id: 0x2c50df9f, L:/127.0.0.1:56854 - R:localhost/127.0.0.1:1461] for POST '/session/ce58549c9b669d391e23640f16662e7f/element'
16:36:45.781 [AsyncHttpClient-1-5] DEBUG org.asynchttpclient.netty.handler.HttpHandler - 

Request DefaultHttpRequest(decodeResult: success, version: HTTP/1.1)
POST /session/ce58549c9b669d391e23640f16662e7f/element HTTP/1.1
User-Agent: selenium/4.12.1 (java windows)
Content-Length: 63
Content-Type: application/json; charset=utf-8
host: localhost:1461
accept: */*

Response DefaultHttpResponse(decodeResult: success, version: HTTP/1.1)
HTTP/1.1 200 OK
Content-Length: 126
Content-Type: application/json; charset=utf-8
cache-control: no-cache

16:36:45.782 [AsyncHttpClient-1-5] DEBUG org.asynchttpclient.netty.channel.ChannelManager - Adding key: http://localhost:1461 for channel [id: 0x2c50df9f, L:/127.0.0.1:56854 - R:localhost/127.0.0.1:1461]
16:36:45.783 [Forwarding sendKeysToElement on session ce58549c9b669d391e23640f16662e7f to remote] DEBUG org.asynchttpclient.netty.request.NettyRequestSender - Using pooled Channel '[id: 0x2c50df9f, L:/127.0.0.1:56854 - R:localhost/127.0.0.1:1461]' for 'POST' to 'http://localhost:1461/session/ce58549c9b669d391e23640f16662e7f/element/f.06EF3401E30AE3EE31C7C1ABA64024F7.d.25E199E54E50D9516023B87E2077D351.e.22/value'
16:36:45.783 [Forwarding sendKeysToElement on session ce58549c9b669d391e23640f16662e7f to remote] DEBUG org.asynchttpclient.netty.request.NettyRequestSender - Using open Channel [id: 0x2c50df9f, L:/127.0.0.1:56854 - R:localhost/127.0.0.1:1461] for POST '/session/ce58549c9b669d391e23640f16662e7f/element/f.06EF3401E30AE3EE31C7C1ABA64024F7.d.25E199E54E50D9516023B87E2077D351.e.22/value'
16:36:46.073 [AsyncHttpClient-1-5] DEBUG org.asynchttpclient.netty.handler.HttpHandler - 

Request DefaultHttpRequest(decodeResult: success, version: HTTP/1.1)
POST /session/ce58549c9b669d391e23640f16662e7f/element/f.06EF3401E30AE3EE31C7C1ABA64024F7.d.25E199E54E50D9516023B87E2077D351.e.22/value HTTP/1.1
User-Agent: selenium/4.12.1 (java windows)
Content-Length: 179
Content-Type: application/json; charset=utf-8
host: localhost:1461
accept: */*

Response DefaultHttpResponse(decodeResult: success, version: HTTP/1.1)
HTTP/1.1 200 OK
Content-Length: 14
Content-Type: application/json; charset=utf-8
cache-control: no-cache

16:36:46.073 [AsyncHttpClient-1-5] DEBUG org.asynchttpclient.netty.channel.ChannelManager - Adding key: http://localhost:1461 for channel [id: 0x2c50df9f, L:/127.0.0.1:56854 - R:localhost/127.0.0.1:1461]
16:36:46.074 [Forwarding findElement on session ce58549c9b669d391e23640f16662e7f to remote] DEBUG org.asynchttpclient.netty.request.NettyRequestSender - Using pooled Channel '[id: 0x2c50df9f, L:/127.0.0.1:56854 - R:localhost/127.0.0.1:1461]' for 'POST' to 'http://localhost:1461/session/ce58549c9b669d391e23640f16662e7f/element'
16:36:46.074 [Forwarding findElement on session ce58549c9b669d391e23640f16662e7f to remote] DEBUG org.asynchttpclient.netty.request.NettyRequestSender - Using open Channel [id: 0x2c50df9f, L:/127.0.0.1:56854 - R:localhost/127.0.0.1:1461] for POST '/session/ce58549c9b669d391e23640f16662e7f/element'
16:36:46.087 [AsyncHttpClient-1-5] DEBUG org.asynchttpclient.netty.handler.HttpHandler - 

Request DefaultHttpRequest(decodeResult: success, version: HTTP/1.1)
POST /session/ce58549c9b669d391e23640f16662e7f/element HTTP/1.1
User-Agent: selenium/4.12.1 (java windows)
Content-Length: 63
Content-Type: application/json; charset=utf-8
host: localhost:1461
accept: */*

Response DefaultHttpResponse(decodeResult: success, version: HTTP/1.1)
HTTP/1.1 200 OK
Content-Length: 126
Content-Type: application/json; charset=utf-8
cache-control: no-cache

16:36:46.087 [AsyncHttpClient-1-5] DEBUG org.asynchttpclient.netty.channel.ChannelManager - Adding key: http://localhost:1461 for channel [id: 0x2c50df9f, L:/127.0.0.1:56854 - R:localhost/127.0.0.1:1461]
16:36:46.091 [Forwarding getElementAttribute on session ce58549c9b669d391e23640f16662e7f to remote] DEBUG org.asynchttpclient.netty.request.NettyRequestSender - Using pooled Channel '[id: 0x2c50df9f, L:/127.0.0.1:56854 - R:localhost/127.0.0.1:1461]' for 'POST' to 'http://localhost:1461/session/ce58549c9b669d391e23640f16662e7f/execute/sync'
16:36:46.091 [Forwarding getElementAttribute on session ce58549c9b669d391e23640f16662e7f to remote] DEBUG org.asynchttpclient.netty.request.NettyRequestSender - Using open Channel [id: 0x2c50df9f, L:/127.0.0.1:56854 - R:localhost/127.0.0.1:1461] for POST '/session/ce58549c9b669d391e23640f16662e7f/execute/sync'
16:36:46.106 [AsyncHttpClient-1-5] DEBUG org.asynchttpclient.netty.handler.HttpHandler - 

Request DefaultHttpRequest(decodeResult: success, version: HTTP/1.1)
POST /session/ce58549c9b669d391e23640f16662e7f/execute/sync HTTP/1.1
User-Agent: selenium/4.12.1 (java windows)
Content-Length: 47295
Content-Type: application/json; charset=utf-8
host: localhost:1461
accept: */*

Response DefaultHttpResponse(decodeResult: success, version: HTTP/1.1)
HTTP/1.1 200 OK
Content-Length: 12
Content-Type: application/json; charset=utf-8
cache-control: no-cache

16:36:46.107 [AsyncHttpClient-1-5] DEBUG org.asynchttpclient.netty.channel.ChannelManager - Adding key: http://localhost:1461 for channel [id: 0x2c50df9f, L:/127.0.0.1:56854 - R:localhost/127.0.0.1:1461]
16:36:46.271 [Forwarding findElement on session ce58549c9b669d391e23640f16662e7f to remote] DEBUG org.asynchttpclient.netty.request.NettyRequestSender - Using pooled Channel '[id: 0x2c50df9f, L:/127.0.0.1:56854 - R:localhost/127.0.0.1:1461]' for 'POST' to 'http://localhost:1461/session/ce58549c9b669d391e23640f16662e7f/element'
16:36:46.271 [Forwarding findElement on session ce58549c9b669d391e23640f16662e7f to remote] DEBUG org.asynchttpclient.netty.request.NettyRequestSender - Using open Channel [id: 0x2c50df9f, L:/127.0.0.1:56854 - R:localhost/127.0.0.1:1461] for POST '/session/ce58549c9b669d391e23640f16662e7f/element'
16:36:46.285 [AsyncHttpClient-1-5] DEBUG org.asynchttpclient.netty.handler.HttpHandler - 

Request DefaultHttpRequest(decodeResult: success, version: HTTP/1.1)
POST /session/ce58549c9b669d391e23640f16662e7f/element HTTP/1.1
User-Agent: selenium/4.12.1 (java windows)
Content-Length: 63
Content-Type: application/json; charset=utf-8
host: localhost:1461
accept: */*

Response DefaultHttpResponse(decodeResult: success, version: HTTP/1.1)
HTTP/1.1 200 OK
Content-Length: 126
Content-Type: application/json; charset=utf-8
cache-control: no-cache

16:36:46.285 [AsyncHttpClient-1-5] DEBUG org.asynchttpclient.netty.channel.ChannelManager - Adding key: http://localhost:1461 for channel [id: 0x2c50df9f, L:/127.0.0.1:56854 - R:localhost/127.0.0.1:1461]
16:36:46.289 [Forwarding isElementDisplayed on session ce58549c9b669d391e23640f16662e7f to remote] DEBUG org.asynchttpclient.netty.request.NettyRequestSender - Using pooled Channel '[id: 0x2c50df9f, L:/127.0.0.1:56854 - R:localhost/127.0.0.1:1461]' for 'POST' to 'http://localhost:1461/session/ce58549c9b669d391e23640f16662e7f/execute/sync'
16:36:46.289 [Forwarding isElementDisplayed on session ce58549c9b669d391e23640f16662e7f to remote] DEBUG org.asynchttpclient.netty.request.NettyRequestSender - Using open Channel [id: 0x2c50df9f, L:/127.0.0.1:56854 - R:localhost/127.0.0.1:1461] for POST '/session/ce58549c9b669d391e23640f16662e7f/execute/sync'
16:36:46.309 [AsyncHttpClient-1-5] DEBUG org.asynchttpclient.netty.handler.HttpHandler - 

Request DefaultHttpRequest(decodeResult: success, version: HTTP/1.1)
POST /session/ce58549c9b669d391e23640f16662e7f/execute/sync HTTP/1.1
User-Agent: selenium/4.12.1 (java windows)
Content-Length: 48734
Content-Type: application/json; charset=utf-8
host: localhost:1461
accept: */*

Response DefaultHttpResponse(decodeResult: success, version: HTTP/1.1)
HTTP/1.1 200 OK
Content-Length: 14
Content-Type: application/json; charset=utf-8
cache-control: no-cache

16:36:46.309 [AsyncHttpClient-1-5] DEBUG org.asynchttpclient.netty.channel.ChannelManager - Adding key: http://localhost:1461 for channel [id: 0x2c50df9f, L:/127.0.0.1:56854 - R:localhost/127.0.0.1:1461]
16:36:46.312 [Forwarding findElement on session ce58549c9b669d391e23640f16662e7f to remote] DEBUG org.asynchttpclient.netty.request.NettyRequestSender - Using pooled Channel '[id: 0x2c50df9f, L:/127.0.0.1:56854 - R:localhost/127.0.0.1:1461]' for 'POST' to 'http://localhost:1461/session/ce58549c9b669d391e23640f16662e7f/element'
16:36:46.313 [Forwarding findElement on session ce58549c9b669d391e23640f16662e7f to remote] DEBUG org.asynchttpclient.netty.request.NettyRequestSender - Using open Channel [id: 0x2c50df9f, L:/127.0.0.1:56854 - R:localhost/127.0.0.1:1461] for POST '/session/ce58549c9b669d391e23640f16662e7f/element'
16:36:46.325 [AsyncHttpClient-1-5] DEBUG org.asynchttpclient.netty.handler.HttpHandler - 

Request DefaultHttpRequest(decodeResult: success, version: HTTP/1.1)
POST /session/ce58549c9b669d391e23640f16662e7f/element HTTP/1.1
User-Agent: selenium/4.12.1 (java windows)
Content-Length: 63
Content-Type: application/json; charset=utf-8
host: localhost:1461
accept: */*

Response DefaultHttpResponse(decodeResult: success, version: HTTP/1.1)
HTTP/1.1 200 OK
Content-Length: 126
Content-Type: application/json; charset=utf-8
cache-control: no-cache

16:36:46.325 [AsyncHttpClient-1-5] DEBUG org.asynchttpclient.netty.channel.ChannelManager - Adding key: http://localhost:1461 for channel [id: 0x2c50df9f, L:/127.0.0.1:56854 - R:localhost/127.0.0.1:1461]
16:36:46.328 [Forwarding clickElement on session ce58549c9b669d391e23640f16662e7f to remote] DEBUG org.asynchttpclient.netty.request.NettyRequestSender - Using pooled Channel '[id: 0x2c50df9f, L:/127.0.0.1:56854 - R:localhost/127.0.0.1:1461]' for 'POST' to 'http://localhost:1461/session/ce58549c9b669d391e23640f16662e7f/element/f.06EF3401E30AE3EE31C7C1ABA64024F7.d.25E199E54E50D9516023B87E2077D351.e.22/click'
16:36:46.328 [Forwarding clickElement on session ce58549c9b669d391e23640f16662e7f to remote] DEBUG org.asynchttpclient.netty.request.NettyRequestSender - Using open Channel [id: 0x2c50df9f, L:/127.0.0.1:56854 - R:localhost/127.0.0.1:1461] for POST '/session/ce58549c9b669d391e23640f16662e7f/element/f.06EF3401E30AE3EE31C7C1ABA64024F7.d.25E199E54E50D9516023B87E2077D351.e.22/click'
16:36:46.400 [AsyncHttpClient-1-5] DEBUG org.asynchttpclient.netty.handler.HttpHandler - 

Request DefaultHttpRequest(decodeResult: success, version: HTTP/1.1)
POST /session/ce58549c9b669d391e23640f16662e7f/element/f.06EF3401E30AE3EE31C7C1ABA64024F7.d.25E199E54E50D9516023B87E2077D351.e.22/click HTTP/1.1
User-Agent: selenium/4.12.1 (java windows)
Content-Length: 88
Content-Type: application/json; charset=utf-8
host: localhost:1461
accept: */*

Response DefaultHttpResponse(decodeResult: success, version: HTTP/1.1)
HTTP/1.1 200 OK
Content-Length: 14
Content-Type: application/json; charset=utf-8
cache-control: no-cache

16:36:46.401 [AsyncHttpClient-1-5] DEBUG org.asynchttpclient.netty.channel.ChannelManager - Adding key: http://localhost:1461 for channel [id: 0x2c50df9f, L:/127.0.0.1:56854 - R:localhost/127.0.0.1:1461]
16:36:46.402 [Forwarding findElement on session ce58549c9b669d391e23640f16662e7f to remote] DEBUG org.asynchttpclient.netty.request.NettyRequestSender - Using pooled Channel '[id: 0x2c50df9f, L:/127.0.0.1:56854 - R:localhost/127.0.0.1:1461]' for 'POST' to 'http://localhost:1461/session/ce58549c9b669d391e23640f16662e7f/element'
16:36:46.403 [Forwarding findElement on session ce58549c9b669d391e23640f16662e7f to remote] DEBUG org.asynchttpclient.netty.request.NettyRequestSender - Using open Channel [id: 0x2c50df9f, L:/127.0.0.1:56854 - R:localhost/127.0.0.1:1461] for POST '/session/ce58549c9b669d391e23640f16662e7f/element'
16:36:46.421 [AsyncHttpClient-1-5] DEBUG org.asynchttpclient.netty.handler.HttpHandler - 

Request DefaultHttpRequest(decodeResult: success, version: HTTP/1.1)
POST /session/ce58549c9b669d391e23640f16662e7f/element HTTP/1.1
User-Agent: selenium/4.12.1 (java windows)
Content-Length: 63
Content-Type: application/json; charset=utf-8
host: localhost:1461
accept: */*

Response DefaultHttpResponse(decodeResult: success, version: HTTP/1.1)
HTTP/1.1 200 OK
Content-Length: 126
Content-Type: application/json; charset=utf-8
cache-control: no-cache

16:36:46.422 [AsyncHttpClient-1-5] DEBUG org.asynchttpclient.netty.channel.ChannelManager - Adding key: http://localhost:1461 for channel [id: 0x2c50df9f, L:/127.0.0.1:56854 - R:localhost/127.0.0.1:1461]
16:36:46.425 [Forwarding sendKeysToElement on session ce58549c9b669d391e23640f16662e7f to remote] DEBUG org.asynchttpclient.netty.request.NettyRequestSender - Using pooled Channel '[id: 0x2c50df9f, L:/127.0.0.1:56854 - R:localhost/127.0.0.1:1461]' for 'POST' to 'http://localhost:1461/session/ce58549c9b669d391e23640f16662e7f/element/f.06EF3401E30AE3EE31C7C1ABA64024F7.d.25E199E54E50D9516023B87E2077D351.e.22/value'
16:36:46.425 [Forwarding sendKeysToElement on session ce58549c9b669d391e23640f16662e7f to remote] DEBUG org.asynchttpclient.netty.request.NettyRequestSender - Using open Channel [id: 0x2c50df9f, L:/127.0.0.1:56854 - R:localhost/127.0.0.1:1461] for POST '/session/ce58549c9b669d391e23640f16662e7f/element/f.06EF3401E30AE3EE31C7C1ABA64024F7.d.25E199E54E50D9516023B87E2077D351.e.22/value'
16:36:46.474 [AsyncHttpClient-1-5] DEBUG org.asynchttpclient.netty.handler.HttpHandler - 

Request DefaultHttpRequest(decodeResult: success, version: HTTP/1.1)
POST /session/ce58549c9b669d391e23640f16662e7f/element/f.06EF3401E30AE3EE31C7C1ABA64024F7.d.25E199E54E50D9516023B87E2077D351.e.22/value HTTP/1.1
User-Agent: selenium/4.12.1 (java windows)
Content-Length: 143
Content-Type: application/json; charset=utf-8
host: localhost:1461
accept: */*

Response DefaultHttpResponse(decodeResult: success, version: HTTP/1.1)
HTTP/1.1 200 OK
Content-Length: 14
Content-Type: application/json; charset=utf-8
cache-control: no-cache

16:36:46.474 [AsyncHttpClient-1-5] DEBUG org.asynchttpclient.netty.channel.ChannelManager - Adding key: http://localhost:1461 for channel [id: 0x2c50df9f, L:/127.0.0.1:56854 - R:localhost/127.0.0.1:1461]
16:36:46.476 [Forwarding findElement on session ce58549c9b669d391e23640f16662e7f to remote] DEBUG org.asynchttpclient.netty.request.NettyRequestSender - Using pooled Channel '[id: 0x2c50df9f, L:/127.0.0.1:56854 - R:localhost/127.0.0.1:1461]' for 'POST' to 'http://localhost:1461/session/ce58549c9b669d391e23640f16662e7f/element'
16:36:46.476 [Forwarding findElement on session ce58549c9b669d391e23640f16662e7f to remote] DEBUG org.asynchttpclient.netty.request.NettyRequestSender - Using open Channel [id: 0x2c50df9f, L:/127.0.0.1:56854 - R:localhost/127.0.0.1:1461] for POST '/session/ce58549c9b669d391e23640f16662e7f/element'
16:36:46.488 [AsyncHttpClient-1-5] DEBUG org.asynchttpclient.netty.handler.HttpHandler - 

Request DefaultHttpRequest(decodeResult: success, version: HTTP/1.1)
POST /session/ce58549c9b669d391e23640f16662e7f/element HTTP/1.1
User-Agent: selenium/4.12.1 (java windows)
Content-Length: 63
Content-Type: application/json; charset=utf-8
host: localhost:1461
accept: */*

Response DefaultHttpResponse(decodeResult: success, version: HTTP/1.1)
HTTP/1.1 200 OK
Content-Length: 126
Content-Type: application/json; charset=utf-8
cache-control: no-cache

16:36:46.488 [AsyncHttpClient-1-5] DEBUG org.asynchttpclient.netty.channel.ChannelManager - Adding key: http://localhost:1461 for channel [id: 0x2c50df9f, L:/127.0.0.1:56854 - R:localhost/127.0.0.1:1461]
16:36:46.491 [Forwarding sendKeysToElement on session ce58549c9b669d391e23640f16662e7f to remote] DEBUG org.asynchttpclient.netty.request.NettyRequestSender - Using pooled Channel '[id: 0x2c50df9f, L:/127.0.0.1:56854 - R:localhost/127.0.0.1:1461]' for 'POST' to 'http://localhost:1461/session/ce58549c9b669d391e23640f16662e7f/element/f.06EF3401E30AE3EE31C7C1ABA64024F7.d.25E199E54E50D9516023B87E2077D351.e.22/value'
16:36:46.491 [Forwarding sendKeysToElement on session ce58549c9b669d391e23640f16662e7f to remote] DEBUG org.asynchttpclient.netty.request.NettyRequestSender - Using open Channel [id: 0x2c50df9f, L:/127.0.0.1:56854 - R:localhost/127.0.0.1:1461] for POST '/session/ce58549c9b669d391e23640f16662e7f/element/f.06EF3401E30AE3EE31C7C1ABA64024F7.d.25E199E54E50D9516023B87E2077D351.e.22/value'
16:36:46.527 [AsyncHttpClient-1-5] DEBUG org.asynchttpclient.netty.handler.HttpHandler - 

Request DefaultHttpRequest(decodeResult: success, version: HTTP/1.1)
POST /session/ce58549c9b669d391e23640f16662e7f/element/f.06EF3401E30AE3EE31C7C1ABA64024F7.d.25E199E54E50D9516023B87E2077D351.e.22/value HTTP/1.1
User-Agent: selenium/4.12.1 (java windows)
Content-Length: 133
Content-Type: application/json; charset=utf-8
host: localhost:1461
accept: */*

Response DefaultHttpResponse(decodeResult: success, version: HTTP/1.1)
HTTP/1.1 200 OK
Content-Length: 14
Content-Type: application/json; charset=utf-8
cache-control: no-cache

16:36:46.527 [AsyncHttpClient-1-5] DEBUG org.asynchttpclient.netty.channel.ChannelManager - Adding key: http://localhost:1461 for channel [id: 0x2c50df9f, L:/127.0.0.1:56854 - R:localhost/127.0.0.1:1461]
16:36:46.528 [Forwarding findElement on session ce58549c9b669d391e23640f16662e7f to remote] DEBUG org.asynchttpclient.netty.request.NettyRequestSender - Using pooled Channel '[id: 0x2c50df9f, L:/127.0.0.1:56854 - R:localhost/127.0.0.1:1461]' for 'POST' to 'http://localhost:1461/session/ce58549c9b669d391e23640f16662e7f/element'
16:36:46.528 [Forwarding findElement on session ce58549c9b669d391e23640f16662e7f to remote] DEBUG org.asynchttpclient.netty.request.NettyRequestSender - Using open Channel [id: 0x2c50df9f, L:/127.0.0.1:56854 - R:localhost/127.0.0.1:1461] for POST '/session/ce58549c9b669d391e23640f16662e7f/element'
16:36:46.538 [AsyncHttpClient-1-5] DEBUG org.asynchttpclient.netty.handler.HttpHandler - 

Request DefaultHttpRequest(decodeResult: success, version: HTTP/1.1)
POST /session/ce58549c9b669d391e23640f16662e7f/element HTTP/1.1
User-Agent: selenium/4.12.1 (java windows)
Content-Length: 63
Content-Type: application/json; charset=utf-8
host: localhost:1461
accept: */*

Response DefaultHttpResponse(decodeResult: success, version: HTTP/1.1)
HTTP/1.1 200 OK
Content-Length: 126
Content-Type: application/json; charset=utf-8
cache-control: no-cache

16:36:46.538 [AsyncHttpClient-1-5] DEBUG org.asynchttpclient.netty.channel.ChannelManager - Adding key: http://localhost:1461 for channel [id: 0x2c50df9f, L:/127.0.0.1:56854 - R:localhost/127.0.0.1:1461]
16:36:46.540 [Forwarding clickElement on session ce58549c9b669d391e23640f16662e7f to remote] DEBUG org.asynchttpclient.netty.request.NettyRequestSender - Using pooled Channel '[id: 0x2c50df9f, L:/127.0.0.1:56854 - R:localhost/127.0.0.1:1461]' for 'POST' to 'http://localhost:1461/session/ce58549c9b669d391e23640f16662e7f/element/f.06EF3401E30AE3EE31C7C1ABA64024F7.d.25E199E54E50D9516023B87E2077D351.e.22/click'
16:36:46.540 [Forwarding clickElement on session ce58549c9b669d391e23640f16662e7f to remote] DEBUG org.asynchttpclient.netty.request.NettyRequestSender - Using open Channel [id: 0x2c50df9f, L:/127.0.0.1:56854 - R:localhost/127.0.0.1:1461] for POST '/session/ce58549c9b669d391e23640f16662e7f/element/f.06EF3401E30AE3EE31C7C1ABA64024F7.d.25E199E54E50D9516023B87E2077D351.e.22/click'
16:36:46.585 [AsyncHttpClient-1-5] DEBUG org.asynchttpclient.netty.handler.HttpHandler - 

Request DefaultHttpRequest(decodeResult: success, version: HTTP/1.1)
POST /session/ce58549c9b669d391e23640f16662e7f/element/f.06EF3401E30AE3EE31C7C1ABA64024F7.d.25E199E54E50D9516023B87E2077D351.e.22/click HTTP/1.1
User-Agent: selenium/4.12.1 (java windows)
Content-Length: 88
Content-Type: application/json; charset=utf-8
host: localhost:1461
accept: */*

Response DefaultHttpResponse(decodeResult: success, version: HTTP/1.1)
HTTP/1.1 200 OK
Content-Length: 14
Content-Type: application/json; charset=utf-8
cache-control: no-cache

16:36:46.585 [AsyncHttpClient-1-5] DEBUG org.asynchttpclient.netty.channel.ChannelManager - Adding key: http://localhost:1461 for channel [id: 0x2c50df9f, L:/127.0.0.1:56854 - R:localhost/127.0.0.1:1461]
16:36:46.586 [Forwarding findElement on session ce58549c9b669d391e23640f16662e7f to remote] DEBUG org.asynchttpclient.netty.request.NettyRequestSender - Using pooled Channel '[id: 0x2c50df9f, L:/127.0.0.1:56854 - R:localhost/127.0.0.1:1461]' for 'POST' to 'http://localhost:1461/session/ce58549c9b669d391e23640f16662e7f/element'
16:36:46.586 [Forwarding findElement on session ce58549c9b669d391e23640f16662e7f to remote] DEBUG org.asynchttpclient.netty.request.NettyRequestSender - Using open Channel [id: 0x2c50df9f, L:/127.0.0.1:56854 - R:localhost/127.0.0.1:1461] for POST '/session/ce58549c9b669d391e23640f16662e7f/element'
16:36:46.595 [AsyncHttpClient-1-5] DEBUG org.asynchttpclient.netty.handler.HttpHandler - 

Request DefaultHttpRequest(decodeResult: success, version: HTTP/1.1)
POST /session/ce58549c9b669d391e23640f16662e7f/element HTTP/1.1
User-Agent: selenium/4.12.1 (java windows)
Content-Length: 63
Content-Type: application/json; charset=utf-8
host: localhost:1461
accept: */*

Response DefaultHttpResponse(decodeResult: success, version: HTTP/1.1)
HTTP/1.1 200 OK
Content-Length: 126
Content-Type: application/json; charset=utf-8
cache-control: no-cache

16:36:46.595 [AsyncHttpClient-1-5] DEBUG org.asynchttpclient.netty.channel.ChannelManager - Adding key: http://localhost:1461 for channel [id: 0x2c50df9f, L:/127.0.0.1:56854 - R:localhost/127.0.0.1:1461]
16:36:46.597 [Forwarding sendKeysToElement on session ce58549c9b669d391e23640f16662e7f to remote] DEBUG org.asynchttpclient.netty.request.NettyRequestSender - Using pooled Channel '[id: 0x2c50df9f, L:/127.0.0.1:56854 - R:localhost/127.0.0.1:1461]' for 'POST' to 'http://localhost:1461/session/ce58549c9b669d391e23640f16662e7f/element/f.06EF3401E30AE3EE31C7C1ABA64024F7.d.25E199E54E50D9516023B87E2077D351.e.22/value'
16:36:46.597 [Forwarding sendKeysToElement on session ce58549c9b669d391e23640f16662e7f to remote] DEBUG org.asynchttpclient.netty.request.NettyRequestSender - Using open Channel [id: 0x2c50df9f, L:/127.0.0.1:56854 - R:localhost/127.0.0.1:1461] for POST '/session/ce58549c9b669d391e23640f16662e7f/element/f.06EF3401E30AE3EE31C7C1ABA64024F7.d.25E199E54E50D9516023B87E2077D351.e.22/value'
16:36:46.937 [AsyncHttpClient-1-5] DEBUG org.asynchttpclient.netty.handler.HttpHandler - 

Request DefaultHttpRequest(decodeResult: success, version: HTTP/1.1)
POST /session/ce58549c9b669d391e23640f16662e7f/element/f.06EF3401E30AE3EE31C7C1ABA64024F7.d.25E199E54E50D9516023B87E2077D351.e.22/value HTTP/1.1
User-Agent: selenium/4.12.1 (java windows)
Content-Length: 179
Content-Type: application/json; charset=utf-8
host: localhost:1461
accept: */*

Response DefaultHttpResponse(decodeResult: success, version: HTTP/1.1)
HTTP/1.1 200 OK
Content-Length: 14
Content-Type: application/json; charset=utf-8
cache-control: no-cache

16:36:46.937 [AsyncHttpClient-1-5] DEBUG org.asynchttpclient.netty.channel.ChannelManager - Adding key: http://localhost:1461 for channel [id: 0x2c50df9f, L:/127.0.0.1:56854 - R:localhost/127.0.0.1:1461]
16:36:46.939 [Forwarding findElement on session ce58549c9b669d391e23640f16662e7f to remote] DEBUG org.asynchttpclient.netty.request.NettyRequestSender - Using pooled Channel '[id: 0x2c50df9f, L:/127.0.0.1:56854 - R:localhost/127.0.0.1:1461]' for 'POST' to 'http://localhost:1461/session/ce58549c9b669d391e23640f16662e7f/element'
16:36:46.939 [Forwarding findElement on session ce58549c9b669d391e23640f16662e7f to remote] DEBUG org.asynchttpclient.netty.request.NettyRequestSender - Using open Channel [id: 0x2c50df9f, L:/127.0.0.1:56854 - R:localhost/127.0.0.1:1461] for POST '/session/ce58549c9b669d391e23640f16662e7f/element'
16:36:46.950 [AsyncHttpClient-1-5] DEBUG org.asynchttpclient.netty.handler.HttpHandler - 

Request DefaultHttpRequest(decodeResult: success, version: HTTP/1.1)
POST /session/ce58549c9b669d391e23640f16662e7f/element HTTP/1.1
User-Agent: selenium/4.12.1 (java windows)
Content-Length: 63
Content-Type: application/json; charset=utf-8
host: localhost:1461
accept: */*

Response DefaultHttpResponse(decodeResult: success, version: HTTP/1.1)
HTTP/1.1 200 OK
Content-Length: 126
Content-Type: application/json; charset=utf-8
cache-control: no-cache

16:36:46.951 [AsyncHttpClient-1-5] DEBUG org.asynchttpclient.netty.channel.ChannelManager - Adding key: http://localhost:1461 for channel [id: 0x2c50df9f, L:/127.0.0.1:56854 - R:localhost/127.0.0.1:1461]
16:36:46.954 [Forwarding getElementAttribute on session ce58549c9b669d391e23640f16662e7f to remote] DEBUG org.asynchttpclient.netty.request.NettyRequestSender - Using pooled Channel '[id: 0x2c50df9f, L:/127.0.0.1:56854 - R:localhost/127.0.0.1:1461]' for 'POST' to 'http://localhost:1461/session/ce58549c9b669d391e23640f16662e7f/execute/sync'
16:36:46.954 [Forwarding getElementAttribute on session ce58549c9b669d391e23640f16662e7f to remote] DEBUG org.asynchttpclient.netty.request.NettyRequestSender - Using open Channel [id: 0x2c50df9f, L:/127.0.0.1:56854 - R:localhost/127.0.0.1:1461] for POST '/session/ce58549c9b669d391e23640f16662e7f/execute/sync'
16:36:46.967 [AsyncHttpClient-1-5] DEBUG org.asynchttpclient.netty.handler.HttpHandler - 

Request DefaultHttpRequest(decodeResult: success, version: HTTP/1.1)
POST /session/ce58549c9b669d391e23640f16662e7f/execute/sync HTTP/1.1
User-Agent: selenium/4.12.1 (java windows)
Content-Length: 47295
Content-Type: application/json; charset=utf-8
host: localhost:1461
accept: */*

Response DefaultHttpResponse(decodeResult: success, version: HTTP/1.1)
HTTP/1.1 200 OK
Content-Length: 12
Content-Type: application/json; charset=utf-8
cache-control: no-cache

16:36:46.967 [AsyncHttpClient-1-5] DEBUG org.asynchttpclient.netty.channel.ChannelManager - Adding key: http://localhost:1461 for channel [id: 0x2c50df9f, L:/127.0.0.1:56854 - R:localhost/127.0.0.1:1461]
16:36:47.258 [Forwarding findElement on session ce58549c9b669d391e23640f16662e7f to remote] DEBUG org.asynchttpclient.netty.request.NettyRequestSender - Using pooled Channel '[id: 0x2c50df9f, L:/127.0.0.1:56854 - R:localhost/127.0.0.1:1461]' for 'POST' to 'http://localhost:1461/session/ce58549c9b669d391e23640f16662e7f/element'
16:36:47.258 [Forwarding findElement on session ce58549c9b669d391e23640f16662e7f to remote] DEBUG org.asynchttpclient.netty.request.NettyRequestSender - Using open Channel [id: 0x2c50df9f, L:/127.0.0.1:56854 - R:localhost/127.0.0.1:1461] for POST '/session/ce58549c9b669d391e23640f16662e7f/element'
16:36:47.268 [AsyncHttpClient-1-5] DEBUG org.asynchttpclient.netty.handler.HttpHandler - 

Request DefaultHttpRequest(decodeResult: success, version: HTTP/1.1)
POST /session/ce58549c9b669d391e23640f16662e7f/element HTTP/1.1
User-Agent: selenium/4.12.1 (java windows)
Content-Length: 63
Content-Type: application/json; charset=utf-8
host: localhost:1461
accept: */*

Response DefaultHttpResponse(decodeResult: success, version: HTTP/1.1)
HTTP/1.1 200 OK
Content-Length: 126
Content-Type: application/json; charset=utf-8
cache-control: no-cache

16:36:47.269 [AsyncHttpClient-1-5] DEBUG org.asynchttpclient.netty.channel.ChannelManager - Adding key: http://localhost:1461 for channel [id: 0x2c50df9f, L:/127.0.0.1:56854 - R:localhost/127.0.0.1:1461]
16:36:47.272 [Forwarding isElementDisplayed on session ce58549c9b669d391e23640f16662e7f to remote] DEBUG org.asynchttpclient.netty.request.NettyRequestSender - Using pooled Channel '[id: 0x2c50df9f, L:/127.0.0.1:56854 - R:localhost/127.0.0.1:1461]' for 'POST' to 'http://localhost:1461/session/ce58549c9b669d391e23640f16662e7f/execute/sync'
16:36:47.272 [Forwarding isElementDisplayed on session ce58549c9b669d391e23640f16662e7f to remote] DEBUG org.asynchttpclient.netty.request.NettyRequestSender - Using open Channel [id: 0x2c50df9f, L:/127.0.0.1:56854 - R:localhost/127.0.0.1:1461] for POST '/session/ce58549c9b669d391e23640f16662e7f/execute/sync'
16:36:47.284 [AsyncHttpClient-1-5] DEBUG org.asynchttpclient.netty.handler.HttpHandler - 

Request DefaultHttpRequest(decodeResult: success, version: HTTP/1.1)
POST /session/ce58549c9b669d391e23640f16662e7f/execute/sync HTTP/1.1
User-Agent: selenium/4.12.1 (java windows)
Content-Length: 48734
Content-Type: application/json; charset=utf-8
host: localhost:1461
accept: */*

Response DefaultHttpResponse(decodeResult: success, version: HTTP/1.1)
HTTP/1.1 200 OK
Content-Length: 14
Content-Type: application/json; charset=utf-8
cache-control: no-cache

16:36:47.284 [AsyncHttpClient-1-5] DEBUG org.asynchttpclient.netty.channel.ChannelManager - Adding key: http://localhost:1461 for channel [id: 0x2c50df9f, L:/127.0.0.1:56854 - R:localhost/127.0.0.1:1461]
16:36:47.286 [Forwarding findElement on session ce58549c9b669d391e23640f16662e7f to remote] DEBUG org.asynchttpclient.netty.request.NettyRequestSender - Using pooled Channel '[id: 0x2c50df9f, L:/127.0.0.1:56854 - R:localhost/127.0.0.1:1461]' for 'POST' to 'http://localhost:1461/session/ce58549c9b669d391e23640f16662e7f/element'
16:36:47.286 [Forwarding findElement on session ce58549c9b669d391e23640f16662e7f to remote] DEBUG org.asynchttpclient.netty.request.NettyRequestSender - Using open Channel [id: 0x2c50df9f, L:/127.0.0.1:56854 - R:localhost/127.0.0.1:1461] for POST '/session/ce58549c9b669d391e23640f16662e7f/element'
16:36:47.298 [AsyncHttpClient-1-5] DEBUG org.asynchttpclient.netty.handler.HttpHandler - 

Request DefaultHttpRequest(decodeResult: success, version: HTTP/1.1)
POST /session/ce58549c9b669d391e23640f16662e7f/element HTTP/1.1
User-Agent: selenium/4.12.1 (java windows)
Content-Length: 63
Content-Type: application/json; charset=utf-8
host: localhost:1461
accept: */*

Response DefaultHttpResponse(decodeResult: success, version: HTTP/1.1)
HTTP/1.1 200 OK
Content-Length: 126
Content-Type: application/json; charset=utf-8
cache-control: no-cache

16:36:47.298 [AsyncHttpClient-1-5] DEBUG org.asynchttpclient.netty.channel.ChannelManager - Adding key: http://localhost:1461 for channel [id: 0x2c50df9f, L:/127.0.0.1:56854 - R:localhost/127.0.0.1:1461]
16:36:47.300 [Forwarding clickElement on session ce58549c9b669d391e23640f16662e7f to remote] DEBUG org.asynchttpclient.netty.request.NettyRequestSender - Using pooled Channel '[id: 0x2c50df9f, L:/127.0.0.1:56854 - R:localhost/127.0.0.1:1461]' for 'POST' to 'http://localhost:1461/session/ce58549c9b669d391e23640f16662e7f/element/f.06EF3401E30AE3EE31C7C1ABA64024F7.d.25E199E54E50D9516023B87E2077D351.e.22/click'
16:36:47.300 [Forwarding clickElement on session ce58549c9b669d391e23640f16662e7f to remote] DEBUG org.asynchttpclient.netty.request.NettyRequestSender - Using open Channel [id: 0x2c50df9f, L:/127.0.0.1:56854 - R:localhost/127.0.0.1:1461] for POST '/session/ce58549c9b669d391e23640f16662e7f/element/f.06EF3401E30AE3EE31C7C1ABA64024F7.d.25E199E54E50D9516023B87E2077D351.e.22/click'
16:36:47.352 [AsyncHttpClient-1-5] DEBUG org.asynchttpclient.netty.handler.HttpHandler - 

Request DefaultHttpRequest(decodeResult: success, version: HTTP/1.1)
POST /session/ce58549c9b669d391e23640f16662e7f/element/f.06EF3401E30AE3EE31C7C1ABA64024F7.d.25E199E54E50D9516023B87E2077D351.e.22/click HTTP/1.1
User-Agent: selenium/4.12.1 (java windows)
Content-Length: 88
Content-Type: application/json; charset=utf-8
host: localhost:1461
accept: */*

Response DefaultHttpResponse(decodeResult: success, version: HTTP/1.1)
HTTP/1.1 200 OK
Content-Length: 14
Content-Type: application/json; charset=utf-8
cache-control: no-cache

16:36:47.352 [AsyncHttpClient-1-5] DEBUG org.asynchttpclient.netty.channel.ChannelManager - Adding key: http://localhost:1461 for channel [id: 0x2c50df9f, L:/127.0.0.1:56854 - R:localhost/127.0.0.1:1461]
16:36:47.353 [Forwarding findElement on session ce58549c9b669d391e23640f16662e7f to remote] DEBUG org.asynchttpclient.netty.request.NettyRequestSender - Using pooled Channel '[id: 0x2c50df9f, L:/127.0.0.1:56854 - R:localhost/127.0.0.1:1461]' for 'POST' to 'http://localhost:1461/session/ce58549c9b669d391e23640f16662e7f/element'
16:36:47.353 [Forwarding findElement on session ce58549c9b669d391e23640f16662e7f to remote] DEBUG org.asynchttpclient.netty.request.NettyRequestSender - Using open Channel [id: 0x2c50df9f, L:/127.0.0.1:56854 - R:localhost/127.0.0.1:1461] for POST '/session/ce58549c9b669d391e23640f16662e7f/element'
16:36:47.364 [AsyncHttpClient-1-5] DEBUG org.asynchttpclient.netty.handler.HttpHandler - 

Request DefaultHttpRequest(decodeResult: success, version: HTTP/1.1)
POST /session/ce58549c9b669d391e23640f16662e7f/element HTTP/1.1
User-Agent: selenium/4.12.1 (java windows)
Content-Length: 63
Content-Type: application/json; charset=utf-8
host: localhost:1461
accept: */*

Response DefaultHttpResponse(decodeResult: success, version: HTTP/1.1)
HTTP/1.1 200 OK
Content-Length: 126
Content-Type: application/json; charset=utf-8
cache-control: no-cache

16:36:47.364 [AsyncHttpClient-1-5] DEBUG org.asynchttpclient.netty.channel.ChannelManager - Adding key: http://localhost:1461 for channel [id: 0x2c50df9f, L:/127.0.0.1:56854 - R:localhost/127.0.0.1:1461]
16:36:47.366 [Forwarding sendKeysToElement on session ce58549c9b669d391e23640f16662e7f to remote] DEBUG org.asynchttpclient.netty.request.NettyRequestSender - Using pooled Channel '[id: 0x2c50df9f, L:/127.0.0.1:56854 - R:localhost/127.0.0.1:1461]' for 'POST' to 'http://localhost:1461/session/ce58549c9b669d391e23640f16662e7f/element/f.06EF3401E30AE3EE31C7C1ABA64024F7.d.25E199E54E50D9516023B87E2077D351.e.22/value'
16:36:47.366 [Forwarding sendKeysToElement on session ce58549c9b669d391e23640f16662e7f to remote] DEBUG org.asynchttpclient.netty.request.NettyRequestSender - Using open Channel [id: 0x2c50df9f, L:/127.0.0.1:56854 - R:localhost/127.0.0.1:1461] for POST '/session/ce58549c9b669d391e23640f16662e7f/element/f.06EF3401E30AE3EE31C7C1ABA64024F7.d.25E199E54E50D9516023B87E2077D351.e.22/value'
16:36:47.402 [AsyncHttpClient-1-5] DEBUG org.asynchttpclient.netty.handler.HttpHandler - 

Request DefaultHttpRequest(decodeResult: success, version: HTTP/1.1)
POST /session/ce58549c9b669d391e23640f16662e7f/element/f.06EF3401E30AE3EE31C7C1ABA64024F7.d.25E199E54E50D9516023B87E2077D351.e.22/value HTTP/1.1
User-Agent: selenium/4.12.1 (java windows)
Content-Length: 143
Content-Type: application/json; charset=utf-8
host: localhost:1461
accept: */*

Response DefaultHttpResponse(decodeResult: success, version: HTTP/1.1)
HTTP/1.1 200 OK
Content-Length: 14
Content-Type: application/json; charset=utf-8
cache-control: no-cache

16:36:47.402 [AsyncHttpClient-1-5] DEBUG org.asynchttpclient.netty.channel.ChannelManager - Adding key: http://localhost:1461 for channel [id: 0x2c50df9f, L:/127.0.0.1:56854 - R:localhost/127.0.0.1:1461]
16:36:47.404 [Forwarding findElement on session ce58549c9b669d391e23640f16662e7f to remote] DEBUG org.asynchttpclient.netty.request.NettyRequestSender - Using pooled Channel '[id: 0x2c50df9f, L:/127.0.0.1:56854 - R:localhost/127.0.0.1:1461]' for 'POST' to 'http://localhost:1461/session/ce58549c9b669d391e23640f16662e7f/element'
16:36:47.404 [Forwarding findElement on session ce58549c9b669d391e23640f16662e7f to remote] DEBUG org.asynchttpclient.netty.request.NettyRequestSender - Using open Channel [id: 0x2c50df9f, L:/127.0.0.1:56854 - R:localhost/127.0.0.1:1461] for POST '/session/ce58549c9b669d391e23640f16662e7f/element'
16:36:47.414 [AsyncHttpClient-1-5] DEBUG org.asynchttpclient.netty.handler.HttpHandler - 

Request DefaultHttpRequest(decodeResult: success, version: HTTP/1.1)
POST /session/ce58549c9b669d391e23640f16662e7f/element HTTP/1.1
User-Agent: selenium/4.12.1 (java windows)
Content-Length: 63
Content-Type: application/json; charset=utf-8
host: localhost:1461
accept: */*

Response DefaultHttpResponse(decodeResult: success, version: HTTP/1.1)
HTTP/1.1 200 OK
Content-Length: 126
Content-Type: application/json; charset=utf-8
cache-control: no-cache

16:36:47.415 [AsyncHttpClient-1-5] DEBUG org.asynchttpclient.netty.channel.ChannelManager - Adding key: http://localhost:1461 for channel [id: 0x2c50df9f, L:/127.0.0.1:56854 - R:localhost/127.0.0.1:1461]
16:36:47.418 [Forwarding sendKeysToElement on session ce58549c9b669d391e23640f16662e7f to remote] DEBUG org.asynchttpclient.netty.request.NettyRequestSender - Using pooled Channel '[id: 0x2c50df9f, L:/127.0.0.1:56854 - R:localhost/127.0.0.1:1461]' for 'POST' to 'http://localhost:1461/session/ce58549c9b669d391e23640f16662e7f/element/f.06EF3401E30AE3EE31C7C1ABA64024F7.d.25E199E54E50D9516023B87E2077D351.e.22/value'
16:36:47.418 [Forwarding sendKeysToElement on session ce58549c9b669d391e23640f16662e7f to remote] DEBUG org.asynchttpclient.netty.request.NettyRequestSender - Using open Channel [id: 0x2c50df9f, L:/127.0.0.1:56854 - R:localhost/127.0.0.1:1461] for POST '/session/ce58549c9b669d391e23640f16662e7f/element/f.06EF3401E30AE3EE31C7C1ABA64024F7.d.25E199E54E50D9516023B87E2077D351.e.22/value'
16:36:47.454 [AsyncHttpClient-1-5] DEBUG org.asynchttpclient.netty.handler.HttpHandler - 

Request DefaultHttpRequest(decodeResult: success, version: HTTP/1.1)
POST /session/ce58549c9b669d391e23640f16662e7f/element/f.06EF3401E30AE3EE31C7C1ABA64024F7.d.25E199E54E50D9516023B87E2077D351.e.22/value HTTP/1.1
User-Agent: selenium/4.12.1 (java windows)
Content-Length: 133
Content-Type: application/json; charset=utf-8
host: localhost:1461
accept: */*

Response DefaultHttpResponse(decodeResult: success, version: HTTP/1.1)
HTTP/1.1 200 OK
Content-Length: 14
Content-Type: application/json; charset=utf-8
cache-control: no-cache

16:36:47.454 [AsyncHttpClient-1-5] DEBUG org.asynchttpclient.netty.channel.ChannelManager - Adding key: http://localhost:1461 for channel [id: 0x2c50df9f, L:/127.0.0.1:56854 - R:localhost/127.0.0.1:1461]
16:36:47.456 [Forwarding findElement on session ce58549c9b669d391e23640f16662e7f to remote] DEBUG org.asynchttpclient.netty.request.NettyRequestSender - Using pooled Channel '[id: 0x2c50df9f, L:/127.0.0.1:56854 - R:localhost/127.0.0.1:1461]' for 'POST' to 'http://localhost:1461/session/ce58549c9b669d391e23640f16662e7f/element'
16:36:47.456 [Forwarding findElement on session ce58549c9b669d391e23640f16662e7f to remote] DEBUG org.asynchttpclient.netty.request.NettyRequestSender - Using open Channel [id: 0x2c50df9f, L:/127.0.0.1:56854 - R:localhost/127.0.0.1:1461] for POST '/session/ce58549c9b669d391e23640f16662e7f/element'
16:36:47.469 [AsyncHttpClient-1-5] DEBUG org.asynchttpclient.netty.handler.HttpHandler - 

Request DefaultHttpRequest(decodeResult: success, version: HTTP/1.1)
POST /session/ce58549c9b669d391e23640f16662e7f/element HTTP/1.1
User-Agent: selenium/4.12.1 (java windows)
Content-Length: 63
Content-Type: application/json; charset=utf-8
host: localhost:1461
accept: */*

Response DefaultHttpResponse(decodeResult: success, version: HTTP/1.1)
HTTP/1.1 200 OK
Content-Length: 126
Content-Type: application/json; charset=utf-8
cache-control: no-cache

16:36:47.469 [AsyncHttpClient-1-5] DEBUG org.asynchttpclient.netty.channel.ChannelManager - Adding key: http://localhost:1461 for channel [id: 0x2c50df9f, L:/127.0.0.1:56854 - R:localhost/127.0.0.1:1461]
16:36:47.471 [Forwarding clickElement on session ce58549c9b669d391e23640f16662e7f to remote] DEBUG org.asynchttpclient.netty.request.NettyRequestSender - Using pooled Channel '[id: 0x2c50df9f, L:/127.0.0.1:56854 - R:localhost/127.0.0.1:1461]' for 'POST' to 'http://localhost:1461/session/ce58549c9b669d391e23640f16662e7f/element/f.06EF3401E30AE3EE31C7C1ABA64024F7.d.25E199E54E50D9516023B87E2077D351.e.22/click'
16:36:47.471 [Forwarding clickElement on session ce58549c9b669d391e23640f16662e7f to remote] DEBUG org.asynchttpclient.netty.request.NettyRequestSender - Using open Channel [id: 0x2c50df9f, L:/127.0.0.1:56854 - R:localhost/127.0.0.1:1461] for POST '/session/ce58549c9b669d391e23640f16662e7f/element/f.06EF3401E30AE3EE31C7C1ABA64024F7.d.25E199E54E50D9516023B87E2077D351.e.22/click'
16:36:47.532 [AsyncHttpClient-1-5] DEBUG org.asynchttpclient.netty.handler.HttpHandler - 

Request DefaultHttpRequest(decodeResult: success, version: HTTP/1.1)
POST /session/ce58549c9b669d391e23640f16662e7f/element/f.06EF3401E30AE3EE31C7C1ABA64024F7.d.25E199E54E50D9516023B87E2077D351.e.22/click HTTP/1.1
User-Agent: selenium/4.12.1 (java windows)
Content-Length: 88
Content-Type: application/json; charset=utf-8
host: localhost:1461
accept: */*

Response DefaultHttpResponse(decodeResult: success, version: HTTP/1.1)
HTTP/1.1 200 OK
Content-Length: 14
Content-Type: application/json; charset=utf-8
cache-control: no-cache

16:36:47.533 [AsyncHttpClient-1-5] DEBUG org.asynchttpclient.netty.channel.ChannelManager - Adding key: http://localhost:1461 for channel [id: 0x2c50df9f, L:/127.0.0.1:56854 - R:localhost/127.0.0.1:1461]
16:36:47.535 [Forwarding findElement on session ce58549c9b669d391e23640f16662e7f to remote] DEBUG org.asynchttpclient.netty.request.NettyRequestSender - Using pooled Channel '[id: 0x2c50df9f, L:/127.0.0.1:56854 - R:localhost/127.0.0.1:1461]' for 'POST' to 'http://localhost:1461/session/ce58549c9b669d391e23640f16662e7f/element'
16:36:47.535 [Forwarding findElement on session ce58549c9b669d391e23640f16662e7f to remote] DEBUG org.asynchttpclient.netty.request.NettyRequestSender - Using open Channel [id: 0x2c50df9f, L:/127.0.0.1:56854 - R:localhost/127.0.0.1:1461] for POST '/session/ce58549c9b669d391e23640f16662e7f/element'
16:36:47.544 [AsyncHttpClient-1-5] DEBUG org.asynchttpclient.netty.handler.HttpHandler - 

Request DefaultHttpRequest(decodeResult: success, version: HTTP/1.1)
POST /session/ce58549c9b669d391e23640f16662e7f/element HTTP/1.1
User-Agent: selenium/4.12.1 (java windows)
Content-Length: 63
Content-Type: application/json; charset=utf-8
host: localhost:1461
accept: */*

Response DefaultHttpResponse(decodeResult: success, version: HTTP/1.1)
HTTP/1.1 200 OK
Content-Length: 126
Content-Type: application/json; charset=utf-8
cache-control: no-cache

16:36:47.545 [AsyncHttpClient-1-5] DEBUG org.asynchttpclient.netty.channel.ChannelManager - Adding key: http://localhost:1461 for channel [id: 0x2c50df9f, L:/127.0.0.1:56854 - R:localhost/127.0.0.1:1461]
16:36:47.546 [Forwarding sendKeysToElement on session ce58549c9b669d391e23640f16662e7f to remote] DEBUG org.asynchttpclient.netty.request.NettyRequestSender - Using pooled Channel '[id: 0x2c50df9f, L:/127.0.0.1:56854 - R:localhost/127.0.0.1:1461]' for 'POST' to 'http://localhost:1461/session/ce58549c9b669d391e23640f16662e7f/element/f.06EF3401E30AE3EE31C7C1ABA64024F7.d.25E199E54E50D9516023B87E2077D351.e.22/value'
16:36:47.546 [Forwarding sendKeysToElement on session ce58549c9b669d391e23640f16662e7f to remote] DEBUG org.asynchttpclient.netty.request.NettyRequestSender - Using open Channel [id: 0x2c50df9f, L:/127.0.0.1:56854 - R:localhost/127.0.0.1:1461] for POST '/session/ce58549c9b669d391e23640f16662e7f/element/f.06EF3401E30AE3EE31C7C1ABA64024F7.d.25E199E54E50D9516023B87E2077D351.e.22/value'
16:36:47.833 [AsyncHttpClient-1-5] DEBUG org.asynchttpclient.netty.handler.HttpHandler - 

Request DefaultHttpRequest(decodeResult: success, version: HTTP/1.1)
POST /session/ce58549c9b669d391e23640f16662e7f/element/f.06EF3401E30AE3EE31C7C1ABA64024F7.d.25E199E54E50D9516023B87E2077D351.e.22/value HTTP/1.1
User-Agent: selenium/4.12.1 (java windows)
Content-Length: 173
Content-Type: application/json; charset=utf-8
host: localhost:1461
accept: */*

Response DefaultHttpResponse(decodeResult: success, version: HTTP/1.1)
HTTP/1.1 200 OK
Content-Length: 14
Content-Type: application/json; charset=utf-8
cache-control: no-cache

16:36:47.833 [AsyncHttpClient-1-5] DEBUG org.asynchttpclient.netty.channel.ChannelManager - Adding key: http://localhost:1461 for channel [id: 0x2c50df9f, L:/127.0.0.1:56854 - R:localhost/127.0.0.1:1461]
16:36:47.835 [Forwarding findElement on session ce58549c9b669d391e23640f16662e7f to remote] DEBUG org.asynchttpclient.netty.request.NettyRequestSender - Using pooled Channel '[id: 0x2c50df9f, L:/127.0.0.1:56854 - R:localhost/127.0.0.1:1461]' for 'POST' to 'http://localhost:1461/session/ce58549c9b669d391e23640f16662e7f/element'
16:36:47.835 [Forwarding findElement on session ce58549c9b669d391e23640f16662e7f to remote] DEBUG org.asynchttpclient.netty.request.NettyRequestSender - Using open Channel [id: 0x2c50df9f, L:/127.0.0.1:56854 - R:localhost/127.0.0.1:1461] for POST '/session/ce58549c9b669d391e23640f16662e7f/element'
16:36:47.845 [AsyncHttpClient-1-5] DEBUG org.asynchttpclient.netty.handler.HttpHandler - 

Request DefaultHttpRequest(decodeResult: success, version: HTTP/1.1)
POST /session/ce58549c9b669d391e23640f16662e7f/element HTTP/1.1
User-Agent: selenium/4.12.1 (java windows)
Content-Length: 63
Content-Type: application/json; charset=utf-8
host: localhost:1461
accept: */*

Response DefaultHttpResponse(decodeResult: success, version: HTTP/1.1)
HTTP/1.1 200 OK
Content-Length: 126
Content-Type: application/json; charset=utf-8
cache-control: no-cache

16:36:47.845 [AsyncHttpClient-1-5] DEBUG org.asynchttpclient.netty.channel.ChannelManager - Adding key: http://localhost:1461 for channel [id: 0x2c50df9f, L:/127.0.0.1:56854 - R:localhost/127.0.0.1:1461]
16:36:47.847 [Forwarding getElementAttribute on session ce58549c9b669d391e23640f16662e7f to remote] DEBUG org.asynchttpclient.netty.request.NettyRequestSender - Using pooled Channel '[id: 0x2c50df9f, L:/127.0.0.1:56854 - R:localhost/127.0.0.1:1461]' for 'POST' to 'http://localhost:1461/session/ce58549c9b669d391e23640f16662e7f/execute/sync'
16:36:47.847 [Forwarding getElementAttribute on session ce58549c9b669d391e23640f16662e7f to remote] DEBUG org.asynchttpclient.netty.request.NettyRequestSender - Using open Channel [id: 0x2c50df9f, L:/127.0.0.1:56854 - R:localhost/127.0.0.1:1461] for POST '/session/ce58549c9b669d391e23640f16662e7f/execute/sync'
16:36:47.860 [AsyncHttpClient-1-5] DEBUG org.asynchttpclient.netty.handler.HttpHandler - 

Request DefaultHttpRequest(decodeResult: success, version: HTTP/1.1)
POST /session/ce58549c9b669d391e23640f16662e7f/execute/sync HTTP/1.1
User-Agent: selenium/4.12.1 (java windows)
Content-Length: 47295
Content-Type: application/json; charset=utf-8
host: localhost:1461
accept: */*

Response DefaultHttpResponse(decodeResult: success, version: HTTP/1.1)
HTTP/1.1 200 OK
Content-Length: 12
Content-Type: application/json; charset=utf-8
cache-control: no-cache

16:36:47.860 [AsyncHttpClient-1-5] DEBUG org.asynchttpclient.netty.channel.ChannelManager - Adding key: http://localhost:1461 for channel [id: 0x2c50df9f, L:/127.0.0.1:56854 - R:localhost/127.0.0.1:1461]
16:36:48.200 [Forwarding findElement on session ce58549c9b669d391e23640f16662e7f to remote] DEBUG org.asynchttpclient.netty.request.NettyRequestSender - Using pooled Channel '[id: 0x2c50df9f, L:/127.0.0.1:56854 - R:localhost/127.0.0.1:1461]' for 'POST' to 'http://localhost:1461/session/ce58549c9b669d391e23640f16662e7f/element'
16:36:48.201 [Forwarding findElement on session ce58549c9b669d391e23640f16662e7f to remote] DEBUG org.asynchttpclient.netty.request.NettyRequestSender - Using open Channel [id: 0x2c50df9f, L:/127.0.0.1:56854 - R:localhost/127.0.0.1:1461] for POST '/session/ce58549c9b669d391e23640f16662e7f/element'
16:36:48.211 [AsyncHttpClient-1-5] DEBUG org.asynchttpclient.netty.handler.HttpHandler - 

Request DefaultHttpRequest(decodeResult: success, version: HTTP/1.1)
POST /session/ce58549c9b669d391e23640f16662e7f/element HTTP/1.1
User-Agent: selenium/4.12.1 (java windows)
Content-Length: 61
Content-Type: application/json; charset=utf-8
host: localhost:1461
accept: */*

Response DefaultHttpResponse(decodeResult: success, version: HTTP/1.1)
HTTP/1.1 200 OK
Content-Length: 126
Content-Type: application/json; charset=utf-8
cache-control: no-cache

16:36:48.212 [AsyncHttpClient-1-5] DEBUG org.asynchttpclient.netty.channel.ChannelManager - Adding key: http://localhost:1461 for channel [id: 0x2c50df9f, L:/127.0.0.1:56854 - R:localhost/127.0.0.1:1461]
16:36:48.213 [Forwarding clickElement on session ce58549c9b669d391e23640f16662e7f to remote] DEBUG org.asynchttpclient.netty.request.NettyRequestSender - Using pooled Channel '[id: 0x2c50df9f, L:/127.0.0.1:56854 - R:localhost/127.0.0.1:1461]' for 'POST' to 'http://localhost:1461/session/ce58549c9b669d391e23640f16662e7f/element/f.06EF3401E30AE3EE31C7C1ABA64024F7.d.25E199E54E50D9516023B87E2077D351.e.20/click'
16:36:48.213 [Forwarding clickElement on session ce58549c9b669d391e23640f16662e7f to remote] DEBUG org.asynchttpclient.netty.request.NettyRequestSender - Using open Channel [id: 0x2c50df9f, L:/127.0.0.1:56854 - R:localhost/127.0.0.1:1461] for POST '/session/ce58549c9b669d391e23640f16662e7f/element/f.06EF3401E30AE3EE31C7C1ABA64024F7.d.25E199E54E50D9516023B87E2077D351.e.20/click'
16:36:48.281 [AsyncHttpClient-1-5] DEBUG org.asynchttpclient.netty.handler.HttpHandler - 

Request DefaultHttpRequest(decodeResult: success, version: HTTP/1.1)
POST /session/ce58549c9b669d391e23640f16662e7f/element/f.06EF3401E30AE3EE31C7C1ABA64024F7.d.25E199E54E50D9516023B87E2077D351.e.20/click HTTP/1.1
User-Agent: selenium/4.12.1 (java windows)
Content-Length: 88
Content-Type: application/json; charset=utf-8
host: localhost:1461
accept: */*

Response DefaultHttpResponse(decodeResult: success, version: HTTP/1.1)
HTTP/1.1 200 OK
Content-Length: 14
Content-Type: application/json; charset=utf-8
cache-control: no-cache

16:36:48.281 [AsyncHttpClient-1-5] DEBUG org.asynchttpclient.netty.channel.ChannelManager - Adding key: http://localhost:1461 for channel [id: 0x2c50df9f, L:/127.0.0.1:56854 - R:localhost/127.0.0.1:1461]
16:36:48.283 [Forwarding findElement on session ce58549c9b669d391e23640f16662e7f to remote] DEBUG org.asynchttpclient.netty.request.NettyRequestSender - Using pooled Channel '[id: 0x2c50df9f, L:/127.0.0.1:56854 - R:localhost/127.0.0.1:1461]' for 'POST' to 'http://localhost:1461/session/ce58549c9b669d391e23640f16662e7f/element'
16:36:48.283 [Forwarding findElement on session ce58549c9b669d391e23640f16662e7f to remote] DEBUG org.asynchttpclient.netty.request.NettyRequestSender - Using open Channel [id: 0x2c50df9f, L:/127.0.0.1:56854 - R:localhost/127.0.0.1:1461] for POST '/session/ce58549c9b669d391e23640f16662e7f/element'
16:36:48.295 [AsyncHttpClient-1-5] DEBUG org.asynchttpclient.netty.handler.HttpHandler - 

Request DefaultHttpRequest(decodeResult: success, version: HTTP/1.1)
POST /session/ce58549c9b669d391e23640f16662e7f/element HTTP/1.1
User-Agent: selenium/4.12.1 (java windows)
Content-Length: 61
Content-Type: application/json; charset=utf-8
host: localhost:1461
accept: */*

Response DefaultHttpResponse(decodeResult: success, version: HTTP/1.1)
HTTP/1.1 200 OK
Content-Length: 126
Content-Type: application/json; charset=utf-8
cache-control: no-cache

16:36:48.295 [AsyncHttpClient-1-5] DEBUG org.asynchttpclient.netty.channel.ChannelManager - Adding key: http://localhost:1461 for channel [id: 0x2c50df9f, L:/127.0.0.1:56854 - R:localhost/127.0.0.1:1461]
16:36:48.297 [Forwarding sendKeysToElement on session ce58549c9b669d391e23640f16662e7f to remote] DEBUG org.asynchttpclient.netty.request.NettyRequestSender - Using pooled Channel '[id: 0x2c50df9f, L:/127.0.0.1:56854 - R:localhost/127.0.0.1:1461]' for 'POST' to 'http://localhost:1461/session/ce58549c9b669d391e23640f16662e7f/element/f.06EF3401E30AE3EE31C7C1ABA64024F7.d.25E199E54E50D9516023B87E2077D351.e.20/value'
16:36:48.298 [Forwarding sendKeysToElement on session ce58549c9b669d391e23640f16662e7f to remote] DEBUG org.asynchttpclient.netty.request.NettyRequestSender - Using open Channel [id: 0x2c50df9f, L:/127.0.0.1:56854 - R:localhost/127.0.0.1:1461] for POST '/session/ce58549c9b669d391e23640f16662e7f/element/f.06EF3401E30AE3EE31C7C1ABA64024F7.d.25E199E54E50D9516023B87E2077D351.e.20/value'
16:36:48.335 [AsyncHttpClient-1-5] DEBUG org.asynchttpclient.netty.handler.HttpHandler - 

Request DefaultHttpRequest(decodeResult: success, version: HTTP/1.1)
POST /session/ce58549c9b669d391e23640f16662e7f/element/f.06EF3401E30AE3EE31C7C1ABA64024F7.d.25E199E54E50D9516023B87E2077D351.e.20/value HTTP/1.1
User-Agent: selenium/4.12.1 (java windows)
Content-Length: 143
Content-Type: application/json; charset=utf-8
host: localhost:1461
accept: */*

Response DefaultHttpResponse(decodeResult: success, version: HTTP/1.1)
HTTP/1.1 200 OK
Content-Length: 14
Content-Type: application/json; charset=utf-8
cache-control: no-cache

16:36:48.336 [AsyncHttpClient-1-5] DEBUG org.asynchttpclient.netty.channel.ChannelManager - Adding key: http://localhost:1461 for channel [id: 0x2c50df9f, L:/127.0.0.1:56854 - R:localhost/127.0.0.1:1461]
16:36:48.337 [Forwarding findElement on session ce58549c9b669d391e23640f16662e7f to remote] DEBUG org.asynchttpclient.netty.request.NettyRequestSender - Using pooled Channel '[id: 0x2c50df9f, L:/127.0.0.1:56854 - R:localhost/127.0.0.1:1461]' for 'POST' to 'http://localhost:1461/session/ce58549c9b669d391e23640f16662e7f/element'
16:36:48.337 [Forwarding findElement on session ce58549c9b669d391e23640f16662e7f to remote] DEBUG org.asynchttpclient.netty.request.NettyRequestSender - Using open Channel [id: 0x2c50df9f, L:/127.0.0.1:56854 - R:localhost/127.0.0.1:1461] for POST '/session/ce58549c9b669d391e23640f16662e7f/element'
16:36:48.347 [AsyncHttpClient-1-5] DEBUG org.asynchttpclient.netty.handler.HttpHandler - 

Request DefaultHttpRequest(decodeResult: success, version: HTTP/1.1)
POST /session/ce58549c9b669d391e23640f16662e7f/element HTTP/1.1
User-Agent: selenium/4.12.1 (java windows)
Content-Length: 61
Content-Type: application/json; charset=utf-8
host: localhost:1461
accept: */*

Response DefaultHttpResponse(decodeResult: success, version: HTTP/1.1)
HTTP/1.1 200 OK
Content-Length: 126
Content-Type: application/json; charset=utf-8
cache-control: no-cache

16:36:48.348 [AsyncHttpClient-1-5] DEBUG org.asynchttpclient.netty.channel.ChannelManager - Adding key: http://localhost:1461 for channel [id: 0x2c50df9f, L:/127.0.0.1:56854 - R:localhost/127.0.0.1:1461]
16:36:48.349 [Forwarding sendKeysToElement on session ce58549c9b669d391e23640f16662e7f to remote] DEBUG org.asynchttpclient.netty.request.NettyRequestSender - Using pooled Channel '[id: 0x2c50df9f, L:/127.0.0.1:56854 - R:localhost/127.0.0.1:1461]' for 'POST' to 'http://localhost:1461/session/ce58549c9b669d391e23640f16662e7f/element/f.06EF3401E30AE3EE31C7C1ABA64024F7.d.25E199E54E50D9516023B87E2077D351.e.20/value'
16:36:48.349 [Forwarding sendKeysToElement on session ce58549c9b669d391e23640f16662e7f to remote] DEBUG org.asynchttpclient.netty.request.NettyRequestSender - Using open Channel [id: 0x2c50df9f, L:/127.0.0.1:56854 - R:localhost/127.0.0.1:1461] for POST '/session/ce58549c9b669d391e23640f16662e7f/element/f.06EF3401E30AE3EE31C7C1ABA64024F7.d.25E199E54E50D9516023B87E2077D351.e.20/value'
16:36:48.462 [AsyncHttpClient-1-5] DEBUG org.asynchttpclient.netty.handler.HttpHandler - 

Request DefaultHttpRequest(decodeResult: success, version: HTTP/1.1)
POST /session/ce58549c9b669d391e23640f16662e7f/element/f.06EF3401E30AE3EE31C7C1ABA64024F7.d.25E199E54E50D9516023B87E2077D351.e.20/value HTTP/1.1
User-Agent: selenium/4.12.1 (java windows)
Content-Length: 133
Content-Type: application/json; charset=utf-8
host: localhost:1461
accept: */*

Response DefaultHttpResponse(decodeResult: success, version: HTTP/1.1)
HTTP/1.1 200 OK
Content-Length: 14
Content-Type: application/json; charset=utf-8
cache-control: no-cache

16:36:48.462 [AsyncHttpClient-1-5] DEBUG org.asynchttpclient.netty.channel.ChannelManager - Adding key: http://localhost:1461 for channel [id: 0x2c50df9f, L:/127.0.0.1:56854 - R:localhost/127.0.0.1:1461]
16:36:48.463 [Forwarding findElement on session ce58549c9b669d391e23640f16662e7f to remote] DEBUG org.asynchttpclient.netty.request.NettyRequestSender - Using pooled Channel '[id: 0x2c50df9f, L:/127.0.0.1:56854 - R:localhost/127.0.0.1:1461]' for 'POST' to 'http://localhost:1461/session/ce58549c9b669d391e23640f16662e7f/element'
16:36:48.463 [Forwarding findElement on session ce58549c9b669d391e23640f16662e7f to remote] DEBUG org.asynchttpclient.netty.request.NettyRequestSender - Using open Channel [id: 0x2c50df9f, L:/127.0.0.1:56854 - R:localhost/127.0.0.1:1461] for POST '/session/ce58549c9b669d391e23640f16662e7f/element'
16:36:48.474 [AsyncHttpClient-1-5] DEBUG org.asynchttpclient.netty.handler.HttpHandler - 

Request DefaultHttpRequest(decodeResult: success, version: HTTP/1.1)
POST /session/ce58549c9b669d391e23640f16662e7f/element HTTP/1.1
User-Agent: selenium/4.12.1 (java windows)
Content-Length: 61
Content-Type: application/json; charset=utf-8
host: localhost:1461
accept: */*

Response DefaultHttpResponse(decodeResult: success, version: HTTP/1.1)
HTTP/1.1 200 OK
Content-Length: 126
Content-Type: application/json; charset=utf-8
cache-control: no-cache

16:36:48.474 [AsyncHttpClient-1-5] DEBUG org.asynchttpclient.netty.channel.ChannelManager - Adding key: http://localhost:1461 for channel [id: 0x2c50df9f, L:/127.0.0.1:56854 - R:localhost/127.0.0.1:1461]
16:36:48.475 [Forwarding clickElement on session ce58549c9b669d391e23640f16662e7f to remote] DEBUG org.asynchttpclient.netty.request.NettyRequestSender - Using pooled Channel '[id: 0x2c50df9f, L:/127.0.0.1:56854 - R:localhost/127.0.0.1:1461]' for 'POST' to 'http://localhost:1461/session/ce58549c9b669d391e23640f16662e7f/element/f.06EF3401E30AE3EE31C7C1ABA64024F7.d.25E199E54E50D9516023B87E2077D351.e.20/click'
16:36:48.475 [Forwarding clickElement on session ce58549c9b669d391e23640f16662e7f to remote] DEBUG org.asynchttpclient.netty.request.NettyRequestSender - Using open Channel [id: 0x2c50df9f, L:/127.0.0.1:56854 - R:localhost/127.0.0.1:1461] for POST '/session/ce58549c9b669d391e23640f16662e7f/element/f.06EF3401E30AE3EE31C7C1ABA64024F7.d.25E199E54E50D9516023B87E2077D351.e.20/click'
16:36:48.529 [AsyncHttpClient-1-5] DEBUG org.asynchttpclient.netty.handler.HttpHandler - 

Request DefaultHttpRequest(decodeResult: success, version: HTTP/1.1)
POST /session/ce58549c9b669d391e23640f16662e7f/element/f.06EF3401E30AE3EE31C7C1ABA64024F7.d.25E199E54E50D9516023B87E2077D351.e.20/click HTTP/1.1
User-Agent: selenium/4.12.1 (java windows)
Content-Length: 88
Content-Type: application/json; charset=utf-8
host: localhost:1461
accept: */*

Response DefaultHttpResponse(decodeResult: success, version: HTTP/1.1)
HTTP/1.1 200 OK
Content-Length: 14
Content-Type: application/json; charset=utf-8
cache-control: no-cache

16:36:48.529 [AsyncHttpClient-1-5] DEBUG org.asynchttpclient.netty.channel.ChannelManager - Adding key: http://localhost:1461 for channel [id: 0x2c50df9f, L:/127.0.0.1:56854 - R:localhost/127.0.0.1:1461]
16:36:48.531 [Forwarding findElement on session ce58549c9b669d391e23640f16662e7f to remote] DEBUG org.asynchttpclient.netty.request.NettyRequestSender - Using pooled Channel '[id: 0x2c50df9f, L:/127.0.0.1:56854 - R:localhost/127.0.0.1:1461]' for 'POST' to 'http://localhost:1461/session/ce58549c9b669d391e23640f16662e7f/element'
16:36:48.531 [Forwarding findElement on session ce58549c9b669d391e23640f16662e7f to remote] DEBUG org.asynchttpclient.netty.request.NettyRequestSender - Using open Channel [id: 0x2c50df9f, L:/127.0.0.1:56854 - R:localhost/127.0.0.1:1461] for POST '/session/ce58549c9b669d391e23640f16662e7f/element'
16:36:48.541 [AsyncHttpClient-1-5] DEBUG org.asynchttpclient.netty.handler.HttpHandler - 

Request DefaultHttpRequest(decodeResult: success, version: HTTP/1.1)
POST /session/ce58549c9b669d391e23640f16662e7f/element HTTP/1.1
User-Agent: selenium/4.12.1 (java windows)
Content-Length: 61
Content-Type: application/json; charset=utf-8
host: localhost:1461
accept: */*

Response DefaultHttpResponse(decodeResult: success, version: HTTP/1.1)
HTTP/1.1 200 OK
Content-Length: 126
Content-Type: application/json; charset=utf-8
cache-control: no-cache

16:36:48.542 [AsyncHttpClient-1-5] DEBUG org.asynchttpclient.netty.channel.ChannelManager - Adding key: http://localhost:1461 for channel [id: 0x2c50df9f, L:/127.0.0.1:56854 - R:localhost/127.0.0.1:1461]
16:36:48.548 [Forwarding sendKeysToElement on session ce58549c9b669d391e23640f16662e7f to remote] DEBUG org.asynchttpclient.netty.request.NettyRequestSender - Using pooled Channel '[id: 0x2c50df9f, L:/127.0.0.1:56854 - R:localhost/127.0.0.1:1461]' for 'POST' to 'http://localhost:1461/session/ce58549c9b669d391e23640f16662e7f/element/f.06EF3401E30AE3EE31C7C1ABA64024F7.d.25E199E54E50D9516023B87E2077D351.e.20/value'
16:36:48.548 [Forwarding sendKeysToElement on session ce58549c9b669d391e23640f16662e7f to remote] DEBUG org.asynchttpclient.netty.request.NettyRequestSender - Using open Channel [id: 0x2c50df9f, L:/127.0.0.1:56854 - R:localhost/127.0.0.1:1461] for POST '/session/ce58549c9b669d391e23640f16662e7f/element/f.06EF3401E30AE3EE31C7C1ABA64024F7.d.25E199E54E50D9516023B87E2077D351.e.20/value'
16:36:51.646 [AsyncHttpClient-1-5] DEBUG org.asynchttpclient.netty.handler.HttpHandler - 

Request DefaultHttpRequest(decodeResult: success, version: HTTP/1.1)
POST /session/ce58549c9b669d391e23640f16662e7f/element/f.06EF3401E30AE3EE31C7C1ABA64024F7.d.25E199E54E50D9516023B87E2077D351.e.20/value HTTP/1.1
User-Agent: selenium/4.12.1 (java windows)
Content-Length: 755
Content-Type: application/json; charset=utf-8
host: localhost:1461
accept: */*

Response DefaultHttpResponse(decodeResult: success, version: HTTP/1.1)
HTTP/1.1 200 OK
Content-Length: 14
Content-Type: application/json; charset=utf-8
cache-control: no-cache

16:36:51.646 [AsyncHttpClient-1-5] DEBUG org.asynchttpclient.netty.channel.ChannelManager - Adding key: http://localhost:1461 for channel [id: 0x2c50df9f, L:/127.0.0.1:56854 - R:localhost/127.0.0.1:1461]
16:36:51.647 [Forwarding findElement on session ce58549c9b669d391e23640f16662e7f to remote] DEBUG org.asynchttpclient.netty.request.NettyRequestSender - Using pooled Channel '[id: 0x2c50df9f, L:/127.0.0.1:56854 - R:localhost/127.0.0.1:1461]' for 'POST' to 'http://localhost:1461/session/ce58549c9b669d391e23640f16662e7f/element'
16:36:51.647 [Forwarding findElement on session ce58549c9b669d391e23640f16662e7f to remote] DEBUG org.asynchttpclient.netty.request.NettyRequestSender - Using open Channel [id: 0x2c50df9f, L:/127.0.0.1:56854 - R:localhost/127.0.0.1:1461] for POST '/session/ce58549c9b669d391e23640f16662e7f/element'
16:36:51.662 [AsyncHttpClient-1-5] DEBUG org.asynchttpclient.netty.handler.HttpHandler - 

Request DefaultHttpRequest(decodeResult: success, version: HTTP/1.1)
POST /session/ce58549c9b669d391e23640f16662e7f/element HTTP/1.1
User-Agent: selenium/4.12.1 (java windows)
Content-Length: 142
Content-Type: application/json; charset=utf-8
host: localhost:1461
accept: */*

Response DefaultHttpResponse(decodeResult: success, version: HTTP/1.1)
HTTP/1.1 200 OK
Content-Length: 126
Content-Type: application/json; charset=utf-8
cache-control: no-cache

16:36:51.662 [AsyncHttpClient-1-5] DEBUG org.asynchttpclient.netty.channel.ChannelManager - Adding key: http://localhost:1461 for channel [id: 0x2c50df9f, L:/127.0.0.1:56854 - R:localhost/127.0.0.1:1461]
16:36:51.664 [Forwarding isElementDisplayed on session ce58549c9b669d391e23640f16662e7f to remote] DEBUG org.asynchttpclient.netty.request.NettyRequestSender - Using pooled Channel '[id: 0x2c50df9f, L:/127.0.0.1:56854 - R:localhost/127.0.0.1:1461]' for 'POST' to 'http://localhost:1461/session/ce58549c9b669d391e23640f16662e7f/execute/sync'
16:36:51.664 [Forwarding isElementDisplayed on session ce58549c9b669d391e23640f16662e7f to remote] DEBUG org.asynchttpclient.netty.request.NettyRequestSender - Using open Channel [id: 0x2c50df9f, L:/127.0.0.1:56854 - R:localhost/127.0.0.1:1461] for POST '/session/ce58549c9b669d391e23640f16662e7f/execute/sync'
16:36:51.677 [AsyncHttpClient-1-5] DEBUG org.asynchttpclient.netty.handler.HttpHandler - 

Request DefaultHttpRequest(decodeResult: success, version: HTTP/1.1)
POST /session/ce58549c9b669d391e23640f16662e7f/execute/sync HTTP/1.1
User-Agent: selenium/4.12.1 (java windows)
Content-Length: 48734
Content-Type: application/json; charset=utf-8
host: localhost:1461
accept: */*

Response DefaultHttpResponse(decodeResult: success, version: HTTP/1.1)
HTTP/1.1 200 OK
Content-Length: 14
Content-Type: application/json; charset=utf-8
cache-control: no-cache

16:36:51.677 [AsyncHttpClient-1-5] DEBUG org.asynchttpclient.netty.channel.ChannelManager - Adding key: http://localhost:1461 for channel [id: 0x2c50df9f, L:/127.0.0.1:56854 - R:localhost/127.0.0.1:1461]
16:36:51.678 [Forwarding findElement on session ce58549c9b669d391e23640f16662e7f to remote] DEBUG org.asynchttpclient.netty.request.NettyRequestSender - Using pooled Channel '[id: 0x2c50df9f, L:/127.0.0.1:56854 - R:localhost/127.0.0.1:1461]' for 'POST' to 'http://localhost:1461/session/ce58549c9b669d391e23640f16662e7f/element'
16:36:51.678 [Forwarding findElement on session ce58549c9b669d391e23640f16662e7f to remote] DEBUG org.asynchttpclient.netty.request.NettyRequestSender - Using open Channel [id: 0x2c50df9f, L:/127.0.0.1:56854 - R:localhost/127.0.0.1:1461] for POST '/session/ce58549c9b669d391e23640f16662e7f/element'
16:36:51.689 [AsyncHttpClient-1-5] DEBUG org.asynchttpclient.netty.handler.HttpHandler - 

Request DefaultHttpRequest(decodeResult: success, version: HTTP/1.1)
POST /session/ce58549c9b669d391e23640f16662e7f/element HTTP/1.1
User-Agent: selenium/4.12.1 (java windows)
Content-Length: 142
Content-Type: application/json; charset=utf-8
host: localhost:1461
accept: */*

Response DefaultHttpResponse(decodeResult: success, version: HTTP/1.1)
HTTP/1.1 200 OK
Content-Length: 126
Content-Type: application/json; charset=utf-8
cache-control: no-cache

16:36:51.689 [AsyncHttpClient-1-5] DEBUG org.asynchttpclient.netty.channel.ChannelManager - Adding key: http://localhost:1461 for channel [id: 0x2c50df9f, L:/127.0.0.1:56854 - R:localhost/127.0.0.1:1461]
16:36:51.690 [Forwarding clickElement on session ce58549c9b669d391e23640f16662e7f to remote] DEBUG org.asynchttpclient.netty.request.NettyRequestSender - Using pooled Channel '[id: 0x2c50df9f, L:/127.0.0.1:56854 - R:localhost/127.0.0.1:1461]' for 'POST' to 'http://localhost:1461/session/ce58549c9b669d391e23640f16662e7f/element/f.06EF3401E30AE3EE31C7C1ABA64024F7.d.25E199E54E50D9516023B87E2077D351.e.90/click'
16:36:51.691 [Forwarding clickElement on session ce58549c9b669d391e23640f16662e7f to remote] DEBUG org.asynchttpclient.netty.request.NettyRequestSender - Using open Channel [id: 0x2c50df9f, L:/127.0.0.1:56854 - R:localhost/127.0.0.1:1461] for POST '/session/ce58549c9b669d391e23640f16662e7f/element/f.06EF3401E30AE3EE31C7C1ABA64024F7.d.25E199E54E50D9516023B87E2077D351.e.90/click'
16:36:51.843 [AsyncHttpClient-1-5] DEBUG org.asynchttpclient.netty.handler.HttpHandler - 

Request DefaultHttpRequest(decodeResult: success, version: HTTP/1.1)
POST /session/ce58549c9b669d391e23640f16662e7f/element/f.06EF3401E30AE3EE31C7C1ABA64024F7.d.25E199E54E50D9516023B87E2077D351.e.90/click HTTP/1.1
User-Agent: selenium/4.12.1 (java windows)
Content-Length: 88
Content-Type: application/json; charset=utf-8
host: localhost:1461
accept: */*

Response DefaultHttpResponse(decodeResult: success, version: HTTP/1.1)
HTTP/1.1 200 OK
Content-Length: 14
Content-Type: application/json; charset=utf-8
cache-control: no-cache

16:36:51.843 [AsyncHttpClient-1-5] DEBUG org.asynchttpclient.netty.channel.ChannelManager - Adding key: http://localhost:1461 for channel [id: 0x2c50df9f, L:/127.0.0.1:56854 - R:localhost/127.0.0.1:1461]
16:36:51.850 [Forwarding findElement on session ce58549c9b669d391e23640f16662e7f to remote] DEBUG org.asynchttpclient.netty.request.NettyRequestSender - Using pooled Channel '[id: 0x2c50df9f, L:/127.0.0.1:56854 - R:localhost/127.0.0.1:1461]' for 'POST' to 'http://localhost:1461/session/ce58549c9b669d391e23640f16662e7f/element'
16:36:51.850 [Forwarding findElement on session ce58549c9b669d391e23640f16662e7f to remote] DEBUG org.asynchttpclient.netty.request.NettyRequestSender - Using open Channel [id: 0x2c50df9f, L:/127.0.0.1:56854 - R:localhost/127.0.0.1:1461] for POST '/session/ce58549c9b669d391e23640f16662e7f/element'
16:36:51.878 [AsyncHttpClient-1-5] DEBUG org.asynchttpclient.netty.handler.HttpHandler - 

Request DefaultHttpRequest(decodeResult: success, version: HTTP/1.1)
POST /session/ce58549c9b669d391e23640f16662e7f/element HTTP/1.1
User-Agent: selenium/4.12.1 (java windows)
Content-Length: 86
Content-Type: application/json; charset=utf-8
host: localhost:1461
accept: */*

Response DefaultHttpResponse(decodeResult: success, version: HTTP/1.1)
HTTP/1.1 200 OK
Content-Length: 127
Content-Type: application/json; charset=utf-8
cache-control: no-cache

16:36:51.878 [AsyncHttpClient-1-5] DEBUG org.asynchttpclient.netty.channel.ChannelManager - Adding key: http://localhost:1461 for channel [id: 0x2c50df9f, L:/127.0.0.1:56854 - R:localhost/127.0.0.1:1461]
16:36:51.882 [Forwarding isElementDisplayed on session ce58549c9b669d391e23640f16662e7f to remote] DEBUG org.asynchttpclient.netty.request.NettyRequestSender - Using pooled Channel '[id: 0x2c50df9f, L:/127.0.0.1:56854 - R:localhost/127.0.0.1:1461]' for 'POST' to 'http://localhost:1461/session/ce58549c9b669d391e23640f16662e7f/execute/sync'
16:36:51.882 [Forwarding isElementDisplayed on session ce58549c9b669d391e23640f16662e7f to remote] DEBUG org.asynchttpclient.netty.request.NettyRequestSender - Using open Channel [id: 0x2c50df9f, L:/127.0.0.1:56854 - R:localhost/127.0.0.1:1461] for POST '/session/ce58549c9b669d391e23640f16662e7f/execute/sync'
16:36:51.899 [AsyncHttpClient-1-5] DEBUG org.asynchttpclient.netty.handler.HttpHandler - 

Request DefaultHttpRequest(decodeResult: success, version: HTTP/1.1)
POST /session/ce58549c9b669d391e23640f16662e7f/execute/sync HTTP/1.1
User-Agent: selenium/4.12.1 (java windows)
Content-Length: 48735
Content-Type: application/json; charset=utf-8
host: localhost:1461
accept: */*

Response DefaultHttpResponse(decodeResult: success, version: HTTP/1.1)
HTTP/1.1 200 OK
Content-Length: 14
Content-Type: application/json; charset=utf-8
cache-control: no-cache

16:36:51.899 [AsyncHttpClient-1-5] DEBUG org.asynchttpclient.netty.channel.ChannelManager - Adding key: http://localhost:1461 for channel [id: 0x2c50df9f, L:/127.0.0.1:56854 - R:localhost/127.0.0.1:1461]
16:36:52.104 [Forwarding findElement on session ce58549c9b669d391e23640f16662e7f to remote] DEBUG org.asynchttpclient.netty.request.NettyRequestSender - Using pooled Channel '[id: 0x2c50df9f, L:/127.0.0.1:56854 - R:localhost/127.0.0.1:1461]' for 'POST' to 'http://localhost:1461/session/ce58549c9b669d391e23640f16662e7f/element'
16:36:52.104 [Forwarding findElement on session ce58549c9b669d391e23640f16662e7f to remote] DEBUG org.asynchttpclient.netty.request.NettyRequestSender - Using open Channel [id: 0x2c50df9f, L:/127.0.0.1:56854 - R:localhost/127.0.0.1:1461] for POST '/session/ce58549c9b669d391e23640f16662e7f/element'
16:36:52.115 [AsyncHttpClient-1-5] DEBUG org.asynchttpclient.netty.handler.HttpHandler - 

Request DefaultHttpRequest(decodeResult: success, version: HTTP/1.1)
POST /session/ce58549c9b669d391e23640f16662e7f/element HTTP/1.1
User-Agent: selenium/4.12.1 (java windows)
Content-Length: 63
Content-Type: application/json; charset=utf-8
host: localhost:1461
accept: */*

Response DefaultHttpResponse(decodeResult: success, version: HTTP/1.1)
HTTP/1.1 200 OK
Content-Length: 126
Content-Type: application/json; charset=utf-8
cache-control: no-cache

16:36:52.115 [AsyncHttpClient-1-5] DEBUG org.asynchttpclient.netty.channel.ChannelManager - Adding key: http://localhost:1461 for channel [id: 0x2c50df9f, L:/127.0.0.1:56854 - R:localhost/127.0.0.1:1461]
16:36:52.119 [Forwarding isElementDisplayed on session ce58549c9b669d391e23640f16662e7f to remote] DEBUG org.asynchttpclient.netty.request.NettyRequestSender - Using pooled Channel '[id: 0x2c50df9f, L:/127.0.0.1:56854 - R:localhost/127.0.0.1:1461]' for 'POST' to 'http://localhost:1461/session/ce58549c9b669d391e23640f16662e7f/execute/sync'
16:36:52.119 [Forwarding isElementDisplayed on session ce58549c9b669d391e23640f16662e7f to remote] DEBUG org.asynchttpclient.netty.request.NettyRequestSender - Using open Channel [id: 0x2c50df9f, L:/127.0.0.1:56854 - R:localhost/127.0.0.1:1461] for POST '/session/ce58549c9b669d391e23640f16662e7f/execute/sync'
16:36:52.132 [AsyncHttpClient-1-5] DEBUG org.asynchttpclient.netty.handler.HttpHandler - 

Request DefaultHttpRequest(decodeResult: success, version: HTTP/1.1)
POST /session/ce58549c9b669d391e23640f16662e7f/execute/sync HTTP/1.1
User-Agent: selenium/4.12.1 (java windows)
Content-Length: 48734
Content-Type: application/json; charset=utf-8
host: localhost:1461
accept: */*

Response DefaultHttpResponse(decodeResult: success, version: HTTP/1.1)
HTTP/1.1 200 OK
Content-Length: 14
Content-Type: application/json; charset=utf-8
cache-control: no-cache

16:36:52.133 [AsyncHttpClient-1-5] DEBUG org.asynchttpclient.netty.channel.ChannelManager - Adding key: http://localhost:1461 for channel [id: 0x2c50df9f, L:/127.0.0.1:56854 - R:localhost/127.0.0.1:1461]
16:36:52.134 [Forwarding findElement on session ce58549c9b669d391e23640f16662e7f to remote] DEBUG org.asynchttpclient.netty.request.NettyRequestSender - Using pooled Channel '[id: 0x2c50df9f, L:/127.0.0.1:56854 - R:localhost/127.0.0.1:1461]' for 'POST' to 'http://localhost:1461/session/ce58549c9b669d391e23640f16662e7f/element'
16:36:52.134 [Forwarding findElement on session ce58549c9b669d391e23640f16662e7f to remote] DEBUG org.asynchttpclient.netty.request.NettyRequestSender - Using open Channel [id: 0x2c50df9f, L:/127.0.0.1:56854 - R:localhost/127.0.0.1:1461] for POST '/session/ce58549c9b669d391e23640f16662e7f/element'
16:36:52.146 [AsyncHttpClient-1-5] DEBUG org.asynchttpclient.netty.handler.HttpHandler - 

Request DefaultHttpRequest(decodeResult: success, version: HTTP/1.1)
POST /session/ce58549c9b669d391e23640f16662e7f/element HTTP/1.1
User-Agent: selenium/4.12.1 (java windows)
Content-Length: 63
Content-Type: application/json; charset=utf-8
host: localhost:1461
accept: */*

Response DefaultHttpResponse(decodeResult: success, version: HTTP/1.1)
HTTP/1.1 200 OK
Content-Length: 126
Content-Type: application/json; charset=utf-8
cache-control: no-cache

16:36:52.146 [AsyncHttpClient-1-5] DEBUG org.asynchttpclient.netty.channel.ChannelManager - Adding key: http://localhost:1461 for channel [id: 0x2c50df9f, L:/127.0.0.1:56854 - R:localhost/127.0.0.1:1461]
16:36:52.147 [Forwarding clickElement on session ce58549c9b669d391e23640f16662e7f to remote] DEBUG org.asynchttpclient.netty.request.NettyRequestSender - Using pooled Channel '[id: 0x2c50df9f, L:/127.0.0.1:56854 - R:localhost/127.0.0.1:1461]' for 'POST' to 'http://localhost:1461/session/ce58549c9b669d391e23640f16662e7f/element/f.06EF3401E30AE3EE31C7C1ABA64024F7.d.25E199E54E50D9516023B87E2077D351.e.22/click'
16:36:52.147 [Forwarding clickElement on session ce58549c9b669d391e23640f16662e7f to remote] DEBUG org.asynchttpclient.netty.request.NettyRequestSender - Using open Channel [id: 0x2c50df9f, L:/127.0.0.1:56854 - R:localhost/127.0.0.1:1461] for POST '/session/ce58549c9b669d391e23640f16662e7f/element/f.06EF3401E30AE3EE31C7C1ABA64024F7.d.25E199E54E50D9516023B87E2077D351.e.22/click'
16:36:52.203 [AsyncHttpClient-1-5] DEBUG org.asynchttpclient.netty.handler.HttpHandler - 

Request DefaultHttpRequest(decodeResult: success, version: HTTP/1.1)
POST /session/ce58549c9b669d391e23640f16662e7f/element/f.06EF3401E30AE3EE31C7C1ABA64024F7.d.25E199E54E50D9516023B87E2077D351.e.22/click HTTP/1.1
User-Agent: selenium/4.12.1 (java windows)
Content-Length: 88
Content-Type: application/json; charset=utf-8
host: localhost:1461
accept: */*

Response DefaultHttpResponse(decodeResult: success, version: HTTP/1.1)
HTTP/1.1 200 OK
Content-Length: 14
Content-Type: application/json; charset=utf-8
cache-control: no-cache

16:36:52.204 [AsyncHttpClient-1-5] DEBUG org.asynchttpclient.netty.channel.ChannelManager - Adding key: http://localhost:1461 for channel [id: 0x2c50df9f, L:/127.0.0.1:56854 - R:localhost/127.0.0.1:1461]
16:36:52.205 [Forwarding findElement on session ce58549c9b669d391e23640f16662e7f to remote] DEBUG org.asynchttpclient.netty.request.NettyRequestSender - Using pooled Channel '[id: 0x2c50df9f, L:/127.0.0.1:56854 - R:localhost/127.0.0.1:1461]' for 'POST' to 'http://localhost:1461/session/ce58549c9b669d391e23640f16662e7f/element'
16:36:52.205 [Forwarding findElement on session ce58549c9b669d391e23640f16662e7f to remote] DEBUG org.asynchttpclient.netty.request.NettyRequestSender - Using open Channel [id: 0x2c50df9f, L:/127.0.0.1:56854 - R:localhost/127.0.0.1:1461] for POST '/session/ce58549c9b669d391e23640f16662e7f/element'
16:36:52.213 [AsyncHttpClient-1-5] DEBUG org.asynchttpclient.netty.handler.HttpHandler - 

Request DefaultHttpRequest(decodeResult: success, version: HTTP/1.1)
POST /session/ce58549c9b669d391e23640f16662e7f/element HTTP/1.1
User-Agent: selenium/4.12.1 (java windows)
Content-Length: 63
Content-Type: application/json; charset=utf-8
host: localhost:1461
accept: */*

Response DefaultHttpResponse(decodeResult: success, version: HTTP/1.1)
HTTP/1.1 200 OK
Content-Length: 126
Content-Type: application/json; charset=utf-8
cache-control: no-cache

16:36:52.213 [AsyncHttpClient-1-5] DEBUG org.asynchttpclient.netty.channel.ChannelManager - Adding key: http://localhost:1461 for channel [id: 0x2c50df9f, L:/127.0.0.1:56854 - R:localhost/127.0.0.1:1461]
16:36:52.215 [Forwarding sendKeysToElement on session ce58549c9b669d391e23640f16662e7f to remote] DEBUG org.asynchttpclient.netty.request.NettyRequestSender - Using pooled Channel '[id: 0x2c50df9f, L:/127.0.0.1:56854 - R:localhost/127.0.0.1:1461]' for 'POST' to 'http://localhost:1461/session/ce58549c9b669d391e23640f16662e7f/element/f.06EF3401E30AE3EE31C7C1ABA64024F7.d.25E199E54E50D9516023B87E2077D351.e.22/value'
16:36:52.215 [Forwarding sendKeysToElement on session ce58549c9b669d391e23640f16662e7f to remote] DEBUG org.asynchttpclient.netty.request.NettyRequestSender - Using open Channel [id: 0x2c50df9f, L:/127.0.0.1:56854 - R:localhost/127.0.0.1:1461] for POST '/session/ce58549c9b669d391e23640f16662e7f/element/f.06EF3401E30AE3EE31C7C1ABA64024F7.d.25E199E54E50D9516023B87E2077D351.e.22/value'
16:36:52.245 [AsyncHttpClient-1-5] DEBUG org.asynchttpclient.netty.handler.HttpHandler - 

Request DefaultHttpRequest(decodeResult: success, version: HTTP/1.1)
POST /session/ce58549c9b669d391e23640f16662e7f/element/f.06EF3401E30AE3EE31C7C1ABA64024F7.d.25E199E54E50D9516023B87E2077D351.e.22/value HTTP/1.1
User-Agent: selenium/4.12.1 (java windows)
Content-Length: 143
Content-Type: application/json; charset=utf-8
host: localhost:1461
accept: */*

Response DefaultHttpResponse(decodeResult: success, version: HTTP/1.1)
HTTP/1.1 200 OK
Content-Length: 14
Content-Type: application/json; charset=utf-8
cache-control: no-cache

16:36:52.245 [AsyncHttpClient-1-5] DEBUG org.asynchttpclient.netty.channel.ChannelManager - Adding key: http://localhost:1461 for channel [id: 0x2c50df9f, L:/127.0.0.1:56854 - R:localhost/127.0.0.1:1461]
16:36:52.246 [Forwarding findElement on session ce58549c9b669d391e23640f16662e7f to remote] DEBUG org.asynchttpclient.netty.request.NettyRequestSender - Using pooled Channel '[id: 0x2c50df9f, L:/127.0.0.1:56854 - R:localhost/127.0.0.1:1461]' for 'POST' to 'http://localhost:1461/session/ce58549c9b669d391e23640f16662e7f/element'
16:36:52.246 [Forwarding findElement on session ce58549c9b669d391e23640f16662e7f to remote] DEBUG org.asynchttpclient.netty.request.NettyRequestSender - Using open Channel [id: 0x2c50df9f, L:/127.0.0.1:56854 - R:localhost/127.0.0.1:1461] for POST '/session/ce58549c9b669d391e23640f16662e7f/element'
16:36:52.257 [AsyncHttpClient-1-5] DEBUG org.asynchttpclient.netty.handler.HttpHandler - 

Request DefaultHttpRequest(decodeResult: success, version: HTTP/1.1)
POST /session/ce58549c9b669d391e23640f16662e7f/element HTTP/1.1
User-Agent: selenium/4.12.1 (java windows)
Content-Length: 63
Content-Type: application/json; charset=utf-8
host: localhost:1461
accept: */*

Response DefaultHttpResponse(decodeResult: success, version: HTTP/1.1)
HTTP/1.1 200 OK
Content-Length: 126
Content-Type: application/json; charset=utf-8
cache-control: no-cache

16:36:52.257 [AsyncHttpClient-1-5] DEBUG org.asynchttpclient.netty.channel.ChannelManager - Adding key: http://localhost:1461 for channel [id: 0x2c50df9f, L:/127.0.0.1:56854 - R:localhost/127.0.0.1:1461]
16:36:52.258 [Forwarding sendKeysToElement on session ce58549c9b669d391e23640f16662e7f to remote] DEBUG org.asynchttpclient.netty.request.NettyRequestSender - Using pooled Channel '[id: 0x2c50df9f, L:/127.0.0.1:56854 - R:localhost/127.0.0.1:1461]' for 'POST' to 'http://localhost:1461/session/ce58549c9b669d391e23640f16662e7f/element/f.06EF3401E30AE3EE31C7C1ABA64024F7.d.25E199E54E50D9516023B87E2077D351.e.22/value'
16:36:52.258 [Forwarding sendKeysToElement on session ce58549c9b669d391e23640f16662e7f to remote] DEBUG org.asynchttpclient.netty.request.NettyRequestSender - Using open Channel [id: 0x2c50df9f, L:/127.0.0.1:56854 - R:localhost/127.0.0.1:1461] for POST '/session/ce58549c9b669d391e23640f16662e7f/element/f.06EF3401E30AE3EE31C7C1ABA64024F7.d.25E199E54E50D9516023B87E2077D351.e.22/value'
16:36:52.287 [AsyncHttpClient-1-5] DEBUG org.asynchttpclient.netty.handler.HttpHandler - 

Request DefaultHttpRequest(decodeResult: success, version: HTTP/1.1)
POST /session/ce58549c9b669d391e23640f16662e7f/element/f.06EF3401E30AE3EE31C7C1ABA64024F7.d.25E199E54E50D9516023B87E2077D351.e.22/value HTTP/1.1
User-Agent: selenium/4.12.1 (java windows)
Content-Length: 133
Content-Type: application/json; charset=utf-8
host: localhost:1461
accept: */*

Response DefaultHttpResponse(decodeResult: success, version: HTTP/1.1)
HTTP/1.1 200 OK
Content-Length: 14
Content-Type: application/json; charset=utf-8
cache-control: no-cache

16:36:52.287 [AsyncHttpClient-1-5] DEBUG org.asynchttpclient.netty.channel.ChannelManager - Adding key: http://localhost:1461 for channel [id: 0x2c50df9f, L:/127.0.0.1:56854 - R:localhost/127.0.0.1:1461]
16:36:52.288 [Forwarding findElement on session ce58549c9b669d391e23640f16662e7f to remote] DEBUG org.asynchttpclient.netty.request.NettyRequestSender - Using pooled Channel '[id: 0x2c50df9f, L:/127.0.0.1:56854 - R:localhost/127.0.0.1:1461]' for 'POST' to 'http://localhost:1461/session/ce58549c9b669d391e23640f16662e7f/element'
16:36:52.288 [Forwarding findElement on session ce58549c9b669d391e23640f16662e7f to remote] DEBUG org.asynchttpclient.netty.request.NettyRequestSender - Using open Channel [id: 0x2c50df9f, L:/127.0.0.1:56854 - R:localhost/127.0.0.1:1461] for POST '/session/ce58549c9b669d391e23640f16662e7f/element'
16:36:52.297 [AsyncHttpClient-1-5] DEBUG org.asynchttpclient.netty.handler.HttpHandler - 

Request DefaultHttpRequest(decodeResult: success, version: HTTP/1.1)
POST /session/ce58549c9b669d391e23640f16662e7f/element HTTP/1.1
User-Agent: selenium/4.12.1 (java windows)
Content-Length: 63
Content-Type: application/json; charset=utf-8
host: localhost:1461
accept: */*

Response DefaultHttpResponse(decodeResult: success, version: HTTP/1.1)
HTTP/1.1 200 OK
Content-Length: 126
Content-Type: application/json; charset=utf-8
cache-control: no-cache

16:36:52.297 [AsyncHttpClient-1-5] DEBUG org.asynchttpclient.netty.channel.ChannelManager - Adding key: http://localhost:1461 for channel [id: 0x2c50df9f, L:/127.0.0.1:56854 - R:localhost/127.0.0.1:1461]
16:36:52.299 [Forwarding clickElement on session ce58549c9b669d391e23640f16662e7f to remote] DEBUG org.asynchttpclient.netty.request.NettyRequestSender - Using pooled Channel '[id: 0x2c50df9f, L:/127.0.0.1:56854 - R:localhost/127.0.0.1:1461]' for 'POST' to 'http://localhost:1461/session/ce58549c9b669d391e23640f16662e7f/element/f.06EF3401E30AE3EE31C7C1ABA64024F7.d.25E199E54E50D9516023B87E2077D351.e.22/click'
16:36:52.299 [Forwarding clickElement on session ce58549c9b669d391e23640f16662e7f to remote] DEBUG org.asynchttpclient.netty.request.NettyRequestSender - Using open Channel [id: 0x2c50df9f, L:/127.0.0.1:56854 - R:localhost/127.0.0.1:1461] for POST '/session/ce58549c9b669d391e23640f16662e7f/element/f.06EF3401E30AE3EE31C7C1ABA64024F7.d.25E199E54E50D9516023B87E2077D351.e.22/click'
16:36:52.348 [AsyncHttpClient-1-5] DEBUG org.asynchttpclient.netty.handler.HttpHandler - 

Request DefaultHttpRequest(decodeResult: success, version: HTTP/1.1)
POST /session/ce58549c9b669d391e23640f16662e7f/element/f.06EF3401E30AE3EE31C7C1ABA64024F7.d.25E199E54E50D9516023B87E2077D351.e.22/click HTTP/1.1
User-Agent: selenium/4.12.1 (java windows)
Content-Length: 88
Content-Type: application/json; charset=utf-8
host: localhost:1461
accept: */*

Response DefaultHttpResponse(decodeResult: success, version: HTTP/1.1)
HTTP/1.1 200 OK
Content-Length: 14
Content-Type: application/json; charset=utf-8
cache-control: no-cache

16:36:52.348 [AsyncHttpClient-1-5] DEBUG org.asynchttpclient.netty.channel.ChannelManager - Adding key: http://localhost:1461 for channel [id: 0x2c50df9f, L:/127.0.0.1:56854 - R:localhost/127.0.0.1:1461]
16:36:52.349 [Forwarding findElement on session ce58549c9b669d391e23640f16662e7f to remote] DEBUG org.asynchttpclient.netty.request.NettyRequestSender - Using pooled Channel '[id: 0x2c50df9f, L:/127.0.0.1:56854 - R:localhost/127.0.0.1:1461]' for 'POST' to 'http://localhost:1461/session/ce58549c9b669d391e23640f16662e7f/element'
16:36:52.349 [Forwarding findElement on session ce58549c9b669d391e23640f16662e7f to remote] DEBUG org.asynchttpclient.netty.request.NettyRequestSender - Using open Channel [id: 0x2c50df9f, L:/127.0.0.1:56854 - R:localhost/127.0.0.1:1461] for POST '/session/ce58549c9b669d391e23640f16662e7f/element'
16:36:52.360 [AsyncHttpClient-1-5] DEBUG org.asynchttpclient.netty.handler.HttpHandler - 

Request DefaultHttpRequest(decodeResult: success, version: HTTP/1.1)
POST /session/ce58549c9b669d391e23640f16662e7f/element HTTP/1.1
User-Agent: selenium/4.12.1 (java windows)
Content-Length: 63
Content-Type: application/json; charset=utf-8
host: localhost:1461
accept: */*

Response DefaultHttpResponse(decodeResult: success, version: HTTP/1.1)
HTTP/1.1 200 OK
Content-Length: 126
Content-Type: application/json; charset=utf-8
cache-control: no-cache

16:36:52.360 [AsyncHttpClient-1-5] DEBUG org.asynchttpclient.netty.channel.ChannelManager - Adding key: http://localhost:1461 for channel [id: 0x2c50df9f, L:/127.0.0.1:56854 - R:localhost/127.0.0.1:1461]
16:36:52.362 [Forwarding sendKeysToElement on session ce58549c9b669d391e23640f16662e7f to remote] DEBUG org.asynchttpclient.netty.request.NettyRequestSender - Using pooled Channel '[id: 0x2c50df9f, L:/127.0.0.1:56854 - R:localhost/127.0.0.1:1461]' for 'POST' to 'http://localhost:1461/session/ce58549c9b669d391e23640f16662e7f/element/f.06EF3401E30AE3EE31C7C1ABA64024F7.d.25E199E54E50D9516023B87E2077D351.e.22/value'
16:36:52.362 [Forwarding sendKeysToElement on session ce58549c9b669d391e23640f16662e7f to remote] DEBUG org.asynchttpclient.netty.request.NettyRequestSender - Using open Channel [id: 0x2c50df9f, L:/127.0.0.1:56854 - R:localhost/127.0.0.1:1461] for POST '/session/ce58549c9b669d391e23640f16662e7f/element/f.06EF3401E30AE3EE31C7C1ABA64024F7.d.25E199E54E50D9516023B87E2077D351.e.22/value'
16:36:53.136 [AsyncHttpClient-1-5] DEBUG org.asynchttpclient.netty.handler.HttpHandler - 

Request DefaultHttpRequest(decodeResult: success, version: HTTP/1.1)
POST /session/ce58549c9b669d391e23640f16662e7f/element/f.06EF3401E30AE3EE31C7C1ABA64024F7.d.25E199E54E50D9516023B87E2077D351.e.22/value HTTP/1.1
User-Agent: selenium/4.12.1 (java windows)
Content-Length: 179
Content-Type: application/json; charset=utf-8
host: localhost:1461
accept: */*

Response DefaultHttpResponse(decodeResult: success, version: HTTP/1.1)
HTTP/1.1 200 OK
Content-Length: 14
Content-Type: application/json; charset=utf-8
cache-control: no-cache

16:36:53.137 [AsyncHttpClient-1-5] DEBUG org.asynchttpclient.netty.channel.ChannelManager - Adding key: http://localhost:1461 for channel [id: 0x2c50df9f, L:/127.0.0.1:56854 - R:localhost/127.0.0.1:1461]
16:36:53.149 [Forwarding findElement on session ce58549c9b669d391e23640f16662e7f to remote] DEBUG org.asynchttpclient.netty.request.NettyRequestSender - Using pooled Channel '[id: 0x2c50df9f, L:/127.0.0.1:56854 - R:localhost/127.0.0.1:1461]' for 'POST' to 'http://localhost:1461/session/ce58549c9b669d391e23640f16662e7f/element'
16:36:53.150 [Forwarding findElement on session ce58549c9b669d391e23640f16662e7f to remote] DEBUG org.asynchttpclient.netty.request.NettyRequestSender - Using open Channel [id: 0x2c50df9f, L:/127.0.0.1:56854 - R:localhost/127.0.0.1:1461] for POST '/session/ce58549c9b669d391e23640f16662e7f/element'
16:36:53.176 [AsyncHttpClient-1-5] DEBUG org.asynchttpclient.netty.handler.HttpHandler - 

Request DefaultHttpRequest(decodeResult: success, version: HTTP/1.1)
POST /session/ce58549c9b669d391e23640f16662e7f/element HTTP/1.1
User-Agent: selenium/4.12.1 (java windows)
Content-Length: 63
Content-Type: application/json; charset=utf-8
host: localhost:1461
accept: */*

Response DefaultHttpResponse(decodeResult: success, version: HTTP/1.1)
HTTP/1.1 200 OK
Content-Length: 126
Content-Type: application/json; charset=utf-8
cache-control: no-cache

16:36:53.176 [AsyncHttpClient-1-5] DEBUG org.asynchttpclient.netty.channel.ChannelManager - Adding key: http://localhost:1461 for channel [id: 0x2c50df9f, L:/127.0.0.1:56854 - R:localhost/127.0.0.1:1461]
16:36:53.182 [Forwarding getElementAttribute on session ce58549c9b669d391e23640f16662e7f to remote] DEBUG org.asynchttpclient.netty.request.NettyRequestSender - Using pooled Channel '[id: 0x2c50df9f, L:/127.0.0.1:56854 - R:localhost/127.0.0.1:1461]' for 'POST' to 'http://localhost:1461/session/ce58549c9b669d391e23640f16662e7f/execute/sync'
16:36:53.182 [Forwarding getElementAttribute on session ce58549c9b669d391e23640f16662e7f to remote] DEBUG org.asynchttpclient.netty.request.NettyRequestSender - Using open Channel [id: 0x2c50df9f, L:/127.0.0.1:56854 - R:localhost/127.0.0.1:1461] for POST '/session/ce58549c9b669d391e23640f16662e7f/execute/sync'
16:36:53.201 [AsyncHttpClient-1-5] DEBUG org.asynchttpclient.netty.handler.HttpHandler - 

Request DefaultHttpRequest(decodeResult: success, version: HTTP/1.1)
POST /session/ce58549c9b669d391e23640f16662e7f/execute/sync HTTP/1.1
User-Agent: selenium/4.12.1 (java windows)
Content-Length: 47295
Content-Type: application/json; charset=utf-8
host: localhost:1461
accept: */*

Response DefaultHttpResponse(decodeResult: success, version: HTTP/1.1)
HTTP/1.1 200 OK
Content-Length: 12
Content-Type: application/json; charset=utf-8
cache-control: no-cache

16:36:53.202 [AsyncHttpClient-1-5] DEBUG org.asynchttpclient.netty.channel.ChannelManager - Adding key: http://localhost:1461 for channel [id: 0x2c50df9f, L:/127.0.0.1:56854 - R:localhost/127.0.0.1:1461]
16:36:53.250 [Forwarding findElement on session ce58549c9b669d391e23640f16662e7f to remote] DEBUG org.asynchttpclient.netty.request.NettyRequestSender - Using pooled Channel '[id: 0x2c50df9f, L:/127.0.0.1:56854 - R:localhost/127.0.0.1:1461]' for 'POST' to 'http://localhost:1461/session/ce58549c9b669d391e23640f16662e7f/element'
16:36:53.250 [Forwarding findElement on session ce58549c9b669d391e23640f16662e7f to remote] DEBUG org.asynchttpclient.netty.request.NettyRequestSender - Using open Channel [id: 0x2c50df9f, L:/127.0.0.1:56854 - R:localhost/127.0.0.1:1461] for POST '/session/ce58549c9b669d391e23640f16662e7f/element'
16:36:53.267 [AsyncHttpClient-1-5] DEBUG org.asynchttpclient.netty.handler.HttpHandler - 

Request DefaultHttpRequest(decodeResult: success, version: HTTP/1.1)
POST /session/ce58549c9b669d391e23640f16662e7f/element HTTP/1.1
User-Agent: selenium/4.12.1 (java windows)
Content-Length: 69
Content-Type: application/json; charset=utf-8
host: localhost:1461
accept: */*

Response DefaultHttpResponse(decodeResult: success, version: HTTP/1.1)
HTTP/1.1 200 OK
Content-Length: 126
Content-Type: application/json; charset=utf-8
cache-control: no-cache

16:36:53.267 [AsyncHttpClient-1-5] DEBUG org.asynchttpclient.netty.channel.ChannelManager - Adding key: http://localhost:1461 for channel [id: 0x2c50df9f, L:/127.0.0.1:56854 - R:localhost/127.0.0.1:1461]
16:36:53.270 [Forwarding isElementDisplayed on session ce58549c9b669d391e23640f16662e7f to remote] DEBUG org.asynchttpclient.netty.request.NettyRequestSender - Using pooled Channel '[id: 0x2c50df9f, L:/127.0.0.1:56854 - R:localhost/127.0.0.1:1461]' for 'POST' to 'http://localhost:1461/session/ce58549c9b669d391e23640f16662e7f/execute/sync'
16:36:53.270 [Forwarding isElementDisplayed on session ce58549c9b669d391e23640f16662e7f to remote] DEBUG org.asynchttpclient.netty.request.NettyRequestSender - Using open Channel [id: 0x2c50df9f, L:/127.0.0.1:56854 - R:localhost/127.0.0.1:1461] for POST '/session/ce58549c9b669d391e23640f16662e7f/execute/sync'
16:36:53.288 [AsyncHttpClient-1-5] DEBUG org.asynchttpclient.netty.handler.HttpHandler - 

Request DefaultHttpRequest(decodeResult: success, version: HTTP/1.1)
POST /session/ce58549c9b669d391e23640f16662e7f/execute/sync HTTP/1.1
User-Agent: selenium/4.12.1 (java windows)
Content-Length: 48734
Content-Type: application/json; charset=utf-8
host: localhost:1461
accept: */*

Response DefaultHttpResponse(decodeResult: success, version: HTTP/1.1)
HTTP/1.1 200 OK
Content-Length: 14
Content-Type: application/json; charset=utf-8
cache-control: no-cache

16:36:53.289 [AsyncHttpClient-1-5] DEBUG org.asynchttpclient.netty.channel.ChannelManager - Adding key: http://localhost:1461 for channel [id: 0x2c50df9f, L:/127.0.0.1:56854 - R:localhost/127.0.0.1:1461]
16:36:53.290 [Forwarding findElement on session ce58549c9b669d391e23640f16662e7f to remote] DEBUG org.asynchttpclient.netty.request.NettyRequestSender - Using pooled Channel '[id: 0x2c50df9f, L:/127.0.0.1:56854 - R:localhost/127.0.0.1:1461]' for 'POST' to 'http://localhost:1461/session/ce58549c9b669d391e23640f16662e7f/element'
16:36:53.291 [Forwarding findElement on session ce58549c9b669d391e23640f16662e7f to remote] DEBUG org.asynchttpclient.netty.request.NettyRequestSender - Using open Channel [id: 0x2c50df9f, L:/127.0.0.1:56854 - R:localhost/127.0.0.1:1461] for POST '/session/ce58549c9b669d391e23640f16662e7f/element'
16:36:53.304 [AsyncHttpClient-1-5] DEBUG org.asynchttpclient.netty.handler.HttpHandler - 

Request DefaultHttpRequest(decodeResult: success, version: HTTP/1.1)
POST /session/ce58549c9b669d391e23640f16662e7f/element HTTP/1.1
User-Agent: selenium/4.12.1 (java windows)
Content-Length: 69
Content-Type: application/json; charset=utf-8
host: localhost:1461
accept: */*

Response DefaultHttpResponse(decodeResult: success, version: HTTP/1.1)
HTTP/1.1 200 OK
Content-Length: 126
Content-Type: application/json; charset=utf-8
cache-control: no-cache

16:36:53.305 [AsyncHttpClient-1-5] DEBUG org.asynchttpclient.netty.channel.ChannelManager - Adding key: http://localhost:1461 for channel [id: 0x2c50df9f, L:/127.0.0.1:56854 - R:localhost/127.0.0.1:1461]
16:36:53.308 [Forwarding clickElement on session ce58549c9b669d391e23640f16662e7f to remote] DEBUG org.asynchttpclient.netty.request.NettyRequestSender - Using pooled Channel '[id: 0x2c50df9f, L:/127.0.0.1:56854 - R:localhost/127.0.0.1:1461]' for 'POST' to 'http://localhost:1461/session/ce58549c9b669d391e23640f16662e7f/element/f.06EF3401E30AE3EE31C7C1ABA64024F7.d.25E199E54E50D9516023B87E2077D351.e.24/click'
16:36:53.308 [Forwarding clickElement on session ce58549c9b669d391e23640f16662e7f to remote] DEBUG org.asynchttpclient.netty.request.NettyRequestSender - Using open Channel [id: 0x2c50df9f, L:/127.0.0.1:56854 - R:localhost/127.0.0.1:1461] for POST '/session/ce58549c9b669d391e23640f16662e7f/element/f.06EF3401E30AE3EE31C7C1ABA64024F7.d.25E199E54E50D9516023B87E2077D351.e.24/click'
16:36:53.406 [AsyncHttpClient-1-5] DEBUG org.asynchttpclient.netty.handler.HttpHandler - 

Request DefaultHttpRequest(decodeResult: success, version: HTTP/1.1)
POST /session/ce58549c9b669d391e23640f16662e7f/element/f.06EF3401E30AE3EE31C7C1ABA64024F7.d.25E199E54E50D9516023B87E2077D351.e.24/click HTTP/1.1
User-Agent: selenium/4.12.1 (java windows)
Content-Length: 88
Content-Type: application/json; charset=utf-8
host: localhost:1461
accept: */*

Response DefaultHttpResponse(decodeResult: success, version: HTTP/1.1)
HTTP/1.1 200 OK
Content-Length: 14
Content-Type: application/json; charset=utf-8
cache-control: no-cache

16:36:53.407 [AsyncHttpClient-1-5] DEBUG org.asynchttpclient.netty.channel.ChannelManager - Adding key: http://localhost:1461 for channel [id: 0x2c50df9f, L:/127.0.0.1:56854 - R:localhost/127.0.0.1:1461]
16:36:53.408 [Forwarding findElement on session ce58549c9b669d391e23640f16662e7f to remote] DEBUG org.asynchttpclient.netty.request.NettyRequestSender - Using pooled Channel '[id: 0x2c50df9f, L:/127.0.0.1:56854 - R:localhost/127.0.0.1:1461]' for 'POST' to 'http://localhost:1461/session/ce58549c9b669d391e23640f16662e7f/element'
16:36:53.409 [Forwarding findElement on session ce58549c9b669d391e23640f16662e7f to remote] DEBUG org.asynchttpclient.netty.request.NettyRequestSender - Using open Channel [id: 0x2c50df9f, L:/127.0.0.1:56854 - R:localhost/127.0.0.1:1461] for POST '/session/ce58549c9b669d391e23640f16662e7f/element'
16:36:53.419 [AsyncHttpClient-1-5] DEBUG org.asynchttpclient.netty.handler.HttpHandler - 

Request DefaultHttpRequest(decodeResult: success, version: HTTP/1.1)
POST /session/ce58549c9b669d391e23640f16662e7f/element HTTP/1.1
User-Agent: selenium/4.12.1 (java windows)
Content-Length: 69
Content-Type: application/json; charset=utf-8
host: localhost:1461
accept: */*

Response DefaultHttpResponse(decodeResult: success, version: HTTP/1.1)
HTTP/1.1 200 OK
Content-Length: 126
Content-Type: application/json; charset=utf-8
cache-control: no-cache

16:36:53.420 [AsyncHttpClient-1-5] DEBUG org.asynchttpclient.netty.channel.ChannelManager - Adding key: http://localhost:1461 for channel [id: 0x2c50df9f, L:/127.0.0.1:56854 - R:localhost/127.0.0.1:1461]
16:36:53.421 [Forwarding sendKeysToElement on session ce58549c9b669d391e23640f16662e7f to remote] DEBUG org.asynchttpclient.netty.request.NettyRequestSender - Using pooled Channel '[id: 0x2c50df9f, L:/127.0.0.1:56854 - R:localhost/127.0.0.1:1461]' for 'POST' to 'http://localhost:1461/session/ce58549c9b669d391e23640f16662e7f/element/f.06EF3401E30AE3EE31C7C1ABA64024F7.d.25E199E54E50D9516023B87E2077D351.e.24/value'
16:36:53.421 [Forwarding sendKeysToElement on session ce58549c9b669d391e23640f16662e7f to remote] DEBUG org.asynchttpclient.netty.request.NettyRequestSender - Using open Channel [id: 0x2c50df9f, L:/127.0.0.1:56854 - R:localhost/127.0.0.1:1461] for POST '/session/ce58549c9b669d391e23640f16662e7f/element/f.06EF3401E30AE3EE31C7C1ABA64024F7.d.25E199E54E50D9516023B87E2077D351.e.24/value'
16:36:53.452 [AsyncHttpClient-1-5] DEBUG org.asynchttpclient.netty.handler.HttpHandler - 

Request DefaultHttpRequest(decodeResult: success, version: HTTP/1.1)
POST /session/ce58549c9b669d391e23640f16662e7f/element/f.06EF3401E30AE3EE31C7C1ABA64024F7.d.25E199E54E50D9516023B87E2077D351.e.24/value HTTP/1.1
User-Agent: selenium/4.12.1 (java windows)
Content-Length: 143
Content-Type: application/json; charset=utf-8
host: localhost:1461
accept: */*

Response DefaultHttpResponse(decodeResult: success, version: HTTP/1.1)
HTTP/1.1 200 OK
Content-Length: 14
Content-Type: application/json; charset=utf-8
cache-control: no-cache

16:36:53.452 [AsyncHttpClient-1-5] DEBUG org.asynchttpclient.netty.channel.ChannelManager - Adding key: http://localhost:1461 for channel [id: 0x2c50df9f, L:/127.0.0.1:56854 - R:localhost/127.0.0.1:1461]
16:36:53.453 [Forwarding findElement on session ce58549c9b669d391e23640f16662e7f to remote] DEBUG org.asynchttpclient.netty.request.NettyRequestSender - Using pooled Channel '[id: 0x2c50df9f, L:/127.0.0.1:56854 - R:localhost/127.0.0.1:1461]' for 'POST' to 'http://localhost:1461/session/ce58549c9b669d391e23640f16662e7f/element'
16:36:53.453 [Forwarding findElement on session ce58549c9b669d391e23640f16662e7f to remote] DEBUG org.asynchttpclient.netty.request.NettyRequestSender - Using open Channel [id: 0x2c50df9f, L:/127.0.0.1:56854 - R:localhost/127.0.0.1:1461] for POST '/session/ce58549c9b669d391e23640f16662e7f/element'
16:36:53.462 [AsyncHttpClient-1-5] DEBUG org.asynchttpclient.netty.handler.HttpHandler - 

Request DefaultHttpRequest(decodeResult: success, version: HTTP/1.1)
POST /session/ce58549c9b669d391e23640f16662e7f/element HTTP/1.1
User-Agent: selenium/4.12.1 (java windows)
Content-Length: 69
Content-Type: application/json; charset=utf-8
host: localhost:1461
accept: */*

Response DefaultHttpResponse(decodeResult: success, version: HTTP/1.1)
HTTP/1.1 200 OK
Content-Length: 126
Content-Type: application/json; charset=utf-8
cache-control: no-cache

16:36:53.462 [AsyncHttpClient-1-5] DEBUG org.asynchttpclient.netty.channel.ChannelManager - Adding key: http://localhost:1461 for channel [id: 0x2c50df9f, L:/127.0.0.1:56854 - R:localhost/127.0.0.1:1461]
16:36:53.464 [Forwarding sendKeysToElement on session ce58549c9b669d391e23640f16662e7f to remote] DEBUG org.asynchttpclient.netty.request.NettyRequestSender - Using pooled Channel '[id: 0x2c50df9f, L:/127.0.0.1:56854 - R:localhost/127.0.0.1:1461]' for 'POST' to 'http://localhost:1461/session/ce58549c9b669d391e23640f16662e7f/element/f.06EF3401E30AE3EE31C7C1ABA64024F7.d.25E199E54E50D9516023B87E2077D351.e.24/value'
16:36:53.464 [Forwarding sendKeysToElement on session ce58549c9b669d391e23640f16662e7f to remote] DEBUG org.asynchttpclient.netty.request.NettyRequestSender - Using open Channel [id: 0x2c50df9f, L:/127.0.0.1:56854 - R:localhost/127.0.0.1:1461] for POST '/session/ce58549c9b669d391e23640f16662e7f/element/f.06EF3401E30AE3EE31C7C1ABA64024F7.d.25E199E54E50D9516023B87E2077D351.e.24/value'
16:36:53.542 [AsyncHttpClient-1-5] DEBUG org.asynchttpclient.netty.handler.HttpHandler - 

Request DefaultHttpRequest(decodeResult: success, version: HTTP/1.1)
POST /session/ce58549c9b669d391e23640f16662e7f/element/f.06EF3401E30AE3EE31C7C1ABA64024F7.d.25E199E54E50D9516023B87E2077D351.e.24/value HTTP/1.1
User-Agent: selenium/4.12.1 (java windows)
Content-Length: 133
Content-Type: application/json; charset=utf-8
host: localhost:1461
accept: */*

Response DefaultHttpResponse(decodeResult: success, version: HTTP/1.1)
HTTP/1.1 200 OK
Content-Length: 14
Content-Type: application/json; charset=utf-8
cache-control: no-cache

16:36:53.543 [AsyncHttpClient-1-5] DEBUG org.asynchttpclient.netty.channel.ChannelManager - Adding key: http://localhost:1461 for channel [id: 0x2c50df9f, L:/127.0.0.1:56854 - R:localhost/127.0.0.1:1461]
16:36:53.544 [Forwarding findElement on session ce58549c9b669d391e23640f16662e7f to remote] DEBUG org.asynchttpclient.netty.request.NettyRequestSender - Using pooled Channel '[id: 0x2c50df9f, L:/127.0.0.1:56854 - R:localhost/127.0.0.1:1461]' for 'POST' to 'http://localhost:1461/session/ce58549c9b669d391e23640f16662e7f/element'
16:36:53.544 [Forwarding findElement on session ce58549c9b669d391e23640f16662e7f to remote] DEBUG org.asynchttpclient.netty.request.NettyRequestSender - Using open Channel [id: 0x2c50df9f, L:/127.0.0.1:56854 - R:localhost/127.0.0.1:1461] for POST '/session/ce58549c9b669d391e23640f16662e7f/element'
16:36:53.554 [AsyncHttpClient-1-5] DEBUG org.asynchttpclient.netty.handler.HttpHandler - 

Request DefaultHttpRequest(decodeResult: success, version: HTTP/1.1)
POST /session/ce58549c9b669d391e23640f16662e7f/element HTTP/1.1
User-Agent: selenium/4.12.1 (java windows)
Content-Length: 69
Content-Type: application/json; charset=utf-8
host: localhost:1461
accept: */*

Response DefaultHttpResponse(decodeResult: success, version: HTTP/1.1)
HTTP/1.1 200 OK
Content-Length: 126
Content-Type: application/json; charset=utf-8
cache-control: no-cache

16:36:53.554 [AsyncHttpClient-1-5] DEBUG org.asynchttpclient.netty.channel.ChannelManager - Adding key: http://localhost:1461 for channel [id: 0x2c50df9f, L:/127.0.0.1:56854 - R:localhost/127.0.0.1:1461]
16:36:53.555 [Forwarding clickElement on session ce58549c9b669d391e23640f16662e7f to remote] DEBUG org.asynchttpclient.netty.request.NettyRequestSender - Using pooled Channel '[id: 0x2c50df9f, L:/127.0.0.1:56854 - R:localhost/127.0.0.1:1461]' for 'POST' to 'http://localhost:1461/session/ce58549c9b669d391e23640f16662e7f/element/f.06EF3401E30AE3EE31C7C1ABA64024F7.d.25E199E54E50D9516023B87E2077D351.e.24/click'
16:36:53.555 [Forwarding clickElement on session ce58549c9b669d391e23640f16662e7f to remote] DEBUG org.asynchttpclient.netty.request.NettyRequestSender - Using open Channel [id: 0x2c50df9f, L:/127.0.0.1:56854 - R:localhost/127.0.0.1:1461] for POST '/session/ce58549c9b669d391e23640f16662e7f/element/f.06EF3401E30AE3EE31C7C1ABA64024F7.d.25E199E54E50D9516023B87E2077D351.e.24/click'
16:36:53.604 [AsyncHttpClient-1-5] DEBUG org.asynchttpclient.netty.handler.HttpHandler - 

Request DefaultHttpRequest(decodeResult: success, version: HTTP/1.1)
POST /session/ce58549c9b669d391e23640f16662e7f/element/f.06EF3401E30AE3EE31C7C1ABA64024F7.d.25E199E54E50D9516023B87E2077D351.e.24/click HTTP/1.1
User-Agent: selenium/4.12.1 (java windows)
Content-Length: 88
Content-Type: application/json; charset=utf-8
host: localhost:1461
accept: */*

Response DefaultHttpResponse(decodeResult: success, version: HTTP/1.1)
HTTP/1.1 200 OK
Content-Length: 14
Content-Type: application/json; charset=utf-8
cache-control: no-cache

16:36:53.604 [AsyncHttpClient-1-5] DEBUG org.asynchttpclient.netty.channel.ChannelManager - Adding key: http://localhost:1461 for channel [id: 0x2c50df9f, L:/127.0.0.1:56854 - R:localhost/127.0.0.1:1461]
16:36:53.605 [Forwarding findElement on session ce58549c9b669d391e23640f16662e7f to remote] DEBUG org.asynchttpclient.netty.request.NettyRequestSender - Using pooled Channel '[id: 0x2c50df9f, L:/127.0.0.1:56854 - R:localhost/127.0.0.1:1461]' for 'POST' to 'http://localhost:1461/session/ce58549c9b669d391e23640f16662e7f/element'
16:36:53.605 [Forwarding findElement on session ce58549c9b669d391e23640f16662e7f to remote] DEBUG org.asynchttpclient.netty.request.NettyRequestSender - Using open Channel [id: 0x2c50df9f, L:/127.0.0.1:56854 - R:localhost/127.0.0.1:1461] for POST '/session/ce58549c9b669d391e23640f16662e7f/element'
16:36:53.616 [AsyncHttpClient-1-5] DEBUG org.asynchttpclient.netty.handler.HttpHandler - 

Request DefaultHttpRequest(decodeResult: success, version: HTTP/1.1)
POST /session/ce58549c9b669d391e23640f16662e7f/element HTTP/1.1
User-Agent: selenium/4.12.1 (java windows)
Content-Length: 69
Content-Type: application/json; charset=utf-8
host: localhost:1461
accept: */*

Response DefaultHttpResponse(decodeResult: success, version: HTTP/1.1)
HTTP/1.1 200 OK
Content-Length: 126
Content-Type: application/json; charset=utf-8
cache-control: no-cache

16:36:53.617 [AsyncHttpClient-1-5] DEBUG org.asynchttpclient.netty.channel.ChannelManager - Adding key: http://localhost:1461 for channel [id: 0x2c50df9f, L:/127.0.0.1:56854 - R:localhost/127.0.0.1:1461]
16:36:53.619 [Forwarding sendKeysToElement on session ce58549c9b669d391e23640f16662e7f to remote] DEBUG org.asynchttpclient.netty.request.NettyRequestSender - Using pooled Channel '[id: 0x2c50df9f, L:/127.0.0.1:56854 - R:localhost/127.0.0.1:1461]' for 'POST' to 'http://localhost:1461/session/ce58549c9b669d391e23640f16662e7f/element/f.06EF3401E30AE3EE31C7C1ABA64024F7.d.25E199E54E50D9516023B87E2077D351.e.24/value'
16:36:53.619 [Forwarding sendKeysToElement on session ce58549c9b669d391e23640f16662e7f to remote] DEBUG org.asynchttpclient.netty.request.NettyRequestSender - Using open Channel [id: 0x2c50df9f, L:/127.0.0.1:56854 - R:localhost/127.0.0.1:1461] for POST '/session/ce58549c9b669d391e23640f16662e7f/element/f.06EF3401E30AE3EE31C7C1ABA64024F7.d.25E199E54E50D9516023B87E2077D351.e.24/value'
16:36:53.938 [AsyncHttpClient-1-5] DEBUG org.asynchttpclient.netty.handler.HttpHandler - 

Request DefaultHttpRequest(decodeResult: success, version: HTTP/1.1)
POST /session/ce58549c9b669d391e23640f16662e7f/element/f.06EF3401E30AE3EE31C7C1ABA64024F7.d.25E199E54E50D9516023B87E2077D351.e.24/value HTTP/1.1
User-Agent: selenium/4.12.1 (java windows)
Content-Length: 169
Content-Type: application/json; charset=utf-8
host: localhost:1461
accept: */*

Response DefaultHttpResponse(decodeResult: success, version: HTTP/1.1)
HTTP/1.1 200 OK
Content-Length: 14
Content-Type: application/json; charset=utf-8
cache-control: no-cache

16:36:53.938 [AsyncHttpClient-1-5] DEBUG org.asynchttpclient.netty.channel.ChannelManager - Adding key: http://localhost:1461 for channel [id: 0x2c50df9f, L:/127.0.0.1:56854 - R:localhost/127.0.0.1:1461]
16:36:53.940 [Forwarding findElement on session ce58549c9b669d391e23640f16662e7f to remote] DEBUG org.asynchttpclient.netty.request.NettyRequestSender - Using pooled Channel '[id: 0x2c50df9f, L:/127.0.0.1:56854 - R:localhost/127.0.0.1:1461]' for 'POST' to 'http://localhost:1461/session/ce58549c9b669d391e23640f16662e7f/element'
16:36:53.940 [Forwarding findElement on session ce58549c9b669d391e23640f16662e7f to remote] DEBUG org.asynchttpclient.netty.request.NettyRequestSender - Using open Channel [id: 0x2c50df9f, L:/127.0.0.1:56854 - R:localhost/127.0.0.1:1461] for POST '/session/ce58549c9b669d391e23640f16662e7f/element'
16:36:53.954 [AsyncHttpClient-1-5] DEBUG org.asynchttpclient.netty.handler.HttpHandler - 

Request DefaultHttpRequest(decodeResult: success, version: HTTP/1.1)
POST /session/ce58549c9b669d391e23640f16662e7f/element HTTP/1.1
User-Agent: selenium/4.12.1 (java windows)
Content-Length: 142
Content-Type: application/json; charset=utf-8
host: localhost:1461
accept: */*

Response DefaultHttpResponse(decodeResult: success, version: HTTP/1.1)
HTTP/1.1 200 OK
Content-Length: 126
Content-Type: application/json; charset=utf-8
cache-control: no-cache

16:36:53.954 [AsyncHttpClient-1-5] DEBUG org.asynchttpclient.netty.channel.ChannelManager - Adding key: http://localhost:1461 for channel [id: 0x2c50df9f, L:/127.0.0.1:56854 - R:localhost/127.0.0.1:1461]
16:36:53.956 [Forwarding clickElement on session ce58549c9b669d391e23640f16662e7f to remote] DEBUG org.asynchttpclient.netty.request.NettyRequestSender - Using pooled Channel '[id: 0x2c50df9f, L:/127.0.0.1:56854 - R:localhost/127.0.0.1:1461]' for 'POST' to 'http://localhost:1461/session/ce58549c9b669d391e23640f16662e7f/element/f.06EF3401E30AE3EE31C7C1ABA64024F7.d.25E199E54E50D9516023B87E2077D351.e.90/click'
16:36:53.956 [Forwarding clickElement on session ce58549c9b669d391e23640f16662e7f to remote] DEBUG org.asynchttpclient.netty.request.NettyRequestSender - Using open Channel [id: 0x2c50df9f, L:/127.0.0.1:56854 - R:localhost/127.0.0.1:1461] for POST '/session/ce58549c9b669d391e23640f16662e7f/element/f.06EF3401E30AE3EE31C7C1ABA64024F7.d.25E199E54E50D9516023B87E2077D351.e.90/click'
16:36:54.092 [AsyncHttpClient-1-5] DEBUG org.asynchttpclient.netty.handler.HttpHandler - 

Request DefaultHttpRequest(decodeResult: success, version: HTTP/1.1)
POST /session/ce58549c9b669d391e23640f16662e7f/element/f.06EF3401E30AE3EE31C7C1ABA64024F7.d.25E199E54E50D9516023B87E2077D351.e.90/click HTTP/1.1
User-Agent: selenium/4.12.1 (java windows)
Content-Length: 88
Content-Type: application/json; charset=utf-8
host: localhost:1461
accept: */*

Response DefaultHttpResponse(decodeResult: success, version: HTTP/1.1)
HTTP/1.1 200 OK
Content-Length: 14
Content-Type: application/json; charset=utf-8
cache-control: no-cache

16:36:54.093 [AsyncHttpClient-1-5] DEBUG org.asynchttpclient.netty.channel.ChannelManager - Adding key: http://localhost:1461 for channel [id: 0x2c50df9f, L:/127.0.0.1:56854 - R:localhost/127.0.0.1:1461]
16:36:54.094 [Forwarding findElement on session ce58549c9b669d391e23640f16662e7f to remote] DEBUG org.asynchttpclient.netty.request.NettyRequestSender - Using pooled Channel '[id: 0x2c50df9f, L:/127.0.0.1:56854 - R:localhost/127.0.0.1:1461]' for 'POST' to 'http://localhost:1461/session/ce58549c9b669d391e23640f16662e7f/element'
16:36:54.094 [Forwarding findElement on session ce58549c9b669d391e23640f16662e7f to remote] DEBUG org.asynchttpclient.netty.request.NettyRequestSender - Using open Channel [id: 0x2c50df9f, L:/127.0.0.1:56854 - R:localhost/127.0.0.1:1461] for POST '/session/ce58549c9b669d391e23640f16662e7f/element'
16:36:54.106 [AsyncHttpClient-1-5] DEBUG org.asynchttpclient.netty.handler.HttpHandler - 

Request DefaultHttpRequest(decodeResult: success, version: HTTP/1.1)
POST /session/ce58549c9b669d391e23640f16662e7f/element HTTP/1.1
User-Agent: selenium/4.12.1 (java windows)
Content-Length: 69
Content-Type: application/json; charset=utf-8
host: localhost:1461
accept: */*

Response DefaultHttpResponse(decodeResult: success, version: HTTP/1.1)
HTTP/1.1 200 OK
Content-Length: 126
Content-Type: application/json; charset=utf-8
cache-control: no-cache

16:36:54.106 [AsyncHttpClient-1-5] DEBUG org.asynchttpclient.netty.channel.ChannelManager - Adding key: http://localhost:1461 for channel [id: 0x2c50df9f, L:/127.0.0.1:56854 - R:localhost/127.0.0.1:1461]
16:36:54.110 [Forwarding getElementAttribute on session ce58549c9b669d391e23640f16662e7f to remote] DEBUG org.asynchttpclient.netty.request.NettyRequestSender - Using pooled Channel '[id: 0x2c50df9f, L:/127.0.0.1:56854 - R:localhost/127.0.0.1:1461]' for 'POST' to 'http://localhost:1461/session/ce58549c9b669d391e23640f16662e7f/execute/sync'
16:36:54.110 [Forwarding getElementAttribute on session ce58549c9b669d391e23640f16662e7f to remote] DEBUG org.asynchttpclient.netty.request.NettyRequestSender - Using open Channel [id: 0x2c50df9f, L:/127.0.0.1:56854 - R:localhost/127.0.0.1:1461] for POST '/session/ce58549c9b669d391e23640f16662e7f/execute/sync'
16:36:54.124 [AsyncHttpClient-1-5] DEBUG org.asynchttpclient.netty.handler.HttpHandler - 

Request DefaultHttpRequest(decodeResult: success, version: HTTP/1.1)
POST /session/ce58549c9b669d391e23640f16662e7f/execute/sync HTTP/1.1
User-Agent: selenium/4.12.1 (java windows)
Content-Length: 47295
Content-Type: application/json; charset=utf-8
host: localhost:1461
accept: */*

Response DefaultHttpResponse(decodeResult: success, version: HTTP/1.1)
HTTP/1.1 200 OK
Content-Length: 17
Content-Type: application/json; charset=utf-8
cache-control: no-cache

16:36:54.124 [AsyncHttpClient-1-5] DEBUG org.asynchttpclient.netty.channel.ChannelManager - Adding key: http://localhost:1461 for channel [id: 0x2c50df9f, L:/127.0.0.1:56854 - R:localhost/127.0.0.1:1461]
16:36:54.133 [Forwarding findElement on session ce58549c9b669d391e23640f16662e7f to remote] DEBUG org.asynchttpclient.netty.request.NettyRequestSender - Using pooled Channel '[id: 0x2c50df9f, L:/127.0.0.1:56854 - R:localhost/127.0.0.1:1461]' for 'POST' to 'http://localhost:1461/session/ce58549c9b669d391e23640f16662e7f/element'
16:36:54.133 [Forwarding findElement on session ce58549c9b669d391e23640f16662e7f to remote] DEBUG org.asynchttpclient.netty.request.NettyRequestSender - Using open Channel [id: 0x2c50df9f, L:/127.0.0.1:56854 - R:localhost/127.0.0.1:1461] for POST '/session/ce58549c9b669d391e23640f16662e7f/element'
16:36:54.151 [AsyncHttpClient-1-5] DEBUG org.asynchttpclient.netty.handler.HttpHandler - 

Request DefaultHttpRequest(decodeResult: success, version: HTTP/1.1)
POST /session/ce58549c9b669d391e23640f16662e7f/element HTTP/1.1
User-Agent: selenium/4.12.1 (java windows)
Content-Length: 226
Content-Type: application/json; charset=utf-8
host: localhost:1461
accept: */*

Response DefaultHttpResponse(decodeResult: success, version: HTTP/1.1)
HTTP/1.1 200 OK
Content-Length: 126
Content-Type: application/json; charset=utf-8
cache-control: no-cache

16:36:54.151 [AsyncHttpClient-1-5] DEBUG org.asynchttpclient.netty.channel.ChannelManager - Adding key: http://localhost:1461 for channel [id: 0x2c50df9f, L:/127.0.0.1:56854 - R:localhost/127.0.0.1:1461]
16:36:54.156 [Forwarding isElementDisplayed on session ce58549c9b669d391e23640f16662e7f to remote] DEBUG org.asynchttpclient.netty.request.NettyRequestSender - Using pooled Channel '[id: 0x2c50df9f, L:/127.0.0.1:56854 - R:localhost/127.0.0.1:1461]' for 'POST' to 'http://localhost:1461/session/ce58549c9b669d391e23640f16662e7f/execute/sync'
16:36:54.156 [Forwarding isElementDisplayed on session ce58549c9b669d391e23640f16662e7f to remote] DEBUG org.asynchttpclient.netty.request.NettyRequestSender - Using open Channel [id: 0x2c50df9f, L:/127.0.0.1:56854 - R:localhost/127.0.0.1:1461] for POST '/session/ce58549c9b669d391e23640f16662e7f/execute/sync'
16:36:54.168 [AsyncHttpClient-1-5] DEBUG org.asynchttpclient.netty.handler.HttpHandler - 

Request DefaultHttpRequest(decodeResult: success, version: HTTP/1.1)
POST /session/ce58549c9b669d391e23640f16662e7f/execute/sync HTTP/1.1
User-Agent: selenium/4.12.1 (java windows)
Content-Length: 48734
Content-Type: application/json; charset=utf-8
host: localhost:1461
accept: */*

Response DefaultHttpResponse(decodeResult: success, version: HTTP/1.1)
HTTP/1.1 200 OK
Content-Length: 14
Content-Type: application/json; charset=utf-8
cache-control: no-cache

16:36:54.169 [AsyncHttpClient-1-5] DEBUG org.asynchttpclient.netty.channel.ChannelManager - Adding key: http://localhost:1461 for channel [id: 0x2c50df9f, L:/127.0.0.1:56854 - R:localhost/127.0.0.1:1461]
16:36:54.170 [Forwarding findElement on session ce58549c9b669d391e23640f16662e7f to remote] DEBUG org.asynchttpclient.netty.request.NettyRequestSender - Using pooled Channel '[id: 0x2c50df9f, L:/127.0.0.1:56854 - R:localhost/127.0.0.1:1461]' for 'POST' to 'http://localhost:1461/session/ce58549c9b669d391e23640f16662e7f/element'
16:36:54.170 [Forwarding findElement on session ce58549c9b669d391e23640f16662e7f to remote] DEBUG org.asynchttpclient.netty.request.NettyRequestSender - Using open Channel [id: 0x2c50df9f, L:/127.0.0.1:56854 - R:localhost/127.0.0.1:1461] for POST '/session/ce58549c9b669d391e23640f16662e7f/element'
16:36:54.181 [AsyncHttpClient-1-5] DEBUG org.asynchttpclient.netty.handler.HttpHandler - 

Request DefaultHttpRequest(decodeResult: success, version: HTTP/1.1)
POST /session/ce58549c9b669d391e23640f16662e7f/element HTTP/1.1
User-Agent: selenium/4.12.1 (java windows)
Content-Length: 226
Content-Type: application/json; charset=utf-8
host: localhost:1461
accept: */*

Response DefaultHttpResponse(decodeResult: success, version: HTTP/1.1)
HTTP/1.1 200 OK
Content-Length: 126
Content-Type: application/json; charset=utf-8
cache-control: no-cache

16:36:54.182 [AsyncHttpClient-1-5] DEBUG org.asynchttpclient.netty.channel.ChannelManager - Adding key: http://localhost:1461 for channel [id: 0x2c50df9f, L:/127.0.0.1:56854 - R:localhost/127.0.0.1:1461]
16:36:54.183 [Forwarding clickElement on session ce58549c9b669d391e23640f16662e7f to remote] DEBUG org.asynchttpclient.netty.request.NettyRequestSender - Using pooled Channel '[id: 0x2c50df9f, L:/127.0.0.1:56854 - R:localhost/127.0.0.1:1461]' for 'POST' to 'http://localhost:1461/session/ce58549c9b669d391e23640f16662e7f/element/f.06EF3401E30AE3EE31C7C1ABA64024F7.d.25E199E54E50D9516023B87E2077D351.e.23/click'
16:36:54.184 [Forwarding clickElement on session ce58549c9b669d391e23640f16662e7f to remote] DEBUG org.asynchttpclient.netty.request.NettyRequestSender - Using open Channel [id: 0x2c50df9f, L:/127.0.0.1:56854 - R:localhost/127.0.0.1:1461] for POST '/session/ce58549c9b669d391e23640f16662e7f/element/f.06EF3401E30AE3EE31C7C1ABA64024F7.d.25E199E54E50D9516023B87E2077D351.e.23/click'
16:36:54.269 [AsyncHttpClient-1-5] DEBUG org.asynchttpclient.netty.handler.HttpHandler - 

Request DefaultHttpRequest(decodeResult: success, version: HTTP/1.1)
POST /session/ce58549c9b669d391e23640f16662e7f/element/f.06EF3401E30AE3EE31C7C1ABA64024F7.d.25E199E54E50D9516023B87E2077D351.e.23/click HTTP/1.1
User-Agent: selenium/4.12.1 (java windows)
Content-Length: 88
Content-Type: application/json; charset=utf-8
host: localhost:1461
accept: */*

Response DefaultHttpResponse(decodeResult: success, version: HTTP/1.1)
HTTP/1.1 200 OK
Content-Length: 14
Content-Type: application/json; charset=utf-8
cache-control: no-cache

16:36:54.269 [AsyncHttpClient-1-5] DEBUG org.asynchttpclient.netty.channel.ChannelManager - Adding key: http://localhost:1461 for channel [id: 0x2c50df9f, L:/127.0.0.1:56854 - R:localhost/127.0.0.1:1461]
16:36:54.271 [Forwarding findElement on session ce58549c9b669d391e23640f16662e7f to remote] DEBUG org.asynchttpclient.netty.request.NettyRequestSender - Using pooled Channel '[id: 0x2c50df9f, L:/127.0.0.1:56854 - R:localhost/127.0.0.1:1461]' for 'POST' to 'http://localhost:1461/session/ce58549c9b669d391e23640f16662e7f/element'
16:36:54.271 [Forwarding findElement on session ce58549c9b669d391e23640f16662e7f to remote] DEBUG org.asynchttpclient.netty.request.NettyRequestSender - Using open Channel [id: 0x2c50df9f, L:/127.0.0.1:56854 - R:localhost/127.0.0.1:1461] for POST '/session/ce58549c9b669d391e23640f16662e7f/element'
16:36:54.282 [AsyncHttpClient-1-5] DEBUG org.asynchttpclient.netty.handler.HttpHandler - 

Request DefaultHttpRequest(decodeResult: success, version: HTTP/1.1)
POST /session/ce58549c9b669d391e23640f16662e7f/element HTTP/1.1
User-Agent: selenium/4.12.1 (java windows)
Content-Length: 226
Content-Type: application/json; charset=utf-8
host: localhost:1461
accept: */*

Response DefaultHttpResponse(decodeResult: success, version: HTTP/1.1)
HTTP/1.1 200 OK
Content-Length: 126
Content-Type: application/json; charset=utf-8
cache-control: no-cache

16:36:54.282 [AsyncHttpClient-1-5] DEBUG org.asynchttpclient.netty.channel.ChannelManager - Adding key: http://localhost:1461 for channel [id: 0x2c50df9f, L:/127.0.0.1:56854 - R:localhost/127.0.0.1:1461]
16:36:54.284 [Forwarding sendKeysToElement on session ce58549c9b669d391e23640f16662e7f to remote] DEBUG org.asynchttpclient.netty.request.NettyRequestSender - Using pooled Channel '[id: 0x2c50df9f, L:/127.0.0.1:56854 - R:localhost/127.0.0.1:1461]' for 'POST' to 'http://localhost:1461/session/ce58549c9b669d391e23640f16662e7f/element/f.06EF3401E30AE3EE31C7C1ABA64024F7.d.25E199E54E50D9516023B87E2077D351.e.23/value'
16:36:54.284 [Forwarding sendKeysToElement on session ce58549c9b669d391e23640f16662e7f to remote] DEBUG org.asynchttpclient.netty.request.NettyRequestSender - Using open Channel [id: 0x2c50df9f, L:/127.0.0.1:56854 - R:localhost/127.0.0.1:1461] for POST '/session/ce58549c9b669d391e23640f16662e7f/element/f.06EF3401E30AE3EE31C7C1ABA64024F7.d.25E199E54E50D9516023B87E2077D351.e.23/value'
16:36:54.320 [AsyncHttpClient-1-5] DEBUG org.asynchttpclient.netty.handler.HttpHandler - 

Request DefaultHttpRequest(decodeResult: success, version: HTTP/1.1)
POST /session/ce58549c9b669d391e23640f16662e7f/element/f.06EF3401E30AE3EE31C7C1ABA64024F7.d.25E199E54E50D9516023B87E2077D351.e.23/value HTTP/1.1
User-Agent: selenium/4.12.1 (java windows)
Content-Length: 143
Content-Type: application/json; charset=utf-8
host: localhost:1461
accept: */*

Response DefaultHttpResponse(decodeResult: success, version: HTTP/1.1)
HTTP/1.1 200 OK
Content-Length: 14
Content-Type: application/json; charset=utf-8
cache-control: no-cache

16:36:54.320 [AsyncHttpClient-1-5] DEBUG org.asynchttpclient.netty.channel.ChannelManager - Adding key: http://localhost:1461 for channel [id: 0x2c50df9f, L:/127.0.0.1:56854 - R:localhost/127.0.0.1:1461]
16:36:54.321 [Forwarding findElement on session ce58549c9b669d391e23640f16662e7f to remote] DEBUG org.asynchttpclient.netty.request.NettyRequestSender - Using pooled Channel '[id: 0x2c50df9f, L:/127.0.0.1:56854 - R:localhost/127.0.0.1:1461]' for 'POST' to 'http://localhost:1461/session/ce58549c9b669d391e23640f16662e7f/element'
16:36:54.321 [Forwarding findElement on session ce58549c9b669d391e23640f16662e7f to remote] DEBUG org.asynchttpclient.netty.request.NettyRequestSender - Using open Channel [id: 0x2c50df9f, L:/127.0.0.1:56854 - R:localhost/127.0.0.1:1461] for POST '/session/ce58549c9b669d391e23640f16662e7f/element'
16:36:54.333 [AsyncHttpClient-1-5] DEBUG org.asynchttpclient.netty.handler.HttpHandler - 

Request DefaultHttpRequest(decodeResult: success, version: HTTP/1.1)
POST /session/ce58549c9b669d391e23640f16662e7f/element HTTP/1.1
User-Agent: selenium/4.12.1 (java windows)
Content-Length: 226
Content-Type: application/json; charset=utf-8
host: localhost:1461
accept: */*

Response DefaultHttpResponse(decodeResult: success, version: HTTP/1.1)
HTTP/1.1 200 OK
Content-Length: 126
Content-Type: application/json; charset=utf-8
cache-control: no-cache

16:36:54.333 [AsyncHttpClient-1-5] DEBUG org.asynchttpclient.netty.channel.ChannelManager - Adding key: http://localhost:1461 for channel [id: 0x2c50df9f, L:/127.0.0.1:56854 - R:localhost/127.0.0.1:1461]
16:36:54.334 [Forwarding sendKeysToElement on session ce58549c9b669d391e23640f16662e7f to remote] DEBUG org.asynchttpclient.netty.request.NettyRequestSender - Using pooled Channel '[id: 0x2c50df9f, L:/127.0.0.1:56854 - R:localhost/127.0.0.1:1461]' for 'POST' to 'http://localhost:1461/session/ce58549c9b669d391e23640f16662e7f/element/f.06EF3401E30AE3EE31C7C1ABA64024F7.d.25E199E54E50D9516023B87E2077D351.e.23/value'
16:36:54.334 [Forwarding sendKeysToElement on session ce58549c9b669d391e23640f16662e7f to remote] DEBUG org.asynchttpclient.netty.request.NettyRequestSender - Using open Channel [id: 0x2c50df9f, L:/127.0.0.1:56854 - R:localhost/127.0.0.1:1461] for POST '/session/ce58549c9b669d391e23640f16662e7f/element/f.06EF3401E30AE3EE31C7C1ABA64024F7.d.25E199E54E50D9516023B87E2077D351.e.23/value'
16:36:54.419 [AsyncHttpClient-1-5] DEBUG org.asynchttpclient.netty.handler.HttpHandler - 

Request DefaultHttpRequest(decodeResult: success, version: HTTP/1.1)
POST /session/ce58549c9b669d391e23640f16662e7f/element/f.06EF3401E30AE3EE31C7C1ABA64024F7.d.25E199E54E50D9516023B87E2077D351.e.23/value HTTP/1.1
User-Agent: selenium/4.12.1 (java windows)
Content-Length: 133
Content-Type: application/json; charset=utf-8
host: localhost:1461
accept: */*

Response DefaultHttpResponse(decodeResult: success, version: HTTP/1.1)
HTTP/1.1 200 OK
Content-Length: 14
Content-Type: application/json; charset=utf-8
cache-control: no-cache

16:36:54.420 [AsyncHttpClient-1-5] DEBUG org.asynchttpclient.netty.channel.ChannelManager - Adding key: http://localhost:1461 for channel [id: 0x2c50df9f, L:/127.0.0.1:56854 - R:localhost/127.0.0.1:1461]
16:36:54.420 [Forwarding findElement on session ce58549c9b669d391e23640f16662e7f to remote] DEBUG org.asynchttpclient.netty.request.NettyRequestSender - Using pooled Channel '[id: 0x2c50df9f, L:/127.0.0.1:56854 - R:localhost/127.0.0.1:1461]' for 'POST' to 'http://localhost:1461/session/ce58549c9b669d391e23640f16662e7f/element'
16:36:54.420 [Forwarding findElement on session ce58549c9b669d391e23640f16662e7f to remote] DEBUG org.asynchttpclient.netty.request.NettyRequestSender - Using open Channel [id: 0x2c50df9f, L:/127.0.0.1:56854 - R:localhost/127.0.0.1:1461] for POST '/session/ce58549c9b669d391e23640f16662e7f/element'
16:36:54.431 [AsyncHttpClient-1-5] DEBUG org.asynchttpclient.netty.handler.HttpHandler - 

Request DefaultHttpRequest(decodeResult: success, version: HTTP/1.1)
POST /session/ce58549c9b669d391e23640f16662e7f/element HTTP/1.1
User-Agent: selenium/4.12.1 (java windows)
Content-Length: 226
Content-Type: application/json; charset=utf-8
host: localhost:1461
accept: */*

Response DefaultHttpResponse(decodeResult: success, version: HTTP/1.1)
HTTP/1.1 200 OK
Content-Length: 126
Content-Type: application/json; charset=utf-8
cache-control: no-cache

16:36:54.431 [AsyncHttpClient-1-5] DEBUG org.asynchttpclient.netty.channel.ChannelManager - Adding key: http://localhost:1461 for channel [id: 0x2c50df9f, L:/127.0.0.1:56854 - R:localhost/127.0.0.1:1461]
16:36:54.432 [Forwarding clickElement on session ce58549c9b669d391e23640f16662e7f to remote] DEBUG org.asynchttpclient.netty.request.NettyRequestSender - Using pooled Channel '[id: 0x2c50df9f, L:/127.0.0.1:56854 - R:localhost/127.0.0.1:1461]' for 'POST' to 'http://localhost:1461/session/ce58549c9b669d391e23640f16662e7f/element/f.06EF3401E30AE3EE31C7C1ABA64024F7.d.25E199E54E50D9516023B87E2077D351.e.23/click'
16:36:54.432 [Forwarding clickElement on session ce58549c9b669d391e23640f16662e7f to remote] DEBUG org.asynchttpclient.netty.request.NettyRequestSender - Using open Channel [id: 0x2c50df9f, L:/127.0.0.1:56854 - R:localhost/127.0.0.1:1461] for POST '/session/ce58549c9b669d391e23640f16662e7f/element/f.06EF3401E30AE3EE31C7C1ABA64024F7.d.25E199E54E50D9516023B87E2077D351.e.23/click'
16:36:54.484 [AsyncHttpClient-1-5] DEBUG org.asynchttpclient.netty.handler.HttpHandler - 

Request DefaultHttpRequest(decodeResult: success, version: HTTP/1.1)
POST /session/ce58549c9b669d391e23640f16662e7f/element/f.06EF3401E30AE3EE31C7C1ABA64024F7.d.25E199E54E50D9516023B87E2077D351.e.23/click HTTP/1.1
User-Agent: selenium/4.12.1 (java windows)
Content-Length: 88
Content-Type: application/json; charset=utf-8
host: localhost:1461
accept: */*

Response DefaultHttpResponse(decodeResult: success, version: HTTP/1.1)
HTTP/1.1 200 OK
Content-Length: 14
Content-Type: application/json; charset=utf-8
cache-control: no-cache

16:36:54.484 [AsyncHttpClient-1-5] DEBUG org.asynchttpclient.netty.channel.ChannelManager - Adding key: http://localhost:1461 for channel [id: 0x2c50df9f, L:/127.0.0.1:56854 - R:localhost/127.0.0.1:1461]
16:36:54.485 [Forwarding findElement on session ce58549c9b669d391e23640f16662e7f to remote] DEBUG org.asynchttpclient.netty.request.NettyRequestSender - Using pooled Channel '[id: 0x2c50df9f, L:/127.0.0.1:56854 - R:localhost/127.0.0.1:1461]' for 'POST' to 'http://localhost:1461/session/ce58549c9b669d391e23640f16662e7f/element'
16:36:54.485 [Forwarding findElement on session ce58549c9b669d391e23640f16662e7f to remote] DEBUG org.asynchttpclient.netty.request.NettyRequestSender - Using open Channel [id: 0x2c50df9f, L:/127.0.0.1:56854 - R:localhost/127.0.0.1:1461] for POST '/session/ce58549c9b669d391e23640f16662e7f/element'
16:36:54.496 [AsyncHttpClient-1-5] DEBUG org.asynchttpclient.netty.handler.HttpHandler - 

Request DefaultHttpRequest(decodeResult: success, version: HTTP/1.1)
POST /session/ce58549c9b669d391e23640f16662e7f/element HTTP/1.1
User-Agent: selenium/4.12.1 (java windows)
Content-Length: 226
Content-Type: application/json; charset=utf-8
host: localhost:1461
accept: */*

Response DefaultHttpResponse(decodeResult: success, version: HTTP/1.1)
HTTP/1.1 200 OK
Content-Length: 126
Content-Type: application/json; charset=utf-8
cache-control: no-cache

16:36:54.497 [AsyncHttpClient-1-5] DEBUG org.asynchttpclient.netty.channel.ChannelManager - Adding key: http://localhost:1461 for channel [id: 0x2c50df9f, L:/127.0.0.1:56854 - R:localhost/127.0.0.1:1461]
16:36:54.499 [Forwarding sendKeysToElement on session ce58549c9b669d391e23640f16662e7f to remote] DEBUG org.asynchttpclient.netty.request.NettyRequestSender - Using pooled Channel '[id: 0x2c50df9f, L:/127.0.0.1:56854 - R:localhost/127.0.0.1:1461]' for 'POST' to 'http://localhost:1461/session/ce58549c9b669d391e23640f16662e7f/element/f.06EF3401E30AE3EE31C7C1ABA64024F7.d.25E199E54E50D9516023B87E2077D351.e.23/value'
16:36:54.499 [Forwarding sendKeysToElement on session ce58549c9b669d391e23640f16662e7f to remote] DEBUG org.asynchttpclient.netty.request.NettyRequestSender - Using open Channel [id: 0x2c50df9f, L:/127.0.0.1:56854 - R:localhost/127.0.0.1:1461] for POST '/session/ce58549c9b669d391e23640f16662e7f/element/f.06EF3401E30AE3EE31C7C1ABA64024F7.d.25E199E54E50D9516023B87E2077D351.e.23/value'
16:37:03.244 [AsyncHttpClient-1-5] DEBUG org.asynchttpclient.netty.handler.HttpHandler - 

Request DefaultHttpRequest(decodeResult: success, version: HTTP/1.1)
POST /session/ce58549c9b669d391e23640f16662e7f/element/f.06EF3401E30AE3EE31C7C1ABA64024F7.d.25E199E54E50D9516023B87E2077D351.e.23/value HTTP/1.1
User-Agent: selenium/4.12.1 (java windows)
Content-Length: 229
Content-Type: application/json; charset=utf-8
host: localhost:1461
accept: */*

Response DefaultHttpResponse(decodeResult: success, version: HTTP/1.1)
HTTP/1.1 200 OK
Content-Length: 14
Content-Type: application/json; charset=utf-8
cache-control: no-cache

16:37:03.244 [AsyncHttpClient-1-5] DEBUG org.asynchttpclient.netty.channel.ChannelManager - Adding key: http://localhost:1461 for channel [id: 0x2c50df9f, L:/127.0.0.1:56854 - R:localhost/127.0.0.1:1461]
16:37:03.246 [Forwarding findElement on session ce58549c9b669d391e23640f16662e7f to remote] DEBUG org.asynchttpclient.netty.request.NettyRequestSender - Using pooled Channel '[id: 0x2c50df9f, L:/127.0.0.1:56854 - R:localhost/127.0.0.1:1461]' for 'POST' to 'http://localhost:1461/session/ce58549c9b669d391e23640f16662e7f/element'
16:37:03.246 [Forwarding findElement on session ce58549c9b669d391e23640f16662e7f to remote] DEBUG org.asynchttpclient.netty.request.NettyRequestSender - Using open Channel [id: 0x2c50df9f, L:/127.0.0.1:56854 - R:localhost/127.0.0.1:1461] for POST '/session/ce58549c9b669d391e23640f16662e7f/element'
16:37:03.282 [AsyncHttpClient-1-5] DEBUG org.asynchttpclient.netty.handler.HttpHandler - 

Request DefaultHttpRequest(decodeResult: success, version: HTTP/1.1)
POST /session/ce58549c9b669d391e23640f16662e7f/element HTTP/1.1
User-Agent: selenium/4.12.1 (java windows)
Content-Length: 142
Content-Type: application/json; charset=utf-8
host: localhost:1461
accept: */*

Response DefaultHttpResponse(decodeResult: success, version: HTTP/1.1)
HTTP/1.1 200 OK
Content-Length: 126
Content-Type: application/json; charset=utf-8
cache-control: no-cache

16:37:03.282 [AsyncHttpClient-1-5] DEBUG org.asynchttpclient.netty.channel.ChannelManager - Adding key: http://localhost:1461 for channel [id: 0x2c50df9f, L:/127.0.0.1:56854 - R:localhost/127.0.0.1:1461]
16:37:03.284 [Forwarding clickElement on session ce58549c9b669d391e23640f16662e7f to remote] DEBUG org.asynchttpclient.netty.request.NettyRequestSender - Using pooled Channel '[id: 0x2c50df9f, L:/127.0.0.1:56854 - R:localhost/127.0.0.1:1461]' for 'POST' to 'http://localhost:1461/session/ce58549c9b669d391e23640f16662e7f/element/f.06EF3401E30AE3EE31C7C1ABA64024F7.d.25E199E54E50D9516023B87E2077D351.e.90/click'
16:37:03.284 [Forwarding clickElement on session ce58549c9b669d391e23640f16662e7f to remote] DEBUG org.asynchttpclient.netty.request.NettyRequestSender - Using open Channel [id: 0x2c50df9f, L:/127.0.0.1:56854 - R:localhost/127.0.0.1:1461] for POST '/session/ce58549c9b669d391e23640f16662e7f/element/f.06EF3401E30AE3EE31C7C1ABA64024F7.d.25E199E54E50D9516023B87E2077D351.e.90/click'
16:37:03.467 [AsyncHttpClient-1-5] DEBUG org.asynchttpclient.netty.handler.HttpHandler - 

Request DefaultHttpRequest(decodeResult: success, version: HTTP/1.1)
POST /session/ce58549c9b669d391e23640f16662e7f/element/f.06EF3401E30AE3EE31C7C1ABA64024F7.d.25E199E54E50D9516023B87E2077D351.e.90/click HTTP/1.1
User-Agent: selenium/4.12.1 (java windows)
Content-Length: 88
Content-Type: application/json; charset=utf-8
host: localhost:1461
accept: */*

Response DefaultHttpResponse(decodeResult: success, version: HTTP/1.1)
HTTP/1.1 200 OK
Content-Length: 14
Content-Type: application/json; charset=utf-8
cache-control: no-cache

16:37:03.467 [AsyncHttpClient-1-5] DEBUG org.asynchttpclient.netty.channel.ChannelManager - Adding key: http://localhost:1461 for channel [id: 0x2c50df9f, L:/127.0.0.1:56854 - R:localhost/127.0.0.1:1461]
16:37:03.469 [Forwarding findElement on session ce58549c9b669d391e23640f16662e7f to remote] DEBUG org.asynchttpclient.netty.request.NettyRequestSender - Using pooled Channel '[id: 0x2c50df9f, L:/127.0.0.1:56854 - R:localhost/127.0.0.1:1461]' for 'POST' to 'http://localhost:1461/session/ce58549c9b669d391e23640f16662e7f/element'
16:37:03.469 [Forwarding findElement on session ce58549c9b669d391e23640f16662e7f to remote] DEBUG org.asynchttpclient.netty.request.NettyRequestSender - Using open Channel [id: 0x2c50df9f, L:/127.0.0.1:56854 - R:localhost/127.0.0.1:1461] for POST '/session/ce58549c9b669d391e23640f16662e7f/element'
16:37:03.480 [AsyncHttpClient-1-5] DEBUG org.asynchttpclient.netty.handler.HttpHandler - 

Request DefaultHttpRequest(decodeResult: success, version: HTTP/1.1)
POST /session/ce58549c9b669d391e23640f16662e7f/element HTTP/1.1
User-Agent: selenium/4.12.1 (java windows)
Content-Length: 226
Content-Type: application/json; charset=utf-8
host: localhost:1461
accept: */*

Response DefaultHttpResponse(decodeResult: success, version: HTTP/1.1)
HTTP/1.1 200 OK
Content-Length: 126
Content-Type: application/json; charset=utf-8
cache-control: no-cache

16:37:03.480 [AsyncHttpClient-1-5] DEBUG org.asynchttpclient.netty.channel.ChannelManager - Adding key: http://localhost:1461 for channel [id: 0x2c50df9f, L:/127.0.0.1:56854 - R:localhost/127.0.0.1:1461]
16:37:03.483 [Forwarding getElementAttribute on session ce58549c9b669d391e23640f16662e7f to remote] DEBUG org.asynchttpclient.netty.request.NettyRequestSender - Using pooled Channel '[id: 0x2c50df9f, L:/127.0.0.1:56854 - R:localhost/127.0.0.1:1461]' for 'POST' to 'http://localhost:1461/session/ce58549c9b669d391e23640f16662e7f/execute/sync'
16:37:03.483 [Forwarding getElementAttribute on session ce58549c9b669d391e23640f16662e7f to remote] DEBUG org.asynchttpclient.netty.request.NettyRequestSender - Using open Channel [id: 0x2c50df9f, L:/127.0.0.1:56854 - R:localhost/127.0.0.1:1461] for POST '/session/ce58549c9b669d391e23640f16662e7f/execute/sync'
16:37:03.494 [AsyncHttpClient-1-5] DEBUG org.asynchttpclient.netty.handler.HttpHandler - 

Request DefaultHttpRequest(decodeResult: success, version: HTTP/1.1)
POST /session/ce58549c9b669d391e23640f16662e7f/execute/sync HTTP/1.1
User-Agent: selenium/4.12.1 (java windows)
Content-Length: 47295
Content-Type: application/json; charset=utf-8
host: localhost:1461
accept: */*

Response DefaultHttpResponse(decodeResult: success, version: HTTP/1.1)
HTTP/1.1 200 OK
Content-Length: 30
Content-Type: application/json; charset=utf-8
cache-control: no-cache

16:37:03.494 [AsyncHttpClient-1-5] DEBUG org.asynchttpclient.netty.channel.ChannelManager - Adding key: http://localhost:1461 for channel [id: 0x2c50df9f, L:/127.0.0.1:56854 - R:localhost/127.0.0.1:1461]
16:37:03.504 [Forwarding findElement on session ce58549c9b669d391e23640f16662e7f to remote] DEBUG org.asynchttpclient.netty.request.NettyRequestSender - Using pooled Channel '[id: 0x2c50df9f, L:/127.0.0.1:56854 - R:localhost/127.0.0.1:1461]' for 'POST' to 'http://localhost:1461/session/ce58549c9b669d391e23640f16662e7f/element'
16:37:03.504 [Forwarding findElement on session ce58549c9b669d391e23640f16662e7f to remote] DEBUG org.asynchttpclient.netty.request.NettyRequestSender - Using open Channel [id: 0x2c50df9f, L:/127.0.0.1:56854 - R:localhost/127.0.0.1:1461] for POST '/session/ce58549c9b669d391e23640f16662e7f/element'
16:37:03.514 [AsyncHttpClient-1-5] DEBUG org.asynchttpclient.netty.handler.HttpHandler - 

Request DefaultHttpRequest(decodeResult: success, version: HTTP/1.1)
POST /session/ce58549c9b669d391e23640f16662e7f/element HTTP/1.1
User-Agent: selenium/4.12.1 (java windows)
Content-Length: 226
Content-Type: application/json; charset=utf-8
host: localhost:1461
accept: */*

Response DefaultHttpResponse(decodeResult: success, version: HTTP/1.1)
HTTP/1.1 200 OK
Content-Length: 126
Content-Type: application/json; charset=utf-8
cache-control: no-cache

16:37:03.514 [AsyncHttpClient-1-5] DEBUG org.asynchttpclient.netty.channel.ChannelManager - Adding key: http://localhost:1461 for channel [id: 0x2c50df9f, L:/127.0.0.1:56854 - R:localhost/127.0.0.1:1461]
16:37:03.517 [Forwarding isElementDisplayed on session ce58549c9b669d391e23640f16662e7f to remote] DEBUG org.asynchttpclient.netty.request.NettyRequestSender - Using pooled Channel '[id: 0x2c50df9f, L:/127.0.0.1:56854 - R:localhost/127.0.0.1:1461]' for 'POST' to 'http://localhost:1461/session/ce58549c9b669d391e23640f16662e7f/execute/sync'
16:37:03.517 [Forwarding isElementDisplayed on session ce58549c9b669d391e23640f16662e7f to remote] DEBUG org.asynchttpclient.netty.request.NettyRequestSender - Using open Channel [id: 0x2c50df9f, L:/127.0.0.1:56854 - R:localhost/127.0.0.1:1461] for POST '/session/ce58549c9b669d391e23640f16662e7f/execute/sync'
16:37:03.532 [AsyncHttpClient-1-5] DEBUG org.asynchttpclient.netty.handler.HttpHandler - 

Request DefaultHttpRequest(decodeResult: success, version: HTTP/1.1)
POST /session/ce58549c9b669d391e23640f16662e7f/execute/sync HTTP/1.1
User-Agent: selenium/4.12.1 (java windows)
Content-Length: 48734
Content-Type: application/json; charset=utf-8
host: localhost:1461
accept: */*

Response DefaultHttpResponse(decodeResult: success, version: HTTP/1.1)
HTTP/1.1 200 OK
Content-Length: 14
Content-Type: application/json; charset=utf-8
cache-control: no-cache

16:37:03.532 [AsyncHttpClient-1-5] DEBUG org.asynchttpclient.netty.channel.ChannelManager - Adding key: http://localhost:1461 for channel [id: 0x2c50df9f, L:/127.0.0.1:56854 - R:localhost/127.0.0.1:1461]
16:37:03.533 [Forwarding findElement on session ce58549c9b669d391e23640f16662e7f to remote] DEBUG org.asynchttpclient.netty.request.NettyRequestSender - Using pooled Channel '[id: 0x2c50df9f, L:/127.0.0.1:56854 - R:localhost/127.0.0.1:1461]' for 'POST' to 'http://localhost:1461/session/ce58549c9b669d391e23640f16662e7f/element'
16:37:03.533 [Forwarding findElement on session ce58549c9b669d391e23640f16662e7f to remote] DEBUG org.asynchttpclient.netty.request.NettyRequestSender - Using open Channel [id: 0x2c50df9f, L:/127.0.0.1:56854 - R:localhost/127.0.0.1:1461] for POST '/session/ce58549c9b669d391e23640f16662e7f/element'
16:37:03.544 [AsyncHttpClient-1-5] DEBUG org.asynchttpclient.netty.handler.HttpHandler - 

Request DefaultHttpRequest(decodeResult: success, version: HTTP/1.1)
POST /session/ce58549c9b669d391e23640f16662e7f/element HTTP/1.1
User-Agent: selenium/4.12.1 (java windows)
Content-Length: 226
Content-Type: application/json; charset=utf-8
host: localhost:1461
accept: */*

Response DefaultHttpResponse(decodeResult: success, version: HTTP/1.1)
HTTP/1.1 200 OK
Content-Length: 126
Content-Type: application/json; charset=utf-8
cache-control: no-cache

16:37:03.544 [AsyncHttpClient-1-5] DEBUG org.asynchttpclient.netty.channel.ChannelManager - Adding key: http://localhost:1461 for channel [id: 0x2c50df9f, L:/127.0.0.1:56854 - R:localhost/127.0.0.1:1461]
16:37:03.546 [Forwarding clickElement on session ce58549c9b669d391e23640f16662e7f to remote] DEBUG org.asynchttpclient.netty.request.NettyRequestSender - Using pooled Channel '[id: 0x2c50df9f, L:/127.0.0.1:56854 - R:localhost/127.0.0.1:1461]' for 'POST' to 'http://localhost:1461/session/ce58549c9b669d391e23640f16662e7f/element/f.06EF3401E30AE3EE31C7C1ABA64024F7.d.25E199E54E50D9516023B87E2077D351.e.23/click'
16:37:03.546 [Forwarding clickElement on session ce58549c9b669d391e23640f16662e7f to remote] DEBUG org.asynchttpclient.netty.request.NettyRequestSender - Using open Channel [id: 0x2c50df9f, L:/127.0.0.1:56854 - R:localhost/127.0.0.1:1461] for POST '/session/ce58549c9b669d391e23640f16662e7f/element/f.06EF3401E30AE3EE31C7C1ABA64024F7.d.25E199E54E50D9516023B87E2077D351.e.23/click'
16:37:03.621 [AsyncHttpClient-1-5] DEBUG org.asynchttpclient.netty.handler.HttpHandler - 

Request DefaultHttpRequest(decodeResult: success, version: HTTP/1.1)
POST /session/ce58549c9b669d391e23640f16662e7f/element/f.06EF3401E30AE3EE31C7C1ABA64024F7.d.25E199E54E50D9516023B87E2077D351.e.23/click HTTP/1.1
User-Agent: selenium/4.12.1 (java windows)
Content-Length: 88
Content-Type: application/json; charset=utf-8
host: localhost:1461
accept: */*

Response DefaultHttpResponse(decodeResult: success, version: HTTP/1.1)
HTTP/1.1 200 OK
Content-Length: 14
Content-Type: application/json; charset=utf-8
cache-control: no-cache

16:37:03.621 [AsyncHttpClient-1-5] DEBUG org.asynchttpclient.netty.channel.ChannelManager - Adding key: http://localhost:1461 for channel [id: 0x2c50df9f, L:/127.0.0.1:56854 - R:localhost/127.0.0.1:1461]
16:37:03.623 [Forwarding findElement on session ce58549c9b669d391e23640f16662e7f to remote] DEBUG org.asynchttpclient.netty.request.NettyRequestSender - Using pooled Channel '[id: 0x2c50df9f, L:/127.0.0.1:56854 - R:localhost/127.0.0.1:1461]' for 'POST' to 'http://localhost:1461/session/ce58549c9b669d391e23640f16662e7f/element'
16:37:03.623 [Forwarding findElement on session ce58549c9b669d391e23640f16662e7f to remote] DEBUG org.asynchttpclient.netty.request.NettyRequestSender - Using open Channel [id: 0x2c50df9f, L:/127.0.0.1:56854 - R:localhost/127.0.0.1:1461] for POST '/session/ce58549c9b669d391e23640f16662e7f/element'
16:37:03.636 [AsyncHttpClient-1-5] DEBUG org.asynchttpclient.netty.handler.HttpHandler - 

Request DefaultHttpRequest(decodeResult: success, version: HTTP/1.1)
POST /session/ce58549c9b669d391e23640f16662e7f/element HTTP/1.1
User-Agent: selenium/4.12.1 (java windows)
Content-Length: 226
Content-Type: application/json; charset=utf-8
host: localhost:1461
accept: */*

Response DefaultHttpResponse(decodeResult: success, version: HTTP/1.1)
HTTP/1.1 200 OK
Content-Length: 126
Content-Type: application/json; charset=utf-8
cache-control: no-cache

16:37:03.636 [AsyncHttpClient-1-5] DEBUG org.asynchttpclient.netty.channel.ChannelManager - Adding key: http://localhost:1461 for channel [id: 0x2c50df9f, L:/127.0.0.1:56854 - R:localhost/127.0.0.1:1461]
16:37:03.638 [Forwarding sendKeysToElement on session ce58549c9b669d391e23640f16662e7f to remote] DEBUG org.asynchttpclient.netty.request.NettyRequestSender - Using pooled Channel '[id: 0x2c50df9f, L:/127.0.0.1:56854 - R:localhost/127.0.0.1:1461]' for 'POST' to 'http://localhost:1461/session/ce58549c9b669d391e23640f16662e7f/element/f.06EF3401E30AE3EE31C7C1ABA64024F7.d.25E199E54E50D9516023B87E2077D351.e.23/value'
16:37:03.638 [Forwarding sendKeysToElement on session ce58549c9b669d391e23640f16662e7f to remote] DEBUG org.asynchttpclient.netty.request.NettyRequestSender - Using open Channel [id: 0x2c50df9f, L:/127.0.0.1:56854 - R:localhost/127.0.0.1:1461] for POST '/session/ce58549c9b669d391e23640f16662e7f/element/f.06EF3401E30AE3EE31C7C1ABA64024F7.d.25E199E54E50D9516023B87E2077D351.e.23/value'
16:37:03.671 [AsyncHttpClient-1-5] DEBUG org.asynchttpclient.netty.handler.HttpHandler - 

Request DefaultHttpRequest(decodeResult: success, version: HTTP/1.1)
POST /session/ce58549c9b669d391e23640f16662e7f/element/f.06EF3401E30AE3EE31C7C1ABA64024F7.d.25E199E54E50D9516023B87E2077D351.e.23/value HTTP/1.1
User-Agent: selenium/4.12.1 (java windows)
Content-Length: 143
Content-Type: application/json; charset=utf-8
host: localhost:1461
accept: */*

Response DefaultHttpResponse(decodeResult: success, version: HTTP/1.1)
HTTP/1.1 200 OK
Content-Length: 14
Content-Type: application/json; charset=utf-8
cache-control: no-cache

16:37:03.671 [AsyncHttpClient-1-5] DEBUG org.asynchttpclient.netty.channel.ChannelManager - Adding key: http://localhost:1461 for channel [id: 0x2c50df9f, L:/127.0.0.1:56854 - R:localhost/127.0.0.1:1461]
16:37:03.673 [Forwarding findElement on session ce58549c9b669d391e23640f16662e7f to remote] DEBUG org.asynchttpclient.netty.request.NettyRequestSender - Using pooled Channel '[id: 0x2c50df9f, L:/127.0.0.1:56854 - R:localhost/127.0.0.1:1461]' for 'POST' to 'http://localhost:1461/session/ce58549c9b669d391e23640f16662e7f/element'
16:37:03.673 [Forwarding findElement on session ce58549c9b669d391e23640f16662e7f to remote] DEBUG org.asynchttpclient.netty.request.NettyRequestSender - Using open Channel [id: 0x2c50df9f, L:/127.0.0.1:56854 - R:localhost/127.0.0.1:1461] for POST '/session/ce58549c9b669d391e23640f16662e7f/element'
16:37:03.685 [AsyncHttpClient-1-5] DEBUG org.asynchttpclient.netty.handler.HttpHandler - 

Request DefaultHttpRequest(decodeResult: success, version: HTTP/1.1)
POST /session/ce58549c9b669d391e23640f16662e7f/element HTTP/1.1
User-Agent: selenium/4.12.1 (java windows)
Content-Length: 226
Content-Type: application/json; charset=utf-8
host: localhost:1461
accept: */*

Response DefaultHttpResponse(decodeResult: success, version: HTTP/1.1)
HTTP/1.1 200 OK
Content-Length: 126
Content-Type: application/json; charset=utf-8
cache-control: no-cache

16:37:03.686 [AsyncHttpClient-1-5] DEBUG org.asynchttpclient.netty.channel.ChannelManager - Adding key: http://localhost:1461 for channel [id: 0x2c50df9f, L:/127.0.0.1:56854 - R:localhost/127.0.0.1:1461]
16:37:03.688 [Forwarding sendKeysToElement on session ce58549c9b669d391e23640f16662e7f to remote] DEBUG org.asynchttpclient.netty.request.NettyRequestSender - Using pooled Channel '[id: 0x2c50df9f, L:/127.0.0.1:56854 - R:localhost/127.0.0.1:1461]' for 'POST' to 'http://localhost:1461/session/ce58549c9b669d391e23640f16662e7f/element/f.06EF3401E30AE3EE31C7C1ABA64024F7.d.25E199E54E50D9516023B87E2077D351.e.23/value'
16:37:03.688 [Forwarding sendKeysToElement on session ce58549c9b669d391e23640f16662e7f to remote] DEBUG org.asynchttpclient.netty.request.NettyRequestSender - Using open Channel [id: 0x2c50df9f, L:/127.0.0.1:56854 - R:localhost/127.0.0.1:1461] for POST '/session/ce58549c9b669d391e23640f16662e7f/element/f.06EF3401E30AE3EE31C7C1ABA64024F7.d.25E199E54E50D9516023B87E2077D351.e.23/value'
16:37:03.816 [AsyncHttpClient-1-5] DEBUG org.asynchttpclient.netty.handler.HttpHandler - 

Request DefaultHttpRequest(decodeResult: success, version: HTTP/1.1)
POST /session/ce58549c9b669d391e23640f16662e7f/element/f.06EF3401E30AE3EE31C7C1ABA64024F7.d.25E199E54E50D9516023B87E2077D351.e.23/value HTTP/1.1
User-Agent: selenium/4.12.1 (java windows)
Content-Length: 133
Content-Type: application/json; charset=utf-8
host: localhost:1461
accept: */*

Response DefaultHttpResponse(decodeResult: success, version: HTTP/1.1)
HTTP/1.1 200 OK
Content-Length: 14
Content-Type: application/json; charset=utf-8
cache-control: no-cache

16:37:03.816 [AsyncHttpClient-1-5] DEBUG org.asynchttpclient.netty.channel.ChannelManager - Adding key: http://localhost:1461 for channel [id: 0x2c50df9f, L:/127.0.0.1:56854 - R:localhost/127.0.0.1:1461]
16:37:03.818 [Forwarding findElement on session ce58549c9b669d391e23640f16662e7f to remote] DEBUG org.asynchttpclient.netty.request.NettyRequestSender - Using pooled Channel '[id: 0x2c50df9f, L:/127.0.0.1:56854 - R:localhost/127.0.0.1:1461]' for 'POST' to 'http://localhost:1461/session/ce58549c9b669d391e23640f16662e7f/element'
16:37:03.818 [Forwarding findElement on session ce58549c9b669d391e23640f16662e7f to remote] DEBUG org.asynchttpclient.netty.request.NettyRequestSender - Using open Channel [id: 0x2c50df9f, L:/127.0.0.1:56854 - R:localhost/127.0.0.1:1461] for POST '/session/ce58549c9b669d391e23640f16662e7f/element'
16:37:03.831 [AsyncHttpClient-1-5] DEBUG org.asynchttpclient.netty.handler.HttpHandler - 

Request DefaultHttpRequest(decodeResult: success, version: HTTP/1.1)
POST /session/ce58549c9b669d391e23640f16662e7f/element HTTP/1.1
User-Agent: selenium/4.12.1 (java windows)
Content-Length: 226
Content-Type: application/json; charset=utf-8
host: localhost:1461
accept: */*

Response DefaultHttpResponse(decodeResult: success, version: HTTP/1.1)
HTTP/1.1 200 OK
Content-Length: 126
Content-Type: application/json; charset=utf-8
cache-control: no-cache

16:37:03.831 [AsyncHttpClient-1-5] DEBUG org.asynchttpclient.netty.channel.ChannelManager - Adding key: http://localhost:1461 for channel [id: 0x2c50df9f, L:/127.0.0.1:56854 - R:localhost/127.0.0.1:1461]
16:37:03.833 [Forwarding clickElement on session ce58549c9b669d391e23640f16662e7f to remote] DEBUG org.asynchttpclient.netty.request.NettyRequestSender - Using pooled Channel '[id: 0x2c50df9f, L:/127.0.0.1:56854 - R:localhost/127.0.0.1:1461]' for 'POST' to 'http://localhost:1461/session/ce58549c9b669d391e23640f16662e7f/element/f.06EF3401E30AE3EE31C7C1ABA64024F7.d.25E199E54E50D9516023B87E2077D351.e.23/click'
16:37:03.833 [Forwarding clickElement on session ce58549c9b669d391e23640f16662e7f to remote] DEBUG org.asynchttpclient.netty.request.NettyRequestSender - Using open Channel [id: 0x2c50df9f, L:/127.0.0.1:56854 - R:localhost/127.0.0.1:1461] for POST '/session/ce58549c9b669d391e23640f16662e7f/element/f.06EF3401E30AE3EE31C7C1ABA64024F7.d.25E199E54E50D9516023B87E2077D351.e.23/click'
16:37:03.895 [AsyncHttpClient-1-5] DEBUG org.asynchttpclient.netty.handler.HttpHandler - 

Request DefaultHttpRequest(decodeResult: success, version: HTTP/1.1)
POST /session/ce58549c9b669d391e23640f16662e7f/element/f.06EF3401E30AE3EE31C7C1ABA64024F7.d.25E199E54E50D9516023B87E2077D351.e.23/click HTTP/1.1
User-Agent: selenium/4.12.1 (java windows)
Content-Length: 88
Content-Type: application/json; charset=utf-8
host: localhost:1461
accept: */*

Response DefaultHttpResponse(decodeResult: success, version: HTTP/1.1)
HTTP/1.1 200 OK
Content-Length: 14
Content-Type: application/json; charset=utf-8
cache-control: no-cache

16:37:03.895 [AsyncHttpClient-1-5] DEBUG org.asynchttpclient.netty.channel.ChannelManager - Adding key: http://localhost:1461 for channel [id: 0x2c50df9f, L:/127.0.0.1:56854 - R:localhost/127.0.0.1:1461]
16:37:03.897 [Forwarding findElement on session ce58549c9b669d391e23640f16662e7f to remote] DEBUG org.asynchttpclient.netty.request.NettyRequestSender - Using pooled Channel '[id: 0x2c50df9f, L:/127.0.0.1:56854 - R:localhost/127.0.0.1:1461]' for 'POST' to 'http://localhost:1461/session/ce58549c9b669d391e23640f16662e7f/element'
16:37:03.897 [Forwarding findElement on session ce58549c9b669d391e23640f16662e7f to remote] DEBUG org.asynchttpclient.netty.request.NettyRequestSender - Using open Channel [id: 0x2c50df9f, L:/127.0.0.1:56854 - R:localhost/127.0.0.1:1461] for POST '/session/ce58549c9b669d391e23640f16662e7f/element'
16:37:03.909 [AsyncHttpClient-1-5] DEBUG org.asynchttpclient.netty.handler.HttpHandler - 

Request DefaultHttpRequest(decodeResult: success, version: HTTP/1.1)
POST /session/ce58549c9b669d391e23640f16662e7f/element HTTP/1.1
User-Agent: selenium/4.12.1 (java windows)
Content-Length: 226
Content-Type: application/json; charset=utf-8
host: localhost:1461
accept: */*

Response DefaultHttpResponse(decodeResult: success, version: HTTP/1.1)
HTTP/1.1 200 OK
Content-Length: 126
Content-Type: application/json; charset=utf-8
cache-control: no-cache

16:37:03.909 [AsyncHttpClient-1-5] DEBUG org.asynchttpclient.netty.channel.ChannelManager - Adding key: http://localhost:1461 for channel [id: 0x2c50df9f, L:/127.0.0.1:56854 - R:localhost/127.0.0.1:1461]
16:37:03.911 [Forwarding sendKeysToElement on session ce58549c9b669d391e23640f16662e7f to remote] DEBUG org.asynchttpclient.netty.request.NettyRequestSender - Using pooled Channel '[id: 0x2c50df9f, L:/127.0.0.1:56854 - R:localhost/127.0.0.1:1461]' for 'POST' to 'http://localhost:1461/session/ce58549c9b669d391e23640f16662e7f/element/f.06EF3401E30AE3EE31C7C1ABA64024F7.d.25E199E54E50D9516023B87E2077D351.e.23/value'
16:37:03.912 [Forwarding sendKeysToElement on session ce58549c9b669d391e23640f16662e7f to remote] DEBUG org.asynchttpclient.netty.request.NettyRequestSender - Using open Channel [id: 0x2c50df9f, L:/127.0.0.1:56854 - R:localhost/127.0.0.1:1461] for POST '/session/ce58549c9b669d391e23640f16662e7f/element/f.06EF3401E30AE3EE31C7C1ABA64024F7.d.25E199E54E50D9516023B87E2077D351.e.23/value'
16:37:04.220 [AsyncHttpClient-1-5] DEBUG org.asynchttpclient.netty.handler.HttpHandler - 

Request DefaultHttpRequest(decodeResult: success, version: HTTP/1.1)
POST /session/ce58549c9b669d391e23640f16662e7f/element/f.06EF3401E30AE3EE31C7C1ABA64024F7.d.25E199E54E50D9516023B87E2077D351.e.23/value HTTP/1.1
User-Agent: selenium/4.12.1 (java windows)
Content-Length: 149
Content-Type: application/json; charset=utf-8
host: localhost:1461
accept: */*

Response DefaultHttpResponse(decodeResult: success, version: HTTP/1.1)
HTTP/1.1 200 OK
Content-Length: 14
Content-Type: application/json; charset=utf-8
cache-control: no-cache

16:37:04.220 [AsyncHttpClient-1-5] DEBUG org.asynchttpclient.netty.channel.ChannelManager - Adding key: http://localhost:1461 for channel [id: 0x2c50df9f, L:/127.0.0.1:56854 - R:localhost/127.0.0.1:1461]
16:37:04.221 [Forwarding findElement on session ce58549c9b669d391e23640f16662e7f to remote] DEBUG org.asynchttpclient.netty.request.NettyRequestSender - Using pooled Channel '[id: 0x2c50df9f, L:/127.0.0.1:56854 - R:localhost/127.0.0.1:1461]' for 'POST' to 'http://localhost:1461/session/ce58549c9b669d391e23640f16662e7f/element'
16:37:04.222 [Forwarding findElement on session ce58549c9b669d391e23640f16662e7f to remote] DEBUG org.asynchttpclient.netty.request.NettyRequestSender - Using open Channel [id: 0x2c50df9f, L:/127.0.0.1:56854 - R:localhost/127.0.0.1:1461] for POST '/session/ce58549c9b669d391e23640f16662e7f/element'
16:37:04.263 [AsyncHttpClient-1-5] DEBUG org.asynchttpclient.netty.handler.HttpHandler - 

Request DefaultHttpRequest(decodeResult: success, version: HTTP/1.1)
POST /session/ce58549c9b669d391e23640f16662e7f/element HTTP/1.1
User-Agent: selenium/4.12.1 (java windows)
Content-Length: 226
Content-Type: application/json; charset=utf-8
host: localhost:1461
accept: */*

Response DefaultHttpResponse(decodeResult: success, version: HTTP/1.1)
HTTP/1.1 200 OK
Content-Length: 126
Content-Type: application/json; charset=utf-8
cache-control: no-cache

16:37:04.264 [AsyncHttpClient-1-5] DEBUG org.asynchttpclient.netty.channel.ChannelManager - Adding key: http://localhost:1461 for channel [id: 0x2c50df9f, L:/127.0.0.1:56854 - R:localhost/127.0.0.1:1461]
16:37:04.267 [Forwarding getElementAttribute on session ce58549c9b669d391e23640f16662e7f to remote] DEBUG org.asynchttpclient.netty.request.NettyRequestSender - Using pooled Channel '[id: 0x2c50df9f, L:/127.0.0.1:56854 - R:localhost/127.0.0.1:1461]' for 'POST' to 'http://localhost:1461/session/ce58549c9b669d391e23640f16662e7f/execute/sync'
16:37:04.267 [Forwarding getElementAttribute on session ce58549c9b669d391e23640f16662e7f to remote] DEBUG org.asynchttpclient.netty.request.NettyRequestSender - Using open Channel [id: 0x2c50df9f, L:/127.0.0.1:56854 - R:localhost/127.0.0.1:1461] for POST '/session/ce58549c9b669d391e23640f16662e7f/execute/sync'
16:37:04.280 [AsyncHttpClient-1-5] DEBUG org.asynchttpclient.netty.handler.HttpHandler - 

Request DefaultHttpRequest(decodeResult: success, version: HTTP/1.1)
POST /session/ce58549c9b669d391e23640f16662e7f/execute/sync HTTP/1.1
User-Agent: selenium/4.12.1 (java windows)
Content-Length: 47295
Content-Type: application/json; charset=utf-8
host: localhost:1461
accept: */*

Response DefaultHttpResponse(decodeResult: success, version: HTTP/1.1)
HTTP/1.1 200 OK
Content-Length: 19
Content-Type: application/json; charset=utf-8
cache-control: no-cache

16:37:04.280 [AsyncHttpClient-1-5] DEBUG org.asynchttpclient.netty.channel.ChannelManager - Adding key: http://localhost:1461 for channel [id: 0x2c50df9f, L:/127.0.0.1:56854 - R:localhost/127.0.0.1:1461]
16:37:04.434 [Forwarding findElement on session ce58549c9b669d391e23640f16662e7f to remote] DEBUG org.asynchttpclient.netty.request.NettyRequestSender - Using pooled Channel '[id: 0x2c50df9f, L:/127.0.0.1:56854 - R:localhost/127.0.0.1:1461]' for 'POST' to 'http://localhost:1461/session/ce58549c9b669d391e23640f16662e7f/element'
16:37:04.434 [Forwarding findElement on session ce58549c9b669d391e23640f16662e7f to remote] DEBUG org.asynchttpclient.netty.request.NettyRequestSender - Using open Channel [id: 0x2c50df9f, L:/127.0.0.1:56854 - R:localhost/127.0.0.1:1461] for POST '/session/ce58549c9b669d391e23640f16662e7f/element'
16:37:04.446 [AsyncHttpClient-1-5] DEBUG org.asynchttpclient.netty.handler.HttpHandler - 

Request DefaultHttpRequest(decodeResult: success, version: HTTP/1.1)
POST /session/ce58549c9b669d391e23640f16662e7f/element HTTP/1.1
User-Agent: selenium/4.12.1 (java windows)
Content-Length: 61
Content-Type: application/json; charset=utf-8
host: localhost:1461
accept: */*

Response DefaultHttpResponse(decodeResult: success, version: HTTP/1.1)
HTTP/1.1 200 OK
Content-Length: 126
Content-Type: application/json; charset=utf-8
cache-control: no-cache

16:37:04.446 [AsyncHttpClient-1-5] DEBUG org.asynchttpclient.netty.channel.ChannelManager - Adding key: http://localhost:1461 for channel [id: 0x2c50df9f, L:/127.0.0.1:56854 - R:localhost/127.0.0.1:1461]
16:37:04.447 [Forwarding clickElement on session ce58549c9b669d391e23640f16662e7f to remote] DEBUG org.asynchttpclient.netty.request.NettyRequestSender - Using pooled Channel '[id: 0x2c50df9f, L:/127.0.0.1:56854 - R:localhost/127.0.0.1:1461]' for 'POST' to 'http://localhost:1461/session/ce58549c9b669d391e23640f16662e7f/element/f.06EF3401E30AE3EE31C7C1ABA64024F7.d.25E199E54E50D9516023B87E2077D351.e.20/click'
16:37:04.447 [Forwarding clickElement on session ce58549c9b669d391e23640f16662e7f to remote] DEBUG org.asynchttpclient.netty.request.NettyRequestSender - Using open Channel [id: 0x2c50df9f, L:/127.0.0.1:56854 - R:localhost/127.0.0.1:1461] for POST '/session/ce58549c9b669d391e23640f16662e7f/element/f.06EF3401E30AE3EE31C7C1ABA64024F7.d.25E199E54E50D9516023B87E2077D351.e.20/click'
16:37:04.520 [AsyncHttpClient-1-5] DEBUG org.asynchttpclient.netty.handler.HttpHandler - 

Request DefaultHttpRequest(decodeResult: success, version: HTTP/1.1)
POST /session/ce58549c9b669d391e23640f16662e7f/element/f.06EF3401E30AE3EE31C7C1ABA64024F7.d.25E199E54E50D9516023B87E2077D351.e.20/click HTTP/1.1
User-Agent: selenium/4.12.1 (java windows)
Content-Length: 88
Content-Type: application/json; charset=utf-8
host: localhost:1461
accept: */*

Response DefaultHttpResponse(decodeResult: success, version: HTTP/1.1)
HTTP/1.1 200 OK
Content-Length: 14
Content-Type: application/json; charset=utf-8
cache-control: no-cache

16:37:04.521 [AsyncHttpClient-1-5] DEBUG org.asynchttpclient.netty.channel.ChannelManager - Adding key: http://localhost:1461 for channel [id: 0x2c50df9f, L:/127.0.0.1:56854 - R:localhost/127.0.0.1:1461]
16:37:04.522 [Forwarding findElement on session ce58549c9b669d391e23640f16662e7f to remote] DEBUG org.asynchttpclient.netty.request.NettyRequestSender - Using pooled Channel '[id: 0x2c50df9f, L:/127.0.0.1:56854 - R:localhost/127.0.0.1:1461]' for 'POST' to 'http://localhost:1461/session/ce58549c9b669d391e23640f16662e7f/element'
16:37:04.522 [Forwarding findElement on session ce58549c9b669d391e23640f16662e7f to remote] DEBUG org.asynchttpclient.netty.request.NettyRequestSender - Using open Channel [id: 0x2c50df9f, L:/127.0.0.1:56854 - R:localhost/127.0.0.1:1461] for POST '/session/ce58549c9b669d391e23640f16662e7f/element'
16:37:04.534 [AsyncHttpClient-1-5] DEBUG org.asynchttpclient.netty.handler.HttpHandler - 

Request DefaultHttpRequest(decodeResult: success, version: HTTP/1.1)
POST /session/ce58549c9b669d391e23640f16662e7f/element HTTP/1.1
User-Agent: selenium/4.12.1 (java windows)
Content-Length: 61
Content-Type: application/json; charset=utf-8
host: localhost:1461
accept: */*

Response DefaultHttpResponse(decodeResult: success, version: HTTP/1.1)
HTTP/1.1 200 OK
Content-Length: 126
Content-Type: application/json; charset=utf-8
cache-control: no-cache

16:37:04.534 [AsyncHttpClient-1-5] DEBUG org.asynchttpclient.netty.channel.ChannelManager - Adding key: http://localhost:1461 for channel [id: 0x2c50df9f, L:/127.0.0.1:56854 - R:localhost/127.0.0.1:1461]
16:37:04.536 [Forwarding sendKeysToElement on session ce58549c9b669d391e23640f16662e7f to remote] DEBUG org.asynchttpclient.netty.request.NettyRequestSender - Using pooled Channel '[id: 0x2c50df9f, L:/127.0.0.1:56854 - R:localhost/127.0.0.1:1461]' for 'POST' to 'http://localhost:1461/session/ce58549c9b669d391e23640f16662e7f/element/f.06EF3401E30AE3EE31C7C1ABA64024F7.d.25E199E54E50D9516023B87E2077D351.e.20/value'
16:37:04.536 [Forwarding sendKeysToElement on session ce58549c9b669d391e23640f16662e7f to remote] DEBUG org.asynchttpclient.netty.request.NettyRequestSender - Using open Channel [id: 0x2c50df9f, L:/127.0.0.1:56854 - R:localhost/127.0.0.1:1461] for POST '/session/ce58549c9b669d391e23640f16662e7f/element/f.06EF3401E30AE3EE31C7C1ABA64024F7.d.25E199E54E50D9516023B87E2077D351.e.20/value'
16:37:04.568 [AsyncHttpClient-1-5] DEBUG org.asynchttpclient.netty.handler.HttpHandler - 

Request DefaultHttpRequest(decodeResult: success, version: HTTP/1.1)
POST /session/ce58549c9b669d391e23640f16662e7f/element/f.06EF3401E30AE3EE31C7C1ABA64024F7.d.25E199E54E50D9516023B87E2077D351.e.20/value HTTP/1.1
User-Agent: selenium/4.12.1 (java windows)
Content-Length: 143
Content-Type: application/json; charset=utf-8
host: localhost:1461
accept: */*

Response DefaultHttpResponse(decodeResult: success, version: HTTP/1.1)
HTTP/1.1 200 OK
Content-Length: 14
Content-Type: application/json; charset=utf-8
cache-control: no-cache

16:37:04.568 [AsyncHttpClient-1-5] DEBUG org.asynchttpclient.netty.channel.ChannelManager - Adding key: http://localhost:1461 for channel [id: 0x2c50df9f, L:/127.0.0.1:56854 - R:localhost/127.0.0.1:1461]
16:37:04.569 [Forwarding findElement on session ce58549c9b669d391e23640f16662e7f to remote] DEBUG org.asynchttpclient.netty.request.NettyRequestSender - Using pooled Channel '[id: 0x2c50df9f, L:/127.0.0.1:56854 - R:localhost/127.0.0.1:1461]' for 'POST' to 'http://localhost:1461/session/ce58549c9b669d391e23640f16662e7f/element'
16:37:04.570 [Forwarding findElement on session ce58549c9b669d391e23640f16662e7f to remote] DEBUG org.asynchttpclient.netty.request.NettyRequestSender - Using open Channel [id: 0x2c50df9f, L:/127.0.0.1:56854 - R:localhost/127.0.0.1:1461] for POST '/session/ce58549c9b669d391e23640f16662e7f/element'
16:37:04.581 [AsyncHttpClient-1-5] DEBUG org.asynchttpclient.netty.handler.HttpHandler - 

Request DefaultHttpRequest(decodeResult: success, version: HTTP/1.1)
POST /session/ce58549c9b669d391e23640f16662e7f/element HTTP/1.1
User-Agent: selenium/4.12.1 (java windows)
Content-Length: 61
Content-Type: application/json; charset=utf-8
host: localhost:1461
accept: */*

Response DefaultHttpResponse(decodeResult: success, version: HTTP/1.1)
HTTP/1.1 200 OK
Content-Length: 126
Content-Type: application/json; charset=utf-8
cache-control: no-cache

16:37:04.581 [AsyncHttpClient-1-5] DEBUG org.asynchttpclient.netty.channel.ChannelManager - Adding key: http://localhost:1461 for channel [id: 0x2c50df9f, L:/127.0.0.1:56854 - R:localhost/127.0.0.1:1461]
16:37:04.583 [Forwarding sendKeysToElement on session ce58549c9b669d391e23640f16662e7f to remote] DEBUG org.asynchttpclient.netty.request.NettyRequestSender - Using pooled Channel '[id: 0x2c50df9f, L:/127.0.0.1:56854 - R:localhost/127.0.0.1:1461]' for 'POST' to 'http://localhost:1461/session/ce58549c9b669d391e23640f16662e7f/element/f.06EF3401E30AE3EE31C7C1ABA64024F7.d.25E199E54E50D9516023B87E2077D351.e.20/value'
16:37:04.583 [Forwarding sendKeysToElement on session ce58549c9b669d391e23640f16662e7f to remote] DEBUG org.asynchttpclient.netty.request.NettyRequestSender - Using open Channel [id: 0x2c50df9f, L:/127.0.0.1:56854 - R:localhost/127.0.0.1:1461] for POST '/session/ce58549c9b669d391e23640f16662e7f/element/f.06EF3401E30AE3EE31C7C1ABA64024F7.d.25E199E54E50D9516023B87E2077D351.e.20/value'
16:37:04.709 [AsyncHttpClient-1-5] DEBUG org.asynchttpclient.netty.handler.HttpHandler - 

Request DefaultHttpRequest(decodeResult: success, version: HTTP/1.1)
POST /session/ce58549c9b669d391e23640f16662e7f/element/f.06EF3401E30AE3EE31C7C1ABA64024F7.d.25E199E54E50D9516023B87E2077D351.e.20/value HTTP/1.1
User-Agent: selenium/4.12.1 (java windows)
Content-Length: 133
Content-Type: application/json; charset=utf-8
host: localhost:1461
accept: */*

Response DefaultHttpResponse(decodeResult: success, version: HTTP/1.1)
HTTP/1.1 200 OK
Content-Length: 14
Content-Type: application/json; charset=utf-8
cache-control: no-cache

16:37:04.709 [AsyncHttpClient-1-5] DEBUG org.asynchttpclient.netty.channel.ChannelManager - Adding key: http://localhost:1461 for channel [id: 0x2c50df9f, L:/127.0.0.1:56854 - R:localhost/127.0.0.1:1461]
16:37:04.710 [Forwarding findElement on session ce58549c9b669d391e23640f16662e7f to remote] DEBUG org.asynchttpclient.netty.request.NettyRequestSender - Using pooled Channel '[id: 0x2c50df9f, L:/127.0.0.1:56854 - R:localhost/127.0.0.1:1461]' for 'POST' to 'http://localhost:1461/session/ce58549c9b669d391e23640f16662e7f/element'
16:37:04.710 [Forwarding findElement on session ce58549c9b669d391e23640f16662e7f to remote] DEBUG org.asynchttpclient.netty.request.NettyRequestSender - Using open Channel [id: 0x2c50df9f, L:/127.0.0.1:56854 - R:localhost/127.0.0.1:1461] for POST '/session/ce58549c9b669d391e23640f16662e7f/element'
16:37:04.718 [AsyncHttpClient-1-5] DEBUG org.asynchttpclient.netty.handler.HttpHandler - 

Request DefaultHttpRequest(decodeResult: success, version: HTTP/1.1)
POST /session/ce58549c9b669d391e23640f16662e7f/element HTTP/1.1
User-Agent: selenium/4.12.1 (java windows)
Content-Length: 61
Content-Type: application/json; charset=utf-8
host: localhost:1461
accept: */*

Response DefaultHttpResponse(decodeResult: success, version: HTTP/1.1)
HTTP/1.1 200 OK
Content-Length: 126
Content-Type: application/json; charset=utf-8
cache-control: no-cache

16:37:04.719 [AsyncHttpClient-1-5] DEBUG org.asynchttpclient.netty.channel.ChannelManager - Adding key: http://localhost:1461 for channel [id: 0x2c50df9f, L:/127.0.0.1:56854 - R:localhost/127.0.0.1:1461]
16:37:04.720 [Forwarding clickElement on session ce58549c9b669d391e23640f16662e7f to remote] DEBUG org.asynchttpclient.netty.request.NettyRequestSender - Using pooled Channel '[id: 0x2c50df9f, L:/127.0.0.1:56854 - R:localhost/127.0.0.1:1461]' for 'POST' to 'http://localhost:1461/session/ce58549c9b669d391e23640f16662e7f/element/f.06EF3401E30AE3EE31C7C1ABA64024F7.d.25E199E54E50D9516023B87E2077D351.e.20/click'
16:37:04.720 [Forwarding clickElement on session ce58549c9b669d391e23640f16662e7f to remote] DEBUG org.asynchttpclient.netty.request.NettyRequestSender - Using open Channel [id: 0x2c50df9f, L:/127.0.0.1:56854 - R:localhost/127.0.0.1:1461] for POST '/session/ce58549c9b669d391e23640f16662e7f/element/f.06EF3401E30AE3EE31C7C1ABA64024F7.d.25E199E54E50D9516023B87E2077D351.e.20/click'
16:37:04.770 [AsyncHttpClient-1-5] DEBUG org.asynchttpclient.netty.handler.HttpHandler - 

Request DefaultHttpRequest(decodeResult: success, version: HTTP/1.1)
POST /session/ce58549c9b669d391e23640f16662e7f/element/f.06EF3401E30AE3EE31C7C1ABA64024F7.d.25E199E54E50D9516023B87E2077D351.e.20/click HTTP/1.1
User-Agent: selenium/4.12.1 (java windows)
Content-Length: 88
Content-Type: application/json; charset=utf-8
host: localhost:1461
accept: */*

Response DefaultHttpResponse(decodeResult: success, version: HTTP/1.1)
HTTP/1.1 200 OK
Content-Length: 14
Content-Type: application/json; charset=utf-8
cache-control: no-cache

16:37:04.770 [AsyncHttpClient-1-5] DEBUG org.asynchttpclient.netty.channel.ChannelManager - Adding key: http://localhost:1461 for channel [id: 0x2c50df9f, L:/127.0.0.1:56854 - R:localhost/127.0.0.1:1461]
16:37:04.771 [Forwarding findElement on session ce58549c9b669d391e23640f16662e7f to remote] DEBUG org.asynchttpclient.netty.request.NettyRequestSender - Using pooled Channel '[id: 0x2c50df9f, L:/127.0.0.1:56854 - R:localhost/127.0.0.1:1461]' for 'POST' to 'http://localhost:1461/session/ce58549c9b669d391e23640f16662e7f/element'
16:37:04.771 [Forwarding findElement on session ce58549c9b669d391e23640f16662e7f to remote] DEBUG org.asynchttpclient.netty.request.NettyRequestSender - Using open Channel [id: 0x2c50df9f, L:/127.0.0.1:56854 - R:localhost/127.0.0.1:1461] for POST '/session/ce58549c9b669d391e23640f16662e7f/element'
16:37:04.781 [AsyncHttpClient-1-5] DEBUG org.asynchttpclient.netty.handler.HttpHandler - 

Request DefaultHttpRequest(decodeResult: success, version: HTTP/1.1)
POST /session/ce58549c9b669d391e23640f16662e7f/element HTTP/1.1
User-Agent: selenium/4.12.1 (java windows)
Content-Length: 61
Content-Type: application/json; charset=utf-8
host: localhost:1461
accept: */*

Response DefaultHttpResponse(decodeResult: success, version: HTTP/1.1)
HTTP/1.1 200 OK
Content-Length: 126
Content-Type: application/json; charset=utf-8
cache-control: no-cache

16:37:04.781 [AsyncHttpClient-1-5] DEBUG org.asynchttpclient.netty.channel.ChannelManager - Adding key: http://localhost:1461 for channel [id: 0x2c50df9f, L:/127.0.0.1:56854 - R:localhost/127.0.0.1:1461]
16:37:04.783 [Forwarding sendKeysToElement on session ce58549c9b669d391e23640f16662e7f to remote] DEBUG org.asynchttpclient.netty.request.NettyRequestSender - Using pooled Channel '[id: 0x2c50df9f, L:/127.0.0.1:56854 - R:localhost/127.0.0.1:1461]' for 'POST' to 'http://localhost:1461/session/ce58549c9b669d391e23640f16662e7f/element/f.06EF3401E30AE3EE31C7C1ABA64024F7.d.25E199E54E50D9516023B87E2077D351.e.20/value'
16:37:04.783 [Forwarding sendKeysToElement on session ce58549c9b669d391e23640f16662e7f to remote] DEBUG org.asynchttpclient.netty.request.NettyRequestSender - Using open Channel [id: 0x2c50df9f, L:/127.0.0.1:56854 - R:localhost/127.0.0.1:1461] for POST '/session/ce58549c9b669d391e23640f16662e7f/element/f.06EF3401E30AE3EE31C7C1ABA64024F7.d.25E199E54E50D9516023B87E2077D351.e.20/value'
16:37:04.888 [AsyncHttpClient-1-5] DEBUG org.asynchttpclient.netty.handler.HttpHandler - 

Request DefaultHttpRequest(decodeResult: success, version: HTTP/1.1)
POST /session/ce58549c9b669d391e23640f16662e7f/element/f.06EF3401E30AE3EE31C7C1ABA64024F7.d.25E199E54E50D9516023B87E2077D351.e.20/value HTTP/1.1
User-Agent: selenium/4.12.1 (java windows)
Content-Length: 131
Content-Type: application/json; charset=utf-8
host: localhost:1461
accept: */*

Response DefaultHttpResponse(decodeResult: success, version: HTTP/1.1)
HTTP/1.1 200 OK
Content-Length: 14
Content-Type: application/json; charset=utf-8
cache-control: no-cache

16:37:04.889 [AsyncHttpClient-1-5] DEBUG org.asynchttpclient.netty.channel.ChannelManager - Adding key: http://localhost:1461 for channel [id: 0x2c50df9f, L:/127.0.0.1:56854 - R:localhost/127.0.0.1:1461]
16:37:04.890 [Forwarding findElement on session ce58549c9b669d391e23640f16662e7f to remote] DEBUG org.asynchttpclient.netty.request.NettyRequestSender - Using pooled Channel '[id: 0x2c50df9f, L:/127.0.0.1:56854 - R:localhost/127.0.0.1:1461]' for 'POST' to 'http://localhost:1461/session/ce58549c9b669d391e23640f16662e7f/element'
16:37:04.890 [Forwarding findElement on session ce58549c9b669d391e23640f16662e7f to remote] DEBUG org.asynchttpclient.netty.request.NettyRequestSender - Using open Channel [id: 0x2c50df9f, L:/127.0.0.1:56854 - R:localhost/127.0.0.1:1461] for POST '/session/ce58549c9b669d391e23640f16662e7f/element'
16:37:04.901 [AsyncHttpClient-1-5] DEBUG org.asynchttpclient.netty.handler.HttpHandler - 

Request DefaultHttpRequest(decodeResult: success, version: HTTP/1.1)
POST /session/ce58549c9b669d391e23640f16662e7f/element HTTP/1.1
User-Agent: selenium/4.12.1 (java windows)
Content-Length: 142
Content-Type: application/json; charset=utf-8
host: localhost:1461
accept: */*

Response DefaultHttpResponse(decodeResult: success, version: HTTP/1.1)
HTTP/1.1 200 OK
Content-Length: 126
Content-Type: application/json; charset=utf-8
cache-control: no-cache

16:37:04.901 [AsyncHttpClient-1-5] DEBUG org.asynchttpclient.netty.channel.ChannelManager - Adding key: http://localhost:1461 for channel [id: 0x2c50df9f, L:/127.0.0.1:56854 - R:localhost/127.0.0.1:1461]
16:37:04.904 [Forwarding isElementDisplayed on session ce58549c9b669d391e23640f16662e7f to remote] DEBUG org.asynchttpclient.netty.request.NettyRequestSender - Using pooled Channel '[id: 0x2c50df9f, L:/127.0.0.1:56854 - R:localhost/127.0.0.1:1461]' for 'POST' to 'http://localhost:1461/session/ce58549c9b669d391e23640f16662e7f/execute/sync'
16:37:04.904 [Forwarding isElementDisplayed on session ce58549c9b669d391e23640f16662e7f to remote] DEBUG org.asynchttpclient.netty.request.NettyRequestSender - Using open Channel [id: 0x2c50df9f, L:/127.0.0.1:56854 - R:localhost/127.0.0.1:1461] for POST '/session/ce58549c9b669d391e23640f16662e7f/execute/sync'
16:37:04.916 [AsyncHttpClient-1-5] DEBUG org.asynchttpclient.netty.handler.HttpHandler - 

Request DefaultHttpRequest(decodeResult: success, version: HTTP/1.1)
POST /session/ce58549c9b669d391e23640f16662e7f/execute/sync HTTP/1.1
User-Agent: selenium/4.12.1 (java windows)
Content-Length: 48734
Content-Type: application/json; charset=utf-8
host: localhost:1461
accept: */*

Response DefaultHttpResponse(decodeResult: success, version: HTTP/1.1)
HTTP/1.1 200 OK
Content-Length: 14
Content-Type: application/json; charset=utf-8
cache-control: no-cache

16:37:04.916 [AsyncHttpClient-1-5] DEBUG org.asynchttpclient.netty.channel.ChannelManager - Adding key: http://localhost:1461 for channel [id: 0x2c50df9f, L:/127.0.0.1:56854 - R:localhost/127.0.0.1:1461]
16:37:04.917 [Forwarding findElement on session ce58549c9b669d391e23640f16662e7f to remote] DEBUG org.asynchttpclient.netty.request.NettyRequestSender - Using pooled Channel '[id: 0x2c50df9f, L:/127.0.0.1:56854 - R:localhost/127.0.0.1:1461]' for 'POST' to 'http://localhost:1461/session/ce58549c9b669d391e23640f16662e7f/element'
16:37:04.917 [Forwarding findElement on session ce58549c9b669d391e23640f16662e7f to remote] DEBUG org.asynchttpclient.netty.request.NettyRequestSender - Using open Channel [id: 0x2c50df9f, L:/127.0.0.1:56854 - R:localhost/127.0.0.1:1461] for POST '/session/ce58549c9b669d391e23640f16662e7f/element'
16:37:04.927 [AsyncHttpClient-1-5] DEBUG org.asynchttpclient.netty.handler.HttpHandler - 

Request DefaultHttpRequest(decodeResult: success, version: HTTP/1.1)
POST /session/ce58549c9b669d391e23640f16662e7f/element HTTP/1.1
User-Agent: selenium/4.12.1 (java windows)
Content-Length: 142
Content-Type: application/json; charset=utf-8
host: localhost:1461
accept: */*

Response DefaultHttpResponse(decodeResult: success, version: HTTP/1.1)
HTTP/1.1 200 OK
Content-Length: 126
Content-Type: application/json; charset=utf-8
cache-control: no-cache

16:37:04.927 [AsyncHttpClient-1-5] DEBUG org.asynchttpclient.netty.channel.ChannelManager - Adding key: http://localhost:1461 for channel [id: 0x2c50df9f, L:/127.0.0.1:56854 - R:localhost/127.0.0.1:1461]
16:37:04.929 [Forwarding clickElement on session ce58549c9b669d391e23640f16662e7f to remote] DEBUG org.asynchttpclient.netty.request.NettyRequestSender - Using pooled Channel '[id: 0x2c50df9f, L:/127.0.0.1:56854 - R:localhost/127.0.0.1:1461]' for 'POST' to 'http://localhost:1461/session/ce58549c9b669d391e23640f16662e7f/element/f.06EF3401E30AE3EE31C7C1ABA64024F7.d.25E199E54E50D9516023B87E2077D351.e.90/click'
16:37:04.929 [Forwarding clickElement on session ce58549c9b669d391e23640f16662e7f to remote] DEBUG org.asynchttpclient.netty.request.NettyRequestSender - Using open Channel [id: 0x2c50df9f, L:/127.0.0.1:56854 - R:localhost/127.0.0.1:1461] for POST '/session/ce58549c9b669d391e23640f16662e7f/element/f.06EF3401E30AE3EE31C7C1ABA64024F7.d.25E199E54E50D9516023B87E2077D351.e.90/click'
16:37:05.053 [AsyncHttpClient-1-5] DEBUG org.asynchttpclient.netty.handler.HttpHandler - 

Request DefaultHttpRequest(decodeResult: success, version: HTTP/1.1)
POST /session/ce58549c9b669d391e23640f16662e7f/element/f.06EF3401E30AE3EE31C7C1ABA64024F7.d.25E199E54E50D9516023B87E2077D351.e.90/click HTTP/1.1
User-Agent: selenium/4.12.1 (java windows)
Content-Length: 88
Content-Type: application/json; charset=utf-8
host: localhost:1461
accept: */*

Response DefaultHttpResponse(decodeResult: success, version: HTTP/1.1)
HTTP/1.1 200 OK
Content-Length: 14
Content-Type: application/json; charset=utf-8
cache-control: no-cache

16:37:05.055 [AsyncHttpClient-1-5] DEBUG org.asynchttpclient.netty.channel.ChannelManager - Adding key: http://localhost:1461 for channel [id: 0x2c50df9f, L:/127.0.0.1:56854 - R:localhost/127.0.0.1:1461]
16:37:05.056 [Forwarding findElement on session ce58549c9b669d391e23640f16662e7f to remote] DEBUG org.asynchttpclient.netty.request.NettyRequestSender - Using pooled Channel '[id: 0x2c50df9f, L:/127.0.0.1:56854 - R:localhost/127.0.0.1:1461]' for 'POST' to 'http://localhost:1461/session/ce58549c9b669d391e23640f16662e7f/element'
16:37:05.056 [Forwarding findElement on session ce58549c9b669d391e23640f16662e7f to remote] DEBUG org.asynchttpclient.netty.request.NettyRequestSender - Using open Channel [id: 0x2c50df9f, L:/127.0.0.1:56854 - R:localhost/127.0.0.1:1461] for POST '/session/ce58549c9b669d391e23640f16662e7f/element'
16:37:05.066 [AsyncHttpClient-1-5] DEBUG org.asynchttpclient.netty.handler.HttpHandler - 

Request DefaultHttpRequest(decodeResult: success, version: HTTP/1.1)
POST /session/ce58549c9b669d391e23640f16662e7f/element HTTP/1.1
User-Agent: selenium/4.12.1 (java windows)
Content-Length: 86
Content-Type: application/json; charset=utf-8
host: localhost:1461
accept: */*

Response DefaultHttpResponse(decodeResult: success, version: HTTP/1.1)
HTTP/1.1 200 OK
Content-Length: 127
Content-Type: application/json; charset=utf-8
cache-control: no-cache

16:37:05.066 [AsyncHttpClient-1-5] DEBUG org.asynchttpclient.netty.channel.ChannelManager - Adding key: http://localhost:1461 for channel [id: 0x2c50df9f, L:/127.0.0.1:56854 - R:localhost/127.0.0.1:1461]
16:37:05.068 [Forwarding isElementDisplayed on session ce58549c9b669d391e23640f16662e7f to remote] DEBUG org.asynchttpclient.netty.request.NettyRequestSender - Using pooled Channel '[id: 0x2c50df9f, L:/127.0.0.1:56854 - R:localhost/127.0.0.1:1461]' for 'POST' to 'http://localhost:1461/session/ce58549c9b669d391e23640f16662e7f/execute/sync'
16:37:05.068 [Forwarding isElementDisplayed on session ce58549c9b669d391e23640f16662e7f to remote] DEBUG org.asynchttpclient.netty.request.NettyRequestSender - Using open Channel [id: 0x2c50df9f, L:/127.0.0.1:56854 - R:localhost/127.0.0.1:1461] for POST '/session/ce58549c9b669d391e23640f16662e7f/execute/sync'
16:37:05.081 [AsyncHttpClient-1-5] DEBUG org.asynchttpclient.netty.handler.HttpHandler - 

Request DefaultHttpRequest(decodeResult: success, version: HTTP/1.1)
POST /session/ce58549c9b669d391e23640f16662e7f/execute/sync HTTP/1.1
User-Agent: selenium/4.12.1 (java windows)
Content-Length: 48735
Content-Type: application/json; charset=utf-8
host: localhost:1461
accept: */*

Response DefaultHttpResponse(decodeResult: success, version: HTTP/1.1)
HTTP/1.1 200 OK
Content-Length: 14
Content-Type: application/json; charset=utf-8
cache-control: no-cache

16:37:05.081 [AsyncHttpClient-1-5] DEBUG org.asynchttpclient.netty.channel.ChannelManager - Adding key: http://localhost:1461 for channel [id: 0x2c50df9f, L:/127.0.0.1:56854 - R:localhost/127.0.0.1:1461]
16:37:05.383 [AsyncHttpClient-1-1] DEBUG org.asynchttpclient.netty.channel.DefaultChannelPool - Entry count for : http://localhost:1461 : 1
16:37:05.590 [Forwarding findElement on session ce58549c9b669d391e23640f16662e7f to remote] DEBUG org.asynchttpclient.netty.request.NettyRequestSender - Using pooled Channel '[id: 0x2c50df9f, L:/127.0.0.1:56854 - R:localhost/127.0.0.1:1461]' for 'POST' to 'http://localhost:1461/session/ce58549c9b669d391e23640f16662e7f/element'
16:37:05.590 [Forwarding findElement on session ce58549c9b669d391e23640f16662e7f to remote] DEBUG org.asynchttpclient.netty.request.NettyRequestSender - Using open Channel [id: 0x2c50df9f, L:/127.0.0.1:56854 - R:localhost/127.0.0.1:1461] for POST '/session/ce58549c9b669d391e23640f16662e7f/element'
16:37:05.601 [AsyncHttpClient-1-5] DEBUG org.asynchttpclient.netty.handler.HttpHandler - 

Request DefaultHttpRequest(decodeResult: success, version: HTTP/1.1)
POST /session/ce58549c9b669d391e23640f16662e7f/element HTTP/1.1
User-Agent: selenium/4.12.1 (java windows)
Content-Length: 226
Content-Type: application/json; charset=utf-8
host: localhost:1461
accept: */*

Response DefaultHttpResponse(decodeResult: success, version: HTTP/1.1)
HTTP/1.1 200 OK
Content-Length: 126
Content-Type: application/json; charset=utf-8
cache-control: no-cache

16:37:05.601 [AsyncHttpClient-1-5] DEBUG org.asynchttpclient.netty.channel.ChannelManager - Adding key: http://localhost:1461 for channel [id: 0x2c50df9f, L:/127.0.0.1:56854 - R:localhost/127.0.0.1:1461]
16:37:05.603 [Forwarding isElementDisplayed on session ce58549c9b669d391e23640f16662e7f to remote] DEBUG org.asynchttpclient.netty.request.NettyRequestSender - Using pooled Channel '[id: 0x2c50df9f, L:/127.0.0.1:56854 - R:localhost/127.0.0.1:1461]' for 'POST' to 'http://localhost:1461/session/ce58549c9b669d391e23640f16662e7f/execute/sync'
16:37:05.603 [Forwarding isElementDisplayed on session ce58549c9b669d391e23640f16662e7f to remote] DEBUG org.asynchttpclient.netty.request.NettyRequestSender - Using open Channel [id: 0x2c50df9f, L:/127.0.0.1:56854 - R:localhost/127.0.0.1:1461] for POST '/session/ce58549c9b669d391e23640f16662e7f/execute/sync'
16:37:05.616 [AsyncHttpClient-1-5] DEBUG org.asynchttpclient.netty.handler.HttpHandler - 

Request DefaultHttpRequest(decodeResult: success, version: HTTP/1.1)
POST /session/ce58549c9b669d391e23640f16662e7f/execute/sync HTTP/1.1
User-Agent: selenium/4.12.1 (java windows)
Content-Length: 48734
Content-Type: application/json; charset=utf-8
host: localhost:1461
accept: */*

Response DefaultHttpResponse(decodeResult: success, version: HTTP/1.1)
HTTP/1.1 200 OK
Content-Length: 14
Content-Type: application/json; charset=utf-8
cache-control: no-cache

16:37:05.616 [AsyncHttpClient-1-5] DEBUG org.asynchttpclient.netty.channel.ChannelManager - Adding key: http://localhost:1461 for channel [id: 0x2c50df9f, L:/127.0.0.1:56854 - R:localhost/127.0.0.1:1461]
16:37:05.617 [Forwarding findElement on session ce58549c9b669d391e23640f16662e7f to remote] DEBUG org.asynchttpclient.netty.request.NettyRequestSender - Using pooled Channel '[id: 0x2c50df9f, L:/127.0.0.1:56854 - R:localhost/127.0.0.1:1461]' for 'POST' to 'http://localhost:1461/session/ce58549c9b669d391e23640f16662e7f/element'
16:37:05.617 [Forwarding findElement on session ce58549c9b669d391e23640f16662e7f to remote] DEBUG org.asynchttpclient.netty.request.NettyRequestSender - Using open Channel [id: 0x2c50df9f, L:/127.0.0.1:56854 - R:localhost/127.0.0.1:1461] for POST '/session/ce58549c9b669d391e23640f16662e7f/element'
16:37:05.628 [AsyncHttpClient-1-5] DEBUG org.asynchttpclient.netty.handler.HttpHandler - 

Request DefaultHttpRequest(decodeResult: success, version: HTTP/1.1)
POST /session/ce58549c9b669d391e23640f16662e7f/element HTTP/1.1
User-Agent: selenium/4.12.1 (java windows)
Content-Length: 226
Content-Type: application/json; charset=utf-8
host: localhost:1461
accept: */*

Response DefaultHttpResponse(decodeResult: success, version: HTTP/1.1)
HTTP/1.1 200 OK
Content-Length: 126
Content-Type: application/json; charset=utf-8
cache-control: no-cache

16:37:05.628 [AsyncHttpClient-1-5] DEBUG org.asynchttpclient.netty.channel.ChannelManager - Adding key: http://localhost:1461 for channel [id: 0x2c50df9f, L:/127.0.0.1:56854 - R:localhost/127.0.0.1:1461]
16:37:05.629 [Forwarding clickElement on session ce58549c9b669d391e23640f16662e7f to remote] DEBUG org.asynchttpclient.netty.request.NettyRequestSender - Using pooled Channel '[id: 0x2c50df9f, L:/127.0.0.1:56854 - R:localhost/127.0.0.1:1461]' for 'POST' to 'http://localhost:1461/session/ce58549c9b669d391e23640f16662e7f/element/f.06EF3401E30AE3EE31C7C1ABA64024F7.d.25E199E54E50D9516023B87E2077D351.e.23/click'
16:37:05.629 [Forwarding clickElement on session ce58549c9b669d391e23640f16662e7f to remote] DEBUG org.asynchttpclient.netty.request.NettyRequestSender - Using open Channel [id: 0x2c50df9f, L:/127.0.0.1:56854 - R:localhost/127.0.0.1:1461] for POST '/session/ce58549c9b669d391e23640f16662e7f/element/f.06EF3401E30AE3EE31C7C1ABA64024F7.d.25E199E54E50D9516023B87E2077D351.e.23/click'
16:37:05.735 [AsyncHttpClient-1-5] DEBUG org.asynchttpclient.netty.handler.HttpHandler - 

Request DefaultHttpRequest(decodeResult: success, version: HTTP/1.1)
POST /session/ce58549c9b669d391e23640f16662e7f/element/f.06EF3401E30AE3EE31C7C1ABA64024F7.d.25E199E54E50D9516023B87E2077D351.e.23/click HTTP/1.1
User-Agent: selenium/4.12.1 (java windows)
Content-Length: 88
Content-Type: application/json; charset=utf-8
host: localhost:1461
accept: */*

Response DefaultHttpResponse(decodeResult: success, version: HTTP/1.1)
HTTP/1.1 200 OK
Content-Length: 14
Content-Type: application/json; charset=utf-8
cache-control: no-cache

16:37:05.735 [AsyncHttpClient-1-5] DEBUG org.asynchttpclient.netty.channel.ChannelManager - Adding key: http://localhost:1461 for channel [id: 0x2c50df9f, L:/127.0.0.1:56854 - R:localhost/127.0.0.1:1461]
16:37:05.736 [Forwarding findElement on session ce58549c9b669d391e23640f16662e7f to remote] DEBUG org.asynchttpclient.netty.request.NettyRequestSender - Using pooled Channel '[id: 0x2c50df9f, L:/127.0.0.1:56854 - R:localhost/127.0.0.1:1461]' for 'POST' to 'http://localhost:1461/session/ce58549c9b669d391e23640f16662e7f/element'
16:37:05.736 [Forwarding findElement on session ce58549c9b669d391e23640f16662e7f to remote] DEBUG org.asynchttpclient.netty.request.NettyRequestSender - Using open Channel [id: 0x2c50df9f, L:/127.0.0.1:56854 - R:localhost/127.0.0.1:1461] for POST '/session/ce58549c9b669d391e23640f16662e7f/element'
16:37:05.765 [AsyncHttpClient-1-5] DEBUG org.asynchttpclient.netty.handler.HttpHandler - 

Request DefaultHttpRequest(decodeResult: success, version: HTTP/1.1)
POST /session/ce58549c9b669d391e23640f16662e7f/element HTTP/1.1
User-Agent: selenium/4.12.1 (java windows)
Content-Length: 226
Content-Type: application/json; charset=utf-8
host: localhost:1461
accept: */*

Response DefaultHttpResponse(decodeResult: success, version: HTTP/1.1)
HTTP/1.1 200 OK
Content-Length: 126
Content-Type: application/json; charset=utf-8
cache-control: no-cache

16:37:05.765 [AsyncHttpClient-1-5] DEBUG org.asynchttpclient.netty.channel.ChannelManager - Adding key: http://localhost:1461 for channel [id: 0x2c50df9f, L:/127.0.0.1:56854 - R:localhost/127.0.0.1:1461]
16:37:05.766 [Forwarding sendKeysToElement on session ce58549c9b669d391e23640f16662e7f to remote] DEBUG org.asynchttpclient.netty.request.NettyRequestSender - Using pooled Channel '[id: 0x2c50df9f, L:/127.0.0.1:56854 - R:localhost/127.0.0.1:1461]' for 'POST' to 'http://localhost:1461/session/ce58549c9b669d391e23640f16662e7f/element/f.06EF3401E30AE3EE31C7C1ABA64024F7.d.25E199E54E50D9516023B87E2077D351.e.23/value'
16:37:05.766 [Forwarding sendKeysToElement on session ce58549c9b669d391e23640f16662e7f to remote] DEBUG org.asynchttpclient.netty.request.NettyRequestSender - Using open Channel [id: 0x2c50df9f, L:/127.0.0.1:56854 - R:localhost/127.0.0.1:1461] for POST '/session/ce58549c9b669d391e23640f16662e7f/element/f.06EF3401E30AE3EE31C7C1ABA64024F7.d.25E199E54E50D9516023B87E2077D351.e.23/value'
16:37:05.805 [AsyncHttpClient-1-5] DEBUG org.asynchttpclient.netty.handler.HttpHandler - 

Request DefaultHttpRequest(decodeResult: success, version: HTTP/1.1)
POST /session/ce58549c9b669d391e23640f16662e7f/element/f.06EF3401E30AE3EE31C7C1ABA64024F7.d.25E199E54E50D9516023B87E2077D351.e.23/value HTTP/1.1
User-Agent: selenium/4.12.1 (java windows)
Content-Length: 143
Content-Type: application/json; charset=utf-8
host: localhost:1461
accept: */*

Response DefaultHttpResponse(decodeResult: success, version: HTTP/1.1)
HTTP/1.1 200 OK
Content-Length: 14
Content-Type: application/json; charset=utf-8
cache-control: no-cache

16:37:05.805 [AsyncHttpClient-1-5] DEBUG org.asynchttpclient.netty.channel.ChannelManager - Adding key: http://localhost:1461 for channel [id: 0x2c50df9f, L:/127.0.0.1:56854 - R:localhost/127.0.0.1:1461]
16:37:05.807 [Forwarding findElement on session ce58549c9b669d391e23640f16662e7f to remote] DEBUG org.asynchttpclient.netty.request.NettyRequestSender - Using pooled Channel '[id: 0x2c50df9f, L:/127.0.0.1:56854 - R:localhost/127.0.0.1:1461]' for 'POST' to 'http://localhost:1461/session/ce58549c9b669d391e23640f16662e7f/element'
16:37:05.807 [Forwarding findElement on session ce58549c9b669d391e23640f16662e7f to remote] DEBUG org.asynchttpclient.netty.request.NettyRequestSender - Using open Channel [id: 0x2c50df9f, L:/127.0.0.1:56854 - R:localhost/127.0.0.1:1461] for POST '/session/ce58549c9b669d391e23640f16662e7f/element'
16:37:05.818 [AsyncHttpClient-1-5] DEBUG org.asynchttpclient.netty.handler.HttpHandler - 

Request DefaultHttpRequest(decodeResult: success, version: HTTP/1.1)
POST /session/ce58549c9b669d391e23640f16662e7f/element HTTP/1.1
User-Agent: selenium/4.12.1 (java windows)
Content-Length: 226
Content-Type: application/json; charset=utf-8
host: localhost:1461
accept: */*

Response DefaultHttpResponse(decodeResult: success, version: HTTP/1.1)
HTTP/1.1 200 OK
Content-Length: 126
Content-Type: application/json; charset=utf-8
cache-control: no-cache

16:37:05.818 [AsyncHttpClient-1-5] DEBUG org.asynchttpclient.netty.channel.ChannelManager - Adding key: http://localhost:1461 for channel [id: 0x2c50df9f, L:/127.0.0.1:56854 - R:localhost/127.0.0.1:1461]
16:37:05.819 [Forwarding sendKeysToElement on session ce58549c9b669d391e23640f16662e7f to remote] DEBUG org.asynchttpclient.netty.request.NettyRequestSender - Using pooled Channel '[id: 0x2c50df9f, L:/127.0.0.1:56854 - R:localhost/127.0.0.1:1461]' for 'POST' to 'http://localhost:1461/session/ce58549c9b669d391e23640f16662e7f/element/f.06EF3401E30AE3EE31C7C1ABA64024F7.d.25E199E54E50D9516023B87E2077D351.e.23/value'
16:37:05.820 [Forwarding sendKeysToElement on session ce58549c9b669d391e23640f16662e7f to remote] DEBUG org.asynchttpclient.netty.request.NettyRequestSender - Using open Channel [id: 0x2c50df9f, L:/127.0.0.1:56854 - R:localhost/127.0.0.1:1461] for POST '/session/ce58549c9b669d391e23640f16662e7f/element/f.06EF3401E30AE3EE31C7C1ABA64024F7.d.25E199E54E50D9516023B87E2077D351.e.23/value'
16:37:05.902 [AsyncHttpClient-1-5] DEBUG org.asynchttpclient.netty.handler.HttpHandler - 

Request DefaultHttpRequest(decodeResult: success, version: HTTP/1.1)
POST /session/ce58549c9b669d391e23640f16662e7f/element/f.06EF3401E30AE3EE31C7C1ABA64024F7.d.25E199E54E50D9516023B87E2077D351.e.23/value HTTP/1.1
User-Agent: selenium/4.12.1 (java windows)
Content-Length: 133
Content-Type: application/json; charset=utf-8
host: localhost:1461
accept: */*

Response DefaultHttpResponse(decodeResult: success, version: HTTP/1.1)
HTTP/1.1 200 OK
Content-Length: 14
Content-Type: application/json; charset=utf-8
cache-control: no-cache

16:37:05.902 [AsyncHttpClient-1-5] DEBUG org.asynchttpclient.netty.channel.ChannelManager - Adding key: http://localhost:1461 for channel [id: 0x2c50df9f, L:/127.0.0.1:56854 - R:localhost/127.0.0.1:1461]
16:37:05.903 [Forwarding findElement on session ce58549c9b669d391e23640f16662e7f to remote] DEBUG org.asynchttpclient.netty.request.NettyRequestSender - Using pooled Channel '[id: 0x2c50df9f, L:/127.0.0.1:56854 - R:localhost/127.0.0.1:1461]' for 'POST' to 'http://localhost:1461/session/ce58549c9b669d391e23640f16662e7f/element'
16:37:05.903 [Forwarding findElement on session ce58549c9b669d391e23640f16662e7f to remote] DEBUG org.asynchttpclient.netty.request.NettyRequestSender - Using open Channel [id: 0x2c50df9f, L:/127.0.0.1:56854 - R:localhost/127.0.0.1:1461] for POST '/session/ce58549c9b669d391e23640f16662e7f/element'
16:37:05.913 [AsyncHttpClient-1-5] DEBUG org.asynchttpclient.netty.handler.HttpHandler - 

Request DefaultHttpRequest(decodeResult: success, version: HTTP/1.1)
POST /session/ce58549c9b669d391e23640f16662e7f/element HTTP/1.1
User-Agent: selenium/4.12.1 (java windows)
Content-Length: 226
Content-Type: application/json; charset=utf-8
host: localhost:1461
accept: */*

Response DefaultHttpResponse(decodeResult: success, version: HTTP/1.1)
HTTP/1.1 200 OK
Content-Length: 126
Content-Type: application/json; charset=utf-8
cache-control: no-cache

16:37:05.913 [AsyncHttpClient-1-5] DEBUG org.asynchttpclient.netty.channel.ChannelManager - Adding key: http://localhost:1461 for channel [id: 0x2c50df9f, L:/127.0.0.1:56854 - R:localhost/127.0.0.1:1461]
16:37:05.914 [Forwarding clickElement on session ce58549c9b669d391e23640f16662e7f to remote] DEBUG org.asynchttpclient.netty.request.NettyRequestSender - Using pooled Channel '[id: 0x2c50df9f, L:/127.0.0.1:56854 - R:localhost/127.0.0.1:1461]' for 'POST' to 'http://localhost:1461/session/ce58549c9b669d391e23640f16662e7f/element/f.06EF3401E30AE3EE31C7C1ABA64024F7.d.25E199E54E50D9516023B87E2077D351.e.23/click'
16:37:05.914 [Forwarding clickElement on session ce58549c9b669d391e23640f16662e7f to remote] DEBUG org.asynchttpclient.netty.request.NettyRequestSender - Using open Channel [id: 0x2c50df9f, L:/127.0.0.1:56854 - R:localhost/127.0.0.1:1461] for POST '/session/ce58549c9b669d391e23640f16662e7f/element/f.06EF3401E30AE3EE31C7C1ABA64024F7.d.25E199E54E50D9516023B87E2077D351.e.23/click'
16:37:05.963 [AsyncHttpClient-1-5] DEBUG org.asynchttpclient.netty.handler.HttpHandler - 

Request DefaultHttpRequest(decodeResult: success, version: HTTP/1.1)
POST /session/ce58549c9b669d391e23640f16662e7f/element/f.06EF3401E30AE3EE31C7C1ABA64024F7.d.25E199E54E50D9516023B87E2077D351.e.23/click HTTP/1.1
User-Agent: selenium/4.12.1 (java windows)
Content-Length: 88
Content-Type: application/json; charset=utf-8
host: localhost:1461
accept: */*

Response DefaultHttpResponse(decodeResult: success, version: HTTP/1.1)
HTTP/1.1 200 OK
Content-Length: 14
Content-Type: application/json; charset=utf-8
cache-control: no-cache

16:37:05.963 [AsyncHttpClient-1-5] DEBUG org.asynchttpclient.netty.channel.ChannelManager - Adding key: http://localhost:1461 for channel [id: 0x2c50df9f, L:/127.0.0.1:56854 - R:localhost/127.0.0.1:1461]
16:37:05.965 [Forwarding findElement on session ce58549c9b669d391e23640f16662e7f to remote] DEBUG org.asynchttpclient.netty.request.NettyRequestSender - Using pooled Channel '[id: 0x2c50df9f, L:/127.0.0.1:56854 - R:localhost/127.0.0.1:1461]' for 'POST' to 'http://localhost:1461/session/ce58549c9b669d391e23640f16662e7f/element'
16:37:05.965 [Forwarding findElement on session ce58549c9b669d391e23640f16662e7f to remote] DEBUG org.asynchttpclient.netty.request.NettyRequestSender - Using open Channel [id: 0x2c50df9f, L:/127.0.0.1:56854 - R:localhost/127.0.0.1:1461] for POST '/session/ce58549c9b669d391e23640f16662e7f/element'
16:37:05.976 [AsyncHttpClient-1-5] DEBUG org.asynchttpclient.netty.handler.HttpHandler - 

Request DefaultHttpRequest(decodeResult: success, version: HTTP/1.1)
POST /session/ce58549c9b669d391e23640f16662e7f/element HTTP/1.1
User-Agent: selenium/4.12.1 (java windows)
Content-Length: 226
Content-Type: application/json; charset=utf-8
host: localhost:1461
accept: */*

Response DefaultHttpResponse(decodeResult: success, version: HTTP/1.1)
HTTP/1.1 200 OK
Content-Length: 126
Content-Type: application/json; charset=utf-8
cache-control: no-cache

16:37:05.976 [AsyncHttpClient-1-5] DEBUG org.asynchttpclient.netty.channel.ChannelManager - Adding key: http://localhost:1461 for channel [id: 0x2c50df9f, L:/127.0.0.1:56854 - R:localhost/127.0.0.1:1461]
16:37:05.978 [Forwarding sendKeysToElement on session ce58549c9b669d391e23640f16662e7f to remote] DEBUG org.asynchttpclient.netty.request.NettyRequestSender - Using pooled Channel '[id: 0x2c50df9f, L:/127.0.0.1:56854 - R:localhost/127.0.0.1:1461]' for 'POST' to 'http://localhost:1461/session/ce58549c9b669d391e23640f16662e7f/element/f.06EF3401E30AE3EE31C7C1ABA64024F7.d.25E199E54E50D9516023B87E2077D351.e.23/value'
16:37:05.978 [Forwarding sendKeysToElement on session ce58549c9b669d391e23640f16662e7f to remote] DEBUG org.asynchttpclient.netty.request.NettyRequestSender - Using open Channel [id: 0x2c50df9f, L:/127.0.0.1:56854 - R:localhost/127.0.0.1:1461] for POST '/session/ce58549c9b669d391e23640f16662e7f/element/f.06EF3401E30AE3EE31C7C1ABA64024F7.d.25E199E54E50D9516023B87E2077D351.e.23/value'
16:37:06.275 [AsyncHttpClient-1-5] DEBUG org.asynchttpclient.netty.handler.HttpHandler - 

Request DefaultHttpRequest(decodeResult: success, version: HTTP/1.1)
POST /session/ce58549c9b669d391e23640f16662e7f/element/f.06EF3401E30AE3EE31C7C1ABA64024F7.d.25E199E54E50D9516023B87E2077D351.e.23/value HTTP/1.1
User-Agent: selenium/4.12.1 (java windows)
Content-Length: 167
Content-Type: application/json; charset=utf-8
host: localhost:1461
accept: */*

Response DefaultHttpResponse(decodeResult: success, version: HTTP/1.1)
HTTP/1.1 200 OK
Content-Length: 14
Content-Type: application/json; charset=utf-8
cache-control: no-cache

16:37:06.275 [AsyncHttpClient-1-5] DEBUG org.asynchttpclient.netty.channel.ChannelManager - Adding key: http://localhost:1461 for channel [id: 0x2c50df9f, L:/127.0.0.1:56854 - R:localhost/127.0.0.1:1461]
16:37:06.276 [Forwarding findElement on session ce58549c9b669d391e23640f16662e7f to remote] DEBUG org.asynchttpclient.netty.request.NettyRequestSender - Using pooled Channel '[id: 0x2c50df9f, L:/127.0.0.1:56854 - R:localhost/127.0.0.1:1461]' for 'POST' to 'http://localhost:1461/session/ce58549c9b669d391e23640f16662e7f/element'
16:37:06.276 [Forwarding findElement on session ce58549c9b669d391e23640f16662e7f to remote] DEBUG org.asynchttpclient.netty.request.NettyRequestSender - Using open Channel [id: 0x2c50df9f, L:/127.0.0.1:56854 - R:localhost/127.0.0.1:1461] for POST '/session/ce58549c9b669d391e23640f16662e7f/element'
16:37:06.288 [AsyncHttpClient-1-5] DEBUG org.asynchttpclient.netty.handler.HttpHandler - 

Request DefaultHttpRequest(decodeResult: success, version: HTTP/1.1)
POST /session/ce58549c9b669d391e23640f16662e7f/element HTTP/1.1
User-Agent: selenium/4.12.1 (java windows)
Content-Length: 226
Content-Type: application/json; charset=utf-8
host: localhost:1461
accept: */*

Response DefaultHttpResponse(decodeResult: success, version: HTTP/1.1)
HTTP/1.1 200 OK
Content-Length: 126
Content-Type: application/json; charset=utf-8
cache-control: no-cache

16:37:06.288 [AsyncHttpClient-1-5] DEBUG org.asynchttpclient.netty.channel.ChannelManager - Adding key: http://localhost:1461 for channel [id: 0x2c50df9f, L:/127.0.0.1:56854 - R:localhost/127.0.0.1:1461]
16:37:06.290 [Forwarding getElementAttribute on session ce58549c9b669d391e23640f16662e7f to remote] DEBUG org.asynchttpclient.netty.request.NettyRequestSender - Using pooled Channel '[id: 0x2c50df9f, L:/127.0.0.1:56854 - R:localhost/127.0.0.1:1461]' for 'POST' to 'http://localhost:1461/session/ce58549c9b669d391e23640f16662e7f/execute/sync'
16:37:06.290 [Forwarding getElementAttribute on session ce58549c9b669d391e23640f16662e7f to remote] DEBUG org.asynchttpclient.netty.request.NettyRequestSender - Using open Channel [id: 0x2c50df9f, L:/127.0.0.1:56854 - R:localhost/127.0.0.1:1461] for POST '/session/ce58549c9b669d391e23640f16662e7f/execute/sync'
16:37:06.301 [AsyncHttpClient-1-5] DEBUG org.asynchttpclient.netty.handler.HttpHandler - 

Request DefaultHttpRequest(decodeResult: success, version: HTTP/1.1)
POST /session/ce58549c9b669d391e23640f16662e7f/execute/sync HTTP/1.1
User-Agent: selenium/4.12.1 (java windows)
Content-Length: 47295
Content-Type: application/json; charset=utf-8
host: localhost:1461
accept: */*

Response DefaultHttpResponse(decodeResult: success, version: HTTP/1.1)
HTTP/1.1 200 OK
Content-Length: 13
Content-Type: application/json; charset=utf-8
cache-control: no-cache

16:37:06.301 [AsyncHttpClient-1-5] DEBUG org.asynchttpclient.netty.channel.ChannelManager - Adding key: http://localhost:1461 for channel [id: 0x2c50df9f, L:/127.0.0.1:56854 - R:localhost/127.0.0.1:1461]
16:37:06.310 [Forwarding findElement on session ce58549c9b669d391e23640f16662e7f to remote] DEBUG org.asynchttpclient.netty.request.NettyRequestSender - Using pooled Channel '[id: 0x2c50df9f, L:/127.0.0.1:56854 - R:localhost/127.0.0.1:1461]' for 'POST' to 'http://localhost:1461/session/ce58549c9b669d391e23640f16662e7f/element'
16:37:06.311 [Forwarding findElement on session ce58549c9b669d391e23640f16662e7f to remote] DEBUG org.asynchttpclient.netty.request.NettyRequestSender - Using open Channel [id: 0x2c50df9f, L:/127.0.0.1:56854 - R:localhost/127.0.0.1:1461] for POST '/session/ce58549c9b669d391e23640f16662e7f/element'
16:37:06.323 [AsyncHttpClient-1-5] DEBUG org.asynchttpclient.netty.handler.HttpHandler - 

Request DefaultHttpRequest(decodeResult: success, version: HTTP/1.1)
POST /session/ce58549c9b669d391e23640f16662e7f/element HTTP/1.1
User-Agent: selenium/4.12.1 (java windows)
Content-Length: 226
Content-Type: application/json; charset=utf-8
host: localhost:1461
accept: */*

Response DefaultHttpResponse(decodeResult: success, version: HTTP/1.1)
HTTP/1.1 200 OK
Content-Length: 126
Content-Type: application/json; charset=utf-8
cache-control: no-cache

16:37:06.323 [AsyncHttpClient-1-5] DEBUG org.asynchttpclient.netty.channel.ChannelManager - Adding key: http://localhost:1461 for channel [id: 0x2c50df9f, L:/127.0.0.1:56854 - R:localhost/127.0.0.1:1461]
16:37:06.326 [Forwarding isElementDisplayed on session ce58549c9b669d391e23640f16662e7f to remote] DEBUG org.asynchttpclient.netty.request.NettyRequestSender - Using pooled Channel '[id: 0x2c50df9f, L:/127.0.0.1:56854 - R:localhost/127.0.0.1:1461]' for 'POST' to 'http://localhost:1461/session/ce58549c9b669d391e23640f16662e7f/execute/sync'
16:37:06.326 [Forwarding isElementDisplayed on session ce58549c9b669d391e23640f16662e7f to remote] DEBUG org.asynchttpclient.netty.request.NettyRequestSender - Using open Channel [id: 0x2c50df9f, L:/127.0.0.1:56854 - R:localhost/127.0.0.1:1461] for POST '/session/ce58549c9b669d391e23640f16662e7f/execute/sync'
16:37:06.339 [AsyncHttpClient-1-5] DEBUG org.asynchttpclient.netty.handler.HttpHandler - 

Request DefaultHttpRequest(decodeResult: success, version: HTTP/1.1)
POST /session/ce58549c9b669d391e23640f16662e7f/execute/sync HTTP/1.1
User-Agent: selenium/4.12.1 (java windows)
Content-Length: 48734
Content-Type: application/json; charset=utf-8
host: localhost:1461
accept: */*

Response DefaultHttpResponse(decodeResult: success, version: HTTP/1.1)
HTTP/1.1 200 OK
Content-Length: 14
Content-Type: application/json; charset=utf-8
cache-control: no-cache

16:37:06.339 [AsyncHttpClient-1-5] DEBUG org.asynchttpclient.netty.channel.ChannelManager - Adding key: http://localhost:1461 for channel [id: 0x2c50df9f, L:/127.0.0.1:56854 - R:localhost/127.0.0.1:1461]
16:37:06.340 [Forwarding findElement on session ce58549c9b669d391e23640f16662e7f to remote] DEBUG org.asynchttpclient.netty.request.NettyRequestSender - Using pooled Channel '[id: 0x2c50df9f, L:/127.0.0.1:56854 - R:localhost/127.0.0.1:1461]' for 'POST' to 'http://localhost:1461/session/ce58549c9b669d391e23640f16662e7f/element'
16:37:06.340 [Forwarding findElement on session ce58549c9b669d391e23640f16662e7f to remote] DEBUG org.asynchttpclient.netty.request.NettyRequestSender - Using open Channel [id: 0x2c50df9f, L:/127.0.0.1:56854 - R:localhost/127.0.0.1:1461] for POST '/session/ce58549c9b669d391e23640f16662e7f/element'
16:37:06.349 [AsyncHttpClient-1-5] DEBUG org.asynchttpclient.netty.handler.HttpHandler - 

Request DefaultHttpRequest(decodeResult: success, version: HTTP/1.1)
POST /session/ce58549c9b669d391e23640f16662e7f/element HTTP/1.1
User-Agent: selenium/4.12.1 (java windows)
Content-Length: 226
Content-Type: application/json; charset=utf-8
host: localhost:1461
accept: */*

Response DefaultHttpResponse(decodeResult: success, version: HTTP/1.1)
HTTP/1.1 200 OK
Content-Length: 126
Content-Type: application/json; charset=utf-8
cache-control: no-cache

16:37:06.349 [AsyncHttpClient-1-5] DEBUG org.asynchttpclient.netty.channel.ChannelManager - Adding key: http://localhost:1461 for channel [id: 0x2c50df9f, L:/127.0.0.1:56854 - R:localhost/127.0.0.1:1461]
16:37:06.351 [Forwarding clickElement on session ce58549c9b669d391e23640f16662e7f to remote] DEBUG org.asynchttpclient.netty.request.NettyRequestSender - Using pooled Channel '[id: 0x2c50df9f, L:/127.0.0.1:56854 - R:localhost/127.0.0.1:1461]' for 'POST' to 'http://localhost:1461/session/ce58549c9b669d391e23640f16662e7f/element/f.06EF3401E30AE3EE31C7C1ABA64024F7.d.25E199E54E50D9516023B87E2077D351.e.23/click'
16:37:06.351 [Forwarding clickElement on session ce58549c9b669d391e23640f16662e7f to remote] DEBUG org.asynchttpclient.netty.request.NettyRequestSender - Using open Channel [id: 0x2c50df9f, L:/127.0.0.1:56854 - R:localhost/127.0.0.1:1461] for POST '/session/ce58549c9b669d391e23640f16662e7f/element/f.06EF3401E30AE3EE31C7C1ABA64024F7.d.25E199E54E50D9516023B87E2077D351.e.23/click'
16:37:06.396 [AsyncHttpClient-1-5] DEBUG org.asynchttpclient.netty.handler.HttpHandler - 

Request DefaultHttpRequest(decodeResult: success, version: HTTP/1.1)
POST /session/ce58549c9b669d391e23640f16662e7f/element/f.06EF3401E30AE3EE31C7C1ABA64024F7.d.25E199E54E50D9516023B87E2077D351.e.23/click HTTP/1.1
User-Agent: selenium/4.12.1 (java windows)
Content-Length: 88
Content-Type: application/json; charset=utf-8
host: localhost:1461
accept: */*

Response DefaultHttpResponse(decodeResult: success, version: HTTP/1.1)
HTTP/1.1 200 OK
Content-Length: 14
Content-Type: application/json; charset=utf-8
cache-control: no-cache

16:37:06.396 [AsyncHttpClient-1-5] DEBUG org.asynchttpclient.netty.channel.ChannelManager - Adding key: http://localhost:1461 for channel [id: 0x2c50df9f, L:/127.0.0.1:56854 - R:localhost/127.0.0.1:1461]
16:37:06.397 [Forwarding findElement on session ce58549c9b669d391e23640f16662e7f to remote] DEBUG org.asynchttpclient.netty.request.NettyRequestSender - Using pooled Channel '[id: 0x2c50df9f, L:/127.0.0.1:56854 - R:localhost/127.0.0.1:1461]' for 'POST' to 'http://localhost:1461/session/ce58549c9b669d391e23640f16662e7f/element'
16:37:06.398 [Forwarding findElement on session ce58549c9b669d391e23640f16662e7f to remote] DEBUG org.asynchttpclient.netty.request.NettyRequestSender - Using open Channel [id: 0x2c50df9f, L:/127.0.0.1:56854 - R:localhost/127.0.0.1:1461] for POST '/session/ce58549c9b669d391e23640f16662e7f/element'
16:37:06.407 [AsyncHttpClient-1-5] DEBUG org.asynchttpclient.netty.handler.HttpHandler - 

Request DefaultHttpRequest(decodeResult: success, version: HTTP/1.1)
POST /session/ce58549c9b669d391e23640f16662e7f/element HTTP/1.1
User-Agent: selenium/4.12.1 (java windows)
Content-Length: 226
Content-Type: application/json; charset=utf-8
host: localhost:1461
accept: */*

Response DefaultHttpResponse(decodeResult: success, version: HTTP/1.1)
HTTP/1.1 200 OK
Content-Length: 126
Content-Type: application/json; charset=utf-8
cache-control: no-cache

16:37:06.407 [AsyncHttpClient-1-5] DEBUG org.asynchttpclient.netty.channel.ChannelManager - Adding key: http://localhost:1461 for channel [id: 0x2c50df9f, L:/127.0.0.1:56854 - R:localhost/127.0.0.1:1461]
16:37:06.408 [Forwarding sendKeysToElement on session ce58549c9b669d391e23640f16662e7f to remote] DEBUG org.asynchttpclient.netty.request.NettyRequestSender - Using pooled Channel '[id: 0x2c50df9f, L:/127.0.0.1:56854 - R:localhost/127.0.0.1:1461]' for 'POST' to 'http://localhost:1461/session/ce58549c9b669d391e23640f16662e7f/element/f.06EF3401E30AE3EE31C7C1ABA64024F7.d.25E199E54E50D9516023B87E2077D351.e.23/value'
16:37:06.408 [Forwarding sendKeysToElement on session ce58549c9b669d391e23640f16662e7f to remote] DEBUG org.asynchttpclient.netty.request.NettyRequestSender - Using open Channel [id: 0x2c50df9f, L:/127.0.0.1:56854 - R:localhost/127.0.0.1:1461] for POST '/session/ce58549c9b669d391e23640f16662e7f/element/f.06EF3401E30AE3EE31C7C1ABA64024F7.d.25E199E54E50D9516023B87E2077D351.e.23/value'
16:37:06.438 [AsyncHttpClient-1-5] DEBUG org.asynchttpclient.netty.handler.HttpHandler - 

Request DefaultHttpRequest(decodeResult: success, version: HTTP/1.1)
POST /session/ce58549c9b669d391e23640f16662e7f/element/f.06EF3401E30AE3EE31C7C1ABA64024F7.d.25E199E54E50D9516023B87E2077D351.e.23/value HTTP/1.1
User-Agent: selenium/4.12.1 (java windows)
Content-Length: 143
Content-Type: application/json; charset=utf-8
host: localhost:1461
accept: */*

Response DefaultHttpResponse(decodeResult: success, version: HTTP/1.1)
HTTP/1.1 200 OK
Content-Length: 14
Content-Type: application/json; charset=utf-8
cache-control: no-cache

16:37:06.438 [AsyncHttpClient-1-5] DEBUG org.asynchttpclient.netty.channel.ChannelManager - Adding key: http://localhost:1461 for channel [id: 0x2c50df9f, L:/127.0.0.1:56854 - R:localhost/127.0.0.1:1461]
16:37:06.439 [Forwarding findElement on session ce58549c9b669d391e23640f16662e7f to remote] DEBUG org.asynchttpclient.netty.request.NettyRequestSender - Using pooled Channel '[id: 0x2c50df9f, L:/127.0.0.1:56854 - R:localhost/127.0.0.1:1461]' for 'POST' to 'http://localhost:1461/session/ce58549c9b669d391e23640f16662e7f/element'
16:37:06.439 [Forwarding findElement on session ce58549c9b669d391e23640f16662e7f to remote] DEBUG org.asynchttpclient.netty.request.NettyRequestSender - Using open Channel [id: 0x2c50df9f, L:/127.0.0.1:56854 - R:localhost/127.0.0.1:1461] for POST '/session/ce58549c9b669d391e23640f16662e7f/element'
16:37:06.449 [AsyncHttpClient-1-5] DEBUG org.asynchttpclient.netty.handler.HttpHandler - 

Request DefaultHttpRequest(decodeResult: success, version: HTTP/1.1)
POST /session/ce58549c9b669d391e23640f16662e7f/element HTTP/1.1
User-Agent: selenium/4.12.1 (java windows)
Content-Length: 226
Content-Type: application/json; charset=utf-8
host: localhost:1461
accept: */*

Response DefaultHttpResponse(decodeResult: success, version: HTTP/1.1)
HTTP/1.1 200 OK
Content-Length: 126
Content-Type: application/json; charset=utf-8
cache-control: no-cache

16:37:06.449 [AsyncHttpClient-1-5] DEBUG org.asynchttpclient.netty.channel.ChannelManager - Adding key: http://localhost:1461 for channel [id: 0x2c50df9f, L:/127.0.0.1:56854 - R:localhost/127.0.0.1:1461]
16:37:06.450 [Forwarding sendKeysToElement on session ce58549c9b669d391e23640f16662e7f to remote] DEBUG org.asynchttpclient.netty.request.NettyRequestSender - Using pooled Channel '[id: 0x2c50df9f, L:/127.0.0.1:56854 - R:localhost/127.0.0.1:1461]' for 'POST' to 'http://localhost:1461/session/ce58549c9b669d391e23640f16662e7f/element/f.06EF3401E30AE3EE31C7C1ABA64024F7.d.25E199E54E50D9516023B87E2077D351.e.23/value'
16:37:06.450 [Forwarding sendKeysToElement on session ce58549c9b669d391e23640f16662e7f to remote] DEBUG org.asynchttpclient.netty.request.NettyRequestSender - Using open Channel [id: 0x2c50df9f, L:/127.0.0.1:56854 - R:localhost/127.0.0.1:1461] for POST '/session/ce58549c9b669d391e23640f16662e7f/element/f.06EF3401E30AE3EE31C7C1ABA64024F7.d.25E199E54E50D9516023B87E2077D351.e.23/value'
16:37:06.529 [AsyncHttpClient-1-5] DEBUG org.asynchttpclient.netty.handler.HttpHandler - 

Request DefaultHttpRequest(decodeResult: success, version: HTTP/1.1)
POST /session/ce58549c9b669d391e23640f16662e7f/element/f.06EF3401E30AE3EE31C7C1ABA64024F7.d.25E199E54E50D9516023B87E2077D351.e.23/value HTTP/1.1
User-Agent: selenium/4.12.1 (java windows)
Content-Length: 133
Content-Type: application/json; charset=utf-8
host: localhost:1461
accept: */*

Response DefaultHttpResponse(decodeResult: success, version: HTTP/1.1)
HTTP/1.1 200 OK
Content-Length: 14
Content-Type: application/json; charset=utf-8
cache-control: no-cache

16:37:06.529 [AsyncHttpClient-1-5] DEBUG org.asynchttpclient.netty.channel.ChannelManager - Adding key: http://localhost:1461 for channel [id: 0x2c50df9f, L:/127.0.0.1:56854 - R:localhost/127.0.0.1:1461]
16:37:06.530 [Forwarding findElement on session ce58549c9b669d391e23640f16662e7f to remote] DEBUG org.asynchttpclient.netty.request.NettyRequestSender - Using pooled Channel '[id: 0x2c50df9f, L:/127.0.0.1:56854 - R:localhost/127.0.0.1:1461]' for 'POST' to 'http://localhost:1461/session/ce58549c9b669d391e23640f16662e7f/element'
16:37:06.530 [Forwarding findElement on session ce58549c9b669d391e23640f16662e7f to remote] DEBUG org.asynchttpclient.netty.request.NettyRequestSender - Using open Channel [id: 0x2c50df9f, L:/127.0.0.1:56854 - R:localhost/127.0.0.1:1461] for POST '/session/ce58549c9b669d391e23640f16662e7f/element'
16:37:06.540 [AsyncHttpClient-1-5] DEBUG org.asynchttpclient.netty.handler.HttpHandler - 

Request DefaultHttpRequest(decodeResult: success, version: HTTP/1.1)
POST /session/ce58549c9b669d391e23640f16662e7f/element HTTP/1.1
User-Agent: selenium/4.12.1 (java windows)
Content-Length: 226
Content-Type: application/json; charset=utf-8
host: localhost:1461
accept: */*

Response DefaultHttpResponse(decodeResult: success, version: HTTP/1.1)
HTTP/1.1 200 OK
Content-Length: 126
Content-Type: application/json; charset=utf-8
cache-control: no-cache

16:37:06.540 [AsyncHttpClient-1-5] DEBUG org.asynchttpclient.netty.channel.ChannelManager - Adding key: http://localhost:1461 for channel [id: 0x2c50df9f, L:/127.0.0.1:56854 - R:localhost/127.0.0.1:1461]
16:37:06.541 [Forwarding clickElement on session ce58549c9b669d391e23640f16662e7f to remote] DEBUG org.asynchttpclient.netty.request.NettyRequestSender - Using pooled Channel '[id: 0x2c50df9f, L:/127.0.0.1:56854 - R:localhost/127.0.0.1:1461]' for 'POST' to 'http://localhost:1461/session/ce58549c9b669d391e23640f16662e7f/element/f.06EF3401E30AE3EE31C7C1ABA64024F7.d.25E199E54E50D9516023B87E2077D351.e.23/click'
16:37:06.541 [Forwarding clickElement on session ce58549c9b669d391e23640f16662e7f to remote] DEBUG org.asynchttpclient.netty.request.NettyRequestSender - Using open Channel [id: 0x2c50df9f, L:/127.0.0.1:56854 - R:localhost/127.0.0.1:1461] for POST '/session/ce58549c9b669d391e23640f16662e7f/element/f.06EF3401E30AE3EE31C7C1ABA64024F7.d.25E199E54E50D9516023B87E2077D351.e.23/click'
16:37:06.593 [AsyncHttpClient-1-5] DEBUG org.asynchttpclient.netty.handler.HttpHandler - 

Request DefaultHttpRequest(decodeResult: success, version: HTTP/1.1)
POST /session/ce58549c9b669d391e23640f16662e7f/element/f.06EF3401E30AE3EE31C7C1ABA64024F7.d.25E199E54E50D9516023B87E2077D351.e.23/click HTTP/1.1
User-Agent: selenium/4.12.1 (java windows)
Content-Length: 88
Content-Type: application/json; charset=utf-8
host: localhost:1461
accept: */*

Response DefaultHttpResponse(decodeResult: success, version: HTTP/1.1)
HTTP/1.1 200 OK
Content-Length: 14
Content-Type: application/json; charset=utf-8
cache-control: no-cache

16:37:06.594 [AsyncHttpClient-1-5] DEBUG org.asynchttpclient.netty.channel.ChannelManager - Adding key: http://localhost:1461 for channel [id: 0x2c50df9f, L:/127.0.0.1:56854 - R:localhost/127.0.0.1:1461]
16:37:06.595 [Forwarding findElement on session ce58549c9b669d391e23640f16662e7f to remote] DEBUG org.asynchttpclient.netty.request.NettyRequestSender - Using pooled Channel '[id: 0x2c50df9f, L:/127.0.0.1:56854 - R:localhost/127.0.0.1:1461]' for 'POST' to 'http://localhost:1461/session/ce58549c9b669d391e23640f16662e7f/element'
16:37:06.595 [Forwarding findElement on session ce58549c9b669d391e23640f16662e7f to remote] DEBUG org.asynchttpclient.netty.request.NettyRequestSender - Using open Channel [id: 0x2c50df9f, L:/127.0.0.1:56854 - R:localhost/127.0.0.1:1461] for POST '/session/ce58549c9b669d391e23640f16662e7f/element'
16:37:06.606 [AsyncHttpClient-1-5] DEBUG org.asynchttpclient.netty.handler.HttpHandler - 

Request DefaultHttpRequest(decodeResult: success, version: HTTP/1.1)
POST /session/ce58549c9b669d391e23640f16662e7f/element HTTP/1.1
User-Agent: selenium/4.12.1 (java windows)
Content-Length: 226
Content-Type: application/json; charset=utf-8
host: localhost:1461
accept: */*

Response DefaultHttpResponse(decodeResult: success, version: HTTP/1.1)
HTTP/1.1 200 OK
Content-Length: 126
Content-Type: application/json; charset=utf-8
cache-control: no-cache

16:37:06.606 [AsyncHttpClient-1-5] DEBUG org.asynchttpclient.netty.channel.ChannelManager - Adding key: http://localhost:1461 for channel [id: 0x2c50df9f, L:/127.0.0.1:56854 - R:localhost/127.0.0.1:1461]
16:37:06.608 [Forwarding sendKeysToElement on session ce58549c9b669d391e23640f16662e7f to remote] DEBUG org.asynchttpclient.netty.request.NettyRequestSender - Using pooled Channel '[id: 0x2c50df9f, L:/127.0.0.1:56854 - R:localhost/127.0.0.1:1461]' for 'POST' to 'http://localhost:1461/session/ce58549c9b669d391e23640f16662e7f/element/f.06EF3401E30AE3EE31C7C1ABA64024F7.d.25E199E54E50D9516023B87E2077D351.e.23/value'
16:37:06.608 [Forwarding sendKeysToElement on session ce58549c9b669d391e23640f16662e7f to remote] DEBUG org.asynchttpclient.netty.request.NettyRequestSender - Using open Channel [id: 0x2c50df9f, L:/127.0.0.1:56854 - R:localhost/127.0.0.1:1461] for POST '/session/ce58549c9b669d391e23640f16662e7f/element/f.06EF3401E30AE3EE31C7C1ABA64024F7.d.25E199E54E50D9516023B87E2077D351.e.23/value'
16:37:06.983 [AsyncHttpClient-1-5] DEBUG org.asynchttpclient.netty.handler.HttpHandler - 

Request DefaultHttpRequest(decodeResult: success, version: HTTP/1.1)
POST /session/ce58549c9b669d391e23640f16662e7f/element/f.06EF3401E30AE3EE31C7C1ABA64024F7.d.25E199E54E50D9516023B87E2077D351.e.23/value HTTP/1.1
User-Agent: selenium/4.12.1 (java windows)
Content-Length: 179
Content-Type: application/json; charset=utf-8
host: localhost:1461
accept: */*

Response DefaultHttpResponse(decodeResult: success, version: HTTP/1.1)
HTTP/1.1 200 OK
Content-Length: 14
Content-Type: application/json; charset=utf-8
cache-control: no-cache

16:37:06.983 [AsyncHttpClient-1-5] DEBUG org.asynchttpclient.netty.channel.ChannelManager - Adding key: http://localhost:1461 for channel [id: 0x2c50df9f, L:/127.0.0.1:56854 - R:localhost/127.0.0.1:1461]
16:37:06.984 [Forwarding findElement on session ce58549c9b669d391e23640f16662e7f to remote] DEBUG org.asynchttpclient.netty.request.NettyRequestSender - Using pooled Channel '[id: 0x2c50df9f, L:/127.0.0.1:56854 - R:localhost/127.0.0.1:1461]' for 'POST' to 'http://localhost:1461/session/ce58549c9b669d391e23640f16662e7f/element'
16:37:06.984 [Forwarding findElement on session ce58549c9b669d391e23640f16662e7f to remote] DEBUG org.asynchttpclient.netty.request.NettyRequestSender - Using open Channel [id: 0x2c50df9f, L:/127.0.0.1:56854 - R:localhost/127.0.0.1:1461] for POST '/session/ce58549c9b669d391e23640f16662e7f/element'
16:37:06.996 [AsyncHttpClient-1-5] DEBUG org.asynchttpclient.netty.handler.HttpHandler - 

Request DefaultHttpRequest(decodeResult: success, version: HTTP/1.1)
POST /session/ce58549c9b669d391e23640f16662e7f/element HTTP/1.1
User-Agent: selenium/4.12.1 (java windows)
Content-Length: 226
Content-Type: application/json; charset=utf-8
host: localhost:1461
accept: */*

Response DefaultHttpResponse(decodeResult: success, version: HTTP/1.1)
HTTP/1.1 200 OK
Content-Length: 126
Content-Type: application/json; charset=utf-8
cache-control: no-cache

16:37:06.996 [AsyncHttpClient-1-5] DEBUG org.asynchttpclient.netty.channel.ChannelManager - Adding key: http://localhost:1461 for channel [id: 0x2c50df9f, L:/127.0.0.1:56854 - R:localhost/127.0.0.1:1461]
16:37:06.998 [Forwarding getElementAttribute on session ce58549c9b669d391e23640f16662e7f to remote] DEBUG org.asynchttpclient.netty.request.NettyRequestSender - Using pooled Channel '[id: 0x2c50df9f, L:/127.0.0.1:56854 - R:localhost/127.0.0.1:1461]' for 'POST' to 'http://localhost:1461/session/ce58549c9b669d391e23640f16662e7f/execute/sync'
16:37:06.998 [Forwarding getElementAttribute on session ce58549c9b669d391e23640f16662e7f to remote] DEBUG org.asynchttpclient.netty.request.NettyRequestSender - Using open Channel [id: 0x2c50df9f, L:/127.0.0.1:56854 - R:localhost/127.0.0.1:1461] for POST '/session/ce58549c9b669d391e23640f16662e7f/execute/sync'
16:37:07.009 [AsyncHttpClient-1-5] DEBUG org.asynchttpclient.netty.handler.HttpHandler - 

Request DefaultHttpRequest(decodeResult: success, version: HTTP/1.1)
POST /session/ce58549c9b669d391e23640f16662e7f/execute/sync HTTP/1.1
User-Agent: selenium/4.12.1 (java windows)
Content-Length: 47295
Content-Type: application/json; charset=utf-8
host: localhost:1461
accept: */*

Response DefaultHttpResponse(decodeResult: success, version: HTTP/1.1)
HTTP/1.1 200 OK
Content-Length: 13
Content-Type: application/json; charset=utf-8
cache-control: no-cache

16:37:07.010 [AsyncHttpClient-1-5] DEBUG org.asynchttpclient.netty.channel.ChannelManager - Adding key: http://localhost:1461 for channel [id: 0x2c50df9f, L:/127.0.0.1:56854 - R:localhost/127.0.0.1:1461]
16:37:07.019 [Forwarding findElement on session ce58549c9b669d391e23640f16662e7f to remote] DEBUG org.asynchttpclient.netty.request.NettyRequestSender - Using pooled Channel '[id: 0x2c50df9f, L:/127.0.0.1:56854 - R:localhost/127.0.0.1:1461]' for 'POST' to 'http://localhost:1461/session/ce58549c9b669d391e23640f16662e7f/element'
16:37:07.019 [Forwarding findElement on session ce58549c9b669d391e23640f16662e7f to remote] DEBUG org.asynchttpclient.netty.request.NettyRequestSender - Using open Channel [id: 0x2c50df9f, L:/127.0.0.1:56854 - R:localhost/127.0.0.1:1461] for POST '/session/ce58549c9b669d391e23640f16662e7f/element'
16:37:07.029 [AsyncHttpClient-1-5] DEBUG org.asynchttpclient.netty.handler.HttpHandler - 

Request DefaultHttpRequest(decodeResult: success, version: HTTP/1.1)
POST /session/ce58549c9b669d391e23640f16662e7f/element HTTP/1.1
User-Agent: selenium/4.12.1 (java windows)
Content-Length: 226
Content-Type: application/json; charset=utf-8
host: localhost:1461
accept: */*

Response DefaultHttpResponse(decodeResult: success, version: HTTP/1.1)
HTTP/1.1 200 OK
Content-Length: 126
Content-Type: application/json; charset=utf-8
cache-control: no-cache

16:37:07.029 [AsyncHttpClient-1-5] DEBUG org.asynchttpclient.netty.channel.ChannelManager - Adding key: http://localhost:1461 for channel [id: 0x2c50df9f, L:/127.0.0.1:56854 - R:localhost/127.0.0.1:1461]
16:37:07.031 [Forwarding isElementDisplayed on session ce58549c9b669d391e23640f16662e7f to remote] DEBUG org.asynchttpclient.netty.request.NettyRequestSender - Using pooled Channel '[id: 0x2c50df9f, L:/127.0.0.1:56854 - R:localhost/127.0.0.1:1461]' for 'POST' to 'http://localhost:1461/session/ce58549c9b669d391e23640f16662e7f/execute/sync'
16:37:07.032 [Forwarding isElementDisplayed on session ce58549c9b669d391e23640f16662e7f to remote] DEBUG org.asynchttpclient.netty.request.NettyRequestSender - Using open Channel [id: 0x2c50df9f, L:/127.0.0.1:56854 - R:localhost/127.0.0.1:1461] for POST '/session/ce58549c9b669d391e23640f16662e7f/execute/sync'
16:37:07.043 [AsyncHttpClient-1-5] DEBUG org.asynchttpclient.netty.handler.HttpHandler - 

Request DefaultHttpRequest(decodeResult: success, version: HTTP/1.1)
POST /session/ce58549c9b669d391e23640f16662e7f/execute/sync HTTP/1.1
User-Agent: selenium/4.12.1 (java windows)
Content-Length: 48734
Content-Type: application/json; charset=utf-8
host: localhost:1461
accept: */*

Response DefaultHttpResponse(decodeResult: success, version: HTTP/1.1)
HTTP/1.1 200 OK
Content-Length: 14
Content-Type: application/json; charset=utf-8
cache-control: no-cache

16:37:07.044 [AsyncHttpClient-1-5] DEBUG org.asynchttpclient.netty.channel.ChannelManager - Adding key: http://localhost:1461 for channel [id: 0x2c50df9f, L:/127.0.0.1:56854 - R:localhost/127.0.0.1:1461]
16:37:07.045 [Forwarding findElement on session ce58549c9b669d391e23640f16662e7f to remote] DEBUG org.asynchttpclient.netty.request.NettyRequestSender - Using pooled Channel '[id: 0x2c50df9f, L:/127.0.0.1:56854 - R:localhost/127.0.0.1:1461]' for 'POST' to 'http://localhost:1461/session/ce58549c9b669d391e23640f16662e7f/element'
16:37:07.045 [Forwarding findElement on session ce58549c9b669d391e23640f16662e7f to remote] DEBUG org.asynchttpclient.netty.request.NettyRequestSender - Using open Channel [id: 0x2c50df9f, L:/127.0.0.1:56854 - R:localhost/127.0.0.1:1461] for POST '/session/ce58549c9b669d391e23640f16662e7f/element'
16:37:07.054 [AsyncHttpClient-1-5] DEBUG org.asynchttpclient.netty.handler.HttpHandler - 

Request DefaultHttpRequest(decodeResult: success, version: HTTP/1.1)
POST /session/ce58549c9b669d391e23640f16662e7f/element HTTP/1.1
User-Agent: selenium/4.12.1 (java windows)
Content-Length: 226
Content-Type: application/json; charset=utf-8
host: localhost:1461
accept: */*

Response DefaultHttpResponse(decodeResult: success, version: HTTP/1.1)
HTTP/1.1 200 OK
Content-Length: 126
Content-Type: application/json; charset=utf-8
cache-control: no-cache

16:37:07.054 [AsyncHttpClient-1-5] DEBUG org.asynchttpclient.netty.channel.ChannelManager - Adding key: http://localhost:1461 for channel [id: 0x2c50df9f, L:/127.0.0.1:56854 - R:localhost/127.0.0.1:1461]
16:37:07.056 [Forwarding clickElement on session ce58549c9b669d391e23640f16662e7f to remote] DEBUG org.asynchttpclient.netty.request.NettyRequestSender - Using pooled Channel '[id: 0x2c50df9f, L:/127.0.0.1:56854 - R:localhost/127.0.0.1:1461]' for 'POST' to 'http://localhost:1461/session/ce58549c9b669d391e23640f16662e7f/element/f.06EF3401E30AE3EE31C7C1ABA64024F7.d.25E199E54E50D9516023B87E2077D351.e.23/click'
16:37:07.056 [Forwarding clickElement on session ce58549c9b669d391e23640f16662e7f to remote] DEBUG org.asynchttpclient.netty.request.NettyRequestSender - Using open Channel [id: 0x2c50df9f, L:/127.0.0.1:56854 - R:localhost/127.0.0.1:1461] for POST '/session/ce58549c9b669d391e23640f16662e7f/element/f.06EF3401E30AE3EE31C7C1ABA64024F7.d.25E199E54E50D9516023B87E2077D351.e.23/click'
16:37:07.107 [AsyncHttpClient-1-5] DEBUG org.asynchttpclient.netty.handler.HttpHandler - 

Request DefaultHttpRequest(decodeResult: success, version: HTTP/1.1)
POST /session/ce58549c9b669d391e23640f16662e7f/element/f.06EF3401E30AE3EE31C7C1ABA64024F7.d.25E199E54E50D9516023B87E2077D351.e.23/click HTTP/1.1
User-Agent: selenium/4.12.1 (java windows)
Content-Length: 88
Content-Type: application/json; charset=utf-8
host: localhost:1461
accept: */*

Response DefaultHttpResponse(decodeResult: success, version: HTTP/1.1)
HTTP/1.1 200 OK
Content-Length: 14
Content-Type: application/json; charset=utf-8
cache-control: no-cache

16:37:07.107 [AsyncHttpClient-1-5] DEBUG org.asynchttpclient.netty.channel.ChannelManager - Adding key: http://localhost:1461 for channel [id: 0x2c50df9f, L:/127.0.0.1:56854 - R:localhost/127.0.0.1:1461]
16:37:07.108 [Forwarding findElement on session ce58549c9b669d391e23640f16662e7f to remote] DEBUG org.asynchttpclient.netty.request.NettyRequestSender - Using pooled Channel '[id: 0x2c50df9f, L:/127.0.0.1:56854 - R:localhost/127.0.0.1:1461]' for 'POST' to 'http://localhost:1461/session/ce58549c9b669d391e23640f16662e7f/element'
16:37:07.109 [Forwarding findElement on session ce58549c9b669d391e23640f16662e7f to remote] DEBUG org.asynchttpclient.netty.request.NettyRequestSender - Using open Channel [id: 0x2c50df9f, L:/127.0.0.1:56854 - R:localhost/127.0.0.1:1461] for POST '/session/ce58549c9b669d391e23640f16662e7f/element'
16:37:07.121 [AsyncHttpClient-1-5] DEBUG org.asynchttpclient.netty.handler.HttpHandler - 

Request DefaultHttpRequest(decodeResult: success, version: HTTP/1.1)
POST /session/ce58549c9b669d391e23640f16662e7f/element HTTP/1.1
User-Agent: selenium/4.12.1 (java windows)
Content-Length: 226
Content-Type: application/json; charset=utf-8
host: localhost:1461
accept: */*

Response DefaultHttpResponse(decodeResult: success, version: HTTP/1.1)
HTTP/1.1 200 OK
Content-Length: 126
Content-Type: application/json; charset=utf-8
cache-control: no-cache

16:37:07.121 [AsyncHttpClient-1-5] DEBUG org.asynchttpclient.netty.channel.ChannelManager - Adding key: http://localhost:1461 for channel [id: 0x2c50df9f, L:/127.0.0.1:56854 - R:localhost/127.0.0.1:1461]
16:37:07.123 [Forwarding sendKeysToElement on session ce58549c9b669d391e23640f16662e7f to remote] DEBUG org.asynchttpclient.netty.request.NettyRequestSender - Using pooled Channel '[id: 0x2c50df9f, L:/127.0.0.1:56854 - R:localhost/127.0.0.1:1461]' for 'POST' to 'http://localhost:1461/session/ce58549c9b669d391e23640f16662e7f/element/f.06EF3401E30AE3EE31C7C1ABA64024F7.d.25E199E54E50D9516023B87E2077D351.e.23/value'
16:37:07.123 [Forwarding sendKeysToElement on session ce58549c9b669d391e23640f16662e7f to remote] DEBUG org.asynchttpclient.netty.request.NettyRequestSender - Using open Channel [id: 0x2c50df9f, L:/127.0.0.1:56854 - R:localhost/127.0.0.1:1461] for POST '/session/ce58549c9b669d391e23640f16662e7f/element/f.06EF3401E30AE3EE31C7C1ABA64024F7.d.25E199E54E50D9516023B87E2077D351.e.23/value'
16:37:07.157 [AsyncHttpClient-1-5] DEBUG org.asynchttpclient.netty.handler.HttpHandler - 

Request DefaultHttpRequest(decodeResult: success, version: HTTP/1.1)
POST /session/ce58549c9b669d391e23640f16662e7f/element/f.06EF3401E30AE3EE31C7C1ABA64024F7.d.25E199E54E50D9516023B87E2077D351.e.23/value HTTP/1.1
User-Agent: selenium/4.12.1 (java windows)
Content-Length: 143
Content-Type: application/json; charset=utf-8
host: localhost:1461
accept: */*

Response DefaultHttpResponse(decodeResult: success, version: HTTP/1.1)
HTTP/1.1 200 OK
Content-Length: 14
Content-Type: application/json; charset=utf-8
cache-control: no-cache

16:37:07.157 [AsyncHttpClient-1-5] DEBUG org.asynchttpclient.netty.channel.ChannelManager - Adding key: http://localhost:1461 for channel [id: 0x2c50df9f, L:/127.0.0.1:56854 - R:localhost/127.0.0.1:1461]
16:37:07.158 [Forwarding findElement on session ce58549c9b669d391e23640f16662e7f to remote] DEBUG org.asynchttpclient.netty.request.NettyRequestSender - Using pooled Channel '[id: 0x2c50df9f, L:/127.0.0.1:56854 - R:localhost/127.0.0.1:1461]' for 'POST' to 'http://localhost:1461/session/ce58549c9b669d391e23640f16662e7f/element'
16:37:07.158 [Forwarding findElement on session ce58549c9b669d391e23640f16662e7f to remote] DEBUG org.asynchttpclient.netty.request.NettyRequestSender - Using open Channel [id: 0x2c50df9f, L:/127.0.0.1:56854 - R:localhost/127.0.0.1:1461] for POST '/session/ce58549c9b669d391e23640f16662e7f/element'
16:37:07.167 [AsyncHttpClient-1-5] DEBUG org.asynchttpclient.netty.handler.HttpHandler - 

Request DefaultHttpRequest(decodeResult: success, version: HTTP/1.1)
POST /session/ce58549c9b669d391e23640f16662e7f/element HTTP/1.1
User-Agent: selenium/4.12.1 (java windows)
Content-Length: 226
Content-Type: application/json; charset=utf-8
host: localhost:1461
accept: */*

Response DefaultHttpResponse(decodeResult: success, version: HTTP/1.1)
HTTP/1.1 200 OK
Content-Length: 126
Content-Type: application/json; charset=utf-8
cache-control: no-cache

16:37:07.169 [AsyncHttpClient-1-5] DEBUG org.asynchttpclient.netty.channel.ChannelManager - Adding key: http://localhost:1461 for channel [id: 0x2c50df9f, L:/127.0.0.1:56854 - R:localhost/127.0.0.1:1461]
16:37:07.171 [Forwarding sendKeysToElement on session ce58549c9b669d391e23640f16662e7f to remote] DEBUG org.asynchttpclient.netty.request.NettyRequestSender - Using pooled Channel '[id: 0x2c50df9f, L:/127.0.0.1:56854 - R:localhost/127.0.0.1:1461]' for 'POST' to 'http://localhost:1461/session/ce58549c9b669d391e23640f16662e7f/element/f.06EF3401E30AE3EE31C7C1ABA64024F7.d.25E199E54E50D9516023B87E2077D351.e.23/value'
16:37:07.171 [Forwarding sendKeysToElement on session ce58549c9b669d391e23640f16662e7f to remote] DEBUG org.asynchttpclient.netty.request.NettyRequestSender - Using open Channel [id: 0x2c50df9f, L:/127.0.0.1:56854 - R:localhost/127.0.0.1:1461] for POST '/session/ce58549c9b669d391e23640f16662e7f/element/f.06EF3401E30AE3EE31C7C1ABA64024F7.d.25E199E54E50D9516023B87E2077D351.e.23/value'
16:37:07.253 [AsyncHttpClient-1-5] DEBUG org.asynchttpclient.netty.handler.HttpHandler - 

Request DefaultHttpRequest(decodeResult: success, version: HTTP/1.1)
POST /session/ce58549c9b669d391e23640f16662e7f/element/f.06EF3401E30AE3EE31C7C1ABA64024F7.d.25E199E54E50D9516023B87E2077D351.e.23/value HTTP/1.1
User-Agent: selenium/4.12.1 (java windows)
Content-Length: 133
Content-Type: application/json; charset=utf-8
host: localhost:1461
accept: */*

Response DefaultHttpResponse(decodeResult: success, version: HTTP/1.1)
HTTP/1.1 200 OK
Content-Length: 14
Content-Type: application/json; charset=utf-8
cache-control: no-cache

16:37:07.253 [AsyncHttpClient-1-5] DEBUG org.asynchttpclient.netty.channel.ChannelManager - Adding key: http://localhost:1461 for channel [id: 0x2c50df9f, L:/127.0.0.1:56854 - R:localhost/127.0.0.1:1461]
16:37:07.254 [Forwarding findElement on session ce58549c9b669d391e23640f16662e7f to remote] DEBUG org.asynchttpclient.netty.request.NettyRequestSender - Using pooled Channel '[id: 0x2c50df9f, L:/127.0.0.1:56854 - R:localhost/127.0.0.1:1461]' for 'POST' to 'http://localhost:1461/session/ce58549c9b669d391e23640f16662e7f/element'
16:37:07.254 [Forwarding findElement on session ce58549c9b669d391e23640f16662e7f to remote] DEBUG org.asynchttpclient.netty.request.NettyRequestSender - Using open Channel [id: 0x2c50df9f, L:/127.0.0.1:56854 - R:localhost/127.0.0.1:1461] for POST '/session/ce58549c9b669d391e23640f16662e7f/element'
16:37:07.266 [AsyncHttpClient-1-5] DEBUG org.asynchttpclient.netty.handler.HttpHandler - 

Request DefaultHttpRequest(decodeResult: success, version: HTTP/1.1)
POST /session/ce58549c9b669d391e23640f16662e7f/element HTTP/1.1
User-Agent: selenium/4.12.1 (java windows)
Content-Length: 226
Content-Type: application/json; charset=utf-8
host: localhost:1461
accept: */*

Response DefaultHttpResponse(decodeResult: success, version: HTTP/1.1)
HTTP/1.1 200 OK
Content-Length: 126
Content-Type: application/json; charset=utf-8
cache-control: no-cache

16:37:07.266 [AsyncHttpClient-1-5] DEBUG org.asynchttpclient.netty.channel.ChannelManager - Adding key: http://localhost:1461 for channel [id: 0x2c50df9f, L:/127.0.0.1:56854 - R:localhost/127.0.0.1:1461]
16:37:07.267 [Forwarding clickElement on session ce58549c9b669d391e23640f16662e7f to remote] DEBUG org.asynchttpclient.netty.request.NettyRequestSender - Using pooled Channel '[id: 0x2c50df9f, L:/127.0.0.1:56854 - R:localhost/127.0.0.1:1461]' for 'POST' to 'http://localhost:1461/session/ce58549c9b669d391e23640f16662e7f/element/f.06EF3401E30AE3EE31C7C1ABA64024F7.d.25E199E54E50D9516023B87E2077D351.e.23/click'
16:37:07.267 [Forwarding clickElement on session ce58549c9b669d391e23640f16662e7f to remote] DEBUG org.asynchttpclient.netty.request.NettyRequestSender - Using open Channel [id: 0x2c50df9f, L:/127.0.0.1:56854 - R:localhost/127.0.0.1:1461] for POST '/session/ce58549c9b669d391e23640f16662e7f/element/f.06EF3401E30AE3EE31C7C1ABA64024F7.d.25E199E54E50D9516023B87E2077D351.e.23/click'
16:37:07.317 [AsyncHttpClient-1-5] DEBUG org.asynchttpclient.netty.handler.HttpHandler - 

Request DefaultHttpRequest(decodeResult: success, version: HTTP/1.1)
POST /session/ce58549c9b669d391e23640f16662e7f/element/f.06EF3401E30AE3EE31C7C1ABA64024F7.d.25E199E54E50D9516023B87E2077D351.e.23/click HTTP/1.1
User-Agent: selenium/4.12.1 (java windows)
Content-Length: 88
Content-Type: application/json; charset=utf-8
host: localhost:1461
accept: */*

Response DefaultHttpResponse(decodeResult: success, version: HTTP/1.1)
HTTP/1.1 200 OK
Content-Length: 14
Content-Type: application/json; charset=utf-8
cache-control: no-cache

16:37:07.317 [AsyncHttpClient-1-5] DEBUG org.asynchttpclient.netty.channel.ChannelManager - Adding key: http://localhost:1461 for channel [id: 0x2c50df9f, L:/127.0.0.1:56854 - R:localhost/127.0.0.1:1461]
16:37:07.318 [Forwarding findElement on session ce58549c9b669d391e23640f16662e7f to remote] DEBUG org.asynchttpclient.netty.request.NettyRequestSender - Using pooled Channel '[id: 0x2c50df9f, L:/127.0.0.1:56854 - R:localhost/127.0.0.1:1461]' for 'POST' to 'http://localhost:1461/session/ce58549c9b669d391e23640f16662e7f/element'
16:37:07.318 [Forwarding findElement on session ce58549c9b669d391e23640f16662e7f to remote] DEBUG org.asynchttpclient.netty.request.NettyRequestSender - Using open Channel [id: 0x2c50df9f, L:/127.0.0.1:56854 - R:localhost/127.0.0.1:1461] for POST '/session/ce58549c9b669d391e23640f16662e7f/element'
16:37:07.330 [AsyncHttpClient-1-5] DEBUG org.asynchttpclient.netty.handler.HttpHandler - 

Request DefaultHttpRequest(decodeResult: success, version: HTTP/1.1)
POST /session/ce58549c9b669d391e23640f16662e7f/element HTTP/1.1
User-Agent: selenium/4.12.1 (java windows)
Content-Length: 226
Content-Type: application/json; charset=utf-8
host: localhost:1461
accept: */*

Response DefaultHttpResponse(decodeResult: success, version: HTTP/1.1)
HTTP/1.1 200 OK
Content-Length: 126
Content-Type: application/json; charset=utf-8
cache-control: no-cache

16:37:07.330 [AsyncHttpClient-1-5] DEBUG org.asynchttpclient.netty.channel.ChannelManager - Adding key: http://localhost:1461 for channel [id: 0x2c50df9f, L:/127.0.0.1:56854 - R:localhost/127.0.0.1:1461]
16:37:07.331 [Forwarding sendKeysToElement on session ce58549c9b669d391e23640f16662e7f to remote] DEBUG org.asynchttpclient.netty.request.NettyRequestSender - Using pooled Channel '[id: 0x2c50df9f, L:/127.0.0.1:56854 - R:localhost/127.0.0.1:1461]' for 'POST' to 'http://localhost:1461/session/ce58549c9b669d391e23640f16662e7f/element/f.06EF3401E30AE3EE31C7C1ABA64024F7.d.25E199E54E50D9516023B87E2077D351.e.23/value'
16:37:07.331 [Forwarding sendKeysToElement on session ce58549c9b669d391e23640f16662e7f to remote] DEBUG org.asynchttpclient.netty.request.NettyRequestSender - Using open Channel [id: 0x2c50df9f, L:/127.0.0.1:56854 - R:localhost/127.0.0.1:1461] for POST '/session/ce58549c9b669d391e23640f16662e7f/element/f.06EF3401E30AE3EE31C7C1ABA64024F7.d.25E199E54E50D9516023B87E2077D351.e.23/value'
16:37:07.714 [AsyncHttpClient-1-5] DEBUG org.asynchttpclient.netty.handler.HttpHandler - 

Request DefaultHttpRequest(decodeResult: success, version: HTTP/1.1)
POST /session/ce58549c9b669d391e23640f16662e7f/element/f.06EF3401E30AE3EE31C7C1ABA64024F7.d.25E199E54E50D9516023B87E2077D351.e.23/value HTTP/1.1
User-Agent: selenium/4.12.1 (java windows)
Content-Length: 183
Content-Type: application/json; charset=utf-8
host: localhost:1461
accept: */*

Response DefaultHttpResponse(decodeResult: success, version: HTTP/1.1)
HTTP/1.1 200 OK
Content-Length: 14
Content-Type: application/json; charset=utf-8
cache-control: no-cache

16:37:07.714 [AsyncHttpClient-1-5] DEBUG org.asynchttpclient.netty.channel.ChannelManager - Adding key: http://localhost:1461 for channel [id: 0x2c50df9f, L:/127.0.0.1:56854 - R:localhost/127.0.0.1:1461]
16:37:07.715 [Forwarding findElement on session ce58549c9b669d391e23640f16662e7f to remote] DEBUG org.asynchttpclient.netty.request.NettyRequestSender - Using pooled Channel '[id: 0x2c50df9f, L:/127.0.0.1:56854 - R:localhost/127.0.0.1:1461]' for 'POST' to 'http://localhost:1461/session/ce58549c9b669d391e23640f16662e7f/element'
16:37:07.715 [Forwarding findElement on session ce58549c9b669d391e23640f16662e7f to remote] DEBUG org.asynchttpclient.netty.request.NettyRequestSender - Using open Channel [id: 0x2c50df9f, L:/127.0.0.1:56854 - R:localhost/127.0.0.1:1461] for POST '/session/ce58549c9b669d391e23640f16662e7f/element'
16:37:07.754 [AsyncHttpClient-1-5] DEBUG org.asynchttpclient.netty.handler.HttpHandler - 

Request DefaultHttpRequest(decodeResult: success, version: HTTP/1.1)
POST /session/ce58549c9b669d391e23640f16662e7f/element HTTP/1.1
User-Agent: selenium/4.12.1 (java windows)
Content-Length: 226
Content-Type: application/json; charset=utf-8
host: localhost:1461
accept: */*

Response DefaultHttpResponse(decodeResult: success, version: HTTP/1.1)
HTTP/1.1 200 OK
Content-Length: 126
Content-Type: application/json; charset=utf-8
cache-control: no-cache

16:37:07.755 [AsyncHttpClient-1-5] DEBUG org.asynchttpclient.netty.channel.ChannelManager - Adding key: http://localhost:1461 for channel [id: 0x2c50df9f, L:/127.0.0.1:56854 - R:localhost/127.0.0.1:1461]
16:37:07.757 [Forwarding getElementAttribute on session ce58549c9b669d391e23640f16662e7f to remote] DEBUG org.asynchttpclient.netty.request.NettyRequestSender - Using pooled Channel '[id: 0x2c50df9f, L:/127.0.0.1:56854 - R:localhost/127.0.0.1:1461]' for 'POST' to 'http://localhost:1461/session/ce58549c9b669d391e23640f16662e7f/execute/sync'
16:37:07.757 [Forwarding getElementAttribute on session ce58549c9b669d391e23640f16662e7f to remote] DEBUG org.asynchttpclient.netty.request.NettyRequestSender - Using open Channel [id: 0x2c50df9f, L:/127.0.0.1:56854 - R:localhost/127.0.0.1:1461] for POST '/session/ce58549c9b669d391e23640f16662e7f/execute/sync'
16:37:07.769 [AsyncHttpClient-1-5] DEBUG org.asynchttpclient.netty.handler.HttpHandler - 

Request DefaultHttpRequest(decodeResult: success, version: HTTP/1.1)
POST /session/ce58549c9b669d391e23640f16662e7f/execute/sync HTTP/1.1
User-Agent: selenium/4.12.1 (java windows)
Content-Length: 47295
Content-Type: application/json; charset=utf-8
host: localhost:1461
accept: */*

Response DefaultHttpResponse(decodeResult: success, version: HTTP/1.1)
HTTP/1.1 200 OK
Content-Length: 13
Content-Type: application/json; charset=utf-8
cache-control: no-cache

16:37:07.769 [AsyncHttpClient-1-5] DEBUG org.asynchttpclient.netty.channel.ChannelManager - Adding key: http://localhost:1461 for channel [id: 0x2c50df9f, L:/127.0.0.1:56854 - R:localhost/127.0.0.1:1461]
16:37:08.264 [Forwarding findElement on session ce58549c9b669d391e23640f16662e7f to remote] DEBUG org.asynchttpclient.netty.request.NettyRequestSender - Using pooled Channel '[id: 0x2c50df9f, L:/127.0.0.1:56854 - R:localhost/127.0.0.1:1461]' for 'POST' to 'http://localhost:1461/session/ce58549c9b669d391e23640f16662e7f/element'
16:37:08.264 [Forwarding findElement on session ce58549c9b669d391e23640f16662e7f to remote] DEBUG org.asynchttpclient.netty.request.NettyRequestSender - Using open Channel [id: 0x2c50df9f, L:/127.0.0.1:56854 - R:localhost/127.0.0.1:1461] for POST '/session/ce58549c9b669d391e23640f16662e7f/element'
16:37:08.275 [AsyncHttpClient-1-5] DEBUG org.asynchttpclient.netty.handler.HttpHandler - 

Request DefaultHttpRequest(decodeResult: success, version: HTTP/1.1)
POST /session/ce58549c9b669d391e23640f16662e7f/element HTTP/1.1
User-Agent: selenium/4.12.1 (java windows)
Content-Length: 226
Content-Type: application/json; charset=utf-8
host: localhost:1461
accept: */*

Response DefaultHttpResponse(decodeResult: success, version: HTTP/1.1)
HTTP/1.1 200 OK
Content-Length: 126
Content-Type: application/json; charset=utf-8
cache-control: no-cache

16:37:08.275 [AsyncHttpClient-1-5] DEBUG org.asynchttpclient.netty.channel.ChannelManager - Adding key: http://localhost:1461 for channel [id: 0x2c50df9f, L:/127.0.0.1:56854 - R:localhost/127.0.0.1:1461]
16:37:08.277 [Forwarding isElementDisplayed on session ce58549c9b669d391e23640f16662e7f to remote] DEBUG org.asynchttpclient.netty.request.NettyRequestSender - Using pooled Channel '[id: 0x2c50df9f, L:/127.0.0.1:56854 - R:localhost/127.0.0.1:1461]' for 'POST' to 'http://localhost:1461/session/ce58549c9b669d391e23640f16662e7f/execute/sync'
16:37:08.277 [Forwarding isElementDisplayed on session ce58549c9b669d391e23640f16662e7f to remote] DEBUG org.asynchttpclient.netty.request.NettyRequestSender - Using open Channel [id: 0x2c50df9f, L:/127.0.0.1:56854 - R:localhost/127.0.0.1:1461] for POST '/session/ce58549c9b669d391e23640f16662e7f/execute/sync'
16:37:08.291 [AsyncHttpClient-1-5] DEBUG org.asynchttpclient.netty.handler.HttpHandler - 

Request DefaultHttpRequest(decodeResult: success, version: HTTP/1.1)
POST /session/ce58549c9b669d391e23640f16662e7f/execute/sync HTTP/1.1
User-Agent: selenium/4.12.1 (java windows)
Content-Length: 48734
Content-Type: application/json; charset=utf-8
host: localhost:1461
accept: */*

Response DefaultHttpResponse(decodeResult: success, version: HTTP/1.1)
HTTP/1.1 200 OK
Content-Length: 14
Content-Type: application/json; charset=utf-8
cache-control: no-cache

16:37:08.291 [AsyncHttpClient-1-5] DEBUG org.asynchttpclient.netty.channel.ChannelManager - Adding key: http://localhost:1461 for channel [id: 0x2c50df9f, L:/127.0.0.1:56854 - R:localhost/127.0.0.1:1461]
16:37:08.292 [Forwarding findElement on session ce58549c9b669d391e23640f16662e7f to remote] DEBUG org.asynchttpclient.netty.request.NettyRequestSender - Using pooled Channel '[id: 0x2c50df9f, L:/127.0.0.1:56854 - R:localhost/127.0.0.1:1461]' for 'POST' to 'http://localhost:1461/session/ce58549c9b669d391e23640f16662e7f/element'
16:37:08.292 [Forwarding findElement on session ce58549c9b669d391e23640f16662e7f to remote] DEBUG org.asynchttpclient.netty.request.NettyRequestSender - Using open Channel [id: 0x2c50df9f, L:/127.0.0.1:56854 - R:localhost/127.0.0.1:1461] for POST '/session/ce58549c9b669d391e23640f16662e7f/element'
16:37:08.304 [AsyncHttpClient-1-5] DEBUG org.asynchttpclient.netty.handler.HttpHandler - 

Request DefaultHttpRequest(decodeResult: success, version: HTTP/1.1)
POST /session/ce58549c9b669d391e23640f16662e7f/element HTTP/1.1
User-Agent: selenium/4.12.1 (java windows)
Content-Length: 226
Content-Type: application/json; charset=utf-8
host: localhost:1461
accept: */*

Response DefaultHttpResponse(decodeResult: success, version: HTTP/1.1)
HTTP/1.1 200 OK
Content-Length: 126
Content-Type: application/json; charset=utf-8
cache-control: no-cache

16:37:08.304 [AsyncHttpClient-1-5] DEBUG org.asynchttpclient.netty.channel.ChannelManager - Adding key: http://localhost:1461 for channel [id: 0x2c50df9f, L:/127.0.0.1:56854 - R:localhost/127.0.0.1:1461]
16:37:08.305 [Forwarding clickElement on session ce58549c9b669d391e23640f16662e7f to remote] DEBUG org.asynchttpclient.netty.request.NettyRequestSender - Using pooled Channel '[id: 0x2c50df9f, L:/127.0.0.1:56854 - R:localhost/127.0.0.1:1461]' for 'POST' to 'http://localhost:1461/session/ce58549c9b669d391e23640f16662e7f/element/f.06EF3401E30AE3EE31C7C1ABA64024F7.d.25E199E54E50D9516023B87E2077D351.e.23/click'
16:37:08.305 [Forwarding clickElement on session ce58549c9b669d391e23640f16662e7f to remote] DEBUG org.asynchttpclient.netty.request.NettyRequestSender - Using open Channel [id: 0x2c50df9f, L:/127.0.0.1:56854 - R:localhost/127.0.0.1:1461] for POST '/session/ce58549c9b669d391e23640f16662e7f/element/f.06EF3401E30AE3EE31C7C1ABA64024F7.d.25E199E54E50D9516023B87E2077D351.e.23/click'
16:37:08.361 [AsyncHttpClient-1-5] DEBUG org.asynchttpclient.netty.handler.HttpHandler - 

Request DefaultHttpRequest(decodeResult: success, version: HTTP/1.1)
POST /session/ce58549c9b669d391e23640f16662e7f/element/f.06EF3401E30AE3EE31C7C1ABA64024F7.d.25E199E54E50D9516023B87E2077D351.e.23/click HTTP/1.1
User-Agent: selenium/4.12.1 (java windows)
Content-Length: 88
Content-Type: application/json; charset=utf-8
host: localhost:1461
accept: */*

Response DefaultHttpResponse(decodeResult: success, version: HTTP/1.1)
HTTP/1.1 200 OK
Content-Length: 14
Content-Type: application/json; charset=utf-8
cache-control: no-cache

16:37:08.361 [AsyncHttpClient-1-5] DEBUG org.asynchttpclient.netty.channel.ChannelManager - Adding key: http://localhost:1461 for channel [id: 0x2c50df9f, L:/127.0.0.1:56854 - R:localhost/127.0.0.1:1461]
16:37:08.362 [Forwarding findElement on session ce58549c9b669d391e23640f16662e7f to remote] DEBUG org.asynchttpclient.netty.request.NettyRequestSender - Using pooled Channel '[id: 0x2c50df9f, L:/127.0.0.1:56854 - R:localhost/127.0.0.1:1461]' for 'POST' to 'http://localhost:1461/session/ce58549c9b669d391e23640f16662e7f/element'
16:37:08.362 [Forwarding findElement on session ce58549c9b669d391e23640f16662e7f to remote] DEBUG org.asynchttpclient.netty.request.NettyRequestSender - Using open Channel [id: 0x2c50df9f, L:/127.0.0.1:56854 - R:localhost/127.0.0.1:1461] for POST '/session/ce58549c9b669d391e23640f16662e7f/element'
16:37:08.374 [AsyncHttpClient-1-5] DEBUG org.asynchttpclient.netty.handler.HttpHandler - 

Request DefaultHttpRequest(decodeResult: success, version: HTTP/1.1)
POST /session/ce58549c9b669d391e23640f16662e7f/element HTTP/1.1
User-Agent: selenium/4.12.1 (java windows)
Content-Length: 226
Content-Type: application/json; charset=utf-8
host: localhost:1461
accept: */*

Response DefaultHttpResponse(decodeResult: success, version: HTTP/1.1)
HTTP/1.1 200 OK
Content-Length: 126
Content-Type: application/json; charset=utf-8
cache-control: no-cache

16:37:08.374 [AsyncHttpClient-1-5] DEBUG org.asynchttpclient.netty.channel.ChannelManager - Adding key: http://localhost:1461 for channel [id: 0x2c50df9f, L:/127.0.0.1:56854 - R:localhost/127.0.0.1:1461]
16:37:08.376 [Forwarding sendKeysToElement on session ce58549c9b669d391e23640f16662e7f to remote] DEBUG org.asynchttpclient.netty.request.NettyRequestSender - Using pooled Channel '[id: 0x2c50df9f, L:/127.0.0.1:56854 - R:localhost/127.0.0.1:1461]' for 'POST' to 'http://localhost:1461/session/ce58549c9b669d391e23640f16662e7f/element/f.06EF3401E30AE3EE31C7C1ABA64024F7.d.25E199E54E50D9516023B87E2077D351.e.23/value'
16:37:08.376 [Forwarding sendKeysToElement on session ce58549c9b669d391e23640f16662e7f to remote] DEBUG org.asynchttpclient.netty.request.NettyRequestSender - Using open Channel [id: 0x2c50df9f, L:/127.0.0.1:56854 - R:localhost/127.0.0.1:1461] for POST '/session/ce58549c9b669d391e23640f16662e7f/element/f.06EF3401E30AE3EE31C7C1ABA64024F7.d.25E199E54E50D9516023B87E2077D351.e.23/value'
16:37:08.413 [AsyncHttpClient-1-5] DEBUG org.asynchttpclient.netty.handler.HttpHandler - 

Request DefaultHttpRequest(decodeResult: success, version: HTTP/1.1)
POST /session/ce58549c9b669d391e23640f16662e7f/element/f.06EF3401E30AE3EE31C7C1ABA64024F7.d.25E199E54E50D9516023B87E2077D351.e.23/value HTTP/1.1
User-Agent: selenium/4.12.1 (java windows)
Content-Length: 143
Content-Type: application/json; charset=utf-8
host: localhost:1461
accept: */*

Response DefaultHttpResponse(decodeResult: success, version: HTTP/1.1)
HTTP/1.1 200 OK
Content-Length: 14
Content-Type: application/json; charset=utf-8
cache-control: no-cache

16:37:08.413 [AsyncHttpClient-1-5] DEBUG org.asynchttpclient.netty.channel.ChannelManager - Adding key: http://localhost:1461 for channel [id: 0x2c50df9f, L:/127.0.0.1:56854 - R:localhost/127.0.0.1:1461]
16:37:08.415 [Forwarding findElement on session ce58549c9b669d391e23640f16662e7f to remote] DEBUG org.asynchttpclient.netty.request.NettyRequestSender - Using pooled Channel '[id: 0x2c50df9f, L:/127.0.0.1:56854 - R:localhost/127.0.0.1:1461]' for 'POST' to 'http://localhost:1461/session/ce58549c9b669d391e23640f16662e7f/element'
16:37:08.415 [Forwarding findElement on session ce58549c9b669d391e23640f16662e7f to remote] DEBUG org.asynchttpclient.netty.request.NettyRequestSender - Using open Channel [id: 0x2c50df9f, L:/127.0.0.1:56854 - R:localhost/127.0.0.1:1461] for POST '/session/ce58549c9b669d391e23640f16662e7f/element'
16:37:08.426 [AsyncHttpClient-1-5] DEBUG org.asynchttpclient.netty.handler.HttpHandler - 

Request DefaultHttpRequest(decodeResult: success, version: HTTP/1.1)
POST /session/ce58549c9b669d391e23640f16662e7f/element HTTP/1.1
User-Agent: selenium/4.12.1 (java windows)
Content-Length: 226
Content-Type: application/json; charset=utf-8
host: localhost:1461
accept: */*

Response DefaultHttpResponse(decodeResult: success, version: HTTP/1.1)
HTTP/1.1 200 OK
Content-Length: 126
Content-Type: application/json; charset=utf-8
cache-control: no-cache

16:37:08.426 [AsyncHttpClient-1-5] DEBUG org.asynchttpclient.netty.channel.ChannelManager - Adding key: http://localhost:1461 for channel [id: 0x2c50df9f, L:/127.0.0.1:56854 - R:localhost/127.0.0.1:1461]
16:37:08.427 [Forwarding sendKeysToElement on session ce58549c9b669d391e23640f16662e7f to remote] DEBUG org.asynchttpclient.netty.request.NettyRequestSender - Using pooled Channel '[id: 0x2c50df9f, L:/127.0.0.1:56854 - R:localhost/127.0.0.1:1461]' for 'POST' to 'http://localhost:1461/session/ce58549c9b669d391e23640f16662e7f/element/f.06EF3401E30AE3EE31C7C1ABA64024F7.d.25E199E54E50D9516023B87E2077D351.e.23/value'
16:37:08.427 [Forwarding sendKeysToElement on session ce58549c9b669d391e23640f16662e7f to remote] DEBUG org.asynchttpclient.netty.request.NettyRequestSender - Using open Channel [id: 0x2c50df9f, L:/127.0.0.1:56854 - R:localhost/127.0.0.1:1461] for POST '/session/ce58549c9b669d391e23640f16662e7f/element/f.06EF3401E30AE3EE31C7C1ABA64024F7.d.25E199E54E50D9516023B87E2077D351.e.23/value'
16:37:08.525 [AsyncHttpClient-1-5] DEBUG org.asynchttpclient.netty.handler.HttpHandler - 

Request DefaultHttpRequest(decodeResult: success, version: HTTP/1.1)
POST /session/ce58549c9b669d391e23640f16662e7f/element/f.06EF3401E30AE3EE31C7C1ABA64024F7.d.25E199E54E50D9516023B87E2077D351.e.23/value HTTP/1.1
User-Agent: selenium/4.12.1 (java windows)
Content-Length: 133
Content-Type: application/json; charset=utf-8
host: localhost:1461
accept: */*

Response DefaultHttpResponse(decodeResult: success, version: HTTP/1.1)
HTTP/1.1 200 OK
Content-Length: 14
Content-Type: application/json; charset=utf-8
cache-control: no-cache

16:37:08.525 [AsyncHttpClient-1-5] DEBUG org.asynchttpclient.netty.channel.ChannelManager - Adding key: http://localhost:1461 for channel [id: 0x2c50df9f, L:/127.0.0.1:56854 - R:localhost/127.0.0.1:1461]
16:37:08.526 [Forwarding findElement on session ce58549c9b669d391e23640f16662e7f to remote] DEBUG org.asynchttpclient.netty.request.NettyRequestSender - Using pooled Channel '[id: 0x2c50df9f, L:/127.0.0.1:56854 - R:localhost/127.0.0.1:1461]' for 'POST' to 'http://localhost:1461/session/ce58549c9b669d391e23640f16662e7f/element'
16:37:08.526 [Forwarding findElement on session ce58549c9b669d391e23640f16662e7f to remote] DEBUG org.asynchttpclient.netty.request.NettyRequestSender - Using open Channel [id: 0x2c50df9f, L:/127.0.0.1:56854 - R:localhost/127.0.0.1:1461] for POST '/session/ce58549c9b669d391e23640f16662e7f/element'
16:37:08.537 [AsyncHttpClient-1-5] DEBUG org.asynchttpclient.netty.handler.HttpHandler - 

Request DefaultHttpRequest(decodeResult: success, version: HTTP/1.1)
POST /session/ce58549c9b669d391e23640f16662e7f/element HTTP/1.1
User-Agent: selenium/4.12.1 (java windows)
Content-Length: 226
Content-Type: application/json; charset=utf-8
host: localhost:1461
accept: */*

Response DefaultHttpResponse(decodeResult: success, version: HTTP/1.1)
HTTP/1.1 200 OK
Content-Length: 126
Content-Type: application/json; charset=utf-8
cache-control: no-cache

16:37:08.537 [AsyncHttpClient-1-5] DEBUG org.asynchttpclient.netty.channel.ChannelManager - Adding key: http://localhost:1461 for channel [id: 0x2c50df9f, L:/127.0.0.1:56854 - R:localhost/127.0.0.1:1461]
16:37:08.538 [Forwarding clickElement on session ce58549c9b669d391e23640f16662e7f to remote] DEBUG org.asynchttpclient.netty.request.NettyRequestSender - Using pooled Channel '[id: 0x2c50df9f, L:/127.0.0.1:56854 - R:localhost/127.0.0.1:1461]' for 'POST' to 'http://localhost:1461/session/ce58549c9b669d391e23640f16662e7f/element/f.06EF3401E30AE3EE31C7C1ABA64024F7.d.25E199E54E50D9516023B87E2077D351.e.23/click'
16:37:08.538 [Forwarding clickElement on session ce58549c9b669d391e23640f16662e7f to remote] DEBUG org.asynchttpclient.netty.request.NettyRequestSender - Using open Channel [id: 0x2c50df9f, L:/127.0.0.1:56854 - R:localhost/127.0.0.1:1461] for POST '/session/ce58549c9b669d391e23640f16662e7f/element/f.06EF3401E30AE3EE31C7C1ABA64024F7.d.25E199E54E50D9516023B87E2077D351.e.23/click'
16:37:08.592 [AsyncHttpClient-1-5] DEBUG org.asynchttpclient.netty.handler.HttpHandler - 

Request DefaultHttpRequest(decodeResult: success, version: HTTP/1.1)
POST /session/ce58549c9b669d391e23640f16662e7f/element/f.06EF3401E30AE3EE31C7C1ABA64024F7.d.25E199E54E50D9516023B87E2077D351.e.23/click HTTP/1.1
User-Agent: selenium/4.12.1 (java windows)
Content-Length: 88
Content-Type: application/json; charset=utf-8
host: localhost:1461
accept: */*

Response DefaultHttpResponse(decodeResult: success, version: HTTP/1.1)
HTTP/1.1 200 OK
Content-Length: 14
Content-Type: application/json; charset=utf-8
cache-control: no-cache

16:37:08.592 [AsyncHttpClient-1-5] DEBUG org.asynchttpclient.netty.channel.ChannelManager - Adding key: http://localhost:1461 for channel [id: 0x2c50df9f, L:/127.0.0.1:56854 - R:localhost/127.0.0.1:1461]
16:37:08.593 [Forwarding findElement on session ce58549c9b669d391e23640f16662e7f to remote] DEBUG org.asynchttpclient.netty.request.NettyRequestSender - Using pooled Channel '[id: 0x2c50df9f, L:/127.0.0.1:56854 - R:localhost/127.0.0.1:1461]' for 'POST' to 'http://localhost:1461/session/ce58549c9b669d391e23640f16662e7f/element'
16:37:08.593 [Forwarding findElement on session ce58549c9b669d391e23640f16662e7f to remote] DEBUG org.asynchttpclient.netty.request.NettyRequestSender - Using open Channel [id: 0x2c50df9f, L:/127.0.0.1:56854 - R:localhost/127.0.0.1:1461] for POST '/session/ce58549c9b669d391e23640f16662e7f/element'
16:37:08.604 [AsyncHttpClient-1-5] DEBUG org.asynchttpclient.netty.handler.HttpHandler - 

Request DefaultHttpRequest(decodeResult: success, version: HTTP/1.1)
POST /session/ce58549c9b669d391e23640f16662e7f/element HTTP/1.1
User-Agent: selenium/4.12.1 (java windows)
Content-Length: 226
Content-Type: application/json; charset=utf-8
host: localhost:1461
accept: */*

Response DefaultHttpResponse(decodeResult: success, version: HTTP/1.1)
HTTP/1.1 200 OK
Content-Length: 126
Content-Type: application/json; charset=utf-8
cache-control: no-cache

16:37:08.605 [AsyncHttpClient-1-5] DEBUG org.asynchttpclient.netty.channel.ChannelManager - Adding key: http://localhost:1461 for channel [id: 0x2c50df9f, L:/127.0.0.1:56854 - R:localhost/127.0.0.1:1461]
16:37:08.606 [Forwarding sendKeysToElement on session ce58549c9b669d391e23640f16662e7f to remote] DEBUG org.asynchttpclient.netty.request.NettyRequestSender - Using pooled Channel '[id: 0x2c50df9f, L:/127.0.0.1:56854 - R:localhost/127.0.0.1:1461]' for 'POST' to 'http://localhost:1461/session/ce58549c9b669d391e23640f16662e7f/element/f.06EF3401E30AE3EE31C7C1ABA64024F7.d.25E199E54E50D9516023B87E2077D351.e.23/value'
16:37:08.606 [Forwarding sendKeysToElement on session ce58549c9b669d391e23640f16662e7f to remote] DEBUG org.asynchttpclient.netty.request.NettyRequestSender - Using open Channel [id: 0x2c50df9f, L:/127.0.0.1:56854 - R:localhost/127.0.0.1:1461] for POST '/session/ce58549c9b669d391e23640f16662e7f/element/f.06EF3401E30AE3EE31C7C1ABA64024F7.d.25E199E54E50D9516023B87E2077D351.e.23/value'
16:37:08.695 [AsyncHttpClient-1-5] DEBUG org.asynchttpclient.netty.handler.HttpHandler - 

Request DefaultHttpRequest(decodeResult: success, version: HTTP/1.1)
POST /session/ce58549c9b669d391e23640f16662e7f/element/f.06EF3401E30AE3EE31C7C1ABA64024F7.d.25E199E54E50D9516023B87E2077D351.e.23/value HTTP/1.1
User-Agent: selenium/4.12.1 (java windows)
Content-Length: 129
Content-Type: application/json; charset=utf-8
host: localhost:1461
accept: */*

Response DefaultHttpResponse(decodeResult: success, version: HTTP/1.1)
HTTP/1.1 200 OK
Content-Length: 14
Content-Type: application/json; charset=utf-8
cache-control: no-cache

16:37:08.695 [AsyncHttpClient-1-5] DEBUG org.asynchttpclient.netty.channel.ChannelManager - Adding key: http://localhost:1461 for channel [id: 0x2c50df9f, L:/127.0.0.1:56854 - R:localhost/127.0.0.1:1461]
16:37:08.696 [Forwarding findElement on session ce58549c9b669d391e23640f16662e7f to remote] DEBUG org.asynchttpclient.netty.request.NettyRequestSender - Using pooled Channel '[id: 0x2c50df9f, L:/127.0.0.1:56854 - R:localhost/127.0.0.1:1461]' for 'POST' to 'http://localhost:1461/session/ce58549c9b669d391e23640f16662e7f/element'
16:37:08.696 [Forwarding findElement on session ce58549c9b669d391e23640f16662e7f to remote] DEBUG org.asynchttpclient.netty.request.NettyRequestSender - Using open Channel [id: 0x2c50df9f, L:/127.0.0.1:56854 - R:localhost/127.0.0.1:1461] for POST '/session/ce58549c9b669d391e23640f16662e7f/element'
16:37:08.708 [AsyncHttpClient-1-5] DEBUG org.asynchttpclient.netty.handler.HttpHandler - 

Request DefaultHttpRequest(decodeResult: success, version: HTTP/1.1)
POST /session/ce58549c9b669d391e23640f16662e7f/element HTTP/1.1
User-Agent: selenium/4.12.1 (java windows)
Content-Length: 226
Content-Type: application/json; charset=utf-8
host: localhost:1461
accept: */*

Response DefaultHttpResponse(decodeResult: success, version: HTTP/1.1)
HTTP/1.1 200 OK
Content-Length: 126
Content-Type: application/json; charset=utf-8
cache-control: no-cache

16:37:08.708 [AsyncHttpClient-1-5] DEBUG org.asynchttpclient.netty.channel.ChannelManager - Adding key: http://localhost:1461 for channel [id: 0x2c50df9f, L:/127.0.0.1:56854 - R:localhost/127.0.0.1:1461]
16:37:08.710 [Forwarding getElementAttribute on session ce58549c9b669d391e23640f16662e7f to remote] DEBUG org.asynchttpclient.netty.request.NettyRequestSender - Using pooled Channel '[id: 0x2c50df9f, L:/127.0.0.1:56854 - R:localhost/127.0.0.1:1461]' for 'POST' to 'http://localhost:1461/session/ce58549c9b669d391e23640f16662e7f/execute/sync'
16:37:08.710 [Forwarding getElementAttribute on session ce58549c9b669d391e23640f16662e7f to remote] DEBUG org.asynchttpclient.netty.request.NettyRequestSender - Using open Channel [id: 0x2c50df9f, L:/127.0.0.1:56854 - R:localhost/127.0.0.1:1461] for POST '/session/ce58549c9b669d391e23640f16662e7f/execute/sync'
16:37:08.722 [AsyncHttpClient-1-5] DEBUG org.asynchttpclient.netty.handler.HttpHandler - 

Request DefaultHttpRequest(decodeResult: success, version: HTTP/1.1)
POST /session/ce58549c9b669d391e23640f16662e7f/execute/sync HTTP/1.1
User-Agent: selenium/4.12.1 (java windows)
Content-Length: 47295
Content-Type: application/json; charset=utf-8
host: localhost:1461
accept: */*

Response DefaultHttpResponse(decodeResult: success, version: HTTP/1.1)
HTTP/1.1 200 OK
Content-Length: 13
Content-Type: application/json; charset=utf-8
cache-control: no-cache

16:37:08.722 [AsyncHttpClient-1-5] DEBUG org.asynchttpclient.netty.channel.ChannelManager - Adding key: http://localhost:1461 for channel [id: 0x2c50df9f, L:/127.0.0.1:56854 - R:localhost/127.0.0.1:1461]
16:37:08.730 [Forwarding findElement on session ce58549c9b669d391e23640f16662e7f to remote] DEBUG org.asynchttpclient.netty.request.NettyRequestSender - Using pooled Channel '[id: 0x2c50df9f, L:/127.0.0.1:56854 - R:localhost/127.0.0.1:1461]' for 'POST' to 'http://localhost:1461/session/ce58549c9b669d391e23640f16662e7f/element'
16:37:08.730 [Forwarding findElement on session ce58549c9b669d391e23640f16662e7f to remote] DEBUG org.asynchttpclient.netty.request.NettyRequestSender - Using open Channel [id: 0x2c50df9f, L:/127.0.0.1:56854 - R:localhost/127.0.0.1:1461] for POST '/session/ce58549c9b669d391e23640f16662e7f/element'
16:37:08.741 [AsyncHttpClient-1-5] DEBUG org.asynchttpclient.netty.handler.HttpHandler - 

Request DefaultHttpRequest(decodeResult: success, version: HTTP/1.1)
POST /session/ce58549c9b669d391e23640f16662e7f/element HTTP/1.1
User-Agent: selenium/4.12.1 (java windows)
Content-Length: 226
Content-Type: application/json; charset=utf-8
host: localhost:1461
accept: */*

Response DefaultHttpResponse(decodeResult: success, version: HTTP/1.1)
HTTP/1.1 200 OK
Content-Length: 126
Content-Type: application/json; charset=utf-8
cache-control: no-cache

16:37:08.741 [AsyncHttpClient-1-5] DEBUG org.asynchttpclient.netty.channel.ChannelManager - Adding key: http://localhost:1461 for channel [id: 0x2c50df9f, L:/127.0.0.1:56854 - R:localhost/127.0.0.1:1461]
16:37:08.744 [Forwarding isElementDisplayed on session ce58549c9b669d391e23640f16662e7f to remote] DEBUG org.asynchttpclient.netty.request.NettyRequestSender - Using pooled Channel '[id: 0x2c50df9f, L:/127.0.0.1:56854 - R:localhost/127.0.0.1:1461]' for 'POST' to 'http://localhost:1461/session/ce58549c9b669d391e23640f16662e7f/execute/sync'
16:37:08.744 [Forwarding isElementDisplayed on session ce58549c9b669d391e23640f16662e7f to remote] DEBUG org.asynchttpclient.netty.request.NettyRequestSender - Using open Channel [id: 0x2c50df9f, L:/127.0.0.1:56854 - R:localhost/127.0.0.1:1461] for POST '/session/ce58549c9b669d391e23640f16662e7f/execute/sync'
16:37:08.756 [AsyncHttpClient-1-5] DEBUG org.asynchttpclient.netty.handler.HttpHandler - 

Request DefaultHttpRequest(decodeResult: success, version: HTTP/1.1)
POST /session/ce58549c9b669d391e23640f16662e7f/execute/sync HTTP/1.1
User-Agent: selenium/4.12.1 (java windows)
Content-Length: 48734
Content-Type: application/json; charset=utf-8
host: localhost:1461
accept: */*

Response DefaultHttpResponse(decodeResult: success, version: HTTP/1.1)
HTTP/1.1 200 OK
Content-Length: 14
Content-Type: application/json; charset=utf-8
cache-control: no-cache

16:37:08.756 [AsyncHttpClient-1-5] DEBUG org.asynchttpclient.netty.channel.ChannelManager - Adding key: http://localhost:1461 for channel [id: 0x2c50df9f, L:/127.0.0.1:56854 - R:localhost/127.0.0.1:1461]
16:37:08.757 [Forwarding findElement on session ce58549c9b669d391e23640f16662e7f to remote] DEBUG org.asynchttpclient.netty.request.NettyRequestSender - Using pooled Channel '[id: 0x2c50df9f, L:/127.0.0.1:56854 - R:localhost/127.0.0.1:1461]' for 'POST' to 'http://localhost:1461/session/ce58549c9b669d391e23640f16662e7f/element'
16:37:08.757 [Forwarding findElement on session ce58549c9b669d391e23640f16662e7f to remote] DEBUG org.asynchttpclient.netty.request.NettyRequestSender - Using open Channel [id: 0x2c50df9f, L:/127.0.0.1:56854 - R:localhost/127.0.0.1:1461] for POST '/session/ce58549c9b669d391e23640f16662e7f/element'
16:37:08.767 [AsyncHttpClient-1-5] DEBUG org.asynchttpclient.netty.handler.HttpHandler - 

Request DefaultHttpRequest(decodeResult: success, version: HTTP/1.1)
POST /session/ce58549c9b669d391e23640f16662e7f/element HTTP/1.1
User-Agent: selenium/4.12.1 (java windows)
Content-Length: 226
Content-Type: application/json; charset=utf-8
host: localhost:1461
accept: */*

Response DefaultHttpResponse(decodeResult: success, version: HTTP/1.1)
HTTP/1.1 200 OK
Content-Length: 126
Content-Type: application/json; charset=utf-8
cache-control: no-cache

16:37:08.768 [AsyncHttpClient-1-5] DEBUG org.asynchttpclient.netty.channel.ChannelManager - Adding key: http://localhost:1461 for channel [id: 0x2c50df9f, L:/127.0.0.1:56854 - R:localhost/127.0.0.1:1461]
16:37:08.769 [Forwarding clickElement on session ce58549c9b669d391e23640f16662e7f to remote] DEBUG org.asynchttpclient.netty.request.NettyRequestSender - Using pooled Channel '[id: 0x2c50df9f, L:/127.0.0.1:56854 - R:localhost/127.0.0.1:1461]' for 'POST' to 'http://localhost:1461/session/ce58549c9b669d391e23640f16662e7f/element/f.06EF3401E30AE3EE31C7C1ABA64024F7.d.25E199E54E50D9516023B87E2077D351.e.23/click'
16:37:08.769 [Forwarding clickElement on session ce58549c9b669d391e23640f16662e7f to remote] DEBUG org.asynchttpclient.netty.request.NettyRequestSender - Using open Channel [id: 0x2c50df9f, L:/127.0.0.1:56854 - R:localhost/127.0.0.1:1461] for POST '/session/ce58549c9b669d391e23640f16662e7f/element/f.06EF3401E30AE3EE31C7C1ABA64024F7.d.25E199E54E50D9516023B87E2077D351.e.23/click'
16:37:08.820 [AsyncHttpClient-1-5] DEBUG org.asynchttpclient.netty.handler.HttpHandler - 

Request DefaultHttpRequest(decodeResult: success, version: HTTP/1.1)
POST /session/ce58549c9b669d391e23640f16662e7f/element/f.06EF3401E30AE3EE31C7C1ABA64024F7.d.25E199E54E50D9516023B87E2077D351.e.23/click HTTP/1.1
User-Agent: selenium/4.12.1 (java windows)
Content-Length: 88
Content-Type: application/json; charset=utf-8
host: localhost:1461
accept: */*

Response DefaultHttpResponse(decodeResult: success, version: HTTP/1.1)
HTTP/1.1 200 OK
Content-Length: 14
Content-Type: application/json; charset=utf-8
cache-control: no-cache

16:37:08.820 [AsyncHttpClient-1-5] DEBUG org.asynchttpclient.netty.channel.ChannelManager - Adding key: http://localhost:1461 for channel [id: 0x2c50df9f, L:/127.0.0.1:56854 - R:localhost/127.0.0.1:1461]
16:37:08.821 [Forwarding findElement on session ce58549c9b669d391e23640f16662e7f to remote] DEBUG org.asynchttpclient.netty.request.NettyRequestSender - Using pooled Channel '[id: 0x2c50df9f, L:/127.0.0.1:56854 - R:localhost/127.0.0.1:1461]' for 'POST' to 'http://localhost:1461/session/ce58549c9b669d391e23640f16662e7f/element'
16:37:08.821 [Forwarding findElement on session ce58549c9b669d391e23640f16662e7f to remote] DEBUG org.asynchttpclient.netty.request.NettyRequestSender - Using open Channel [id: 0x2c50df9f, L:/127.0.0.1:56854 - R:localhost/127.0.0.1:1461] for POST '/session/ce58549c9b669d391e23640f16662e7f/element'
16:37:08.832 [AsyncHttpClient-1-5] DEBUG org.asynchttpclient.netty.handler.HttpHandler - 

Request DefaultHttpRequest(decodeResult: success, version: HTTP/1.1)
POST /session/ce58549c9b669d391e23640f16662e7f/element HTTP/1.1
User-Agent: selenium/4.12.1 (java windows)
Content-Length: 226
Content-Type: application/json; charset=utf-8
host: localhost:1461
accept: */*

Response DefaultHttpResponse(decodeResult: success, version: HTTP/1.1)
HTTP/1.1 200 OK
Content-Length: 126
Content-Type: application/json; charset=utf-8
cache-control: no-cache

16:37:08.832 [AsyncHttpClient-1-5] DEBUG org.asynchttpclient.netty.channel.ChannelManager - Adding key: http://localhost:1461 for channel [id: 0x2c50df9f, L:/127.0.0.1:56854 - R:localhost/127.0.0.1:1461]
16:37:08.833 [Forwarding sendKeysToElement on session ce58549c9b669d391e23640f16662e7f to remote] DEBUG org.asynchttpclient.netty.request.NettyRequestSender - Using pooled Channel '[id: 0x2c50df9f, L:/127.0.0.1:56854 - R:localhost/127.0.0.1:1461]' for 'POST' to 'http://localhost:1461/session/ce58549c9b669d391e23640f16662e7f/element/f.06EF3401E30AE3EE31C7C1ABA64024F7.d.25E199E54E50D9516023B87E2077D351.e.23/value'
16:37:08.833 [Forwarding sendKeysToElement on session ce58549c9b669d391e23640f16662e7f to remote] DEBUG org.asynchttpclient.netty.request.NettyRequestSender - Using open Channel [id: 0x2c50df9f, L:/127.0.0.1:56854 - R:localhost/127.0.0.1:1461] for POST '/session/ce58549c9b669d391e23640f16662e7f/element/f.06EF3401E30AE3EE31C7C1ABA64024F7.d.25E199E54E50D9516023B87E2077D351.e.23/value'
16:37:08.869 [AsyncHttpClient-1-5] DEBUG org.asynchttpclient.netty.handler.HttpHandler - 

Request DefaultHttpRequest(decodeResult: success, version: HTTP/1.1)
POST /session/ce58549c9b669d391e23640f16662e7f/element/f.06EF3401E30AE3EE31C7C1ABA64024F7.d.25E199E54E50D9516023B87E2077D351.e.23/value HTTP/1.1
User-Agent: selenium/4.12.1 (java windows)
Content-Length: 143
Content-Type: application/json; charset=utf-8
host: localhost:1461
accept: */*

Response DefaultHttpResponse(decodeResult: success, version: HTTP/1.1)
HTTP/1.1 200 OK
Content-Length: 14
Content-Type: application/json; charset=utf-8
cache-control: no-cache

16:37:08.870 [AsyncHttpClient-1-5] DEBUG org.asynchttpclient.netty.channel.ChannelManager - Adding key: http://localhost:1461 for channel [id: 0x2c50df9f, L:/127.0.0.1:56854 - R:localhost/127.0.0.1:1461]
16:37:08.870 [Forwarding findElement on session ce58549c9b669d391e23640f16662e7f to remote] DEBUG org.asynchttpclient.netty.request.NettyRequestSender - Using pooled Channel '[id: 0x2c50df9f, L:/127.0.0.1:56854 - R:localhost/127.0.0.1:1461]' for 'POST' to 'http://localhost:1461/session/ce58549c9b669d391e23640f16662e7f/element'
16:37:08.871 [Forwarding findElement on session ce58549c9b669d391e23640f16662e7f to remote] DEBUG org.asynchttpclient.netty.request.NettyRequestSender - Using open Channel [id: 0x2c50df9f, L:/127.0.0.1:56854 - R:localhost/127.0.0.1:1461] for POST '/session/ce58549c9b669d391e23640f16662e7f/element'
16:37:08.881 [AsyncHttpClient-1-5] DEBUG org.asynchttpclient.netty.handler.HttpHandler - 

Request DefaultHttpRequest(decodeResult: success, version: HTTP/1.1)
POST /session/ce58549c9b669d391e23640f16662e7f/element HTTP/1.1
User-Agent: selenium/4.12.1 (java windows)
Content-Length: 226
Content-Type: application/json; charset=utf-8
host: localhost:1461
accept: */*

Response DefaultHttpResponse(decodeResult: success, version: HTTP/1.1)
HTTP/1.1 200 OK
Content-Length: 126
Content-Type: application/json; charset=utf-8
cache-control: no-cache

16:37:08.882 [AsyncHttpClient-1-5] DEBUG org.asynchttpclient.netty.channel.ChannelManager - Adding key: http://localhost:1461 for channel [id: 0x2c50df9f, L:/127.0.0.1:56854 - R:localhost/127.0.0.1:1461]
16:37:08.883 [Forwarding sendKeysToElement on session ce58549c9b669d391e23640f16662e7f to remote] DEBUG org.asynchttpclient.netty.request.NettyRequestSender - Using pooled Channel '[id: 0x2c50df9f, L:/127.0.0.1:56854 - R:localhost/127.0.0.1:1461]' for 'POST' to 'http://localhost:1461/session/ce58549c9b669d391e23640f16662e7f/element/f.06EF3401E30AE3EE31C7C1ABA64024F7.d.25E199E54E50D9516023B87E2077D351.e.23/value'
16:37:08.883 [Forwarding sendKeysToElement on session ce58549c9b669d391e23640f16662e7f to remote] DEBUG org.asynchttpclient.netty.request.NettyRequestSender - Using open Channel [id: 0x2c50df9f, L:/127.0.0.1:56854 - R:localhost/127.0.0.1:1461] for POST '/session/ce58549c9b669d391e23640f16662e7f/element/f.06EF3401E30AE3EE31C7C1ABA64024F7.d.25E199E54E50D9516023B87E2077D351.e.23/value'
16:37:08.972 [AsyncHttpClient-1-5] DEBUG org.asynchttpclient.netty.handler.HttpHandler - 

Request DefaultHttpRequest(decodeResult: success, version: HTTP/1.1)
POST /session/ce58549c9b669d391e23640f16662e7f/element/f.06EF3401E30AE3EE31C7C1ABA64024F7.d.25E199E54E50D9516023B87E2077D351.e.23/value HTTP/1.1
User-Agent: selenium/4.12.1 (java windows)
Content-Length: 133
Content-Type: application/json; charset=utf-8
host: localhost:1461
accept: */*

Response DefaultHttpResponse(decodeResult: success, version: HTTP/1.1)
HTTP/1.1 200 OK
Content-Length: 14
Content-Type: application/json; charset=utf-8
cache-control: no-cache

16:37:08.972 [AsyncHttpClient-1-5] DEBUG org.asynchttpclient.netty.channel.ChannelManager - Adding key: http://localhost:1461 for channel [id: 0x2c50df9f, L:/127.0.0.1:56854 - R:localhost/127.0.0.1:1461]
16:37:08.973 [Forwarding findElement on session ce58549c9b669d391e23640f16662e7f to remote] DEBUG org.asynchttpclient.netty.request.NettyRequestSender - Using pooled Channel '[id: 0x2c50df9f, L:/127.0.0.1:56854 - R:localhost/127.0.0.1:1461]' for 'POST' to 'http://localhost:1461/session/ce58549c9b669d391e23640f16662e7f/element'
16:37:08.973 [Forwarding findElement on session ce58549c9b669d391e23640f16662e7f to remote] DEBUG org.asynchttpclient.netty.request.NettyRequestSender - Using open Channel [id: 0x2c50df9f, L:/127.0.0.1:56854 - R:localhost/127.0.0.1:1461] for POST '/session/ce58549c9b669d391e23640f16662e7f/element'
16:37:08.984 [AsyncHttpClient-1-5] DEBUG org.asynchttpclient.netty.handler.HttpHandler - 

Request DefaultHttpRequest(decodeResult: success, version: HTTP/1.1)
POST /session/ce58549c9b669d391e23640f16662e7f/element HTTP/1.1
User-Agent: selenium/4.12.1 (java windows)
Content-Length: 226
Content-Type: application/json; charset=utf-8
host: localhost:1461
accept: */*

Response DefaultHttpResponse(decodeResult: success, version: HTTP/1.1)
HTTP/1.1 200 OK
Content-Length: 126
Content-Type: application/json; charset=utf-8
cache-control: no-cache

16:37:08.984 [AsyncHttpClient-1-5] DEBUG org.asynchttpclient.netty.channel.ChannelManager - Adding key: http://localhost:1461 for channel [id: 0x2c50df9f, L:/127.0.0.1:56854 - R:localhost/127.0.0.1:1461]
16:37:08.985 [Forwarding clickElement on session ce58549c9b669d391e23640f16662e7f to remote] DEBUG org.asynchttpclient.netty.request.NettyRequestSender - Using pooled Channel '[id: 0x2c50df9f, L:/127.0.0.1:56854 - R:localhost/127.0.0.1:1461]' for 'POST' to 'http://localhost:1461/session/ce58549c9b669d391e23640f16662e7f/element/f.06EF3401E30AE3EE31C7C1ABA64024F7.d.25E199E54E50D9516023B87E2077D351.e.23/click'
16:37:08.985 [Forwarding clickElement on session ce58549c9b669d391e23640f16662e7f to remote] DEBUG org.asynchttpclient.netty.request.NettyRequestSender - Using open Channel [id: 0x2c50df9f, L:/127.0.0.1:56854 - R:localhost/127.0.0.1:1461] for POST '/session/ce58549c9b669d391e23640f16662e7f/element/f.06EF3401E30AE3EE31C7C1ABA64024F7.d.25E199E54E50D9516023B87E2077D351.e.23/click'
16:37:09.038 [AsyncHttpClient-1-5] DEBUG org.asynchttpclient.netty.handler.HttpHandler - 

Request DefaultHttpRequest(decodeResult: success, version: HTTP/1.1)
POST /session/ce58549c9b669d391e23640f16662e7f/element/f.06EF3401E30AE3EE31C7C1ABA64024F7.d.25E199E54E50D9516023B87E2077D351.e.23/click HTTP/1.1
User-Agent: selenium/4.12.1 (java windows)
Content-Length: 88
Content-Type: application/json; charset=utf-8
host: localhost:1461
accept: */*

Response DefaultHttpResponse(decodeResult: success, version: HTTP/1.1)
HTTP/1.1 200 OK
Content-Length: 14
Content-Type: application/json; charset=utf-8
cache-control: no-cache

16:37:09.038 [AsyncHttpClient-1-5] DEBUG org.asynchttpclient.netty.channel.ChannelManager - Adding key: http://localhost:1461 for channel [id: 0x2c50df9f, L:/127.0.0.1:56854 - R:localhost/127.0.0.1:1461]
16:37:09.039 [Forwarding findElement on session ce58549c9b669d391e23640f16662e7f to remote] DEBUG org.asynchttpclient.netty.request.NettyRequestSender - Using pooled Channel '[id: 0x2c50df9f, L:/127.0.0.1:56854 - R:localhost/127.0.0.1:1461]' for 'POST' to 'http://localhost:1461/session/ce58549c9b669d391e23640f16662e7f/element'
16:37:09.039 [Forwarding findElement on session ce58549c9b669d391e23640f16662e7f to remote] DEBUG org.asynchttpclient.netty.request.NettyRequestSender - Using open Channel [id: 0x2c50df9f, L:/127.0.0.1:56854 - R:localhost/127.0.0.1:1461] for POST '/session/ce58549c9b669d391e23640f16662e7f/element'
16:37:09.050 [AsyncHttpClient-1-5] DEBUG org.asynchttpclient.netty.handler.HttpHandler - 

Request DefaultHttpRequest(decodeResult: success, version: HTTP/1.1)
POST /session/ce58549c9b669d391e23640f16662e7f/element HTTP/1.1
User-Agent: selenium/4.12.1 (java windows)
Content-Length: 226
Content-Type: application/json; charset=utf-8
host: localhost:1461
accept: */*

Response DefaultHttpResponse(decodeResult: success, version: HTTP/1.1)
HTTP/1.1 200 OK
Content-Length: 126
Content-Type: application/json; charset=utf-8
cache-control: no-cache

16:37:09.050 [AsyncHttpClient-1-5] DEBUG org.asynchttpclient.netty.channel.ChannelManager - Adding key: http://localhost:1461 for channel [id: 0x2c50df9f, L:/127.0.0.1:56854 - R:localhost/127.0.0.1:1461]
16:37:09.051 [Forwarding sendKeysToElement on session ce58549c9b669d391e23640f16662e7f to remote] DEBUG org.asynchttpclient.netty.request.NettyRequestSender - Using pooled Channel '[id: 0x2c50df9f, L:/127.0.0.1:56854 - R:localhost/127.0.0.1:1461]' for 'POST' to 'http://localhost:1461/session/ce58549c9b669d391e23640f16662e7f/element/f.06EF3401E30AE3EE31C7C1ABA64024F7.d.25E199E54E50D9516023B87E2077D351.e.23/value'
16:37:09.051 [Forwarding sendKeysToElement on session ce58549c9b669d391e23640f16662e7f to remote] DEBUG org.asynchttpclient.netty.request.NettyRequestSender - Using open Channel [id: 0x2c50df9f, L:/127.0.0.1:56854 - R:localhost/127.0.0.1:1461] for POST '/session/ce58549c9b669d391e23640f16662e7f/element/f.06EF3401E30AE3EE31C7C1ABA64024F7.d.25E199E54E50D9516023B87E2077D351.e.23/value'
16:37:09.363 [AsyncHttpClient-1-5] DEBUG org.asynchttpclient.netty.handler.HttpHandler - 

Request DefaultHttpRequest(decodeResult: success, version: HTTP/1.1)
POST /session/ce58549c9b669d391e23640f16662e7f/element/f.06EF3401E30AE3EE31C7C1ABA64024F7.d.25E199E54E50D9516023B87E2077D351.e.23/value HTTP/1.1
User-Agent: selenium/4.12.1 (java windows)
Content-Length: 169
Content-Type: application/json; charset=utf-8
host: localhost:1461
accept: */*

Response DefaultHttpResponse(decodeResult: success, version: HTTP/1.1)
HTTP/1.1 200 OK
Content-Length: 14
Content-Type: application/json; charset=utf-8
cache-control: no-cache

16:37:09.363 [AsyncHttpClient-1-5] DEBUG org.asynchttpclient.netty.channel.ChannelManager - Adding key: http://localhost:1461 for channel [id: 0x2c50df9f, L:/127.0.0.1:56854 - R:localhost/127.0.0.1:1461]
16:37:09.364 [Forwarding findElement on session ce58549c9b669d391e23640f16662e7f to remote] DEBUG org.asynchttpclient.netty.request.NettyRequestSender - Using pooled Channel '[id: 0x2c50df9f, L:/127.0.0.1:56854 - R:localhost/127.0.0.1:1461]' for 'POST' to 'http://localhost:1461/session/ce58549c9b669d391e23640f16662e7f/element'
16:37:09.364 [Forwarding findElement on session ce58549c9b669d391e23640f16662e7f to remote] DEBUG org.asynchttpclient.netty.request.NettyRequestSender - Using open Channel [id: 0x2c50df9f, L:/127.0.0.1:56854 - R:localhost/127.0.0.1:1461] for POST '/session/ce58549c9b669d391e23640f16662e7f/element'
16:37:09.376 [AsyncHttpClient-1-5] DEBUG org.asynchttpclient.netty.handler.HttpHandler - 

Request DefaultHttpRequest(decodeResult: success, version: HTTP/1.1)
POST /session/ce58549c9b669d391e23640f16662e7f/element HTTP/1.1
User-Agent: selenium/4.12.1 (java windows)
Content-Length: 226
Content-Type: application/json; charset=utf-8
host: localhost:1461
accept: */*

Response DefaultHttpResponse(decodeResult: success, version: HTTP/1.1)
HTTP/1.1 200 OK
Content-Length: 126
Content-Type: application/json; charset=utf-8
cache-control: no-cache

16:37:09.376 [AsyncHttpClient-1-5] DEBUG org.asynchttpclient.netty.channel.ChannelManager - Adding key: http://localhost:1461 for channel [id: 0x2c50df9f, L:/127.0.0.1:56854 - R:localhost/127.0.0.1:1461]
16:37:09.378 [Forwarding getElementAttribute on session ce58549c9b669d391e23640f16662e7f to remote] DEBUG org.asynchttpclient.netty.request.NettyRequestSender - Using pooled Channel '[id: 0x2c50df9f, L:/127.0.0.1:56854 - R:localhost/127.0.0.1:1461]' for 'POST' to 'http://localhost:1461/session/ce58549c9b669d391e23640f16662e7f/execute/sync'
16:37:09.378 [Forwarding getElementAttribute on session ce58549c9b669d391e23640f16662e7f to remote] DEBUG org.asynchttpclient.netty.request.NettyRequestSender - Using open Channel [id: 0x2c50df9f, L:/127.0.0.1:56854 - R:localhost/127.0.0.1:1461] for POST '/session/ce58549c9b669d391e23640f16662e7f/execute/sync'
16:37:09.392 [AsyncHttpClient-1-5] DEBUG org.asynchttpclient.netty.handler.HttpHandler - 

Request DefaultHttpRequest(decodeResult: success, version: HTTP/1.1)
POST /session/ce58549c9b669d391e23640f16662e7f/execute/sync HTTP/1.1
User-Agent: selenium/4.12.1 (java windows)
Content-Length: 47295
Content-Type: application/json; charset=utf-8
host: localhost:1461
accept: */*

Response DefaultHttpResponse(decodeResult: success, version: HTTP/1.1)
HTTP/1.1 200 OK
Content-Length: 19
Content-Type: application/json; charset=utf-8
cache-control: no-cache

16:37:09.392 [AsyncHttpClient-1-5] DEBUG org.asynchttpclient.netty.channel.ChannelManager - Adding key: http://localhost:1461 for channel [id: 0x2c50df9f, L:/127.0.0.1:56854 - R:localhost/127.0.0.1:1461]
16:37:09.515 [Forwarding findElement on session ce58549c9b669d391e23640f16662e7f to remote] DEBUG org.asynchttpclient.netty.request.NettyRequestSender - Using pooled Channel '[id: 0x2c50df9f, L:/127.0.0.1:56854 - R:localhost/127.0.0.1:1461]' for 'POST' to 'http://localhost:1461/session/ce58549c9b669d391e23640f16662e7f/element'
16:37:09.515 [Forwarding findElement on session ce58549c9b669d391e23640f16662e7f to remote] DEBUG org.asynchttpclient.netty.request.NettyRequestSender - Using open Channel [id: 0x2c50df9f, L:/127.0.0.1:56854 - R:localhost/127.0.0.1:1461] for POST '/session/ce58549c9b669d391e23640f16662e7f/element'
16:37:09.526 [AsyncHttpClient-1-5] DEBUG org.asynchttpclient.netty.handler.HttpHandler - 

Request DefaultHttpRequest(decodeResult: success, version: HTTP/1.1)
POST /session/ce58549c9b669d391e23640f16662e7f/element HTTP/1.1
User-Agent: selenium/4.12.1 (java windows)
Content-Length: 61
Content-Type: application/json; charset=utf-8
host: localhost:1461
accept: */*

Response DefaultHttpResponse(decodeResult: success, version: HTTP/1.1)
HTTP/1.1 200 OK
Content-Length: 126
Content-Type: application/json; charset=utf-8
cache-control: no-cache

16:37:09.527 [AsyncHttpClient-1-5] DEBUG org.asynchttpclient.netty.channel.ChannelManager - Adding key: http://localhost:1461 for channel [id: 0x2c50df9f, L:/127.0.0.1:56854 - R:localhost/127.0.0.1:1461]
16:37:09.528 [Forwarding clickElement on session ce58549c9b669d391e23640f16662e7f to remote] DEBUG org.asynchttpclient.netty.request.NettyRequestSender - Using pooled Channel '[id: 0x2c50df9f, L:/127.0.0.1:56854 - R:localhost/127.0.0.1:1461]' for 'POST' to 'http://localhost:1461/session/ce58549c9b669d391e23640f16662e7f/element/f.06EF3401E30AE3EE31C7C1ABA64024F7.d.25E199E54E50D9516023B87E2077D351.e.20/click'
16:37:09.528 [Forwarding clickElement on session ce58549c9b669d391e23640f16662e7f to remote] DEBUG org.asynchttpclient.netty.request.NettyRequestSender - Using open Channel [id: 0x2c50df9f, L:/127.0.0.1:56854 - R:localhost/127.0.0.1:1461] for POST '/session/ce58549c9b669d391e23640f16662e7f/element/f.06EF3401E30AE3EE31C7C1ABA64024F7.d.25E199E54E50D9516023B87E2077D351.e.20/click'
16:37:09.593 [AsyncHttpClient-1-5] DEBUG org.asynchttpclient.netty.handler.HttpHandler - 

Request DefaultHttpRequest(decodeResult: success, version: HTTP/1.1)
POST /session/ce58549c9b669d391e23640f16662e7f/element/f.06EF3401E30AE3EE31C7C1ABA64024F7.d.25E199E54E50D9516023B87E2077D351.e.20/click HTTP/1.1
User-Agent: selenium/4.12.1 (java windows)
Content-Length: 88
Content-Type: application/json; charset=utf-8
host: localhost:1461
accept: */*

Response DefaultHttpResponse(decodeResult: success, version: HTTP/1.1)
HTTP/1.1 200 OK
Content-Length: 14
Content-Type: application/json; charset=utf-8
cache-control: no-cache

16:37:09.594 [AsyncHttpClient-1-5] DEBUG org.asynchttpclient.netty.channel.ChannelManager - Adding key: http://localhost:1461 for channel [id: 0x2c50df9f, L:/127.0.0.1:56854 - R:localhost/127.0.0.1:1461]
16:37:09.595 [Forwarding findElement on session ce58549c9b669d391e23640f16662e7f to remote] DEBUG org.asynchttpclient.netty.request.NettyRequestSender - Using pooled Channel '[id: 0x2c50df9f, L:/127.0.0.1:56854 - R:localhost/127.0.0.1:1461]' for 'POST' to 'http://localhost:1461/session/ce58549c9b669d391e23640f16662e7f/element'
16:37:09.595 [Forwarding findElement on session ce58549c9b669d391e23640f16662e7f to remote] DEBUG org.asynchttpclient.netty.request.NettyRequestSender - Using open Channel [id: 0x2c50df9f, L:/127.0.0.1:56854 - R:localhost/127.0.0.1:1461] for POST '/session/ce58549c9b669d391e23640f16662e7f/element'
16:37:09.606 [AsyncHttpClient-1-5] DEBUG org.asynchttpclient.netty.handler.HttpHandler - 

Request DefaultHttpRequest(decodeResult: success, version: HTTP/1.1)
POST /session/ce58549c9b669d391e23640f16662e7f/element HTTP/1.1
User-Agent: selenium/4.12.1 (java windows)
Content-Length: 61
Content-Type: application/json; charset=utf-8
host: localhost:1461
accept: */*

Response DefaultHttpResponse(decodeResult: success, version: HTTP/1.1)
HTTP/1.1 200 OK
Content-Length: 126
Content-Type: application/json; charset=utf-8
cache-control: no-cache

16:37:09.606 [AsyncHttpClient-1-5] DEBUG org.asynchttpclient.netty.channel.ChannelManager - Adding key: http://localhost:1461 for channel [id: 0x2c50df9f, L:/127.0.0.1:56854 - R:localhost/127.0.0.1:1461]
16:37:09.608 [Forwarding sendKeysToElement on session ce58549c9b669d391e23640f16662e7f to remote] DEBUG org.asynchttpclient.netty.request.NettyRequestSender - Using pooled Channel '[id: 0x2c50df9f, L:/127.0.0.1:56854 - R:localhost/127.0.0.1:1461]' for 'POST' to 'http://localhost:1461/session/ce58549c9b669d391e23640f16662e7f/element/f.06EF3401E30AE3EE31C7C1ABA64024F7.d.25E199E54E50D9516023B87E2077D351.e.20/value'
16:37:09.608 [Forwarding sendKeysToElement on session ce58549c9b669d391e23640f16662e7f to remote] DEBUG org.asynchttpclient.netty.request.NettyRequestSender - Using open Channel [id: 0x2c50df9f, L:/127.0.0.1:56854 - R:localhost/127.0.0.1:1461] for POST '/session/ce58549c9b669d391e23640f16662e7f/element/f.06EF3401E30AE3EE31C7C1ABA64024F7.d.25E199E54E50D9516023B87E2077D351.e.20/value'
16:37:09.643 [AsyncHttpClient-1-5] DEBUG org.asynchttpclient.netty.handler.HttpHandler - 

Request DefaultHttpRequest(decodeResult: success, version: HTTP/1.1)
POST /session/ce58549c9b669d391e23640f16662e7f/element/f.06EF3401E30AE3EE31C7C1ABA64024F7.d.25E199E54E50D9516023B87E2077D351.e.20/value HTTP/1.1
User-Agent: selenium/4.12.1 (java windows)
Content-Length: 143
Content-Type: application/json; charset=utf-8
host: localhost:1461
accept: */*

Response DefaultHttpResponse(decodeResult: success, version: HTTP/1.1)
HTTP/1.1 200 OK
Content-Length: 14
Content-Type: application/json; charset=utf-8
cache-control: no-cache

16:37:09.644 [AsyncHttpClient-1-5] DEBUG org.asynchttpclient.netty.channel.ChannelManager - Adding key: http://localhost:1461 for channel [id: 0x2c50df9f, L:/127.0.0.1:56854 - R:localhost/127.0.0.1:1461]
16:37:09.644 [Forwarding findElement on session ce58549c9b669d391e23640f16662e7f to remote] DEBUG org.asynchttpclient.netty.request.NettyRequestSender - Using pooled Channel '[id: 0x2c50df9f, L:/127.0.0.1:56854 - R:localhost/127.0.0.1:1461]' for 'POST' to 'http://localhost:1461/session/ce58549c9b669d391e23640f16662e7f/element'
16:37:09.644 [Forwarding findElement on session ce58549c9b669d391e23640f16662e7f to remote] DEBUG org.asynchttpclient.netty.request.NettyRequestSender - Using open Channel [id: 0x2c50df9f, L:/127.0.0.1:56854 - R:localhost/127.0.0.1:1461] for POST '/session/ce58549c9b669d391e23640f16662e7f/element'
16:37:09.655 [AsyncHttpClient-1-5] DEBUG org.asynchttpclient.netty.handler.HttpHandler - 

Request DefaultHttpRequest(decodeResult: success, version: HTTP/1.1)
POST /session/ce58549c9b669d391e23640f16662e7f/element HTTP/1.1
User-Agent: selenium/4.12.1 (java windows)
Content-Length: 61
Content-Type: application/json; charset=utf-8
host: localhost:1461
accept: */*

Response DefaultHttpResponse(decodeResult: success, version: HTTP/1.1)
HTTP/1.1 200 OK
Content-Length: 126
Content-Type: application/json; charset=utf-8
cache-control: no-cache

16:37:09.655 [AsyncHttpClient-1-5] DEBUG org.asynchttpclient.netty.channel.ChannelManager - Adding key: http://localhost:1461 for channel [id: 0x2c50df9f, L:/127.0.0.1:56854 - R:localhost/127.0.0.1:1461]
16:37:09.656 [Forwarding sendKeysToElement on session ce58549c9b669d391e23640f16662e7f to remote] DEBUG org.asynchttpclient.netty.request.NettyRequestSender - Using pooled Channel '[id: 0x2c50df9f, L:/127.0.0.1:56854 - R:localhost/127.0.0.1:1461]' for 'POST' to 'http://localhost:1461/session/ce58549c9b669d391e23640f16662e7f/element/f.06EF3401E30AE3EE31C7C1ABA64024F7.d.25E199E54E50D9516023B87E2077D351.e.20/value'
16:37:09.656 [Forwarding sendKeysToElement on session ce58549c9b669d391e23640f16662e7f to remote] DEBUG org.asynchttpclient.netty.request.NettyRequestSender - Using open Channel [id: 0x2c50df9f, L:/127.0.0.1:56854 - R:localhost/127.0.0.1:1461] for POST '/session/ce58549c9b669d391e23640f16662e7f/element/f.06EF3401E30AE3EE31C7C1ABA64024F7.d.25E199E54E50D9516023B87E2077D351.e.20/value'
16:37:09.773 [AsyncHttpClient-1-5] DEBUG org.asynchttpclient.netty.handler.HttpHandler - 

Request DefaultHttpRequest(decodeResult: success, version: HTTP/1.1)
POST /session/ce58549c9b669d391e23640f16662e7f/element/f.06EF3401E30AE3EE31C7C1ABA64024F7.d.25E199E54E50D9516023B87E2077D351.e.20/value HTTP/1.1
User-Agent: selenium/4.12.1 (java windows)
Content-Length: 133
Content-Type: application/json; charset=utf-8
host: localhost:1461
accept: */*

Response DefaultHttpResponse(decodeResult: success, version: HTTP/1.1)
HTTP/1.1 200 OK
Content-Length: 14
Content-Type: application/json; charset=utf-8
cache-control: no-cache

16:37:09.774 [AsyncHttpClient-1-5] DEBUG org.asynchttpclient.netty.channel.ChannelManager - Adding key: http://localhost:1461 for channel [id: 0x2c50df9f, L:/127.0.0.1:56854 - R:localhost/127.0.0.1:1461]
16:37:09.775 [Forwarding findElement on session ce58549c9b669d391e23640f16662e7f to remote] DEBUG org.asynchttpclient.netty.request.NettyRequestSender - Using pooled Channel '[id: 0x2c50df9f, L:/127.0.0.1:56854 - R:localhost/127.0.0.1:1461]' for 'POST' to 'http://localhost:1461/session/ce58549c9b669d391e23640f16662e7f/element'
16:37:09.775 [Forwarding findElement on session ce58549c9b669d391e23640f16662e7f to remote] DEBUG org.asynchttpclient.netty.request.NettyRequestSender - Using open Channel [id: 0x2c50df9f, L:/127.0.0.1:56854 - R:localhost/127.0.0.1:1461] for POST '/session/ce58549c9b669d391e23640f16662e7f/element'
16:37:09.795 [AsyncHttpClient-1-5] DEBUG org.asynchttpclient.netty.handler.HttpHandler - 

Request DefaultHttpRequest(decodeResult: success, version: HTTP/1.1)
POST /session/ce58549c9b669d391e23640f16662e7f/element HTTP/1.1
User-Agent: selenium/4.12.1 (java windows)
Content-Length: 61
Content-Type: application/json; charset=utf-8
host: localhost:1461
accept: */*

Response DefaultHttpResponse(decodeResult: success, version: HTTP/1.1)
HTTP/1.1 200 OK
Content-Length: 126
Content-Type: application/json; charset=utf-8
cache-control: no-cache

16:37:09.795 [AsyncHttpClient-1-5] DEBUG org.asynchttpclient.netty.channel.ChannelManager - Adding key: http://localhost:1461 for channel [id: 0x2c50df9f, L:/127.0.0.1:56854 - R:localhost/127.0.0.1:1461]
16:37:09.796 [Forwarding clickElement on session ce58549c9b669d391e23640f16662e7f to remote] DEBUG org.asynchttpclient.netty.request.NettyRequestSender - Using pooled Channel '[id: 0x2c50df9f, L:/127.0.0.1:56854 - R:localhost/127.0.0.1:1461]' for 'POST' to 'http://localhost:1461/session/ce58549c9b669d391e23640f16662e7f/element/f.06EF3401E30AE3EE31C7C1ABA64024F7.d.25E199E54E50D9516023B87E2077D351.e.20/click'
16:37:09.797 [Forwarding clickElement on session ce58549c9b669d391e23640f16662e7f to remote] DEBUG org.asynchttpclient.netty.request.NettyRequestSender - Using open Channel [id: 0x2c50df9f, L:/127.0.0.1:56854 - R:localhost/127.0.0.1:1461] for POST '/session/ce58549c9b669d391e23640f16662e7f/element/f.06EF3401E30AE3EE31C7C1ABA64024F7.d.25E199E54E50D9516023B87E2077D351.e.20/click'
16:37:09.846 [AsyncHttpClient-1-5] DEBUG org.asynchttpclient.netty.handler.HttpHandler - 

Request DefaultHttpRequest(decodeResult: success, version: HTTP/1.1)
POST /session/ce58549c9b669d391e23640f16662e7f/element/f.06EF3401E30AE3EE31C7C1ABA64024F7.d.25E199E54E50D9516023B87E2077D351.e.20/click HTTP/1.1
User-Agent: selenium/4.12.1 (java windows)
Content-Length: 88
Content-Type: application/json; charset=utf-8
host: localhost:1461
accept: */*

Response DefaultHttpResponse(decodeResult: success, version: HTTP/1.1)
HTTP/1.1 200 OK
Content-Length: 14
Content-Type: application/json; charset=utf-8
cache-control: no-cache

16:37:09.846 [AsyncHttpClient-1-5] DEBUG org.asynchttpclient.netty.channel.ChannelManager - Adding key: http://localhost:1461 for channel [id: 0x2c50df9f, L:/127.0.0.1:56854 - R:localhost/127.0.0.1:1461]
16:37:09.847 [Forwarding findElement on session ce58549c9b669d391e23640f16662e7f to remote] DEBUG org.asynchttpclient.netty.request.NettyRequestSender - Using pooled Channel '[id: 0x2c50df9f, L:/127.0.0.1:56854 - R:localhost/127.0.0.1:1461]' for 'POST' to 'http://localhost:1461/session/ce58549c9b669d391e23640f16662e7f/element'
16:37:09.847 [Forwarding findElement on session ce58549c9b669d391e23640f16662e7f to remote] DEBUG org.asynchttpclient.netty.request.NettyRequestSender - Using open Channel [id: 0x2c50df9f, L:/127.0.0.1:56854 - R:localhost/127.0.0.1:1461] for POST '/session/ce58549c9b669d391e23640f16662e7f/element'
16:37:09.856 [AsyncHttpClient-1-5] DEBUG org.asynchttpclient.netty.handler.HttpHandler - 

Request DefaultHttpRequest(decodeResult: success, version: HTTP/1.1)
POST /session/ce58549c9b669d391e23640f16662e7f/element HTTP/1.1
User-Agent: selenium/4.12.1 (java windows)
Content-Length: 61
Content-Type: application/json; charset=utf-8
host: localhost:1461
accept: */*

Response DefaultHttpResponse(decodeResult: success, version: HTTP/1.1)
HTTP/1.1 200 OK
Content-Length: 126
Content-Type: application/json; charset=utf-8
cache-control: no-cache

16:37:09.856 [AsyncHttpClient-1-5] DEBUG org.asynchttpclient.netty.channel.ChannelManager - Adding key: http://localhost:1461 for channel [id: 0x2c50df9f, L:/127.0.0.1:56854 - R:localhost/127.0.0.1:1461]
16:37:09.858 [Forwarding sendKeysToElement on session ce58549c9b669d391e23640f16662e7f to remote] DEBUG org.asynchttpclient.netty.request.NettyRequestSender - Using pooled Channel '[id: 0x2c50df9f, L:/127.0.0.1:56854 - R:localhost/127.0.0.1:1461]' for 'POST' to 'http://localhost:1461/session/ce58549c9b669d391e23640f16662e7f/element/f.06EF3401E30AE3EE31C7C1ABA64024F7.d.25E199E54E50D9516023B87E2077D351.e.20/value'
16:37:09.858 [Forwarding sendKeysToElement on session ce58549c9b669d391e23640f16662e7f to remote] DEBUG org.asynchttpclient.netty.request.NettyRequestSender - Using open Channel [id: 0x2c50df9f, L:/127.0.0.1:56854 - R:localhost/127.0.0.1:1461] for POST '/session/ce58549c9b669d391e23640f16662e7f/element/f.06EF3401E30AE3EE31C7C1ABA64024F7.d.25E199E54E50D9516023B87E2077D351.e.20/value'
16:37:10.456 [AsyncHttpClient-1-5] DEBUG org.asynchttpclient.netty.handler.HttpHandler - 

Request DefaultHttpRequest(decodeResult: success, version: HTTP/1.1)
POST /session/ce58549c9b669d391e23640f16662e7f/element/f.06EF3401E30AE3EE31C7C1ABA64024F7.d.25E199E54E50D9516023B87E2077D351.e.20/value HTTP/1.1
User-Agent: selenium/4.12.1 (java windows)
Content-Length: 237
Content-Type: application/json; charset=utf-8
host: localhost:1461
accept: */*

Response DefaultHttpResponse(decodeResult: success, version: HTTP/1.1)
HTTP/1.1 200 OK
Content-Length: 14
Content-Type: application/json; charset=utf-8
cache-control: no-cache

16:37:10.456 [AsyncHttpClient-1-5] DEBUG org.asynchttpclient.netty.channel.ChannelManager - Adding key: http://localhost:1461 for channel [id: 0x2c50df9f, L:/127.0.0.1:56854 - R:localhost/127.0.0.1:1461]
16:37:10.457 [Forwarding findElement on session ce58549c9b669d391e23640f16662e7f to remote] DEBUG org.asynchttpclient.netty.request.NettyRequestSender - Using pooled Channel '[id: 0x2c50df9f, L:/127.0.0.1:56854 - R:localhost/127.0.0.1:1461]' for 'POST' to 'http://localhost:1461/session/ce58549c9b669d391e23640f16662e7f/element'
16:37:10.457 [Forwarding findElement on session ce58549c9b669d391e23640f16662e7f to remote] DEBUG org.asynchttpclient.netty.request.NettyRequestSender - Using open Channel [id: 0x2c50df9f, L:/127.0.0.1:56854 - R:localhost/127.0.0.1:1461] for POST '/session/ce58549c9b669d391e23640f16662e7f/element'
16:37:10.468 [AsyncHttpClient-1-5] DEBUG org.asynchttpclient.netty.handler.HttpHandler - 

Request DefaultHttpRequest(decodeResult: success, version: HTTP/1.1)
POST /session/ce58549c9b669d391e23640f16662e7f/element HTTP/1.1
User-Agent: selenium/4.12.1 (java windows)
Content-Length: 142
Content-Type: application/json; charset=utf-8
host: localhost:1461
accept: */*

Response DefaultHttpResponse(decodeResult: success, version: HTTP/1.1)
HTTP/1.1 200 OK
Content-Length: 126
Content-Type: application/json; charset=utf-8
cache-control: no-cache

16:37:10.468 [AsyncHttpClient-1-5] DEBUG org.asynchttpclient.netty.channel.ChannelManager - Adding key: http://localhost:1461 for channel [id: 0x2c50df9f, L:/127.0.0.1:56854 - R:localhost/127.0.0.1:1461]
16:37:10.471 [Forwarding isElementDisplayed on session ce58549c9b669d391e23640f16662e7f to remote] DEBUG org.asynchttpclient.netty.request.NettyRequestSender - Using pooled Channel '[id: 0x2c50df9f, L:/127.0.0.1:56854 - R:localhost/127.0.0.1:1461]' for 'POST' to 'http://localhost:1461/session/ce58549c9b669d391e23640f16662e7f/execute/sync'
16:37:10.471 [Forwarding isElementDisplayed on session ce58549c9b669d391e23640f16662e7f to remote] DEBUG org.asynchttpclient.netty.request.NettyRequestSender - Using open Channel [id: 0x2c50df9f, L:/127.0.0.1:56854 - R:localhost/127.0.0.1:1461] for POST '/session/ce58549c9b669d391e23640f16662e7f/execute/sync'
16:37:10.483 [AsyncHttpClient-1-5] DEBUG org.asynchttpclient.netty.handler.HttpHandler - 

Request DefaultHttpRequest(decodeResult: success, version: HTTP/1.1)
POST /session/ce58549c9b669d391e23640f16662e7f/execute/sync HTTP/1.1
User-Agent: selenium/4.12.1 (java windows)
Content-Length: 48734
Content-Type: application/json; charset=utf-8
host: localhost:1461
accept: */*

Response DefaultHttpResponse(decodeResult: success, version: HTTP/1.1)
HTTP/1.1 200 OK
Content-Length: 14
Content-Type: application/json; charset=utf-8
cache-control: no-cache

16:37:10.483 [AsyncHttpClient-1-5] DEBUG org.asynchttpclient.netty.channel.ChannelManager - Adding key: http://localhost:1461 for channel [id: 0x2c50df9f, L:/127.0.0.1:56854 - R:localhost/127.0.0.1:1461]
16:37:10.484 [Forwarding findElement on session ce58549c9b669d391e23640f16662e7f to remote] DEBUG org.asynchttpclient.netty.request.NettyRequestSender - Using pooled Channel '[id: 0x2c50df9f, L:/127.0.0.1:56854 - R:localhost/127.0.0.1:1461]' for 'POST' to 'http://localhost:1461/session/ce58549c9b669d391e23640f16662e7f/element'
16:37:10.484 [Forwarding findElement on session ce58549c9b669d391e23640f16662e7f to remote] DEBUG org.asynchttpclient.netty.request.NettyRequestSender - Using open Channel [id: 0x2c50df9f, L:/127.0.0.1:56854 - R:localhost/127.0.0.1:1461] for POST '/session/ce58549c9b669d391e23640f16662e7f/element'
16:37:10.494 [AsyncHttpClient-1-5] DEBUG org.asynchttpclient.netty.handler.HttpHandler - 

Request DefaultHttpRequest(decodeResult: success, version: HTTP/1.1)
POST /session/ce58549c9b669d391e23640f16662e7f/element HTTP/1.1
User-Agent: selenium/4.12.1 (java windows)
Content-Length: 142
Content-Type: application/json; charset=utf-8
host: localhost:1461
accept: */*

Response DefaultHttpResponse(decodeResult: success, version: HTTP/1.1)
HTTP/1.1 200 OK
Content-Length: 126
Content-Type: application/json; charset=utf-8
cache-control: no-cache

16:37:10.495 [AsyncHttpClient-1-5] DEBUG org.asynchttpclient.netty.channel.ChannelManager - Adding key: http://localhost:1461 for channel [id: 0x2c50df9f, L:/127.0.0.1:56854 - R:localhost/127.0.0.1:1461]
16:37:10.496 [Forwarding clickElement on session ce58549c9b669d391e23640f16662e7f to remote] DEBUG org.asynchttpclient.netty.request.NettyRequestSender - Using pooled Channel '[id: 0x2c50df9f, L:/127.0.0.1:56854 - R:localhost/127.0.0.1:1461]' for 'POST' to 'http://localhost:1461/session/ce58549c9b669d391e23640f16662e7f/element/f.06EF3401E30AE3EE31C7C1ABA64024F7.d.25E199E54E50D9516023B87E2077D351.e.90/click'
16:37:10.496 [Forwarding clickElement on session ce58549c9b669d391e23640f16662e7f to remote] DEBUG org.asynchttpclient.netty.request.NettyRequestSender - Using open Channel [id: 0x2c50df9f, L:/127.0.0.1:56854 - R:localhost/127.0.0.1:1461] for POST '/session/ce58549c9b669d391e23640f16662e7f/element/f.06EF3401E30AE3EE31C7C1ABA64024F7.d.25E199E54E50D9516023B87E2077D351.e.90/click'
16:37:10.668 [AsyncHttpClient-1-5] DEBUG org.asynchttpclient.netty.handler.HttpHandler - 

Request DefaultHttpRequest(decodeResult: success, version: HTTP/1.1)
POST /session/ce58549c9b669d391e23640f16662e7f/element/f.06EF3401E30AE3EE31C7C1ABA64024F7.d.25E199E54E50D9516023B87E2077D351.e.90/click HTTP/1.1
User-Agent: selenium/4.12.1 (java windows)
Content-Length: 88
Content-Type: application/json; charset=utf-8
host: localhost:1461
accept: */*

Response DefaultHttpResponse(decodeResult: success, version: HTTP/1.1)
HTTP/1.1 200 OK
Content-Length: 14
Content-Type: application/json; charset=utf-8
cache-control: no-cache

16:37:10.668 [AsyncHttpClient-1-5] DEBUG org.asynchttpclient.netty.channel.ChannelManager - Adding key: http://localhost:1461 for channel [id: 0x2c50df9f, L:/127.0.0.1:56854 - R:localhost/127.0.0.1:1461]
16:37:10.669 [Forwarding findElement on session ce58549c9b669d391e23640f16662e7f to remote] DEBUG org.asynchttpclient.netty.request.NettyRequestSender - Using pooled Channel '[id: 0x2c50df9f, L:/127.0.0.1:56854 - R:localhost/127.0.0.1:1461]' for 'POST' to 'http://localhost:1461/session/ce58549c9b669d391e23640f16662e7f/element'
16:37:10.669 [Forwarding findElement on session ce58549c9b669d391e23640f16662e7f to remote] DEBUG org.asynchttpclient.netty.request.NettyRequestSender - Using open Channel [id: 0x2c50df9f, L:/127.0.0.1:56854 - R:localhost/127.0.0.1:1461] for POST '/session/ce58549c9b669d391e23640f16662e7f/element'
16:37:10.680 [AsyncHttpClient-1-5] DEBUG org.asynchttpclient.netty.handler.HttpHandler - 

Request DefaultHttpRequest(decodeResult: success, version: HTTP/1.1)
POST /session/ce58549c9b669d391e23640f16662e7f/element HTTP/1.1
User-Agent: selenium/4.12.1 (java windows)
Content-Length: 61
Content-Type: application/json; charset=utf-8
host: localhost:1461
accept: */*

Response DefaultHttpResponse(decodeResult: success, version: HTTP/1.1)
HTTP/1.1 200 OK
Content-Length: 126
Content-Type: application/json; charset=utf-8
cache-control: no-cache

16:37:10.680 [AsyncHttpClient-1-5] DEBUG org.asynchttpclient.netty.channel.ChannelManager - Adding key: http://localhost:1461 for channel [id: 0x2c50df9f, L:/127.0.0.1:56854 - R:localhost/127.0.0.1:1461]
16:37:10.682 [Forwarding getElementAttribute on session ce58549c9b669d391e23640f16662e7f to remote] DEBUG org.asynchttpclient.netty.request.NettyRequestSender - Using pooled Channel '[id: 0x2c50df9f, L:/127.0.0.1:56854 - R:localhost/127.0.0.1:1461]' for 'POST' to 'http://localhost:1461/session/ce58549c9b669d391e23640f16662e7f/execute/sync'
16:37:10.682 [Forwarding getElementAttribute on session ce58549c9b669d391e23640f16662e7f to remote] DEBUG org.asynchttpclient.netty.request.NettyRequestSender - Using open Channel [id: 0x2c50df9f, L:/127.0.0.1:56854 - R:localhost/127.0.0.1:1461] for POST '/session/ce58549c9b669d391e23640f16662e7f/execute/sync'
16:37:10.694 [AsyncHttpClient-1-5] DEBUG org.asynchttpclient.netty.handler.HttpHandler - 

Request DefaultHttpRequest(decodeResult: success, version: HTTP/1.1)
POST /session/ce58549c9b669d391e23640f16662e7f/execute/sync HTTP/1.1
User-Agent: selenium/4.12.1 (java windows)
Content-Length: 47295
Content-Type: application/json; charset=utf-8
host: localhost:1461
accept: */*

Response DefaultHttpResponse(decodeResult: success, version: HTTP/1.1)
HTTP/1.1 200 OK
Content-Length: 31
Content-Type: application/json; charset=utf-8
cache-control: no-cache

16:37:10.695 [AsyncHttpClient-1-5] DEBUG org.asynchttpclient.netty.channel.ChannelManager - Adding key: http://localhost:1461 for channel [id: 0x2c50df9f, L:/127.0.0.1:56854 - R:localhost/127.0.0.1:1461]
16:37:10.887 [AsyncHttpClient-1-1] DEBUG org.asynchttpclient.netty.channel.DefaultChannelPool - Entry count for : http://localhost:1461 : 1
16:37:11.091 [Forwarding findElement on session ce58549c9b669d391e23640f16662e7f to remote] DEBUG org.asynchttpclient.netty.request.NettyRequestSender - Using pooled Channel '[id: 0x2c50df9f, L:/127.0.0.1:56854 - R:localhost/127.0.0.1:1461]' for 'POST' to 'http://localhost:1461/session/ce58549c9b669d391e23640f16662e7f/element'
16:37:11.091 [Forwarding findElement on session ce58549c9b669d391e23640f16662e7f to remote] DEBUG org.asynchttpclient.netty.request.NettyRequestSender - Using open Channel [id: 0x2c50df9f, L:/127.0.0.1:56854 - R:localhost/127.0.0.1:1461] for POST '/session/ce58549c9b669d391e23640f16662e7f/element'
16:37:11.102 [AsyncHttpClient-1-5] DEBUG org.asynchttpclient.netty.handler.HttpHandler - 

Request DefaultHttpRequest(decodeResult: success, version: HTTP/1.1)
POST /session/ce58549c9b669d391e23640f16662e7f/element HTTP/1.1
User-Agent: selenium/4.12.1 (java windows)
Content-Length: 61
Content-Type: application/json; charset=utf-8
host: localhost:1461
accept: */*

Response DefaultHttpResponse(decodeResult: success, version: HTTP/1.1)
HTTP/1.1 200 OK
Content-Length: 126
Content-Type: application/json; charset=utf-8
cache-control: no-cache

16:37:11.102 [AsyncHttpClient-1-5] DEBUG org.asynchttpclient.netty.channel.ChannelManager - Adding key: http://localhost:1461 for channel [id: 0x2c50df9f, L:/127.0.0.1:56854 - R:localhost/127.0.0.1:1461]
16:37:11.103 [Forwarding clickElement on session ce58549c9b669d391e23640f16662e7f to remote] DEBUG org.asynchttpclient.netty.request.NettyRequestSender - Using pooled Channel '[id: 0x2c50df9f, L:/127.0.0.1:56854 - R:localhost/127.0.0.1:1461]' for 'POST' to 'http://localhost:1461/session/ce58549c9b669d391e23640f16662e7f/element/f.06EF3401E30AE3EE31C7C1ABA64024F7.d.25E199E54E50D9516023B87E2077D351.e.20/click'
16:37:11.103 [Forwarding clickElement on session ce58549c9b669d391e23640f16662e7f to remote] DEBUG org.asynchttpclient.netty.request.NettyRequestSender - Using open Channel [id: 0x2c50df9f, L:/127.0.0.1:56854 - R:localhost/127.0.0.1:1461] for POST '/session/ce58549c9b669d391e23640f16662e7f/element/f.06EF3401E30AE3EE31C7C1ABA64024F7.d.25E199E54E50D9516023B87E2077D351.e.20/click'
16:37:11.261 [AsyncHttpClient-1-5] DEBUG org.asynchttpclient.netty.handler.HttpHandler - 

Request DefaultHttpRequest(decodeResult: success, version: HTTP/1.1)
POST /session/ce58549c9b669d391e23640f16662e7f/element/f.06EF3401E30AE3EE31C7C1ABA64024F7.d.25E199E54E50D9516023B87E2077D351.e.20/click HTTP/1.1
User-Agent: selenium/4.12.1 (java windows)
Content-Length: 88
Content-Type: application/json; charset=utf-8
host: localhost:1461
accept: */*

Response DefaultHttpResponse(decodeResult: success, version: HTTP/1.1)
HTTP/1.1 200 OK
Content-Length: 14
Content-Type: application/json; charset=utf-8
cache-control: no-cache

16:37:11.261 [AsyncHttpClient-1-5] DEBUG org.asynchttpclient.netty.channel.ChannelManager - Adding key: http://localhost:1461 for channel [id: 0x2c50df9f, L:/127.0.0.1:56854 - R:localhost/127.0.0.1:1461]
16:37:11.263 [Forwarding findElement on session ce58549c9b669d391e23640f16662e7f to remote] DEBUG org.asynchttpclient.netty.request.NettyRequestSender - Using pooled Channel '[id: 0x2c50df9f, L:/127.0.0.1:56854 - R:localhost/127.0.0.1:1461]' for 'POST' to 'http://localhost:1461/session/ce58549c9b669d391e23640f16662e7f/element'
16:37:11.263 [Forwarding findElement on session ce58549c9b669d391e23640f16662e7f to remote] DEBUG org.asynchttpclient.netty.request.NettyRequestSender - Using open Channel [id: 0x2c50df9f, L:/127.0.0.1:56854 - R:localhost/127.0.0.1:1461] for POST '/session/ce58549c9b669d391e23640f16662e7f/element'
16:37:11.274 [AsyncHttpClient-1-5] DEBUG org.asynchttpclient.netty.handler.HttpHandler - 

Request DefaultHttpRequest(decodeResult: success, version: HTTP/1.1)
POST /session/ce58549c9b669d391e23640f16662e7f/element HTTP/1.1
User-Agent: selenium/4.12.1 (java windows)
Content-Length: 61
Content-Type: application/json; charset=utf-8
host: localhost:1461
accept: */*

Response DefaultHttpResponse(decodeResult: success, version: HTTP/1.1)
HTTP/1.1 200 OK
Content-Length: 126
Content-Type: application/json; charset=utf-8
cache-control: no-cache

16:37:11.274 [AsyncHttpClient-1-5] DEBUG org.asynchttpclient.netty.channel.ChannelManager - Adding key: http://localhost:1461 for channel [id: 0x2c50df9f, L:/127.0.0.1:56854 - R:localhost/127.0.0.1:1461]
16:37:11.276 [Forwarding sendKeysToElement on session ce58549c9b669d391e23640f16662e7f to remote] DEBUG org.asynchttpclient.netty.request.NettyRequestSender - Using pooled Channel '[id: 0x2c50df9f, L:/127.0.0.1:56854 - R:localhost/127.0.0.1:1461]' for 'POST' to 'http://localhost:1461/session/ce58549c9b669d391e23640f16662e7f/element/f.06EF3401E30AE3EE31C7C1ABA64024F7.d.25E199E54E50D9516023B87E2077D351.e.20/value'
16:37:11.276 [Forwarding sendKeysToElement on session ce58549c9b669d391e23640f16662e7f to remote] DEBUG org.asynchttpclient.netty.request.NettyRequestSender - Using open Channel [id: 0x2c50df9f, L:/127.0.0.1:56854 - R:localhost/127.0.0.1:1461] for POST '/session/ce58549c9b669d391e23640f16662e7f/element/f.06EF3401E30AE3EE31C7C1ABA64024F7.d.25E199E54E50D9516023B87E2077D351.e.20/value'
16:37:11.318 [AsyncHttpClient-1-5] DEBUG org.asynchttpclient.netty.handler.HttpHandler - 

Request DefaultHttpRequest(decodeResult: success, version: HTTP/1.1)
POST /session/ce58549c9b669d391e23640f16662e7f/element/f.06EF3401E30AE3EE31C7C1ABA64024F7.d.25E199E54E50D9516023B87E2077D351.e.20/value HTTP/1.1
User-Agent: selenium/4.12.1 (java windows)
Content-Length: 143
Content-Type: application/json; charset=utf-8
host: localhost:1461
accept: */*

Response DefaultHttpResponse(decodeResult: success, version: HTTP/1.1)
HTTP/1.1 200 OK
Content-Length: 14
Content-Type: application/json; charset=utf-8
cache-control: no-cache

16:37:11.318 [AsyncHttpClient-1-5] DEBUG org.asynchttpclient.netty.channel.ChannelManager - Adding key: http://localhost:1461 for channel [id: 0x2c50df9f, L:/127.0.0.1:56854 - R:localhost/127.0.0.1:1461]
16:37:11.319 [Forwarding findElement on session ce58549c9b669d391e23640f16662e7f to remote] DEBUG org.asynchttpclient.netty.request.NettyRequestSender - Using pooled Channel '[id: 0x2c50df9f, L:/127.0.0.1:56854 - R:localhost/127.0.0.1:1461]' for 'POST' to 'http://localhost:1461/session/ce58549c9b669d391e23640f16662e7f/element'
16:37:11.319 [Forwarding findElement on session ce58549c9b669d391e23640f16662e7f to remote] DEBUG org.asynchttpclient.netty.request.NettyRequestSender - Using open Channel [id: 0x2c50df9f, L:/127.0.0.1:56854 - R:localhost/127.0.0.1:1461] for POST '/session/ce58549c9b669d391e23640f16662e7f/element'
16:37:11.329 [AsyncHttpClient-1-5] DEBUG org.asynchttpclient.netty.handler.HttpHandler - 

Request DefaultHttpRequest(decodeResult: success, version: HTTP/1.1)
POST /session/ce58549c9b669d391e23640f16662e7f/element HTTP/1.1
User-Agent: selenium/4.12.1 (java windows)
Content-Length: 61
Content-Type: application/json; charset=utf-8
host: localhost:1461
accept: */*

Response DefaultHttpResponse(decodeResult: success, version: HTTP/1.1)
HTTP/1.1 200 OK
Content-Length: 126
Content-Type: application/json; charset=utf-8
cache-control: no-cache

16:37:11.330 [AsyncHttpClient-1-5] DEBUG org.asynchttpclient.netty.channel.ChannelManager - Adding key: http://localhost:1461 for channel [id: 0x2c50df9f, L:/127.0.0.1:56854 - R:localhost/127.0.0.1:1461]
16:37:11.331 [Forwarding sendKeysToElement on session ce58549c9b669d391e23640f16662e7f to remote] DEBUG org.asynchttpclient.netty.request.NettyRequestSender - Using pooled Channel '[id: 0x2c50df9f, L:/127.0.0.1:56854 - R:localhost/127.0.0.1:1461]' for 'POST' to 'http://localhost:1461/session/ce58549c9b669d391e23640f16662e7f/element/f.06EF3401E30AE3EE31C7C1ABA64024F7.d.25E199E54E50D9516023B87E2077D351.e.20/value'
16:37:11.331 [Forwarding sendKeysToElement on session ce58549c9b669d391e23640f16662e7f to remote] DEBUG org.asynchttpclient.netty.request.NettyRequestSender - Using open Channel [id: 0x2c50df9f, L:/127.0.0.1:56854 - R:localhost/127.0.0.1:1461] for POST '/session/ce58549c9b669d391e23640f16662e7f/element/f.06EF3401E30AE3EE31C7C1ABA64024F7.d.25E199E54E50D9516023B87E2077D351.e.20/value'
16:37:11.474 [AsyncHttpClient-1-5] DEBUG org.asynchttpclient.netty.handler.HttpHandler - 

Request DefaultHttpRequest(decodeResult: success, version: HTTP/1.1)
POST /session/ce58549c9b669d391e23640f16662e7f/element/f.06EF3401E30AE3EE31C7C1ABA64024F7.d.25E199E54E50D9516023B87E2077D351.e.20/value HTTP/1.1
User-Agent: selenium/4.12.1 (java windows)
Content-Length: 133
Content-Type: application/json; charset=utf-8
host: localhost:1461
accept: */*

Response DefaultHttpResponse(decodeResult: success, version: HTTP/1.1)
HTTP/1.1 200 OK
Content-Length: 14
Content-Type: application/json; charset=utf-8
cache-control: no-cache

16:37:11.474 [AsyncHttpClient-1-5] DEBUG org.asynchttpclient.netty.channel.ChannelManager - Adding key: http://localhost:1461 for channel [id: 0x2c50df9f, L:/127.0.0.1:56854 - R:localhost/127.0.0.1:1461]
16:37:11.475 [Forwarding findElement on session ce58549c9b669d391e23640f16662e7f to remote] DEBUG org.asynchttpclient.netty.request.NettyRequestSender - Using pooled Channel '[id: 0x2c50df9f, L:/127.0.0.1:56854 - R:localhost/127.0.0.1:1461]' for 'POST' to 'http://localhost:1461/session/ce58549c9b669d391e23640f16662e7f/element'
16:37:11.475 [Forwarding findElement on session ce58549c9b669d391e23640f16662e7f to remote] DEBUG org.asynchttpclient.netty.request.NettyRequestSender - Using open Channel [id: 0x2c50df9f, L:/127.0.0.1:56854 - R:localhost/127.0.0.1:1461] for POST '/session/ce58549c9b669d391e23640f16662e7f/element'
16:37:11.485 [AsyncHttpClient-1-5] DEBUG org.asynchttpclient.netty.handler.HttpHandler - 

Request DefaultHttpRequest(decodeResult: success, version: HTTP/1.1)
POST /session/ce58549c9b669d391e23640f16662e7f/element HTTP/1.1
User-Agent: selenium/4.12.1 (java windows)
Content-Length: 61
Content-Type: application/json; charset=utf-8
host: localhost:1461
accept: */*

Response DefaultHttpResponse(decodeResult: success, version: HTTP/1.1)
HTTP/1.1 200 OK
Content-Length: 126
Content-Type: application/json; charset=utf-8
cache-control: no-cache

16:37:11.485 [AsyncHttpClient-1-5] DEBUG org.asynchttpclient.netty.channel.ChannelManager - Adding key: http://localhost:1461 for channel [id: 0x2c50df9f, L:/127.0.0.1:56854 - R:localhost/127.0.0.1:1461]
16:37:11.486 [Forwarding clickElement on session ce58549c9b669d391e23640f16662e7f to remote] DEBUG org.asynchttpclient.netty.request.NettyRequestSender - Using pooled Channel '[id: 0x2c50df9f, L:/127.0.0.1:56854 - R:localhost/127.0.0.1:1461]' for 'POST' to 'http://localhost:1461/session/ce58549c9b669d391e23640f16662e7f/element/f.06EF3401E30AE3EE31C7C1ABA64024F7.d.25E199E54E50D9516023B87E2077D351.e.20/click'
16:37:11.486 [Forwarding clickElement on session ce58549c9b669d391e23640f16662e7f to remote] DEBUG org.asynchttpclient.netty.request.NettyRequestSender - Using open Channel [id: 0x2c50df9f, L:/127.0.0.1:56854 - R:localhost/127.0.0.1:1461] for POST '/session/ce58549c9b669d391e23640f16662e7f/element/f.06EF3401E30AE3EE31C7C1ABA64024F7.d.25E199E54E50D9516023B87E2077D351.e.20/click'
16:37:11.532 [AsyncHttpClient-1-5] DEBUG org.asynchttpclient.netty.handler.HttpHandler - 

Request DefaultHttpRequest(decodeResult: success, version: HTTP/1.1)
POST /session/ce58549c9b669d391e23640f16662e7f/element/f.06EF3401E30AE3EE31C7C1ABA64024F7.d.25E199E54E50D9516023B87E2077D351.e.20/click HTTP/1.1
User-Agent: selenium/4.12.1 (java windows)
Content-Length: 88
Content-Type: application/json; charset=utf-8
host: localhost:1461
accept: */*

Response DefaultHttpResponse(decodeResult: success, version: HTTP/1.1)
HTTP/1.1 200 OK
Content-Length: 14
Content-Type: application/json; charset=utf-8
cache-control: no-cache

16:37:11.532 [AsyncHttpClient-1-5] DEBUG org.asynchttpclient.netty.channel.ChannelManager - Adding key: http://localhost:1461 for channel [id: 0x2c50df9f, L:/127.0.0.1:56854 - R:localhost/127.0.0.1:1461]
16:37:11.533 [Forwarding findElement on session ce58549c9b669d391e23640f16662e7f to remote] DEBUG org.asynchttpclient.netty.request.NettyRequestSender - Using pooled Channel '[id: 0x2c50df9f, L:/127.0.0.1:56854 - R:localhost/127.0.0.1:1461]' for 'POST' to 'http://localhost:1461/session/ce58549c9b669d391e23640f16662e7f/element'
16:37:11.533 [Forwarding findElement on session ce58549c9b669d391e23640f16662e7f to remote] DEBUG org.asynchttpclient.netty.request.NettyRequestSender - Using open Channel [id: 0x2c50df9f, L:/127.0.0.1:56854 - R:localhost/127.0.0.1:1461] for POST '/session/ce58549c9b669d391e23640f16662e7f/element'
16:37:11.542 [AsyncHttpClient-1-5] DEBUG org.asynchttpclient.netty.handler.HttpHandler - 

Request DefaultHttpRequest(decodeResult: success, version: HTTP/1.1)
POST /session/ce58549c9b669d391e23640f16662e7f/element HTTP/1.1
User-Agent: selenium/4.12.1 (java windows)
Content-Length: 61
Content-Type: application/json; charset=utf-8
host: localhost:1461
accept: */*

Response DefaultHttpResponse(decodeResult: success, version: HTTP/1.1)
HTTP/1.1 200 OK
Content-Length: 126
Content-Type: application/json; charset=utf-8
cache-control: no-cache

16:37:11.542 [AsyncHttpClient-1-5] DEBUG org.asynchttpclient.netty.channel.ChannelManager - Adding key: http://localhost:1461 for channel [id: 0x2c50df9f, L:/127.0.0.1:56854 - R:localhost/127.0.0.1:1461]
16:37:11.543 [Forwarding sendKeysToElement on session ce58549c9b669d391e23640f16662e7f to remote] DEBUG org.asynchttpclient.netty.request.NettyRequestSender - Using pooled Channel '[id: 0x2c50df9f, L:/127.0.0.1:56854 - R:localhost/127.0.0.1:1461]' for 'POST' to 'http://localhost:1461/session/ce58549c9b669d391e23640f16662e7f/element/f.06EF3401E30AE3EE31C7C1ABA64024F7.d.25E199E54E50D9516023B87E2077D351.e.20/value'
16:37:11.543 [Forwarding sendKeysToElement on session ce58549c9b669d391e23640f16662e7f to remote] DEBUG org.asynchttpclient.netty.request.NettyRequestSender - Using open Channel [id: 0x2c50df9f, L:/127.0.0.1:56854 - R:localhost/127.0.0.1:1461] for POST '/session/ce58549c9b669d391e23640f16662e7f/element/f.06EF3401E30AE3EE31C7C1ABA64024F7.d.25E199E54E50D9516023B87E2077D351.e.20/value'
16:37:11.648 [AsyncHttpClient-1-5] DEBUG org.asynchttpclient.netty.handler.HttpHandler - 

Request DefaultHttpRequest(decodeResult: success, version: HTTP/1.1)
POST /session/ce58549c9b669d391e23640f16662e7f/element/f.06EF3401E30AE3EE31C7C1ABA64024F7.d.25E199E54E50D9516023B87E2077D351.e.20/value HTTP/1.1
User-Agent: selenium/4.12.1 (java windows)
Content-Length: 129
Content-Type: application/json; charset=utf-8
host: localhost:1461
accept: */*

Response DefaultHttpResponse(decodeResult: success, version: HTTP/1.1)
HTTP/1.1 200 OK
Content-Length: 14
Content-Type: application/json; charset=utf-8
cache-control: no-cache

16:37:11.648 [AsyncHttpClient-1-5] DEBUG org.asynchttpclient.netty.channel.ChannelManager - Adding key: http://localhost:1461 for channel [id: 0x2c50df9f, L:/127.0.0.1:56854 - R:localhost/127.0.0.1:1461]
16:37:11.649 [Forwarding findElement on session ce58549c9b669d391e23640f16662e7f to remote] DEBUG org.asynchttpclient.netty.request.NettyRequestSender - Using pooled Channel '[id: 0x2c50df9f, L:/127.0.0.1:56854 - R:localhost/127.0.0.1:1461]' for 'POST' to 'http://localhost:1461/session/ce58549c9b669d391e23640f16662e7f/element'
16:37:11.649 [Forwarding findElement on session ce58549c9b669d391e23640f16662e7f to remote] DEBUG org.asynchttpclient.netty.request.NettyRequestSender - Using open Channel [id: 0x2c50df9f, L:/127.0.0.1:56854 - R:localhost/127.0.0.1:1461] for POST '/session/ce58549c9b669d391e23640f16662e7f/element'
16:37:11.659 [AsyncHttpClient-1-5] DEBUG org.asynchttpclient.netty.handler.HttpHandler - 

Request DefaultHttpRequest(decodeResult: success, version: HTTP/1.1)
POST /session/ce58549c9b669d391e23640f16662e7f/element HTTP/1.1
User-Agent: selenium/4.12.1 (java windows)
Content-Length: 142
Content-Type: application/json; charset=utf-8
host: localhost:1461
accept: */*

Response DefaultHttpResponse(decodeResult: success, version: HTTP/1.1)
HTTP/1.1 200 OK
Content-Length: 126
Content-Type: application/json; charset=utf-8
cache-control: no-cache

16:37:11.659 [AsyncHttpClient-1-5] DEBUG org.asynchttpclient.netty.channel.ChannelManager - Adding key: http://localhost:1461 for channel [id: 0x2c50df9f, L:/127.0.0.1:56854 - R:localhost/127.0.0.1:1461]
16:37:11.661 [Forwarding isElementDisplayed on session ce58549c9b669d391e23640f16662e7f to remote] DEBUG org.asynchttpclient.netty.request.NettyRequestSender - Using pooled Channel '[id: 0x2c50df9f, L:/127.0.0.1:56854 - R:localhost/127.0.0.1:1461]' for 'POST' to 'http://localhost:1461/session/ce58549c9b669d391e23640f16662e7f/execute/sync'
16:37:11.661 [Forwarding isElementDisplayed on session ce58549c9b669d391e23640f16662e7f to remote] DEBUG org.asynchttpclient.netty.request.NettyRequestSender - Using open Channel [id: 0x2c50df9f, L:/127.0.0.1:56854 - R:localhost/127.0.0.1:1461] for POST '/session/ce58549c9b669d391e23640f16662e7f/execute/sync'
16:37:11.673 [AsyncHttpClient-1-5] DEBUG org.asynchttpclient.netty.handler.HttpHandler - 

Request DefaultHttpRequest(decodeResult: success, version: HTTP/1.1)
POST /session/ce58549c9b669d391e23640f16662e7f/execute/sync HTTP/1.1
User-Agent: selenium/4.12.1 (java windows)
Content-Length: 48734
Content-Type: application/json; charset=utf-8
host: localhost:1461
accept: */*

Response DefaultHttpResponse(decodeResult: success, version: HTTP/1.1)
HTTP/1.1 200 OK
Content-Length: 14
Content-Type: application/json; charset=utf-8
cache-control: no-cache

16:37:11.673 [AsyncHttpClient-1-5] DEBUG org.asynchttpclient.netty.channel.ChannelManager - Adding key: http://localhost:1461 for channel [id: 0x2c50df9f, L:/127.0.0.1:56854 - R:localhost/127.0.0.1:1461]
16:37:11.674 [Forwarding findElement on session ce58549c9b669d391e23640f16662e7f to remote] DEBUG org.asynchttpclient.netty.request.NettyRequestSender - Using pooled Channel '[id: 0x2c50df9f, L:/127.0.0.1:56854 - R:localhost/127.0.0.1:1461]' for 'POST' to 'http://localhost:1461/session/ce58549c9b669d391e23640f16662e7f/element'
16:37:11.674 [Forwarding findElement on session ce58549c9b669d391e23640f16662e7f to remote] DEBUG org.asynchttpclient.netty.request.NettyRequestSender - Using open Channel [id: 0x2c50df9f, L:/127.0.0.1:56854 - R:localhost/127.0.0.1:1461] for POST '/session/ce58549c9b669d391e23640f16662e7f/element'
16:37:11.684 [AsyncHttpClient-1-5] DEBUG org.asynchttpclient.netty.handler.HttpHandler - 

Request DefaultHttpRequest(decodeResult: success, version: HTTP/1.1)
POST /session/ce58549c9b669d391e23640f16662e7f/element HTTP/1.1
User-Agent: selenium/4.12.1 (java windows)
Content-Length: 142
Content-Type: application/json; charset=utf-8
host: localhost:1461
accept: */*

Response DefaultHttpResponse(decodeResult: success, version: HTTP/1.1)
HTTP/1.1 200 OK
Content-Length: 126
Content-Type: application/json; charset=utf-8
cache-control: no-cache

16:37:11.684 [AsyncHttpClient-1-5] DEBUG org.asynchttpclient.netty.channel.ChannelManager - Adding key: http://localhost:1461 for channel [id: 0x2c50df9f, L:/127.0.0.1:56854 - R:localhost/127.0.0.1:1461]
16:37:11.685 [Forwarding clickElement on session ce58549c9b669d391e23640f16662e7f to remote] DEBUG org.asynchttpclient.netty.request.NettyRequestSender - Using pooled Channel '[id: 0x2c50df9f, L:/127.0.0.1:56854 - R:localhost/127.0.0.1:1461]' for 'POST' to 'http://localhost:1461/session/ce58549c9b669d391e23640f16662e7f/element/f.06EF3401E30AE3EE31C7C1ABA64024F7.d.25E199E54E50D9516023B87E2077D351.e.90/click'
16:37:11.685 [Forwarding clickElement on session ce58549c9b669d391e23640f16662e7f to remote] DEBUG org.asynchttpclient.netty.request.NettyRequestSender - Using open Channel [id: 0x2c50df9f, L:/127.0.0.1:56854 - R:localhost/127.0.0.1:1461] for POST '/session/ce58549c9b669d391e23640f16662e7f/element/f.06EF3401E30AE3EE31C7C1ABA64024F7.d.25E199E54E50D9516023B87E2077D351.e.90/click'
16:37:11.805 [AsyncHttpClient-1-5] DEBUG org.asynchttpclient.netty.handler.HttpHandler - 

Request DefaultHttpRequest(decodeResult: success, version: HTTP/1.1)
POST /session/ce58549c9b669d391e23640f16662e7f/element/f.06EF3401E30AE3EE31C7C1ABA64024F7.d.25E199E54E50D9516023B87E2077D351.e.90/click HTTP/1.1
User-Agent: selenium/4.12.1 (java windows)
Content-Length: 88
Content-Type: application/json; charset=utf-8
host: localhost:1461
accept: */*

Response DefaultHttpResponse(decodeResult: success, version: HTTP/1.1)
HTTP/1.1 200 OK
Content-Length: 14
Content-Type: application/json; charset=utf-8
cache-control: no-cache

16:37:11.805 [AsyncHttpClient-1-5] DEBUG org.asynchttpclient.netty.channel.ChannelManager - Adding key: http://localhost:1461 for channel [id: 0x2c50df9f, L:/127.0.0.1:56854 - R:localhost/127.0.0.1:1461]
16:37:11.806 [Forwarding findElement on session ce58549c9b669d391e23640f16662e7f to remote] DEBUG org.asynchttpclient.netty.request.NettyRequestSender - Using pooled Channel '[id: 0x2c50df9f, L:/127.0.0.1:56854 - R:localhost/127.0.0.1:1461]' for 'POST' to 'http://localhost:1461/session/ce58549c9b669d391e23640f16662e7f/element'
16:37:11.806 [Forwarding findElement on session ce58549c9b669d391e23640f16662e7f to remote] DEBUG org.asynchttpclient.netty.request.NettyRequestSender - Using open Channel [id: 0x2c50df9f, L:/127.0.0.1:56854 - R:localhost/127.0.0.1:1461] for POST '/session/ce58549c9b669d391e23640f16662e7f/element'
16:37:11.817 [AsyncHttpClient-1-5] DEBUG org.asynchttpclient.netty.handler.HttpHandler - 

Request DefaultHttpRequest(decodeResult: success, version: HTTP/1.1)
POST /session/ce58549c9b669d391e23640f16662e7f/element HTTP/1.1
User-Agent: selenium/4.12.1 (java windows)
Content-Length: 86
Content-Type: application/json; charset=utf-8
host: localhost:1461
accept: */*

Response DefaultHttpResponse(decodeResult: success, version: HTTP/1.1)
HTTP/1.1 200 OK
Content-Length: 127
Content-Type: application/json; charset=utf-8
cache-control: no-cache

16:37:11.817 [AsyncHttpClient-1-5] DEBUG org.asynchttpclient.netty.channel.ChannelManager - Adding key: http://localhost:1461 for channel [id: 0x2c50df9f, L:/127.0.0.1:56854 - R:localhost/127.0.0.1:1461]
16:37:11.819 [Forwarding isElementDisplayed on session ce58549c9b669d391e23640f16662e7f to remote] DEBUG org.asynchttpclient.netty.request.NettyRequestSender - Using pooled Channel '[id: 0x2c50df9f, L:/127.0.0.1:56854 - R:localhost/127.0.0.1:1461]' for 'POST' to 'http://localhost:1461/session/ce58549c9b669d391e23640f16662e7f/execute/sync'
16:37:11.819 [Forwarding isElementDisplayed on session ce58549c9b669d391e23640f16662e7f to remote] DEBUG org.asynchttpclient.netty.request.NettyRequestSender - Using open Channel [id: 0x2c50df9f, L:/127.0.0.1:56854 - R:localhost/127.0.0.1:1461] for POST '/session/ce58549c9b669d391e23640f16662e7f/execute/sync'
16:37:11.832 [AsyncHttpClient-1-5] DEBUG org.asynchttpclient.netty.handler.HttpHandler - 

Request DefaultHttpRequest(decodeResult: success, version: HTTP/1.1)
POST /session/ce58549c9b669d391e23640f16662e7f/execute/sync HTTP/1.1
User-Agent: selenium/4.12.1 (java windows)
Content-Length: 48735
Content-Type: application/json; charset=utf-8
host: localhost:1461
accept: */*

Response DefaultHttpResponse(decodeResult: success, version: HTTP/1.1)
HTTP/1.1 200 OK
Content-Length: 14
Content-Type: application/json; charset=utf-8
cache-control: no-cache

16:37:11.832 [AsyncHttpClient-1-5] DEBUG org.asynchttpclient.netty.channel.ChannelManager - Adding key: http://localhost:1461 for channel [id: 0x2c50df9f, L:/127.0.0.1:56854 - R:localhost/127.0.0.1:1461]
16:37:11.838 [Forwarding findElement on session ce58549c9b669d391e23640f16662e7f to remote] DEBUG org.asynchttpclient.netty.request.NettyRequestSender - Using pooled Channel '[id: 0x2c50df9f, L:/127.0.0.1:56854 - R:localhost/127.0.0.1:1461]' for 'POST' to 'http://localhost:1461/session/ce58549c9b669d391e23640f16662e7f/element'
16:37:11.838 [Forwarding findElement on session ce58549c9b669d391e23640f16662e7f to remote] DEBUG org.asynchttpclient.netty.request.NettyRequestSender - Using open Channel [id: 0x2c50df9f, L:/127.0.0.1:56854 - R:localhost/127.0.0.1:1461] for POST '/session/ce58549c9b669d391e23640f16662e7f/element'
16:37:11.849 [AsyncHttpClient-1-5] DEBUG org.asynchttpclient.netty.handler.HttpHandler - 

Request DefaultHttpRequest(decodeResult: success, version: HTTP/1.1)
POST /session/ce58549c9b669d391e23640f16662e7f/element HTTP/1.1
User-Agent: selenium/4.12.1 (java windows)
Content-Length: 61
Content-Type: application/json; charset=utf-8
host: localhost:1461
accept: */*

Response DefaultHttpResponse(decodeResult: success, version: HTTP/1.1)
HTTP/1.1 200 OK
Content-Length: 126
Content-Type: application/json; charset=utf-8
cache-control: no-cache

16:37:11.849 [AsyncHttpClient-1-5] DEBUG org.asynchttpclient.netty.channel.ChannelManager - Adding key: http://localhost:1461 for channel [id: 0x2c50df9f, L:/127.0.0.1:56854 - R:localhost/127.0.0.1:1461]
16:37:11.850 [Forwarding clickElement on session ce58549c9b669d391e23640f16662e7f to remote] DEBUG org.asynchttpclient.netty.request.NettyRequestSender - Using pooled Channel '[id: 0x2c50df9f, L:/127.0.0.1:56854 - R:localhost/127.0.0.1:1461]' for 'POST' to 'http://localhost:1461/session/ce58549c9b669d391e23640f16662e7f/element/f.06EF3401E30AE3EE31C7C1ABA64024F7.d.25E199E54E50D9516023B87E2077D351.e.20/click'
16:37:11.850 [Forwarding clickElement on session ce58549c9b669d391e23640f16662e7f to remote] DEBUG org.asynchttpclient.netty.request.NettyRequestSender - Using open Channel [id: 0x2c50df9f, L:/127.0.0.1:56854 - R:localhost/127.0.0.1:1461] for POST '/session/ce58549c9b669d391e23640f16662e7f/element/f.06EF3401E30AE3EE31C7C1ABA64024F7.d.25E199E54E50D9516023B87E2077D351.e.20/click'
16:37:11.910 [AsyncHttpClient-1-5] DEBUG org.asynchttpclient.netty.handler.HttpHandler - 

Request DefaultHttpRequest(decodeResult: success, version: HTTP/1.1)
POST /session/ce58549c9b669d391e23640f16662e7f/element/f.06EF3401E30AE3EE31C7C1ABA64024F7.d.25E199E54E50D9516023B87E2077D351.e.20/click HTTP/1.1
User-Agent: selenium/4.12.1 (java windows)
Content-Length: 88
Content-Type: application/json; charset=utf-8
host: localhost:1461
accept: */*

Response DefaultHttpResponse(decodeResult: success, version: HTTP/1.1)
HTTP/1.1 200 OK
Content-Length: 14
Content-Type: application/json; charset=utf-8
cache-control: no-cache

16:37:11.911 [AsyncHttpClient-1-5] DEBUG org.asynchttpclient.netty.channel.ChannelManager - Adding key: http://localhost:1461 for channel [id: 0x2c50df9f, L:/127.0.0.1:56854 - R:localhost/127.0.0.1:1461]
16:37:11.911 [Forwarding findElement on session ce58549c9b669d391e23640f16662e7f to remote] DEBUG org.asynchttpclient.netty.request.NettyRequestSender - Using pooled Channel '[id: 0x2c50df9f, L:/127.0.0.1:56854 - R:localhost/127.0.0.1:1461]' for 'POST' to 'http://localhost:1461/session/ce58549c9b669d391e23640f16662e7f/element'
16:37:11.912 [Forwarding findElement on session ce58549c9b669d391e23640f16662e7f to remote] DEBUG org.asynchttpclient.netty.request.NettyRequestSender - Using open Channel [id: 0x2c50df9f, L:/127.0.0.1:56854 - R:localhost/127.0.0.1:1461] for POST '/session/ce58549c9b669d391e23640f16662e7f/element'
16:37:11.923 [AsyncHttpClient-1-5] DEBUG org.asynchttpclient.netty.handler.HttpHandler - 

Request DefaultHttpRequest(decodeResult: success, version: HTTP/1.1)
POST /session/ce58549c9b669d391e23640f16662e7f/element HTTP/1.1
User-Agent: selenium/4.12.1 (java windows)
Content-Length: 61
Content-Type: application/json; charset=utf-8
host: localhost:1461
accept: */*

Response DefaultHttpResponse(decodeResult: success, version: HTTP/1.1)
HTTP/1.1 200 OK
Content-Length: 126
Content-Type: application/json; charset=utf-8
cache-control: no-cache

16:37:11.924 [AsyncHttpClient-1-5] DEBUG org.asynchttpclient.netty.channel.ChannelManager - Adding key: http://localhost:1461 for channel [id: 0x2c50df9f, L:/127.0.0.1:56854 - R:localhost/127.0.0.1:1461]
16:37:11.925 [Forwarding sendKeysToElement on session ce58549c9b669d391e23640f16662e7f to remote] DEBUG org.asynchttpclient.netty.request.NettyRequestSender - Using pooled Channel '[id: 0x2c50df9f, L:/127.0.0.1:56854 - R:localhost/127.0.0.1:1461]' for 'POST' to 'http://localhost:1461/session/ce58549c9b669d391e23640f16662e7f/element/f.06EF3401E30AE3EE31C7C1ABA64024F7.d.25E199E54E50D9516023B87E2077D351.e.20/value'
16:37:11.925 [Forwarding sendKeysToElement on session ce58549c9b669d391e23640f16662e7f to remote] DEBUG org.asynchttpclient.netty.request.NettyRequestSender - Using open Channel [id: 0x2c50df9f, L:/127.0.0.1:56854 - R:localhost/127.0.0.1:1461] for POST '/session/ce58549c9b669d391e23640f16662e7f/element/f.06EF3401E30AE3EE31C7C1ABA64024F7.d.25E199E54E50D9516023B87E2077D351.e.20/value'
16:37:11.963 [AsyncHttpClient-1-5] DEBUG org.asynchttpclient.netty.handler.HttpHandler - 

Request DefaultHttpRequest(decodeResult: success, version: HTTP/1.1)
POST /session/ce58549c9b669d391e23640f16662e7f/element/f.06EF3401E30AE3EE31C7C1ABA64024F7.d.25E199E54E50D9516023B87E2077D351.e.20/value HTTP/1.1
User-Agent: selenium/4.12.1 (java windows)
Content-Length: 143
Content-Type: application/json; charset=utf-8
host: localhost:1461
accept: */*

Response DefaultHttpResponse(decodeResult: success, version: HTTP/1.1)
HTTP/1.1 200 OK
Content-Length: 14
Content-Type: application/json; charset=utf-8
cache-control: no-cache

16:37:11.963 [AsyncHttpClient-1-5] DEBUG org.asynchttpclient.netty.channel.ChannelManager - Adding key: http://localhost:1461 for channel [id: 0x2c50df9f, L:/127.0.0.1:56854 - R:localhost/127.0.0.1:1461]
16:37:11.964 [Forwarding findElement on session ce58549c9b669d391e23640f16662e7f to remote] DEBUG org.asynchttpclient.netty.request.NettyRequestSender - Using pooled Channel '[id: 0x2c50df9f, L:/127.0.0.1:56854 - R:localhost/127.0.0.1:1461]' for 'POST' to 'http://localhost:1461/session/ce58549c9b669d391e23640f16662e7f/element'
16:37:11.964 [Forwarding findElement on session ce58549c9b669d391e23640f16662e7f to remote] DEBUG org.asynchttpclient.netty.request.NettyRequestSender - Using open Channel [id: 0x2c50df9f, L:/127.0.0.1:56854 - R:localhost/127.0.0.1:1461] for POST '/session/ce58549c9b669d391e23640f16662e7f/element'
16:37:11.975 [AsyncHttpClient-1-5] DEBUG org.asynchttpclient.netty.handler.HttpHandler - 

Request DefaultHttpRequest(decodeResult: success, version: HTTP/1.1)
POST /session/ce58549c9b669d391e23640f16662e7f/element HTTP/1.1
User-Agent: selenium/4.12.1 (java windows)
Content-Length: 61
Content-Type: application/json; charset=utf-8
host: localhost:1461
accept: */*

Response DefaultHttpResponse(decodeResult: success, version: HTTP/1.1)
HTTP/1.1 200 OK
Content-Length: 126
Content-Type: application/json; charset=utf-8
cache-control: no-cache

16:37:11.975 [AsyncHttpClient-1-5] DEBUG org.asynchttpclient.netty.channel.ChannelManager - Adding key: http://localhost:1461 for channel [id: 0x2c50df9f, L:/127.0.0.1:56854 - R:localhost/127.0.0.1:1461]
16:37:11.976 [Forwarding sendKeysToElement on session ce58549c9b669d391e23640f16662e7f to remote] DEBUG org.asynchttpclient.netty.request.NettyRequestSender - Using pooled Channel '[id: 0x2c50df9f, L:/127.0.0.1:56854 - R:localhost/127.0.0.1:1461]' for 'POST' to 'http://localhost:1461/session/ce58549c9b669d391e23640f16662e7f/element/f.06EF3401E30AE3EE31C7C1ABA64024F7.d.25E199E54E50D9516023B87E2077D351.e.20/value'
16:37:11.976 [Forwarding sendKeysToElement on session ce58549c9b669d391e23640f16662e7f to remote] DEBUG org.asynchttpclient.netty.request.NettyRequestSender - Using open Channel [id: 0x2c50df9f, L:/127.0.0.1:56854 - R:localhost/127.0.0.1:1461] for POST '/session/ce58549c9b669d391e23640f16662e7f/element/f.06EF3401E30AE3EE31C7C1ABA64024F7.d.25E199E54E50D9516023B87E2077D351.e.20/value'
16:37:12.089 [AsyncHttpClient-1-5] DEBUG org.asynchttpclient.netty.handler.HttpHandler - 

Request DefaultHttpRequest(decodeResult: success, version: HTTP/1.1)
POST /session/ce58549c9b669d391e23640f16662e7f/element/f.06EF3401E30AE3EE31C7C1ABA64024F7.d.25E199E54E50D9516023B87E2077D351.e.20/value HTTP/1.1
User-Agent: selenium/4.12.1 (java windows)
Content-Length: 133
Content-Type: application/json; charset=utf-8
host: localhost:1461
accept: */*

Response DefaultHttpResponse(decodeResult: success, version: HTTP/1.1)
HTTP/1.1 200 OK
Content-Length: 14
Content-Type: application/json; charset=utf-8
cache-control: no-cache

16:37:12.089 [AsyncHttpClient-1-5] DEBUG org.asynchttpclient.netty.channel.ChannelManager - Adding key: http://localhost:1461 for channel [id: 0x2c50df9f, L:/127.0.0.1:56854 - R:localhost/127.0.0.1:1461]
16:37:12.090 [Forwarding findElement on session ce58549c9b669d391e23640f16662e7f to remote] DEBUG org.asynchttpclient.netty.request.NettyRequestSender - Using pooled Channel '[id: 0x2c50df9f, L:/127.0.0.1:56854 - R:localhost/127.0.0.1:1461]' for 'POST' to 'http://localhost:1461/session/ce58549c9b669d391e23640f16662e7f/element'
16:37:12.090 [Forwarding findElement on session ce58549c9b669d391e23640f16662e7f to remote] DEBUG org.asynchttpclient.netty.request.NettyRequestSender - Using open Channel [id: 0x2c50df9f, L:/127.0.0.1:56854 - R:localhost/127.0.0.1:1461] for POST '/session/ce58549c9b669d391e23640f16662e7f/element'
16:37:12.102 [AsyncHttpClient-1-5] DEBUG org.asynchttpclient.netty.handler.HttpHandler - 

Request DefaultHttpRequest(decodeResult: success, version: HTTP/1.1)
POST /session/ce58549c9b669d391e23640f16662e7f/element HTTP/1.1
User-Agent: selenium/4.12.1 (java windows)
Content-Length: 61
Content-Type: application/json; charset=utf-8
host: localhost:1461
accept: */*

Response DefaultHttpResponse(decodeResult: success, version: HTTP/1.1)
HTTP/1.1 200 OK
Content-Length: 126
Content-Type: application/json; charset=utf-8
cache-control: no-cache

16:37:12.102 [AsyncHttpClient-1-5] DEBUG org.asynchttpclient.netty.channel.ChannelManager - Adding key: http://localhost:1461 for channel [id: 0x2c50df9f, L:/127.0.0.1:56854 - R:localhost/127.0.0.1:1461]
16:37:12.104 [Forwarding clickElement on session ce58549c9b669d391e23640f16662e7f to remote] DEBUG org.asynchttpclient.netty.request.NettyRequestSender - Using pooled Channel '[id: 0x2c50df9f, L:/127.0.0.1:56854 - R:localhost/127.0.0.1:1461]' for 'POST' to 'http://localhost:1461/session/ce58549c9b669d391e23640f16662e7f/element/f.06EF3401E30AE3EE31C7C1ABA64024F7.d.25E199E54E50D9516023B87E2077D351.e.20/click'
16:37:12.104 [Forwarding clickElement on session ce58549c9b669d391e23640f16662e7f to remote] DEBUG org.asynchttpclient.netty.request.NettyRequestSender - Using open Channel [id: 0x2c50df9f, L:/127.0.0.1:56854 - R:localhost/127.0.0.1:1461] for POST '/session/ce58549c9b669d391e23640f16662e7f/element/f.06EF3401E30AE3EE31C7C1ABA64024F7.d.25E199E54E50D9516023B87E2077D351.e.20/click'
16:37:12.157 [AsyncHttpClient-1-5] DEBUG org.asynchttpclient.netty.handler.HttpHandler - 

Request DefaultHttpRequest(decodeResult: success, version: HTTP/1.1)
POST /session/ce58549c9b669d391e23640f16662e7f/element/f.06EF3401E30AE3EE31C7C1ABA64024F7.d.25E199E54E50D9516023B87E2077D351.e.20/click HTTP/1.1
User-Agent: selenium/4.12.1 (java windows)
Content-Length: 88
Content-Type: application/json; charset=utf-8
host: localhost:1461
accept: */*

Response DefaultHttpResponse(decodeResult: success, version: HTTP/1.1)
HTTP/1.1 200 OK
Content-Length: 14
Content-Type: application/json; charset=utf-8
cache-control: no-cache

16:37:12.157 [AsyncHttpClient-1-5] DEBUG org.asynchttpclient.netty.channel.ChannelManager - Adding key: http://localhost:1461 for channel [id: 0x2c50df9f, L:/127.0.0.1:56854 - R:localhost/127.0.0.1:1461]
16:37:12.158 [Forwarding findElement on session ce58549c9b669d391e23640f16662e7f to remote] DEBUG org.asynchttpclient.netty.request.NettyRequestSender - Using pooled Channel '[id: 0x2c50df9f, L:/127.0.0.1:56854 - R:localhost/127.0.0.1:1461]' for 'POST' to 'http://localhost:1461/session/ce58549c9b669d391e23640f16662e7f/element'
16:37:12.158 [Forwarding findElement on session ce58549c9b669d391e23640f16662e7f to remote] DEBUG org.asynchttpclient.netty.request.NettyRequestSender - Using open Channel [id: 0x2c50df9f, L:/127.0.0.1:56854 - R:localhost/127.0.0.1:1461] for POST '/session/ce58549c9b669d391e23640f16662e7f/element'
16:37:12.169 [AsyncHttpClient-1-5] DEBUG org.asynchttpclient.netty.handler.HttpHandler - 

Request DefaultHttpRequest(decodeResult: success, version: HTTP/1.1)
POST /session/ce58549c9b669d391e23640f16662e7f/element HTTP/1.1
User-Agent: selenium/4.12.1 (java windows)
Content-Length: 61
Content-Type: application/json; charset=utf-8
host: localhost:1461
accept: */*

Response DefaultHttpResponse(decodeResult: success, version: HTTP/1.1)
HTTP/1.1 200 OK
Content-Length: 126
Content-Type: application/json; charset=utf-8
cache-control: no-cache

16:37:12.169 [AsyncHttpClient-1-5] DEBUG org.asynchttpclient.netty.channel.ChannelManager - Adding key: http://localhost:1461 for channel [id: 0x2c50df9f, L:/127.0.0.1:56854 - R:localhost/127.0.0.1:1461]
16:37:12.171 [Forwarding sendKeysToElement on session ce58549c9b669d391e23640f16662e7f to remote] DEBUG org.asynchttpclient.netty.request.NettyRequestSender - Using pooled Channel '[id: 0x2c50df9f, L:/127.0.0.1:56854 - R:localhost/127.0.0.1:1461]' for 'POST' to 'http://localhost:1461/session/ce58549c9b669d391e23640f16662e7f/element/f.06EF3401E30AE3EE31C7C1ABA64024F7.d.25E199E54E50D9516023B87E2077D351.e.20/value'
16:37:12.171 [Forwarding sendKeysToElement on session ce58549c9b669d391e23640f16662e7f to remote] DEBUG org.asynchttpclient.netty.request.NettyRequestSender - Using open Channel [id: 0x2c50df9f, L:/127.0.0.1:56854 - R:localhost/127.0.0.1:1461] for POST '/session/ce58549c9b669d391e23640f16662e7f/element/f.06EF3401E30AE3EE31C7C1ABA64024F7.d.25E199E54E50D9516023B87E2077D351.e.20/value'
16:37:12.486 [AsyncHttpClient-1-5] DEBUG org.asynchttpclient.netty.handler.HttpHandler - 

Request DefaultHttpRequest(decodeResult: success, version: HTTP/1.1)
POST /session/ce58549c9b669d391e23640f16662e7f/element/f.06EF3401E30AE3EE31C7C1ABA64024F7.d.25E199E54E50D9516023B87E2077D351.e.20/value HTTP/1.1
User-Agent: selenium/4.12.1 (java windows)
Content-Length: 159
Content-Type: application/json; charset=utf-8
host: localhost:1461
accept: */*

Response DefaultHttpResponse(decodeResult: success, version: HTTP/1.1)
HTTP/1.1 200 OK
Content-Length: 14
Content-Type: application/json; charset=utf-8
cache-control: no-cache

16:37:12.486 [AsyncHttpClient-1-5] DEBUG org.asynchttpclient.netty.channel.ChannelManager - Adding key: http://localhost:1461 for channel [id: 0x2c50df9f, L:/127.0.0.1:56854 - R:localhost/127.0.0.1:1461]
16:37:12.487 [Forwarding findElement on session ce58549c9b669d391e23640f16662e7f to remote] DEBUG org.asynchttpclient.netty.request.NettyRequestSender - Using pooled Channel '[id: 0x2c50df9f, L:/127.0.0.1:56854 - R:localhost/127.0.0.1:1461]' for 'POST' to 'http://localhost:1461/session/ce58549c9b669d391e23640f16662e7f/element'
16:37:12.487 [Forwarding findElement on session ce58549c9b669d391e23640f16662e7f to remote] DEBUG org.asynchttpclient.netty.request.NettyRequestSender - Using open Channel [id: 0x2c50df9f, L:/127.0.0.1:56854 - R:localhost/127.0.0.1:1461] for POST '/session/ce58549c9b669d391e23640f16662e7f/element'
16:37:12.499 [AsyncHttpClient-1-5] DEBUG org.asynchttpclient.netty.handler.HttpHandler - 

Request DefaultHttpRequest(decodeResult: success, version: HTTP/1.1)
POST /session/ce58549c9b669d391e23640f16662e7f/element HTTP/1.1
User-Agent: selenium/4.12.1 (java windows)
Content-Length: 142
Content-Type: application/json; charset=utf-8
host: localhost:1461
accept: */*

Response DefaultHttpResponse(decodeResult: success, version: HTTP/1.1)
HTTP/1.1 200 OK
Content-Length: 126
Content-Type: application/json; charset=utf-8
cache-control: no-cache

16:37:12.499 [AsyncHttpClient-1-5] DEBUG org.asynchttpclient.netty.channel.ChannelManager - Adding key: http://localhost:1461 for channel [id: 0x2c50df9f, L:/127.0.0.1:56854 - R:localhost/127.0.0.1:1461]
16:37:12.501 [Forwarding isElementDisplayed on session ce58549c9b669d391e23640f16662e7f to remote] DEBUG org.asynchttpclient.netty.request.NettyRequestSender - Using pooled Channel '[id: 0x2c50df9f, L:/127.0.0.1:56854 - R:localhost/127.0.0.1:1461]' for 'POST' to 'http://localhost:1461/session/ce58549c9b669d391e23640f16662e7f/execute/sync'
16:37:12.501 [Forwarding isElementDisplayed on session ce58549c9b669d391e23640f16662e7f to remote] DEBUG org.asynchttpclient.netty.request.NettyRequestSender - Using open Channel [id: 0x2c50df9f, L:/127.0.0.1:56854 - R:localhost/127.0.0.1:1461] for POST '/session/ce58549c9b669d391e23640f16662e7f/execute/sync'
16:37:12.514 [AsyncHttpClient-1-5] DEBUG org.asynchttpclient.netty.handler.HttpHandler - 

Request DefaultHttpRequest(decodeResult: success, version: HTTP/1.1)
POST /session/ce58549c9b669d391e23640f16662e7f/execute/sync HTTP/1.1
User-Agent: selenium/4.12.1 (java windows)
Content-Length: 48734
Content-Type: application/json; charset=utf-8
host: localhost:1461
accept: */*

Response DefaultHttpResponse(decodeResult: success, version: HTTP/1.1)
HTTP/1.1 200 OK
Content-Length: 14
Content-Type: application/json; charset=utf-8
cache-control: no-cache

16:37:12.514 [AsyncHttpClient-1-5] DEBUG org.asynchttpclient.netty.channel.ChannelManager - Adding key: http://localhost:1461 for channel [id: 0x2c50df9f, L:/127.0.0.1:56854 - R:localhost/127.0.0.1:1461]
16:37:12.515 [Forwarding findElement on session ce58549c9b669d391e23640f16662e7f to remote] DEBUG org.asynchttpclient.netty.request.NettyRequestSender - Using pooled Channel '[id: 0x2c50df9f, L:/127.0.0.1:56854 - R:localhost/127.0.0.1:1461]' for 'POST' to 'http://localhost:1461/session/ce58549c9b669d391e23640f16662e7f/element'
16:37:12.515 [Forwarding findElement on session ce58549c9b669d391e23640f16662e7f to remote] DEBUG org.asynchttpclient.netty.request.NettyRequestSender - Using open Channel [id: 0x2c50df9f, L:/127.0.0.1:56854 - R:localhost/127.0.0.1:1461] for POST '/session/ce58549c9b669d391e23640f16662e7f/element'
16:37:12.525 [AsyncHttpClient-1-5] DEBUG org.asynchttpclient.netty.handler.HttpHandler - 

Request DefaultHttpRequest(decodeResult: success, version: HTTP/1.1)
POST /session/ce58549c9b669d391e23640f16662e7f/element HTTP/1.1
User-Agent: selenium/4.12.1 (java windows)
Content-Length: 142
Content-Type: application/json; charset=utf-8
host: localhost:1461
accept: */*

Response DefaultHttpResponse(decodeResult: success, version: HTTP/1.1)
HTTP/1.1 200 OK
Content-Length: 126
Content-Type: application/json; charset=utf-8
cache-control: no-cache

16:37:12.525 [AsyncHttpClient-1-5] DEBUG org.asynchttpclient.netty.channel.ChannelManager - Adding key: http://localhost:1461 for channel [id: 0x2c50df9f, L:/127.0.0.1:56854 - R:localhost/127.0.0.1:1461]
16:37:12.526 [Forwarding clickElement on session ce58549c9b669d391e23640f16662e7f to remote] DEBUG org.asynchttpclient.netty.request.NettyRequestSender - Using pooled Channel '[id: 0x2c50df9f, L:/127.0.0.1:56854 - R:localhost/127.0.0.1:1461]' for 'POST' to 'http://localhost:1461/session/ce58549c9b669d391e23640f16662e7f/element/f.06EF3401E30AE3EE31C7C1ABA64024F7.d.25E199E54E50D9516023B87E2077D351.e.90/click'
16:37:12.526 [Forwarding clickElement on session ce58549c9b669d391e23640f16662e7f to remote] DEBUG org.asynchttpclient.netty.request.NettyRequestSender - Using open Channel [id: 0x2c50df9f, L:/127.0.0.1:56854 - R:localhost/127.0.0.1:1461] for POST '/session/ce58549c9b669d391e23640f16662e7f/element/f.06EF3401E30AE3EE31C7C1ABA64024F7.d.25E199E54E50D9516023B87E2077D351.e.90/click'
16:37:12.647 [AsyncHttpClient-1-5] DEBUG org.asynchttpclient.netty.handler.HttpHandler - 

Request DefaultHttpRequest(decodeResult: success, version: HTTP/1.1)
POST /session/ce58549c9b669d391e23640f16662e7f/element/f.06EF3401E30AE3EE31C7C1ABA64024F7.d.25E199E54E50D9516023B87E2077D351.e.90/click HTTP/1.1
User-Agent: selenium/4.12.1 (java windows)
Content-Length: 88
Content-Type: application/json; charset=utf-8
host: localhost:1461
accept: */*

Response DefaultHttpResponse(decodeResult: success, version: HTTP/1.1)
HTTP/1.1 200 OK
Content-Length: 14
Content-Type: application/json; charset=utf-8
cache-control: no-cache

16:37:12.647 [AsyncHttpClient-1-5] DEBUG org.asynchttpclient.netty.channel.ChannelManager - Adding key: http://localhost:1461 for channel [id: 0x2c50df9f, L:/127.0.0.1:56854 - R:localhost/127.0.0.1:1461]
16:37:12.648 [Forwarding findElement on session ce58549c9b669d391e23640f16662e7f to remote] DEBUG org.asynchttpclient.netty.request.NettyRequestSender - Using pooled Channel '[id: 0x2c50df9f, L:/127.0.0.1:56854 - R:localhost/127.0.0.1:1461]' for 'POST' to 'http://localhost:1461/session/ce58549c9b669d391e23640f16662e7f/element'
16:37:12.648 [Forwarding findElement on session ce58549c9b669d391e23640f16662e7f to remote] DEBUG org.asynchttpclient.netty.request.NettyRequestSender - Using open Channel [id: 0x2c50df9f, L:/127.0.0.1:56854 - R:localhost/127.0.0.1:1461] for POST '/session/ce58549c9b669d391e23640f16662e7f/element'
16:37:12.658 [AsyncHttpClient-1-5] DEBUG org.asynchttpclient.netty.handler.HttpHandler - 

Request DefaultHttpRequest(decodeResult: success, version: HTTP/1.1)
POST /session/ce58549c9b669d391e23640f16662e7f/element HTTP/1.1
User-Agent: selenium/4.12.1 (java windows)
Content-Length: 61
Content-Type: application/json; charset=utf-8
host: localhost:1461
accept: */*

Response DefaultHttpResponse(decodeResult: success, version: HTTP/1.1)
HTTP/1.1 200 OK
Content-Length: 126
Content-Type: application/json; charset=utf-8
cache-control: no-cache

16:37:12.658 [AsyncHttpClient-1-5] DEBUG org.asynchttpclient.netty.channel.ChannelManager - Adding key: http://localhost:1461 for channel [id: 0x2c50df9f, L:/127.0.0.1:56854 - R:localhost/127.0.0.1:1461]
16:37:12.663 [Forwarding getElementAttribute on session ce58549c9b669d391e23640f16662e7f to remote] DEBUG org.asynchttpclient.netty.request.NettyRequestSender - Using pooled Channel '[id: 0x2c50df9f, L:/127.0.0.1:56854 - R:localhost/127.0.0.1:1461]' for 'POST' to 'http://localhost:1461/session/ce58549c9b669d391e23640f16662e7f/execute/sync'
16:37:12.663 [Forwarding getElementAttribute on session ce58549c9b669d391e23640f16662e7f to remote] DEBUG org.asynchttpclient.netty.request.NettyRequestSender - Using open Channel [id: 0x2c50df9f, L:/127.0.0.1:56854 - R:localhost/127.0.0.1:1461] for POST '/session/ce58549c9b669d391e23640f16662e7f/execute/sync'
16:37:12.674 [AsyncHttpClient-1-5] DEBUG org.asynchttpclient.netty.handler.HttpHandler - 

Request DefaultHttpRequest(decodeResult: success, version: HTTP/1.1)
POST /session/ce58549c9b669d391e23640f16662e7f/execute/sync HTTP/1.1
User-Agent: selenium/4.12.1 (java windows)
Content-Length: 47295
Content-Type: application/json; charset=utf-8
host: localhost:1461
accept: */*

Response DefaultHttpResponse(decodeResult: success, version: HTTP/1.1)
HTTP/1.1 200 OK
Content-Length: 16
Content-Type: application/json; charset=utf-8
cache-control: no-cache

16:37:12.674 [AsyncHttpClient-1-5] DEBUG org.asynchttpclient.netty.channel.ChannelManager - Adding key: http://localhost:1461 for channel [id: 0x2c50df9f, L:/127.0.0.1:56854 - R:localhost/127.0.0.1:1461]
16:37:12.725 [Forwarding findElement on session ce58549c9b669d391e23640f16662e7f to remote] DEBUG org.asynchttpclient.netty.request.NettyRequestSender - Using pooled Channel '[id: 0x2c50df9f, L:/127.0.0.1:56854 - R:localhost/127.0.0.1:1461]' for 'POST' to 'http://localhost:1461/session/ce58549c9b669d391e23640f16662e7f/element'
16:37:12.725 [Forwarding findElement on session ce58549c9b669d391e23640f16662e7f to remote] DEBUG org.asynchttpclient.netty.request.NettyRequestSender - Using open Channel [id: 0x2c50df9f, L:/127.0.0.1:56854 - R:localhost/127.0.0.1:1461] for POST '/session/ce58549c9b669d391e23640f16662e7f/element'
16:37:12.739 [AsyncHttpClient-1-5] DEBUG org.asynchttpclient.netty.handler.HttpHandler - 

Request DefaultHttpRequest(decodeResult: success, version: HTTP/1.1)
POST /session/ce58549c9b669d391e23640f16662e7f/element HTTP/1.1
User-Agent: selenium/4.12.1 (java windows)
Content-Length: 62
Content-Type: application/json; charset=utf-8
host: localhost:1461
accept: */*

Response DefaultHttpResponse(decodeResult: success, version: HTTP/1.1)
HTTP/1.1 200 OK
Content-Length: 126
Content-Type: application/json; charset=utf-8
cache-control: no-cache

16:37:12.740 [AsyncHttpClient-1-5] DEBUG org.asynchttpclient.netty.channel.ChannelManager - Adding key: http://localhost:1461 for channel [id: 0x2c50df9f, L:/127.0.0.1:56854 - R:localhost/127.0.0.1:1461]
16:37:12.742 [Forwarding isElementDisplayed on session ce58549c9b669d391e23640f16662e7f to remote] DEBUG org.asynchttpclient.netty.request.NettyRequestSender - Using pooled Channel '[id: 0x2c50df9f, L:/127.0.0.1:56854 - R:localhost/127.0.0.1:1461]' for 'POST' to 'http://localhost:1461/session/ce58549c9b669d391e23640f16662e7f/execute/sync'
16:37:12.742 [Forwarding isElementDisplayed on session ce58549c9b669d391e23640f16662e7f to remote] DEBUG org.asynchttpclient.netty.request.NettyRequestSender - Using open Channel [id: 0x2c50df9f, L:/127.0.0.1:56854 - R:localhost/127.0.0.1:1461] for POST '/session/ce58549c9b669d391e23640f16662e7f/execute/sync'
16:37:12.755 [AsyncHttpClient-1-5] DEBUG org.asynchttpclient.netty.handler.HttpHandler - 

Request DefaultHttpRequest(decodeResult: success, version: HTTP/1.1)
POST /session/ce58549c9b669d391e23640f16662e7f/execute/sync HTTP/1.1
User-Agent: selenium/4.12.1 (java windows)
Content-Length: 48734
Content-Type: application/json; charset=utf-8
host: localhost:1461
accept: */*

Response DefaultHttpResponse(decodeResult: success, version: HTTP/1.1)
HTTP/1.1 200 OK
Content-Length: 14
Content-Type: application/json; charset=utf-8
cache-control: no-cache

16:37:12.755 [AsyncHttpClient-1-5] DEBUG org.asynchttpclient.netty.channel.ChannelManager - Adding key: http://localhost:1461 for channel [id: 0x2c50df9f, L:/127.0.0.1:56854 - R:localhost/127.0.0.1:1461]
16:37:12.756 [Forwarding findElement on session ce58549c9b669d391e23640f16662e7f to remote] DEBUG org.asynchttpclient.netty.request.NettyRequestSender - Using pooled Channel '[id: 0x2c50df9f, L:/127.0.0.1:56854 - R:localhost/127.0.0.1:1461]' for 'POST' to 'http://localhost:1461/session/ce58549c9b669d391e23640f16662e7f/element'
16:37:12.756 [Forwarding findElement on session ce58549c9b669d391e23640f16662e7f to remote] DEBUG org.asynchttpclient.netty.request.NettyRequestSender - Using open Channel [id: 0x2c50df9f, L:/127.0.0.1:56854 - R:localhost/127.0.0.1:1461] for POST '/session/ce58549c9b669d391e23640f16662e7f/element'
16:37:12.765 [AsyncHttpClient-1-5] DEBUG org.asynchttpclient.netty.handler.HttpHandler - 

Request DefaultHttpRequest(decodeResult: success, version: HTTP/1.1)
POST /session/ce58549c9b669d391e23640f16662e7f/element HTTP/1.1
User-Agent: selenium/4.12.1 (java windows)
Content-Length: 62
Content-Type: application/json; charset=utf-8
host: localhost:1461
accept: */*

Response DefaultHttpResponse(decodeResult: success, version: HTTP/1.1)
HTTP/1.1 200 OK
Content-Length: 126
Content-Type: application/json; charset=utf-8
cache-control: no-cache

16:37:12.766 [AsyncHttpClient-1-5] DEBUG org.asynchttpclient.netty.channel.ChannelManager - Adding key: http://localhost:1461 for channel [id: 0x2c50df9f, L:/127.0.0.1:56854 - R:localhost/127.0.0.1:1461]
16:37:12.767 [Forwarding clickElement on session ce58549c9b669d391e23640f16662e7f to remote] DEBUG org.asynchttpclient.netty.request.NettyRequestSender - Using pooled Channel '[id: 0x2c50df9f, L:/127.0.0.1:56854 - R:localhost/127.0.0.1:1461]' for 'POST' to 'http://localhost:1461/session/ce58549c9b669d391e23640f16662e7f/element/f.06EF3401E30AE3EE31C7C1ABA64024F7.d.25E199E54E50D9516023B87E2077D351.e.21/click'
16:37:12.767 [Forwarding clickElement on session ce58549c9b669d391e23640f16662e7f to remote] DEBUG org.asynchttpclient.netty.request.NettyRequestSender - Using open Channel [id: 0x2c50df9f, L:/127.0.0.1:56854 - R:localhost/127.0.0.1:1461] for POST '/session/ce58549c9b669d391e23640f16662e7f/element/f.06EF3401E30AE3EE31C7C1ABA64024F7.d.25E199E54E50D9516023B87E2077D351.e.21/click'
16:37:12.833 [AsyncHttpClient-1-5] DEBUG org.asynchttpclient.netty.handler.HttpHandler - 

Request DefaultHttpRequest(decodeResult: success, version: HTTP/1.1)
POST /session/ce58549c9b669d391e23640f16662e7f/element/f.06EF3401E30AE3EE31C7C1ABA64024F7.d.25E199E54E50D9516023B87E2077D351.e.21/click HTTP/1.1
User-Agent: selenium/4.12.1 (java windows)
Content-Length: 88
Content-Type: application/json; charset=utf-8
host: localhost:1461
accept: */*

Response DefaultHttpResponse(decodeResult: success, version: HTTP/1.1)
HTTP/1.1 200 OK
Content-Length: 14
Content-Type: application/json; charset=utf-8
cache-control: no-cache

16:37:12.833 [AsyncHttpClient-1-5] DEBUG org.asynchttpclient.netty.channel.ChannelManager - Adding key: http://localhost:1461 for channel [id: 0x2c50df9f, L:/127.0.0.1:56854 - R:localhost/127.0.0.1:1461]
16:37:12.835 [Forwarding findElement on session ce58549c9b669d391e23640f16662e7f to remote] DEBUG org.asynchttpclient.netty.request.NettyRequestSender - Using pooled Channel '[id: 0x2c50df9f, L:/127.0.0.1:56854 - R:localhost/127.0.0.1:1461]' for 'POST' to 'http://localhost:1461/session/ce58549c9b669d391e23640f16662e7f/element'
16:37:12.835 [Forwarding findElement on session ce58549c9b669d391e23640f16662e7f to remote] DEBUG org.asynchttpclient.netty.request.NettyRequestSender - Using open Channel [id: 0x2c50df9f, L:/127.0.0.1:56854 - R:localhost/127.0.0.1:1461] for POST '/session/ce58549c9b669d391e23640f16662e7f/element'
16:37:12.845 [AsyncHttpClient-1-5] DEBUG org.asynchttpclient.netty.handler.HttpHandler - 

Request DefaultHttpRequest(decodeResult: success, version: HTTP/1.1)
POST /session/ce58549c9b669d391e23640f16662e7f/element HTTP/1.1
User-Agent: selenium/4.12.1 (java windows)
Content-Length: 62
Content-Type: application/json; charset=utf-8
host: localhost:1461
accept: */*

Response DefaultHttpResponse(decodeResult: success, version: HTTP/1.1)
HTTP/1.1 200 OK
Content-Length: 126
Content-Type: application/json; charset=utf-8
cache-control: no-cache

16:37:12.845 [AsyncHttpClient-1-5] DEBUG org.asynchttpclient.netty.channel.ChannelManager - Adding key: http://localhost:1461 for channel [id: 0x2c50df9f, L:/127.0.0.1:56854 - R:localhost/127.0.0.1:1461]
16:37:12.847 [Forwarding sendKeysToElement on session ce58549c9b669d391e23640f16662e7f to remote] DEBUG org.asynchttpclient.netty.request.NettyRequestSender - Using pooled Channel '[id: 0x2c50df9f, L:/127.0.0.1:56854 - R:localhost/127.0.0.1:1461]' for 'POST' to 'http://localhost:1461/session/ce58549c9b669d391e23640f16662e7f/element/f.06EF3401E30AE3EE31C7C1ABA64024F7.d.25E199E54E50D9516023B87E2077D351.e.21/value'
16:37:12.847 [Forwarding sendKeysToElement on session ce58549c9b669d391e23640f16662e7f to remote] DEBUG org.asynchttpclient.netty.request.NettyRequestSender - Using open Channel [id: 0x2c50df9f, L:/127.0.0.1:56854 - R:localhost/127.0.0.1:1461] for POST '/session/ce58549c9b669d391e23640f16662e7f/element/f.06EF3401E30AE3EE31C7C1ABA64024F7.d.25E199E54E50D9516023B87E2077D351.e.21/value'
16:37:12.928 [AsyncHttpClient-1-5] DEBUG org.asynchttpclient.netty.handler.HttpHandler - 

Request DefaultHttpRequest(decodeResult: success, version: HTTP/1.1)
POST /session/ce58549c9b669d391e23640f16662e7f/element/f.06EF3401E30AE3EE31C7C1ABA64024F7.d.25E199E54E50D9516023B87E2077D351.e.21/value HTTP/1.1
User-Agent: selenium/4.12.1 (java windows)
Content-Length: 143
Content-Type: application/json; charset=utf-8
host: localhost:1461
accept: */*

Response DefaultHttpResponse(decodeResult: success, version: HTTP/1.1)
HTTP/1.1 200 OK
Content-Length: 14
Content-Type: application/json; charset=utf-8
cache-control: no-cache

16:37:12.928 [AsyncHttpClient-1-5] DEBUG org.asynchttpclient.netty.channel.ChannelManager - Adding key: http://localhost:1461 for channel [id: 0x2c50df9f, L:/127.0.0.1:56854 - R:localhost/127.0.0.1:1461]
16:37:12.930 [Forwarding findElement on session ce58549c9b669d391e23640f16662e7f to remote] DEBUG org.asynchttpclient.netty.request.NettyRequestSender - Using pooled Channel '[id: 0x2c50df9f, L:/127.0.0.1:56854 - R:localhost/127.0.0.1:1461]' for 'POST' to 'http://localhost:1461/session/ce58549c9b669d391e23640f16662e7f/element'
16:37:12.930 [Forwarding findElement on session ce58549c9b669d391e23640f16662e7f to remote] DEBUG org.asynchttpclient.netty.request.NettyRequestSender - Using open Channel [id: 0x2c50df9f, L:/127.0.0.1:56854 - R:localhost/127.0.0.1:1461] for POST '/session/ce58549c9b669d391e23640f16662e7f/element'
16:37:12.939 [AsyncHttpClient-1-5] DEBUG org.asynchttpclient.netty.handler.HttpHandler - 

Request DefaultHttpRequest(decodeResult: success, version: HTTP/1.1)
POST /session/ce58549c9b669d391e23640f16662e7f/element HTTP/1.1
User-Agent: selenium/4.12.1 (java windows)
Content-Length: 62
Content-Type: application/json; charset=utf-8
host: localhost:1461
accept: */*

Response DefaultHttpResponse(decodeResult: success, version: HTTP/1.1)
HTTP/1.1 200 OK
Content-Length: 126
Content-Type: application/json; charset=utf-8
cache-control: no-cache

16:37:12.939 [AsyncHttpClient-1-5] DEBUG org.asynchttpclient.netty.channel.ChannelManager - Adding key: http://localhost:1461 for channel [id: 0x2c50df9f, L:/127.0.0.1:56854 - R:localhost/127.0.0.1:1461]
16:37:12.941 [Forwarding sendKeysToElement on session ce58549c9b669d391e23640f16662e7f to remote] DEBUG org.asynchttpclient.netty.request.NettyRequestSender - Using pooled Channel '[id: 0x2c50df9f, L:/127.0.0.1:56854 - R:localhost/127.0.0.1:1461]' for 'POST' to 'http://localhost:1461/session/ce58549c9b669d391e23640f16662e7f/element/f.06EF3401E30AE3EE31C7C1ABA64024F7.d.25E199E54E50D9516023B87E2077D351.e.21/value'
16:37:12.941 [Forwarding sendKeysToElement on session ce58549c9b669d391e23640f16662e7f to remote] DEBUG org.asynchttpclient.netty.request.NettyRequestSender - Using open Channel [id: 0x2c50df9f, L:/127.0.0.1:56854 - R:localhost/127.0.0.1:1461] for POST '/session/ce58549c9b669d391e23640f16662e7f/element/f.06EF3401E30AE3EE31C7C1ABA64024F7.d.25E199E54E50D9516023B87E2077D351.e.21/value'
16:37:13.051 [AsyncHttpClient-1-5] DEBUG org.asynchttpclient.netty.handler.HttpHandler - 

Request DefaultHttpRequest(decodeResult: success, version: HTTP/1.1)
POST /session/ce58549c9b669d391e23640f16662e7f/element/f.06EF3401E30AE3EE31C7C1ABA64024F7.d.25E199E54E50D9516023B87E2077D351.e.21/value HTTP/1.1
User-Agent: selenium/4.12.1 (java windows)
Content-Length: 133
Content-Type: application/json; charset=utf-8
host: localhost:1461
accept: */*

Response DefaultHttpResponse(decodeResult: success, version: HTTP/1.1)
HTTP/1.1 200 OK
Content-Length: 14
Content-Type: application/json; charset=utf-8
cache-control: no-cache

16:37:13.051 [AsyncHttpClient-1-5] DEBUG org.asynchttpclient.netty.channel.ChannelManager - Adding key: http://localhost:1461 for channel [id: 0x2c50df9f, L:/127.0.0.1:56854 - R:localhost/127.0.0.1:1461]
16:37:13.052 [Forwarding findElement on session ce58549c9b669d391e23640f16662e7f to remote] DEBUG org.asynchttpclient.netty.request.NettyRequestSender - Using pooled Channel '[id: 0x2c50df9f, L:/127.0.0.1:56854 - R:localhost/127.0.0.1:1461]' for 'POST' to 'http://localhost:1461/session/ce58549c9b669d391e23640f16662e7f/element'
16:37:13.052 [Forwarding findElement on session ce58549c9b669d391e23640f16662e7f to remote] DEBUG org.asynchttpclient.netty.request.NettyRequestSender - Using open Channel [id: 0x2c50df9f, L:/127.0.0.1:56854 - R:localhost/127.0.0.1:1461] for POST '/session/ce58549c9b669d391e23640f16662e7f/element'
16:37:13.061 [AsyncHttpClient-1-5] DEBUG org.asynchttpclient.netty.handler.HttpHandler - 

Request DefaultHttpRequest(decodeResult: success, version: HTTP/1.1)
POST /session/ce58549c9b669d391e23640f16662e7f/element HTTP/1.1
User-Agent: selenium/4.12.1 (java windows)
Content-Length: 62
Content-Type: application/json; charset=utf-8
host: localhost:1461
accept: */*

Response DefaultHttpResponse(decodeResult: success, version: HTTP/1.1)
HTTP/1.1 200 OK
Content-Length: 126
Content-Type: application/json; charset=utf-8
cache-control: no-cache

16:37:13.061 [AsyncHttpClient-1-5] DEBUG org.asynchttpclient.netty.channel.ChannelManager - Adding key: http://localhost:1461 for channel [id: 0x2c50df9f, L:/127.0.0.1:56854 - R:localhost/127.0.0.1:1461]
16:37:13.062 [Forwarding clickElement on session ce58549c9b669d391e23640f16662e7f to remote] DEBUG org.asynchttpclient.netty.request.NettyRequestSender - Using pooled Channel '[id: 0x2c50df9f, L:/127.0.0.1:56854 - R:localhost/127.0.0.1:1461]' for 'POST' to 'http://localhost:1461/session/ce58549c9b669d391e23640f16662e7f/element/f.06EF3401E30AE3EE31C7C1ABA64024F7.d.25E199E54E50D9516023B87E2077D351.e.21/click'
16:37:13.062 [Forwarding clickElement on session ce58549c9b669d391e23640f16662e7f to remote] DEBUG org.asynchttpclient.netty.request.NettyRequestSender - Using open Channel [id: 0x2c50df9f, L:/127.0.0.1:56854 - R:localhost/127.0.0.1:1461] for POST '/session/ce58549c9b669d391e23640f16662e7f/element/f.06EF3401E30AE3EE31C7C1ABA64024F7.d.25E199E54E50D9516023B87E2077D351.e.21/click'
16:37:13.111 [AsyncHttpClient-1-5] DEBUG org.asynchttpclient.netty.handler.HttpHandler - 

Request DefaultHttpRequest(decodeResult: success, version: HTTP/1.1)
POST /session/ce58549c9b669d391e23640f16662e7f/element/f.06EF3401E30AE3EE31C7C1ABA64024F7.d.25E199E54E50D9516023B87E2077D351.e.21/click HTTP/1.1
User-Agent: selenium/4.12.1 (java windows)
Content-Length: 88
Content-Type: application/json; charset=utf-8
host: localhost:1461
accept: */*

Response DefaultHttpResponse(decodeResult: success, version: HTTP/1.1)
HTTP/1.1 200 OK
Content-Length: 14
Content-Type: application/json; charset=utf-8
cache-control: no-cache

16:37:13.111 [AsyncHttpClient-1-5] DEBUG org.asynchttpclient.netty.channel.ChannelManager - Adding key: http://localhost:1461 for channel [id: 0x2c50df9f, L:/127.0.0.1:56854 - R:localhost/127.0.0.1:1461]
16:37:13.112 [Forwarding findElement on session ce58549c9b669d391e23640f16662e7f to remote] DEBUG org.asynchttpclient.netty.request.NettyRequestSender - Using pooled Channel '[id: 0x2c50df9f, L:/127.0.0.1:56854 - R:localhost/127.0.0.1:1461]' for 'POST' to 'http://localhost:1461/session/ce58549c9b669d391e23640f16662e7f/element'
16:37:13.112 [Forwarding findElement on session ce58549c9b669d391e23640f16662e7f to remote] DEBUG org.asynchttpclient.netty.request.NettyRequestSender - Using open Channel [id: 0x2c50df9f, L:/127.0.0.1:56854 - R:localhost/127.0.0.1:1461] for POST '/session/ce58549c9b669d391e23640f16662e7f/element'
16:37:13.122 [AsyncHttpClient-1-5] DEBUG org.asynchttpclient.netty.handler.HttpHandler - 

Request DefaultHttpRequest(decodeResult: success, version: HTTP/1.1)
POST /session/ce58549c9b669d391e23640f16662e7f/element HTTP/1.1
User-Agent: selenium/4.12.1 (java windows)
Content-Length: 62
Content-Type: application/json; charset=utf-8
host: localhost:1461
accept: */*

Response DefaultHttpResponse(decodeResult: success, version: HTTP/1.1)
HTTP/1.1 200 OK
Content-Length: 126
Content-Type: application/json; charset=utf-8
cache-control: no-cache

16:37:13.122 [AsyncHttpClient-1-5] DEBUG org.asynchttpclient.netty.channel.ChannelManager - Adding key: http://localhost:1461 for channel [id: 0x2c50df9f, L:/127.0.0.1:56854 - R:localhost/127.0.0.1:1461]
16:37:13.123 [Forwarding sendKeysToElement on session ce58549c9b669d391e23640f16662e7f to remote] DEBUG org.asynchttpclient.netty.request.NettyRequestSender - Using pooled Channel '[id: 0x2c50df9f, L:/127.0.0.1:56854 - R:localhost/127.0.0.1:1461]' for 'POST' to 'http://localhost:1461/session/ce58549c9b669d391e23640f16662e7f/element/f.06EF3401E30AE3EE31C7C1ABA64024F7.d.25E199E54E50D9516023B87E2077D351.e.21/value'
16:37:13.123 [Forwarding sendKeysToElement on session ce58549c9b669d391e23640f16662e7f to remote] DEBUG org.asynchttpclient.netty.request.NettyRequestSender - Using open Channel [id: 0x2c50df9f, L:/127.0.0.1:56854 - R:localhost/127.0.0.1:1461] for POST '/session/ce58549c9b669d391e23640f16662e7f/element/f.06EF3401E30AE3EE31C7C1ABA64024F7.d.25E199E54E50D9516023B87E2077D351.e.21/value'
16:37:13.477 [AsyncHttpClient-1-5] DEBUG org.asynchttpclient.netty.handler.HttpHandler - 

Request DefaultHttpRequest(decodeResult: success, version: HTTP/1.1)
POST /session/ce58549c9b669d391e23640f16662e7f/element/f.06EF3401E30AE3EE31C7C1ABA64024F7.d.25E199E54E50D9516023B87E2077D351.e.21/value HTTP/1.1
User-Agent: selenium/4.12.1 (java windows)
Content-Length: 179
Content-Type: application/json; charset=utf-8
host: localhost:1461
accept: */*

Response DefaultHttpResponse(decodeResult: success, version: HTTP/1.1)
HTTP/1.1 200 OK
Content-Length: 14
Content-Type: application/json; charset=utf-8
cache-control: no-cache

16:37:13.477 [AsyncHttpClient-1-5] DEBUG org.asynchttpclient.netty.channel.ChannelManager - Adding key: http://localhost:1461 for channel [id: 0x2c50df9f, L:/127.0.0.1:56854 - R:localhost/127.0.0.1:1461]
16:37:13.478 [Forwarding findElement on session ce58549c9b669d391e23640f16662e7f to remote] DEBUG org.asynchttpclient.netty.request.NettyRequestSender - Using pooled Channel '[id: 0x2c50df9f, L:/127.0.0.1:56854 - R:localhost/127.0.0.1:1461]' for 'POST' to 'http://localhost:1461/session/ce58549c9b669d391e23640f16662e7f/element'
16:37:13.478 [Forwarding findElement on session ce58549c9b669d391e23640f16662e7f to remote] DEBUG org.asynchttpclient.netty.request.NettyRequestSender - Using open Channel [id: 0x2c50df9f, L:/127.0.0.1:56854 - R:localhost/127.0.0.1:1461] for POST '/session/ce58549c9b669d391e23640f16662e7f/element'
16:37:13.490 [AsyncHttpClient-1-5] DEBUG org.asynchttpclient.netty.handler.HttpHandler - 

Request DefaultHttpRequest(decodeResult: success, version: HTTP/1.1)
POST /session/ce58549c9b669d391e23640f16662e7f/element HTTP/1.1
User-Agent: selenium/4.12.1 (java windows)
Content-Length: 142
Content-Type: application/json; charset=utf-8
host: localhost:1461
accept: */*

Response DefaultHttpResponse(decodeResult: success, version: HTTP/1.1)
HTTP/1.1 200 OK
Content-Length: 126
Content-Type: application/json; charset=utf-8
cache-control: no-cache

16:37:13.490 [AsyncHttpClient-1-5] DEBUG org.asynchttpclient.netty.channel.ChannelManager - Adding key: http://localhost:1461 for channel [id: 0x2c50df9f, L:/127.0.0.1:56854 - R:localhost/127.0.0.1:1461]
16:37:13.491 [Forwarding clickElement on session ce58549c9b669d391e23640f16662e7f to remote] DEBUG org.asynchttpclient.netty.request.NettyRequestSender - Using pooled Channel '[id: 0x2c50df9f, L:/127.0.0.1:56854 - R:localhost/127.0.0.1:1461]' for 'POST' to 'http://localhost:1461/session/ce58549c9b669d391e23640f16662e7f/element/f.06EF3401E30AE3EE31C7C1ABA64024F7.d.25E199E54E50D9516023B87E2077D351.e.90/click'
16:37:13.491 [Forwarding clickElement on session ce58549c9b669d391e23640f16662e7f to remote] DEBUG org.asynchttpclient.netty.request.NettyRequestSender - Using open Channel [id: 0x2c50df9f, L:/127.0.0.1:56854 - R:localhost/127.0.0.1:1461] for POST '/session/ce58549c9b669d391e23640f16662e7f/element/f.06EF3401E30AE3EE31C7C1ABA64024F7.d.25E199E54E50D9516023B87E2077D351.e.90/click'
16:37:13.606 [AsyncHttpClient-1-5] DEBUG org.asynchttpclient.netty.handler.HttpHandler - 

Request DefaultHttpRequest(decodeResult: success, version: HTTP/1.1)
POST /session/ce58549c9b669d391e23640f16662e7f/element/f.06EF3401E30AE3EE31C7C1ABA64024F7.d.25E199E54E50D9516023B87E2077D351.e.90/click HTTP/1.1
User-Agent: selenium/4.12.1 (java windows)
Content-Length: 88
Content-Type: application/json; charset=utf-8
host: localhost:1461
accept: */*

Response DefaultHttpResponse(decodeResult: success, version: HTTP/1.1)
HTTP/1.1 200 OK
Content-Length: 14
Content-Type: application/json; charset=utf-8
cache-control: no-cache

16:37:13.606 [AsyncHttpClient-1-5] DEBUG org.asynchttpclient.netty.channel.ChannelManager - Adding key: http://localhost:1461 for channel [id: 0x2c50df9f, L:/127.0.0.1:56854 - R:localhost/127.0.0.1:1461]
16:37:13.607 [Forwarding findElement on session ce58549c9b669d391e23640f16662e7f to remote] DEBUG org.asynchttpclient.netty.request.NettyRequestSender - Using pooled Channel '[id: 0x2c50df9f, L:/127.0.0.1:56854 - R:localhost/127.0.0.1:1461]' for 'POST' to 'http://localhost:1461/session/ce58549c9b669d391e23640f16662e7f/element'
16:37:13.607 [Forwarding findElement on session ce58549c9b669d391e23640f16662e7f to remote] DEBUG org.asynchttpclient.netty.request.NettyRequestSender - Using open Channel [id: 0x2c50df9f, L:/127.0.0.1:56854 - R:localhost/127.0.0.1:1461] for POST '/session/ce58549c9b669d391e23640f16662e7f/element'
16:37:13.616 [AsyncHttpClient-1-5] DEBUG org.asynchttpclient.netty.handler.HttpHandler - 

Request DefaultHttpRequest(decodeResult: success, version: HTTP/1.1)
POST /session/ce58549c9b669d391e23640f16662e7f/element HTTP/1.1
User-Agent: selenium/4.12.1 (java windows)
Content-Length: 62
Content-Type: application/json; charset=utf-8
host: localhost:1461
accept: */*

Response DefaultHttpResponse(decodeResult: success, version: HTTP/1.1)
HTTP/1.1 200 OK
Content-Length: 126
Content-Type: application/json; charset=utf-8
cache-control: no-cache

16:37:13.617 [AsyncHttpClient-1-5] DEBUG org.asynchttpclient.netty.channel.ChannelManager - Adding key: http://localhost:1461 for channel [id: 0x2c50df9f, L:/127.0.0.1:56854 - R:localhost/127.0.0.1:1461]
16:37:13.619 [Forwarding getElementAttribute on session ce58549c9b669d391e23640f16662e7f to remote] DEBUG org.asynchttpclient.netty.request.NettyRequestSender - Using pooled Channel '[id: 0x2c50df9f, L:/127.0.0.1:56854 - R:localhost/127.0.0.1:1461]' for 'POST' to 'http://localhost:1461/session/ce58549c9b669d391e23640f16662e7f/execute/sync'
16:37:13.619 [Forwarding getElementAttribute on session ce58549c9b669d391e23640f16662e7f to remote] DEBUG org.asynchttpclient.netty.request.NettyRequestSender - Using open Channel [id: 0x2c50df9f, L:/127.0.0.1:56854 - R:localhost/127.0.0.1:1461] for POST '/session/ce58549c9b669d391e23640f16662e7f/execute/sync'
16:37:13.629 [AsyncHttpClient-1-5] DEBUG org.asynchttpclient.netty.handler.HttpHandler - 

Request DefaultHttpRequest(decodeResult: success, version: HTTP/1.1)
POST /session/ce58549c9b669d391e23640f16662e7f/execute/sync HTTP/1.1
User-Agent: selenium/4.12.1 (java windows)
Content-Length: 47295
Content-Type: application/json; charset=utf-8
host: localhost:1461
accept: */*

Response DefaultHttpResponse(decodeResult: success, version: HTTP/1.1)
HTTP/1.1 200 OK
Content-Length: 22
Content-Type: application/json; charset=utf-8
cache-control: no-cache

16:37:13.629 [AsyncHttpClient-1-5] DEBUG org.asynchttpclient.netty.channel.ChannelManager - Adding key: http://localhost:1461 for channel [id: 0x2c50df9f, L:/127.0.0.1:56854 - R:localhost/127.0.0.1:1461]
16:37:13.725 [Forwarding findElement on session ce58549c9b669d391e23640f16662e7f to remote] DEBUG org.asynchttpclient.netty.request.NettyRequestSender - Using pooled Channel '[id: 0x2c50df9f, L:/127.0.0.1:56854 - R:localhost/127.0.0.1:1461]' for 'POST' to 'http://localhost:1461/session/ce58549c9b669d391e23640f16662e7f/element'
16:37:13.725 [Forwarding findElement on session ce58549c9b669d391e23640f16662e7f to remote] DEBUG org.asynchttpclient.netty.request.NettyRequestSender - Using open Channel [id: 0x2c50df9f, L:/127.0.0.1:56854 - R:localhost/127.0.0.1:1461] for POST '/session/ce58549c9b669d391e23640f16662e7f/element'
16:37:13.736 [AsyncHttpClient-1-5] DEBUG org.asynchttpclient.netty.handler.HttpHandler - 

Request DefaultHttpRequest(decodeResult: success, version: HTTP/1.1)
POST /session/ce58549c9b669d391e23640f16662e7f/element HTTP/1.1
User-Agent: selenium/4.12.1 (java windows)
Content-Length: 62
Content-Type: application/json; charset=utf-8
host: localhost:1461
accept: */*

Response DefaultHttpResponse(decodeResult: success, version: HTTP/1.1)
HTTP/1.1 200 OK
Content-Length: 126
Content-Type: application/json; charset=utf-8
cache-control: no-cache

16:37:13.736 [AsyncHttpClient-1-5] DEBUG org.asynchttpclient.netty.channel.ChannelManager - Adding key: http://localhost:1461 for channel [id: 0x2c50df9f, L:/127.0.0.1:56854 - R:localhost/127.0.0.1:1461]
16:37:13.738 [Forwarding isElementDisplayed on session ce58549c9b669d391e23640f16662e7f to remote] DEBUG org.asynchttpclient.netty.request.NettyRequestSender - Using pooled Channel '[id: 0x2c50df9f, L:/127.0.0.1:56854 - R:localhost/127.0.0.1:1461]' for 'POST' to 'http://localhost:1461/session/ce58549c9b669d391e23640f16662e7f/execute/sync'
16:37:13.738 [Forwarding isElementDisplayed on session ce58549c9b669d391e23640f16662e7f to remote] DEBUG org.asynchttpclient.netty.request.NettyRequestSender - Using open Channel [id: 0x2c50df9f, L:/127.0.0.1:56854 - R:localhost/127.0.0.1:1461] for POST '/session/ce58549c9b669d391e23640f16662e7f/execute/sync'
16:37:13.752 [AsyncHttpClient-1-5] DEBUG org.asynchttpclient.netty.handler.HttpHandler - 

Request DefaultHttpRequest(decodeResult: success, version: HTTP/1.1)
POST /session/ce58549c9b669d391e23640f16662e7f/execute/sync HTTP/1.1
User-Agent: selenium/4.12.1 (java windows)
Content-Length: 48734
Content-Type: application/json; charset=utf-8
host: localhost:1461
accept: */*

Response DefaultHttpResponse(decodeResult: success, version: HTTP/1.1)
HTTP/1.1 200 OK
Content-Length: 14
Content-Type: application/json; charset=utf-8
cache-control: no-cache

16:37:13.752 [AsyncHttpClient-1-5] DEBUG org.asynchttpclient.netty.channel.ChannelManager - Adding key: http://localhost:1461 for channel [id: 0x2c50df9f, L:/127.0.0.1:56854 - R:localhost/127.0.0.1:1461]
16:37:13.753 [Forwarding findElement on session ce58549c9b669d391e23640f16662e7f to remote] DEBUG org.asynchttpclient.netty.request.NettyRequestSender - Using pooled Channel '[id: 0x2c50df9f, L:/127.0.0.1:56854 - R:localhost/127.0.0.1:1461]' for 'POST' to 'http://localhost:1461/session/ce58549c9b669d391e23640f16662e7f/element'
16:37:13.753 [Forwarding findElement on session ce58549c9b669d391e23640f16662e7f to remote] DEBUG org.asynchttpclient.netty.request.NettyRequestSender - Using open Channel [id: 0x2c50df9f, L:/127.0.0.1:56854 - R:localhost/127.0.0.1:1461] for POST '/session/ce58549c9b669d391e23640f16662e7f/element'
16:37:13.764 [AsyncHttpClient-1-5] DEBUG org.asynchttpclient.netty.handler.HttpHandler - 

Request DefaultHttpRequest(decodeResult: success, version: HTTP/1.1)
POST /session/ce58549c9b669d391e23640f16662e7f/element HTTP/1.1
User-Agent: selenium/4.12.1 (java windows)
Content-Length: 62
Content-Type: application/json; charset=utf-8
host: localhost:1461
accept: */*

Response DefaultHttpResponse(decodeResult: success, version: HTTP/1.1)
HTTP/1.1 200 OK
Content-Length: 126
Content-Type: application/json; charset=utf-8
cache-control: no-cache

16:37:13.764 [AsyncHttpClient-1-5] DEBUG org.asynchttpclient.netty.channel.ChannelManager - Adding key: http://localhost:1461 for channel [id: 0x2c50df9f, L:/127.0.0.1:56854 - R:localhost/127.0.0.1:1461]
16:37:13.765 [Forwarding clickElement on session ce58549c9b669d391e23640f16662e7f to remote] DEBUG org.asynchttpclient.netty.request.NettyRequestSender - Using pooled Channel '[id: 0x2c50df9f, L:/127.0.0.1:56854 - R:localhost/127.0.0.1:1461]' for 'POST' to 'http://localhost:1461/session/ce58549c9b669d391e23640f16662e7f/element/f.06EF3401E30AE3EE31C7C1ABA64024F7.d.25E199E54E50D9516023B87E2077D351.e.21/click'
16:37:13.765 [Forwarding clickElement on session ce58549c9b669d391e23640f16662e7f to remote] DEBUG org.asynchttpclient.netty.request.NettyRequestSender - Using open Channel [id: 0x2c50df9f, L:/127.0.0.1:56854 - R:localhost/127.0.0.1:1461] for POST '/session/ce58549c9b669d391e23640f16662e7f/element/f.06EF3401E30AE3EE31C7C1ABA64024F7.d.25E199E54E50D9516023B87E2077D351.e.21/click'
16:37:13.917 [AsyncHttpClient-1-5] DEBUG org.asynchttpclient.netty.handler.HttpHandler - 

Request DefaultHttpRequest(decodeResult: success, version: HTTP/1.1)
POST /session/ce58549c9b669d391e23640f16662e7f/element/f.06EF3401E30AE3EE31C7C1ABA64024F7.d.25E199E54E50D9516023B87E2077D351.e.21/click HTTP/1.1
User-Agent: selenium/4.12.1 (java windows)
Content-Length: 88
Content-Type: application/json; charset=utf-8
host: localhost:1461
accept: */*

Response DefaultHttpResponse(decodeResult: success, version: HTTP/1.1)
HTTP/1.1 200 OK
Content-Length: 14
Content-Type: application/json; charset=utf-8
cache-control: no-cache

16:37:13.917 [AsyncHttpClient-1-5] DEBUG org.asynchttpclient.netty.channel.ChannelManager - Adding key: http://localhost:1461 for channel [id: 0x2c50df9f, L:/127.0.0.1:56854 - R:localhost/127.0.0.1:1461]
16:37:13.918 [Forwarding findElement on session ce58549c9b669d391e23640f16662e7f to remote] DEBUG org.asynchttpclient.netty.request.NettyRequestSender - Using pooled Channel '[id: 0x2c50df9f, L:/127.0.0.1:56854 - R:localhost/127.0.0.1:1461]' for 'POST' to 'http://localhost:1461/session/ce58549c9b669d391e23640f16662e7f/element'
16:37:13.918 [Forwarding findElement on session ce58549c9b669d391e23640f16662e7f to remote] DEBUG org.asynchttpclient.netty.request.NettyRequestSender - Using open Channel [id: 0x2c50df9f, L:/127.0.0.1:56854 - R:localhost/127.0.0.1:1461] for POST '/session/ce58549c9b669d391e23640f16662e7f/element'
16:37:13.943 [AsyncHttpClient-1-5] DEBUG org.asynchttpclient.netty.handler.HttpHandler - 

Request DefaultHttpRequest(decodeResult: success, version: HTTP/1.1)
POST /session/ce58549c9b669d391e23640f16662e7f/element HTTP/1.1
User-Agent: selenium/4.12.1 (java windows)
Content-Length: 62
Content-Type: application/json; charset=utf-8
host: localhost:1461
accept: */*

Response DefaultHttpResponse(decodeResult: success, version: HTTP/1.1)
HTTP/1.1 200 OK
Content-Length: 126
Content-Type: application/json; charset=utf-8
cache-control: no-cache

16:37:13.943 [AsyncHttpClient-1-5] DEBUG org.asynchttpclient.netty.channel.ChannelManager - Adding key: http://localhost:1461 for channel [id: 0x2c50df9f, L:/127.0.0.1:56854 - R:localhost/127.0.0.1:1461]
16:37:13.944 [Forwarding sendKeysToElement on session ce58549c9b669d391e23640f16662e7f to remote] DEBUG org.asynchttpclient.netty.request.NettyRequestSender - Using pooled Channel '[id: 0x2c50df9f, L:/127.0.0.1:56854 - R:localhost/127.0.0.1:1461]' for 'POST' to 'http://localhost:1461/session/ce58549c9b669d391e23640f16662e7f/element/f.06EF3401E30AE3EE31C7C1ABA64024F7.d.25E199E54E50D9516023B87E2077D351.e.21/value'
16:37:13.944 [Forwarding sendKeysToElement on session ce58549c9b669d391e23640f16662e7f to remote] DEBUG org.asynchttpclient.netty.request.NettyRequestSender - Using open Channel [id: 0x2c50df9f, L:/127.0.0.1:56854 - R:localhost/127.0.0.1:1461] for POST '/session/ce58549c9b669d391e23640f16662e7f/element/f.06EF3401E30AE3EE31C7C1ABA64024F7.d.25E199E54E50D9516023B87E2077D351.e.21/value'
16:37:13.975 [AsyncHttpClient-1-5] DEBUG org.asynchttpclient.netty.handler.HttpHandler - 

Request DefaultHttpRequest(decodeResult: success, version: HTTP/1.1)
POST /session/ce58549c9b669d391e23640f16662e7f/element/f.06EF3401E30AE3EE31C7C1ABA64024F7.d.25E199E54E50D9516023B87E2077D351.e.21/value HTTP/1.1
User-Agent: selenium/4.12.1 (java windows)
Content-Length: 143
Content-Type: application/json; charset=utf-8
host: localhost:1461
accept: */*

Response DefaultHttpResponse(decodeResult: success, version: HTTP/1.1)
HTTP/1.1 200 OK
Content-Length: 14
Content-Type: application/json; charset=utf-8
cache-control: no-cache

16:37:13.975 [AsyncHttpClient-1-5] DEBUG org.asynchttpclient.netty.channel.ChannelManager - Adding key: http://localhost:1461 for channel [id: 0x2c50df9f, L:/127.0.0.1:56854 - R:localhost/127.0.0.1:1461]
16:37:13.976 [Forwarding findElement on session ce58549c9b669d391e23640f16662e7f to remote] DEBUG org.asynchttpclient.netty.request.NettyRequestSender - Using pooled Channel '[id: 0x2c50df9f, L:/127.0.0.1:56854 - R:localhost/127.0.0.1:1461]' for 'POST' to 'http://localhost:1461/session/ce58549c9b669d391e23640f16662e7f/element'
16:37:13.976 [Forwarding findElement on session ce58549c9b669d391e23640f16662e7f to remote] DEBUG org.asynchttpclient.netty.request.NettyRequestSender - Using open Channel [id: 0x2c50df9f, L:/127.0.0.1:56854 - R:localhost/127.0.0.1:1461] for POST '/session/ce58549c9b669d391e23640f16662e7f/element'
16:37:13.985 [AsyncHttpClient-1-5] DEBUG org.asynchttpclient.netty.handler.HttpHandler - 

Request DefaultHttpRequest(decodeResult: success, version: HTTP/1.1)
POST /session/ce58549c9b669d391e23640f16662e7f/element HTTP/1.1
User-Agent: selenium/4.12.1 (java windows)
Content-Length: 62
Content-Type: application/json; charset=utf-8
host: localhost:1461
accept: */*

Response DefaultHttpResponse(decodeResult: success, version: HTTP/1.1)
HTTP/1.1 200 OK
Content-Length: 126
Content-Type: application/json; charset=utf-8
cache-control: no-cache

16:37:13.985 [AsyncHttpClient-1-5] DEBUG org.asynchttpclient.netty.channel.ChannelManager - Adding key: http://localhost:1461 for channel [id: 0x2c50df9f, L:/127.0.0.1:56854 - R:localhost/127.0.0.1:1461]
16:37:13.987 [Forwarding sendKeysToElement on session ce58549c9b669d391e23640f16662e7f to remote] DEBUG org.asynchttpclient.netty.request.NettyRequestSender - Using pooled Channel '[id: 0x2c50df9f, L:/127.0.0.1:56854 - R:localhost/127.0.0.1:1461]' for 'POST' to 'http://localhost:1461/session/ce58549c9b669d391e23640f16662e7f/element/f.06EF3401E30AE3EE31C7C1ABA64024F7.d.25E199E54E50D9516023B87E2077D351.e.21/value'
16:37:13.987 [Forwarding sendKeysToElement on session ce58549c9b669d391e23640f16662e7f to remote] DEBUG org.asynchttpclient.netty.request.NettyRequestSender - Using open Channel [id: 0x2c50df9f, L:/127.0.0.1:56854 - R:localhost/127.0.0.1:1461] for POST '/session/ce58549c9b669d391e23640f16662e7f/element/f.06EF3401E30AE3EE31C7C1ABA64024F7.d.25E199E54E50D9516023B87E2077D351.e.21/value'
16:37:14.094 [AsyncHttpClient-1-5] DEBUG org.asynchttpclient.netty.handler.HttpHandler - 

Request DefaultHttpRequest(decodeResult: success, version: HTTP/1.1)
POST /session/ce58549c9b669d391e23640f16662e7f/element/f.06EF3401E30AE3EE31C7C1ABA64024F7.d.25E199E54E50D9516023B87E2077D351.e.21/value HTTP/1.1
User-Agent: selenium/4.12.1 (java windows)
Content-Length: 133
Content-Type: application/json; charset=utf-8
host: localhost:1461
accept: */*

Response DefaultHttpResponse(decodeResult: success, version: HTTP/1.1)
HTTP/1.1 200 OK
Content-Length: 14
Content-Type: application/json; charset=utf-8
cache-control: no-cache

16:37:14.094 [AsyncHttpClient-1-5] DEBUG org.asynchttpclient.netty.channel.ChannelManager - Adding key: http://localhost:1461 for channel [id: 0x2c50df9f, L:/127.0.0.1:56854 - R:localhost/127.0.0.1:1461]
16:37:14.095 [Forwarding findElement on session ce58549c9b669d391e23640f16662e7f to remote] DEBUG org.asynchttpclient.netty.request.NettyRequestSender - Using pooled Channel '[id: 0x2c50df9f, L:/127.0.0.1:56854 - R:localhost/127.0.0.1:1461]' for 'POST' to 'http://localhost:1461/session/ce58549c9b669d391e23640f16662e7f/element'
16:37:14.095 [Forwarding findElement on session ce58549c9b669d391e23640f16662e7f to remote] DEBUG org.asynchttpclient.netty.request.NettyRequestSender - Using open Channel [id: 0x2c50df9f, L:/127.0.0.1:56854 - R:localhost/127.0.0.1:1461] for POST '/session/ce58549c9b669d391e23640f16662e7f/element'
16:37:14.106 [AsyncHttpClient-1-5] DEBUG org.asynchttpclient.netty.handler.HttpHandler - 

Request DefaultHttpRequest(decodeResult: success, version: HTTP/1.1)
POST /session/ce58549c9b669d391e23640f16662e7f/element HTTP/1.1
User-Agent: selenium/4.12.1 (java windows)
Content-Length: 62
Content-Type: application/json; charset=utf-8
host: localhost:1461
accept: */*

Response DefaultHttpResponse(decodeResult: success, version: HTTP/1.1)
HTTP/1.1 200 OK
Content-Length: 126
Content-Type: application/json; charset=utf-8
cache-control: no-cache

16:37:14.106 [AsyncHttpClient-1-5] DEBUG org.asynchttpclient.netty.channel.ChannelManager - Adding key: http://localhost:1461 for channel [id: 0x2c50df9f, L:/127.0.0.1:56854 - R:localhost/127.0.0.1:1461]
16:37:14.107 [Forwarding clickElement on session ce58549c9b669d391e23640f16662e7f to remote] DEBUG org.asynchttpclient.netty.request.NettyRequestSender - Using pooled Channel '[id: 0x2c50df9f, L:/127.0.0.1:56854 - R:localhost/127.0.0.1:1461]' for 'POST' to 'http://localhost:1461/session/ce58549c9b669d391e23640f16662e7f/element/f.06EF3401E30AE3EE31C7C1ABA64024F7.d.25E199E54E50D9516023B87E2077D351.e.21/click'
16:37:14.107 [Forwarding clickElement on session ce58549c9b669d391e23640f16662e7f to remote] DEBUG org.asynchttpclient.netty.request.NettyRequestSender - Using open Channel [id: 0x2c50df9f, L:/127.0.0.1:56854 - R:localhost/127.0.0.1:1461] for POST '/session/ce58549c9b669d391e23640f16662e7f/element/f.06EF3401E30AE3EE31C7C1ABA64024F7.d.25E199E54E50D9516023B87E2077D351.e.21/click'
16:37:14.162 [AsyncHttpClient-1-5] DEBUG org.asynchttpclient.netty.handler.HttpHandler - 

Request DefaultHttpRequest(decodeResult: success, version: HTTP/1.1)
POST /session/ce58549c9b669d391e23640f16662e7f/element/f.06EF3401E30AE3EE31C7C1ABA64024F7.d.25E199E54E50D9516023B87E2077D351.e.21/click HTTP/1.1
User-Agent: selenium/4.12.1 (java windows)
Content-Length: 88
Content-Type: application/json; charset=utf-8
host: localhost:1461
accept: */*

Response DefaultHttpResponse(decodeResult: success, version: HTTP/1.1)
HTTP/1.1 200 OK
Content-Length: 14
Content-Type: application/json; charset=utf-8
cache-control: no-cache

16:37:14.163 [AsyncHttpClient-1-5] DEBUG org.asynchttpclient.netty.channel.ChannelManager - Adding key: http://localhost:1461 for channel [id: 0x2c50df9f, L:/127.0.0.1:56854 - R:localhost/127.0.0.1:1461]
16:37:14.163 [Forwarding findElement on session ce58549c9b669d391e23640f16662e7f to remote] DEBUG org.asynchttpclient.netty.request.NettyRequestSender - Using pooled Channel '[id: 0x2c50df9f, L:/127.0.0.1:56854 - R:localhost/127.0.0.1:1461]' for 'POST' to 'http://localhost:1461/session/ce58549c9b669d391e23640f16662e7f/element'
16:37:14.163 [Forwarding findElement on session ce58549c9b669d391e23640f16662e7f to remote] DEBUG org.asynchttpclient.netty.request.NettyRequestSender - Using open Channel [id: 0x2c50df9f, L:/127.0.0.1:56854 - R:localhost/127.0.0.1:1461] for POST '/session/ce58549c9b669d391e23640f16662e7f/element'
16:37:14.174 [AsyncHttpClient-1-5] DEBUG org.asynchttpclient.netty.handler.HttpHandler - 

Request DefaultHttpRequest(decodeResult: success, version: HTTP/1.1)
POST /session/ce58549c9b669d391e23640f16662e7f/element HTTP/1.1
User-Agent: selenium/4.12.1 (java windows)
Content-Length: 62
Content-Type: application/json; charset=utf-8
host: localhost:1461
accept: */*

Response DefaultHttpResponse(decodeResult: success, version: HTTP/1.1)
HTTP/1.1 200 OK
Content-Length: 126
Content-Type: application/json; charset=utf-8
cache-control: no-cache

16:37:14.175 [AsyncHttpClient-1-5] DEBUG org.asynchttpclient.netty.channel.ChannelManager - Adding key: http://localhost:1461 for channel [id: 0x2c50df9f, L:/127.0.0.1:56854 - R:localhost/127.0.0.1:1461]
16:37:14.176 [Forwarding sendKeysToElement on session ce58549c9b669d391e23640f16662e7f to remote] DEBUG org.asynchttpclient.netty.request.NettyRequestSender - Using pooled Channel '[id: 0x2c50df9f, L:/127.0.0.1:56854 - R:localhost/127.0.0.1:1461]' for 'POST' to 'http://localhost:1461/session/ce58549c9b669d391e23640f16662e7f/element/f.06EF3401E30AE3EE31C7C1ABA64024F7.d.25E199E54E50D9516023B87E2077D351.e.21/value'
16:37:14.176 [Forwarding sendKeysToElement on session ce58549c9b669d391e23640f16662e7f to remote] DEBUG org.asynchttpclient.netty.request.NettyRequestSender - Using open Channel [id: 0x2c50df9f, L:/127.0.0.1:56854 - R:localhost/127.0.0.1:1461] for POST '/session/ce58549c9b669d391e23640f16662e7f/element/f.06EF3401E30AE3EE31C7C1ABA64024F7.d.25E199E54E50D9516023B87E2077D351.e.21/value'
16:37:17.639 [AsyncHttpClient-1-5] DEBUG org.asynchttpclient.netty.handler.HttpHandler - 

Request DefaultHttpRequest(decodeResult: success, version: HTTP/1.1)
POST /session/ce58549c9b669d391e23640f16662e7f/element/f.06EF3401E30AE3EE31C7C1ABA64024F7.d.25E199E54E50D9516023B87E2077D351.e.21/value HTTP/1.1
User-Agent: selenium/4.12.1 (java windows)
Content-Length: 755
Content-Type: application/json; charset=utf-8
host: localhost:1461
accept: */*

Response DefaultHttpResponse(decodeResult: success, version: HTTP/1.1)
HTTP/1.1 200 OK
Content-Length: 14
Content-Type: application/json; charset=utf-8
cache-control: no-cache

16:37:17.639 [AsyncHttpClient-1-5] DEBUG org.asynchttpclient.netty.channel.ChannelManager - Adding key: http://localhost:1461 for channel [id: 0x2c50df9f, L:/127.0.0.1:56854 - R:localhost/127.0.0.1:1461]
16:37:17.641 [Forwarding findElement on session ce58549c9b669d391e23640f16662e7f to remote] DEBUG org.asynchttpclient.netty.request.NettyRequestSender - Using pooled Channel '[id: 0x2c50df9f, L:/127.0.0.1:56854 - R:localhost/127.0.0.1:1461]' for 'POST' to 'http://localhost:1461/session/ce58549c9b669d391e23640f16662e7f/element'
16:37:17.642 [Forwarding findElement on session ce58549c9b669d391e23640f16662e7f to remote] DEBUG org.asynchttpclient.netty.request.NettyRequestSender - Using open Channel [id: 0x2c50df9f, L:/127.0.0.1:56854 - R:localhost/127.0.0.1:1461] for POST '/session/ce58549c9b669d391e23640f16662e7f/element'
16:37:17.654 [AsyncHttpClient-1-5] DEBUG org.asynchttpclient.netty.handler.HttpHandler - 

Request DefaultHttpRequest(decodeResult: success, version: HTTP/1.1)
POST /session/ce58549c9b669d391e23640f16662e7f/element HTTP/1.1
User-Agent: selenium/4.12.1 (java windows)
Content-Length: 142
Content-Type: application/json; charset=utf-8
host: localhost:1461
accept: */*

Response DefaultHttpResponse(decodeResult: success, version: HTTP/1.1)
HTTP/1.1 200 OK
Content-Length: 126
Content-Type: application/json; charset=utf-8
cache-control: no-cache

16:37:17.654 [AsyncHttpClient-1-5] DEBUG org.asynchttpclient.netty.channel.ChannelManager - Adding key: http://localhost:1461 for channel [id: 0x2c50df9f, L:/127.0.0.1:56854 - R:localhost/127.0.0.1:1461]
16:37:17.656 [Forwarding isElementDisplayed on session ce58549c9b669d391e23640f16662e7f to remote] DEBUG org.asynchttpclient.netty.request.NettyRequestSender - Using pooled Channel '[id: 0x2c50df9f, L:/127.0.0.1:56854 - R:localhost/127.0.0.1:1461]' for 'POST' to 'http://localhost:1461/session/ce58549c9b669d391e23640f16662e7f/execute/sync'
16:37:17.656 [Forwarding isElementDisplayed on session ce58549c9b669d391e23640f16662e7f to remote] DEBUG org.asynchttpclient.netty.request.NettyRequestSender - Using open Channel [id: 0x2c50df9f, L:/127.0.0.1:56854 - R:localhost/127.0.0.1:1461] for POST '/session/ce58549c9b669d391e23640f16662e7f/execute/sync'
16:37:17.669 [AsyncHttpClient-1-5] DEBUG org.asynchttpclient.netty.handler.HttpHandler - 

Request DefaultHttpRequest(decodeResult: success, version: HTTP/1.1)
POST /session/ce58549c9b669d391e23640f16662e7f/execute/sync HTTP/1.1
User-Agent: selenium/4.12.1 (java windows)
Content-Length: 48734
Content-Type: application/json; charset=utf-8
host: localhost:1461
accept: */*

Response DefaultHttpResponse(decodeResult: success, version: HTTP/1.1)
HTTP/1.1 200 OK
Content-Length: 14
Content-Type: application/json; charset=utf-8
cache-control: no-cache

16:37:17.669 [AsyncHttpClient-1-5] DEBUG org.asynchttpclient.netty.channel.ChannelManager - Adding key: http://localhost:1461 for channel [id: 0x2c50df9f, L:/127.0.0.1:56854 - R:localhost/127.0.0.1:1461]
16:37:17.670 [Forwarding findElement on session ce58549c9b669d391e23640f16662e7f to remote] DEBUG org.asynchttpclient.netty.request.NettyRequestSender - Using pooled Channel '[id: 0x2c50df9f, L:/127.0.0.1:56854 - R:localhost/127.0.0.1:1461]' for 'POST' to 'http://localhost:1461/session/ce58549c9b669d391e23640f16662e7f/element'
16:37:17.670 [Forwarding findElement on session ce58549c9b669d391e23640f16662e7f to remote] DEBUG org.asynchttpclient.netty.request.NettyRequestSender - Using open Channel [id: 0x2c50df9f, L:/127.0.0.1:56854 - R:localhost/127.0.0.1:1461] for POST '/session/ce58549c9b669d391e23640f16662e7f/element'
16:37:17.680 [AsyncHttpClient-1-5] DEBUG org.asynchttpclient.netty.handler.HttpHandler - 

Request DefaultHttpRequest(decodeResult: success, version: HTTP/1.1)
POST /session/ce58549c9b669d391e23640f16662e7f/element HTTP/1.1
User-Agent: selenium/4.12.1 (java windows)
Content-Length: 142
Content-Type: application/json; charset=utf-8
host: localhost:1461
accept: */*

Response DefaultHttpResponse(decodeResult: success, version: HTTP/1.1)
HTTP/1.1 200 OK
Content-Length: 126
Content-Type: application/json; charset=utf-8
cache-control: no-cache

16:37:17.680 [AsyncHttpClient-1-5] DEBUG org.asynchttpclient.netty.channel.ChannelManager - Adding key: http://localhost:1461 for channel [id: 0x2c50df9f, L:/127.0.0.1:56854 - R:localhost/127.0.0.1:1461]
16:37:17.681 [Forwarding clickElement on session ce58549c9b669d391e23640f16662e7f to remote] DEBUG org.asynchttpclient.netty.request.NettyRequestSender - Using pooled Channel '[id: 0x2c50df9f, L:/127.0.0.1:56854 - R:localhost/127.0.0.1:1461]' for 'POST' to 'http://localhost:1461/session/ce58549c9b669d391e23640f16662e7f/element/f.06EF3401E30AE3EE31C7C1ABA64024F7.d.25E199E54E50D9516023B87E2077D351.e.90/click'
16:37:17.681 [Forwarding clickElement on session ce58549c9b669d391e23640f16662e7f to remote] DEBUG org.asynchttpclient.netty.request.NettyRequestSender - Using open Channel [id: 0x2c50df9f, L:/127.0.0.1:56854 - R:localhost/127.0.0.1:1461] for POST '/session/ce58549c9b669d391e23640f16662e7f/element/f.06EF3401E30AE3EE31C7C1ABA64024F7.d.25E199E54E50D9516023B87E2077D351.e.90/click'
16:37:17.810 [AsyncHttpClient-1-5] DEBUG org.asynchttpclient.netty.handler.HttpHandler - 

Request DefaultHttpRequest(decodeResult: success, version: HTTP/1.1)
POST /session/ce58549c9b669d391e23640f16662e7f/element/f.06EF3401E30AE3EE31C7C1ABA64024F7.d.25E199E54E50D9516023B87E2077D351.e.90/click HTTP/1.1
User-Agent: selenium/4.12.1 (java windows)
Content-Length: 88
Content-Type: application/json; charset=utf-8
host: localhost:1461
accept: */*

Response DefaultHttpResponse(decodeResult: success, version: HTTP/1.1)
HTTP/1.1 200 OK
Content-Length: 14
Content-Type: application/json; charset=utf-8
cache-control: no-cache

16:37:17.810 [AsyncHttpClient-1-5] DEBUG org.asynchttpclient.netty.channel.ChannelManager - Adding key: http://localhost:1461 for channel [id: 0x2c50df9f, L:/127.0.0.1:56854 - R:localhost/127.0.0.1:1461]
16:37:17.811 [Forwarding findElement on session ce58549c9b669d391e23640f16662e7f to remote] DEBUG org.asynchttpclient.netty.request.NettyRequestSender - Using pooled Channel '[id: 0x2c50df9f, L:/127.0.0.1:56854 - R:localhost/127.0.0.1:1461]' for 'POST' to 'http://localhost:1461/session/ce58549c9b669d391e23640f16662e7f/element'
16:37:17.811 [Forwarding findElement on session ce58549c9b669d391e23640f16662e7f to remote] DEBUG org.asynchttpclient.netty.request.NettyRequestSender - Using open Channel [id: 0x2c50df9f, L:/127.0.0.1:56854 - R:localhost/127.0.0.1:1461] for POST '/session/ce58549c9b669d391e23640f16662e7f/element'
16:37:17.826 [AsyncHttpClient-1-5] DEBUG org.asynchttpclient.netty.handler.HttpHandler - 

Request DefaultHttpRequest(decodeResult: success, version: HTTP/1.1)
POST /session/ce58549c9b669d391e23640f16662e7f/element HTTP/1.1
User-Agent: selenium/4.12.1 (java windows)
Content-Length: 191
Content-Type: application/json; charset=utf-8
host: localhost:1461
accept: */*

Response DefaultHttpResponse(decodeResult: success, version: HTTP/1.1)
HTTP/1.1 200 OK
Content-Length: 127
Content-Type: application/json; charset=utf-8
cache-control: no-cache

16:37:17.827 [AsyncHttpClient-1-5] DEBUG org.asynchttpclient.netty.channel.ChannelManager - Adding key: http://localhost:1461 for channel [id: 0x2c50df9f, L:/127.0.0.1:56854 - R:localhost/127.0.0.1:1461]
16:37:17.829 [Forwarding isElementDisplayed on session ce58549c9b669d391e23640f16662e7f to remote] DEBUG org.asynchttpclient.netty.request.NettyRequestSender - Using pooled Channel '[id: 0x2c50df9f, L:/127.0.0.1:56854 - R:localhost/127.0.0.1:1461]' for 'POST' to 'http://localhost:1461/session/ce58549c9b669d391e23640f16662e7f/execute/sync'
16:37:17.829 [Forwarding isElementDisplayed on session ce58549c9b669d391e23640f16662e7f to remote] DEBUG org.asynchttpclient.netty.request.NettyRequestSender - Using open Channel [id: 0x2c50df9f, L:/127.0.0.1:56854 - R:localhost/127.0.0.1:1461] for POST '/session/ce58549c9b669d391e23640f16662e7f/execute/sync'
16:37:17.846 [AsyncHttpClient-1-5] DEBUG org.asynchttpclient.netty.handler.HttpHandler - 

Request DefaultHttpRequest(decodeResult: success, version: HTTP/1.1)
POST /session/ce58549c9b669d391e23640f16662e7f/execute/sync HTTP/1.1
User-Agent: selenium/4.12.1 (java windows)
Content-Length: 48735
Content-Type: application/json; charset=utf-8
host: localhost:1461
accept: */*

Response DefaultHttpResponse(decodeResult: success, version: HTTP/1.1)
HTTP/1.1 200 OK
Content-Length: 14
Content-Type: application/json; charset=utf-8
cache-control: no-cache

16:37:17.846 [AsyncHttpClient-1-5] DEBUG org.asynchttpclient.netty.channel.ChannelManager - Adding key: http://localhost:1461 for channel [id: 0x2c50df9f, L:/127.0.0.1:56854 - R:localhost/127.0.0.1:1461]
]]></system-out>
  <system-err><![CDATA[мар. 01, 2024 4:35:29 PM org.openqa.selenium.devtools.CdpVersionFinder findNearestMatch
WARNING: Unable to find CDP implementation matching 122
мар. 01, 2024 4:35:29 PM org.openqa.selenium.chromium.ChromiumDriver lambda$new$5
WARNING: Unable to find version of CDP to use for 122.0.6261.95. You may need to include a dependency on a specific version of the CDP using something similar to `org.seleniumhq.selenium:selenium-devtools-v86:4.12.1` where the version ("v86") matches the version of the chromium-based browser you're using and the version number of the artifact is the same as Selenium's.
]]></system-err>
</testsuite>
