<?xml version="1.0" encoding="UTF-8"?>
<testsuite name="test.StudentMainPageTest" tests="6" skipped="0" failures="0" errors="0" timestamp="2024-06-20T07:06:47" hostname="DESKTOP-84P9B6H" time="43.853">
  <properties/>
  <testcase name="0. Valid Credential Account Log In Test" classname="test.StudentMainPageTest" time="8.967"/>
  <testcase name="1. Google Play Button Test" classname="test.StudentMainPageTest" time="0.646"/>
  <testcase name="2. App Store Button Test" classname="test.StudentMainPageTest" time="2.338"/>
  <testcase name="3. VK Button Test" classname="test.StudentMainPageTest" time="10.097"/>
  <testcase name="4. Instagram Button Test" classname="test.StudentMainPageTest" time="21.343"/>
  <testcase name="5. Facebook Button Test" classname="test.StudentMainPageTest" time="0.34"/>
  <system-out><![CDATA[10:06:42.740 [Test worker] DEBUG io.github.bonigarcia.wdm.WebDriverManager - Using WebDriverManager 5.8.0
10:06:42.754 [Test worker] DEBUG io.github.bonigarcia.wdm.cache.ResolutionCache - Resolution chrome=126 in cache (valid until 11:00:41 20/06/2024 MSK)
10:06:42.755 [Test worker] DEBUG io.github.bonigarcia.wdm.cache.ResolutionCache - Resolution chrome126=126.0.6478.62 in cache (valid until 10:00:41 21/06/2024 MSK)
10:06:42.755 [Test worker] INFO io.github.bonigarcia.wdm.WebDriverManager - Using chromedriver 126.0.6478.62 (resolved driver for Chrome 126)
10:06:42.778 [Test worker] DEBUG io.github.bonigarcia.wdm.WebDriverManager - Driver chromedriver 126.0.6478.62 found in cache
10:06:42.779 [Test worker] INFO io.github.bonigarcia.wdm.WebDriverManager - Exporting webdriver.chrome.driver as C:\Users\asus\.cache\selenium\chromedriver\win64\126.0.6478.62\chromedriver.exe
]]></system-out>
  <system-err><![CDATA[июн. 20, 2024 10:06:43 AM org.openqa.selenium.devtools.CdpVersionFinder findNearestMatch
WARNING: Unable to find an exact match for CDP version 126, returning the closest version; found: 123; Please update to a Selenium version that supports CDP version 126
]]></system-err>
</testsuite>
