<?xml version="1.0" encoding="UTF-8"?>
<testsuite name="test.StudentTopUpTest" tests="21" skipped="0" failures="0" errors="0" timestamp="2024-05-20T14:18:52" hostname="DESKTOP-84P9B6H" time="620.344">
  <properties/>
  <testcase name="1. Enter Top Up Section Test" classname="test.StudentTopUpTest" time="18.168"/>
  <testcase name="2. Share My Promocode Pop Up Appearence Test" classname="test.StudentTopUpTest" time="3.266"/>
  <testcase name="3. Send Promocode To Telegram" classname="test.StudentTopUpTest" time="18.928"/>
  <testcase name="4. Changing Currency To Rub" classname="test.StudentTopUpTest" time="4.22"/>
  <testcase name="21. Changing Package To Familial In Euro" classname="test.StudentTopUpTest" time="1.124"/>
  <testcase name="5. Changing Package To Familial" classname="test.StudentTopUpTest" time="0.684"/>
  <testcase name="6. 4 Lessons Familial Package Payment Page" classname="test.StudentTopUpTest" time="51.133"/>
  <testcase name="7. 8 Lessons Familial Package Payment Page" classname="test.StudentTopUpTest" time="37.303"/>
  <testcase name="8. 16 Lessons Familial Package Payment Page" classname="test.StudentTopUpTest" time="35.401"/>
  <testcase name="9. 32 Lessons Familial Package Payment Page" classname="test.StudentTopUpTest" time="30.395"/>
  <testcase name="10. Changing Package To Spanish-speaking teacher" classname="test.StudentTopUpTest" time="9.593"/>
  <testcase name="11. 4 Lessons Native Package Payment Page" classname="test.StudentTopUpTest" time="9.905"/>
  <testcase name="12. 8 Lessons Native Package Payment Page" classname="test.StudentTopUpTest" time="26.338"/>
  <testcase name="13. 16 Lessons Native Package Payment Page" classname="test.StudentTopUpTest" time="46.063"/>
  <testcase name="14. 32 Lessons Native Package Payment Page" classname="test.StudentTopUpTest" time="45.83"/>
  <testcase name="15. Changing Package To Ordinary Teacher" classname="test.StudentTopUpTest" time="8.68"/>
  <testcase name="16. 4 Lessons Ordinary Package Payment Page" classname="test.StudentTopUpTest" time="81.443"/>
  <testcase name="17. 8 Lessons Ordinary Package Payment Page" classname="test.StudentTopUpTest" time="81.377"/>
  <testcase name="18. 16 Lessons Ordinary Package Payment Page" classname="test.StudentTopUpTest" time="49.914"/>
  <testcase name="19. 32 Lessons Ordinary Package Payment Page" classname="test.StudentTopUpTest" time="47.942"/>
  <testcase name="20. Changing Currency To Euro" classname="test.StudentTopUpTest" time="11.074"/>
  <system-out><![CDATA[17:17:54.646 [Test worker] DEBUG io.github.bonigarcia.wdm.WebDriverManager - Using WebDriverManager 5.8.0
17:17:54.666 [Test worker] DEBUG io.github.bonigarcia.wdm.cache.ResolutionCache - Resolution chrome=125 in cache (valid until 17:32:40 20/05/2024 MSK)
17:17:54.678 [Test worker] DEBUG io.github.bonigarcia.wdm.cache.ResolutionCache - Resolution chrome125=125.0.6422.60 in cache (valid until 11:26:06 21/05/2024 MSK)
17:17:54.681 [Test worker] INFO io.github.bonigarcia.wdm.WebDriverManager - Using chromedriver 125.0.6422.60 (resolved driver for Chrome 125)
17:17:54.730 [Test worker] DEBUG io.github.bonigarcia.wdm.WebDriverManager - Driver chromedriver 125.0.6422.60 found in cache
17:17:54.732 [Test worker] INFO io.github.bonigarcia.wdm.WebDriverManager - Exporting webdriver.chrome.driver as C:\Users\asus\.cache\selenium\chromedriver\win64\125.0.6422.60\chromedriver.exe
]]></system-out>
  <system-err><![CDATA[мая 20, 2024 5:18:30 PM org.openqa.selenium.devtools.CdpVersionFinder findNearestMatch
WARNING: Unable to find an exact match for CDP version 125, returning the closest version; found: 123; Please update to a Selenium version that supports CDP version 125
]]></system-err>
</testsuite>
