<?xml version="1.0" encoding="UTF-8"?>
<testsuite name="test.StudentMainPageTest" tests="10" skipped="0" failures="1" errors="0" timestamp="2024-10-01T10:37:48" hostname="X542U" time="56.664">
  <properties/>
  <testcase name="1. Valid Credential Account Log In Test" classname="test.StudentMainPageTest" time="11.056"/>
  <testcase name="2. Google Play Button Test" classname="test.StudentMainPageTest" time="3.486"/>
  <testcase name="3. App Store Button Test" classname="test.StudentMainPageTest" time="3.861"/>
  <testcase name="4. VK Button Test" classname="test.StudentMainPageTest" time="8.31"/>
  <testcase name="5. Tuesday Regular Lesson Checking" classname="test.StudentMainPageTest" time="0.184">
    <failure message="java.lang.AssertionError: &#13;&#10;Expecting actual:&#13;&#10;  &quot;&quot;&#13;&#10;to contain:&#13;&#10;  &quot;03:00&#10;Testov Anton.&quot; " type="java.lang.AssertionError">java.lang.AssertionError: 
Expecting actual:
  &quot;&quot;
to contain:
  &quot;03:00
Testov Anton.&quot; 
	at test.StudentMainPageTest.shouldCheckTuesdayRegularLesson(StudentMainPageTest.java:142)
	at java.base/java.lang.reflect.Method.invoke(Method.java:566)
	at java.base/java.util.ArrayList.forEach(ArrayList.java:1541)
	at java.base/java.util.ArrayList.forEach(ArrayList.java:1541)
</failure>
  </testcase>
  <testcase name="6. Next Lesson Notification Checking" classname="test.StudentMainPageTest" time="0.099"/>
  <testcase name="7. Instagram Button Test" classname="test.StudentMainPageTest" time="21.954"/>
  <testcase name="8. Facebook Button Test" classname="test.StudentMainPageTest" time="1.387"/>
  <testcase name="10. Networking Bot Test" classname="test.StudentMainPageTest" time="1.512"/>
  <testcase name="11. Blog Opening Test" classname="test.StudentMainPageTest" time="4.529"/>
  <system-out><![CDATA[13:37:41.886 [Test worker] DEBUG io.github.bonigarcia.wdm.WebDriverManager - Using WebDriverManager 5.9.2
13:37:41.921 [Test worker] DEBUG io.github.bonigarcia.wdm.cache.ResolutionCache - Resolution chrome=129 in cache (valid until 14:35:38 01/10/2024 MSK)
13:37:41.923 [Test worker] DEBUG io.github.bonigarcia.wdm.cache.ResolutionCache - Resolution chrome129=129.0.6668.70 in cache (valid until 13:35:38 02/10/2024 MSK)
13:37:41.923 [Test worker] INFO io.github.bonigarcia.wdm.WebDriverManager - Using chromedriver 129.0.6668.70 (resolved driver for Chrome 129)
13:37:42.004 [Test worker] DEBUG io.github.bonigarcia.wdm.WebDriverManager - Driver chromedriver 129.0.6668.70 found in cache
13:37:42.006 [Test worker] INFO io.github.bonigarcia.wdm.WebDriverManager - Exporting webdriver.chrome.driver as C:\Users\admin\.cache\selenium\chromedriver\win64\129.0.6668.70\chromedriver.exe
]]></system-out>
  <system-err><![CDATA[окт. 01, 2024 1:37:44 PM org.openqa.selenium.devtools.CdpVersionFinder findNearestMatch
WARNING: Unable to find an exact match for CDP version 129, returning the closest version; found: 127; Please update to a Selenium version that supports CDP version 129
]]></system-err>
</testsuite>
