<?xml version="1.0" encoding="UTF-8"?>
<testsuite name="test.StudentChatPageTest" tests="2" skipped="0" failures="0" errors="0" timestamp="2024-10-01T10:36:25" hostname="X542U" time="19.943">
  <properties/>
  <testcase name="1. Particular Chat Searching And Checking Its Presence Test" classname="test.StudentChatPageTest" time="15.77"/>
  <testcase name="2. Particular Chat Searching And Checking Its Presence Test" classname="test.StudentChatPageTest" time="4.149"/>
  <system-out><![CDATA[13:36:23.528 [Test worker] DEBUG io.github.bonigarcia.wdm.WebDriverManager - Using WebDriverManager 5.9.2
13:36:23.583 [Test worker] DEBUG io.github.bonigarcia.wdm.cache.ResolutionCache - Resolution chrome=129 in cache (valid until 14:35:38 01/10/2024 MSK)
13:36:23.585 [Test worker] DEBUG io.github.bonigarcia.wdm.cache.ResolutionCache - Resolution chrome129=129.0.6668.70 in cache (valid until 13:35:38 02/10/2024 MSK)
13:36:23.585 [Test worker] INFO io.github.bonigarcia.wdm.WebDriverManager - Using chromedriver 129.0.6668.70 (resolved driver for Chrome 129)
13:36:23.604 [Test worker] DEBUG io.github.bonigarcia.wdm.WebDriverManager - Driver chromedriver 129.0.6668.70 found in cache
13:36:23.605 [Test worker] INFO io.github.bonigarcia.wdm.WebDriverManager - Exporting webdriver.chrome.driver as C:\Users\admin\.cache\selenium\chromedriver\win64\129.0.6668.70\chromedriver.exe
]]></system-out>
  <system-err><![CDATA[окт. 01, 2024 1:36:25 PM org.openqa.selenium.devtools.CdpVersionFinder findNearestMatch
WARNING: Unable to find an exact match for CDP version 129, returning the closest version; found: 127; Please update to a Selenium version that supports CDP version 129
]]></system-err>
</testsuite>
