<?xml version="1.0" encoding="UTF-8"?>
<testsuite name="test.TeacherStartsLessonTest" tests="2" skipped="0" failures="0" errors="0" timestamp="2024-08-20T13:12:31" hostname="X542U" time="15.566">
  <properties/>
  <testcase name="1. Valid Credential Teacher Account Log In Log Out Test" classname="test.TeacherStartsLessonTest" time="7.55"/>
  <testcase name="2. Teacher Starts Lesson" classname="test.TeacherStartsLessonTest" time="8.01"/>
  <system-out><![CDATA[16:12:24.556 [Test worker] DEBUG io.github.bonigarcia.wdm.WebDriverManager - Using WebDriverManager 5.9.2
16:12:24.571 [Test worker] DEBUG io.github.bonigarcia.wdm.cache.ResolutionCache - Resolution chrome=127 in cache (valid until 16:45:57 20/08/2024 MSK)
16:12:24.571 [Test worker] DEBUG io.github.bonigarcia.wdm.cache.ResolutionCache - Resolution chrome127=127.0.6533.119 in cache (valid until 09:49:48 21/08/2024 MSK)
16:12:24.571 [Test worker] INFO io.github.bonigarcia.wdm.WebDriverManager - Using chromedriver 127.0.6533.119 (resolved driver for Chrome 127)
16:12:24.603 [Test worker] DEBUG io.github.bonigarcia.wdm.WebDriverManager - Driver chromedriver 127.0.6533.119 found in cache
16:12:24.618 [Test worker] INFO io.github.bonigarcia.wdm.WebDriverManager - Exporting webdriver.chrome.driver as C:\Users\admin\.cache\selenium\chromedriver\win64\127.0.6533.119\chromedriver.exe
]]></system-out>
  <system-err><![CDATA[]]></system-err>
</testsuite>
