<?xml version="1.0" encoding="UTF-8"?>
<testsuite name="test.StudentProfileTest" tests="7" skipped="0" failures="0" errors="0" timestamp="2024-01-17T07:45:52" hostname="DESKTOP-84P9B6H" time="135.42">
  <properties/>
  <testcase name="1. Enter Students Profile Test" classname="test.StudentProfileTest" time="43.261"/>
  <testcase name="2. Enter Cyrillic First Name" classname="test.StudentProfileTest" time="14.002"/>
  <testcase name="3. Enter Too Long Cyrillic First Name" classname="test.StudentProfileTest" time="14.712"/>
  <testcase name="4. Enter Too Short Cyrillic First Name" classname="test.StudentProfileTest" time="12.737"/>
  <testcase name="5. Enter Cyrillic First Name With Hyphen" classname="test.StudentProfileTest" time="12.797"/>
  <testcase name="6. Enter Special Symbols In First Name Field" classname="test.StudentProfileTest" time="24.928"/>
  <testcase name="7. Enter Space In First Name Field" classname="test.StudentProfileTest" time="12.953"/>
  <system-out><![CDATA[10:43:29.950 [Test worker] DEBUG io.github.bonigarcia.wdm.cache.ResolutionCache - Removing resolution chrome=120 from cache (expired on Tue Jan 16 11:42:50 MSK 2024)
10:43:30.332 [Test worker] DEBUG org.apache.hc.client5.http.impl.classic.InternalHttpClient - ex-0000000001 preparing request execution
10:43:30.456 [Test worker] DEBUG org.apache.hc.client5.http.impl.classic.ProtocolExec - ex-0000000001 target auth state: UNCHALLENGED
10:43:30.459 [Test worker] DEBUG org.apache.hc.client5.http.impl.classic.ProtocolExec - ex-0000000001 proxy auth state: UNCHALLENGED
10:43:30.460 [Test worker] DEBUG org.apache.hc.client5.http.impl.classic.ConnectExec - ex-0000000001 acquiring connection with route {s}->https://raw.githubusercontent.com:443
10:43:30.460 [Test worker] DEBUG org.apache.hc.client5.http.impl.classic.InternalHttpClient - ex-0000000001 acquiring endpoint (3 MINUTES)
10:43:30.465 [Test worker] DEBUG org.apache.hc.client5.http.impl.io.PoolingHttpClientConnectionManager - ex-0000000001 endpoint lease request (3 MINUTES) [route: {s}->https://raw.githubusercontent.com:443][total available: 0; route allocated: 0 of 5; total allocated: 0 of 25]
10:43:30.473 [Test worker] DEBUG org.apache.hc.client5.http.impl.io.PoolingHttpClientConnectionManager - ex-0000000001 endpoint leased [route: {s}->https://raw.githubusercontent.com:443][total available: 0; route allocated: 1 of 5; total allocated: 1 of 25]
10:43:30.666 [Test worker] DEBUG org.apache.hc.client5.http.impl.io.PoolingHttpClientConnectionManager - ex-0000000001 acquired ep-0000000001
10:43:30.667 [Test worker] DEBUG org.apache.hc.client5.http.impl.classic.InternalHttpClient - ex-0000000001 acquired endpoint ep-0000000001
10:43:30.667 [Test worker] DEBUG org.apache.hc.client5.http.impl.classic.ConnectExec - ex-0000000001 opening connection {s}->https://raw.githubusercontent.com:443
10:43:30.669 [Test worker] DEBUG org.apache.hc.client5.http.impl.classic.InternalHttpClient - ep-0000000001 connecting endpoint (null)
10:43:30.708 [Test worker] DEBUG org.apache.hc.client5.http.impl.io.PoolingHttpClientConnectionManager - ep-0000000001 connecting endpoint to https://raw.githubusercontent.com:443 (30 SECONDS)
10:43:30.711 [Test worker] DEBUG org.apache.hc.client5.http.impl.io.DefaultHttpClientConnectionOperator - raw.githubusercontent.com resolving remote address
10:43:31.181 [Test worker] DEBUG org.apache.hc.client5.http.impl.io.DefaultHttpClientConnectionOperator - raw.githubusercontent.com resolved to [raw.githubusercontent.com/185.199.110.133, raw.githubusercontent.com/185.199.109.133, raw.githubusercontent.com/185.199.108.133, raw.githubusercontent.com/185.199.111.133]
10:43:31.262 [Test worker] DEBUG org.apache.hc.client5.http.impl.io.DefaultHttpClientConnectionOperator - raw.githubusercontent.com:443 connecting null->raw.githubusercontent.com/185.199.110.133:443 (30 SECONDS)
10:43:31.262 [Test worker] DEBUG org.apache.hc.client5.http.ssl.SSLConnectionSocketFactory - Connecting socket to raw.githubusercontent.com/185.199.110.133:443 with timeout 30 SECONDS
10:43:32.193 [Test worker] DEBUG org.apache.hc.client5.http.ssl.SSLConnectionSocketFactory - Enabled protocols: [TLSv1.3, TLSv1.2]
10:43:32.193 [Test worker] DEBUG org.apache.hc.client5.http.ssl.SSLConnectionSocketFactory - Enabled cipher suites: [TLS_AES_256_GCM_SHA384, TLS_AES_128_GCM_SHA256, TLS_CHACHA20_POLY1305_SHA256, TLS_ECDHE_ECDSA_WITH_AES_256_GCM_SHA384, TLS_ECDHE_ECDSA_WITH_AES_128_GCM_SHA256, TLS_ECDHE_ECDSA_WITH_CHACHA20_POLY1305_SHA256, TLS_ECDHE_RSA_WITH_AES_256_GCM_SHA384, TLS_ECDHE_RSA_WITH_CHACHA20_POLY1305_SHA256, TLS_ECDHE_RSA_WITH_AES_128_GCM_SHA256, TLS_DHE_RSA_WITH_AES_256_GCM_SHA384, TLS_DHE_RSA_WITH_CHACHA20_POLY1305_SHA256, TLS_DHE_DSS_WITH_AES_256_GCM_SHA384, TLS_DHE_RSA_WITH_AES_128_GCM_SHA256, TLS_DHE_DSS_WITH_AES_128_GCM_SHA256, TLS_ECDHE_ECDSA_WITH_AES_256_CBC_SHA384, TLS_ECDHE_RSA_WITH_AES_256_CBC_SHA384, TLS_ECDHE_ECDSA_WITH_AES_128_CBC_SHA256, TLS_ECDHE_RSA_WITH_AES_128_CBC_SHA256, TLS_DHE_RSA_WITH_AES_256_CBC_SHA256, TLS_DHE_DSS_WITH_AES_256_CBC_SHA256, TLS_DHE_RSA_WITH_AES_128_CBC_SHA256, TLS_DHE_DSS_WITH_AES_128_CBC_SHA256, TLS_ECDH_ECDSA_WITH_AES_256_GCM_SHA384, TLS_ECDH_RSA_WITH_AES_256_GCM_SHA384, TLS_ECDH_ECDSA_WITH_AES_128_GCM_SHA256, TLS_ECDH_RSA_WITH_AES_128_GCM_SHA256, TLS_ECDH_ECDSA_WITH_AES_256_CBC_SHA384, TLS_ECDH_RSA_WITH_AES_256_CBC_SHA384, TLS_ECDH_ECDSA_WITH_AES_128_CBC_SHA256, TLS_ECDH_RSA_WITH_AES_128_CBC_SHA256, TLS_ECDHE_ECDSA_WITH_AES_256_CBC_SHA, TLS_ECDHE_RSA_WITH_AES_256_CBC_SHA, TLS_ECDHE_ECDSA_WITH_AES_128_CBC_SHA, TLS_ECDHE_RSA_WITH_AES_128_CBC_SHA, TLS_DHE_RSA_WITH_AES_256_CBC_SHA, TLS_DHE_DSS_WITH_AES_256_CBC_SHA, TLS_DHE_RSA_WITH_AES_128_CBC_SHA, TLS_DHE_DSS_WITH_AES_128_CBC_SHA, TLS_ECDH_ECDSA_WITH_AES_256_CBC_SHA, TLS_ECDH_RSA_WITH_AES_256_CBC_SHA, TLS_ECDH_ECDSA_WITH_AES_128_CBC_SHA, TLS_ECDH_RSA_WITH_AES_128_CBC_SHA, TLS_RSA_WITH_AES_256_GCM_SHA384, TLS_RSA_WITH_AES_128_GCM_SHA256, TLS_RSA_WITH_AES_256_CBC_SHA256, TLS_RSA_WITH_AES_128_CBC_SHA256, TLS_RSA_WITH_AES_256_CBC_SHA, TLS_RSA_WITH_AES_128_CBC_SHA, TLS_EMPTY_RENEGOTIATION_INFO_SCSV]
10:43:32.194 [Test worker] DEBUG org.apache.hc.client5.http.ssl.SSLConnectionSocketFactory - Starting handshake (null)
10:43:34.281 [Test worker] DEBUG org.apache.hc.client5.http.ssl.SSLConnectionSocketFactory - Secure session established
10:43:34.281 [Test worker] DEBUG org.apache.hc.client5.http.ssl.SSLConnectionSocketFactory -  negotiated protocol: TLSv1.3
10:43:34.281 [Test worker] DEBUG org.apache.hc.client5.http.ssl.SSLConnectionSocketFactory -  negotiated cipher suite: TLS_AES_128_GCM_SHA256
10:43:34.281 [Test worker] DEBUG org.apache.hc.client5.http.ssl.SSLConnectionSocketFactory -  peer principal: CN=*.github.io, O="GitHub, Inc.", L=San Francisco, ST=California, C=US
10:43:34.357 [Test worker] DEBUG org.apache.hc.client5.http.ssl.SSLConnectionSocketFactory -  peer alternative names: [*.github.io, github.io, *.github.com, github.com, www.github.com, *.githubusercontent.com, githubusercontent.com]
10:43:34.358 [Test worker] DEBUG org.apache.hc.client5.http.ssl.SSLConnectionSocketFactory -  issuer principal: CN=DigiCert TLS RSA SHA256 2020 CA1, O=DigiCert Inc, C=US
10:43:34.359 [Test worker] DEBUG org.apache.hc.client5.http.impl.io.DefaultManagedHttpClientConnection - http-outgoing-0 set socket timeout to 3 MINUTES
10:43:34.360 [Test worker] DEBUG org.apache.hc.client5.http.impl.io.DefaultHttpClientConnectionOperator - raw.githubusercontent.com:443 connected null->raw.githubusercontent.com/185.199.110.133:443 as http-outgoing-0
10:43:34.360 [Test worker] DEBUG org.apache.hc.client5.http.impl.io.PoolingHttpClientConnectionManager - ep-0000000001 connected http-outgoing-0
10:43:34.360 [Test worker] DEBUG org.apache.hc.client5.http.impl.classic.InternalHttpClient - ep-0000000001 endpoint connected
10:43:34.362 [Test worker] DEBUG org.apache.hc.client5.http.impl.classic.MainClientExec - ex-0000000001 executing GET /bonigarcia/webdrivermanager/master/src/main/resources/commands.properties HTTP/1.1
10:43:34.362 [Test worker] DEBUG org.apache.hc.client5.http.protocol.RequestAddCookies - ex-0000000001 Cookie spec selected: strict
10:43:34.460 [Test worker] DEBUG org.apache.hc.client5.http.impl.classic.InternalHttpClient - ep-0000000001 start execution ex-0000000001
10:43:34.461 [Test worker] DEBUG org.apache.hc.client5.http.impl.io.PoolingHttpClientConnectionManager - ep-0000000001 executing exchange ex-0000000001 over http-outgoing-0
10:43:34.462 [Test worker] DEBUG org.apache.hc.client5.http.headers - http-outgoing-0 >> GET /bonigarcia/webdrivermanager/master/src/main/resources/commands.properties HTTP/1.1
10:43:34.463 [Test worker] DEBUG org.apache.hc.client5.http.headers - http-outgoing-0 >> user-agent: Apache-HttpClient/5.0
10:43:34.463 [Test worker] DEBUG org.apache.hc.client5.http.headers - http-outgoing-0 >> accept-encoding: gzip, deflate, br
10:43:34.463 [Test worker] DEBUG org.apache.hc.client5.http.headers - http-outgoing-0 >> cache-control: max-age=0
10:43:34.463 [Test worker] DEBUG org.apache.hc.client5.http.headers - http-outgoing-0 >> connection: keep-alive
10:43:34.464 [Test worker] DEBUG org.apache.hc.client5.http.headers - http-outgoing-0 >> Host: raw.githubusercontent.com
10:43:34.464 [Test worker] DEBUG org.apache.hc.client5.http.wire - http-outgoing-0 >> "GET /bonigarcia/webdrivermanager/master/src/main/resources/commands.properties HTTP/1.1[\r][\n]"
10:43:34.464 [Test worker] DEBUG org.apache.hc.client5.http.wire - http-outgoing-0 >> "user-agent: Apache-HttpClient/5.0[\r][\n]"
10:43:34.465 [Test worker] DEBUG org.apache.hc.client5.http.wire - http-outgoing-0 >> "accept-encoding: gzip, deflate, br[\r][\n]"
10:43:34.465 [Test worker] DEBUG org.apache.hc.client5.http.wire - http-outgoing-0 >> "cache-control: max-age=0[\r][\n]"
10:43:34.465 [Test worker] DEBUG org.apache.hc.client5.http.wire - http-outgoing-0 >> "connection: keep-alive[\r][\n]"
10:43:34.465 [Test worker] DEBUG org.apache.hc.client5.http.wire - http-outgoing-0 >> "Host: raw.githubusercontent.com[\r][\n]"
10:43:34.465 [Test worker] DEBUG org.apache.hc.client5.http.wire - http-outgoing-0 >> "[\r][\n]"
10:43:34.520 [Test worker] DEBUG org.apache.hc.client5.http.wire - http-outgoing-0 << "HTTP/1.1 200 OK[\r][\n]"
10:43:34.521 [Test worker] DEBUG org.apache.hc.client5.http.wire - http-outgoing-0 << "Connection: keep-alive[\r][\n]"
10:43:34.521 [Test worker] DEBUG org.apache.hc.client5.http.wire - http-outgoing-0 << "Content-Length: 723[\r][\n]"
10:43:34.522 [Test worker] DEBUG org.apache.hc.client5.http.wire - http-outgoing-0 << "Cache-Control: max-age=300[\r][\n]"
10:43:34.522 [Test worker] DEBUG org.apache.hc.client5.http.wire - http-outgoing-0 << "Content-Security-Policy: default-src 'none'; style-src 'unsafe-inline'; sandbox[\r][\n]"
10:43:34.522 [Test worker] DEBUG org.apache.hc.client5.http.wire - http-outgoing-0 << "Content-Type: text/plain; charset=utf-8[\r][\n]"
10:43:34.522 [Test worker] DEBUG org.apache.hc.client5.http.wire - http-outgoing-0 << "ETag: W/"e82b438271e9e8680c688b0b680efd0bdd22faa6d6f0a32fc1fd8accc486b67e"[\r][\n]"
10:43:34.522 [Test worker] DEBUG org.apache.hc.client5.http.wire - http-outgoing-0 << "Strict-Transport-Security: max-age=31536000[\r][\n]"
10:43:34.523 [Test worker] DEBUG org.apache.hc.client5.http.wire - http-outgoing-0 << "X-Content-Type-Options: nosniff[\r][\n]"
10:43:34.523 [Test worker] DEBUG org.apache.hc.client5.http.wire - http-outgoing-0 << "X-Frame-Options: deny[\r][\n]"
10:43:34.523 [Test worker] DEBUG org.apache.hc.client5.http.wire - http-outgoing-0 << "X-XSS-Protection: 1; mode=block[\r][\n]"
10:43:34.523 [Test worker] DEBUG org.apache.hc.client5.http.wire - http-outgoing-0 << "X-GitHub-Request-Id: 3072:3BB1E6:1A1165D:1B39889:65A75BA5[\r][\n]"
10:43:34.523 [Test worker] DEBUG org.apache.hc.client5.http.wire - http-outgoing-0 << "Content-Encoding: gzip[\r][\n]"
10:43:34.524 [Test worker] DEBUG org.apache.hc.client5.http.wire - http-outgoing-0 << "Accept-Ranges: bytes[\r][\n]"
10:43:34.524 [Test worker] DEBUG org.apache.hc.client5.http.wire - http-outgoing-0 << "Date: Wed, 17 Jan 2024 07:43:34 GMT[\r][\n]"
10:43:34.524 [Test worker] DEBUG org.apache.hc.client5.http.wire - http-outgoing-0 << "Via: 1.1 varnish[\r][\n]"
10:43:34.524 [Test worker] DEBUG org.apache.hc.client5.http.wire - http-outgoing-0 << "X-Served-By: cache-fra-eddf8230053-FRA[\r][\n]"
10:43:34.525 [Test worker] DEBUG org.apache.hc.client5.http.wire - http-outgoing-0 << "X-Cache: HIT[\r][\n]"
10:43:34.525 [Test worker] DEBUG org.apache.hc.client5.http.wire - http-outgoing-0 << "X-Cache-Hits: 2[\r][\n]"
10:43:34.525 [Test worker] DEBUG org.apache.hc.client5.http.wire - http-outgoing-0 << "X-Timer: S1705477415.685163,VS0,VE0[\r][\n]"
10:43:34.525 [Test worker] DEBUG org.apache.hc.client5.http.wire - http-outgoing-0 << "Vary: Authorization,Accept-Encoding,Origin[\r][\n]"
10:43:34.525 [Test worker] DEBUG org.apache.hc.client5.http.wire - http-outgoing-0 << "Access-Control-Allow-Origin: *[\r][\n]"
10:43:34.525 [Test worker] DEBUG org.apache.hc.client5.http.wire - http-outgoing-0 << "Cross-Origin-Resource-Policy: cross-origin[\r][\n]"
10:43:34.525 [Test worker] DEBUG org.apache.hc.client5.http.wire - http-outgoing-0 << "X-Fastly-Request-ID: db11b6c582afd89ae8620aff86e0d441041a2fcc[\r][\n]"
10:43:34.526 [Test worker] DEBUG org.apache.hc.client5.http.wire - http-outgoing-0 << "Expires: Wed, 17 Jan 2024 07:48:34 GMT[\r][\n]"
10:43:34.526 [Test worker] DEBUG org.apache.hc.client5.http.wire - http-outgoing-0 << "Source-Age: 68[\r][\n]"
10:43:34.526 [Test worker] DEBUG org.apache.hc.client5.http.wire - http-outgoing-0 << "[\r][\n]"
10:43:34.534 [Test worker] DEBUG org.apache.hc.client5.http.headers - http-outgoing-0 << HTTP/1.1 200 OK
10:43:34.534 [Test worker] DEBUG org.apache.hc.client5.http.headers - http-outgoing-0 << Connection: keep-alive
10:43:34.534 [Test worker] DEBUG org.apache.hc.client5.http.headers - http-outgoing-0 << Content-Length: 723
10:43:34.534 [Test worker] DEBUG org.apache.hc.client5.http.headers - http-outgoing-0 << Cache-Control: max-age=300
10:43:34.534 [Test worker] DEBUG org.apache.hc.client5.http.headers - http-outgoing-0 << Content-Security-Policy: default-src 'none'; style-src 'unsafe-inline'; sandbox
10:43:34.534 [Test worker] DEBUG org.apache.hc.client5.http.headers - http-outgoing-0 << Content-Type: text/plain; charset=utf-8
10:43:34.534 [Test worker] DEBUG org.apache.hc.client5.http.headers - http-outgoing-0 << ETag: W/"e82b438271e9e8680c688b0b680efd0bdd22faa6d6f0a32fc1fd8accc486b67e"
10:43:34.535 [Test worker] DEBUG org.apache.hc.client5.http.headers - http-outgoing-0 << Strict-Transport-Security: max-age=31536000
10:43:34.535 [Test worker] DEBUG org.apache.hc.client5.http.headers - http-outgoing-0 << X-Content-Type-Options: nosniff
10:43:34.535 [Test worker] DEBUG org.apache.hc.client5.http.headers - http-outgoing-0 << X-Frame-Options: deny
10:43:34.535 [Test worker] DEBUG org.apache.hc.client5.http.headers - http-outgoing-0 << X-XSS-Protection: 1; mode=block
10:43:34.535 [Test worker] DEBUG org.apache.hc.client5.http.headers - http-outgoing-0 << X-GitHub-Request-Id: 3072:3BB1E6:1A1165D:1B39889:65A75BA5
10:43:34.535 [Test worker] DEBUG org.apache.hc.client5.http.headers - http-outgoing-0 << Content-Encoding: gzip
10:43:34.535 [Test worker] DEBUG org.apache.hc.client5.http.headers - http-outgoing-0 << Accept-Ranges: bytes
10:43:34.535 [Test worker] DEBUG org.apache.hc.client5.http.headers - http-outgoing-0 << Date: Wed, 17 Jan 2024 07:43:34 GMT
10:43:34.535 [Test worker] DEBUG org.apache.hc.client5.http.headers - http-outgoing-0 << Via: 1.1 varnish
10:43:34.536 [Test worker] DEBUG org.apache.hc.client5.http.headers - http-outgoing-0 << X-Served-By: cache-fra-eddf8230053-FRA
10:43:34.536 [Test worker] DEBUG org.apache.hc.client5.http.headers - http-outgoing-0 << X-Cache: HIT
10:43:34.536 [Test worker] DEBUG org.apache.hc.client5.http.headers - http-outgoing-0 << X-Cache-Hits: 2
10:43:34.536 [Test worker] DEBUG org.apache.hc.client5.http.headers - http-outgoing-0 << X-Timer: S1705477415.685163,VS0,VE0
10:43:34.536 [Test worker] DEBUG org.apache.hc.client5.http.headers - http-outgoing-0 << Vary: Authorization,Accept-Encoding,Origin
10:43:34.536 [Test worker] DEBUG org.apache.hc.client5.http.headers - http-outgoing-0 << Access-Control-Allow-Origin: *
10:43:34.537 [Test worker] DEBUG org.apache.hc.client5.http.headers - http-outgoing-0 << Cross-Origin-Resource-Policy: cross-origin
10:43:34.537 [Test worker] DEBUG org.apache.hc.client5.http.headers - http-outgoing-0 << X-Fastly-Request-ID: db11b6c582afd89ae8620aff86e0d441041a2fcc
10:43:34.537 [Test worker] DEBUG org.apache.hc.client5.http.headers - http-outgoing-0 << Expires: Wed, 17 Jan 2024 07:48:34 GMT
10:43:34.537 [Test worker] DEBUG org.apache.hc.client5.http.headers - http-outgoing-0 << Source-Age: 68
10:43:34.566 [Test worker] DEBUG org.apache.hc.client5.http.impl.classic.MainClientExec - ex-0000000001 connection can be kept alive for 3 MINUTES
10:43:34.927 [Test worker] DEBUG org.apache.hc.client5.http.wire - http-outgoing-0 << "[0x1f][0xffffff8b][0x8][0x0][0x0][0x0][0x0][0x0][0x0][0x3][0xffffffb5]V]o[0xffffffda]0[0x14]}[0xffffffe7]W\[0xffffff81]*[0xffffffb5][0x12][0x1f][[M[0xffffffd3]$[0x1e]hF[0xffffffbb]i [0x18][0xffffffb4][0xffffffdd]&[0xfffffff9][0xffffffc5]$7[0xffffffc1]R[0x12]#;[0xffffff94]v[0xffffffbf]~[0xffffffb6][0xfffffff3]1[0xffffff92][0xffffff9a][0xffffffc1][0x1a]x[0xffffffcb][0xffffffb5][0xffffffaf][0xffffffcf]9[0xffffffbe][0xfffffff7]8v[0xb][0x1c][0x1e]E4[0xfffffff6]$x4[0xffffffa1][0xb]*[0xffffffb1][0xffffffd1][0xffffff82][0xfffffffb]%[0xffffff93][0xffffffe0][0xffffffb3][0x10][0xffffffc1][0xffffffe5]qBY,!Y[0xffffffea] KM8,[0x10][0xfffffff0][0x19][0xffffffdd]u[0xffffff82][0x1e][0xffffffb0][0xffffffd8]L[0xffffffcb]%[0xffffff86][0xffffffa1][0xe][0xffffffb8][0xfffffff0]P[0xffffffe8]$[0xf][0x13]t[0x13]3[0xfffffff9][0xffffff84]B2[0xffffffae][0xffffffe6]|@[0xfffffff5][0x1d][0x8][0xffffffc4][0x18][0x16][0xffffff82]o[0xffffffa4][0xffffff9a]P[0xffffff94][0xffffffe7][0xffffffce]R[0xfffffff0][0x8][0xffffffdb]p[0xffffffcb][0x4][0xfffffffa][0xfffffffc][0xffffffb9][\r][0xffffff93][0x15][\n]"
10:43:34.928 [Test worker] DEBUG org.apache.hc.client5.http.wire - http-outgoing-0 << "[0xffffffda][0xffffff86][0xffffffa1][0x17][0xffffffa8]Q3[0xffffffcb][0xffffffd6][0xffffffd1][0xffffff85][0xffffffc6][0xfffffff7][0xffffff98][0xffffffef][0xffffffa3][0xffffffc0]8[0x1][0xffffffae]s[0x12][0x16][0x7] _d[0xffffff82][0xffffff91][0xffffff84][0xfffffff3][0x1f],[0xfffffff6][0x14]j[0x1b]F,^+[0xffffff98]1ua2[0xffffffbf]h([0xffffff8e][0xffffff94][0xffffffa2][0xffffff91]m[0xffffffa3][0xffffffeb][0xffffff9a][0xffffffb0][0xffffffbb]I[0x17]t[0xffffffdf][0xffffffbd][0xffffffef][0xffffffbb][0xffffff91][0xffffffd7]U[0xffffffbb][0xffffff82][0xffffff9e][0x3][0xffffff9b][0xffffff88][0xffffffb9][0xffffffa6]$[0xffffffa6][0xc][0xffffff9b][0xffffffa5][0xffffffe2][0xffffff83][0xffffff98]F[0xffffffd8]o[0xffffff9e]Mg[0xffffff93][0xffffffbb][0xffffffd9]`|[0xfffffffb]u4[0xffffff9c][0x7f]"}B[0xffffffce][0x8][0xffffffb9][0xffffffe3]<[0x8][0xffffff91][0xffffff90][0xffffff94][0xffffff82][0xffffff90][0xffffffc1]j[0x15]2WI[0xffffffe3]1![0x19][0xffffff91]BnB[0xffffff80][0x9]<f[0xffffffb5][0xffffffe8]=[0xffffffd1]p[0xffffffbd][[0xffffffcf][0xffffffe5][0x1b][0xfffffff4][0xffffff9c][0xffffffff][0xfffffffc][0xfffffff8][0xffffffe1][0xffffffe2][0xffffff94][0xffffffa2][0xffffffae][0xe][0x14]5[0xffffff9a]8[0xffffff83][0xffffffd1]`:[0xfffffffd]<[0xffffffb8][0x1f][0xffffff9c]R[0xffffffcf]u[0x7f]6[0xffffffbc][0xffffff83][0xffffffef][0xf][0xffffffc3][0xffffffd9]/[0xfffffff8][0xfffffff2][0xffffffcd]y s[0xffffffee]'[0x1b]*0g[0xffffffcb][0xffffffc8]nF7H][0xffffff83][0xffffff97]{[0xffffffb1]Q[0x5][\r][0xffffffb5]c[0xffffffb4][0xf][0x2][0xffffffb3][0xffffffb4][0xffffff93][0xe]C[0xffffffa7][0xffffffb3]kAD][0xffffff9d][0xffffffde][0xffffffdb][0xffffffda][0xffffff88][0xffffffec][0xffffffa5][0xffffffbc][0xffffff99][0xffffffd9][0xffffffba]t[0xffffffb5][0xffffffea]9[0xffffffea][0x10])[0xffffffb7][0xffffffca][0xffffff9e][0xfffffff2][0xffffffe2]d^N[0xffffffd8]FW[0x16][0xffffffcd][0xffffffdc]_[0x10][0xfffffff9]i|[0x1c][0xffffff93][0xffffff8e][0xfffffff9]o[0x16][0xffffff86]4'!$G[0xffffffdf]W[0xfffffff4]W*j[[0xfffffff3]xR[0xffffffae][0xffffffb6][0xc][0xffffffd0],; #[0xffffffa9][0xffffff92]5[0xffffffb5][0x7][0xffffff9c][0xffffffb5][0xffffffd0][0x7f][0xffffff90][0xffffffc7]jgs[0xfffffffc][0xffffffc2][0xb][0xffffffd9][0x0]t[0xffffff9e]^'Y[0xfffffffb][0xffffff9f][0xffffffb1][0xffffffd8]:[0xffffffbf][0xffffff8d][0xffffffa5][0xffffff9a][0xffffffad][0x7f]m[0x5]&[0xffffffaa][0xffffffa0]^[0xffffff9b][0xffffffcb][0x5]f[0xffffffae][0xffffffe0]RU[0xffffff82][0x10]MS9l[0xffffff91]4t[0xfffffffb][0xffffff8a]][0xffffffd6][0xfffffff4][0xffffff96][0xffffffa6][0xffffff9f]P[0xffffffce][0xffffffd5][0xffffffce][0xffffff93][0xffffffff][0xffffff97][0xffffffcc]p[0xfffffffd][0xfffffff3][0xffffffe8][0x1b][0xffffffcc][0xffffffa2][0xffffffd9]Q[0xffffffbe][0xffffffb2][0xffffffa3][0xffffffc7]m'[0xffffffdf][0xffffffe4][[0xfffffffb]^[0xffffffb0][0xffffff9a][0xffffffbe][0xffffffda][0xffffffda]_[0xffffffce][0xffffff80][0xffffffd2][0xffffffc1]7[0xffffffb7]][0xffffffc1]b[0xffffffee][0xffffffb5][0xffffffff]w[0xffffff83][0xffffffed][0xffffffa7];[0x15]<[0x10]4[0xffffff92][0xffffff84][0x18][\n]"
10:43:34.928 [Test worker] DEBUG org.apache.hc.client5.http.wire - http-outgoing-0 << "BB[0xffffffba][0xffffff8e]][0xffffffb5]jo[0xffffffb9]+"[0xffffffea][0xffffffb4][0xffffffff]h"[0xffffffea]\?5[0xffffffa9][0xffffffaf]k[0xffffffec][0xffffffff]P[0xffffffea][\n]"
10:43:34.929 [Test worker] DEBUG org.apache.hc.client5.http.wire - http-outgoing-0 << "w[0xffffffe1]K[0x13][0xffffffda][0xffffffec][0xffffff98][0xffffffe6]Y[0xfffffffd]h8m6[0xffffff9c]T[0xffffffc1][0xfffffff2][0xffffffa7][0xffffff91]z_[0xffffff95]o85p[0x1c][0x13][0xffffffe6][0xfffffff0]5[0xffffffee][0xfffffffc][0xffffff92][0xffffff96][0xffffffda][0xfffffff7][0xffffffcf][0xffffffb1][0x5][0x1d][0xffffffea]K[0xffffff9b]9[0xffffff8e][0xffffffad]e[0xfffffff7][0xffffff93][0xffffffa8]`[0xffffffda][0xffffffff][0x1a][0xffffffd2][0xffffff88][0xffffff85][0xfffffffd][0xfffffff2][0xffffff91]N[0xfffffff6]`[0xffffffdf]2[0xffffffcf][0xffffffae]E[0xffffff97][0xffffffc5][0xffffffa2][0xffffff9d][0xffffffef]'[0xffffff9d]mun.[0xffffffd3]f^[0xffffffc7][0xffffff82][0xffffffda][0xffffff82]9[0xfffffff5][0xffffffa9]`[0x5][0xffffffbc]4[0xffffffa1][0x1d]<M[0xffffffb5]A[0xffffffa7]3[[0xffffffc0][0x7f][0x0][0xffffffc1][0xffffffd0]$[0xffffff85][0x1d][\r][0x0][0x0]"
10:43:34.933 [Test worker] DEBUG org.apache.hc.client5.http.impl.classic.InternalHttpClient - ep-0000000001 releasing valid endpoint
10:43:34.934 [Test worker] DEBUG org.apache.hc.client5.http.impl.io.PoolingHttpClientConnectionManager - ep-0000000001 releasing endpoint
10:43:34.934 [Test worker] DEBUG org.apache.hc.client5.http.impl.io.PoolingHttpClientConnectionManager - ep-0000000001 connection http-outgoing-0 can be kept alive for 3 MINUTES
10:43:34.936 [Test worker] DEBUG org.apache.hc.client5.http.impl.io.PoolingHttpClientConnectionManager - ep-0000000001 connection released [route: {s}->https://raw.githubusercontent.com:443][total available: 1; route allocated: 1 of 5; total allocated: 1 of 25]
10:43:34.936 [Test worker] DEBUG io.github.bonigarcia.wdm.versions.VersionDetector - Detecting chrome version using online commands.properties
10:43:34.955 [Test worker] DEBUG io.github.bonigarcia.wdm.versions.Shell - Running command on the shell: [cmd.exe, /C, wmic, datafile, where, name="%PROGRAMFILES:\=\\%\\Google\\Chrome\\Application\\chrome.exe", get, Version, /value]
10:43:42.841 [Test worker] DEBUG io.github.bonigarcia.wdm.versions.Shell - Result: 
10:43:42.841 [Test worker] DEBUG io.github.bonigarcia.wdm.versions.Shell - Running command on the shell: [cmd.exe, /C, wmic, datafile, where, name="%PROGRAMFILES(X86):\=\\%\\Google\\Chrome\\Application\\chrome.exe", get, Version, /value]
10:43:43.650 [Test worker] DEBUG io.github.bonigarcia.wdm.versions.Shell - Result: Version=120.0.6099.217
10:43:43.650 [Test worker] DEBUG io.github.bonigarcia.wdm.cache.ResolutionCache - Removing resolution chrome120=120.0.6099.109 from cache (expired on Wed Jan 17 10:42:50 MSK 2024)
10:43:43.663 [Test worker] DEBUG org.apache.hc.client5.http.impl.classic.InternalHttpClient - ex-0000000002 preparing request execution
10:43:43.663 [Test worker] DEBUG org.apache.hc.client5.http.impl.classic.ProtocolExec - ex-0000000002 target auth state: UNCHALLENGED
10:43:43.663 [Test worker] DEBUG org.apache.hc.client5.http.impl.classic.ProtocolExec - ex-0000000002 proxy auth state: UNCHALLENGED
10:43:43.663 [Test worker] DEBUG org.apache.hc.client5.http.impl.classic.ConnectExec - ex-0000000002 acquiring connection with route {s}->https://googlechromelabs.github.io:443
10:43:43.663 [Test worker] DEBUG org.apache.hc.client5.http.impl.classic.InternalHttpClient - ex-0000000002 acquiring endpoint (3 MINUTES)
10:43:43.663 [Test worker] DEBUG org.apache.hc.client5.http.impl.io.PoolingHttpClientConnectionManager - ex-0000000002 endpoint lease request (3 MINUTES) [route: {s}->https://googlechromelabs.github.io:443][total available: 1; route allocated: 0 of 5; total allocated: 1 of 25]
10:43:43.663 [Test worker] DEBUG org.apache.hc.client5.http.impl.io.PoolingHttpClientConnectionManager - ex-0000000002 endpoint leased [route: {s}->https://googlechromelabs.github.io:443][total available: 1; route allocated: 1 of 5; total allocated: 2 of 25]
10:43:43.663 [Test worker] DEBUG org.apache.hc.client5.http.impl.io.PoolingHttpClientConnectionManager - ex-0000000002 acquired ep-0000000002
10:43:43.663 [Test worker] DEBUG org.apache.hc.client5.http.impl.classic.InternalHttpClient - ex-0000000002 acquired endpoint ep-0000000002
10:43:43.663 [Test worker] DEBUG org.apache.hc.client5.http.impl.classic.ConnectExec - ex-0000000002 opening connection {s}->https://googlechromelabs.github.io:443
10:43:43.663 [Test worker] DEBUG org.apache.hc.client5.http.impl.classic.InternalHttpClient - ep-0000000002 connecting endpoint (null)
10:43:43.663 [Test worker] DEBUG org.apache.hc.client5.http.impl.io.PoolingHttpClientConnectionManager - ep-0000000002 connecting endpoint to https://googlechromelabs.github.io:443 (30 SECONDS)
10:43:43.663 [Test worker] DEBUG org.apache.hc.client5.http.impl.io.DefaultHttpClientConnectionOperator - googlechromelabs.github.io resolving remote address
10:43:43.900 [Test worker] DEBUG org.apache.hc.client5.http.impl.io.DefaultHttpClientConnectionOperator - googlechromelabs.github.io resolved to [googlechromelabs.github.io/185.199.111.153, googlechromelabs.github.io/185.199.108.153, googlechromelabs.github.io/185.199.109.153, googlechromelabs.github.io/185.199.110.153]
10:43:43.900 [Test worker] DEBUG org.apache.hc.client5.http.impl.io.DefaultHttpClientConnectionOperator - googlechromelabs.github.io:443 connecting null->googlechromelabs.github.io/185.199.111.153:443 (30 SECONDS)
10:43:43.900 [Test worker] DEBUG org.apache.hc.client5.http.ssl.SSLConnectionSocketFactory - Connecting socket to googlechromelabs.github.io/185.199.111.153:443 with timeout 30 SECONDS
10:43:43.941 [Test worker] DEBUG org.apache.hc.client5.http.ssl.SSLConnectionSocketFactory - Enabled protocols: [TLSv1.3, TLSv1.2]
10:43:43.941 [Test worker] DEBUG org.apache.hc.client5.http.ssl.SSLConnectionSocketFactory - Enabled cipher suites: [TLS_AES_256_GCM_SHA384, TLS_AES_128_GCM_SHA256, TLS_CHACHA20_POLY1305_SHA256, TLS_ECDHE_ECDSA_WITH_AES_256_GCM_SHA384, TLS_ECDHE_ECDSA_WITH_AES_128_GCM_SHA256, TLS_ECDHE_ECDSA_WITH_CHACHA20_POLY1305_SHA256, TLS_ECDHE_RSA_WITH_AES_256_GCM_SHA384, TLS_ECDHE_RSA_WITH_CHACHA20_POLY1305_SHA256, TLS_ECDHE_RSA_WITH_AES_128_GCM_SHA256, TLS_DHE_RSA_WITH_AES_256_GCM_SHA384, TLS_DHE_RSA_WITH_CHACHA20_POLY1305_SHA256, TLS_DHE_DSS_WITH_AES_256_GCM_SHA384, TLS_DHE_RSA_WITH_AES_128_GCM_SHA256, TLS_DHE_DSS_WITH_AES_128_GCM_SHA256, TLS_ECDHE_ECDSA_WITH_AES_256_CBC_SHA384, TLS_ECDHE_RSA_WITH_AES_256_CBC_SHA384, TLS_ECDHE_ECDSA_WITH_AES_128_CBC_SHA256, TLS_ECDHE_RSA_WITH_AES_128_CBC_SHA256, TLS_DHE_RSA_WITH_AES_256_CBC_SHA256, TLS_DHE_DSS_WITH_AES_256_CBC_SHA256, TLS_DHE_RSA_WITH_AES_128_CBC_SHA256, TLS_DHE_DSS_WITH_AES_128_CBC_SHA256, TLS_ECDH_ECDSA_WITH_AES_256_GCM_SHA384, TLS_ECDH_RSA_WITH_AES_256_GCM_SHA384, TLS_ECDH_ECDSA_WITH_AES_128_GCM_SHA256, TLS_ECDH_RSA_WITH_AES_128_GCM_SHA256, TLS_ECDH_ECDSA_WITH_AES_256_CBC_SHA384, TLS_ECDH_RSA_WITH_AES_256_CBC_SHA384, TLS_ECDH_ECDSA_WITH_AES_128_CBC_SHA256, TLS_ECDH_RSA_WITH_AES_128_CBC_SHA256, TLS_ECDHE_ECDSA_WITH_AES_256_CBC_SHA, TLS_ECDHE_RSA_WITH_AES_256_CBC_SHA, TLS_ECDHE_ECDSA_WITH_AES_128_CBC_SHA, TLS_ECDHE_RSA_WITH_AES_128_CBC_SHA, TLS_DHE_RSA_WITH_AES_256_CBC_SHA, TLS_DHE_DSS_WITH_AES_256_CBC_SHA, TLS_DHE_RSA_WITH_AES_128_CBC_SHA, TLS_DHE_DSS_WITH_AES_128_CBC_SHA, TLS_ECDH_ECDSA_WITH_AES_256_CBC_SHA, TLS_ECDH_RSA_WITH_AES_256_CBC_SHA, TLS_ECDH_ECDSA_WITH_AES_128_CBC_SHA, TLS_ECDH_RSA_WITH_AES_128_CBC_SHA, TLS_RSA_WITH_AES_256_GCM_SHA384, TLS_RSA_WITH_AES_128_GCM_SHA256, TLS_RSA_WITH_AES_256_CBC_SHA256, TLS_RSA_WITH_AES_128_CBC_SHA256, TLS_RSA_WITH_AES_256_CBC_SHA, TLS_RSA_WITH_AES_128_CBC_SHA, TLS_EMPTY_RENEGOTIATION_INFO_SCSV]
10:43:43.941 [Test worker] DEBUG org.apache.hc.client5.http.ssl.SSLConnectionSocketFactory - Starting handshake (null)
10:43:44.015 [Test worker] DEBUG org.apache.hc.client5.http.ssl.SSLConnectionSocketFactory - Secure session established
10:43:44.015 [Test worker] DEBUG org.apache.hc.client5.http.ssl.SSLConnectionSocketFactory -  negotiated protocol: TLSv1.3
10:43:44.015 [Test worker] DEBUG org.apache.hc.client5.http.ssl.SSLConnectionSocketFactory -  negotiated cipher suite: TLS_AES_128_GCM_SHA256
10:43:44.015 [Test worker] DEBUG org.apache.hc.client5.http.ssl.SSLConnectionSocketFactory -  peer principal: CN=*.github.io, O="GitHub, Inc.", L=San Francisco, ST=California, C=US
10:43:44.015 [Test worker] DEBUG org.apache.hc.client5.http.ssl.SSLConnectionSocketFactory -  peer alternative names: [*.github.io, github.io, *.github.com, github.com, www.github.com, *.githubusercontent.com, githubusercontent.com]
10:43:44.015 [Test worker] DEBUG org.apache.hc.client5.http.ssl.SSLConnectionSocketFactory -  issuer principal: CN=DigiCert TLS RSA SHA256 2020 CA1, O=DigiCert Inc, C=US
10:43:44.015 [Test worker] DEBUG org.apache.hc.client5.http.impl.io.DefaultManagedHttpClientConnection - http-outgoing-1 set socket timeout to 3 MINUTES
10:43:44.015 [Test worker] DEBUG org.apache.hc.client5.http.impl.io.DefaultHttpClientConnectionOperator - googlechromelabs.github.io:443 connected null->googlechromelabs.github.io/185.199.111.153:443 as http-outgoing-1
10:43:44.015 [Test worker] DEBUG org.apache.hc.client5.http.impl.io.PoolingHttpClientConnectionManager - ep-0000000002 connected http-outgoing-1
10:43:44.015 [Test worker] DEBUG org.apache.hc.client5.http.impl.classic.InternalHttpClient - ep-0000000002 endpoint connected
10:43:44.015 [Test worker] DEBUG org.apache.hc.client5.http.impl.classic.MainClientExec - ex-0000000002 executing GET /chrome-for-testing/known-good-versions-with-downloads.json HTTP/1.1
10:43:44.015 [Test worker] DEBUG org.apache.hc.client5.http.protocol.RequestAddCookies - ex-0000000002 Cookie spec selected: strict
10:43:44.015 [Test worker] DEBUG org.apache.hc.client5.http.impl.classic.InternalHttpClient - ep-0000000002 start execution ex-0000000002
10:43:44.015 [Test worker] DEBUG org.apache.hc.client5.http.impl.io.PoolingHttpClientConnectionManager - ep-0000000002 executing exchange ex-0000000002 over http-outgoing-1
10:43:44.015 [Test worker] DEBUG org.apache.hc.client5.http.headers - http-outgoing-1 >> GET /chrome-for-testing/known-good-versions-with-downloads.json HTTP/1.1
10:43:44.015 [Test worker] DEBUG org.apache.hc.client5.http.headers - http-outgoing-1 >> user-agent: Apache-HttpClient/5.0
10:43:44.015 [Test worker] DEBUG org.apache.hc.client5.http.headers - http-outgoing-1 >> accept-encoding: gzip, deflate, br
10:43:44.015 [Test worker] DEBUG org.apache.hc.client5.http.headers - http-outgoing-1 >> cache-control: max-age=0
10:43:44.015 [Test worker] DEBUG org.apache.hc.client5.http.headers - http-outgoing-1 >> connection: keep-alive
10:43:44.015 [Test worker] DEBUG org.apache.hc.client5.http.headers - http-outgoing-1 >> Host: googlechromelabs.github.io
10:43:44.015 [Test worker] DEBUG org.apache.hc.client5.http.wire - http-outgoing-1 >> "GET /chrome-for-testing/known-good-versions-with-downloads.json HTTP/1.1[\r][\n]"
10:43:44.015 [Test worker] DEBUG org.apache.hc.client5.http.wire - http-outgoing-1 >> "user-agent: Apache-HttpClient/5.0[\r][\n]"
10:43:44.015 [Test worker] DEBUG org.apache.hc.client5.http.wire - http-outgoing-1 >> "accept-encoding: gzip, deflate, br[\r][\n]"
10:43:44.015 [Test worker] DEBUG org.apache.hc.client5.http.wire - http-outgoing-1 >> "cache-control: max-age=0[\r][\n]"
10:43:44.015 [Test worker] DEBUG org.apache.hc.client5.http.wire - http-outgoing-1 >> "connection: keep-alive[\r][\n]"
10:43:44.015 [Test worker] DEBUG org.apache.hc.client5.http.wire - http-outgoing-1 >> "Host: googlechromelabs.github.io[\r][\n]"
10:43:44.015 [Test worker] DEBUG org.apache.hc.client5.http.wire - http-outgoing-1 >> "[\r][\n]"
10:43:44.063 [Test worker] DEBUG org.apache.hc.client5.http.wire - http-outgoing-1 << "HTTP/1.1 200 OK[\r][\n]"
10:43:44.063 [Test worker] DEBUG org.apache.hc.client5.http.wire - http-outgoing-1 << "Connection: keep-alive[\r][\n]"
10:43:44.063 [Test worker] DEBUG org.apache.hc.client5.http.wire - http-outgoing-1 << "Content-Length: 24579[\r][\n]"
10:43:44.063 [Test worker] DEBUG org.apache.hc.client5.http.wire - http-outgoing-1 << "Server: GitHub.com[\r][\n]"
10:43:44.063 [Test worker] DEBUG org.apache.hc.client5.http.wire - http-outgoing-1 << "Content-Type: application/json; charset=utf-8[\r][\n]"
10:43:44.063 [Test worker] DEBUG org.apache.hc.client5.http.wire - http-outgoing-1 << "permissions-policy: interest-cohort=()[\r][\n]"
10:43:44.063 [Test worker] DEBUG org.apache.hc.client5.http.wire - http-outgoing-1 << "x-origin-cache: HIT[\r][\n]"
10:43:44.063 [Test worker] DEBUG org.apache.hc.client5.http.wire - http-outgoing-1 << "Last-Modified: Wed, 17 Jan 2024 07:09:16 GMT[\r][\n]"
10:43:44.063 [Test worker] DEBUG org.apache.hc.client5.http.wire - http-outgoing-1 << "Access-Control-Allow-Origin: *[\r][\n]"
10:43:44.063 [Test worker] DEBUG org.apache.hc.client5.http.wire - http-outgoing-1 << "Strict-Transport-Security: max-age=31556952[\r][\n]"
10:43:44.063 [Test worker] DEBUG org.apache.hc.client5.http.wire - http-outgoing-1 << "ETag: W/"65a77d1c-b7dd4"[\r][\n]"
10:43:44.063 [Test worker] DEBUG org.apache.hc.client5.http.wire - http-outgoing-1 << "expires: Wed, 17 Jan 2024 07:19:23 GMT[\r][\n]"
10:43:44.063 [Test worker] DEBUG org.apache.hc.client5.http.wire - http-outgoing-1 << "Cache-Control: max-age=600[\r][\n]"
10:43:44.063 [Test worker] DEBUG org.apache.hc.client5.http.wire - http-outgoing-1 << "Content-Encoding: gzip[\r][\n]"
10:43:44.063 [Test worker] DEBUG org.apache.hc.client5.http.wire - http-outgoing-1 << "x-proxy-cache: HIT[\r][\n]"
10:43:44.063 [Test worker] DEBUG org.apache.hc.client5.http.wire - http-outgoing-1 << "X-GitHub-Request-Id: 22D4:14EF2E:270CE17:27A8FFE:65A77DD1[\r][\n]"
10:43:44.063 [Test worker] DEBUG org.apache.hc.client5.http.wire - http-outgoing-1 << "Accept-Ranges: bytes[\r][\n]"
10:43:44.063 [Test worker] DEBUG org.apache.hc.client5.http.wire - http-outgoing-1 << "Date: Wed, 17 Jan 2024 07:43:44 GMT[\r][\n]"
10:43:44.063 [Test worker] DEBUG org.apache.hc.client5.http.wire - http-outgoing-1 << "Via: 1.1 varnish[\r][\n]"
10:43:44.063 [Test worker] DEBUG org.apache.hc.client5.http.wire - http-outgoing-1 << "Age: 55[\r][\n]"
10:43:44.063 [Test worker] DEBUG org.apache.hc.client5.http.wire - http-outgoing-1 << "X-Served-By: cache-fra-eddf8230042-FRA[\r][\n]"
10:43:44.063 [Test worker] DEBUG org.apache.hc.client5.http.wire - http-outgoing-1 << "X-Cache: HIT[\r][\n]"
10:43:44.063 [Test worker] DEBUG org.apache.hc.client5.http.wire - http-outgoing-1 << "X-Cache-Hits: 3[\r][\n]"
10:43:44.071 [Test worker] DEBUG org.apache.hc.client5.http.wire - http-outgoing-1 << "X-Timer: S1705477424.222726,VS0,VE1[\r][\n]"
10:43:44.071 [Test worker] DEBUG org.apache.hc.client5.http.wire - http-outgoing-1 << "Vary: Accept-Encoding[\r][\n]"
10:43:44.071 [Test worker] DEBUG org.apache.hc.client5.http.wire - http-outgoing-1 << "X-Fastly-Request-ID: 243f9eb8abc75107792a1534ade2110d44fddacf[\r][\n]"
10:43:44.071 [Test worker] DEBUG org.apache.hc.client5.http.wire - http-outgoing-1 << "[\r][\n]"
10:43:44.071 [Test worker] DEBUG org.apache.hc.client5.http.headers - http-outgoing-1 << HTTP/1.1 200 OK
10:43:44.071 [Test worker] DEBUG org.apache.hc.client5.http.headers - http-outgoing-1 << Connection: keep-alive
10:43:44.071 [Test worker] DEBUG org.apache.hc.client5.http.headers - http-outgoing-1 << Content-Length: 24579
10:43:44.071 [Test worker] DEBUG org.apache.hc.client5.http.headers - http-outgoing-1 << Server: GitHub.com
10:43:44.071 [Test worker] DEBUG org.apache.hc.client5.http.headers - http-outgoing-1 << Content-Type: application/json; charset=utf-8
10:43:44.071 [Test worker] DEBUG org.apache.hc.client5.http.headers - http-outgoing-1 << permissions-policy: interest-cohort=()
10:43:44.071 [Test worker] DEBUG org.apache.hc.client5.http.headers - http-outgoing-1 << x-origin-cache: HIT
10:43:44.071 [Test worker] DEBUG org.apache.hc.client5.http.headers - http-outgoing-1 << Last-Modified: Wed, 17 Jan 2024 07:09:16 GMT
10:43:44.071 [Test worker] DEBUG org.apache.hc.client5.http.headers - http-outgoing-1 << Access-Control-Allow-Origin: *
10:43:44.071 [Test worker] DEBUG org.apache.hc.client5.http.headers - http-outgoing-1 << Strict-Transport-Security: max-age=31556952
10:43:44.071 [Test worker] DEBUG org.apache.hc.client5.http.headers - http-outgoing-1 << ETag: W/"65a77d1c-b7dd4"
10:43:44.071 [Test worker] DEBUG org.apache.hc.client5.http.headers - http-outgoing-1 << expires: Wed, 17 Jan 2024 07:19:23 GMT
10:43:44.071 [Test worker] DEBUG org.apache.hc.client5.http.headers - http-outgoing-1 << Cache-Control: max-age=600
10:43:44.071 [Test worker] DEBUG org.apache.hc.client5.http.headers - http-outgoing-1 << Content-Encoding: gzip
10:43:44.071 [Test worker] DEBUG org.apache.hc.client5.http.headers - http-outgoing-1 << x-proxy-cache: HIT
10:43:44.071 [Test worker] DEBUG org.apache.hc.client5.http.headers - http-outgoing-1 << X-GitHub-Request-Id: 22D4:14EF2E:270CE17:27A8FFE:65A77DD1
10:43:44.071 [Test worker] DEBUG org.apache.hc.client5.http.headers - http-outgoing-1 << Accept-Ranges: bytes
10:43:44.071 [Test worker] DEBUG org.apache.hc.client5.http.headers - http-outgoing-1 << Date: Wed, 17 Jan 2024 07:43:44 GMT
10:43:44.071 [Test worker] DEBUG org.apache.hc.client5.http.headers - http-outgoing-1 << Via: 1.1 varnish
10:43:44.071 [Test worker] DEBUG org.apache.hc.client5.http.headers - http-outgoing-1 << Age: 55
10:43:44.071 [Test worker] DEBUG org.apache.hc.client5.http.headers - http-outgoing-1 << X-Served-By: cache-fra-eddf8230042-FRA
10:43:44.071 [Test worker] DEBUG org.apache.hc.client5.http.headers - http-outgoing-1 << X-Cache: HIT
10:43:44.071 [Test worker] DEBUG org.apache.hc.client5.http.headers - http-outgoing-1 << X-Cache-Hits: 3
10:43:44.071 [Test worker] DEBUG org.apache.hc.client5.http.headers - http-outgoing-1 << X-Timer: S1705477424.222726,VS0,VE1
10:43:44.071 [Test worker] DEBUG org.apache.hc.client5.http.headers - http-outgoing-1 << Vary: Accept-Encoding
10:43:44.071 [Test worker] DEBUG org.apache.hc.client5.http.headers - http-outgoing-1 << X-Fastly-Request-ID: 243f9eb8abc75107792a1534ade2110d44fddacf
10:43:44.071 [Test worker] DEBUG org.apache.hc.client5.http.impl.classic.MainClientExec - ex-0000000002 connection can be kept alive for 3 MINUTES
10:43:49.211 [Test worker] DEBUG org.apache.hc.client5.http.wire - http-outgoing-1 << "[0x1f][0xffffff8b][0x8][0x0][0x0][0x0][0x0][0x0][0x0][0x3][0xffffffcd][0xffffffbd][0xffffffcd][0xffffff8e]e[0xffffffcd]u][0xffffffdb][0xffffffbf][0xffffff8f][0xffffffc1][0xffffffb6]X<;[0xfffffffe][0xffffff83][0xffffffcf][0xffffffe1][0xffffff96]/[0xffffffdc] [0xffffffc4][0xffffffef]J[0x4][0xfffffff8]#[0xffffff90][0xffffffb4]|aA[0xffffffef][0xffffffee][0xffffff93]'3+[0xffffffb3]b[0xffffffcd]S[0xffffffae][0xffffffbd][0xffffff8b][0xffffff8a]1[0x1b][0xffffff86] [0xffffff99][0xfffffff9][0xffffff9d]%bh`2v[0xffffffac][0x19][0xffffffff][0xfffffff1][0xffffffab][0xffffffbf][0xffffffff][0xffffffe1]O[0xffffffbf][0xfffffffc][0xffffffed][0xffffffef][0xffffffbf][0xfffffffb][0xffffffd3][0xffffffbf][0xfffffffd][0xffffffea][0xffffffb7][0xffffffbf]J[0xffffffb7]T~};~}[0xfffffff4][0xffffffff]v+[0xffffffbf][0xffffffbd][0xffffffcd][0xffffffdf][0xffffffde][0xffffffc6][0xffffff97]|[0xffffffcb][0xffffffff][0xfffffffd]W[0xffffffff][0xfffffff4][0xffffffab][0x7f][0xffffffff][0xffffffe5][0xffffffaf][0x7f][0xfffffffb][0xffffffc3]_[0xfffffffe][0xfffffffc][0xffffffb7]_[0xfffffffd][0xfffffff6][0xffffffff][0xfffffffd][0xffffff8f][0xfffffff7][0xffffffff][0xffffffe6][0xfffffffe][0x17][0xffffffc7][0xffffff91][0xffffffbf][0xffffffdc][0xffffffbe][0xffffffd4][0xffffffd6][0xffffffd3][0xffffff97][0xffffffdb][0xfffffffd]_[0xfffffff5][0xffffffd7]_[0xfffffffe][0xfffffffd][0xf]_[0xffffffff][0x7f][0xffffffd2]Qj[0xffffffbd][0xffffffff][0xf][0x7f][0xffffffff][0xffffff97][0xffffffff][0xfffffff5][0xffffffe7]?[0xfffffffe][0xffffffe5]w[0xffffffbf][0xffffffbf][0xffffffff][0xffffffed][0x7f][0xfffffffc][0xffffffea][0xffffff9f][0xffffffff][0xfffffff5][0xffffffaf][0x7f][0xfffffff9][0xffffffd3]/[0xffffff8f][0x7f][0xffffffca][0xffffffbf][0xfffffffd][0xfffffff1]w[0x7f][0xffffffff][0xffffffff][0xfffffffe][0xfffffff2][0xffffffd7]?[0xffffffdd][0xffffffff][0xffffffc5][0x7f][0xfffffffc][0xffffffc3][0xffffff9f][0xffffffff][0xffffffe7][0xffffffff][0xffffffdf][0xffffffca][0xfffffffd]_[0xfffffffc]?[0xffffffff][0xfffffffa][0xffffffc7][0xfffffffb][0x7f][0xffffffff][0xffffffaf][0x7f][0xffffffff][0xfffffffb][0xffffffbf][0xfffffffd][0xffffffed][0xffffffb7][0xffffffbf][0xfffffff9][0xffffffcd]/[0xffffffbf][0xffffffff][0xffffff97]_~[0xffffffff][0xffffffc7]/[0x7f][0xfffffffa][0xffffffe5][0xffffffcb][0xffffffbf][0xfffffffc][0xfffffffb][0xffffffdf][0xffffff8f]/[0xffffffff][0xfffffffc][0xffffff97]?[0xffffffbd][0xfffffffd][0xffffff8f]~[0xfffffff3][0xfffffffa][0xffffffcf]y[0xfffffffb]/[0xffffffbf][0xffffffbe][0xffffffff]c~[0xfffffffd][0xfffffff7][0xfffffffb][0xffffffff][0x1a][0x7f][0xfffffff8][0xfffffff3][0xffffffbf][0xfffffffc][0xffffffe6][0xfffffff3]H[0xffffffbf]y[0xfffffffb][0x7][0xffffffbf][0xffffffff][0xffffffeb][0xffffffde][0xfffffffe][0xffffffdb]/[0xffffffff][0xfffffffb][0xf][0xffffffff][0xfffffff6][0xffffffab][0xffffffff][0xfffffffc][0xffffffa7]oF[0xfffffff8][0xffffffd3][0xffffffef][0xfffffffe][0xfffffff9][0xffffffd7][0xffffffbf][0xfffffffb][0xffffffeb][0xffffff9f][0xfffffffe]+[0xffffff86][0xfffffff8][0xfffffffa][0xffffff8f]~[0xffffffff]W~[0xfffffffd][0x1f]<[0x1b][0xffffffe4][0xffffffbf][0xffffffe4][0xffffffdf][0xffffff8b][0xffffffb7][0x7f][0xfffffff0][0xffffffe7]![0xffffff9e][0xfffffffc]{[0xfffffff1][0xffffffbf][0xfffffffe][0xfffffff0][0xffffffe7][0xffffff9c][0xfffffffe][0xfffffff1][0x3]<[0xfffffffe][0xffffffb1][0xffffffef][0xffffffff][0xffffffaa][0xffffffc7][0x7f][0xfffffff3][0xffffffe4][0xffffffc7][0xffffffff]+[0xfffffffe][0xffffffb7][0x7f][0xfffffffc]c?[0xfffffffd][0xfffffff8][0xfffffffb][0xffffffff][0xffffffe6][0xffffffff][0xffffffe3]?_~_[0x12][0xffffff9d][0xffffffab][0x1f][0xffffffd2][0xffffffb9]:0}[0xffffff9f][0xffffffc2][0x2][0xffffffea][0xffffffb7]9@[0xffffffaa][0xffffffef][0x13][0xffffff80]X[0xffffffbf][0xfffffffe][0xfffffffa]Y[0xffffffae][[0xfffffff6][0xffffffe3][0xffffffba]e[0x7][0xffffffae][0xffffffef]SXp[0xfffffffd]6[0x7][0xffffffc8][0xfffffff5]}[0x2][0xffffff90][0xffffffeb][0xffffffd7]_[0xffffffff]A[0xffffffae][0xffffffcb][0xffffffe3][0xffffffaf]f[0x13][0x9][0xffffffa4][0xffffffa5]6[0x9][0xffffffac]?F[0x2][0xffffffa9][0xfffffffe]4[0x4][0x9][0xfffffff5]2[0xffffffc6]~[0xffffffa6]?[\r][0xffffffb0][0x1f][0xffffffe9]o[0x7f][0xfffffffc][0xc][0xffffffd1][0xfffffffd][0x1e][0xffffffbe]#[0xffffffd1]#[0xffffffd7][0x3]#[0xfffffffa]1[0x12]M[0xfffffff4][0xffffffeb][0x10]8[0xffffffd1][0x1f]c@D[0xffffffbf][0xe][0x0][0x11][0xfffffffd][0xfffffff5][0xffffffc7][0xffffffcf][0x11]=[0x15][0xffffffd1][0xffffffb5][0x14][0xffffff90][0xffffffe8][0xffffffe9]@[0xfffffff4][0xfffffff4] z[0xffffffd2]DO[0xffffff92][0xffffffe8]y[0xffffff81][0xffffffe8][0xffffffe3][0xffffffa6][0xffffff88][0x1e]ypD[0xffffffbf][0xffffff8c][0xffffff84][0x13][0xfffffffd][0x18][0xffffff82]'[0xfffffffa][0xffffffeb][0x18][0x14][0xffffffd1][0xffffff8f][0x1]([0xffffffa2][0xffffffdf][0x7f][0xfffffffc][0x1c][0xffffffd1][0xffffffc7][0xffffff97][0xfffffff8][0x1f][0xf][0xffffffe7][0xffffffd1]n [0xffffffd1][0xfffffff7][0xffffff91]x[0xffffffa2]_[0xffffff86]0 [0xfffffffa]}[0xc][0xffffff8c][0xffffffe8][0xffffff97][0x1]0[0xffffffa2][0xffffffdf]~[0xfffffffc][0x1c][0xffffffd1]Y8z[0xfffffff6][0x6][0xffffffa6][0xffffff8e][0xffffff97][0xffffff91]x[0xffffffa2][0xffffffb3][0xffffff87][0xffffffa3]3[0xffffffed][0xffffffe8]L::_qt[0xffffff8d]D[0xffffffe7][[0x1e][0x19]$[0xffffffba]:[0x10]]=[0xffffff88][0xffffffae]4[0xffffffd1][0xffffff95]$[0xffffffba]^!Z[0xffffff9c]u[0xffffffe4]#1[0xffffff87][0xffffffd2][0x1f]#[0xfffffff1]D{[0xffffff9c]u[0x1c][0xfffffff4]Y[0xffffffc7]A[0xffffff9e]u[0x1c]W[0xffffffce]:[0xffffffd2][0xffffffed]K[0xffffff89]D[0xffffff8f][[0xffffffe3][0xffffff88]~[0x19][0x9]'[0xfffffffa]1[0x4]O[0xfffffff4][0xffffffd7]1([0xffffffa2][0x1f][0x3]PD[0xffffffbf][0xffffffff][0xfffffff8]9[0xffffffa2][0xffffffc5][0x1d][0xffffff8f][0xffffff9c][\n]"
10:43:49.211 [Test worker] DEBUG org.apache.hc.client5.http.wire - http-outgoing-1 << "J4{[0xffffffc7][0xffffffe3][0xffffffd3][0x10][0x6]Dsw<>[\r][0xffffff80][0x11]}[0xffffffee][0xffffff8e][0xffffffc7][0xffffffdb][0x1f][0x15]At[0xffffffbe][0x1d][0xffffffe0]Y[0xffffffc7][0xffffffcb]H<[0xffffffd1][0xffffffc5][0xffffff83][0xffffffe8]B[0x13]]H[0xffffffa2][0xffffffcb][0x15][0xffffffa2]U[0xffffff8e].[0xffffffe9][0x0][0xffffffbf][0x19]&[0xffffff87][0x1c][0xffffff9d]<rt[0xffffffa2]st"st[0xffffffba][0xffffff92][0xffffffa3][0xffffffb3]J[0x1d][0xffffffa5][0xffffffcc][0xffffffc4][0x11][0xffffff9d][0x1d]RG[0xfffffff6]H[0x1d][0xffffff99]N[0x1d][0xffffff99]L[0x1d][0xfffffff9]J[0xffffffea][0xffffffc8][0xffffffe2]<:[0xffffff97][0xffffffd1][0xffffffc1][0xffffffb3][0xffffff8e][0xffffffec]p[0x1e][0xffffff9d]=[0xffffffce][0xffffffa3]3}[0x1e][0xffffff9d][0xffffffc9][0xfffffff3][0xffffffe8]|[0xffffffe5]<:[0xffffffab][0x1c]][0xffffff8f][0x1b]I[0xffffffb4]C[0xffffff8e][0xffffffce][0x1e]9[0xfffffffa][0xffffffeb][0x18][0x18][0xffffffd1]d[0xffffff8e]~[0xffffffff][0xfffffff1]sD[0xffffffab]/,[0xffffffb5]v[0xfffffff0]?[0x19]f[0xffffff87]/,[0xffffffd9][0xffffffe3][0xb]K[0xffffffa6][0xffffffbf][0xffffffb0]d[0xfffffff2][0xb]K[0xffffffbe][0xfffffff2][0xffffff85][0xffffffe5][0xfffffffe]G[0xffffffc9][0xffffff8f][0xffffffe8][0xffffffe4]@t[0xfffffff2] :[0xffffffd1]D'[0xffffff92][0xffffffe8]t[0xffffff85][0xffffffe8]pS[0xffffff89]'[0xffffff9a][0xffffffbf][0xffffffa9][0xfffffff4][0x18][0xffffffc2][0xffffff82]h[0xfffffff6][0xffffffa6][0xffffffd2]c[0x0][0xffffff90][0xffffffe8][0xfffffff3]7[0xffffff95][0xffffffee][0x7f][0xffffffd4][0xfffffffc][0xffffff88]n[0xe]D7[0xf][0xffffffa2][0x1b]Mt#[0xffffff89]nW[0xffffff88]>[0xc][0xffffff91]>,[0xffffff98]>L[0xffffffa0]>p[0xffffffaa][0xf][0x14][0xffffffeb][0xffffffe3][0x12][0xffffffd7][0xffffffc9][0xffffff90][0xffffffeb]d[0xffffffc1]u2[0xffffffe1]:[0xffffffe1]\'[0xffffff94][0xffffffeb]t[0xffffff89][0xffffffeb][0xffffffd8]z[0xffffffc0]s[0xffffff8d][0xffffffb6][0x1e]|[0xffffff9e][0xffffffc2][0xffffff82]k[0xffffffac][0xfffffff5][0xffffffe0][0xfffffff3][0x4] [0xffffffd7][0xffffffa7]Z[0xf][0xffffffbe][0xfffffffe]U1[0xffffffe4][0xffffffba]Xp]L[0xffffffb8].8[0xffffffd7][0x5][0xffffffe5][0xffffffba]\[0xffffffe2]z[0x1a][0x1e]TO[0xffffff8b][0xffffff93][0xffffffea][0xfffffffb][0x14][0x16]\[0xffffffbf][0xffffffcd][0x1]r=[0xffffffd1][0xffffffc3][0xffffffea]y[0xffffffe9][0xffffffb4][0xfffffffa][0xffffffc8][0xffffff86][0xffffffa7]{[0xfffffff7][0xffffffa1][0x1c][0xffffffc8]~[0x19][0xffffffc3][0x2][0xffffffed][0xfffffff7]A@[0xffffffb6]_F[0x0][0xffffffe1]~[0xfffffffb][0xfffffff9][0x1f][0xffffffa4][0xffffffbb][0xffffffbe][0xfffffffe][0xffffff99][0xffffffe8]A[0xffffffc8][0xfffffffd][0xffffffd6][0xffffff90];M[0x1f]#[0xffffff81]d[0x7f][0x1a][0xffffff82][0xffffffe4]z[0x19]c?[0xffffffd5][0xffffff9f][0x6][0xffffffd8][0xffffffcf][0xfffffff4][0xffffffb7]?~[0xffffff8a][0xffffffe8]"z[0x10]r[0xffffffcf][0x3][0xffffffb9]w[0xfffffffa]1[0x12]Nt[0xffffffa1]{[0x10][0xffffff96]1([0xffffffa2][0xb][0xffffffd3][0xffffff83][0xfffffff0][0xffffffed][0xffffff8f][0xffffff9f]#[0xfffffffa]PD[0xffffffd7][0xffffff82][0xffffffe4][0xffffff8f][0xffffff8f][0xffffff91]x[0xffffffa2][0xf][0xf][0xffffffa2][0xf][0xffffff9a][0xffffffe8][0xffffff83]$[0xfffffffa][0xffffffb8]B[0xffffffb4][0xffffffba]I[0xffffffdd][0xffffffeb][0xffffffec] [0xffffffd1][0xffffffec]M[0xffffffea]OC[0x18][0x10][0xffffffcd][0xffffffdd][0xffffffa4][0xfffffffe]4[0x0]F[0xfffffff4][0xffffffb9][0xffffff9b][0xffffffd4]o[0x7f][0xffffffa4]nR[0xfffffff7]V[0xffffff90][0xffffffce][0xffffffc7][0xffffff8f][0xffffff91]x[0xffffffa2][0xffffffe9][0xffffff9b][0xffffffd4][0xffffffcb][0x18][0x18][0xffffffd1][0xffffffcc]M[0xffffffea]o[0x7f][0xfffffffc][0x1c][0xffffffd1]E[0x12]=[0xffffff91]f[0xffffff8f][0xffffff8f][0xffffff91]x[0xffffffa2][0xffffff8b][0x7][0xffffffd1][0xffffff85]&[0xffffffba][0xffffff90]D[0xffffff97]+DwA[0xfffffff4]H[0xffffff89]L[0x1d][0xffffffdd][0xffffff81][0xffffffe8][0xffffffee]At[0xffffffa7][0xffffff89][0xffffffee]$[0xffffffd1][0xfffffffd][\n]"
10:43:49.211 [Test worker] DEBUG org.apache.hc.client5.http.wire - http-outgoing-1 << "[0xffffffd1][0xffffffea][0xfffffff4]n[0xffffff8c]J:[0xffffffda][0xffffffe1][0xfffffff4][0xffffffae]x[0xffffff9c][0xffffffde][0x15][0xfffffffa][0xfffffff4][0xffffffae][0xffffff90][0xffffffa7]w[0xffffffe5][0xffffffca][0xffffffe9]]U[0xffffffa7]w3[0x1d] [0xffffffd1][0xffffffd5][0xffffffe1][0xfffffff4][0xffffffae]z[0xffffff9c][0xffffffde]U[0xfffffffa][0xfffffff4][0xffffffae][0xffffff92][0xffffffa7]w[0xfffffff5][0xffffffca][0xffffffe9]]U[0xffffffa7]w[0xffffffb3]$[0xfffffff0][0xfffffff4][0xffffffae]:[0xffffff9c][0xffffffde]U[0xffffff8f][0xffffffd3][0xffffffbb]J[0xffffff9f][0xffffffde]U[0xfffffff2][0xfffffff4][0xffffffae]^9[0xffffffbd][0xffffffbb][0xffffffff]Q[0xffffffdc][0xffffffdf][0xffffffc2][0xffffff89]&[0xfffffff7][0xffffffb7]>[\r]aA4[0xffffffb5][0xffffffbf][0xfffffff5]i[0x0][0xffffff90][0xffffffe8]3[0xfffffffb][o[0x7f][0xffffff94][0x14][0xffffffd1][0xfffffff7]L[0xe][0x12][0xffffff9d][0x1c][0xffffff88]N[0x1e]D'[0xffffff9a][0xffffffe8]D[0x12][0xffffff9d][0xffffffae][0x10]-[0xffffffce][0xffffffa3][0xffffffcb][0xffffffed][0xffffff96][0xffffff90][0xffffff86][0xffffffbc][0xffffff8f][0xffffff91]x[0xffffffa2]=[0xffffffce][0xffffffa3]+}[0x1e]][0xffffffc9][0xfffffff3][0xffffffe8]z[0xffffffe5]"
10:43:49.530 [Test worker] DEBUG org.apache.hc.client5.http.wire - http-outgoing-1 << "<[0xffffffba]VEte[0xffffff9a]=>F[0xffffffe2][0xffffff89][0xffffffae][0x1e]DW[0xffffff9a][0xffffffe8]J[0x12]][0xffffffaf][0x10]-[0xffffffde][0xffffff89][0xffffffbb][0x13]M[0xffffffde][0xffffffbd][0xffffffab][0xffffffec];q[0xffffff9f][0xffffff86]0 [0xffffff9a]{'[0xffffffee][0xffffffd3][0x0][0x18][0xffffffd1][0xffffffe7][0xffffffde][0xffffff89]{[0xfffffffb]#[0xfffffff1][0xffffff85][0xffffffa5][0xffffffdc][0x1a][0xffffffea]h[0xffffff87]/,[0xffffffd5][0xffffffe3][0xb]K[0xffffffa5][0xffffffbf][0xffffffb0]T[0xfffffff2][0xb]K[0xffffffbd][0xfffffff2][0xffffff85][0xffffffa5][0xffffff8a][0x16][0xffffffd3];[0xffffffd1][0xffffffcc][0x1b]D[0x1f]#[0xfffffff1]D[0xffffffd3]-[0xffffffa6][0xffffffcb][0x18][0x18][0xffffffd1]L[0xffffff8b][0xffffffe9][0xffffffb7]?~[0xffffff8e]h[0xfffffff1][0xffffffcd][0xffffffb0][0xffffffdc]z[0x7][0xffffffef]GW[0xffffff87]o[0xffffff86][0xffffffd5][0xffffffe3][0xffffff9b]a[0xffffffa5][0xffffffbf][0x19]V[0xfffffff2][0xffffff9b]a[0xffffffbd][0xfffffff2][0xffffffcd][0xffffffb0][0xffffff89]/,[0xffffff85]z[0xffffffb1][0xffffffe5]c$[0xffffff9c][0xffffffe8][0xffffffe6][0xfffffff1][0xffffff85][0xffffffa5][0xffffffd1]_X[0x1a][0xfffffff9][0xffffff85][0xffffffa5]][0xfffffff9][0xffffffc2][0xffffffd2][0xffffffc4][0xfffffffd][0xffffffe8]r[0xffffffb4][0xc][0xffffff9e][0xffffffde]5[0xffffff87][0xfffffffb][0xffffffd1][0xffffffcd][0xffffffe3]~t[0xffffffa3][0xffffffef]G7[0xfffffff2]~t[0xffffffbb]r?[0xfffffffa][0xfffffffe]G[0xffffffc5][0xffffff8f]h[0xfffffff2][\r][0xffffffa2]OCX[0x10]M[0xffffffbd]A[0xfffffff4]i[0x0][0xffffff90][0xffffffe8]3o[0x10][0xffffffbd][0xfffffffd][0xffffff91][0xfffffffa][0xffffffc2]r[0xffffffcc][0x6][0xffffffe6][0xffffffe8][0xffffffe6][0xfffffff0][0xffffff85][0xffffffa5]y|ai[0xfffffff4][0x17][0xffffff96]F~ai[0xffffffdf][0xfffffffd][0xffffffc2][0xfffffff2]OoL[0xfffffffe][0xfffffffe][0xffffffaf][0x7f][0xffffffb8]s[\r][0xffffff91][0xfffffff9][0xfffffffa][0xffffffe3]&|[0xffffffbe][\r][0xffffffe3]@[0xffffffe9][0xffffffa7]Q8V[0xffffffdf][0xffffff86] [0xffffff89][0xfffffffd][0x18][0xffffffe1][0xffffffff]j[0xffffffe2]*L[0xffffff9c][0x1a][0xfffffff3][0xfffffff2][0xfffffffd][0xffffffc7]H[0xffffffbc][0xffffff89][0xffffffab][0xffffff87][0xffffff89]k`|3[0xffffffdd][0xffffff95]4q53q$[0x13]3[0xffffffb1][0xffffffe2][0x13]3q[0xffffffa4][0x14]1[0xfffffff1][0xffffffca]*`[0xffffffe2][0xffffff95][0xffffffd8][0x13]&V[0xffffffdf][0xffffffff][0xfffffff2]1H[0x13];|[0xffffffff]k[0x1e][0xffffffdf][0xffffffff][0x1a][0xfffffffd][0xfffffffd][0xffffffaf][0xffffff91][0xffffffdf][0xffffffff][0xffffffda]w[0xffffffbf][0xffffffff][0x1]&[0xffffff8e]db&V|b&[0xffffff8e][0xffffff94]"&^Y[0x5]L[0xffffffbc][0x12]{[0xffffffc2][0xffffffc4][0xffffffea][0xffffffbb]u[0xffffffae][0xffffff99][0xfffffffc]&[0xffffffe2][0xfffffff0][0xffffffdd][0xffffffba]y|[0xffffffb7]n[0xfffffff4]w[0xffffffeb]F~[0xffffffb7]n[0xffffffdf][0xfffffffd]n[\r][0xffffff98]8[0xffffff92][0xffffff89][0xffffff99]X[0xfffffff1][0xffffff89][0xffffff99]8R[0xffffff8a][0xffffff98]xe[0x15]0[0xfffffff1]J[0xffffffec][0x9][0x13][0xffffffab][0xfffffffb][0x16][0xffffffb9]U[0xffffffb0][0x19][0xffffffa6]9[0xffffffdc][0xffffffb7]h[0x1e][0xfffffff7]-[0x1a]}[0xffffffdf][0xffffffa2][0xffffff91][0xfffffff7]-[0xffffffda]w[0xffffffef][[0x0]&[0xffffff8e]db&V|b&[0xffffff8e][0xffffff94]"&^Y[0x5]L[0xffffffbc][0x12][0xfffffffb][0xffffffe3]&[0xffffffee][0xffffffa2][[0xffffffa0][0xffffffe4]~[0xffffff80][~[0xffffffdd][0xffffffa1][[0xffffffa0]{t[0xb]t[0xffffffba][[0xffffffa0][0xffffff93][0xffffffdd][0x2][0xfffffffd][0xffffffbb][0xffffffdd][0x2][0xfffffffb]M,[0xffffffc8][0xffffffa4]L,[0xfffffff9][0xffffffa4]L,(%L[0x1c]X[0xffffffdd]o[0xffffffe2]@[0xffffffec][0x9][0x13][0xffffffab][0x1b][0xffffff9b][0xfffffff9][0xffffff9e][0xffffffb2]A[0x13];[0xffffffdc][0xffffffd8][0xffffffec][0x1e]76;}c[0xffffffb3][0xffffff93]76[0xfffffffb]wol[0x2]&[0xffffff8e]db&V|b&[0xffffff8e][0xffffff94]"&^Y[0x5]L[0xffffffbc][0x12]{[0xffffffc2][0xffffffc4][0xffffffea][0xffffffa6]q[0x1e][0x7]x/[0xffffffb3];[0xffffffdc]4[0xffffffee][0x1e]7[0xffffff8d];}[0xffffffd3][0xffffffb8][0xffffff93]7[0xffffff8d][0xfffffffb]wo[0x1a][0x3]&[0xffffff8e]db&V|b&[0xffffff8e][0xffffff94]"&^Y[0x5]L[0xffffffbc][0x12]{[0xffffffc2][0xffffffc4][0xffffffea]>q[0xffffff9e][0xffffffcc]+S[0x1f]#[0xfffffff1]&[0xfffffff6][0xffffffb8]O[0xffffffdc][0xffffffe3]M[0xffffffcd][0xffffffcd]t[0xffffff93][0xfffffff7][0xffffff89][0xfffffffb]z;[0xffffff93]6[0xffffffb1][0xffffffcf]}b[0xffffffc9]'fb[0xffffff8f][0xfffffffb][0xffffffc4][0xffffff81]U[0xffffffc0][0xffffffc4][0xffffffd7][0xffffffef][0x13][0xffffffdf][0xffffffff][0xffffffb4][0xfffffff8][0xffffff99][0xffffff98][0xffffffdf]Uz[0xc]aabvW[0xffffffe9]1[0x0]h[0xffffffe2][0xffffffef][0xffffffec]*!&^[0xffffffc9][0x4]M[0x1c][0xfffffff9][0x4]M[0xffffffbc]R[\n]"
10:43:49.530 [Test worker] DEBUG org.apache.hc.client5.http.wire - http-outgoing-1 << "[0xffffff99][0xffffffb8][0xfffffff0]&.WM[0xffffffac][0x1a][0xffffffb2][0xffffffca]$[0xffffffdb][0xffffffc0][0xffffffbb]CCV[0xfffffff7]h[0xffffffc8][0xffffffea]tCV'[0x1b][0xffffffb2][0xfffffffa]w[0x1b][0xffffffb2][0x0][0x13]G21[0x13]+>1[0x13]GJ[0x11][0x13][0xffffffaf][0xffffffac][0x2]&^[0xffffff89]=ab[0xffffffb5][0xffffffd9]Q[0x13][0xfffffff9][0xffffffd2]Hw[0xffffffd8][0xffffffec][0xffffffe8][0x1e][0xffffff9b][0x1d]=[0xffffffde][0xffffff99][0xffffffdf]L7[0xffffffb9][0xffffffd9][0xffffffd1][0xffffffd7]{[0xfffffff2][0xffffffb4][0xffffff89]}6;$[0xffffff9f][0xffffff98][0xffffff89]=6;[0x2][0xffffffab][0xffffff80][0xffffff89][0xffffffaf]ov[0xc]uw[0xffffffa2][0x15][0xfffffff2][0xffffffa5][0xffffffc9][0xffffffe1]pwbx[0xffffffdc][0xffffff9d][0x18][0xfffffff1][0xffffffab][0xfffffff4]^[0xffffffba][0x7]ywb[0xffffffac]_[0xffffffa2]a[0x13][0xb]2)[0x13]K>)[0x13][0xb]J[0x9][0x13][0x7]V[0xfffffff7][0xffffff9b]8[0x10]{[0xffffffc2][0xffffffc4]U[0xffffff99]x[0xffffffa6][0x2][0xffffff9a][0xffffffb8]:[0xffffff98][0xffffffb8]z[0xffffff98][0xffffffb8][0x6][0xffffffc6]7[0xffffffd3]]I[0x13]W3[0x13]G21[0x13]+>1[0x13]GJ[0x11][0x13][0xffffffaf][0xffffffac][0x2]&^[0xffffff89]=ab[0xffffffb5]c[0xffffffd7][0xffffffef][0xffffffff]D[0xffffffd0][0xffffffc4][0xe];v[0xffffffc3]c[0xffffffc7]n[0xffffffc4][0xffffffed][0xffffffa5][0xffffffcd]t[0xffffff93];vc[0xffffffdd]X[0xffffffa2]M[0xffffffec][0xffffffb3]c'[0xfffffff9][0xffffffc4]L[0xffffffec][0xffffffb1]c[0x17]X[0x5]L|}[0xffffffc7]n[0xffffffde][0xffffffbe][0xffffffe4]`[0xffffffe2]q[0xffffffff][0x7f][0xffffff9c][0xffffff89]_F[0xffffffc2]M[0xfffffffc][0x18][0xffffff82]7[0xfffffff1][0xffffffd7]1([0x13]?[0x6][0xffffffa0]L[0xfffffffc][0xfffffffe][0xffffffe3].&[0x16]dR&[0xffffff96]|R&[0x16][0xffffff94][0x12]&[0xe][0xffffffac][0xffffffee]7q [0xfffffff6][0xffffff94][0xffffff89][0xf]C[0x15][0x1f][0x16].>Ld|[0xffffffe0]6>P[0x1d][0x1f]n>[0xe]x[0xffffff82]B[0x16][0xffffff90][0xffffff82]F[0xe][0xffffffa8]BJ>[0xc][0xffffff9c]|[0xfffffffc][0xffffff84][0xffffff94][0x1f][0xffffffc7][0xffffffc3]fRN[0xfffffffc][0xffffffe5][0xffffffe2][0xffffffd7]),[0xffffffa4][0xffffff9c][0xffffffd8][0xffffffeb][0xffffffc5][0xffffffaf][0x13][0xffffff80]RNV[0x17][0xffffff8c][0x15][0xffffff9e][0xffffffa0][0xffffff94][0x5][0xffffffa4][0xffffffa0][0xffffff94][0x3][0xffffffaa][0xffffff90][0xffffff94][0x13]}[0xffffffc9]8b{J[0xffffffca][0xffffffb5][0xfffffff9]I[0xffffffb9]6[0x7])[0xffffffdf][0xffffffa7][0xffffffb0][0xffffff90][0xfffffff2][0xffffffdb][0x1c][0xffffffa0][0xffffff94][0xffffffef][0x13][0xffffff80]R~[0xfffffffd]u#)[0x7]<A)[0xb]HA)[0x7]T!)/[0xffffffc0]"R^[0xffffffb0]=%[0xffffffe5]^[0xfffffffd][0xffffffa4][0xffffffdc][0xffffffab][0xffffff83][0xffffff94][0xffffffef]SXH[0xfffffff9]m[0xe]P[0xffffffca][0xfffffff7][0x9]@)[0xffffffbf][0xfffffffe][0xffffffba][0xffffff91][0xffffff94][0x3][0xffffff9e][0xffffffa0][0xffffff94][0x5][0xffffffa4][0xffffffa0][0xffffff94][0x3][0xffffffaa][0xffffff90][0xffffff94][0x17]`[0x11])/[0xffffffd8][0xffffff9e][0xffffff92][0xfffffff2][0xffffff8c][0x17]-p)O[0xfffffffe][0xffffffa6][0xffffffc5][0xffffffeb][0x14][0x16]R~[0xffffff9b][0x3][0xffffff94][0xfffffff2][0xffffffe4].[|[0xfffffffd]u#)[0x7]<A)[0xb]HA)[0x7]T!)O[0xfffffffa][0xffffffc6]E[0xffffffc4][0xfffffff6][0xffffff9c][0xffffff94][0xffffff87][0xffffffa1][0xffffff94][0xffffff87][0xffffff85][0xffffff94][0xffffff87][0xffffff89][0xffffff94][0x7].[0xffffffe5][0xffffff81]Jy[0xffffffb8]Iy[0xffffffc5][0xffffff93][0xffffff94]r[0xffffff84][0xffffff94][0xffffff94][0xfffffff2][0xffffff8a]*%[0xffffffe5]a [0xffffffe5]q][0xffffffca][0xffffffc7]-[0xfffffff9]Y[0xfffffff9]>[0xffffff94][0xffffff83][0xffffff96]_[0xffffffc6][0xffffffb0][0xfffffff0][0xfffffff2][0xfffffffb] [0xffffffa0][0xffffff98]_F[0x0][0xffffffcd][0xfffffffc][0xfffffff6][0xfffffff3]Fj[0xffffff8e][0xffffff8c][0xffffff82]nV[0xffffffa4][0xffffff82]r[0xffffff8e][0xffffffbc]Bv^[0xffffffa9]E[0xfffffff4][0xffffffbc][0xffffffb2]{[0xffffffce][0xffffffcf][0xffffffdd][0xfffffff0]([0xffffffe3]>[0xffffff94][0xffffff85][0xffffff9f][0xffffffef]cx[0xfffffff8][0xfffffff9]m[0x10][0xffffffd2][0xffffffcf][0x1d]=[0xffffffce]x[0xfffffffb]y'?[0x7]FI?[0xb]RI?[0x7]^)?w[0xffffff83]3[0xffffff8d][0xffffff95][0xffffffdd][0x1f][0xfffffff1]s{[0xfffffffd]c[0xffffffd5]r1zF[0xffffffec][0xfffffffc]1[0x12][0xffffffe8][0xffffffe6]OC[0xffffff90]f^[0xffffffc6][0xffffffd8][0xffffffef][0xffffffe5]O[0x3][0xffffffec][0xffffffb7][0xfffffff2][0xffffffb7]?[0xffffffce];[0xfffffff9])[0xffffff99][0xfffffffb][0xffffff8d][0xfffffffc][0x1d]>[0xfffffff7][0xfffffffb]"
10:43:49.541 [Test worker] DEBUG org.apache.hc.client5.http.wire - http-outgoing-1 << "[0xfffffff8])[0xffffffa5]{m[0xfffffffc][0xffffff84][0xffffffd5][0xffffff9d].~B[0xffffffec][0x9][0x13][0xffffffab]^[0xfffffffa][0xffffff99][[0x2]M[0xffffffcc][0xfffffff6][0xffffffd2][0x7f][0x1a][0xffffffc2][0xffffffc0][0xffffffc4]\/[0xfffffffd][0xffffffa7][0x1]0[0x13][0xffffffdb][0xfffffff4][0xffffffd2]?%[0x13]3[0xffffffb1]G/[0xfffffffd]SJ[0x11][0x13][0xffffff93][0xffffffbd][0xfffffff4]O[0xffffff88]=a[0xffffffe2][0xffffffa2]L[0xffffffdc]*[0xffffffd2]K[0xffffffff]1[0x12]o[0xffffffe2][0xffffffe2]a[0xffffffe2][0x12][0x18][0xffffffdf]Lw!M\[0xffffffcc]L[0x1c][0xffffffc9][0xffffffc4]L[0xffffffac][0xfffffff8][0xffffffc4]L[0x1c])EL[0xffffffbc][0xffffffb2][\n]"
10:43:49.541 [Test worker] DEBUG org.apache.hc.client5.http.wire - http-outgoing-1 << "[0xffffff98]x%[0xfffffff6][0xffffff84][0xffffff89][0xffffffab]2[0xfffffff1]<H[0x13]W[0x7][0x13]W[0xf][0x13][0xffffffd7][0xffffffc0][0xfffffff8]f[0xffffffba]+i[0xffffffe2]jf[0xffffffe2]H&fb[0xffffffc5]'f[0xffffffe2]H)b[0xffffffe2][0xffffff95]U[0xffffffc0][0xffffffc4]+[0xffffffb1]'L[0xffffffdc][0xffffffa2][0xffffff89][0xffffffeb][0xffffffed][0xffffffd6]H[0x13]7[0x7][0x13]7[0xf][0x13][0xffffffb7][0xffffffc0][0xfffffff8]f[0xffffffba][0x1b]i[0xffffffe2]ff[0xffffffe2]H&fb[0xffffffc5]'f[0xffffffe2]H)b[0xffffffe2][0xffffff95]U[0xffffffc0][0xffffffc4]+[0xffffffb1]'L,^[0x8][0xffffffb9][0xffffff9b]x[0xffffff92][0xffffffe7][0xffffffc4][0xffffffec][0xb]![0xffffff9f][0xffffff86]001[0xfffffff7]B[0xffffffc8][0xffffffa7][0x1]0[0x13][0xffffffdb][0xffffffbc][0x10][0xfffffff2][0xffffff94]L[0xffffffcc][0xffffffc4][0x1e]/[0xffffff84]<[0xffffffa5][0x14]11[0xfffffff9]B[0xffffffc8][0x13]bO[0xffffff98]x([0x13][0x1f][0x7][0xfffffff2]B[0xffffffc8][0xffffffc7]H[0xffffffbc][0xffffff89][0xffffff87][0xffffff87][0xffffff89]G`|3[0xffffffdd][0xffffff83]4[0xfffffff1]03q$[0x13]3[0xffffffb1][0xffffffe2][0x13]3q[0xffffffa4][0x14]1[0xfffffff1][0xffffffca]*`[0xffffffe2][0xffffff95][0xffffffd8][0x13]&[0x16][0xffffffbd][0xfffffff4]w[0x13]3[0xffffffaf][0xffffffe6]}[0xffffff8c][0xffffffc4][0xffffff9b][0xffffff98][0xffffffee][0xffffffa5]_[0xffffffc6][0xffffffc0]L[0xffffffcc][0xfffffff4][0xffffffd2][0x7f][0xfffffffb][0xffffffe3]6&v[0xffffffe8][0xffffffa5][0xffffffff][0xe][0xffffff9f][0xffffff98][0xffffff89][0xffffffe9]^[0xfffffffa]'[0xffffffac][0x2]&[0xffffffbe][0xffffffd2]K[0xffffffff][0xfffffff8][0xffffffd3]q[0xffffffbb])[0x13][0xffffffa7][0xffffffcc][0xffffff99][0xfffffff8]1[0x12]m[0xffffffe2][0xffffffd7]!p[0x13][0x7f][0xffffff8c][0x1][0xffffff99][0xfffffff8]u[0x0][0xffffffc8][0xffffffc4]_[0x7f][0xffffffdc][0xffffffc4][0xffffffc4][0xffffff8a]L[0xffffffc8][0xffffffc4][0xffffff9a]O[0xffffffc8][0xffffffc4][0xffffff8a]R[0xffffffc0][0xffffffc4][0xffffff91][0xffffffd5][0xffffffed]&[0xffffff8e][0xffffffc4][0xffffff9e]0[0xffffffb1][0xffffffd8][0xffffffec][0xffffffa8][0xffffffb7][0xffffff9c][0xffffffb9][0xffffffd3][0xffffff89][0xffffffc7]H[0xffffffbc][0xffffff89]-6;>[0xffffffc6][0xffffffc0]L[0xc]nv|[0xfffffffd]q[0x1b][0x13][0xffffffdb]lvh>1[0x13][lvDV[0x1][0x13]_[0xffffffde][0xffffffec][0x18][0xffffffb7][0xffffffa4]L\Z[0x7]M[0xffffff9c][0x1c]L[0xffffff9c]<L[0xffffff9c][0x2][0xffffffe3][0xffffff9b][0xffffffe9]N[0xffffffa4][0xffffff89][0xffffff93][0xffffff99][0xffffff89]#[0xffffff99][0xffffff98][0xffffff89][0x15][0xffffff9f][0xffffff98][0xffffff89]#[0xffffffa5][0xffffff88][0xffffff89]WV[0x1][0x13][0xffffffaf][0xffffffc4][0xffffff9e]0q[0xfffffffe][0x12][0xffffffba][0xffffff82][0xffffffea]m&[0xffffffd2][0xffffffc4][0xfffffff7][0xffffff91]x[0x13][0xffffffbf][0xc]a`[0xffffffe2][0xfffffff7]10[0x13][0xffffffbf][0xc][0xffffff80][0xffffff99][0xfffffff8][0xffffffed][0xffffffc7]mL[0x1c][0xffffffc9][0xffffffc4]L[0xffffffac][0xfffffff8][0xffffffc4]L[0x1c])EL[0xffffffbc][0xffffffb2][\n]"
10:43:49.541 [Test worker] DEBUG org.apache.hc.client5.http.wire - http-outgoing-1 << "[0xffffff98]x%[0xfffffff6][0xffffff84][0xffffff89][0xffffffc5][0xffffff8e]]=[0xffffff8e]L[0xffffff9a][0xffffffd8]`[0xffffffc7][0xffffffee]u[0x8][0x3][0x13][0xffffffc3];v[0xffffffaf][0x3]`&[0xfffffff6][0xffffffda][0xffffffb1]Sdb&6[0xffffffda][0xffffffb1]S[0xffffff94]"&[0xffffffc6]w[0xffffffec]"[0xffffffb1]'L,v[0xffffffec][0xffffffea]Q[0xffffffea][0x0]Ml[0xffffffb0]c[0xfffffff7]:[0xffffff84][0xffffff81][0xffffff89][0xffffffe1][0x1d][0xffffffbb][0xffffffd7][0x1]0[0x13]{[0xffffffed][0xffffffd8])21[0x13][0x1b][0xffffffed][0xffffffd8])J[0x11][0x13][0xffffffe3];v[0xffffff91][0xffffffd8][0x13]&n[0xffffffca][0xffffffc4][0xffffffbd][0xffffff90][0xffffff99][0xffffffb8]9[0xffffff98][0xffffffb8]y[0xffffff98][0xffffffb8][0x5][0xffffffc6]7[0xffffffd3][0xffffffdd]H[0x13]73[0x13]G21[0x13]+>1[0x13]GJ[0x11][0x13][0xffffffaf][0xffffffac][0x2]&^[0xffffff89]=ab[0xffffffb5]c[0xffffff97][0xffffff8e]N[0xffffff9a][0xffffffd8]`[0xffffffc7][0xffffffee]u[0x8][0x3][0x13][0xffffffc3];v[0xffffffaf][0x3]`&[0xfffffff6][0xffffffda][0xffffffb1]Sdb&6[0xffffffda][0xffffffb1]S[0xffffff94]"&[0xffffffc6]w[0xffffffec]"[0xffffffb1]'L[0xffffffac]v[0xffffffec]R[0xffffffb9][0xffffff91][0xffffffa7][0x13][0x6];v[0xffffffaf]C[0x18][0xffffff98][0x18][0xffffffde][0xffffffb1]{[0x1d][0x0]3[0xffffffb1][0xffffffd7][0xffffff8e][0xffffff9d]"[0x13]3[0xffffffb1][0xffffffd1][0xffffff8e][0xffffff9d][0xffffffa2][0x14]11[0xffffffbe]c[0x17][0xffffff89]=e[0xffffffe2]xw[0x2]7[0xffffffb1][0xffffffc1][0xffffffdd][0xffffff89][0xffffffe1]qwb[0xffffff84][0xffffffaf][0xffffffd2][0xffffffdb][0xffffffe9][0x6][0xffffffef]N[0xc][0xffffffb3][0xffffffbb][0x13][0xffffff91]L[0xffffffd0][0xffffffc4]Fw'"[0xffffffa5][0xffffff90][0xffffff89][0xfffffff1][0xffffffbb][0x13]+[0xffffffb1]'L[0xffffffac][0xffffffb6][0xffffff9d]S[0xffffffef][0xffffffe4]f[0xffffff87][0xffffffc1][0xffffffb6][0xfffffff3][0xffffffeb][0x10][0x6]&[0xffffff86][0xffffffb7][0xffffff9d]_[0x7][0xffffffc0]L[0xffffffec][0xffffffb5][0xffffffed][0xffffffac][0xffffffc8][0xffffffc4]Ll[0xffffffb4][0xffffffed][0xffffffac](EL[0xffffff8c]o;GbO[0xffffff99]Xdb[0xffffffda][0xffffffc4][0x6][0xffffff99]xzd[0xffffffe2][0x19][0xffffffd2][0xffffffc6]v[0xffffffba][0xffffffc1]L<[0xffffffcd]2q$[0x13]4[0xffffffb1]Q&[0xffffff8e][0xffffff94]B&[0xffffffc6]3[0xfffffff1]J[0xffffffec][0xffffff8f][0xffffff9b][0xfffffff8]P[0xffffffbd][0x13]i[0x1e][0x7]g[0xffffffe2][0xffffffc3][0xffffffa1]w[0xffffffe2][0xfffffff0][0xffffffe8][0xffffff9d]8[0xffffffe2]F[0xffffffff]^[0xffffffba][0xf][0xffffffb2]w[0xffffffe2]X[0xffffffb7][0xfffffff8]a[0x13][0xb]2)[0x13]K>)[0x13][0xb]J[0x9][0x13][0x7]V[0xfffffff7][0xffffff9b]8[0x10]{[0xffffffc2][0xffffffc4]j[0xffffffdb]9[0xffffffcd][0xffffff91]@[0x13];l;[0x1f][0x1e][0xffffffdb][0xffffffce]G[0xffffffdc]#[0xffffffdd]L7[0xffffffb9][0xffffffed]|[0xffffffac][0xffffffbb][0xffffffa3][0xffffffb4][0xffffff89]}[0xffffffb6][0xffffff9d]%[0xffffff9f][0xffffff98][0xffffff89]=[0xffffffb6][0xffffff9d][0x3][0xffffffab][0xffffff80][0xffffff89][0xffffffaf]o;[0x1f]j[0xffffffb3]#[0xffffffd7][[0x5]M[0xffffffec][0xffffffb0][0xffffffd9]qxlv[0x1c][0xfffffff1][0xffffffce][0xfffffffc]f[0xffffffba][0xffffffc9][0xffffffcd][0xffffff8e]c[0xffffffbd]'O[0xffffff9b][0xffffffd8]g[0xffffffb3]C[0xfffffff2][0xffffff89][0xffffff99][0xffffffd8]c[0xffffffb3]#[0xffffffb0][\n]"
10:43:49.541 [Test worker] DEBUG org.apache.hc.client5.http.wire - http-outgoing-1 << "[0xffffff98][0xfffffff8][0xfffffffa]f[0xffffffc7][0xffffffcb][0x7f][0xffffff89]&[0xffffffee][0xffffff83]<[0xffffff9d]h[0xe]&n[0x1e]&n[0xffffff81][0xfffffff1][0xffffffcd]t7[0xffffffd2][0xffffffc4][0xffffffcd][0xffffffcc][0xffffffc4][0xffffff91]L[0xffffffcc][0xffffffc4][0xffffff8a]O[0xffffffcc][0xffffffc4][0xffffff91]R[0xffffffc4][0xffffffc4]+[0xffffffab][0xffffff80][0xffffff89]WbO[0xffffff98]Xmv[0xffffff94][0xffffffa3][0xffffff90][0xffffffa7][0x13][0xe][0xffffff9b][0x1d][0xffffff87][0xffffffc7]f[0xffffffc7][0x11][0xffffffef][0xffffffcc]o[0xffffffa6][0xffffff9b][0xffffffdc][0xffffffec]8[0xffffffd6]{[0xfffffff2][0xffffffb4][0xffffff89]}6;$[0xffffff9f][0xffffff98][0xffffff89]=6;[0x2][0xffffffab][0xffffff80][0xffffff89][0xffffffaf]ov[0x1c]j[0xffffffb3][0xffffffa3][0xffffffe4]Bfb[0xffffff87][0xffffffcd][0xffffff8e][0xffffffc3]c[0xffffffb3][0xffffffe3][0xffffff88]w[0xffffffe6]7[0xffffffd3]Mnv[0x1c][0xffffffeb]=y[0xffffffda][0xffffffc4]>[0xffffff9b][0x1d][0xffffff92]O[0xffffffcc][0xffffffc4][0x1e][0xffffff9b][0x1d][0xffffff81]U[0xffffffc0][0xffffffc4][0xffffffd7]7;[0xffffff92]:'[0xffffffae][0xffffffb3]po;?F[0xffffffc2]M[0xffffff9c]<[0xffffffce][0xffffff89]S<[0xffffff81][0xffffffdb]Kw"[0xffffffcf][0xffffff89][0xffffffd3]z[0xffffffea][0x6][0xffffff9b]X[0xffffff90]I[0xffffff99]X[0xfffffff2]I[0xffffff99]XPJ[0xffffff98]8[0xffffffb0][0xffffffba][0xffffffdf][0xffffffc4][0xffffff81][0xffffffd8][0x13]&V[0xffffffa7][0x13][0xffffffed][0x6][0xffffffbe]([0xfffffffa][0x18][0xffffff89]7[0xffffffb1][0xffffffc7][0xffffffe9]D[0xffffff8a][0xffffffff][0xffffffb9]o3[0xffffffdd][0xffffffe4][0xffffffe9]DZ[0xffffffff][0xffffffb3][0x1e]mb[0xffffff9f][0xffffffd3][0x9][0xffffffc9]'fb[0xffffff8f][0xffffffd3][0xffffff89][0xffffffc0]*`[0xffffffe2][0xffffffeb][0xffffffa7][0x13]I[0xffffff9d]N[0xffffffb4][0xffffff83]|[0xffffffc7].9[0xffffff9c]N$[0xffffff8f][0xffffffd3][0xffffff89][0x14][0xffffffff]s[0xffffffdf]f[0xffffffba][0xffffffc9][0xffffffd3][0xffffff89][0xffffffb4][0xfffffffe]g=[0xffffffda][0xffffffc4]>[0xffffffa7][0x13][0xffffff92]O[0xffffffcc][0xffffffc4][0x1e][0xffffffa7][0x13][0xffffff81]U[0xffffffc0][0xffffffc4]?q:[0xffffffa1][0xffffffb6][0xffffff9d][[0xffffffe9][0x5]4[0xffffffb1][0xffffffc3][0xffffffb6]s[0xfffffff2][0xffffffd8]vNq[0xffffff8f]t3[0xffffffdd][0xffffffe4][0xffffffb6]sZwGi[0x13][0xfffffffb]l;K>1[0x13]{l;[0x7]V[0x1][0x13]_[0xffffffdf]v[0xffffffce]j[0xffffffb3][0xffffffa3][0xffffff97][\n]"
10:43:49.541 [Test worker] DEBUG org.apache.hc.client5.http.wire - http-outgoing-1 << "[0xffffff9a]8;lvd[0xffffff8f][0xffffffcd][0xffffff8e][0x1c][0xffffffef][0xffffffcc][0xffffffef][0xffffffa5];[0xffffff93][0xffffff9b][0x1d]y[0xffffffbd]'[0xf][0xffffff9b]X[0xffffff90]I[0xffffff99]X[0xfffffff2]I[0xffffff99]XP"
10:43:49.546 [Test worker] DEBUG org.apache.hc.client5.http.wire - http-outgoing-1 << "J[0xffffff98]8[0xffffffb0][0xffffffba][0xffffffdf][0xffffffc4][0xffffff81][0xffffffd8][0x13]&V_[0xffffffec]F[0xffffffe9][0xffffffe0][0xffffffe9]Dv[0xfffffff8]b[0xffffff97]=[0xffffffbe][0xffffffd8][0xffffffe5][0xfffffff8]-d3[0xffffffdd][0xffffffe4][0x17][0xffffffbb][0xffffffbc]~[0xffffffff][0xffffffa0]M[0xffffffec][0xfffffff3][0xffffffc5]N[0xfffffff2][0xffffff89][0xffffff99][0xffffffd8][0xffffffe3][0xffffff8b]]`[0x15]0[0xfffffff1][0xfffffff5]/vY[0xffffff9d]N[0xffffffcc][0xffffff9c][0xffffffc1]V[0xffffffcc][0xffffffec]p:[0xffffff91]=N'r[0xfffffffc][0xffffffcf]}[0xffffff9b][0xffffffe9]&O'[0xfffffff2][0xfffffffa][0xffffff9f][0xfffffff5]h[0x13][0xfffffffb][0xffffff9c]NH>1[0x13]{[0xffffff9c]N[0x4]V[0x1][0x13]_?[0xffffff9d]([0xffffffaa][0x1]hfr[0xffffffc7][0xffffffae]84[0x0][0x15][0xffffff8f][0x6][0xffffffa0][0x12][0xffffffbb]U[0xfffffff6][0xffffffd2]][0xffffffc8][0x6][0xffffffa0][0xffffffb2][0xfffffff6][0xffffffa9][0xffffffc0]&[0x16]dR&[0xffffff96]|R&[0x16][0xffffff94][0x12]&[0xe][0xffffffac][0xffffffee]7q [0xfffffff6][0xffffff84][0xffffff89][0xf]e[0xffffffe2]r[0xffffff80][0xffffffaf]'[0xffffffbd][0xffffff8c][0xffffffc4][0xffffff9b][0xfffffff8][0xfffffff0]0[0xfffffff1][0x11][0x18][0xffffffdf]L[0xfffffff7]A[0xffffff9a][0xfffffff8]03q$[0x13]3[0xffffffb1][0xffffffe2][0x13]3q[0xffffffa4][0x14]1[0xfffffff1][0xffffffca]*`[0xffffffe2][0xffffff95][0xffffffd8][0x13]&V_[0xffffffec]f[0xffffffcd][0xffffffe0]}[0xffffffe2][0xffffffe2][0xfffffff0][0xffffffc5][0xffffffae]x|[0xffffffb1]+[0xfffffff1][[0xffffffc8]f[0xffffffba][0xffffffc9]/ve[0xfffffffd][0xfffffffe]A[0xffffff9b][0xffffffd8][0xffffffe7][0xffffff8b][0xffffff9d][0xffffffe4][0x13]3[0xffffffb1][0xffffffc7][0x17][0xffffffbb][0xffffffc0]*`[0xffffffe2][0xffffffeb]_[0xffffffec]JV&[0xffffffee]d[0xffffffef][0xffffffc4][0xffffffcb]H[0xffffffbc][0xffffff89][0xffffffb3][0xffffff87][0xffffff89]s`|3[0xffffffdd][0xffffff99]4q63q$[0x13]3[0xffffffb1][0xffffffe2][0x13]3q[0xffffffa4][0x14]1[0xfffffff1][0xffffffca]*`[0xffffffe2][0xffffff95][0xffffffd8][0x13]&.[0xffffffca][0xffffffc4][0xffffffb3][0xffffff90][0xffffff99][0xffffffb8]8[0xffffff98][0xffffffb8]x[0xffffff98][0xffffffb8][0x4][0xffffffc6]7[0xffffffd3]]H[0x13][0x17]3[0x13]G21[0x13]+>1[0x13]GJ[0x11][0x13][0xffffffaf][0xffffffac][0x2]&^[0xffffff89]=abq[0xffffff8b][0xffffffad][0xffffffdd]r"[0xffffffbf][0xffffffd8]9[0xffffffdc]b+[0x1e][0xffffffb7][0xffffffd8]J[0xffffffbc][0x1f][0xffffffb4][0xffffff99]n[0xfffffff2][0x16][Y[0xffffffef][0x4][0xffffffd1]&[0xfffffff6][0xffffffb9][0xffffffc5]&[0xfffffff9][0xffffffc4]L[0xffffffec]q[0xffffff8b]-[0xffffffb0][\n]"
10:43:49.546 [Test worker] DEBUG org.apache.hc.client5.http.wire - http-outgoing-1 << "[0xffffff98][0xfffffff8][0xfffffffa]-[0xffffffb6][0xfffffffb][0xffffff9f]&?[0x13][0xfffffff3][0xffffffef][0xffffffd8]=[0xffffff86][0xffffffb0]01[0xfffffffb][0xffffff8e][0xffffffdd]c[0x0][0xffffffd0][0xffffffc4]V[0xffffffef][0xffffffd8][0x9]2A[0x13][0xfffffffb][0xffffffbc]c'([0xffffff85]LL[0xffffffbf]c[0x17][0xffffff88]=e[0xffffffe2][0xffffffec]g[0xffffffe2][0xffffffec]`[0xffffffe2][0xffffffec]a[0xffffffe2]L[0xffffff9b]8[0xffffff93]&[0xffffffce]f&^[0xffffffc9][0x4]M[0x1c][0xfffffff9][0x4]M[0xffffffbc]R[\n]"
10:43:49.551 [Test worker] DEBUG org.apache.hc.client5.http.wire - http-outgoing-1 << "[0xffffff99]8[0xfffffff3]&[0xffffffce][0xffffffd7]M\[0xfffffffc]L\[0x1c]L\<L\h[0x13][0x17][0xffffffd2][0xffffffc4][0xffffffc5][0xffffffcc][0xffffffc4]+[0xffffff99][0xffffffa0][0xffffff89]#[0xffffff9f][0xffffffa0][0xffffff89]WJ![0x13][0x17][0xffffffde][0xffffffc4][0xffffffe5][0xffffffba][0xffffff89][0xf]C[0x15][0x1f][0x16].>Ld|[0xffffffe0]6>P[0x1d][0x1f]n>[0xe]x[0xffffff82]B[0x16][0xffffff90][0xffffff82]F[0xe][0xffffffa8]BJ>[0xc][0xffffff9c]|[0xfffffffc][0xffffff84][0xffffff94][0xffffffb3][0xffffffe1][0xffffff99]q[0xffffffb6]84[0xffffffce]&[0xffffffa7][0xffffffc6][0x19]?6[0xffffffce][0xffffffe8][0xffffffb9]qv;8[0xe]x[0xffffff82]R[0x16][0xffffff90][0xffffff82]R[0xe][0xffffffa8]BR[0xffffffce][0x6][0xffffff87][0xffffffc7][0xfffffff9]'N[0xffffff8f][0xffffff8b][0xffffffa1][0xffffff94][0xffffff8b][0xffffff85][0xffffff94][0xffffff8b][0xffffff89][0xffffff94][0xb].[0xffffffe5][0xffffff82]J[0xffffffb9][0xffffffb8]I9[0xffffffe0][0x9]JY@[\n]"
10:43:49.551 [Test worker] DEBUG org.apache.hc.client5.http.wire - http-outgoing-1 << "J9[0xffffffa0][\n]"
10:43:49.556 [Test worker] DEBUG org.apache.hc.client5.http.wire - http-outgoing-1 << "I[0xffffffb9][0x18]H[0xffffffb9][0xfffffffc][0xffffff8c][0xffffff94][0xffffffa7][0xffffffa1][0xffffff94][0xffffffa7][0xffffff85][0xffffff94][0xffffffa7][0xffffff89][0xffffff94]'.[0xffffffe5][0xffffff89]Jy[0xffffffba]Iy[0xffffffc5][0xffffff93][0xffffff94]r[0xffffff84][0xffffff94][0xffffff94][0xfffffff2][0xffffff8a]*%[0xffffffe5]i [0xffffffe5]y][0xffffffca][0xffffffcd]0)7[0xffffff8b][0xffffffa4][0xffffffdc]L[0xffffff92]r[0xffffffc3][0xffffff93]rC[0xffffff93]rsK[0xffffffca][0x1]OP[0xffffffca][0x2]RP[0xffffffca][0x1]UH[0xffffffca][0xffffffcd] )[0xffffffb7][0xffffff9f]H[0xffffffca][0xffffffc3]P[0xffffffca][0xffffffc3]B[0xffffffca][0xffffffc3]D[0xffffffca][0x3][0xffffff97][0xfffffff2]@[0xffffffa5]<[0xffffffdc][0xffffffa4][0x1c][0xfffffff0][0x4][0xffffffa5], [0x5][0xffffffa5][0x1c]P[0xffffff85][0xffffffa4]<[0xc][0xffffffa4]<~B[0xffffffca][0xffffffb3][0xfffffff9]Iy6[0x7])[0xffffffdf][0xffffffa7][0xffffffb0][0xffffff90][0xfffffff2][0xffffffdb][0x1c][0xffffffa0][0xffffff94][0xffffffef][0x13][0xffffff80]R~[0xfffffffd]u#)[0x7]<A)[0xb]HA)[0x7]T!)/[0xffffffc0]"R^[0xffffffb0][0xfffffffd][0x11])[0xfffffff7][0xffffffd7][0xffffffbf]mjuz[0xffffffa6]B8[0xfffffff9]c$P[0xffffffc9][0xffffff9f][0xffffff86] [0xffffff8d][0xffffffbc][0xffffff8c][0xffffffb1]_[0xffffffc8][0xffffff9f][0x6][0xffffffd8][0xffffffef][0xffffffe3]o[0x7f][0xffffff9c][0xffffffd7][0xfffffff1]S2[0xfffffff7][0xffffffdb][0xfffffff8];|[0xffffffee][0xffffff97][0xfffffff1]SJ[0xfffffff7][0xffffffba][0xfffffff8][0x9][0xffffffab];U[0xfffffffc][0xffffff84][0xffffffd8][0x13]&[0xffffffee][0xffffffc2][0xffffffc4][0xffffffc7][0xffffffc1]Tl~[0xffffff8c][0xffffffc4][0xffffff9b]X=[0xffffff89][0xe]0[0x1e][0x1f]C[0xffffffdf]L[0xfffffff7][0xfffffffa][0xc][0xfffffffa]V[0xffffffae][0xffffffd7][0x7][0xffffffd0]i[0x13]G21[0x13]+>1[0x13]GJ[0x11][0x13][0xffffffaf][0xffffffac][0x2]&^[0xffffff89]=a[0xffffffe2]!J,[0xffffff8e][0xffffff92][0xffffff90][0xffffffa7][0xffffff98]>F[0xffffffe2]M<[0xffffffe0][0x12][0xffffff8b]e[0xc][0xffffffcc][0xffffffc4][0x3])[0xffffffb1][0xfffffff8][0xfffffff6][0xffffffc7]mL[0x1c][0xffffffc9][0xffffffc4]L[0xffffffac][0xfffffff8][0xffffffc4]L[0x1c])EL[0xffffffbc][0xffffffb2][\n]"
10:43:49.556 [Test worker] DEBUG org.apache.hc.client5.http.wire - http-outgoing-1 << "[0xffffff98]x%[0xfffffff6][0xffffff84][0xffffff89][0xffffffa7]2q[0xffffffeb][0xffffffc8][0x3] [0x1f]#[0xfffffff1]&[0xffffff9e][0x1e]&[0xffffff9e][0xffffff81][0xfffffff1][0xffffffcd]tO[0xffffffd2][0xffffffc4][0xffffffd3][0xffffffcc][0xffffffc4][0xffffff91]L[0xffffffcc][0xffffffc4][0xffffff8a]O[0xffffffcc][0xffffffc4][0xffffff91]R[0xffffffc4][0xffffffc4]+[0xffffffab][0xffffff80][0xffffff89]Wb[0x7f][0xffffffdc][0xffffffc4]U<[0xffffffc5][0xffffffd4][0xffffffd2]m"[0xffffffdf][0xffffffee]>F[0xffffffc2]M\[0xffffffe9][0xffffffa7][0xffffff98][0xffffff96]1([0x13]W[0xffffffe6])[0xffffffa6]o[0x7f][0xffffffdc][0xffffffc5][0xffffffc4][0xffffff82]L[0xffffffca][0xffffffc4][0xffffff92]O[0xffffffca][0xffffffc4][0xffffff82]R[0xffffffc2][0xffffffc4][0xffffff81][0xffffffd5][0xfffffffd]&[0xe][0xffffffc4][0xffffff9e]0[0xffffffb1]x[0x0][0xffffffa4][0xffffffa5][0xffffffa3][0xffffff81][0xffffffe7][0xffffffc4][0xffffff95]}[0x0][0xffffffe4][0xffffffd3][0x10][0x6]&[0xffffffe6][0x1e][0x0][0xfffffff9]4[0x0]fb[0xffffff9b][0x7]@[0xffffff9e][0xffffff92][0xffffff89][0xffffff99][0xffffffd8][0xffffffe3][0x1][0xffffff90][0xffffffa7][0xffffff94]"&&[0x1f][0x0]yB[0xffffffec][0x9][0x13][0xffffff8b][0x7]@ZJ[0xffffffb7][0xc][0xffffff9a][0xffffff98]}[0x0][0xffffffe4][0xffffffd3][0x10][0x6]&[0xffffffe6][0x1e][0x0][0xfffffff9]4[0x0]fb[0xffffff9b][0x7]@[0xffffff9e][0xffffff92][0xffffff89][0xffffff99][0xffffffd8][0xffffffe3][0x1][0xffffff90][0xffffffa7][0xffffff94]"&&[0x1f][0x0]yB[0xffffffec][0x9][0x13][0xffffffab][0x7]@R[0xffffffbe][0xffffff91][0xffffff99][0xffffff98]}[0x0][0xffffffe4][0xffffffd3][0x10][0x6]&[0xffffffe6][0x1e][0x0][0xfffffff9]4[0x0]fb[0xffffff9b][0x7]@[0xffffff9e][0xffffff92][0xffffff89][0xffffff99][0xffffffd8][0xffffffe3][0x1][0xffffff90][0xffffffa7][0xffffff94]"&&[0x1f][0x0]yB[0xffffffec][0x9][0x13]we[0xffffffe2][0xffffffd1]*h[0xffffffe2][0xffffffee]`[0xffffffe2][0xffffffee]a[0xffffffe2][0x1e][0x18][0xffffffdf]Lw'M[0xffffffdc][0xffffffcd]L[0x1c][0xffffffc9][0xffffffc4]L[0xffffffac][0xfffffff8][0xffffffc4]L[0x1c])EL[0xffffffbc][0xffffffb2][\n]"
10:43:49.556 [Test worker] DEBUG org.apache.hc.client5.http.wire - http-outgoing-1 << "[0xffffff98]x%[0xfffffff6][0xffffff94][0xffffff89][0xffffffe3][0xffffffdd][0x9][0xffffffdc][0xffffffc4][0xfffffffc][0xffffffdd][0xffffff89][0xffffffc7][0x10][0x16]&f[0xffffffef]N<[0x6][0x0]MluwB[0xffffff90][0x9][0xffffff9a][0xffffffd8][0xffffffe7][0xffffffee][0xffffff84][0xffffffa0][0x14]21}w"[0x10]{[0xffffffc2][0xffffffc4]Cd[0xffffffe2][0xffffff9c]:yN<[0x1c]2[0xfffffff1][0xfffffff0][0xffffffc8][0xffffffc4]#[0xffffffa4][0xffffff8d][0xffffffcd]t[0xf]2[0x13][0xf][0xffffffb3]L[0x1c][0xffffffc9][0xffffffc4]L[0xffffffac][0xfffffff8][0xffffffc4]L[0x1c])EL[0xffffffbc][0xffffffb2][\n]"
10:43:49.560 [Test worker] DEBUG org.apache.hc.client5.http.wire - http-outgoing-1 << "[0xffffff98]x%[0xfffffff6][0xffffff84][0xffffff89][0xffffffa7]2q[0xffffffe9][0x9]4[0xfffffff1]t0[0xfffffff1][0xfffffff4]0[0xfffffff1][0xc][0xffffff8c]o[0xffffffa6]{[0xffffff92]&[0xffffff9e]f&[0xffffff8e]db&V|b&[0xffffff8e][0xffffff94]"&^Y[0x5]L[0xffffffbc][0x12][0xfffffffb][0xffffffe3]&n7q:[0xffffff91];[0xffffffb9]c[0xfffffff7]2[0x12]n[0xffffffe2][0xffffffc7][0x10][0xffffffbc][0xffffff89][0xffffffbf][0xffffff8e]A[0xffffff99][0xfffffff8]1[0x0]e[0xffffffe2][0xfffffff7][0x1f]w1[0xffffffb1] [0xffffff93]2[0xffffffb1][0xffffffe4][0xffffff93]2[0xffffffb1]"
10:43:49.565 [Test worker] DEBUG org.apache.hc.client5.http.wire - http-outgoing-1 << "[0xffffffa0][0xffffff94]0q`u[0xffffffbf][0xffffff89][0x3][0xffffffb1]'L[0xffffffac][0xffffffee][0x13][0xffffff97]Jf[0xffffffe2][0xffffffe6]p[0xffffff9f][0xffffffb8]y[0xffffffdc]'n[0xfffffff1][0xffffffa6][0xffffffe6]f[0xffffffba][0xffffffc9][0xfffffffb][0xffffffc4]m[0xffffffbd][0xffffff9d]I[0xffffff9b][0xffffffd8][0xffffffe7]>[0xffffffb1][0xffffffe4][0x13]3[0xffffffb1][0xffffffc7]}[0xffffffe2][0xffffffc0]*`[0xffffffe2][0xffffffeb][0xfffffff7][0xffffff89][0xffffff9b][0xffffffba]O\f"M[0xffffffec]p[0xffffff9f][0xffffffb8]y[0xffffffdc]'n[0xfffffff1][0xffffffa6][0xffffffe6]f[0xffffffba][0xffffffc9][0xfffffffb][0xffffffc4]m[0xffffffbd][0xffffff9d]I[0xffffff9b][0xffffffd8][0xffffffe7]>[0xffffffb1][0xffffffe4][0x13]3[0xffffffb1][0xffffffc7]}[0xffffffe2][0xffffffc0]*`[0xffffffe2][0xffffffeb][0xfffffff7][0xffffff89][0xffffff9b][0xffffffba]O\o[0xffffffb9][0xffffff81]&v[0xffffffb8]O[0xffffffdc]<[0xffffffee][0x13][0xffffffb7]xSs3[0xffffffdd][0xffffffe4]}[0xffffffe2][0xffffffb6][0xffffffde][0xffffffce][0xffffffa4]M[0xffffffec]s[0xffffff9f]X[0xfffffff2][0xffffff89][0xffffff99][0xffffffd8][0xffffffe3]>q`[0x15]0[0xfffffff1][0xfffffff5][0xfffffffb][0xffffffc4]M[0xfffffff5][0x13][0xffffffd7][0xffffffdb][0x0]{'[0xffffff9a]C?q[0xfffffff3][0xffffffe8]'n[0xffffffb1][0xfffffff9]u3[0xffffffdd]d?q[[0xffffffdb]^i[0x13][0xfffffffb][0xfffffff4][0x13]K>1[0x13]{[0xfffffff4][0x13][0x7]V[0x1][0x13]_[0xffffffef]'n][0xffffff99][0xfffffff8][0xffffffb8][0xffffff81]]l/#[0xfffffff1]&[0xffffffee][0x1e]&[0xffffffee][0xffffff81][0xfffffff1][0xffffffcd]tw[0xffffffd2][0xffffffc4][0xffffffdd][0xffffffcc][0xffffffc4][0xffffff91]L[0xffffffcc][0xffffffc4][0xffffff8a]O[0xffffffcc][0xffffffc4][0xffffff91]R[0xffffffc4][0xffffffc4]+[0xffffffab][0xffffff80][0xffffff89]WbO[0xffffff98]X[0xffffffdd]b[0xffffffab][0xffffffa9][0xffffff92][0xffffffa7][0x13][0xe][0xffffffb7][0xffffffd8][0xffffff9a][0xffffffc7]-[0xffffffb6][0x16][0xffffffef][0x7]m[0xffffffa6][0xffffff9b][0xffffffbc][0xffffffc5][0xffffffd6][0xffffffd6];A[0xffffffb4][0xffffff89]}n[0xffffffb1]I>1[0x13]{[0xffffffdc]b[0xb][0xffffffac][0x2]&[0xffffffbe]~[0xffffff8b][0xffffffad][0xffffffdf][0xffffff94][0xffffff89][0xb][0xffffffd9];[0xfffffff1]2[0x12]n[0xffffffe2][0xffffffc7][0x10][0xffffffbc][0xffffff89][0xffffffbf][0xffffff8e]A[0xffffff99][0xfffffff8]1[0x0]e[0xffffffe2][0xfffffff7][0x1f]w1[0xffffffb1] [0xffffff93]2[0xffffffb1][0xffffffe4][0xffffff93]2[0xffffffb1][0xffffffa0][0xffffff94]0q`u[0xffffffbf][0xffffff89][0x3][0xffffffb1]'L[0xffffffac][0xfffffffa][0xffffff89]k[0xffffffcd][0xffffffe0][0xffffff8e]]w[0xffffffe8]'[0xffffffee][0x1e][0xfffffffd][0xffffffc4]=6[0xffffffbf]n[0xffffffa6][0xffffff9b][0xffffffec]'[0xffffffee]k[0xffffffdb]+mb[0xffffff9f]~b[0xffffffc9]'fb[0xffffff8f]~[0xffffffe2][0xffffffc0]*`[0xffffffe2][0xffffffeb][0xfffffffd][0xffffffc4]=)[0x13][0xfffffff7][0x1b][0xfffffff8][0xffffffc5][0xffffffee]e$[0xffffffde][0xffffffc4][0xffffffc9][0xffffffc3][0xffffffc4])0[0xffffffbe][0xffffff99][0xffffffee]D[0xffffff9a]8[0xffffff99][0xffffff99]8[0xffffff92][0xffffff89][0xffffff99]X[0xfffffff1][0xffffff89][0xffffff99]8R[0xffffff8a][0xffffff98]xe[0x15]0[0xfffffff1]J[0xffffffec][0x9][0x13][0xffffffab][0xffffffcd][0xffffff8e]:[0x1a][0xffffff99][0xffffff89][0x1d]6;[0xffffffba][0xffffffc7]fG[0xffffff8f]w[0xffffffe6]7[0xffffffd3]Mnv[0xfffffff4][0xfffffff5][0xffffff9e]<mb[0xffffff9f][0xffffffcd][0xe][0xffffffc9]'fb[0xffffff8f][0xffffffcd][0xffffff8e][0xffffffc0]*`[0xffffffe2][0xffffffeb][0xffffff9b][0x1d]]mv[0xffffffb4]Tn[0xffffffa0][0xffffff89][0x1d]6;[0xffffffba][0xffffffc7]fG[0xffffff8f]w[0xffffffe6]7[0xffffffd3]Mnv[0xfffffff4][0xfffffff5][0xffffff9e]<mb[0xffffff9f][0xffffffcd][0xe][0xffffffc9]'fb[0xffffff8f][0xffffffcd][0xffffff8e][0xffffffc0]*`[0xffffffe2][0xffffffeb][0xffffff9b][0x1d]]mv[0xffffffb4]<[0xffffffc0][0xffffffde][0xffffff89][0xffffffee][0xffffffb0][0xffffffd9][0xffffffd1]=6;z[0xffffffbc]3[0xffffffbf][0xffffff99]nr[0xffffffb3][0xffffffa3][0xffffffaf][0xfffffff7][0xffffffe4]i[0x13][0xfffffffb]lvH>1[0x13]{lv[0x4]V[0x1][0x13]_[0xffffffdf][0xffffffec][0xffffffe8]j[0xffffffb3][0xffffffa3][0xfffffff5][\n]"
10:43:49.565 [Test worker] DEBUG org.apache.hc.client5.http.wire - http-outgoing-1 << "[0xffffffde]'[0xffffffee][0xe][0xffffff9b][0x1d][0xffffffdd]c[0xffffffb3][0xffffffa3][0xffffffc7];[0xfffffff3][0xffffff9b][0xffffffe9]&7;[0xfffffffa]zO[0xffffff9e]6[0xffffffb1][0xffffffcf]f[0xffffff87][0xffffffe4][0x13]3[0xffffffb1][0xffffffc7]fG`[0x15]0[0xfffffff1][0xfffffff5][0xffffffcd][0xffffff8e][0xffffffde][0xffffff85][0xffffff89]{FM[0xffffffdc][0x1d]L[0xffffffdc]=L[0xffffffdc][0x3][0xffffffe3][0xffffff9b][0xffffffe9][0xffffffee][0xffffffa4][0xffffff89][0xffffffbb][0xffffff99][0xffffff89]#[0xffffff99][0xffffff98][0xffffff89][0x15][0xffffff9f][0xffffff98][0xffffff89]#[0xffffffa5][0xffffff88][0xffffff89]WV[0x1][0x13][0xffffffaf][0xffffffc4][0xffffff9e]0[0xffffffb1]j[0xffffff8a][0xffffffef][0xffffffad][0xffffff80][0xffffff9b][0x1d][0xffffffdd][0xffffffa1])[0xffffffbe]{4[0xffffffc5][0xfffffff7][0xffffffd8][0xffffffc1][0xffffffbd][0xffffff99]n[0xffffffb2])[0xffffffbe][0xffffffaf][0xffffffbd][0xffffffdb][0xffffffb4][0xffffff89]}[0xffffff9a][0xffffffe2]%[0xffffff9f][0xffffff98][0xffffff89]=[0xffffff9a][0xffffffe2][0x3][0xffffffab][0xffffff80][0xffffff89][0xffffffaf]7[0xffffffc5]w[0xffffffb5]c[0xffffffd7]{%[0xffffffbf][0xffffffd8]9[0xffffffec][0xffffffd8]u[0xffffff8f][0x1d][0xffffffbb][0x1e][0xffffffb7][0xffffff97]6[0xffffffd3]M[0xffffffee][0xffffffd8][0xfffffff5]uc[0xffffff89]6[0xffffffb1][0xffffffcf][0xffffff8e][0xffffff9d][0xffffffe4][0x13]3[0xffffffb1][0xffffffc7][0xffffff8e]]`[0x15]0[0xfffffff1][0xfffffff5][0x1d][0xffffffbb]q[0xfffffffb]R[0xffffffa2][0xffffff89][0x7]y[0xffffff9f][0xfffffff8]e$[0xffffffdc][0xffffffc4][0xffffff8f]!x[0x13][0x7f][0x1d][0xffffff83]2[0xfffffff1]c[0x0][0xffffffca][0xffffffc4][0xffffffef]?[0xffffffee]bbA&eb[0xffffffc9]'ebA)a[0xffffffe2][0xffffffc0][0xffffffea]~[0x13][0x7]bO[0xffffff98]X[0xffffffed][0xffffffd8][0xfffffff5]YI[0x13];[0xffffffec][0xffffffd8][\r][0xffffff8f][0x1d][0xffffffbb][0x11][0xffffffb7][0xffffff97]6[0xffffffd3]M[0xffffffee][0xffffffd8][0xffffff8d]uc[0xffffff89]6[0xffffffb1][0xffffffcf][0xffffff8e][0xffffff9d][0xffffffe4][0x13]3[0xffffffb1][0xffffffc7][0xffffff8e]]`[0x15]0[0xfffffff1][0xfffffff5][0x1d][0xffffffbb][0xffffffa1]v[0xffffffec]F[0x1a][0xffffffe0][0xffffffdb][0xffffffce][0xffffffc3]a[0xffffffc7]nx[0xffffffec][0xffffffd8][0xffffff8d][0xffffffb8][0xffffffbd][0xffffffb4][0xffffff99]nr[0xffffffc7]n[0xffffffac][0x1b]K[0xffffffb4][0xffffff89]}v[0xffffffec]$[0xffffff9f][0xffffff98][0xffffff89]=v[0xffffffec][0x2][0xffffffab][0xffffff80][0xffffff89][0xffffffaf][0xffffffef][0xffffffd8][\r][0xffffffb5]c7[0xffffffea][0x4][0x1b][0xffffff80][0xffffff86][0xffffffc3][0xffffff8e][0xffffffdd][0xfffffff0][0xffffffd8][0xffffffb1][0x1b]q{i3[0xffffffdd][0xffffffe4][0xffffff8e][0xffffffdd]X7[0xffffff96]h[0x13][0xfffffffb][0xffffffec][0xffffffd8]I>1[0x13]{[0xffffffec][0xffffffd8][0x5]V[0x1][0x13]_[0xffffffdf][0xffffffb1][0x1b]j[0xffffffc7]n[0xffffffcc][0x2]n;[0xf][0xffffff87][0x1d][0xffffffbb][0xffffffe1][0xffffffb1]c7[0xffffffe2][0xfffffff6][0xffffffd2]f[0xffffffba][0xffffffc9][0x1d][0xffffffbb][0xffffffb1]n,[0xffffffd1]&[0xfffffff6][0xffffffd9][0xffffffb1][0xffffff93]|b&[0xfffffff6][0xffffffd8][0xffffffb1][0xb][0xffffffac][0x2]&[0xffffffbe][0xffffffbe]c7[0xffffffd4][0xffffff8e][0xffffffdd]L[0x7][0xffffffb8]c7[0x1c]v[0xffffffec][0xffffff86][0xffffffc7][0xffffff8e][0xffffffdd][0xffffff88][0xffffffdb]K[0xffffff9b][0xffffffe9]&w[0xffffffec][0xffffffc6][0xffffffba][0xffffffb1]D[0xffffff9b][0xffffffd8]g[0xffffffc7]N[0xfffffff2][0xffffff89][0xffffff99][0xffffffd8]c[0xffffffc7].[0xffffffb0][\n]"
10:43:49.565 [Test worker] DEBUG org.apache.hc.client5.http.wire - http-outgoing-1 << "[0xffffff98][0xfffffff8][0xfffffffa][0xffffff8e][0xffffffdd]P;v[0xffffffb3][0xffffff90][0xffffffb7][0xffffffd8][0xffffff86][0xffffffc3][0xffffff8e][0xffffffdd][0xfffffff0][0xffffffd8][0xffffffb1][0x1b]q{i3[0xffffffdd][0xffffffe4][0xffffff8e][0xffffffdd]X7[0xffffff96]h[0x13][0xfffffffb][0xffffffec][0xffffffd8]I>1[0x13]{[0xffffffec][0xffffffd8][0x5]V[0x1][0x13]_[0xffffffdf][0xffffffb1][0x1b]][0xffffff99]xdp[0xffffffc7][0xffffffee]e$[0xffffffde][0xffffffc4][0xffffffdd][0xffffffc3][0xffffffc4]=0[0xffffffbe][0xffffff99][0xffffffee]N[0xffffff9a][0xffffffb8][0xffffff9b][0xffffff99]8[0xffffff92][0xffffff89][0xffffff99]X[0xfffffff1][0xffffff89][0xffffff99]8R[0xffffff8a][0xffffff98]xe[0x15]0[0xfffffff1]J[0xffffffec][0x9][0x13][0xffffff8b][0x1d][0xffffffbb]~[0xffffffbb]5[0xfffffff2][0x16][0xffffff9b][0xffffffc3][0xffffff8e][0xffffffdd][0xfffffff0][0xffffffd8][0xffffffb1][0x1b]q{i3[0xffffffdd][0xffffffe4][0xffffff8e][0xffffffdd]X7[0xffffff96]h[0x13][0xfffffffb][0xffffffec][0xffffffd8]I>1[0x13]{[0xffffffec][0xffffffd8][0x5]V[0x1][0x13]_[0xffffffdf][0xffffffb1][0x1b]b[0xffffffc7][0xffffffae][0xffffffdf]2z[0xffffff8b][0xffffffcd]a[0xffffffc7]nx[0xffffffec][0xffffffd8][0xffffff8d][0xffffffb8][0xffffffbd][0xffffffb4][0xffffff99]nr[0xffffffc7]n[0xffffffac][0x1b]K[0xffffffb4][0xffffff89]}v[0xffffffec]$[0xffffff9f][0xffffff98][0xffffff89]=v[0xffffffec][0x2][0xffffffab][0xffffff80][0xffffff89][0xffffffaf][0xffffffef][0xffffffd8]M[0xfffffff1][0xffffff8e]][0xffffffbf]5[0xffffffb2])~:[0xffffffbc]c7=[0xffffffde][0xffffffb1][0xffffff9b][0xfffffff1][0xffffff85][0xffffffb0][0xffffffbd]tO[0xfffffff2][0x1d][0xffffffbb][0xffffffb9][0xffffffbe][\n]"
10:43:49.570 [Test worker] DEBUG org.apache.hc.client5.http.wire - http-outgoing-1 << "[0x6][0xffffff9b]X[0xffffff90]I[0xffffff99]X[0xfffffff2]I[0xffffff99]XPJ[0xffffff98]8[0xffffffb0][0xffffffba][0xffffffdf][0xffffffc4][0xffffff81][0xffffffd8][0x13]&[0x16][0xffffff9b][0x1d][0xfffffffd]6[0x13]ib[0xffffff87][0xffffffcd][0xffffff8e][0xffffffe9][0xffffffb1][0xffffffd9]1[0xffffffe3][0xffffff9d][0xfffffff9][0xffffffcd]t[0xffffff93][0xffffff9b][0x1d]s[0xffffffbd]'O[0xffffff9b][0xffffffd8]g[0xffffffb3]C[0xfffffff2][0xffffff89][0xffffff99][0xffffffd8]c[0xffffffb3]#[0xffffffb0][\n]"
10:43:49.575 [Test worker] DEBUG org.apache.hc.client5.http.wire - http-outgoing-1 << "[0xffffff98][0xfffffff8][0xfffffffa]f[0xffffffc7][0x14][0xffffff9b][0x1d]w[0x13][0xffffff93]M[0xfffffff1][0xffffffd3]a[0xffffffb3]czlv[0xffffffcc]xg~3[0xffffffdd][0xffffffe4]f[0xffffffc7]\[0xffffffef][0xffffffc9][0xffffffd3]&[0xfffffff6][0xffffffd9][0xffffffec][0xffffff90]|b&[0xfffffff6][0xffffffd8][0xffffffec][0x8][0xffffffac][0x2]&[0xffffffbe][0xffffffbe][0xffffffd9]1[0xffffffc5]fG?[0xffffff8e][[0x1]M[0xffffffec][0xffffffb0][0xffffffd9]1=6;f[0xffffffbc]3[0xffffffbf]"
10:43:49.580 [Test worker] DEBUG org.apache.hc.client5.http.wire - http-outgoing-1 << "[0xffffff99]nr[0xffffffb3]c[0xffffffae][0xfffffff7][0xffffffe4]i[0x13][0xfffffffb]lvH>1[0x13]{lv[0x4]V[0x1][0x13]_[0xffffffdf][0xffffffec][0xffffff98]b[0xffffffb3][0xffffffa3][0x1f][0xfffffff9]H[0xffffffa0][0xffffff89][0x1d]6;[0xffffffa6][0xffffffc7]f[0xffffffc7][0xffffff8c]w[0xffffffe6]7[0xffffffd3]Mnv[0xffffffcc][0xfffffff5][0xffffff9e]<mb[0xffffff9f][0xffffffcd][0xe][0xffffffc9]'fb[0xffffff8f][0xffffffcd][0xffffff8e][0xffffffc0]*`[0xffffffe2][0xffffffeb][0xffffff9b][0x1d]Slv[0xfffffff4][0xffffffa3][0x15]2[0x13];lvL[0xffffff8f][0xffffffcd][0xffffff8e][0x19][0xffffffef][0xffffffcc]o[0xffffffa6][0xffffff9b][0xffffffdc][0xffffffec][0xffffff98][0xffffffeb]=y[0xffffffda][0xffffffc4]>[0xffffff9b][0x1d][0xffffff92]O[0xffffffcc][0xffffffc4][0x1e][0xffffff9b][0x1d][0xffffff81]U[0xffffffc0][0xffffffc4][0xffffffd7]7;fW&[0xffffff9e][0xffffff83][0xffffffcc][0xffffffc4][0xffffffdd][0xffffffc1][0xffffffc4][0xffffffdd][0xffffffc3][0xffffffc4]=0[0xffffffbe][0xffffff99][0xffffffee]N[0xffffff9a][0xffffffb8][0xffffff9b][0xffffff99]8[0xffffff92][0xffffff89][0xffffff99]X[0xfffffff1][0xffffff89][0xffffff99]8R[0xffffff8a][0xffffff98]xe[0x15]0[0xfffffff1]J[0xffffffec])[0x13]g?[0x13]g[0x7][0x13]g[0xf][0x13]g[0xffffffda][0xffffffc4][0xffffff99]4q63[0xfffffff1]J&h[0xffffffe2][0xffffffc8]'h[0xffffffe2][0xffffff95]R[0xffffffc8][0xffffffc4][0xffffff99]7q[0xffffffbe]jb[0xffffffb5]c[0xffffff97][0x12][0xffffffd9];1[0x1d]v[0xffffffec][0xffffffa6][0xffffffc7][0xffffff8e][0xffffffdd][0xffffff8c][0xffffffdb]K[0xffffff9b][0xffffffe9]&w[0xffffffec][0xffffffe6][0xffffffba][0xffffffb1]D[0xffffff9b][0xffffffd8]g[0xffffffc7]N[0xfffffff2][0xffffff89][0xffffff99][0xffffffd8]c[0xffffffc7].[0xffffffb0][\n]"
10:43:49.580 [Test worker] DEBUG org.apache.hc.client5.http.wire - http-outgoing-1 << "[0xffffff98][0xfffffff8][0xfffffffa][0xffffff8e][0xffffffdd]T;v[0xffffffa9][0x16]p[0xffffffc7]n:[0xffffffec][0xffffffd8]M[0xffffff8f][0x1d][0xffffffbb][0x19][0xffffffb7][0xffffff97]6[0xffffffd3]M[0xffffffee][0xffffffd8][0xffffffcd]uc[0xffffff89]6[0xffffffb1][0xffffffcf][0xffffff8e][0xffffff9d][0xffffffe4][0x13]3[0xffffffb1][0xffffffc7][0xffffff8e]]`[0x15]0[0xfffffff1][0xffffffe5][0x1d][0xffffffbb]yS;vid[0xffffffee]>[0xfffffff1]c$[0xffffffda][0xffffffc4][0xffffffaf]C[0xffffffe0]&[0xfffffffe][0x18][0x3]2[0xfffffff1][0xffffffeb][0x0][0xffffff90][0xffffff89][0xffffffbf][0xfffffffe][0xffffffb8][0xffffff89][0xffffff89][0x15][0xffffff99][0xffffff90][0xffffff89]5[0xffffff9f][0xffffff90][0xffffff89][0x15][0xffffffa5][0xffffff80][0xffffff89]#[0xffffffab][0xffffffdb]M[0x1c][0xffffff89]=e[0xffffffe2][0xffffffe4]g[0xffffffe2][0xffffffe4]`[0xffffffe2][0xffffffe4]a[0xffffffe2]D[0xffffff9b]8[0xffffff91]&Nf&^[0xffffffc9][0x4]M[0x1c][0xfffffff9][0x4]M[0xffffffbc]R[\n]"
10:43:49.580 [Test worker] DEBUG org.apache.hc.client5.http.wire - http-outgoing-1 << "[0xffffff99]8[0xfffffff1]&NWM,^[0x14][0xffffffed][0xfffffff9][0x18]\[0x17][0xffffffdb]c$[0xffffffde][0xffffffc4][0x16]/[0xffffff8a]~[0xffffff8c][0xffffff81][0xffffff99][0x18]|Q[0xfffffff4][0xffffffeb][0xffffff8f][0xffffffdb][0xffffff98][0xffffffd8][0xffffffe6]EQ[0xffffffcd]'fb[0xffffff8b][0x17]E#[0xffffffab][0xffffff80][0xffffff89]/[0xffffffbf](:o[0xffffffaa]w"[0xffffffe7][0xffffffce][0xfffffff5][0x13]?F[0xffffffe2]Ml[0xffffffd1];[0xfffffff1]1[0x6]fb[0xffffffb0]w[0xffffffe2][0xffffffeb][0xffffff8f][0xffffffdb][0xffffff98][0xffffffd8][0xffffffa6]wB[0xfffffff3][0xffffff89][0xffffff99][0xffffffd8][0xffffffa2]w"[0xffffffb2][\n]"
10:43:49.580 [Test worker] DEBUG org.apache.hc.client5.http.wire - http-outgoing-1 << "[0xffffff98][0xfffffff8]r[0xffffffef][0xffffffc4][0xffffffcb][0xffffff9f][0xffffffc6][0xffffffd3][0x9][0xffffffdc][0xffffffc4][0x6][0xffffffa7][0x13][0xffffffc9][0xffffffe3]t"[0xffffff85][0xffffffff][0xffffffdc][0xffffffb7][0xffffff9d]n[0xfffffff0]t"[0xffffff99][0xffffff9d]ND2A[0x13][0x1b][0xffffff9d]NDJ![0x13][0xffffffe3][0xffffffa7][0x13]+[0xffffffb1]'L[0xffffff9c][0xffffff95][0xffffff89][0xffffffdb][0xffffffe4][0xffffffba][0xffffffd8][0x1e]#[0xfffffff1]&[0xffffffce][0x1e]&[0xffffffce][0xffffff81][0xfffffff1][0xffffffcd]tg[0xffffffd2][0xffffffc4][0xffffffd9][0xffffffcc][0xffffffc4][0xffffff91]L[0xffffffcc][0xffffffc4][0xffffff8a]O[0xffffffcc][0xffffffc4][0xffffff91]R[0xffffffc4][0xffffffc4]+[0xffffffab][0xffffff80][0xffffff89]WbO[0xffffff98]X5[0x0]e[0xfffffff6][0xffffff8b][0xffffff9d]A[0x3][0xffffffd0][0xffffffeb][0x10][0x6]&[0xffffff86][0x1b][0xffffff80]^[0x7][0xffffffc0]L[0xffffffec][0xffffffd5][0x0][0xffffffa4][0xffffffc8][0xffffffc4]Ll[0xffffffd4][0x0][0xffffffa4](EL[0xffffff8c]7[0x0]EbO[0xffffff98]X5[0x0][0xffffffe5]1[0xffffffc9][0xffffffd3][0x9][0xffffff83][0x6][0xffffffa0][0xffffffd7]![0xc]L[0xc]7[0x0][0xffffffbd][0xe][0xffffff80][0xffffff99][0xffffffd8][0xffffffab][0x1]H[0xffffff91][0xffffff89][0xffffff99][0xffffffd8][0xffffffa8][0x1]HQ[0xffffff8a][0xffffff98][0x18]o[0x0][0xffffff8a][0xffffffc4][0xffffff9e]0[0xffffffb1]j[0x0][0xffffffca][0xffffffb3]p[0xffffffdb][0xffffffce][0xffffff8f][0xffffff91]x[0x13][4[0x0]}[0xffffff8c][0xffffff81][0xffffff99][0x18]l[0x0][0xfffffffa][0xfffffffa][0xffffffe3]6&[0xffffffb6]i[0x0][0xffffffd2]|b&[0xffffffb6]h[0x0][0xffffff8a][0xffffffac][0x2]&[0xffffffbe][0xffffffdc][0x0]4o][0xffffff98][0xffffffb8][0xffffffdc]n[0xffffffdc][0xffffffb6][0xfffffff3]c$[0xffffffde][0xffffffc4][0xffffffdd][0xffffffc3][0xffffffc4]=0[0xffffffbe][0xffffff99][0xffffffee]N[0xffffff9a][0xffffffb8][0xffffff9b][0xffffff99]8[0xffffff92][0xffffff89][0xffffff99]X[0xfffffff1][0xffffff89][0xffffff99]8R[0xffffff8a][0xffffff98]xe[0x15]0[0xfffffff1]J[0xffffffec][0x9][0x13][0xffffffab][0xffffffde][0xffffff89]r[0xffffffa4][0x2][0xffffff9a][0xffffffd8][0xffffffa0]w[0xffffffe2]u[0x8][0x3][0x13][0xffffffc3][0xffffffbd][0x13][0xffffffaf][0x3]`&[0xfffffff6][0xffffffea][0xffffff9d]Pdb&6[0xffffffea][0xffffff9d]P[0xffffff94]"&[0xffffffc6]{'"[0xffffffb1]?n[0xffffffe2]Cm;[0xffffff97][0xe][0xfffffff6][0x13]?F[0xffffffc2]M|xl;[0x1f]q[0xffffff8f]t/[0xffffffdd][0x7][0xffffffb9][0xffffffed]|[0xffffffac][0xffffffbb][0xffffffa3][0xffffffb0][0xffffff89][0x5][0xffffff99][0xffffff94][0xffffff89]%[0xffffff9f][0xffffff94][0xffffff89][0x5][0xffffffa5][0xffffff84][0xffffff89][0x3][0xffffffab][0xfffffffb]M[0x1c][0xffffff88]=ab[0xffffffb5]cWo[0x1d][0xffffffbc];q8[0xffffffec][0xffffffd8][0x1d][0x1e];vG[0xffffffdc]^[0xffffffda]L7[0xffffffb9]cw[0xffffffac][0x1b]K[0xffffffb4][0xffffff89]}v[0xffffffec]$[0xffffff9f][0xffffff98][0xffffff89]=v[0xffffffec][0x2][0xffffffab][0xffffff80][0xffffff89][0xffffffaf][0xffffffef][0xffffffd8][0xffffffdd][0xffffffff]4[0xffffffde]'[0xffffffc6]M[0xffffffcc][0xffffffdf]'~[0xc]aab[0xfffffff6]>[0xfffffff1]c[0x0][0xffffffd0][0xffffffc4]V[0xfffffff7][0xffffff89][0x5][0xffffff99][0xffffffa0][0xffffff89]}[0xffffffee][0x13][0xb]J![0x13][0xffffffd3][0xfffffff7][0xffffff89][0x3][0xffffffb1]'L[0xffffffac][0xffffffb6][0xffffff9d]kn[0xffffffe0]f[0xffffffc7][0xffffffe1][0xffffffb0][0xffffffed]|xl;[0x1f]q[0xffffff8f]t3[0xffffffdd][0xffffffe4][0xffffffb6][0xfffffff3][0xffffffb1][0xffffffee][0xffffff8e][0xffffffd2]&[0xfffffff6][0xffffffd9]v[0xffffff96]|b&[0xfffffff6][0xffffffd8]v[0xe][0xffffffac][0x2]&[0xffffffbe][0xffffffbe][0xffffffed]|[0xffffffa8][0xffffffcd][0xffffff8e]:;xw[0xffffffe2]p[0xffffffd8][0xffffffec]8<6;[0xffffff8e]xg~3[0xffffffdd][0xffffffe4]f[0xffffffc7][0xffffffb1][0xffffffde][0xffffff93][0xffffffa7]M[0xffffffec][0xffffffb3][0xffffffd9]![0xfffffff9][0xffffffc4]L[0xffffffec][0xffffffb1][0xffffffd9][0x11]X[0x5]L|}[0xffffffb3][0xffffffe3]P[0xffffff9b][0x1d]-[0xffffffdf][\n]"
10:43:49.580 [Test worker] DEBUG org.apache.hc.client5.http.wire - http-outgoing-1 << "hb[0xffffff87][0xffffffcd][0xffffff8e][0xffffffc3]c[0xffffffb3][0xffffffe3][0xffffff88]w[0xffffffe6]7[0xffffffd3]Mnv[0x1c][0xffffffeb]=y[0xffffffda][0xffffffc4]>[0xffffff9b][0x1d][0xffffff92]O[0xffffffcc][0xffffffc4][0x1e][0xffffff9b][0x1d][0xffffff81]U[0xffffffc0][0xffffffc4][0xffffffd7]7;[0xe][0xffffffb5][0xffffffd9][0xffffffd1]jj[0xffffffa0][0xffffff89][0x1d]6;[0xe][0xffffff8f][0xffffffcd][0xffffff8e]#[0xffffffde][0xffffff99][0xffffffdf]L7[0xffffffb9][0xffffffd9]q[0xffffffac][0xfffffff7][0xffffffe4]i[0x13][0xfffffffb]lvH>1[0x13]{lv[0x4]V[0x1][0x13]_[0xffffffdf][0xffffffec]x[0xfffffff9]/[0xffffffd1][0xffffffc4][0xffffffbd][0xffffff91][0xffffff99][0xffffffb8];[0xffffff98][0xffffffb8]{[0xffffff98][0xffffffb8][0x7][0xffffffc6]7[0xffffffd3][0xffffffdd]I[0x13]w3[0x13]G21[0x13]+>1[0x13]GJ[0x11][0x13][0xffffffaf][0xffffffac][0x2]&^[0xffffff89]=ab[0xffffffb5][0xffffffd9][0xffffffd1]&[0xffffffd9][0x0]t8lv[0x1c][0x1e][0xffffff9b][0x1d]G[0xffffffbc]3[0xffffffbf][0xffffff99]nr[0xffffffb3][0xffffffe3]X[0xffffffef][0xffffffc9][0xffffffd3]&[0xfffffff6][0xffffffd9][0xffffffec][0xffffff90]|b&[0xfffffff6][0xffffffd8][0xffffffec][0x8][0xffffffac][0x2]&[0xffffffbe][0xffffffbe][0xffffffd9][0xffffff91][0xffffffd4]fG[0xffffffbf]%[0xfffffff0][0xffffff8b]]r[0xffffffd8][0xffffffec]H[0x1e][0xffffff9b][0x1d])[0xffffffde][0xffffff99][0xffffffdf]Kw"7;[0xffffffd2]zO[0x1e]6[0xffffffb1] [0xffffff93]2[0xffffffb1][0xffffffe4][0xffffff93]2[0xffffffb1][0xffffffa0][0xffffff94]0q`u[0xffffffbf][0xffffff89][0x3][0xffffffb1]'L[0xffffffac]n[0xffffffb1][0xfffffff5][0xffffffa3][0xffffff82][\r]@[0xffffffc9][0xffffffe1][0x16][[0xfffffff2][0xffffffb8][0xffffffc5][0xffffff96][0xffffffe2][0xfffffffd][0xffffffa0][0xffffffcd]t[0xffffff93][0xffffffb7][0xffffffd8][0xffffffd2]z'[0xffffff88]6[0xffffffb1][0xffffffcf]-6[0xffffffc9]'fb[0xffffff8f][l[0xffffff81]U[0xffffffc0][0xffffffc4][0xffffffd7]o[0xffffffb1]%[0xfffffff5]f[0x7]nb~[0xffffffb3]#y[0xffffffbc][0xffffffd9][0xffffff91][0xffffffe2]k[0x8][0xffffffdb][0xffffffe9][0xffffffe6]6;[0xffffffd2][0xfffffffa][0x2][0x2]ob[0xffffff97][0xffffffcd][0xe][0xffffffc9]'hb[0xffffff87][0xffffffcd][0xffffff8e][0xffffffc0]*b[0xffffffe2][0xffffffab][0xffffff9b][0x1d])[0xffffffab]L\*[0xffffffb8][0xffffffd9][0xfffffff1]2[0x12]o[0xffffffe2][0xffffffec][0xffffff91][0xffffff89]sH[0x1b][0xffffff9b][0xffffffe9][0xffffffce]d&[0xffffffce]f[0xffffff99]8[0xffffff92][0xffffff89][0xffffff99]X[0xfffffff1][0xffffff89][0xffffff99]8R[0xffffff8a][0xffffff98]x"
10:43:49.585 [Test worker] DEBUG org.apache.hc.client5.http.wire - http-outgoing-1 << "e[0x15]0[0xfffffff1]J[0xffffffec][0x9][0x13][0x17][0xffffff95][0xffffff89][0xffffffdb] 3qq[0xffffffc8][0xffffffc4][0xffffffc5]#[0x13][0xffffff97][0xffffff90]66[0xffffffd3]][0xffffffc8]L\[0xffffffcc]2q$[0x13]3[0xffffffb1][0xffffffe2][0x13]3q[0xffffffa4][0x14]1[0xfffffff1][0xffffffca]*`[0xffffffe2][0xffffff95][0xffffffd8][0x13]&V[0xffffff9b][0x1d][0xffffffe3][0xffffffd6]*hb[0xffffff87][0xffffffcd][0xffffff8e][0xffffffe4][0xffffffb1][0xffffffd9][0xffffff91][0xffffffe2][0xffffff9d][0xfffffff9][0xffffffcd]t[0xffffff93][0xffffff9b][0x1d]i[0xffffffbd]'O[0xffffff9b][0xffffffd8]g[0xffffffb3]C[0xfffffff2][0xffffff89][0xffffff99][0xffffffd8]c[0xffffffb3]#[0xffffffb0][\n]"
10:43:49.585 [Test worker] DEBUG org.apache.hc.client5.http.wire - http-outgoing-1 << "[0xffffff98][0xfffffff8][0xfffffffa]fGR[0xffffff9b][0x1d]#[0xffffff97][0x9][0xffffff9a][0xffffffd8]a[0xffffffb3]#ylv[0xffffffa4]xg~3[0xffffffdd][0xffffffe4]fGZ[0xffffffef][0xffffffc9][0xffffffd3]&[0xfffffff6][0xffffffd9][0xffffffec][0xffffff90]|b&[0xfffffff6][0xffffffd8][0xffffffec][0x8][0xffffffac][0x2]&[0xffffffbe][0xffffffbe][0xffffffd9][0xffffff91][0xffffffba]2qK[0xffffffa4][0xffffff89][0xffffffbb][0xffffff83][0xffffff89][0xffffffbb][0xffffff87][0xffffff89]{`|3[0xffffffdd][0xffffff9d]4q73q$[0x13]3[0xffffffb1][0xffffffe2][0x13]3q[0xffffffa4][0x14]1[0xfffffff1][0xffffffca]*`[0xffffffe2][0xffffff95][0xffffffd8][0x13]&V[0xffffff9b][0x1d][0x3]}[0xffffffc7].9lv$[0xffffff8f][0xffffffcd][0xffffff8e][0x14][0xffffffef][0xffffffcc]o[0xffffffa6][0xffffff9b][0xffffffdc][0xffffffec]H[0xffffffeb]=y[0xffffffda][0xffffffc4]>[0xffffff9b][0x1d][0xffffff92]O[0xffffffcc][0xffffffc4][0x1e][0xffffff9b][0x1d][0xffffff81]U[0xffffffc0][0xffffffc4]?[0xffffffb1][0xffffffd9]1[0xffffff85][0xffffff89]g[0xffffffaa]`[0xffffffef][0xffffffc4][0xffffffcb]H[0xffffffbc][0xffffff89][0xffffffa7][0xffffff87][0xffffff89]g`|3[0xffffffdd][0xffffff93]4[0xfffffff1]43q$[0x13]3[0xffffffb1][0xffffffe2][0x13]3q[0xffffffa4][0x14]1[0xfffffff1][0xffffffca]*`[0xffffffe2][0xffffff95][0xffffffd8][0x1f]7qV;v[0xffffffb3][0xffffff8c][0xffffffc2][0xffffff99]8;[0xffffffec][0xffffffd8]e[0xffffff8f][0x1d][0xffffffbb][0x1c][0xffffffb7][0xffffff97][0xfffffff6][0xffffffd2][0xffffff9d][0xffffffc9][0x1d][0xffffffbb][0xffffffbc]n,[0xffffffc1]&[0x16]dR&[0xffffff96]|R&[0x16][0xffffff94][0x12]&[0xe][0xffffffac][0xffffffee]7q [0xfffffff6][0xffffff84][0xffffff89][0xffffffd5][0xffffffeb]I[0xffffffb3][0xffffff93][0xffffffa7][0x13][0xffffffd9][0xffffffe1][0xfffffff5][0xffffffa4][0xffffffec][0xfffffff1]zR[0xffffff8e][0xffffffef][0xffffffd2]l[0xffffffa6][0xffffff9b]|=)[0xffffffaf]o[0xffffffd1][0xffffffd0]&[0xfffffff6]y=I[0xfffffff2][0xffffff89][0xffffff99][0xffffffd8][0xffffffe3][0xfffffff5][0xffffffa4][0xffffffc0]*`[0xffffffe2][0xffffffeb][0xffffffaf]'e[0xffffffb1][0xffffffed]<n[0xffffffb7]t[0xffffff80]&v[0xffffffd8]v[0xffffffce][0x1e][0xffffffdb][0xffffffce]9[0xffffffee][0xffffff91]n[0xffffffa6][0xffffff9b][0xffffffdc]v[0xffffffce][0xffffffeb][0xffffffee](mb[0xffffff9f]mg[0xffffffc9]'fb[0xffffff8f]m[0xffffffe7][0xffffffc0]*`[0xffffffe2][0xffffffeb][0xffffffdb][0xffffffce]Y[0xffffffec][0xffffffd8][0xffffffdd]M[0xffffff8c]fb[0xffffff87][0x1d][0xffffffbb][0xffffffec][0xffffffb1]c[0xffffff97][0xffffffe3][0xfffffff6][0xffffffd2]f[0xffffffba][0xffffffc9][0x1d][0xffffffbb][0xffffffbc]n,[0xffffffd1]&[0xfffffff6][0xffffffd9][0xffffffb1][0xffffff93]|b&[0xfffffff6][0xffffffd8][0xffffffb1][0xb][0xffffffac][0x2]&[0xffffffbe][0xffffffbe]c[0xffffff97][0xffffffc5][0xffffffeb]Iw[0x13][0xf][0xffffffb0][0xffffff8b]-;[0xffffffbc][0xffffff9e][0xffffff94]=^O[0xffffffca][0xfffffff1]][0xffffff9a][0xffffffcd]t[0xffffff93][0xffffffaf]'[0xffffffe5][0xfffffff5]-[0x1a][0xffffffda][0xffffffc4]>[0xffffffaf]'I>1[0x13]{[0xffffffbc][0xffffff9e][0x14]X[0x5]L|[0xfffffffd][0xfffffff5][0xffffffa4],v[0xffffffec][0xffffffc6]-[0xffffffdd][0xffffffc0][0xffffffbb][0x13][0xffffffd9]a[0xffffffc7].{[0xffffffec][0xffffffd8][0xffffffe5][0xffffffb8][0xffffffbd][0xffffffb4][0xffffff99]nr[0xffffffc7].[0xffffffaf][0x1b]K[0xffffffb4][0xffffff89]}v[0xffffffec]$[0xffffff9f][0xffffff98][0xffffff89]=v[0xffffffec][0x2][0xffffffab][0xffffff80][0xffffff89][0xffffffaf][0xffffffef][0xffffffd8]e[0xffffffb1]c7n5[0xffffff93][0xffffff99][0xffffffd8]a[0xffffffc7].{[0xffffffec][0xffffffd8][0xffffffe5][0xffffffb8][0xffffffbd][0xffffffb4][0xffffff99]nr[0xffffffc7].[0xffffffaf][0x1b]K[0xffffffb4][0xffffff89]}v[0xffffffec]$[0xffffff9f][0xffffff98][0xffffff89]=v[0xffffffec][0x2][0xffffffab][0xffffff80][0xffffff89][0xffffffaf][0xffffffef][0xffffffd8][0xffffffe5][0xffffffae]L<[0xe][0xfffffff2][0xffffff8b]]w0q[0xfffffff7]0q[0xf][0xffffff8c]o[0xffffffa6][0xffffffbb][0xffffff93]&[0xffffffee]f&[0xffffff8e]db&V|b&[0xffffff8e][0xffffff94]"&^Y[0x5]L[0xffffffbc][0x12]{[0xffffffc2][0xffffffc4]b[0xffffffc7]n[0x1c][0xffffffe9][0x6]6[0x0]e[0xffffff87][0x1d][0xffffffbb][0xffffffec][0xffffffb1]c[0xffffff97][0xffffffe3][0xfffffff6][0xffffffd2]f[0xffffffba][0xffffffc9][0x1d][0xffffffbb][0xffffffbc]n,[0xffffffd1]&[0xfffffff6][0xffffffd9][0xffffffb1][0xffffff93]|b&[0xfffffff6][0xffffffd8][0xffffffb1][0xb][0xffffffac][0x2]&[0xffffffbe][0xffffffbe]cw[0xffffffff][0xffffffd3][0xffffffe4]gb[0xffffffbe][0x15][0xfffffff3]1[0xffffff84][0xffffff85][0xffffff89][0xffffffd9]V[0xffffffcc][0xffffffc7][0x0][0xffffffa0][0xffffff89][0xffffffad]Z1[0x5][0xffffff99][0xffffffa0][0xffffff89]}Z1[0x5][0xffffffa5][0xffffff90][0xffffff89][0xffffffe9]V[0xffffffcc]@[0xffffffec])[0x13][0x17]?[0x13][0x17][0x7][0x13][0x17][0xf][0x13][0x17][0xffffffda][0xffffffc4][0xffffff85]4q13[0xfffffff1]J&h[0xffffffe2][0xffffffc8]'h[0xffffffe2][0xffffff95]R[0xffffffc8][0xffffffc4][0xffffff85]7q[0xffffffb9]n[0xffffffe2][0xffffffc7][0xffffff99][0xffffffb0][0xffffff99][0xffffff8a][0xffffff8f][0xffffffc3][0xffffffc1][0xffffffc5][0xfffffff7]),d[0xfffffffc]6[0x7]h[0xffffffe3][0xfffffffb][0x4][0xffffffa0][0xffffff8e]_[0x7f][0xffffffdd][0xffffffc8][0xffffffc7][0x1]OP[0xffffffc8][0x2]R[0xffffffd0][0xffffffc8][0x1]UH[0xffffffc9][0xb][0xffffffb0][0xffffff88][0xffffff93][0x17]lOI99[0xffffff9e]Tx[0x1c]U[0xffffffb8][0xffffff9c]U[0xfffffff0][0xffffff87][0x15][0xffffffec]i[0xffffff85][0xffffffdd]q[0xffffff85][0xffffffd3]y[0xffffff85][0xffffffd7][0xffffff81][0xffffff85][0xffffffcb][0xffffff89][0xffffff85][0xffffffc3][0xffffff91][0xffffffc5]O[0xffffff9c]Y[0xffffffe4][0xffffffea]'[0xffffffe5]\[0x1d][0xffffffa4]|[0xffffff9f][0xffffffc2]B[0xffffffca]os[0xffffff80]R[0xffffffbe]O[0x0]J[0xfffffff9][0xfffffff5][0xffffffd7][0xffffff8d][0xffffffa4][0x1c][0xfffffff0][0x4][0xffffffa5], [0x5][0xffffffa5][0x1c]P[0xffffff85][0xffffffa4][0xffffffbc][0x0][0xffffff8b]Hy[0xffffffc1][0xfffffff6][0xffffff94][0xffffff94][0xffffffcb][0xfffffff0][0xffffff93]r[0x19][0xe]R[0xffffffbe]Oa![0xffffffe5][0xffffffb7]9@)[0xffffffdf]'[0x0][0xffffffa5][0xfffffffc][0xfffffffa][0xffffffeb]FR[0xe]x[0xffffff82]R[0x16][0xffffff90][0xffffff82]R[0xe][0xffffffa8]BR^[0xffffff80]E[0xffffffa4][0xffffffbc]`{J[0xffffffca][0xffffffcd][0xfffffff0][0xfffffff8][0xffffffa2]Y[0x1c]_4[0xffffff93][0xffffffe3][0xffffff8b][0xffffff86][0x1f]_4[0xfffffff4][0xfffffff8][0xffffffa2][0xffffffb9][0x1d]_[0x4]<A)[0xb]HA)[0x7]T!)7[0xffffff83][0xffffffe3][0xffffff8b][0xfffffff6][0x13][0xffffffc7][0x17][0xffffffc3]0)[0xf][0xffffff8b][0xffffffa4]<L[0xffffff92][0xfffffff2][0xffffffc0][0xffffff93][0xfffffff2]@[0xffffff93][0xfffffff2]pK[0xffffffca][0x1]OP[0xffffffca][0x2]RP[0xffffffca][0x1]UH[0xffffffca][0xffffffc3] )[0xffffff8f][0xffffff9f]H[0xffffffca][0xffffffd3]0)O[0xffffff8b][0xffffffa4]<M[0xffffff92][0xfffffff2][0xffffffc4][0xffffff93][0xfffffff2]D[0xffffff93][0xfffffff2]tK[0xffffffca][0x1]OP[0xffffffca][0x2]RP[0xffffffca][0x1]UH[0xffffffca][0xffffffd3] )[0xffffffcf][0xffffff9f]H[0xffffffca][0xffffffc7][0xffffffe3]Uh3+[0xffffffdf][0xffffff87]r[0xffffffd0][0xfffffff2][0xffffffcb][0x18][0x16]^~[0x1f][0x4][0x14][0xfffffff3][0xffffffcb][0x8][0xffffffa0][0xffffff99][0xffffffdf]~[0xffffffde]H[0xffffffcd][0xffffff91]Q[0xffffffd0][0xffffffcd][0xffffff8a]TP[0xffffffce][0xffffff91]W[0xffffffc8][0xffffffce]+[0xffffffb5][0xffffff88][0xffffff9e]Wv[0x7f][0xffffffc4][0xffffffcf][0xffffffe3][0xfffffff5][0xffffff8f][0xffffffc5]Sy[0xffffffe3]h[0x13]y>[0xfffffffa]c$[0xffffffd0][0xffffffcd][0xffffff9f][0xffffff86] [0xffffffcd][0xffffffbc][0xffffff8c][0xffffffb1][0xffffffdf][0xffffffcb][0xffffff9f][0x6][0xffffffd8]o[0xffffffe5]o[0x7f][0xffffff9c]w[0xfffffff2]S2[0xfffffff7][0x1b][0xfffffff9];|[0xffffffee][0xfffffff7][0xfffffff1]SJ[0xfffffff7][0xffffffda][0xfffffff8][0x9][0xffffffab];][0xfffffffc][0xffffff84][0xffffffd8][0x1f]7q[0x11]O[0xffffffe5][0xffffff8d]cN[0xffffffa4][0xffffffee][0xffffffed]c$[0xffffffdc][0xffffffc4][0xffffff85]~*o[0x19][0xffffff83]2qa[0xffffff9e][0xffffffca][0xfffffffb][0xfffffff6][0xffffffc7]]L,[0xffffffc8][0xffffffa4]L,[0xfffffff9][0xffffffa4]L,(%L[0x1c]X[0xffffffdd]o[0xffffffe2]@[0xffffffec][0x9][0x13][0xffffff8b][0xffffffa7][0xfffffff2]F[0xffffffca][0xffffff85]41[0xfffffffb]T[0xffffffde][0xffffffa7]![0xc]L[0xffffffcc]=[0xffffff95][0xfffffff7]i[0x0][0xffffffcc][0xffffffc4]6O[0xffffffe5]=%[0x13]3[0xffffffb1][0xffffffc7]SyO)ELL>[0xffffff95][0xfffffff7][0xffffff84][0xffffffd8][0x13]&VO[0xffffffe5][0xffffffa5][0xffffffca][0x14]o~[0xffffff8c][0xffffffc4][0xffffff9b][0xffffff98]~*o[0x19][0x3]31[0xfffffff3]T[0xffffffde][0xffffffb7]?ncb[0xffffff87][0xffffffa7][0xfffffff2][0xffffffbe][0xffffffc3]'fb[0xfffffffa][0xffffffa9][0xffffffbc]'[0xffffffac][0x2]&[0xffffffbe][0xfffffff2]T[0xffffffde][0xffffffdb][0xffffff9f][0xffffffaa][0xffffffa7][0xfffffff2]R[0xffffff9f][0x19]41[0xfffffffb]T[0xffffffde][0xffffffa7]![0xc]L[0xffffffcc]=[0xffffff95][0xfffffff7]i[0x0][0xffffffcc][0xffffffc4]6O[0xffffffe5]=%[0x13]3[0xffffffb1][0xffffffc7]SyO)ELL>[0xffffff95][0xfffffff7][0xffffff84][0xffffffd8][0x1f]7qU[0xffffffe7][0xffffffc4][0xffffffb9][0x16][0xffffffe4][0xffffff81]"
10:43:49.601 [Test worker] DEBUG org.apache.hc.client5.http.wire - http-outgoing-1 << "[0xffffffa6][0xffffff8f][0xffffff91]p[0x13]W[0xffffff8f]s[0xffffffe2][0x1a]O[0xffffffe0][0xfffffff6][0xffffffd2]][0xffffffc9]s[0xffffffe2][0xffffffba][0xffffff9e][0xffffffba][0xffffffc1]&[0x16]dR&[0xffffff96]|R&[0x16][0xffffff94][0x12]&[0xe][0xffffffac][0xffffffee]7q [0xfffffff6][0xffffff84][0xffffff89][0xffffffd5]9q[0xffffffee][\r][0xffffffcc][0xffffffc4][0xffffffd5][0xffffffe1][0xffffff9c][0xffffffb8]z[0xffffff9c][0x13][0xffffffd7]x[0x2][0xffffffb7][0xffffff99]n[0xfffffff2][0xffffff9c][0xffffffb8][0xffffffae][0xffffffa7]n[0xffffffb4][0xffffff89]}[0xffffffce][0xffffff89]%[0xffffff9f][0xffffff98][0xffffff89]=[0xffffffce][0xffffff89][0x3][0xffffffab][0xffffff80][0xffffff89][0xffffffaf][0xffffff9f][0x13][0xffffffd7]$[0xffffffca][0xffffffe8][0xffffffcb]m w[0xffffff8c]?F[0xffffffe2]M[0xffffff9c][0xffffffe0]2[0xfffffffa]e[0xc][0xffffffcc][0xffffffc4][0x9])[0xffffffa3][0xffffffff][0xfffffff6][0xffffffc7]mL[0x1c][0xffffffc9][0xffffffc4]L[0xffffffac][0xfffffff8][0xffffffc4]L[0x1c])EL[0xffffffbc][0xffffffb2][\n]"
10:43:49.601 [Test worker] DEBUG org.apache.hc.client5.http.wire - http-outgoing-1 << "[0xffffff98]x%[0xfffffff6][0xffffff84][0xffffff89][0xffffffd5]9qI[0xffffff93]<[0xffffff9d]p8'[0xffffffae][0x1e][0xffffffe7][0xffffffc4]5[0xffffff9e][0xffffffc0]m[0xffffffa6][0xffffff9b]<'[0xffffffae][0xffffffeb][0xffffffa9][0x1b]mb[0xffffff9f]sb[0xffffffc9]'fb[0xffffff8f]s[0xffffffe2][0xffffffc0]*`[0xffffffe2][0xffffff9f]8'.[0xffffffca][0xffffffc4][0xffffffed]F[0xffffff9e]N[0x14][0x7][0x13][0x17][0xf][0x13][0xffffff97][0xffffffc0][0xfffffff8]f[0xffffffba][0xb]i[0xffffffe2]bf[0xffffffe2]H&fb[0xffffffc5]'f[0xffffffe2]H)b[0xffffffe2][0xffffff95]U[0xffffffc0][0xffffffc4]+[0xffffffb1]'L\[0xffffff95][0xffffff89][0x7]zN\[0x1d]L\=L\[0x3][0xffffffe3][0xffffff9b][0xffffffe9][0xffffffae][0xffffffa4][0xffffff89][0xffffffab][0xffffff99][0xffffff89]#[0xffffff99][0xffffff98][0xffffff89][0x15][0xffffff9f][0xffffff98][0xffffff89]#[0xffffffa5][0xffffff88][0xffffff89]WV[0x1][0x13][0xffffffaf][0xffffffc4][0xffffff9e]0q[0x13]O[0xffffffe5][0xffffffd5][0xffffffe3] [0xffffffcf][0xffffff89][0x1b][0xfffffffa]T[0xffffffde][0xffffffa7]![0xc]L[0xffffffdc][0xffffffc2]#d[0xffffff9b][0xffffffe9]n[0xffffffc8]Sy[0xffffffdf][0xfffffffe][0xffffffb8][0xffffff8d][0xffffff89]#[0xffffff99][0xffffff98][0xffffff89][0x15][0xffffff9f][0xffffff98][0xffffff89]#[0xffffffa5][0xffffff88][0xffffff89]WV[0x1][0x13][0xffffffaf][0xffffffc4][0xffffff9e]0q[0x17][0xffffff99][0xffffffb8][0xffffff96][[0x7]M[0xffffffdc][0x1d]2q[0xfffffff7][0xffffffc8][0xffffffc4]=[0xffffffa4][0xffffff8d][0xffffffcd]tw2[0x13]w[0xffffffb3]L[0x1c][0xffffffc9][0xffffffc4]L[0xffffffac][0xfffffff8][0xffffffc4]L[0x1c])EL[0xffffffbc][0xffffffb2][\n]"
10:43:49.601 [Test worker] DEBUG org.apache.hc.client5.http.wire - http-outgoing-1 << "[0xffffff98]x%[0xfffffff6][0xffffff84][0xffffff89][0xffffff87]2qM[0x5]4[0xfffffff1]p0[0xfffffff1][0xfffffff0]0[0xfffffff1][0x8][0xffffff8c]o[0xffffffa6]{[0xffffff90]&[0x1e]f&[0xffffff8e]db&V|b&[0xffffff8e][0xffffff94]"&^Y[0x5]L[0xffffffbc][0x12]{[0xffffffc2][0xffffffc4][0xffffffaa][0xffffff8b][0xffffffad][0xffffffd6][0xffffffc7][0xfffffff3][0x1f][0xffffff94][0xffffff89][0x1d][0xffffffba][0xffffffd8][0xffffffaa]G[0x17][[0xffffff8d]-W[0xffffff9b][0xffffffe9]&[0xffffffbb][0xffffffd8][0xffffffea][0xffffffda]lE[0xffffff9b][0xffffffd8][0xffffffa7][0xffffff8b]M[0xfffffff2][0xffffff89][0xffffff99][0xffffffd8][0xffffffa3][0xffffff8b]-[0xffffffb0][\n]"
10:43:49.601 [Test worker] DEBUG org.apache.hc.client5.http.wire - http-outgoing-1 << "[0xffffff98][0xfffffff8]z[0x17][S;v[0xffffffb5][0x1d][0xffffff83]3qs[0xffffffd8][0xffffffb1]k[0x1e];v-n/[0xffffffed][0xffffffa5][0xffffffbb][0xffffff91];vm[0xffffffdd]X[0xffffff82]M,[0xffffffc8][0xffffffa4]L,[0xfffffff9][0xffffffa4]L,(%L[0x1c]X[0xffffffdd]o[0xffffffe2]@[0xffffffec][0x9][0x13][0xffffffab][0x1d][0xffffffbb][0xffffffda]*xw[0xffffffa2]9[0xffffffec][0xffffffd8]5[0xffffff8f][0x1d][0xffffffbb][0x16][0xffffffb7][0xffffff97]6[0xffffffd3]M[0xffffffee][0xffffffd8][0xffffffb5]uc[0xffffff89]6[0xffffffb1][0xffffffcf][0xffffff8e][0xffffff9d][0xffffffe4][0x13]3[0xffffffb1][0xffffffc7][0xffffff8e]]`[0x15]0[0xfffffff1][0xfffffff5][0x1d][0xffffffbb][0xffffffa6][0xffffffba][0xffffffd8]jo`S|s[0xffffffe8]bk[0x1e]]l-[0xffffffb6]\m[0xffffffa6][0xffffff9b][0xffffffec]bkk[0xffffffb3][0x15]mb[0xffffff9f].6[0xffffffc9]'fb[0xffffff8f].[0xffffffb6][0xffffffc0]*`[0xffffffe2][0xffffffeb]]lMmv[0xffffffb4][0xffffffdc][0xffffffc0][0x1d][0xffffffbb][0xffffffe6][0xffffffb0][0xffffffd9][0xffffffd1]<6;Z[0xffffffbc]3[0xffffffbf][0xffffff99]nr[0xffffffb3][0xffffffa3][0xffffffad][0xfffffff7][0xffffffe4]i[0x13][0xfffffffb]lvH>1[0x13]{lv[0x4]V[0x1][0x13]_[0xffffffdf][0xffffffec]hM[0xffffff98][0xffffffb8][0x1f][0x15][0xffffffec]'~[0x19][0xffffff89]7q[0xfffffff3]0q[0xb][0xffffff8c]o[0xffffffa6][0xffffffbb][0xffffff91]&nf&[0xffffff8e]db&V|b&[0xffffff8e][0xffffff94]"&^Y[0x5]L[0xffffffbc][0x12]{[0xffffffc2][0xffffffc4]C[0xffffff99][0xffffffb8][0xffffff93][0xfffffff7][0xffffff89]_F[0xffffffe2]M<<L<[0x2][0xffffffe3][0xffffff9b][0xffffffe9][0x1e][0xffffffa4][0xffffff89][0xffffff87][0xffffff99][0xffffff89]#[0xffffff99][0xffffff98][0xffffff89][0x15][0xffffff9f][0xffffff98][0xffffff89]#[0xffffffa5][0xffffff88][0xffffff89]WV[0x1][0x13][0xffffffaf][0xffffffc4][0xffffff9e]0[0xffffffb1][0xffffffba][0xffffffc5]6n[0xffffff8d][0xffffffbc];[0xffffffe1]p[0xffffff8b][0xffffffad]y[0xffffffdc]bk[0xfffffff1]~[0xffffffd0]f[0xffffffba][0xffffffc9][lm[0xffffffbd][0x13]D[0xffffff9b][0xffffffd8][0xffffffe7][0x16][0xffffff9b][0xffffffe4][0x13]3[0xffffffb1][0xffffffc7]-[0xffffffb6][0xffffffc0]*`[0xffffffe2][0xffffffeb][0xffffffb7][0xffffffd8][0xffffffba][0xffffffba][0xffffffc5]6R)[0xffffff9c][0xffffff89][0xffffffbb][0xffffffc3]-[0xffffffb6][0xffffffee]q[0xffffff8b][0xffffffad][0xffffffc7][0xfffffffb]A{[0xffffffe9][0xffffffee][0xffffffe4]-[0xffffffb6][0xffffffbe][0xffffffde][0x9][0xffffff82]M,[0xffffffc8][0xffffffa4]L,[0xfffffff9][0xffffffa4]L,(%L[0x1c]X[0xffffffdd]o[0xffffffe2]@[0xffffffec][0x9][0x13][0xffffffab][l[0xffffffa3][0x16][0xffffffb0]w[0xffffffa2];[0xffffffdc]b[0xffffffeb][0x1e][0xffffffb7][0xffffffd8]z[0xffffffbc][0x1f][0xffffffb4][0xffffff99]n[0xfffffff2][0x16][_[0xffffffef][0x4][0xffffffd1]&[0xfffffff6][0xffffffb9][0xffffffc5]&[0xfffffff9][0xffffffc4]L[0xffffffec]q[0xffffff8b]-[0xffffffb0][\n]"
10:43:49.601 [Test worker] DEBUG org.apache.hc.client5.http.wire - http-outgoing-1 << "[0xffffff98][0xfffffff8][0xfffffffa]-[0xffffffb6][0xffffffae]n[0xffffffb1][0xffffff8d][0xffffffd6][0xffffffc1][l[0xffffffdd][0xffffffe1][0x16][[0xfffffff7][0xffffffb8][0xffffffc5][0xffffffd6][0xffffffe3][0xfffffffd][0xffffffa0][0xffffffcd]t[0xffffff93][0xffffffb7][0xffffffd8][0xfffffffa]z'[0xffffff88]6[0xffffffb1][0xffffffcf]-6[0xffffffc9]'fb[0xffffff8f][l[0xffffff81]U[0xffffffc0][0xffffffc4][0xffffffd7]o[0xffffffb1]u[0xffffffd5][0x14]?z[0x2]7;[0xffffffba]CS|[0xfffffff7]h[0xffffff8a][0xffffffef][0xffffffb1][0xffffff83]{3[0xffffffdd]dS|_{[0xffffffb7]i[0x13][0xfffffffb]4[0xffffffc5]K>1[0x13]{4[0xffffffc5][0x7]V[0x1][0x13]_o[0xffffff8a][0xffffffef][0xffffffea]>[0xfffffff1][0xffffffe8][0xffffff8f][0x1])[0x13];[0xffffffdc]'[0xffffffee][0x1e][0xfffffff7][0xffffff89]{[0xffffffbc][0xffffffa9][0xffffffb9][0xffffff99]n[0xfffffff2]>q_og[0xffffffd2]&[0xfffffff6][0xffffffb9]O,[0xfffffff9][0xffffffc4]L[0xffffffec]q[0xffffff9f]8[0xffffffb0][\n]"
10:43:49.601 [Test worker] DEBUG org.apache.hc.client5.http.wire - http-outgoing-1 << "[0xffffff98][0xfffffff8][0xfffffffa]}[0xffffffe2][0xffffffae][0xffffff9a][0xffffffe2]G[0xffffff9f][0xffffffe4][0xffffffe9][0xffffff84]CS|[0xfffffff7]h[0xffffff8a][0xffffffef][0xffffffb1][0xffffff83]{3[0xffffffdd]dS|_{[0xffffffb7]i[0x13][0xfffffffb]4[0xffffffc5]K>1[0x13]{4[0xffffffc5][0x7]V[0x1][0x13]_o[0xffffff8a][0xffffffef]j[0xffffffb3]c[0xffffffcc][0x1b][0xfffffff9][0xffffffc5][0xffffffce]a[0xffffffb3][0xffffffa3]{lv[0xfffffff4]xg~3[0xffffffdd][0xffffffe4]fG_[0xffffffef][0xffffffc9][0xffffffd3]&[0xfffffff6][0xffffffd9][0xffffffec][0xffffff90]|b&[0xfffffff6][0xffffffd8][0xffffffec][0x8][0xffffffac][0x2]&[0xffffffbe][0xffffffbe][0xffffffd9][0xffffffd1]US[0xfffffffc]L[0x7][0xffffffb8][0xffffffd9][0xffffffd1][0x1d][0xffffff9a][0xffffffe2][0xffffffbb]GS|[0xffffff8f][0x1d][0xffffffdc][0xffffff9b][0xffffffe9]&[0xffffff9b][0xffffffe2][0xfffffffb][0xffffffda][0xffffffbb]M[0xffffff9b][0xffffffd8][0xffffffa7])^[0xfffffff2][0xffffff89][0xffffff99][0xffffffd8][0xffffffa3])>[0xffffffb0][\n]"
10:43:49.601 [Test worker] DEBUG org.apache.hc.client5.http.wire - http-outgoing-1 << "[0xffffff98][0xfffffff8]zS|[0x1f][0xffffffca][0xffffffc4][0xffffff85]l[0xffffffc5]|[0x19][0xffffff89]7[0xfffffff1][0xfffffff0]0[0xfffffff1][0x8][0xffffff8c]o[0xffffffa6]{[0xffffff90]&[0x1e]f&[0xffffff8e]db&V|b&[0xffffff8e][0xffffff94]"&^Y[0x5]L[0xffffffbc][0x12]{[0xffffffc2][0xffffffc4]j[0xffffffc7]n[0xfffffff6]Jfb[0xffffff87][0x1d][0xffffffbb][0xffffffee][0xffffffb1]c[0xffffffd7][0xffffffe3][0xfffffff6][0xffffffd2]f[0xffffffba][0xffffffc9][0x1d][0xffffffbb][0xffffffbe]n,[0xffffffd1]&[0xfffffff6][0xffffffd9][0xffffffb1][0xffffff93]|b&[0xfffffff6][0xffffffd8][0xffffffb1][0xb][0xffffffac][0x2]&[0xffffffbe][0xffffffbe]c7[0xffffffd4][0xffffff8e][0xffffffdd][0xffffff9c][0xffffffe4][0x17][0xffffffbb][0xffffffe1][0xffffffb0]c7<v[0xffffffec]F[0xffffffdc]^[0xffffffda]K[0xfffffff7] w[0xffffffec][0xffffffc6][0xffffffba][0xffffffb1][0x4][0xffffff9b]X[0xffffff90]I[0xffffff99]X[0xfffffff2]I[0xffffff99]XPJ[0xffffff98]8[0xffffffb0][0xffffffba][0xffffffdf][0xffffffc4][0xffffff81][0xffffffd8][0x13]&[0x16];v[0xfffffff3][0xffffff96]G[0x2]M[0xffffffec][0xffffffb0]c7<v[0xffffffec]F[0xffffffdc]^[0xffffffda]L7[0xffffffb9]c7[0xffffffd6][0xffffff8d]%[0xffffffda][0xffffffc4]>;v[0xffffff92]O[0xffffffcc][0xffffffc4][0x1e];v[0xffffff81]U[0xffffffc0][0xffffffc4][0xffffffd7]w[0xffffffec][0xffffff86][0xffffffd8][0xffffffb1][0xffffff9b][0xffffffb7]V[0xffffffc0]~[0xffffffe2][0xffffffe1][0xffffffb0]c7<v[0xffffffec]F[0xffffffdc]^[0xffffffda]L7[0xffffffb9]c7[0xffffffd6][0xffffff8d]%[0xffffffda]"
10:43:49.611 [Test worker] DEBUG org.apache.hc.client5.http.wire - http-outgoing-1 << "[0xffffffc4]>;v[0xffffff92]O[0xffffffcc][0xffffffc4][0x1e];v[0xffffff81]U[0xffffffc0][0xffffffc4][0xffffffd7]w[0xffffffec][0xffffffa6][0xffffffd8][0xffffffb1][0xffffff9b][0xffffffa9][0xffffffce][0xffffffc2][0xffffff99]x:[0xffffffec][0xffffffd8]M[0xffffff8f][0x1d][0xffffffbb][0x19][0xffffffb7][0xffffff97][0xfffffff6][0xffffffd2]=[0xffffffc9][0x1d][0xffffffbb][0xffffffb9]n,[0xffffffc1]&[0x16]dR&[0xffffff96]|R&[0x16][0xffffff94][0x12]&[0xe][0xffffffac][0xffffffee]7q [0xfffffff6][0xffffff94][0xffffff89][0xffffffb3][0xffffff9f][0xffffff89][0xffffffb3][0xffffff83][0xffffff89][0xffffffb3][0xffffff87][0xffffff89]3m[0xffffffe2]L[0xffffff9a]8[0xffffff9b][0xffffff99]x%[0x13]4q[0xffffffe4][0x13]4[0xfffffff1]J)d[0xffffffe2][0xffffffcc][0xffffff9b]8_7[0xfffffff1][0xffffffe3][0xffffffc6][0xffffff9a][0xffffff99][0xffffff8a][0xffffff8f][0xffffffe1][0xffffffe0][0xffffffe2][0xfffffffb][0x14][0x16]2~[0xffffff9b][0x3][0xffffffb4][0xfffffff1]}[0x2]P[0xffffffc7][0xffffffaf][0xffffffbf]n[0xffffffe4][0xffffffe3][0xffffff80]'(d[0x1])h[0xffffffe4][0xffffff80]*[0xffffffa4][0xffffffe4][0x5]X[0xffffffc4][0xffffffc9][0xb][0xffffffb6][0xffffffa7][0xffffffa4][0xfffffffc][0xfffffff8]w[0xffffffc4]L[0xffffffca][0xfffffff7][0x7f]7[\r][0xffffffa4]|[0xffffff9f][0xffffffc2]B[0xffffffca]os[0xffffff80]R[0xffffffbe]O[0x0]J[0xfffffff9][0xfffffff5][0xffffffd7][0xffffff8d][0xffffffa4][0x1c][0xfffffff0][0x4][0xffffffa5], [0x5][0xffffffa5][0x1c]P[0xffffff85][0xffffffa4][0xffffffbc][0x0][0xffffff8b]Hy[0xffffffc1][0xfffffff6][0xffffff94][0xffffff94]k[0xfffffff1][0xffffff93]r-[0xe]R[0xffffffbe]Oa![0xffffffe5][0xffffffb7]9@)[0xffffffdf]'[0x0][0xffffffa5][0xfffffffc][0xfffffffa][0xffffffeb]FR[0xe]x[0xffffff82]R[0x16][0xffffff90][0xffffff82]R[0xe][0xffffffa8]BR^[0xffffff80]E[0xffffffa4][0xffffffbc]`{J[0xffffffca][0xffffffdd][0xfffffff0][0xffffff9b]^[0xffffffb7][0xfffffff8][0xffffffa8]w[0xffffff9f][0xffffffc2]B[0xffffffca]os[0xffffff80]R[0xffffffee][0xffffffe8]w[0xffffffbd][0xffffffee][0xfffffff6]a/[0xffffffe0][0x9]JY@[\n]"
10:43:49.621 [Test worker] DEBUG org.apache.hc.client5.http.wire - http-outgoing-1 << "J9[0xffffffa0][\n]"
10:43:49.625 [Test worker] DEBUG org.apache.hc.client5.http.wire - http-outgoing-1 << "I[0xffffffb9][0x1b]|[0xffffffdc][0xffffffeb][0xffffffe7][0xffffffbf][0xffffffee][0xffffffcd][0xffffffd7][0xffffffbf][0x15][0x1d][0x15]3C[ [0x1f]#[0xffffff81]J[0xfffffffe]4[0x4]i[0xffffffe4]e[0xffffff8c][0xfffffffd]B[0xfffffffe]4[0xffffffc0]~[0x1f][0x7f][0xfffffffb][0xffffffe3][0xffffffbc][0xffffff8e][0xffffff9f][0xffffff92][0xffffffb9][0xffffffdf][0xffffffc6][0xffffffdf][0xffffffe1]s[0xffffffbf][0xffffff8c][0xffffff9f]R[0xffffffba][0xffffffd7][0xffffffc5]OX[0xffffffdd][0xffffffa9][0xffffffe2]'[0xffffffc4][0xffffff9e]0[0xffffffb1][0xffffffd8][0xffffff8c][0xffffff9e][0xffffffa5]4d[0xb][0xffffffe4]c$[0xffffffde][0xffffffc4][0xfffffff4]f[0xfffffff4]2[0x6]fbf3[0xfffffffa][0xffffffdb][0x1f][0xffffffb7]1[0xffffffb1][0xffffffc3]f[0xfffffff4]w[0xfffffff8][0xffffffc4]LLoF?a[0x15]0[0xfffffff1]J[0xffffffec][0xffffff8f][0xffffff9a][0xffffffb8][0xffffffdd]nb3z[0xffffff96][0xffffff9a][0xffffff90][0xffffff8e][0xffffff8a][0xffffff8f][0xffffff91]`[0x13][0xffffffbf][\r]A[0xffffff9b][0xfffffff8][0xffffffd3][0x18][0xffffff8c][0xffffff89][0xffffffdf][0x6]`L[0xfffffffc][0xfffffff1][0xffffffe3][0x1e]&[0xffffff96]d2&~[0xffffffc2]'cbI[0xffffffe9]~[0x13][0xb]Vw[0xffffff9b]X[0x10]{[0xffffffc2][0xffffffc4]j3[0xffffffba][0xffffffd4][0xffffffc7]12ebv3[0xfffffffa][0xffffffd3][0x10][0x6]&[0xffffffe6]6[0xffffffa3]?[\r][0xffffff80][0xffffff99][0xffffffd8]f3[0xfffffffa])[0xffffff99][0xffffff98][0xffffff89]=6[0xffffffa3][0xffffff9f]R[0xffffff8a][0xffffff98][0xffffff98][0xffffffdc][0xffffff8c]~B[0xffffffec][0x9][0x13][0xffffffab][0xffffffcd][0xffffffe8][0xffffffd2][0xffffffd0]L[0xffffffcc]nF[0x7f][0x1a][0xffffffc2][0xffffffc0][0xffffffc4][0xffffffdc]f[0xfffffff4][0xffffffa7][0x1]0[0x13][0xffffffdb]lF?%[0x13]3[0xffffffb1][0xffffffc7]f[0xfffffff4]SJ[0x11][0x13][0xffffff93][0xffffff9b][0xffffffd1]O[0xffffff88]=ab[0xffffffb5][0x19]]zE[0xffffffde][0xfffffff7][0xfffffff8][0x18][0xffffff89]71[0xffffffbd][0x19][0xffffffbd][0xffffff8c][0xffffff81][0xffffff99][0xffffff98][0xffffffd9][0xffffff8c][0xfffffffe][0xfffffff6][0xffffffc7]mL[0xffffffec][0xffffffb0][0x19][0xfffffffd][0x1d]>1[0x13][0xffffffd3][0xffffff9b][0xffffffd1]OX[0x5]L|e3[0xfffffffa][0xffffffed]O[0xffffffc5][0xffffffeb][0xffffffa3][0xffffffb3][0xffffffcc][0xffffff8a][0xffffffdd][0xffffff9d]x[0x1d][0xffffff89]71[0xfffffffd][0xfffffffa][0xffffffe8]2[0x6]fb[0xffffffe6][0xfffffff5][0xffffffd1]o[0x7f][0xffffffdc][0xffffffc6][0xffffffc4][0xe][0xffffffaf][0xffffff8f]~[0xffffff87]O[0xffffffcc][0xffffffc4][0xfffffff4][0xffffffeb][0xffffffa3]OX[0x5]L|[0xffffffe5][0xfffffff5][0xffffffd1][0xffffffb7]?[0x15][0xffffffaf][0xffffff8f][0xffffffce][0xffffff9a]&vw[0xffffffe2]u$[0xffffffde][0xffffffc4][0xfffffff4][0xffffffeb][0xffffffa3][0xffffffcb][0x18][0xffffff98][0xffffff89][0xffffff99][0xffffffd7]G[0xffffffbf][0xfffffffd]q[0x1b][0x13];[0xffffffbc]>[0xfffffffa][0x1d]>1[0x13][0xffffffd3][0xffffffaf][0xffffff8f]>a[0x15]0[0xfffffff1][0xffffff95][0xffffffd7]G[0xffffffdf][0xfffffffe]T[0xffffffdd]'[0xffffffae]c[0x1c][0xffffffa0][0xffffff89][0xfffffff9][0xfffffffb][0xffffffc4]oC[0x18][0xffffff98][0xffffff98][0xffffffbd]O[0xfffffffc]6[0x0]fb[0xffffffab][0xfffffffb][0xffffffc4][0xffffff92]L[0xffffffcc][0xffffffc4]>[0xfffffff7][0xffffff89]%[0xffffffa5][0xffffff88][0xffffff89][0xffffffe9][0xfffffffb][0xffffffc4][0xffffff82][0xffffffd8][0x13]&[0x1e][0xffffffc2][0xffffffc4][0xffffffed]h[0x19]4[0xfffffff1]p0[0xfffffff1][0xfffffff0]0[0xfffffff1][0x8][0xffffff8c]o[0xffffffa6]{[0xffffff90]&[0x1e]f&[0xffffff8e]db&V|b&[0xffffff8e][0xffffff94]"&^Y[0x5]L[0xffffffbc][0x12][0xfffffffb][0xffffffe3]&>[0xffffff94][0xffffff89]G[0x1a][0xffffff85]3[0xfffffff1][0xffffffe1]`[0xffffffe2][0xffffffc3][0xffffffc3][0xffffffc4]Gd|/[0xffffffdd][0x7]i[0xffffffe2]c[0xffffffe5][0x1a]6[0xffffffb1] [0xffffff93]2[0xffffffb1][0xffffffe4][0xffffff93]2[0xffffffb1][0xffffffa0][0xffffff94]0q`u[0xffffffbf][0xffffff89][0x3][0xffffffb1][0xffffffa7]L\[0xfffffffc]LL[0xffffffb6][0x2]}[0x1a][0xffffffc2][0xffffffc2][0xffffffc4]T'[0xffffffd0][0xffffffa7][0x1]@[0x13][0xffffff9b]4[0x2]=%[0x13]4[0xffffffb1]C[0x1f][0xffffffd0]SJ![0x13]sm@O[0xffffff88][0xfffffffd]q[0x13][0xffffffa7][0xffffffdb][0xffffff97][0x14]M<[0x13]xw[0xffffffe2]e$[0xffffffdc][0xffffffc4][0xffffff8f]!x[0x13][0x7f][0x1d][0xffffff83]2[0xfffffff1]c[0x0][0xffffffca][0xffffffc4][0xffffffef]?[0xffffffee]bbA&eb[0xffffffc9]'ebA)a[0xffffffe2][0xffffffc0][0xffffffea]~[0x13][0x7]bO[0xffffff98]Xmv[0xffffffcc][0xffffffd2][0xffffffc1][0xffffffcd][0xffffff8e][0xffffffe4][0xffffffb0][0xffffffd9][0xffffff91]<6;R[0xffffffbc]3[0xffffffbf][0xffffff99]nr[0xffffffb3]#[0xffffffad][0xfffffff7][0xffffffe4]i[0x13][0xfffffffb]lvH>1[0x13]{lv[0x4]V[0x1][0x13]_[0xffffffdf][0xffffffec]Hj[0xffffffb3]c[0xffffff8e][0x4]nv$[0xffffff87][0xffffffcd][0xffffff8e][0xffffffe4][0xffffffb1][0xffffffd9][0xffffff91][0xffffffe2][0xffffff9d][0xfffffff9][0xffffffcd]t[0xffffff93][0xffffff9b][0x1d]i[0xffffffbd]'O[0xffffff9b][0xffffffd8]g[0xffffffb3]C[0xfffffff2][0xffffff89][0xffffff99][0xffffffd8]c[0xffffffb3]#[0xffffffb0][\n]"
10:43:49.630 [Test worker] DEBUG org.apache.hc.client5.http.wire - http-outgoing-1 << "[0xffffff98][0xfffffff8][0xfffffffa]fG[0xffffff8a][0xffffff9b][0x1d][0xffffffe9]v[0xffffffbb]M[0xffffffb0]w"9lv$[0xffffff8f][0xffffffcd][0xffffff8e][0x14][0xffffffef][0xffffffcc]o[0xffffffa6][0xffffff9b][0xffffffdc][0xffffffec]H[0xffffffeb]=y[0xffffffda][0xffffffc4]>[0xffffff9b][0x1d][0xffffff92]O[0xffffffcc][0xffffffc4][0x1e][0xffffff9b][0x1d][0xffffff81]U[0xffffffc0][0xffffffc4][0xffffffd7]7;RS&ny[0xffffff80]&n[0xe]&n[0x1e]&n[0xffffff81][0xfffffff1][0xffffffcd]t7[0xffffffd2][0xffffffc4][0xffffffcd][0xffffffcc][0xffffffc4][0xffffff91]L[0xffffffcc][0xffffffc4][0xffffff8a]O[0xffffffcc][0xffffffc4][0xffffff91]R[0xffffffc4][0xffffffc4]+[0xffffffab][0xffffff80][0xffffff89]WbO[0xffffff98]8nv[0xffffffbc][0xffffff98]x[0xffffff80];v[0xffffffc9]a[0xffffffb3]#ylv[0xffffffa4]xg~3[0xffffffdd][0xffffffe4]fGZ[0xffffffef][0xffffffc9][0xffffffd3]&[0xfffffff6][0xffffffd9][0xffffffec][0xffffff90]|b&[0xfffffff6][0xffffffd8][0xffffffec][0x8][0xffffffac][0x2]&[0xffffffbe][0xffffffbe][0xffffffd9][0xffffff91][0xffffffe2]}[0xffffffe2][0xffffffbb][0xffffff89];zN[0xffffffec]p[0xffffff9f]8y[0xffffffdc]'N[0xfffffff1][0xffffffa6][0xffffffe6]f[0xffffffba][0xffffffc9][0xfffffffb][0xffffffc4]i[0xffffffbd][0xffffff9d]I[0xffffff9b][0xffffffd8][0xffffffe7]>[0xffffffb1][0xffffffe4][0x13]3[0xffffffb1][0xffffffc7]}[0xffffffe2][0xffffffc0]*`[0xffffffe2][0xffffffeb][0xfffffff7][0xffffff89][0xffffffd3][0xffffff94]&&[0xffffffb7][0xffffff9d]_F[0xffffffe2]M<=L<[0x3][0xffffffe3][0xffffff9b][0xffffffe9][0xffffff9e][0xffffffa4][0xffffff89][0xffffffa7][0xffffff99][0xffffff89]#[0xffffff99][0xffffff98][0xffffff89][0x15][0xffffff9f][0xffffff98][0xffffff89]#[0xffffffa5][0xffffff88][0xffffff89]WV[0x1][0x13][0xffffffaf][0xffffffc4][0xfffffffe][0xffffffb8][0xffffff89]s[0xfffffff9][0xffffff92][0xffffff83][0xffffff89][0xffffff8f][0xffffffd9][0xb]g[0xffffffe2][0xffffff97][0xffffff91]p[0x13]?[0xffffff86][0xffffffe0]M[0xfffffffc]u[0xc][0xffffffca][0xffffffc4][0xffffff8f][0x1]([0x13][0xffffffbf][0xffffffff][0xffffffb8][0xffffff8b][0xffffff89][0x5][0xffffff99][0xffffff94][0xffffff89]%[0xffffff9f][0xffffff94][0xffffff89][0x5][0xffffffa5][0xffffff84][0xffffff89][0x3][0xffffffab][0xfffffffb]M[0x1c][0xffffff88]=ab[0xfffffff5][0xffffffc5].[0xffffffd5][0xffffffde]@[0x13];|[0xffffffb1][0xffffffcb][0x1e]_[0xffffffec]r[0xfffffffc][0x16][0xffffffb2][0xffffff99]n[0xfffffff2][0xffffff8b]]^[0xffffffbf][0x7f][0xffffffd0]&[0xfffffff6][0xfffffff9]b'[0xfffffff9][0xffffffc4]L[0xffffffec][0xfffffff1][0xffffffc5].[0xffffffb0][\n]"
10:43:49.630 [Test worker] DEBUG org.apache.hc.client5.http.wire - http-outgoing-1 << "[0xffffff98][0xfffffff8][0xfffffffa][0x17][0xffffffbb]<[0xffffff85][0xffffff89]s[0xffffffbd][0xffffff81][\r]@/#[0xfffffff1]&[0xffffff9e][0xffffff82]t[0xffffff80][0xfffffff1][0x19][0x18][0xffffffdf]L[0xfffffff7]$M<[0xffffffcd]L[0x1c][0xffffffc9][0xffffffc4]L[0xffffffac][0xfffffff8][0xffffffc4]L[0x1c])EL[0xffffffbc]"
10:43:49.635 [Test worker] DEBUG org.apache.hc.client5.http.wire - http-outgoing-1 << "[0xffffffb2][\n]"
10:43:49.635 [Test worker] DEBUG org.apache.hc.client5.http.wire - http-outgoing-1 << "[0xffffff98]x%[0xfffffff6][0xffffffc7]M\[0xffffffe2][0xffffff8b][0xffffffa2]w[0x13][0xffffffb7][0x6][0xffffff9e][0x13][0x17][0xffffff87][0x17]E[0xffffff8b][0xffffffc7][0xffffff8b][0xffffffa2]%[0xffffffbe][0xffffffd5][0xffffffb8][0xffffff97][0xffffffee]B[0xffffffbe](Z[0xffffffd6][0xfffffff7][0x19]a[0x13][0xb]2)[0x13]K>)[0x13][0xb]J[0x9][0x13][0x7]V[0xfffffff7][0xffffff9b]8[0x10]{[0xffffffc2][0xffffffc4][0xfffffff1]E[0xffffffd1][0xffffffbb][0xffffff89][0xfffffffb][0x1]n;[0x17][0xffffff87][0x17]E[0xffffff8b][0xffffffc7][0xffffff8b][0xffffffa2]%[0xffffffbe][0xffffffd5][0xffffffb8][0xffffff99]n[0xfffffff2]E[0xffffffd1][0xffffffb2][0xffffffbe][0xffffffcf]H[0xffffff9b][0xffffffd8][0xffffffe7]EQ[0xffffffc9]'fb[0xffffff8f][0x17]E[0x3][0xffffffab][0xffffff80][0xffffff89][0xffffffaf][0xffffffbf](Zb[0xffffffef][0xffffffc4][0xffffff8b][0xffffff89]+[0xffffffb8][0xffffffd9]Q[0x1c]z'[0xffffff8a]G[0xffffffef]D[0xffffff89][0x1b][0xfffffffd][0xffffff9b][0xffffffe9]&{'[0xffffffca][0xffffffba][0xffffffc5]O[0xffffff9b][0xffffffd8][0xffffffa7]wB[0xfffffff2][0xffffff89][0xffffff99][0xffffffd8][0xffffffa3]w"[0xffffffb0][\n]"
10:43:49.635 [Test worker] DEBUG org.apache.hc.client5.http.wire - http-outgoing-1 << "[0xffffff98][0xfffffff8]z[0xffffffef]DQ[0xffffffdb][0xffffffce]y4[0xffffffb0][0xffffff8b][0xffffffad]8l;[0x17][0xffffff8f]m[0xffffffe7][0x12][0xfffffff7]H7[0xffffffd3]Mn;[0xffffff97]uw[0xffffff94]6[0xffffffb1][0xffffffcf][0xffffffb6][0xffffffb3][0xffffffe4][0x13]3[0xffffffb1][0xffffffc7][0xffffffb6]s`[0x15]0[0xfffffff1][0xfffffff5]m[0xffffffe7][0x12][0xffffffdf][0xffffffb1]Kw[0xffffffb3]gp[0xffffffc7][0xffffffae]8[0xffffffbc]cW<[0xffffffde][0xffffffb1]+[0xfffffff1][0xffffff85][0xffffffb0][0xffffffcd]t[0xffffff93][0xffffffef][0xffffffd8][0xffffff95][0xfffffff5]U0[0xffffffda][0xffffffc4]>[0xffffffef][0xffffffd8]I>1[0x13]{[0xffffffbc]c[0x17]X[0x5]L|[0xfffffffd][0x1d][0xffffffbb][0xfffffffb][0xffffff9f]6?[0x13]7[0x7][0x13]7[0xf][0x13]7[0xffffffda][0xffffffc4][0xffffff8d]4q33[0xfffffff1]J&h[0xffffffe2][0xffffffc8]'h[0xffffffe2][0xffffff95]R[0xffffffc8][0xffffffc4][0xffffff8d]7q[0xffffffbb]n[0xffffffe2][0xffffffe9]g[0xffffffe2][0xffffffe9]`[0xffffffe2][0xffffffe9]a[0xffffffe2]I[0xffffff9b]x[0xffffff92]&[0xffffff9e]f&^[0xffffffc9][0x4]M[0x1c][0xfffffff9][0x4]M[0xffffffbc]R[\n]"
10:43:49.635 [Test worker] DEBUG org.apache.hc.client5.http.wire - http-outgoing-1 << "[0xffffff99]x[0xfffffff2]&[0xffffff9e][0xffffffd7]M[0xffffff9c][0xe]?[0x15][0xffffffa7][0xffffffc3][0xffffffc1][0xffffffc5][0xfffffff7]),d[0xfffffffc]6[0x7]h[0xffffffe3][0xfffffffb][0x4][0xffffffa0][0xffffff8e]_[0x7f][0xffffffdd][0xffffffc8][0xffffffc7][0x1]OP[0xffffffc8][0x2]R[0xffffffd0][0xffffffc8][0x1]UH[0xffffffc9][0xb][0xffffffb0][0xffffff88][0xffffff93][0x17]lOI[0xffffffb9][0x1a][0xffffffe6][0xffffffe3]j[0x11][0xffffff90][0xffffffab]IB[0xffffffae]xD[0xffffffae]hF[0xffffffae]n!9[0xffffffe0][0x9]JY@[\n]"
10:43:49.635 [Test worker] DEBUG org.apache.hc.client5.http.wire - http-outgoing-1 << "J9[0xffffffa0][\n]"
10:43:49.635 [Test worker] DEBUG org.apache.hc.client5.http.wire - http-outgoing-1 << "I[0xffffffb9][0x1a][0x4][0xffffffe5][0xfffffffa][0x13]I[0xfffffff9][0xffffffb8]U?+[0xffffffdf][0xffffff87]r[0xffffffd0][0xfffffff2][0xffffffcb][0x18][0x16]^~[0x1f][0x4][0x14][0xfffffff3][0xffffffcb][0x8][0xffffffa0][0xffffff99][0xffffffdf]~[0xffffffde]H[0xffffffcd][0xffffff91]Q[0xffffffd0][0xffffffcd][0xffffff8a]TP[0xffffffce][0xffffff91]W[0xffffffc8][0xffffffce]+[0xffffffb5][0xffffff88][0xffffff9e]Wv[0x7f][0xffffffc0][0xffffffcf][0xffffffe9][0xfffffff6][0xfffffffa][0xffffffc7][0xffffffaa][0xffffffa3][0xffffffa2][0xffffffcc][0xffffff83][0xffffffe8][0xffffffa8][0xfffffff8]4[0x12][0xffffffe7][0xffffffe6][0xffffffcf]C[0xffffff80]f^[0xffffffc7][0xffffffd8][0xffffffee][0xffffffe5][0xffffffcf][0x3]l[0xffffffb7][0xfffffff2][0xfffffff2][0xffffffe3][0xffffffb8][0xffffff93][0xffffff9f][0xffffff93][0xffffffb9][0xffffffdd][0xffffffc8][0xffffffdf][0xffffffe3]s[0xffffffbb][0xffffff8f][0xffffff9f]S[0xffffffba][0xffffffd5][0xffffffc6][0xffffffcf]X[0xffffffdd][0xffffffe8][0xffffffe2]g[0xffffffc4][0xffffff9e]0[0xffffffb1][0xffffffea]2[0xffffffae]u[0x12][0x1d][0x15][0xffffff9f]F[0xffffffe2]M[0xc]w[0x19][0xffffffaf]c`&F[0xffffffba][0xffffff8c][0xffffff97][0x1f][0xffffffb7]1[0xffffffb1]A[0xffffff97][0xfffffff1][0xfffffff7][0xfffffff8][0xffffffc4]L[0xc]w[0x19]?c[0x15]0[0xfffffff1][0xffffff85].[0xffffffe3][0xfffffff7]?[0xffffff9d][0xffffffca][0xffffffc4][0xffffffe3]Fl[0xffffff81]|[0x1a][0xffffff89]7[0xfffffff1][0xfffffff4]0[0xfffffff1][0xc][0xffffff8c]o[0xffffffa6]{[0xffffff92]&[0xffffff9e]f&[0xffffff8e]db&V|b&[0xffffff8e][0xffffff94]"&^Y[0x5]L[0xffffffbc][0x12][0xfffffffb][0xffffffe3]&[0xffffffae]7a[0xffffffe2]v4[0xffffffa2][0xffffffa3][0xffffffe2][0xffffffd3]H[0xffffffb8][0xffffff89][0x1f]C[0xfffffff0]&[0xfffffffe]:[0x6]e[0xffffffe2][0xffffffc7][0x0][0xffffff94][0xffffff89][0xffffffdf][0x7f][0xffffffdc][0xffffffc5][0xffffffc4][0xffffff82]L[0xffffffca][0xffffffc4][0xffffff92]O[0xffffffca][0xffffffc4][0xffffff82]R[0xffffffc2][0xffffffc4][0xffffff81][0xffffffd5][0xfffffffd]&[0xe][0xffffffc4][0xffffff9e]0[0xffffffb1]j[0xb]j[0xffffffb9][0x10][0xffffffbd]m[0xffffff9f]F[0xffffffe2]M[0xc][0xffffffb7][0x5][0xffffffad]c`&F[0xffffffda][0xffffff82][0xffffff96][0x1f][0xffffffb7]1[0xffffffb1]A[[0xffffffd0][0xfffffff7][0xfffffff8][0xffffffc4]L[0xc][0xffffffb7][0x5]=c[0x15]0[0xfffffff1][0xffffff85][0xffffffb6][0xffffffa0][0xffffff8f]?M~&N[0xe]&N[0x1e]&N[0xffffffb4][0xffffff89][0x13]i[0xffffffe2]df[0xffffffe2][0xffffff95]L[0xffffffd0][0xffffffc4][0xffffff91]O[0xffffffd0][0xffffffc4]+[0xffffffa5][0xffffff90][0xffffff89][0x13]o[0xffffffe2]t[0xffffffd5][0xffffffc4][0xffffffaa][0xffffffa3][0xffffffa2][0xffffff8d]A[0xfffffff4][0xffffffb6]}[0x1a][0xffffff89]71[0xffffffdc]Q[0xffffffb1][0xffffff8e][0xffffff81][0xffffff99][0x18][0xffffffe9][0xffffffa8]X~[0xffffffdc][0xffffffc6][0xffffffc4][0x6][0x1d][0x15][0xffffffdf][0xffffffe3][0x13]31[0xffffffdc]Q[0xfffffff1][0xffffff8c]U[0xffffffc0][0xffffffc4][0x17]:*[0xffffffde][0xffffffff][0xffffffb4][0xb][0x13][0xfffffff7][-[0xffffffa0][0xffffff89][0xffffffe3][0xffffffbb][0xffffffe7][0x0][0xffffffe9][0xffffffea][0xffffffc5]s[0xffffff80][0xfffffff1][0xfffffff8][0xffffffd6][0xfffffff9]f[0xffffffba][0xffffffd7]W[0xffffffce][0xffffffb7]r[0xffffffbd][0xffffffbe]oN[0xffffff9b]8[0xffffff92][0xffffff89][0xffffff99]X[0xfffffff1][0xffffff89][0xffffff99]8R[0xffffff8a][0xffffff98]xe[0x15]0[0xfffffff1]J[0xffffffec][0xffffff8f][0xffffff9b][0xffffffb8][0xffffffa9]s[0xffffffe2]qL[0xffffffd0][0xffffffc4][0xffffffcd][0xffffffe1][0xffffff9c][0xffffffb8]y[0xffffff9c][0x13][0xffffffb7]x[0x2][0xffffffb7][0xffffff97][0xffffffee]F[0xffffff9e][0x13][0xffffffb7][0xfffffff5][0xffffffd4][\r]6[0xffffffb1] [0xffffff93]2[0xffffffb1][0xffffffe4][0xffffff93]2[0xffffffb1][0xffffffa0][0xffffff94]0q`u[0xffffffbf][0xffffff89][0x3][0xffffffb1]'L[0xffffff9c][0xffffffc4]9[0xfffffff1][0xffffffa8][\r]<[0xffffff9d]x[0x19][0xffffff89]7q[0xffffffb2]8'[0xfffffffe]:[0x6]f[0xffffffe2][0x4][0xffffff9e][0x13][0xffffffbf][0xffffffff][0xffffffb8][0xffffff8d][0xffffff89]#[0xffffff99][0xffffff98][0xffffff89][0x15][0xffffff9f][0xffffff98][0xffffff89]#[0xffffffa5][0xffffff88][0xffffff89]WV[0x1][0x13][0xffffffaf][0xffffffc4][0xffffff9e]0[0xffffffb1]:'[0xffffff9e][0xffffffe5][0x6]~[0xffffffb1]k[0xe][0xffffffe7][0xffffffc4][0xffffffcd][0xffffffe3][0xffffff9c][0xffffffb8][0xffffffc5][0x13][0xffffffb8][0xffffffcd]t[0xffffff93][0xffffffe7][0xffffffc4]m=u[0xffffffa3]M[0xffffffec]sN,[0xfffffff9][0xffffffc4]L[0xffffffec]qN[0x1c]X[0x5]L|[0xfffffffd][0xffffff9c][0xffffffb8][0xffffffa9]m[0xffffffe7][0xffffffd9][0xffffff91].[0xffffff8a]O#[0xfffffff1]&[0xfffffff6][0xffffffd8]vnq[0xffffff8f]t3[0xffffffdd][0xffffffe4][0xffffffb6]s[wGi[0x13][0xfffffffb]l;K>1[0x13]{l;[0x7]V[0x1][0x13]_[0xffffffdf]vn[0xffffffea][0xffffff8b][0xffffffdd][0x1c][0xffffffc7][\r]4[0xffffffb1][0xffffffc3][0x17][0xffffffbb][0xffffffe6][0xfffffff1][0xffffffc5][0xffffffae][0xffffffc5]o![0xffffff9b][0xffffffe9]&[0xffffffbf][0xffffffd8][0xffffffb5][0xfffffff5][0xfffffffb][0x7]mb[0xffffff9f]/v[0xffffff92]O[0xffffffcc][0xffffffc4][0x1e]_[0xffffffec][0x2][0xffffffab][0xffffff80][0xffffff89][0x7f][0xffffffe2][0xffffff8b][0xffffff9d][0xffffffea][0xffffff9d][0xffffff98][0xffffffe3]1 eb[0xffffff87][0xffffffde][0xffffff89][0xffffffe6][0xffffffd1];[0xffffffd1][0xffffffe2]F[0xffffffff]f[0xffffffba][0xffffffc9][0xffffffde][0xffffff89][0xffffffb6]n[0xfffffff1][0xffffffd3]&[0xfffffff6][0xffffffe9][0xffffff9d][0xffffff90]|b&[0xfffffff6][0xffffffe8][0xffffff9d][0x8][0xffffffac][0x2]&[0xffffffbe][0xffffffde];[0xffffffd1]T[0xffffffef][0xffffffc4][0xffffff9c][0x7]y:[0xffffffe1][0xffffffd0];[0xffffffd1]<z'Z[0xffffffdc][0xffffffe8][0xffffffdf]L7[0xffffffd9];[0xffffffd1][0xffffffd6]-~[0xffffffda][0xffffffc4]>[0xffffffbd][0x13][0xffffff92]O[0xffffffcc][0xffffffc4][0x1e][0xffffffbd][0x13][0xffffff81]U[0xffffffc0][0xffffffc4][0xffffffd7]{'[0xfffffffa]M[0xffffff9a][0xffffffb8][0xffffff83]]l/#[0xffffffe1]&~[0xc][0xffffffc1][0xffffff9b][0xfffffff8][0xffffffeb][0x18][0xffffff94][0xffffff89][0x1f][0x3]P&~[0xffffffff]q[0x17][0x13][0xb]2)[0x13]K>)[0x13][0xb]J[0x9][0x13][0x7]V[0xfffffff7][0xffffff9b]8[0x10]{[0xffffffc2][0xffffffc4][0xffffffe2]>[0xfffffff1]q;*[0xffffffd8][0xffffffc5][0xffffffd6][0x1d][0xffffffee][0x13]w[0xffffff8f][0xfffffffb][0xffffffc4]=[0xffffffde][0xffffffd4][0xffffffdc]L7y[0xffffff9f][0xffffffb8][0xffffffaf][0xffffffb7]3i[0x13][0xfffffffb][0xffffffdc]'[0xffffff96]|b&[0xfffffff6][0xffffffb8]O[0x1c]X[0x5]L|[0xfffffffd]>qO[0xffffffca][0xffffffc4]u[0xffffff80]M[0xfffffff1]/#[0xfffffff1]&N[0x1e]&N[0xffffff81][0xfffffff1][0xffffffcd]t'[0xffffffd2][0xffffffc4][0xffffffc9][0xffffffcc][0xffffffc4][0xffffff91]L[0xffffffcc][0xffffffc4][0xffffff8a]O[0xffffffcc][0xffffffc4][0xffffff91]R[0xffffffc4][0xffffffc4]+[0xffffffab][0xffffff80][0xffffff89]WbO[0xffffff98]8+[0x13]w[0xffffffb2])[0xfffffffe]e$[0xffffffde][0xffffffc4][0xffffffd9][0xffffffc3][0xffffffc4]90[0xffffffbe][0xffffff99][0xffffffee]L[0xffffff9a]8[0xffffff9b][0xffffff99]8[0xffffff92][0xffffff89][0xffffff99]X[0xfffffff1][0xffffff89][0xffffff99]8R[0xffffff8a][0xffffff98]xe[0x15]0[0xfffffff1]J[0xffffffec][0x9][0x13][0xffffff8b][0xffffffcd][0xffffff8e][0xffffffe3]([0xffffffe8]9[0xffffffb1][0xffffffc3]fG[0xfffffff7][0xffffffd8][0xffffffec]"
10:43:49.645 [Test worker] DEBUG org.apache.hc.client5.http.wire - http-outgoing-1 << "[0xffffffe8][0xfffffff1][0xffffffce][0xfffffffc]f[0xffffffba][0xffffffc9][0xffffffcd][0xffffff8e][0xffffffbe][0xffffffde][0xffffff93][0xffffffa7]M[0xffffffec][0xffffffb3][0xffffffd9]![0xfffffff9][0xffffffc4]L[0xffffffec][0xffffffb1][0xffffffd9][0x11]X[0x5]L|}[0xffffffb3][0xffffffa3][0xffffff8b][0xfffffffb][0xffffffc4][0xfffffff7][0xffffffff][0xffffffbf][0x3][0xffffffdc]v[0xffffffee][0xe][0xfffffff7][0xffffff89][0xffffffbb][0xffffffc7]}[0xffffffe2][0x1e]ojn[0xffffffa6][0xffffff9b][0xffffffbc]O[0xffffffdc][0xffffffd7][0xffffffdb][0xffffff99][0xffffffb4][0xffffff89]}[0xffffffee][0x13]K>1[0x13]{[0xffffffdc]'[0xe][0xffffffac][0x2]&[0xffffffbe]~[0xffffff9f][0xffffffb8][0xffffff8b][0xfffffffb][0xffffffc4]G[0xffffffaa]G[0x1]M[0xffffffec]p[0xffffff9f][0xffffffb8]{[0xffffffdc]'[0xffffffee][0xfffffff1][0xffffffa6][0xffffffe6]f[0xffffffba][0xffffffc9][0xfffffffb][0xffffffc4]}[0xffffffbd][0xffffff9d]I[0xffffff9b][0xffffffd8][0xffffffe7]>[0xffffffb1][0xffffffe4][0x13]3[0xffffffb1][0xffffffc7]}[0xffffffe2][0xffffffc0]*`[0xffffffe2][0xffffffeb][0xfffffff7][0xffffff89][0xffffffbb][0xffffffb8]O|[0xffffffa4]~T[0xffffffd0][0xffffffc4][0xe][0xfffffff7][0xffffff89][0xffffffbb][0xffffffc7]}[0xffffffe2][0x1e]ojn[0xffffffa6][0xffffff9b][0xffffffbc]O[0xffffffdc][0xffffffd7][0xffffffdb][0xffffff99][0xffffffb4][0xffffff89]}[0xffffffee][0x13]K>1[0x13]{[0xffffffdc]'[0xe][0xffffffac][0x2]&[0xffffffbe]~[0xffffff9f]x[0xffffffdc][0xffffff84][0xffffff89][0xfffffff3][0xffffffad][0xffffff82][0xffffffef][0xffffffd8][0xffffffbd][0xffffff8c][0xffffff84][0xffffff9b][0xfffffff8]1[0x4]o[0xffffffe2][0xffffffaf]cP&~[0xc]@[0xffffff99][0xfffffff8][0xfffffffd][0xffffffc7]]L,[0xffffffc8][0xffffffa4]L,[0xfffffff9][0xffffffa4]L,(%L[0x1c]X[0xffffffdd]o[0xffffffe2]@[0xffffffec][0x9][0x13][0xffffffab][0xfffffffb][0xffffffc4][0xfffffff9]6[0xffffffc1][0xfffffffb][0xffffffc4][0xffffffc3][0xffffffe1]>[0xfffffff1][0xfffffff0][0xffffffb8]O<[0xffffffe2]M[0xffffffcd][0xffffffcd]t[0xffffff93][0xfffffff7][0xffffff89][0xffffffc7]z;[0xffffff93]6[0xffffffb1][0xffffffcf]}b[0xffffffc9]'fb[0xffffff8f][0xfffffffb][0xffffffc4][0xffffff81]U[0xffffffc0][0xffffffc4][0xffffffd7][0xffffffef][0x13][0xf]u[0xffffff9f]8[0x1f][0xffffff8d]4[0xffffffb1][0xffffffc3]}[0xffffffe2][0xffffffe1]q[0xffffff9f]x[0xffffffc4][0xffffff9b][0xffffff9a][0xffffff9b][0xffffffe9]&[0xffffffef][0x13][0xffffff8f][0xfffffff5]v&mb[0xffffff9f][0xfffffffb][0xffffffc4][0xffffff92]O[0xffffffcc][0xffffffc4][0x1e][0xfffffff7][0xffffff89][0x3][0xffffffab][0xffffff80][0xffffff89][0xffffffaf][0xffffffdf]'[0x1e]E[0xffffff99]85[0xffffffb0]w[0xffffffe2]e$[0xffffffde][0xffffffc4][0xffffffc5][0xffffffc3][0xffffffc4]%0[0xffffffbe][0xffffff99][0xffffffee]B[0xffffff9a][0xffffffb8][0xffffff98][0xffffff99]8[0xffffff92][0xffffff89][0xffffff99]X[0xfffffff1][0xffffff89][0xffffff99]8R[0xffffff8a][0xffffff98]xe[0x15]0[0xfffffff1]J[0xffffffec][0x9][0x13][0xffffff8b]~[0xffffffe2]#[0xffffff8f]A[0xffffff9a][0xffffffd8][0xffffffa1][0xffffff9f]xx[0xfffffff4][0x13][0xffffff8f][0xffffffd8][0xfffffffc][0xffffffba][0xffffff99]n[0xffffffb2][0xffffff9f]x[0xffffffac]m[0xffffffaf][0xffffffb4][0xffffff89]}[0xfffffffa][0xffffff89]%[0xffffff9f][0xffffff98][0xffffff89]=[0xfffffffa][0xffffff89][0x3][0xffffffab][0xffffff80][0xffffff89][0xffffffaf][0xfffffff7][0x13][0xf]u[0xffffff9f][0xffffffb8][0x1c][0xffffffe4]}[0xffffffe2][0xffffffe1]p[0xffffff9f]xx[0xffffffdc]'[0x1e][0xfffffff1][0xffffffa6][0xffffffe6]f[0xffffffba][0xffffffc9][0xfffffffb][0xffffffc4]c[0xffffffbd][0xffffff9d]I[0xffffff9b][0xffffffd8][0xffffffe7]>[0xffffffb1][0xffffffe4][0x13]3[0xffffffb1][0xffffffc7]}[0xffffffe2][0xffffffc0]*`[0xffffffe2][0xffffffeb][0xfffffff7][0xffffff89][0xffffffc7][0xffffff88][0xffffffef][0xffffffd8][0x1d][0xffffffa5]>[0x6][0xffffffa4]L<[0xc][0xffffffde][0xffffffb1]{[0xc]a`[0xffffffe2][0x11]^[0x8][0xffffffdb]L[0xfffffff7][0x0][0xffffffdf][0xffffffb1]{[0xffffffff]q[0x1b][0x13]G21[0x13]+>1[0x13]GJ[0x11][0x13][0xffffffaf][0xffffffac][0x2]&^[0xffffff89]=abu[0xffffff9f][0xffffffb8]t[0xfffffff4][0xffffff8b][0xffffff9d][0xffffffc3]}[0xffffffe2][0xffffffe1]q[0xffffff9f]x[0xffffffc4][0xffffff9b][0xffffff9a][0xffffff9b][0xffffffe9]&[0xffffffef][0x13][0xffffff8f][0xfffffff5]v&mb[0xffffff9f][0xfffffffb][0xffffffc4][0xffffff92]O[0xffffffcc][0xffffffc4][0x1e][0xfffffff7][0xffffff89][0x3][0xffffffab][0xffffff80][0xffffff89][0x7f][0xffffffe2]>[0xfffffff1][0xfffffffc][0xffffff92][0xfffffffd]L[0xffffff9c][0x1d]L[0xffffff9c]=L[0xffffff9c]i[0x13]g[0xffffffd2][0xffffffc4][0xffffffd9][0xffffffcc][0xffffffc4]+[0xffffff99][0xffffffa0][0xffffff89]#[0xffffff9f][0xffffffa0][0xffffff89]WJ![0x13]g[0xffffffde][0xffffffc4][0xfffffff9][0xffffffa2][0xffffff89][0xffffffa7][0xffffffba]O\3yN<[0x1d][0xffffffee][0x13]O[0xffffff8f][0xfffffffb][0xffffffc4]3[0xffffffde][0xffffffd4][0xffffffdc]K[0xfffffff7]$[0xffffffef][0x13][0xffffffcf][0xfffffff5]v&lbA&eb[0xffffffc9]'ebA)a[0xffffffe2][0xffffffc0][0xffffffea]~[0x13][0x7]bO[0xffffff98]X[0xffffffdd]'n[0x7]ywb:[0xffffffdc]'[0xffffff9e][0x1e][0xfffffff7][0xffffff89]g[0xffffffbc][0xffffffa9][0xffffffb9][0xffffff99]n[0xfffffff2]>[0xfffffff1]\og[0xffffffd2]&[0xfffffff6][0xffffffb9]O,[0xfffffff9][0xffffffc4]L[0xffffffec]q[0xffffff9f]8[0xffffffb0][\n]"
10:43:49.645 [Test worker] DEBUG org.apache.hc.client5.http.wire - http-outgoing-1 << "[0xffffff98][0xfffffff8][0xfffffffa]}[0xffffffe2][0xffffffa9][0xfffffffa][0xffffff89][=[0xffffffc0]V[0xffffffcc][0xffffffe9][0xffffffd0]O<=[0xfffffffa][0xffffff89]gl~[0xffffffdd]L7[0xffffffd9]O<[0xffffffd7][0xffffffb6]W[0xffffffda][0xffffffc4]>[0xfffffffd][0xffffffc4][0xffffff92]O[0xffffffcc][0xffffffc4][0x1e][0xfffffffd][0xffffffc4][0xffffff81]U[0xffffffc0][0xffffffc4][0xffffffd7][0xfffffffb][0xffffff89][0xffffffa7][0xffffffda][0xffffffec]h[0xffffffb5][0x1f][0xffffffa0][0xffffff89][0x1d]6;[0xffffffa6][0xffffffc7]f[0xffffffc7][0xffffff8c]w[0xffffffe6]7[0xffffffd3]Mnv[0xffffffcc][0xfffffff5][0xffffff9e]<mb[0xffffff9f][0xffffffcd][0xe][0xffffffc9]'fb[0xffffff8f][0xffffffcd][0xffffff8e][0xffffffc0]*`[0xffffffe2][0xffffffeb][0xffffff9b][0x1d]S5[0xffffffc5][0xffffffb7]Fv[0xffffffb1]M[0xffffff87][0xffffffa6][0xfffffff8][0xffffffe9][0xffffffd1][0x14]?c[0x7][0xfffffff7]f[0xffffffba][0xffffffc9][0xffffffa6][0xfffffff8][0xffffffb9][0xfffffff6]n[0xffffffd3]&[0xfffffff6]i[0xffffff8a][0xffffff97]|b&[0xfffffff6]h[0xffffff8a][0xf][0xffffffac][0x2]&[0xffffffbe][0xffffffde][0x14]?[0xffffffd5][0xffffff8e]]k[0xffffff8d][0xfffffffc]b[0xffffffe7][0xffffffb0]c7=v[0xffffffec]f[0xffffffdc]^[0xffffffda]L7[0xffffffb9]c7[0xffffffd7][0xffffff8d]%[0xffffffda][0xffffffc4]>;v[0xffffff92]O[0xffffffcc][0xffffffc4][0x1e];v[0xffffff81]U[0xffffffc0][0xffffffc4][0xffffffd7]w[0xffffffec][0xffffffa6][0xffffffda][0xffffffb1]k[0xffffffbd][0xffffff80]/[0xffffff8a]N[0xffffff87][0x1d][0xffffffbb][0xffffffe9][0xffffffb1]c7[0xffffffe3][0xfffffff6][0xffffffd2]f[0xffffffba][0xffffffc9][0x1d][0xffffffbb][0xffffffb9]n,[0xffffffd1]&[0xfffffff6][0xffffffd9][0xffffffb1][0xffffff93]|b&[0xfffffff6][0xffffffd8][0xffffffb1][0xb][0xffffffac][0x2]&[0xffffffbe][0xffffffbe]c7[0xffffffd5][0xffffff9b][0x1d]m[0xffffffde][0xffffffc0]~[0xffffffe2][0xffffffe9][0xfffffff0]f[0xffffffc7][0xfffffff4]x[0xffffffb3]c[0xffffffc6][0xffffffd7][0x10]6[0xffffffd3]M[0xffffffbe][0xffffffd9]1[0xffffffd7][0x17][0x10]h[0x13][0xfffffffb][0xffffffbc][0xffffffd9]![0xfffffff9][0xffffffc4]L[0xffffffec][0xfffffff1]fG`[0x15]0[0xfffffff1][0xf][0xffffffbc][0xffffffd9][0xfffffff1][0xffffffce][0xffffffed][0xffffffaf][0xffffffff][0xfffffff5][0xffffff97][0xffffffdf][0xfffffffd][0xfffffffe][0xffffff8f][0xffffffbf][0xfffffffc][0xffffffed]o[0xffffffbf][0xfffffffe][0xffffffdb][0xffffffbf][0xfffffffe][0xfffffff2][0xffffffc7]?B[0x0]/S[0xffffff98][0xffffff90][0xffffffbc]N[0xffffffe5][0xffffff80][0xffffffb4][0xffffff9a][0xffffff89]c{[0xffffff9d][0xffffff86][0xffffff84]\[0xffffffcc][0xfffffff2][0x7f][0xffffffcd][0x1d]j[0xffffffa3][0xffffffb4]g[0xffffffb2]yp:l[0xffffff94]N[0xffffff8f][0xffffff8d][0xffffffd2][0x19]w[0xfffffff5]6[0xfffffff3]Nn[0xffffff94][0xffffffce]u?[0xffffff8f][0xffffffce][0x1d]>[0x1b][0xffffffa5][0xffffff92]O,wxl[0xffffff94][0x6]V[0xffffff81][0xffffffdc][0xfffffff1][0x3][0x1b][0xffffffa5]d[0xffffffee][0x10]j[0xffffffc5]s[0xffffff87]4-[0xffffff9e];[0xffffff84]x[0xffffffd1][0xffffffdc][0x11]<[0xc][0xffffffe6][0xffffff8e][0xffffffa0][0xffffffe5]K[0xffffffb9]#v[\n]"
10:43:49.645 [Test worker] DEBUG org.apache.hc.client5.http.wire - http-outgoing-1 << "[0xffffffe1][0xffffffb9][0xffffff83][0xffffffef][0x14]z[0xc]a[0xffffff91];[0xffffffd8]N[0xffffffa1][0xffffffc7][0x0]`[0xffffffee][0xffffffb0][0xffffffea][0x14][0x12]d[0xffffff82][0xffffffb9][0xffffffc3][0xffffffa7]SHP[\n]"
10:43:49.645 [Test worker] DEBUG org.apache.hc.client5.http.wire - http-outgoing-1 << "[0xffffffe5][0xe][0xffffffba]S([0x10]k[0xffffff97];[0xffffff82]Z[\r]r[0xffffff87]0[0xffffffad]A[0xffffffee][0x8][0xffffffe2][0xffffff85]sG2[0xffffffca][0x1d][0xffffffe9][0x1f][0xffffff90];[0xffffffaa]_[0xffffffee][0xffffffa8][0xe][0xffffffb9][0xffffffa3]z[0xffffffe4][0xffffff8e]J[0xffffffe7][0xffffff8e]J[0xffffffe6][0xffffff8e]j[0xffffff96];V2[0xffffffc1][0xffffffdc][0x11][0xfffffff9][0x4]s[0xffffffc7]J)[0xffffff94];*[0xffffff9f];[0xffffffaa]w[0xffffffee][0x8]j5[0xffffffc8][0x1d][0xffffffc2][0xffffffb4][0x6][0xffffffb9]#[0xffffff88][0x17][0xffffffce][0x1d][0xffffffd5](w[0xffffffd4][0x7f]@[0xffffffee]x4[0x12][0xffffff99][0x5][0xffffff8f]c8$[0xffffff8f][0xfffffffb][0x14][0x16][0xffffffd1][0xffffffe3]m[0xe]0{[0xffffffdc]'[0x0][0xffffffc3][0xffffffc7][0xffffffeb][0xffffffaf][0x1b][0xffffffa5][0xffffff8f][0xffffff80]'[0x18]?[0x4][0xffffffa4]`[0xfffffffe][0x8][0xffffffa8]B[0x1]d[0x1][0x16]I [0xb][0xffffffb6]v[0x11]$J[0xffffffd6] [0xffffff83]([0xffffffe7][0x1a][0xffffff84][0xffffff90][0xffffffa8]`8[0xffffff85][0xffffffac]FFc[0xffffffc8]*[0xffffffe8]K9$[0x19][0xffffffe6][0xffffff90]d[0xffffff91]C[0xffffff92]I[0xe]Ix[0xe]Ih[0xe]In9$[0xffffffe0][0x9][0xffffffe6][0x10][0x1])[0xffffff98]C[0x2][0xffffffaa]P[0xe]I[0x6]9$[0xffffff99][0xffffffe7][0xffffff90](Y[0xffffff83][0x1c][0xffffffa2][0xffffff9c]k[0xffffff90]C[0xffffffa2][0xffffff82][0xffffffe1][0x1c][0xffffffb2][0x1a][0x19][0xffffffcd]![0xffffffab][0xffffffa0]/[0xffffffe5][0xffffff90]l[0xfffffff8]!&[|[0xffffff89][0xffffffc9]&[0xffffff9f]b2[0xfffffffe]-&[0xffffffa3][0x1f]c[0xffffffb2][0xffffffdb][0xffffffd7][0xffffff98][0xffffff80]'[0xffffff98]C[0x4][0xffffffa4]`[0xe][0x9][0xffffffa8]B9"
10:43:49.650 [Test worker] DEBUG org.apache.hc.client5.http.wire - http-outgoing-1 << "$[0x1b]|[0xffffff91][0xffffffc9][0xffffffe6][0xffffff9f]d[0xffffffa2]d[\r]r[0xffffff88]r[0xffffffae]A[0xe][0xffffff89][\n]"
10:43:49.650 [Test worker] DEBUG org.apache.hc.client5.http.wire - http-outgoing-1 << "[0xffffff86]s[0xffffffc8]jd4[0xffffff87][0xffffffac][0xffffff82][0xffffffbe][0xffffff94]Cj[0xfffffff3][0xffffffcb]![0xffffffb5]9[0xffffffe4][0xffffff90][0xfffffffb][0x14][0x16]9[0xffffffe4]m[0xe]0[0xffffff87][0xffffffdc]'[0x0]s[0xffffffc8][0xffffffeb][0xffffffaf][0x1b][0xffffffe5][0xffffff90][0xffffff80]'[0xffffff98]C[0x4][0xffffffa4]`[0xe][0x9][0xffffffa8]B9d[0x1][0x16][0xffffffc9]![0xb][0xffffffb6]v9$J[0xffffffd6] [0xffffff87]([0xffffffe7][0x1a][0xffffffe4][0xffffff90][0xffffffa8]`8[0xffffff87][0xffffffac]FFs[0xffffffc8]*[0xffffffe8]K9[0xffffffa4][0x19].[0xffffffc4]4[0xffffff8b][0xffffff8d][0xffffff98]f[0xffffffb2][0x12][0xffffffd3][0xfffffff0][0xffffff9d][0xffffff98][0xffffff86].[0xffffffc5]4[0xffffffb7][0xffffffad][0xffffff98][0xffffff80]'[0xffffff98]C[0x4][0xffffffa4]`[0xe][0x9][0xffffffa8]B9[0xffffffa4][0x19]l[0xffffffc6]4[0xfffffff3][0xffffffd5][0xffffff98](Y[0xffffff83][0x1c][0xffffffa2][0xffffff9c]k[0xffffff90]C[0xffffffa2][0xffffff82][0xffffffe1][0x1c][0xffffffb2][0x1a][0x19][0xffffffcd]![0xffffffab][0xffffffa0]/[0xffffffe5][0xffffff90][0xffffffc7][0xffffffdb][0x14]f9[0xffffffa4][0x1f][0xe]9[0xffffffe4]>[0xffffff85]E[0xe]y[0xffffff9b][0x3][0xffffffcc]![0xfffffff7][0x9][0xffffffc0][0x1c][0xfffffff2][0xfffffffa][0xffffffeb]F9$[0xffffffe0][0x9][0xffffffe6][0x10][0x1])[0xffffff98]C[0x2][0xffffffaa]P[0xe]Y[0xffffff80]Er[0xffffffc8][0xffffff82][0xffffffad]][0xe][0xffffff89][0xffffff92]5[0xffffffc8]![0xffffffca][0xffffffb9][0x6]9$*[0x18][0xffffffce]![0xffffffab][0xffffff91][0xffffffd1][0x1c][0xffffffb2][\n]"
10:43:49.650 [Test worker] DEBUG org.apache.hc.client5.http.wire - http-outgoing-1 << "[0xfffffffa]R[0xe]9n[0xffffffd3]/[0xffffff88][0xffffffdc][0xffffff87]rH"/cXD[0xffffff91][0xfffffff7]A[0xffffffc0],[0xfffffff2]2[0x2][0x18]F[0xffffffde]~[0xffffffde]([0xffffff8d]DF[0xffffffc1]8[0xffffffa2]H[0x5][0xfffffff3]H[0xffffffe4][0x15][\n]"
10:43:49.650 [Test worker] DEBUG org.apache.hc.client5.http.wire - http-outgoing-1 << "$+[0xffffffb5]H"Y[0xffffffd9][0xffffffb5][0xffffff8b]$B[0xffffffb7][0x6][0xffffff99]D[0xffffffda][0xffffffd7] [0xffffff94][0x8][0x19][0xffffffc3][0xffffffa9]$[0xffffffb8][0x19][0xffffff8d]%A[0xffffffd5]gr[0xffffffc9][0xfffffff1][0xfffffff2]O9n7[0xffffffd5][0xffffff97]:[0xffffffc7]$R[0xffffffc9][0xffffffc7]H`&[0xfffffff9]4[0x4][0xffffff99]H[0xffffff96]1[0xfffffff6][0xffffffe7][0xffffff91]O[0x3][0xffffffec]O#[0xffffffdf][0xfffffffe]8[0xffffff9f]E[0xffffff9e][0xffffff92][0xffffffb9]?[0xffffff89]|[0xffffff87][0xffffffcf][0xfffffffd]9[0xffffffe4])[0xffffffa5]{S[0xffffffc8][0x13]Vwf[0xffffff90]'[0xffffffc4][0xffffffba]$[0xffffff90][0xffffffe7]j[0xffffffe5][0xfffffff2][0xffffffc7][0xfffffff7]L[0xffffffcb][0xffffffa5][0xffffff8f][0xffffffe7][0xffffffe2]e[0xffffffb2][0xffffffc7]3[0xf][0x13][0xffffffc9][0xffffffe3][0xffffff99][0xffffff96]/[0xffffffe4][0xffffff8e]C[0xffffffe4][0xffffff8e]qt[0xffffffe4][0xffffffcd][0xffffffc4][0xffffff8f][0xffffff91][0xfffffff8][0xffffffdc]qx[0xffffffe4][0xffffff8e]#[0xffffffe2][0xffffffbf][0xffffff97][0xfffffff7][0xffffff83][0xffffffcc][0x1d][0xffffff87]Y[0xffffffee][0xffffff88]db[0xffffffb9]C[0xfffffff1][0xffffff89][0xffffffe5][0xffffff8e]H)[0xffffff92];VV[0xffffff81][0xffffffdc][0xffffffb1][0x12]k[0xffffff96];[0xffffff84]Z[0xfffffff1][0xffffffdc]!M[0xffffff8b][0xffffffe7][0xe]!^4w[0x4][0xf][0xffffff83][0xffffffb9]#h[0xfffffff9]B[0xffffffee]H*w[0xffffffd4][0xffffff89][0xffffffbc][0x10][0xfffffffa]1[0x12][0xffffff9f];[0xffffff92]G[0xffffffee]H[0x11][0xffffffff][0xffffffbd][0xffffffbc]'2w$[0xffffffb3][0xffffffdc][0x11][0xffffffc9][0xffffffc4]r[0xffffff87][0xffffffe2][0x13][0xffffffcb][0x1d][0xffffff91]R$w[0xffffffac][0xffffffac][0x2][0xffffffb9]c%[0xffffffd6],w[0x8][0xffffffb5][0xffffffe2][0xffffffb9]C[0xffffff9a][0x16][0xffffffcf][0x1d]B[0xffffffbc]h[0xffffffee][0x8][0x1e][0x6]sG[0xffffffd0][0xfffffff2][0xffffff85][0xffffffdc][0xffffff91]U[0xffffffee][0xffffffe8][0x3][0xffffffb9][0xfffffffd][0xfffffff1]1[0x12][0xffffff9f];[0xffffffb2]G[0xffffffee][0xffffffc8][0x11][0xffffffff][0xffffffbd][0xffffffbc]g2wd[0xffffffb3][0xffffffdc][0x11][0xffffffc9][0xffffffc4]r[0xffffff87][0xffffffe2][0x13][0xffffffcb][0x1d][0xffffff91]R$w[0xffffffac][0xffffffac][0x2][0xffffffb9]c%[0xffffffd6],w[0x8][0xffffffb5][0xffffffe2][0xffffffb9]C[0xffffff9a][0x16][0xffffffcf][0x1d]B[0xffffffbc]h[0xffffffee][0x8][0x1e][0x6]sG[0xffffffd0][0xfffffff2][0xffffffa5][0xffffffdc][0xffffff91][0xfffffffd]rGv[0xffffffc8][0x1d][0xffffffd9]#wd:wd2wd[0xffffffb3][0xffffffdc][0xffffffb1][0xffffff92][0x9][0xffffffe6][0xffffff8e][0xffffffc8]'[0xffffff98];VJ[0xffffffa1][0xffffffdc][0xffffff91][0xfffffff9][0xffffffdc][0xffffff91][0xffffffbd]sGP[0xffffffab]A[0xffffffee][0x10][0xffffffa6]5[0xffffffc8][0x1d]A[0xffffffbc]p[0xffffffee][0xffffffc8]F[0xffffffb9]#[0xffffffff]t[0xffffffee]([0xffffffe2][0xffffffbc]c[0xffffffa6][0xffffff9a][0xffffffc1][0xffffffdc]Q[0x1c][0xffffffce];[0xffffff8a][0xffffffc7]yG[0xffffff89][0xffffffb1]{/[0xffffffef][0xffffff85]<[0xffffffef](f[0xffffffe7][0x1d][0xffffff91]L,w(>[0xffffffb1][0xffffffdc][0x11])Er[0xffffffc7][0xffffffca]*[0xffffff90];Vb[0xffffffcd]r[0xffffff87]P+[0xffffff9e];[0xffffffa4]i[0xfffffff1][0xffffffdc]![0xffffffc4][0xffffff8b][0xffffffe6][0xffffff8e][0xffffffe0]a0w[0x4]-_[0xffffffc8][0x1d]U[0xffffffe5][0xffffff8e]R[0xe]0wT[0xffffff87][0xffffffdc]Q=rG[0xffffff8d][0xfffffff8][0xffffffef][0xffffffe5][0xffffffbd][0xffffff92][0xffffffb9][0xffffffa3][0xffffff9a][0xffffffe5][0xffffff8e]H&[0xffffff96];[0x14][0xffffff9f]X[0xffffffee][0xffffff88][0xffffff94]"[0xffffffb9]ce[0x15][0xffffffc8][0x1d]+[0xffffffb1]f[0xffffffb9]C[0xffffffa8][0x15][0xffffffcf][0x1d][0xffffffd2][0xffffffb4]x[0xffffffee][0x10][0xffffffe2]EsG[0xfffffff0]0[0xffffff98];[0xffffff82][0xffffff96]/[0xffffffe5][0xffffff8e][0xffffffe4][0xffffff97];[0xffffffc8][0xffffffb6][0xffffffd3]OCX[0xffffffe4][0xe][0xffffffaa][0xffffffeb][0xfffffff4][0xffffffd3][0x0]`[0xffffffee]0i:}J&[0xffffff98];[0x1c]zN[0xffffff9f]R[\n]"
10:43:49.650 [Test worker] DEBUG org.apache.hc.client5.http.wire - http-outgoing-1 << "[0xffffffe5][0xe][0xffffffae][0xffffffe5][0xfffffff4][0x9][0xffffffb1]v[0xffffffb9][0xffffffc3][0xffffffa8][0xffffffe3][0xfffffff4]{[0xffffffa6]5[0xffffffc8][0x1d]&[\r][0xffffffa7][0xffffffcf]<[0xffffff8c][0xffffffe6][0xffffff8e][0xffffff9f][0xffffffe8]7}[0xfffffffb]g4u[0xffffffde]1J[0x7]sGs8[0xffffffef]h[0x1e][0xffffffe7][0x1d]-[0xffffffc6][0xffffffee][0xffffffbd][0xffffffbc]7[0xfffffff2][0xffffffbc][0xffffffa3][0xffffff99][0xffffff9d]wD2[0xffffffb1][0xffffffdc][0xffffffa1][0xfffffff8][0xffffffc4]rG[0xffffffa4][0x14][0xffffffc9][0x1d]+[0xffffffab]@[0xffffffee]X[0xffffff89]5[0xffffffcb][0x1d]B[0xffffffad]x[0xffffffee][0xffffff90][0xffffffa6][0xffffffc5]s[0xffffff87][0x10]/[0xffffff9a];[0xffffff82][0xffffff87][0xffffffc1][0xffffffdc][0x11][0xffffffb4]|!wt[0xffffff95];[0xffffffe6]A[0xffffff9e]wt[0xffffff87][0xffffffdc][0xffffffd1]=rG[0xffffff8f][0xfffffff8][0xffffffef][0xffffffe5][0xffffffbd][0xffffff93][0xffffffb9][0xffffffa3][0xffffff9b][0xffffffe5][0xffffff8e]H&[0xffffff96];[0x14][0xffffff9f]X[0xffffffee][0xffffff88][0xffffff94]"[0xffffffb9]ce[0x15][0xffffffc8][0x1d]+[0xffffffb1]f[0xffffffb9]C[0xffffffa8][0x15][0xffffffcf][0x1d][0xffffffd2][0xffffffb4]x[0xffffffee][0x10][0xffffffe2]EsG[0xfffffff0]0[0xffffff98];[0xffffff82][0xffffff96]/[0xffffffe4][0xffffff8e]!sG#[0xfffffffb]J[0xffffff87]C[0xffffffee][0x18][0x1e][0xffffffb9]cD[0xfffffffc][0xfffffff7][0xfffffff2]>[0xffffffc8][0xffffffdc]1[0xffffffcc]rG$[0x13][0xffffffcb][0x1d][0xffffff8a]O,wDJ[0xffffff91][0xffffffdc][0xffffffb1][0xffffffb2][\n]"
10:43:49.650 [Test worker] DEBUG org.apache.hc.client5.http.wire - http-outgoing-1 << "[0xffffffe4][0xffffff8e][0xffffff95]X[0xffffffb3][0xffffffdc]![0xffffffd4][0xffffff8a][0xffffffe7][0xe]iZ<w[0x8][0xfffffff1][0xffffffa2][0xffffffb9]#x[0x18][0xffffffcc][0x1d]A[0xffffffcb][0x17]r[0xffffffc7][0xffffff8c][0xffffffb9]#[0xffffffdd]n[0xffffffe8]y[0xffffffc7]t[0xffffffc8][0x1d][0xffffffd3]#w[0xffffffcc][0xffffff88][0xffffffff]^[0xffffffde]'[0xffffff99];[0xffffffa6]Y[0xffffffee][0xffffff88]db[0xffffffb9]C[0xfffffff1][0xffffff89][0xffffffe5][0xffffff8e]H)[0xffffff92];VV[0xffffff81][0xffffffdc][0xffffffb1][0x12]k[0xffffff96];[0xffffff84]Z[0xfffffff1][0xffffffdc]!M[0xffffff8b][0xffffffe7][0xe]!^4w[0x4][0xf][0xffffff83][0xffffffb9]#h[0xfffffff9]|[0xffffffee]8[0xe][0xffffff95];R[0x6][0xfffffffb];^F[0xffffffc2]s[0xffffffc7]c[0x8]>w|[0x1d][0xffffff83][0xffffffca][0x1d][0xffffff8f][0x1][0xffffffa8][0xffffffdc][0xfffffff1][0xfffffffe][0xffffffe3].[0xffffffb9]C[0xffffff90]I[0xffffffe5][0xe][0xffffffc9]'[0xffffff95];[0x4][0xffffffa5]D[0xffffffee][0x8][0xffffffac][0xffffffee][0xffffffcf][0x1d][0xffffff81]X[0xffffffaf][0xffffffdc][0xffffffa1][0xffffffd4]J[0xffffffe7][0xe]mZ:w([0xfffffff1][0xffffff92][0xffffffb9]#z[0xffffff98][0xffffffcb][0x1d]Q[0xffffffcb][0x17]r[0xffffff87][0xffffffe8][0xffffffef]H[0xffffffb7]y+`[0xffffffee]p[0xffffffe8][0xffffffef]8<[0xfffffffa];[0xe][0xffffffb1]F[0xffffffbe][0xffffff97]w[0xffffffb2][0xffffffbf][0xffffffe3][0x8][0xffffff8b][0xffffffe2]p[0xffffffee][0xfffffff0][0xffffffe9][0xffffffef][0xffffff90]|b[0xffffffb9][0xffffffc3][0xffffffa3][0xffffffbf]#[0xffffffb0][\n]"
10:43:49.650 [Test worker] DEBUG org.apache.hc.client5.http.wire - http-outgoing-1 << "[0xffffffe4][0xe][0xffffffef][0xfffffffe][0xe][0xffffffa5]V<wX[0xfffffff6]w([0xfffffff1][0xffffffa2][0xffffffb9][0xffffffc3][0xffffffa8][0xffffffbf]#j[0xfffffff9]B[0xffffffee][0x10]{[0xffffffb4][0xffffffe9]H[0xffffffb3][0xffffff82][0xffffffb9][0xffffffc3]a[0xffffff8f][0xfffffff6][0xfffffff0][0xffffffd8][0xffffffa3]=[0xffffffc4]:[0xffffffd7]^[0xffffffde][0xffffffc9]=[0xffffffda]#,l[0xffffffc1][0xffffffb9][0xffffffc3]g[0xffffff8f]V[0xfffffff2][0xffffff89][0xffffffe5][0xe][0xffffff8f]=[0xffffffda][0xffffffc0]*[0xffffff90];[0xffffffbc][0xfffffff7]h[0xffffff95]Z[0xfffffff1][0xffffffdc]a[0xffffffb9]G[0xffffffab][0xffffffc4][0xffffff8b][0xffffffe6][0xe][0xffffffa3]=[0xffffffda][0xffffffa8][0xffffffe5][0xb][0xffffffb9]C[0xffffffdd][0xffffffef]Hm[0xffffff80][0xffffffef][0xffffffd1][0x1e][0xe][0xfffffff7];[0xe][0xffffff8f][0xfffffffb][0x1d]"
10:43:49.655 [Test worker] DEBUG org.apache.hc.client5.http.wire - http-outgoing-1 << "[0xffffff87][0xfffffff8][0xffffffcc][0xffffffb8][0xffffff97]w[0xfffffff2]~[0xffffffc7][0x11]>$[0xffffffc2][0xffffffb9][0xffffffc3][0xffffffe7]~[0xffffff87][0xffffffe4][0x13][0xffffffcb][0x1d][0x1e][0xfffffff7];[0x2][0xffffffab]@[0xffffffee][0xfffffff0][0xffffffbe][0xffffffdf][0xffffffa1][0xffffffd4][0xffffff8a][0xffffffe7][0xe][0xffffffcb][0xfffffffb][0x1d]J[0xffffffbc]h[0xffffffee]0[0xffffffba][0xffffffdf][0x11][0xffffffb5]|>w[0xffffffa4][0xffffff9b][0xffffffca][0x1d][0xfffffff3][0x6][0xffffffde][0xffffffef]x[0x19][0x9][0xffffffcf][0x1d][0xffffff8f]![0xfffffff8][0xffffffdc][0xfffffff1]u[0xc]*w<[0x6][0xffffffa0]r[0xffffffc7][0xfffffffb][0xffffff8f][0xffffffbb][0xffffffe4][0xe]A&[0xffffff95];$[0xffffff9f]T[0xffffffee][0x10][0xffffff94][0x12][0xffffffb9]#[0xffffffb0][0xffffffba]?w[0x4]b[0xffffffbd]r[0xffffff87]R+[0xffffff9d];[0xffffffb4]i[0xffffffe9][0xffffffdc][0xffffffa1][0xffffffc4]K[0xffffffe6][0xffffff8e][0xffffffe8]a.wD-_[0xffffffc8][0x1d]I[0xffffffe4][0xffffff8e][0xffffff9c][0xffffffd3][\r][0xffffffcc][0x1d][0xffffffe2][0xffffffb1][0xffffffe6][0xfffffffd][0xffffffff][0xffffffd7] _g[0xffffffde][0xffffff8f][0xffffffbf]x[0xffffff8e]y/[0xffffffef][0xffffffe1][0xfffffffd][0xffffffe5][0xffffff9d][0xffffff80][0xffffff87][0x7][0xffffff97][0xffffffe1][0xffffffdc][0x11][0xffffffc9][0xffffffc4]r[0xffffff87][0xffffffe2][0x13][0xffffffcb][0x1d][0xffffff91]R$w[0xffffffac][0xffffffac][0x2][0xffffffb9]c%[0xffffffd6],w[0x8][0xffffffb5][0xffffffe2][0xffffffb9]C[0xffffff9a][0x16][0xffffffcf][0x1d]B[0xffffffbc]h[0xffffffee][0x8][0x1e][0x6]sG[0xffffffd0][0xfffffff2][0xffffff85][0xffffffdc][0xffffff91]e[0xffffffee] [0xffffffdf][0xffffff85]K[0xffffffe2][0xffffffb1][0xffffffe6][0xfffffffd][0xffffffff][0xffffffd7] _g[0xffffffde][0xffffff8f][0xffffffbf]x[0xffffff8e]y/[0xffffffef][0xffffffe1][0xfffffffd][0xffffffe5][0xffffff9d][0xffffff80][0xffffff87][0x7][0xffffff97][0xffffffe1][0xffffffdc][0x11][0xffffffc9][0xffffffc4]r[0xffffff87][0xffffffe2][0x13][0xffffffcb][0x1d][0xffffff91]R$w[0xffffffac][0xffffffac][0x2][0xffffffb9]c%[0xffffffd6],w[0x8][0xffffffb5][0xffffffe2][0xffffffb9]C[0xffffff9a][0x16][0xffffffcf][0x1d]B[0xffffffbc]h[0xffffffee][0x8][0x1e][0x6]sG[0xffffffd0][0xfffffff2][0xffffff85][0xffffffdc][0xffffffa1][0xfffffff6]Yr[0x1e][0xffffffe4]y[0xffffff87][0xffffffc3]>K[0xfffffff2][0xffffffd8]gI[0xffffffe2]Z[0xfffffff5]^[0xffffffde][0xffffffc9]}[0xffffff96][0x14].N[0xffffffc3][0xffffffb9][0xffffffc3]g[0xffffff9f]E[0xfffffff2][0xffffff89][0xffffffe5][0xe][0xffffff8f]}[0xffffff96][0xffffffc0]*[0xffffff90];[0xffffffbc][0xfffffff7]Y[0xffffff94]Z[0xfffffff1][0xffffffdc]a[0xffffffb9][0xffffffcf][0xffffffa2][0xffffffc4][0xffffff8b][0xffffffe6][0xe][0xffffffa3]}[0xffffff96][0xffffffa8][0xffffffe5][0xb][0xffffffb9]C[0xffffffbc]G[0xffffff9b]r[0xffffffc9][0xffffffe0][0xfffffffb],[0xffffffc9][0xffffffe1]=[0xffffffda][0xffffffe4][0xfffffff1][0x1e]m[0x12][0xffffffcf]"[0xffffffee][0xffffffe5][0xffffff9d]|[0xffffff8f]6[0xffffff85][0xffffff87][0xf][0xffffffe1][0xffffffdc][0xffffffe1][0xfffffff3][0x1e][0xffffffad][0xffffffe4][0x13][0xffffffcb][0x1d][0x1e][0xffffffef][0xffffffd1][0x6]V[0xffffff81][0xffffffdc][0xffffffe1][0xfffffffd][0x1e][0xffffffad]R+[0xffffff9e];,[0xffffffdf][0xffffffa3]U[0xffffffe2]Es[0xffffff87][0xffffffd1]{[0xffffffb4]Q[0xffffffcb][0x17]r[0xffffff87]x[0x17].[0xffffffe5]:[0xffffffc1]}[0xffffff96][0xffffffe4][0xfffffff0].\[0xfffffff2]x[0x17].[0xffffff89][0xffffffe7][0xffffff89][0xfffffff6][0xfffffff2]N[0xffffffbe][0xb][0xffffff97][0xffffffc2][0x3]Dp[0xffffffee][0xfffffff0]y[0x17]N[0xfffffff2][0xffffff89][0xffffffe5][0xe][0xffffff8f]w[0xffffffe1][0x2][0xffffffab]@[0xffffffee][0xfffffff0]~[0x17]N[0xffffffa9][0x15][0xffffffcf][0x1d][0xffffff96][0xffffffef][0xffffffc2])[0xfffffff1][0xffffffa2][0xffffffb9][0xffffffc3][0xffffffe8]][0xffffffb8][0xffffffa8][0xffffffe5][0xb][0xffffffb9]C[0xffffffbc][0xb][0xffffff97][0xffffffca][0xffffffad][0xffffff82][0xfffffffd][0x1d][0xffffffc9][0xffffffe1]][0xffffffb8][0xffffffe4][0xfffffff1].\[0x12][0xffffffcf][0x13][0xffffffed][0xffffffe5][0xffffff9d]|[0x17].[0xffffff85][0x7][0xffffff88][0xffffffe0][0xffffffdc][0xffffffe1][0xfffffff3].[0xffffff9c][0xffffffe4][0x13][0xffffffcb][0x1d][0x1e][0xffffffef][0xffffffc2][0x5]V[0xffffff81][0xffffffdc][0xffffffe1][0xfffffffd].[0xffffff9c]R+[0xffffff9e];,[0xffffffdf][0xffffff85]S[0xffffffe2]Es[0xffffff87][0xffffffd1][0xffffffbb]pQ[0xffffffcb][0x17]r[0xffffff87]x[0x17].[0xffffff95][0xffffffd4][0xb][0xffffff98];[0x1c][0xffffffde][0xffffff85]K[0x1e][0xffffffef][0xffffffc2]%[0xfffffff1]<[0xffffffd1]^[0xffffffde][0xffffffc9]w[0xffffffe1]Rx[0xffffff80][0x8][0xffffffce][0x1d]>[0xffffffef][0xffffffc2]I>[0xffffffb1][0xffffffdc][0xffffffe1][0xfffffff1].\`[0x15][0xffffffc8][0x1d][0xffffffde][0xffffffef][0xffffffc2])[0xffffffb5][0xffffffe2][0xffffffb9][0xffffffc3][0xfffffff2]]8%^4w[0x18][0xffffffbd][0xb][0x17][0xffffffb5]|)w[0xffffffc4][0xffffffbe]R<w[0xfffffff0]}[0xffffffa5][0xffffff8f]!,r[0x7][0xffffffdb]W[0xfffffffa][0x18][0x0][0xffffffcc][0x1d]V}[0xffffffa5][0xffffff82]L0w[0xfffffff8][0xfffffff4][0xffffff95][\n]"
10:43:49.655 [Test worker] DEBUG org.apache.hc.client5.http.wire - http-outgoing-1 << "J[0xffffffa1][0xffffffdc]A[0xfffffff7][0xffffff95][0x6]b[0xffffffed]r[0xffffff87]]_[0xffffffa9]6[0xffffffad]A[0xffffffee][0xffffffb0][0xffffffea]+[0xffffff8d][0x1e]Fs[0xffffffc7]O[0xfffffff7][0xffffff95]&[0xffffffd5]WZ[0xfffffffa][\r]|[0xffffff8f]69[0xfffffff4][0xffffff95]&[0xffffff8f][0xffffffbe][0xffffffd2]$j[0xfffffff3][0xfffffff6][0xfffffff2]N[0xfffffff6][0xffffff95][0xffffffa6]P[0xffffff8c][0x7][0xffffffe7][0xe][0xffffff9f][0xffffffbe]R[0xffffffc9]'[0xffffff96];<[0xfffffffa]J[0x3][0xffffffab]@[0xffffffee][0xfffffff0][0xffffffee]+Uj[0xffffffc5]s[0xffffff87]e_[0xffffffa9][0x12]/[0xffffff9a];[0xffffff8c][0xfffffffa]J[0xffffffa3][0xffffff96][0xffffffcf][0xffffffe7][0xffffff8e][0xffffffac][0xfffffffa]J[0xb][0xffffffda]W[0xffffff9a][0x1d][0xfffffffa]J[0xffffffb3]G_i[0x16][0xffffffb5]y[y[0xffffffcf]d_i[0xe][0xffffffc5]xl[0xffffffee][0x10]dR[0xffffffb9]C[0xfffffff2]I[0xffffffe5][0xe]A)[0xffffff91];[0x2][0xffffffab][0xfffffffb]sG [0xffffffd6]+w([0xffffffb5][0xffffffd2][0xffffffb9]C[0xffffff9b][0xffffff96][0xffffffce][0x1d]J[0xffffffbc]d[0xffffffee][0xffffff88][0x1e][0xffffffe6]rG[0xffffffd4][0xfffffff2][0xffffff85][0xffffffdc][0xffffffa1]z[0xffffffc3][0xffffffea]h[0xffffffe0][0x1e]mv[0xffffffe8][\r][0xffffffcb][0x1e][0xffffffbd]aY[0xffffffd4][0xffffffd7][0xffffffec][0xffffffe5][0xffffff9d][0xffffffec][\r][0xffffffcb][0xffffffa1][0xffffffa0][0x6][0xffffffce][0x1d]>[0xffffffbd]a[0xffffff92]O,wx[0xfffffff4][0xffffff86][0x5]V[0xffffff81][0xffffffdc][0xffffffe1][0xffffffdd][0x1b][0xffffffa6][0xffffffd4][0xffffff8a][0xffffffe7][0xe][0xffffffcb][0xffffffde]0%^4w[0x18][0xfffffff5][0xffffff86]E-_[0xffffffc8][0x1d][0xffffffaa]7[0xffffffac][0xffffffdd]:y[0xffffffde][0xffffffe1][0xffffffd0][0x1b][0xffffff96]=z[0xffffffc3][0xffffffb2][0xffffffa8][0xffffffaf][0xffffffd9][0xffffffcb];[0xffffffd9][0x1b][0xffffff96]CA[\r][0xffffff9c];|z[0xffffffc3]$[0xffffff9f]X[0xffffffee][0xfffffff0][0xffffffe8][\r][0xb][0xffffffac][0x2][0xffffffb9][0xffffffc3][0xffffffbb]7L[0xffffffa9][0x15][0xffffffcf][0x1d][0xffffff96][0xffffffbd]aJ[0xffffffbc]h[0xffffffee]0[0xffffffea][\r][0xffffff8b]Z[0xffffffbe][0xffffff90];T[0x7f]G[0xffffffab]doXv[0xffffffe8][0xffffffef][0xffffffc8][0x1e][0xfffffffd][0x1d]Y[0xffffffac][0xffffff91][0xffffffef][0xffffffe5][0xffffff9d][0xffffffec][0xffffffef][0xffffffc8]aQ[0x1c][0xffffffce][0x1d]>[0xfffffffd][0x1d][0xffffff92]O,wx[0xfffffff4]w[0x4]V[0xffffff81][0xffffffdc][0xffffffe1][0xffffffdd][0xffffffdf][0xffffffa1][0xffffffd4][0xffffff8a][0xffffffe7][0xe][0xffffffcb][0xfffffffe][0xe]%^4w[0x18][0xfffffff5]wD-_[0xffffffc8][0x1d][0xffffffaa][0xffffffbf][0xffffffa3][0xffffffb5]R[0xffffffc0][0xffffffdc][0xffffffe1][0xffffffd0][0xffffffdf][0xffffff91]=[0xfffffffa];[0xffffffb2]X#[0xffffffdf][0xffffffcb];[0xffffffd9][0xffffffdf][0xffffff91][0xffffffc3][0xffffffa2]8[0xffffff9c];|[0xfffffffa];$[0xffffff9f]X[0xffffffee][0xfffffff0][0xffffffe8][0xffffffef][0x8][0xffffffac][0x2][0xffffffb9][0xffffffc3][0xffffffbb][0xffffffbf]C[0xffffffa9][0x15][0xffffffcf][0x1d][0xffffff96][0xfffffffd][0x1d]J[0xffffffbc]h[0xffffffee]0[0xffffffea][0xffffffef][0xffffff88]Z[0xffffffbe][0xffffff90];[0xffffffd4]>K?[0x6][0xfffffff8].\v[0xffffffd8]g[0xffffffc9][0x1e][0xfffffffb],Y\[0xffffffab][0xffffffde][0xffffffcb];[0xffffffb9][0xffffffcf][0xffffff92][0xffffffc3][0xffffffc5]i8w[0xfffffff8][0xffffffec][0xffffffb3]H>[0xffffffb1][0xffffffdc][0xffffffe1][0xffffffb1][0xffffffcf][0x12]X[0x5]r[0xffffff87][0xfffffff7]>[0xffffff8b]R+[0xffffff9e];,[0xfffffff7]Y[0xffffff94]x[0xffffffd1][0xffffffdc]a[0xffffffb4][0xffffffcf][0x12][0xffffffb5]|>w[0x14][0xffffffb5][0xffffffcf][0xffffffd2]sm\[0xffffffee]([0xe][0xfffffffb],[0xffffffc5]c[0xffffff9f][0xffffffa5][0xffffff88]k[0xffffffd5][y/[0xffffffe4]>K[0x9][0x17][0xffffffa7][0xffffffd9][0xffffffdc]![0xffffffc8][0xffffffa4]r[0xffffff87][0xffffffe4][0xffffff93][0xffffffca][0x1d][0xffffff82]R"w[0x4]V[0xfffffff7][0xffffffe7][0xffffff8e]@[0xffffffac]W[0xffffffee]Pj[0xffffffa5]s[0xffffff87]6-[0xffffff9d];[0xffffff94]x[0xffffffc9][0xffffffdc][0x11]=[0xffffffcc][0xffffffe5][0xffffff8e][0xffffffa8][0xffffffe5][0xb][0xffffffb9][0xffffffe3]P[0xffffffb9][0xffffffa3]W[0xfffffff0]}[0xffffff96][0xffffff97][0xffffff91][0xfffffff8][0xffffffdc]qx[0xffffffe4][0xffffff8e]#[0xffffffe2][0xffffffbf][0xffffff97][0xfffffff7][0xffffff83][0xffffffcc][0x1d][0xffffff87]Y[0xffffffee][0xffffff88]db[0xffffffb9]C[0xfffffff1][0xffffff89][0xffffffe5][0xffffff8e]H)[0xffffff92];VV[0xffffff81][0xffffffdc][0xffffffb1][0x12]k[0xffffff96];[0xffffff84]Z[0xfffffff1][0xffffffdc]!M[0xffffff8b][0xffffffe7][0xe]!^4w[0x4][0xf][0xffffff83][0xffffffb9]#h[0xfffffff9]B[0xffffffee]H*w[0xffffffcc]:[0xffffffc1][0xffffffdc][0xffffff91][0x1c]rG[0xfffffff2][0xffffffc8][0x1d])[0xffffffe2][0xffffffbf][0xffffff97][0xfffffff7]D[0xffffffe6][0xffffff8e]d[0xffffff96];"[0xffffff99]X[0xffffffee]P|b[0xffffffb9]#R[0xffffff8a][0xffffffe4][0xffffff8e][0xffffff95]U w[0xffffffac][0xffffffc4][0xffffff9a][0xffffffe5][0xe][0xffffffa1]V<wH[0xffffffd3][0xffffffe2][0xffffffb9]C[0xffffff88][0x17][0xffffffcd][0x1d][0xffffffc1][0xffffffc3]`[0xffffffee][0x8]Z[0xffffffbe][0xffffff90];T[0x7f][0xffffffc7]H[0x15][0xffffffdc][0xffffffa3]-[0xe][0xfffffffd][0x1d][0xffffffc5]"
10:43:49.660 [Test worker] DEBUG org.apache.hc.client5.http.wire - http-outgoing-1 << "[0xffffffa3][0xffffffbf][0xffffffa3][0xffffff88]5[0xfffffff2][0xffffffbd][0xffffffbc][0xffffff93][0xfffffffd][0x1d]%,[0xffffff8a][0xffffffc3][0xffffffb9][0xffffffc3][0xffffffa7][0xffffffbf]C[0xfffffff2][0xffffff89][0xffffffe5][0xe][0xffffff8f][0xfffffffe][0xffffff8e][0xffffffc0]*[0xffffff90];[0xffffffbc][0xfffffffb];[0xffffff94]Z[0xfffffff1][0xffffffdc]a[0xffffffd9][0xffffffdf][0xffffffa1][0xffffffc4][0xffffff8b][0xffffffe6][0xe][0xffffffa3][0xfffffffe][0xffffff8e][0xffffffa8][0xffffffe5][0xb][0xffffffb9]C[0xfffffff5]w[0xffffff8c]R[0xffffffc0][0xffffff9e][0xfffffff4][0xffffffe2][0xffffffd0][0xffffffdf]Q<[0xfffffffa];[0xffffff8a]X#[0xffffffdf][0xffffffcb];[0xffffffd9][0xffffffdf]Q[0xffffffc2][0xffffffa2]8[0xffffff9c];|[0xfffffffa];$[0xffffff9f]X[0xffffffee][0xfffffff0][0xffffffe8][0xffffffef][0x8][0xffffffac][0x2][0xffffffb9][0xffffffc3][0xffffffbb][0xffffffbf]C[0xffffffa9][0x15][0xffffffcf][0x1d][0xffffff96][0xfffffffd][0x1d]J[0xffffffbc]h[0xffffffee]0[0xffffffea][0xffffffef][0xffffff88]Z[0xffffffbe][0xffffff90];[0xffffffaa][0xffffffca][0x1d]-[0xffffff93][0xffffffe7][0x1d][0xffffffd5]!wT[0xffffff8f][0xffffffdc]Q#[0xfffffffe]{y[0xffffffaf]d[0xffffffee][0xffffffa8]f[0xffffffb9]#[0xffffff92][0xffffff89][0xffffffe5][0xe][0xffffffc5]'[0xffffff96];"[0xffffffa5]H[0xffffffee]XY[0x5]r[0xffffffc7]J[0xffffffac]Y[0xffffffee][0x10]j[0xffffffc5]s[0xffffff87]4-[0xffffff9e];[0xffffff84]x[0xffffffd1][0xffffffdc][0x11]<[0xc][0xffffffe6][0xffffff8e][0xffffffa0][0xffffffe5][0xb][0xffffffb9]C[0xfffffff5][0xffffff86][0xffffff8d][0xffffffde]+[0xffffff98];[0x1c]z[0xffffffc3][0xffffff8a]GoX[0x11][0xfffffff5]5{y'{[0xffffffc3]J([0xffffffa8][0xffffff81]s[0xffffff87]Oo[0xffffff98][0xffffffe4][0x13][0xffffffcb][0x1d][0x1e][0xffffffbd]a[0xffffff81]U wx[0xfffffff7][0xffffff86])[0xffffffb5][0xffffffe2][0xffffffb9][0xffffffc3][0xffffffb2]7L[0xffffff89][0x17][0xffffffcd][0x1d]F[0xffffffbd]aQ[0xffffffcb][0x17]r[0xffffff87][0xffffffea][\r][0x1b][0xfffffff3] [0xffffffcf];[0x1c]z[0xffffffc3][0xffffff8a]GoX[0x11][0xfffffff5]5{y'{[0xffffffc3]J([0xffffffa8][0xffffff81]s[0xffffff87]Oo[0xffffff98][0xffffffe4][0x13][0xffffffcb][0x1d][0x1e][0xffffffbd]a[0xffffff81]U wx[0xfffffff7][0xffffff86])[0xffffffb5][0xffffffe2][0xffffffb9][0xffffffc3][0xffffffb2]7L[0xffffff89][0x17][0xffffffcd][0x1d]F[0xffffffbd]aQ[0xffffffcb][0x17]r[0xffffffc7][0xffffff90][0xffffffb9][0xffffffe3]1)[0xffffff95];[0xffffff86]C[0xffffffee][0x18][0x1e][0xffffffb9]cD[0xfffffffc][0xfffffff7][0xfffffff2]>[0xffffffc8][0xffffffdc]1[0xffffffcc]rG$[0x13][0xffffffcb][0x1d][0xffffff8a]O,wDJ[0xffffff91][0xffffffdc][0xffffffb1][0xffffffb2][\n]"
10:43:49.660 [Test worker] DEBUG org.apache.hc.client5.http.wire - http-outgoing-1 << "[0xffffffe4][0xffffff8e][0xffffff95]X[0xffffffb3][0xffffffdc]![0xffffffd4][0xffffff8a][0xffffffe7][0xe]iZ<w[0x8][0xfffffff1][0xffffffa2][0xffffffb9]#x[0x18][0xffffffcc][0x1d]A[0xffffffcb][0xffffffe7]sGU[0xffffffbd]a[0xfffffff3][0xffffffd6]o\[0xffffffee][0xffffffa8][0xe][0xffffffbd]a[0xffffffd5][0xffffffa3]7[0xffffffac][0xffffff8a][0xfffffffa][0xffffff9a][0xffffffad][0xffffffbc]W[0xffffffb2]7[0xffffffac][0xffffff86][0xffffff82][0x1a]6w[0x8]2[0xffffffa9][0xffffffdc]![0xfffffff9][0xffffffa4]r[0xffffff87][0xffffffa0][0xffffff94][0xffffffc8][0x1d][0xffffff81][0xffffffd5][0xfffffffd][0xffffffb9]#[0x10][0xffffffeb][0xffffff95];[0xffffff94]Z[0xffffffe9][0xffffffdc][0xffffffa1]MK[0xffffffe7][0xe]%^2wD[0xf]s[0xffffffb9]#j[0xfffffff9]B[0xffffffee]P[0xfffffffd][0x1d]3[0xffffffdf][0xffffffc0]w[0xffffffe1][0xffffffaa]C[0x7f]G[0xfffffff5][0xffffffe8][0xffffffef][0xffffffa8]b[0xffffff8d]|/[0xffffffef]d[0x7f]G[\r][0xffffff8b][0xffffffe2]p[0xffffffee][0xfffffff0][0xffffffe9][0xffffffef][0xffffff90]|b[0xffffffb9][0xffffffc3][0xffffffa3][0xffffffbf]#[0xffffffb0][\n]"
10:43:49.660 [Test worker] DEBUG org.apache.hc.client5.http.wire - http-outgoing-1 << "[0xffffffe4][0xe][0xffffffef][0xfffffffe][0xe][0xffffffa5]V<wX[0xfffffff6]w([0xfffffff1][0xffffffa2][0xffffffb9][0xffffffc3][0xffffffa8][0xffffffbf]#j[0xfffffff9]B[0xffffffee]P{[0xffffffb4]stp[0xffffff8f][0xffffffb6]:[0xffffffec][0xffffffd1]V[0xffffff8f]=[0xffffffda]*[0xffffffd6][0xffffffb9][0xfffffff6][0xfffffff2]N[0xffffffee][0xffffffd1][0xffffffd6][0xffffffb0][0xffffffb0][0x5][0xffffffe7][0xe][0xffffff9f]=Z[0xffffffc9]'[0xffffff96];<[0xfffffff6]h[0x3][0xffffffab]@[0xffffffee][0xfffffff0][0xffffffde][0xffffffa3]Uj[0xffffffc5]s[0xffffff87][0xffffffe5][0x1e][0xffffffad][0x12]/[0xffffff9a];[0xffffff8c][0xfffffff6]h[0xffffffa3][0xffffff96]/[0xffffffe4][0xe][0xffffffb1][0xffffffcf][0xffffff92]o[0xfffffff5]F[0xffffffe6][0xe][0xffffff87]}[0xffffff96][0xffffffea][0xffffffb1][0xffffffcf]R[0xffffffc5][0xffffffb5][0xffffffea][0xffffffbd][0xffffffbc][0xffffff93][0xfffffffb],5\[0xffffff9c][0xffffff86]s[0xffffff87][0xffffffcf]>[0xffffff8b][0xffffffe4][0x13][0xffffffcb][0x1d][0x1e][0xfffffffb],[0xffffff81]U wx[0xffffffef][0xffffffb3]([0xffffffb5][0xffffffe2][0xffffffb9][0xffffffc3]r[0xffffff9f]E[0xffffff89][0x17][0xffffffcd][0x1d]F[0xfffffffb],Q[0xffffffcb][0xffffff97]rG[0xfffffff2][0xffffffcb][0x1d][0xffffffc9]!w$[0xffffff8f][0xffffffdc][0xffffff91][0xffffffe8][0xffffffdc][0xffffff91][0xffffffc8][0xffffffdc][0xffffff91][0xffffffcc]r[0xffffffc7]J&[0xffffff98];"[0xffffff9f]`[0xffffffee]X)[0xffffff85]rG[0xffffffe2]sG[0xfffffff2][0xffffffce][0x1d]A[0xffffffad][0x6][0xffffffb9]C[0xffffff98][0xffffffd6] w[0x4][0xfffffff1][0xffffffc2][0xffffffb9]#[0x19][0xffffffe5][0xffffff8e][0xfffffff4][0xffffffb3][0xffffffb9][0xffffffa3][0xffffffa9][0xfffffff3][0xffffff8e][0xffffffd4]&[0xffffffd8][0xffffffdf][0xffffffd1][0x1c][0xffffffce];[0xffffff9a][0xffffffc7]yG[0x13][0xffffffb1]{+[0xffffffef][0xffffff8d]<[0xffffffef]h!X[0xffffffb3][0xffffffb9]C[0xffffff90]I[0xffffffe5][0xe][0xffffffc9]'[0xffffff95];[0x4][0xffffffa5]D[0xffffffee][0x8][0xffffffac][0xffffffee][0xffffffcf][0x1d][0xffffff81]X[0xffffffaf][0xffffffdc][0xffffffa1][0xffffffd4]J[0xffffffe7][0xe]mZ:w([0xfffffff1][0xffffff92][0xffffffb9]#z[0xffffff98][0xffffffcb][0x1d]Q[0xffffffcb][0x17]r[0xffffff87][0xffffffe8][0xffffffef][0xffffffc8][0xfffffff9] [0xffffffef][0xffffff95]6[0xffffff87][0xfffffffe][0xffffff8e][0xffffffe6][0xffffffd1][0xffffffdf][0xffffffd1][0xffffffc4][0x1a][0xfffffff9]^[0xffffffde][0xffffffc9][0xfffffffe][0xffffff8e][0x16][0x16][0xffffffc5][0xffffffe1][0xffffffdc][0xffffffe1][0xffffffd3][0xffffffdf]![0xfffffff9][0xffffffc4]r[0xffffff87]G[0x7f]G`[0x15][0xffffffc8][0x1d][0xffffffde][0xfffffffd][0x1d]J[0xffffffad]x[0xffffffee][0xffffffb0][0xffffffec][0xffffffef]P[0xffffffe2]Es[0xffffff87]Q[0x7f]G[0xffffffd4][0xfffffff2][0xffffffa5][0xffffffdc][0x11][0xffffffbf][0xffffffb3][0xffffffe0][0xffffffb9][0xffffff83][0xffffffff][0xffffffce][0xfffffff2][0x18][0xffffffc2]"w[0xffffffb0][0xffffffdf]Y[0x1e][0x3][0xffffff80][0xffffffb9][0xffffffc3][0xffffffea];[0xffffff8b] [0x13][0xffffffcc][0x1d]>[0xffffffdf]Y[0x4][0xffffffa5]P[0xffffffee][0xffffffa0][0xffffffbf][0xffffffb3][0x4]b[0xffffffed]r[0xffffff87][0xffffffdd]w[0x16]mZ[0xffffff83][0xffffffdc]a[0xfffffff5][0xffffff9d]%z[0x18][0xffffffcd][0x1d]?[0xffffffff][0xffffff9d][0xffffffa5][0x7f][0x19]~[0xffffffb9]c8[0xffffffe4][0xffffff8e][0xffffffe1][0xffffff91];[0x6][0xffffff9d];[0x6][0xffffff99];[0xffffff86]Y[0xffffffee]X[0xffffffc9][0x4]sG[0xffffffe4][0x13][0xffffffcc][0x1d]+[0xffffffa5]P[0xffffffee][0x18]|[0xffffffee][0x18][0xffffffde][0xffffffb9]#[0xffffffa8][0xffffffd5] w[0x8][0xffffffd3][0x1a][0xffffffe4][0xffffff8e] ^8w[0xc][0xffffffa3][0xffffffdc]1[0xfffffffe][0x1][0xffffffb9][0xffffffe3]h~[0xffffffc1][0xffffffe3]h[0xe][0xffffffc9][0xffffffe3]>[0xffffff85]E[0xfffffff4]x[0xffffff9b][0x3][0xffffffcc][0x1e][0xfffffff7][0x9][0xffffffc0][0xfffffff0][0xfffffff1][0xfffffffa][0xffffffeb]F[0xffffffe9]#[0xffffffe0][0x9][0xffffffc6][0xf][0x1])[0xffffff98]?[0x2][0xffffffaa]P[0x0]Y[0xffffff80]E[0x12][0xffffffc8][0xffffff82][0xffffffad]][0x4][0xffffff89][0xffffff92]5[0xffffffc8] [0xffffffca][0xffffffb9][0x6]!$*[0x18]N![0xffffffab][0xffffff91][0xffffffd1][0x18][0xffffffb2][\n]"
10:43:49.660 [Test worker] DEBUG org.apache.hc.client5.http.wire - http-outgoing-1 << "[0xfffffffa]R[0xe])[0xffffffdd]/[0xffffff87][0xffffff94][0xffffffee][0xffffff90]C[0xffffffee]SX[0xffffffe4][0xffffff90][0xffffffb7]9[0xffffffc0][0x1c]r[0xffffff9f][0x0][0xffffffcc]![0xffffffaf][0xffffffbf]n[0xffffff94]C[0x2][0xffffff9e]`[0xe][0x11][0xffffff90][0xffffff82]9$[0xffffffa0][\n]"
10:43:49.660 [Test worker] DEBUG org.apache.hc.client5.http.wire - http-outgoing-1 << "[0xffffffe5][0xffffff90][0x5]X$[0xffffff87],[0xffffffd8][0xffffffda][0xffffffe5][0xffffff90](Y[0xffffff83][0x1c][0xffffffa2][0xffffff9c]k[0xffffff90]C[0xffffffa2][0xffffff82][0xffffffe1][0x1c][0xffffffb2][0x1a][0x19][0xffffffcd]![0xffffffab][0xffffffa0]/[0xffffffe5][0xffffff90]j[0xffffff98]C[0xffffffaa]E[0xe][0xffffffa9]&9[0xffffffa4][0xffffffe2]9[0xffffffa4][0xffffffa2]9[0xffffffa4][0xffffffba][0xffffffe5][0xffffff90][0xffffff80]'[0xffffff98]C[0x4][0xffffffa4]`[0xe][0x9][0xffffffa8]B9[0xffffffa4][0x1a][0xffffffe4][0xffffff90]j[0xffffff9e]C[0xffffffa2]d[\r]r[0xffffff88]r[0xffffffae]A[0xe][0xffffff89][\n]"
10:43:49.660 [Test worker] DEBUG org.apache.hc.client5.http.wire - http-outgoing-1 << "[0xffffff86]s[0xffffffc8]jd4[0xffffff87][0xffffffac][0xffffff82]>[0xffffff93]C[0xffffffd2][0xffffffeb]?D[0xffffffbc]#[0xffffff97]s[0xffffffcf][0xffffff99][0xffffff88]![0x1f]#[0xffffff81])[0xffffffe4][0xffffffd3][0x10]d[0x8]Y[0xffffffc6][0xffffffd8][0xffffff9f]A>[\r][0xffffffb0]?[0xffffff82]|[0xfffffffb][0xffffffe3]|[0x2]yJ[0xffffffe6][0xfffffffe][0x0][0xfffffff2][0x1d]>[0xfffffff7][0xffffffe7][0xffffff8f][0xffffffa7][0xffffff94][0xffffffee][0xffffff8d][0x1f]OX[0xffffffdd][0xffffff99]>[0xffffff9e][0x10][0xffffffeb][0x12]>[0xffffff9e][0xffffffab][0xffffff95][0xffffffcb][0x1e][0xffffffdf]3-[0x17]=[0xffffff9e][0xffffff8b][0xffffff97]I[0x1e][0xffffffcf]<L[0x4][0xffffff8f]gZ[0xffffffbe][0xffffff90];[0xffffffa6][0xffffffca][0x1d][0xfffffff3]@z[0xffffffc6]>F[0xffffffe2]s[0xffffffc7][0xfffffff4][0xffffffc8][0x1d]3[0xffffffe2][0xffffffbf][0xffffff97][0xfffffff7]I[0xffffffe6][0xffffff8e]i[0xffffff96];"[0xffffff99]X[0xffffffee]P|b[0xffffffb9]#R[0xffffff8a][0xffffffe4][0xffffff8e][0xffffff95]U w[0xffffffac][0xffffffc4][0xffffff9a][0xffffffe5][0xe][0xffffffa1]V<wH[0xffffffd3][0xffffffe2][0xffffffb9]C[0xffffff88][0x17][0xffffffcd][0x1d][0xffffffc1][0xffffffc3]`[0xffffffee][0x8]Z>[0xffffff9f];[0xffffffba]x[0xffffffbf]6[0xffffff97]##[0xffffffef][0xffffffd7]~[0xffffff8c][0xffffff84][0xffffffe7][0xffffff8e]N[0xffffffbf]_[0xffffffbb][0xffffff8c]A[0xffffffe5][0xffffff8e][0xffffffce][0xffffffbc]_[0xfffffffb][0xffffffed][0xffffff8f][0xffffffbb][0xffffffe4][0xe]A&[0xffffff95];$[0xffffff9f]T"
10:43:49.665 [Test worker] DEBUG org.apache.hc.client5.http.wire - http-outgoing-1 << "[0xffffffee][0x10][0xffffff94][0x12][0xffffffb9]#[0xffffffb0][0xffffffba]?w[0x4]b[0xffffffbd]r[0xffffff87]R+[0xffffff9d];[0xffffffb4]i[0xffffffe9][0xffffffdc][0xffffffa1][0xffffffc4]K[0xffffffe6][0xffffff8e][0xffffffe8]a.wD-_[0xffffffca][0x1d][0xffffffd9]/wd[0xffffff87][0xffffffdc][0xffffff91]=rG[0xffffffa6]sG&sG6[0xffffffcb][0x1d]+[0xffffff99]`[0xffffffee][0xffffff88]|[0xffffff82][0xffffffb9]c[0xffffffa5][0x14][0xffffffca][0x1d][0xffffff99][0xffffffcf][0x1d][0xffffffd9];w[0x4][0xffffffb5][0x1a][0xffffffe4][0xe]aZ[0xffffff83][0xffffffdc][0x11][0xffffffc4][0xb][0xffffffe7][0xffffff8e]l[0xffffff94];[0xfffffff2]? wT[0xffffffbf][0xffffffdc]Q[0x1d]rG[0xfffffff5][0xffffffc8][0x1d][0xffffff95][0xffffffce][0x1d][0xffffff95][0xffffffcc][0x1d][0xffffffd5],w[0xffffffac]d[0xffffff82][0xffffffb9]#[0xfffffff2][0x9][0xffffffe6][0xffffff8e][0xffffff95]R(wT>wT[0xffffffef][0xffffffdc][0x11][0xffffffd4]j[0xffffff90];[0xffffff84]i[\r]rG[0x10]/[0xffffff9c];[0xffffffaa]Q[0xffffffee][0xffffffa8]?[0xffffff9d];[0xe][0xfffffff5][0xffffff9d][0xffffffa5]td[0xffffffbd][0xffffffe5]c$>w[0x1c][0x1e][0xffffffdf]Y[0xffffff8e]x[0xffffffdc][0xffffffb7][0xffffff97][0xfffffff7][0xffffff83][0xfffffffc][0xffffffce]r[0xffffff98]}g[0xffffff89]db[0xffffffb9]C[0xfffffff1][0xffffff89][0xffffffe5][0xffffff8e]H)[0xffffff92];VV[0xffffff81][0xffffffdc][0xffffffb1][0x12]k[0xffffff96];[0xffffff84]Z[0xfffffff1][0xffffffdc]!M[0xffffff8b][0xffffffe7][0xe]!^4w[0x4][0xf][0xffffff83][0xffffffb9]#h[0xfffffff9]B[0xffffffee]H*w[0xffffff8c]D[0xffffff9e]w$[0xffffff87][0xffffffdc][0xffffff91]<rG[0xffffff8a][0xfffffff8][0xffffffef][0xffffffe5]=[0xffffff91][0xffffffb9]#[0xffffff99][0xffffffe5][0xffffff8e]H&[0xffffff96];[0x14][0xffffff9f]X[0xffffffee][0xffffff88][0xffffff94]"[0xffffffb9]ce[0x15][0xffffffc8][0x1d]+[0xffffffb1]f[0xffffffb9]C[0xffffffa8][0x15][0xffffffcf][0x1d][0xffffffd2][0xffffffb4]x[0xffffffee][0x10][0xffffffe2]EsG[0xfffffff0]0[0xffffff98];[0xffffff82][0xffffff96]/[0xffffffe4][0xffffff8e],sG[0x1f]`[0xffffffee][0xffffffc8][0xe][0xffffffb9]#{[0xffffffe4][0xffffff8e][0x1c][0xfffffff1][0xffffffdf][0xffffffcb]{&sG6[0xffffffcb][0x1d][0xffffff91]L,w(>[0xffffffb1][0xffffffdc][0x11])Er[0xffffffc7][0xffffffca]*[0xffffff90];Vb[0xffffffcd]r[0xffffff87]P+[0xffffff9e];[0xffffffa4]i[0xfffffff1][0xffffffdc]![0xffffffc4][0xffffff8b][0xffffffe6][0xffffff8e][0xffffffe0]a0w[0x4]-_[0xffffffc8][0x1d]E[0xffffffe4][0xffffff8e][0xffffff9a][0xffffffdb][0x4]sGq[0xffffffc8][0x1d][0xffffffc5]#w[0xffffff94][0xffffff88][0xffffffff]^[0xffffffde][0xb][0xffffff99];[0xffffff8a]Y[0xffffffee][0xffffff88]db[0xffffffb9]C[0xfffffff1][0xffffff89][0xffffffe5][0xffffff8e]H)[0xffffff92];VV[0xffffff81][0xffffffdc][0xffffffb1][0x12]k[0xffffff96];[0xffffff84]Z[0xfffffff1][0xffffffdc]!M[0xffffff8b][0xffffffe7][0xe]!^4w[0x4][0xf][0xffffff83][0xffffffb9]#h[0xfffffff9]B[0xffffffee][0xffffffa8]*w[0xffffff94][0x3][0xffffffec][\r]{[0x19][0xffffff89][0xffffffcf][0x1d][0xffffffd5]#w[0xffffffd4][0xffffff88][0xffffffff]^[0xffffffde]+[0xffffff99];[0xffffffaa]Y[0xffffffee][0xffffff88]db[0xffffffb9]C[0xfffffff1][0xffffff89][0xffffffe5][0xffffff8e]H)[0xffffff92];VV[0xffffff81][0xffffffdc][0xffffffb1][0x12]k[0xffffff96];[0xffffff84]Z[0xfffffff1][0xffffffdc]!M[0xffffff8b][0xffffffe7][0xe]!^4w[0x4][0xf][0xffffff83][0xffffffb9]#h[0xfffffff9]B[0xffffffee]h2w[0xffffffd4][0x6][0xffffffe6][0xffffff8e][0xffffffe6][0xffffff90];[0xffffff9a]G[0xffffffee]h[0x11][0xffffffff][0xffffffbd][0xffffffbc]72w4[0xffffffb3][0xffffffdc][0x11][0xffffffc9][0xffffffc4]r[0xffffff87][0xffffffe2][0x13][0xffffffcb][0x1d][0xffffff91]R$w[0xffffffac][0xffffffac][0x2][0xffffffb9]c%[0xffffffd6],w[0x8][0xffffffb5][0xffffffe2][0xffffffb9]C[0xffffff9a][0x16][0xffffffcf][0x1d]B[0xffffffbc]h[0xffffffee][0x8][0x1e][0x6]sG[0xffffffd0][0xfffffff2][0xffffff85][0xffffffdc][0xffffffd1]e[0xffffffee][0xffffff98][0xffffffe4][0xfffffffd][0xffffff8e][0xffffffee][0xffffff90];[0xffffffba]G[0xffffffee][0xffffffe8][0x11][0xffffffff][0xffffffbd][0xffffffbc]w2wt[0xffffffb3][0xffffffdc][0x11][0xffffffc9][0xffffffc4]r[0xffffff87][0xffffffe2][0x13][0xffffffcb][0x1d][0xffffff91]R$w[0xffffffac][0xffffffac][0x2][0xffffffb9]c%[0xffffffd6],w[0x8][0xffffffb5][0xffffffe2][0xffffffb9]C[0xffffff9a][0x16][0xffffffcf][0x1d]B[0xffffffbc]h[0xffffffee][0x8][0x1e][0x6]sG[0xffffffd0][0xfffffff2][0xffffff85][0xffffffdc][0xffffffa1][0xffffffde]g[0xffffffa9][0xffffffb5][0xffffff92][0xfffffff7];[0x1c][0xffffffde]g[0xffffffe9][0x1e][0xffffffef][0xffffffb3]t[0xfffffff1]L[0xffffffc0]^[0xffffffde][0xffffffc9][0xfffffff7]Yzx[0x8][0x0][0xffffffce][0x1d]>[0xffffffef][0xffffffb3]H>[0xffffffb1][0xffffffdc][0xffffffe1][0xfffffff1]>K`[0x15][0xffffffc8][0x1d][0xffffffde][0xffffffef][0xffffffb3]([0xffffffb5][0xffffffe2][0xffffffb9][0xffffffc3][0xfffffff2]}[0x16]%^4w[0x18][0xffffffbd][0xffffffcf][0x12][0xffffffb5]|!w[0xffffffa8][0xfffffff7]Yj[0xffffffbf][0xffffff91][0xffffffe7][0x1d][0xe][0xffffffef][0xffffffb3]t[0xffffff8f][0xfffffff7]Y[0xffffffba]x&`/[0xffffffef][0xffffffe4][0xfffffffb],=<[0x4][0x0][0xffffffe7][0xe][0xffffff9f][0xfffffff7]Y$[0xffffff9f]X[0xffffffee][0xfffffff0]x[0xffffff9f]%[0xffffffb0][\n]"
10:43:49.665 [Test worker] DEBUG org.apache.hc.client5.http.wire - http-outgoing-1 << "[0xffffffe4][0xe][0xffffffef][0xfffffff7]Y[0xffffff94]Z[0xfffffff1][0xffffffdc]a[0xfffffff9]>[0xffffff8b][0x12]/[0xffffff9a];[0xffffff8c][0xffffffde]g[0xffffff89]Z[0xffffffbe][0xffffff94];[0xffffff92]_[0xffffffee]H[0xe][0xffffffb9]#y[0xffffffe4][0xffffff8e]D[0xffffffe7][0xffffff8e]D[0xffffffe6][0xffffff8e]d[0xffffff96];V2[0xffffffc1][0xffffffdc][0x11][0xfffffff9][0x4]s[0xffffffc7]J)[0xffffff94];[0x12][0xffffff9f];[0xffffff92]w[0xffffffee][0x8]j5[0xffffffc8][0x1d][0xffffffc2][0xffffffb4][0x6][0xffffffb9]#[0xffffff88][0x17][0xffffffce][0x1d][0xffffffc9](w[0xffffffa4][0xffffff9f][0xffffffcd][0x1d]C[0xffffffbd][0xb][0xffffffd7][0xffffff8e][0x1b][0xfffffff8][0xffffff9d]e8[0xffffffbc][0xb]7<[0xffffffde][0xffffff85][0x1b][0xffffffe2]y[0xffffffa2][0xffffffad][0xffffffbc][0xf][0xfffffff2]][0xffffffb8][0x11][0x1e] bs[0xffffff87] [0xffffff93][0xffffffca][0x1d][0xffffff92]O*w[0x8]J[0xffffff89][0xffffffdc][0x11]X[0xffffffdd][0xffffff9f];[0x2][0xffffffb1]^[0xffffffb9]C[0xffffffa9][0xffffff95][0xffffffce][0x1d][0xffffffda][0xffffffb4]t[0xffffffee]P[0xffffffe2]%sG[0xfffffff4]0[0xffffff97];[0xffffffa2][0xffffff96]/[0xffffffe4][0xe][0xffffffd5][0xffffff93][0xffffffde][0xffffffd2][0x0][0xffffffcf];[0xffffff86]CO[0xfffffffa][0xfffffff0][0xffffffe8]I[0x1f][0xffffffa2][0xffffffae]w/[0xffffffef]dO[0xfffffffa][0x8][0xffffff85][0xffffffbc]p[0xffffffee][0xfffffff0][0xffffffe9]I[0xffffff97]|b[0xffffffb9][0xffffffc3][0xffffffa3]'=[0xffffffb0][\n]"
10:43:49.665 [Test worker] DEBUG org.apache.hc.client5.http.wire - http-outgoing-1 << "[0xffffffe4][0xe][0xffffffef][0xffffff9e]t[0xffffffa5]V<wX[0xfffffff6][0xffffffa4]+[0xfffffff1][0xffffffa2][0xffffffb9][0xffffffc3][0xffffffa8]'=j[0xfffffff9]B[0xffffffee]H*w[0xfffffff4]B[0xffffffe6][0xffffff8e][0xffffffe4][0xffffff90];[0xffffff92]G[0xffffffee]H[0x11][0xffffffff][0xffffffbd][0xffffffbc]'2w$[0xffffffb3][0xffffffdc][0x11][0xffffffc9][0xffffffc4]r[0xffffff87][0xffffffe2][0x13][0xffffffcb][0x1d][0xffffff91]R$w[0xffffffac][0xffffffac][0x2][0xffffffb9]c%[0xffffffd6],w[0x8][0xffffffb5][0xffffffe2][0xffffffb9]C[0xffffff9a][0x16][0xffffffcf][0x1d]B[0xffffffbc]h[0xffffffee][0x8][0x1e][0x6]sG[0xffffffd0][0xfffffff2][0xffffff85][0xffffffdc][0xffffffa1]z[0xffffffd2][0xffffffdb]<[0xffffffc8][0xffffffdc][0xffffffe1][0xffffffd0][0xffffff93]><z[0xffffffd2][0xffffff87][0xffffffa8][0xffffffeb][0xffffffdd][0xffffffcb];[0xffffffd9][0xffffff93]>B!/[0xffffff9c];|z[0xffffffd2]%[0xffffff9f]X[0xffffffee][0xfffffff0][0xffffffe8]I[0xf][0xffffffac][0x2][0xffffffb9][0xffffffc3][0xffffffbb]'][0xffffffa9][0x15][0xffffffcf][0x1d][0xffffff96]=[0xffffffe9]J[0xffffffbc]h[0xffffffee]0[0xffffffea]I[0xffffff8f]Z[0xffffffbe][0xffffff90];TOz[0xffffffcf][0xffffffb7][\n]"
10:43:49.665 [Test worker] DEBUG org.apache.hc.client5.http.wire - http-outgoing-1 << "[0xffffffe6][0xe][0xffffff87][0xffffff9e][0xfffffff4][0xffffffe1][0xffffffd1][0xffffff93]>D][0xffffffef]^[0xffffffde][0xffffffc9][0xffffff9e][0xfffffff4][0x11][\n]"
10:43:49.665 [Test worker] DEBUG org.apache.hc.client5.http.wire - http-outgoing-1 << "y[0xffffffe1][0xffffffdc][0xffffffe1][0xffffffd3][0xffffff93].[0xfffffff9][0xffffffc4]r[0xffffff87]GOz`[0x15][0xffffffc8][0x1d][0xffffffde]=[0xffffffe9]J[0xffffffad]x[0xffffffee][0xffffffb0][0xffffffec]IW[0xffffffe2]Es[0xffffff87]QOz[0xffffffd4][0xfffffff2][0xffffff85][0xffffffdc][0xffffffa1]z[0xffffffd2]{[0xffffff99][0xffffffe4][0xffffffbd]R[0xffffff87][0xffffff9e][0xfffffff4][0xffffffe1][0xffffffd1][0xffffff93]>D][0xffffffef]^[0xffffffde][0xffffffc9][0xffffff9e][0xfffffff4][0x11][\n]"
10:43:49.665 [Test worker] DEBUG org.apache.hc.client5.http.wire - http-outgoing-1 << "y[0xffffffe1][0xffffffdc][0xffffffe1][0xffffffd3][0xffffff93].[0xfffffff9][0xffffffc4]r[0xffffff87]GOz`[0x15][0xffffffc8][0x1d][0xffffffde]=[0xffffffe9]J[0xffffffad]x[0xffffffee][0xffffffb0][0xffffffec]IW[0xffffffe2]Es[0xffffff87]QOz[0xffffffd4][0xfffffff2][0xffffff85][0xffffffdc][0xffffffa1]z[0xffffffd2][0xfffffffb][0xffffff98]70w8[0xfffffff4][0xffffffa4][0xf][0xffffff8f][0xffffff9e][0xfffffff4]![0xffffffea]z[0xfffffff7][0xfffffff2]N[0xfffffff6][0xffffffa4][0xffffff8f]P[0xffffffc8][0xb][0xffffffe7][0xe][0xffffff9f][0xffffff9e]t[0xffffffc9]'[0xffffff96];<z[0xffffffd2][0x3][0xffffffab]@[0xffffffee][0xfffffff0][0xffffffee]IWj[0xffffffc5]s[0xffffff87]eO[0xffffffba][0x12]/[0xffffff9a];[0xffffff8c]z[0xffffffd2][0xffffffa3][0xffffff96]/[0xffffffe4][0xe][0xffffffd5][0xffffff93]>n[0xffffffe4][0xfffffffb],[0xffffffc3][0xffffffa1]'}x[0xfffffff4][0xffffffa4][0xf]Q[0xffffffd7][0xffffffbb][0xffffff97]w[0xffffffb2]'}[0xffffff84]B^8w[0xfffffff8][0xfffffff4][0xffffffa4]K>[0xffffffb1][0xffffffdc][0xffffffe1][0xffffffd1][0xffffff93][0x1e]X[0x5]r[0xffffff87]wO[0xffffffba]R+[0xffffff9e];,{[0xffffffd2][0xffffff95]x[0xffffffd1][0xffffffdc]a[0xffffffd4][0xffffff93][0x1e][0xffffffb5]|!w[0xffffffa8][0xffffff9e][0xfffffff4][0xffffff91][0xffffffc9][0xffffff9e][0xfffffff4][0xffffffe1]"
10:43:49.665 [Test worker] DEBUG org.apache.hc.client5.http.wire - http-outgoing-1 << "[0xffffffd0][0xffffff93]><z[0xffffffd2][0xffffff87][0xffffffa8][0xffffffeb][0xffffffdd][0xffffffcb];[0xffffffd9][0xffffff93]>B!/[0xffffff9c];|z[0xffffffd2]%[0xffffff9f]X[0xffffffee][0xfffffff0][0xffffffe8]I[0xf][0xffffffac][0x2][0xffffffb9][0xffffffc3][0xffffffbb]'][0xffffffa9][0x15][0xffffffcf][0x1d][0xffffff96]=[0xffffffe9]J[0xffffffbc]h[0xffffffee]0[0xffffffea]I[0xffffff8f]Z[0xffffffbe][0xffffff90];TO[0xfffffffa](G[0x6]s[0xffffff87]CO[0xfffffffa][0xfffffff0][0xffffffe8]I[0x1f][0xffffffa2][0xffffffae]w/[0xffffffef]dO[0xfffffffa][0x8][0xffffff85][0xffffffbc]p[0xffffffee][0xfffffff0][0xffffffe9]I[0xffffff97]|b[0xffffffb9][0xffffffc3][0xffffffa3]'=[0xffffffb0][\n]"
10:43:49.665 [Test worker] DEBUG org.apache.hc.client5.http.wire - http-outgoing-1 << "[0xffffffe4][0xe][0xffffffef][0xffffff9e]t[0xffffffa5]V<wX[0xfffffff6][0xffffffa4]+[0xfffffff1][0xffffffa2][0xffffffb9][0xffffffc3][0xffffffa8]'=j[0xfffffff9]|[0xffffffee][0xffffff98][0xffffffaa][0xffffffaf]t[0xffffff94][0xc][0xffffff9e]wL[0xffffff87][0xffffffbe][0xffffffd2][0xffffffe9][0xffffffd1]W:Em[0xffffffde]V[0xffffffde]'[0xffffffd9]W:C1[0x1e][0xffffff9b];[0x4][0xffffff99]T[0xffffffee][0xffffff90]|R[0xffffffb9]CPJ[0xffffffe4][0xffffff8e][0xffffffc0][0xffffffea][0xfffffffe][0xffffffdc][0x11][0xffffff88][0xfffffff5][0xffffffca][0x1d]J[0xffffffad]t[0xffffffee][0xffffffd0][0xffffffa6][0xffffffa5]s[0xffffff87][0x12]/[0xffffff99];[0xffffffa2][0xffffff87][0xffffffb9][0xffffffdc][0x11][0xffffffb5]|!w$[0xffffff99];[0xffffffe6][0x1][0xffffffe6][0xffffff8e][0xffffffe4][0xffffff90];[0xffffff92]G[0xffffffee]H[0x11][0xffffffff][0xffffffbd][0xffffffbc]'2w$[0xffffffb3][0xffffffdc][0x11][0xffffffc9][0xffffffc4]r[0xffffff87][0xffffffe2][0x13][0xffffffcb][0x1d][0xffffff91]R$w[0xffffffac][0xffffffac][0x2][0xffffffb9]c%[0xffffffd6],w[0x8][0xffffffb5][0xffffffe2][0xffffffb9]C[0xffffff9a][0x16][0xffffffcf][0x1d]B[0xffffffbc]h[0xffffffee][0x8][0x1e][0x6]sG[0xffffffd0][0xfffffff2][0xffffff85][0xffffffdc][0xffffffa1]z[0xffffffc3]F[0x1d][0xffffffe0]w[0xffffff96][0xffffffe9][0xffffffd0][0x1b]6=z[0xffffffc3][0xffffffa6][0xffffffa8][0xffffffaf][0xffffffd9][0xffffffcb];[0xffffffd9][0x1b]6CA[\r][0xffffff9c];|z[0xffffffc3]$[0xffffff9f]X[0xffffffee][0xfffffff0][0xffffffe8][\r][0xb][0xffffffac][0x2][0xffffffb9][0xffffffc3][0xffffffbb]7L[0xffffffa9][0x15][0xffffffcf][0x1d][0xffffff96][0xffffffbd]aJ[0xffffffbc]h[0xffffffee]0[0xffffffea][\r][0xffffff8b]Z[0xffffffbe][0xffffff90];To[0xffffffd8][0xffffff98][0x7][0xffffffb8][0xffffffcf]2[0x1d]z[0xffffffc3][0xffffffa6]Go[0xffffffd8][0x14][0xfffffff5]5{y'{[0xffffffc3]f([0xffffffa8][0xffffff81]s[0xffffff87]Oo[0xffffff98][0xffffffe4][0x13][0xffffffcb][0x1d][0x1e][0xffffffbd]a[0xffffff81]U wx[0xfffffff7][0xffffff86])[0xffffffb5][0xffffffe2][0xffffffb9][0xffffffc3][0xffffffb2]7L[0xffffff89][0x17][0xffffffcd][0x1d]F[0xffffffbd]aQ[0xffffffcb][0x17]r[0xffffff87][0xffffffea][\r][0xffffff9b][0x7][0xffffffd9][0xffffff93]>[0x1d]z[0xffffffc3][0xffffffa6]Go[0xffffffd8][0x14][0xfffffff5]5{y'{[0xffffffc3]f([0xffffffa8][0xffffff81]s[0xffffff87]Oo[0xffffff98][0xffffffe4][0x13][0xffffffcb][0x1d][0x1e][0xffffffbd]a[0xffffff81]U wx[0xfffffff7][0xffffff86])[0xffffffb5][0xffffffe2][0xffffffb9][0xffffffc3][0xffffffb2]7L[0xffffff89][0x17][0xffffffcd][0x1d]F[0xffffffbd]aQ[0xffffffcb][0xffffff97]rG[0xfffffff2][0xffffffcb][0x1d][0xffffffc9]!w$[0xffffff8f][0xffffffdc][0xffffff91][0xffffffe8][0xffffffdc][0xffffff91][0xffffffc8][0xffffffdc][0xffffff91][0xffffffcc]r[0xffffffc7]J&[0xffffff98];"[0xffffff9f]`[0xffffffee]X)[0xffffff85]rG[0xffffffe2]sG[0xfffffff2][0xffffffce][0x1d]A[0xffffffad][0x6][0xffffffb9]C[0xffffff98][0xffffffd6] w[0x4][0xfffffff1][0xffffffc2][0xffffffb9]#[0x19][0xffffffe5][0xffffff8e][0xfffffff4][0xffffffd3][0xffffffb9]C[0xfffffff5][0xffffff95][0xffffffce]zt0w8[0xfffffff4][0xffffff95]N[0xffffff8f][0xffffffbe][0xffffffd2])j[0xfffffff3][0xfffffff6][0xfffffff2]N[0xfffffff6][0xffffff95][0xffffffce]P[0xffffff8c][0x7][0xffffffe7][0xe][0xffffff9f][0xffffffbe]R[0xffffffc9]'[0xffffff96];<[0xfffffffa]J[0x3][0xffffffab]@[0xffffffee][0xfffffff0][0xffffffee]+Uj[0xffffffc5]s[0xffffff87]e_[0xffffffa9][0x12]/[0xffffff9a];[0xffffff8c][0xfffffffa]J[0xffffffa3][0xffffff96]/[0xffffffe4][0xe][0xffffffd5]W:[![0xfffffff7]Y[0x1c][0xfffffffa]J[0xffffffa7]G_[0xffffffe9][0x14][0xffffffb5]y{y'[0xfffffffb]Jg([0xffffffc6][0xffffff83]s[0xffffff87]O_[0xffffffa9][0xffffffe4][0x13][0xffffffcb][0x1d][0x1e]}[0xffffffa5][0xffffff81]U wx[0xfffffff7][0xffffff95]*[0xffffffb5][0xffffffe2][0xffffffb9][0xffffffc3][0xffffffb2][0xffffffaf]T[0xffffff89][0x17][0xffffffcd][0x1d]F}[0xffffffa5]Q[0xffffffcb][0x17]r[0xffffff87][0xffffffe8][\r]+[0xffffffb7][0xffffffe3]V[0xffffffc0][0xffffffdc][0xffffffe1][0xffffffd0][0x1b]6=z[0xffffffc3][0xffffffa6][0xffffffa8][0xffffffaf][0xffffffd9][0xffffffcb];[0xffffffd9][0x1b]6CA[\r][0xffffff9c];|z[0xffffffc3]$[0xffffff9f]X[0xffffffee][0xfffffff0][0xffffffe8][\r][0xb][0xffffffac][0x2][0xffffffb9][0xffffffc3][0xffffffbb]7L[0xffffffa9][0x15][0xffffffcf][0x1d][0xffffff96][0xffffffbd]aJ[0xffffffbc]h[0xffffffee]0[0xffffffea][\r][0xffffff8b]Z>[0xffffff9d];[0xffffffd2]M[0xfffffff4][0xffffff86][0xffffff95][I[0xffffffdc]w[0xffffff96][0xffffffc7]Ht[0xffffffee]x[0x1d][0x2][0xffffffcf][0x1d][0x1f]c@[0xffffffb9][0xffffffe3]u[0x0](w|[0xfffffffd]q[0xffffff93][0xffffffdc][0xffffffa1][0xffffffc8][0xffffff84]r[0xffffff87][0xffffffe6][0x13][0xffffffca][0x1d][0xffffff8a]R wDV[0xffffffb7][0xffffffe7][0xffffff8e]H[0xffffffac]U[0xffffffee][0xffffff90]j[0xffffff85]s[0xffffffc7][0x13][0xffffffd3][0xffffffc2][0xffffffb9]C[0xffffff8a][0x17][0xffffffcc][0x1d][0xffffffc2][0xffffffc3]X[0xffffffee][0x10]Z[0xffffffbe][0xffffff90];[0xe][0xffffff95];j[0xffffffe3][0xffffffbe][0xffffffb3]<F[0xffffffe2]s[0xffffffc7][0xffffffe1][0xffffff91];[0xffffff8e][0xffffff88][0xffffffff]^[0xffffffde][0xf]2w[0x1c]f[0xffffffb9]#[0xffffff92][0xffffff89][0xffffffe5][0xe][0xffffffc5]'[0xffffff96];"[0xffffffa5]H[0xffffffee]XY[0x5]r[0xffffffc7]J[0xffffffac]Y[0xffffffee][0x10]j[0xffffffc5]s[0xffffff87]4-[0xffffff9e];[0xffffff84]x[0xffffffd1][0xffffffdc][0x11]<[0xc][0xffffffe6][0xffffff8e][0xffffffa0][0xffffffe5][0xb][0xffffffb9]#[0xffffffa9][0xffffffdc][0xffffffd1]*[0xffffffd7][0x1b][0xfffffff6][0x18][0xffffff89][0xffffffcf][0x1d][0xffffffc9]#w[0xffffffa4][0xffffff88][0xffffffff]^[0xffffffde][0x13][0xffffff99];[0xffffff92]Y[0xffffffee][0xffffff88]db[0xffffffb9]C[0xfffffff1][0xffffff89][0xffffffe5][0xffffff8e]H)[0xffffff92];VV[0xffffff81][0xffffffdc][0xffffffb1][0x12]k[0xffffff96];[0xffffff84]Z[0xfffffff1][0xffffffdc]!M[0xffffff8b][0xffffffe7][0xe]!^4w[0x4][0xf][0xffffff83][0xffffffb9]#h[0xfffffff9]B[0xffffffee][0x10]}[0xffffffa5][0xffffffe5][0xffffffd6]o70w[0x18][0xfffffff4][0xffffff95][0xffffffbe][0xe]a[0xffffff90];[0xffffffe0][0xffffffbe][0xffffffd2][0xffffffd7][0x1][0xffffffb0][0xffffffdc][0xffffffe1][0xffffffd5]W[0xffffffaa][0xffffffc8][0xffffffc4]r[0xffffff87]Q_[0xffffffa9][0xffffffa2][0x14][0xffffffc9][0x1d]x_i$[0xffffffd6],w[0xfffffff8][0xfffffff5][0xffffff95]>1-[0xffffff9e];[0xffffffbc][0xfffffffa]J[0xffffff85][0xffffff87][0xffffffc1][0xffffffdc][0xfffffff1][0xfffffff3]}[0xffffffa5][0xffffffe9]&[0xfffffffa]J[0xffffffef][0xffffffb9][0x3][0xffffffdc]gy[0xffffff8c][0xffffffc4][0xffffffe7][0xe][0xffffff8b][0xffffffbe][0xffffffd2][0xffffff8f]1[0xffffffb0][0xffffffdc][0x1][0xfffffff6][0xffffff95]~[0xfffffffd]q[0xffffff9b][0xffffffdc]a[0xffffffd3]W[0xffffffaa][0xfffffff9][0xffffffc4]r[0xffffff87]E_id[0x15][0xffffffc8][0x1d][0xffffffd6]}[0xffffffa5]R[0xffffffad]x[0xffffffee]p[0xffffffec]+[0xffffff95][0xffffffe2]Es[0xffffff87]O_[0xffffffa9][0xffffffd0][0xfffffff2][0xffffff85][0xffffffdc]![0xfffffffa];[0xffffffca]md[0xfffffff2];[0xffffff8b]A[0x7f][0xffffffc7][0xffffffeb][0x10][0x6][0xffffffb9][0x3][0xffffffee][0xffffffef]x[0x1d][0x0][0xffffffcb][0x1d]^[0xfffffffd][0x1d][0xffffff8a]L,w[0x18][0xfffffff5]w(J[0xffffff91][0xffffffdc][0xffffff81][0xfffffff7]wDb[0xffffffcd]r[0xffffff87]_[0x7f][0xffffffc7][0x13][0xffffffd3][0xffffffe2][0xffffffb9][0xffffffc3][0xffffffab][0xffffffbf]Cx[0x18][0xffffffcc][0x1d]?[0xffffffdf][0xffffffdf][0xffffff91]n[0xffffffa2][0xffffffbf][0xffffffe3][0xffffff9e];[0xffffffc6][0x4]s[0xffffff87]A[0x7f][0xffffffc7][0xffffffeb][0x10][0x6][0xffffffb9][0x3][0xffffffee][0xffffffef]x[0x1d][0x0][0xffffffcb][0x1d]^[0xfffffffd][0x1d][0xffffff8a]L,w[0x18][0xfffffff5]w(J[0xffffff91][0xffffffdc][0xffffff81][0xfffffff7]wDb[0xffffffcd]r[0xffffff87]_[0x7f][0xffffffc7][0x13][0xffffffd3][0xffffffe2][0xffffffb9][0xffffffc3][0xffffffab][0xffffffbf]Cx[0x18][0xffffffcc][0x1d]?[0xffffffdf][0xffffffdf][0xffffff91]nC[0xffffffe5][0xffffff8e]Y[0xffffffc8][0xfffffffb][0x1d][0xffffffc3]!w[0xc][0xffffff8f][0xffffffdc]1"[0xfffffffe]{y[0x1f]d[0xffffffee][0x18]f[0xffffffb9]#[0xffffff92][0xffffff89][0xffffffe5][0xe][0xffffffc5]'[0xffffff96];"[0xffffffa5]H[0xffffffee]XY[0x5]r[0xffffffc7]J[0xffffffac]Y[0xffffffee][0x10]j[0xffffffc5]s[0xffffff87]4-[0xffffff9e];[0xffffff84]x[0xffffffd1][0xffffffdc][0x11]<[0xc][0xffffffe6][0xffffff8e][0xffffffa0][0xffffffe5][0xb][0xffffffb9]C[0xfffffff6][0xffffff86][0xffffffcd]Y[0xffffffc0][0xffffffdc]a[0xffffffd0][0x1b][0xfffffff6]:[0xffffff84]A[0xffffffee][0xffffff80]{[0xffffffc3]^[0x7][0xffffffc0]r[0xffffff87]Wo[0xffffff98]"[0x13][0xffffffcb][0x1d]F[0xffffffbd]a[0xffffff8a]R$w[0xffffffe0][0xffffffbd]a[0xffffff91]X[0xffffffb3][0xffffffdc][0xffffffe1][0xffffffd7][0x1b][0xfffffff6][0xffffffc4][0xffffffb4]x[0xffffffee][0xfffffff0][0xffffffea][\r][0x13][0x1e][0x6]s[0xffffffc7]?[0xffffffa0]7[0xffffffec]P[0xffffffbd]a[0xffffffc7][0xffffff8d][0xfffffffc][0xffffffce]r8[0xfffffff4][0xffffff86][0x1d][0x1e][0xffffffbd]a[0xffffff87][0xffffffa8][0xffffffaf][0xffffffd9][0xffffffca][0xfffffffb]A[0xfffffff6][0xffffff86][0x1d][0xffffffa1][0xffffffa0][0xffffff86][0xffffffcd][0x1d][0xffffff82]L*wH>[0xffffffa9][0xffffffdc]!(%rG`u[0x7f][0xffffffee][0x8][0xffffffc4]"
10:43:49.670 [Test worker] DEBUG org.apache.hc.client5.http.wire - http-outgoing-1 << "z[0xffffffe5][0xe][0xffffffa5]V:wh[0xffffffd3][0xffffffd2][0xffffffb9]C[0xffffff89][0xffffff97][0xffffffcc][0x1d][0xffffffd1][0xffffffc3]\[0xffffffee][0xffffff88]Z[0xffffffbe][0xffffff90];To[0xffffffd8]q[0xffffff90][0xfffffffd][0x1d][0xffffff87]Co[0xffffffd8][0xffffffe1][0xffffffd1][0x1b]v[0xffffff88][0xfffffffa][0xffffff9a][0xffffffbd][0xffffffbc][0xffffff93][0xffffffbd]aG([0xffffffa8][0xffffff81]s[0xffffff87]Oo[0xffffff98][0xffffffe4][0x13][0xffffffcb][0x1d][0x1e][0xffffffbd]a[0xffffff81]U wx[0xfffffff7][0xffffff86])[0xffffffb5][0xffffffe2][0xffffffb9][0xffffffc3][0xffffffb2]7L[0xffffff89][0x17][0xffffffcd][0x1d]F[0xffffffbd]aQ[0xffffffcb][0x17]rGR[0xffffffb9]#M[0xfffffff0]~[0xffffffc7][0xffffffcb]H|[0xffffffee]H[0x1e][0xffffffb9]#E[0xfffffffc][0xfffffff7][0xfffffff2][0xffffff9e][0xffffffc8][0xffffffdc][0xffffff91][0xffffffcc]rG$[0x13][0xffffffcb][0x1d][0xffffff8a]O,wDJ[0xffffff91][0xffffffdc][0xffffffb1][0xffffffb2][\n]"
10:43:49.670 [Test worker] DEBUG org.apache.hc.client5.http.wire - http-outgoing-1 << "[0xffffffe4][0xffffff8e][0xffffff95]X[0xffffffb3][0xffffffdc]![0xffffffd4][0xffffff8a][0xffffffe7][0xe]iZ<w[0x8][0xfffffff1][0xffffffa2][0xffffffb9]#x[0x18][0xffffffcc][0x1d]A[0xffffffcb][0x17]r[0xffffff87][0xffffffea][0xffffffef]8J[0x6][0xffffffdf]g9[0x1c][0xfffffffa];[0xe][0xffffff8f][0xfffffffe][0xffffff8e]C[0xffffffac][0xffffff91][0xffffffef][0xffffffe5][0xffffff9d][0xffffffec][0xffffffef]8[0xffffffc2][0xffffffa2]8[0xffffff9c];|[0xfffffffa];$[0xffffff9f]X[0xffffffee][0xfffffff0][0xffffffe8][0xffffffef][0x8][0xffffffac][0x2][0xffffffb9][0xffffffc3][0xffffffbb][0xffffffbf]C[0xffffffa9][0x15][0xffffffcf][0x1d][0xffffff96][0xfffffffd][0x1d]J[0xffffffbc]h[0xffffffee]0[0xffffffea][0xffffffef][0xffffff88]Z[0xffffffbe][0xffffff90];[0xffffffaa][0xffffffca][0x1d][0xfffffff5]F[0xffffffde][0xffffffef][0xffffffa8][0xe][0xffffffb9][0xffffffa3]z[0xffffffe4][0xffffff8e][0x1a][0xfffffff1][0xffffffdf][0xffffffcb]{%sG5[0xffffffcb][0x1d][0xffffff91]L,w(>[0xffffffb1][0xffffffdc][0x11])Er[0xffffffc7][0xffffffca]*[0xffffff90];Vb[0xffffffcd]r[0xffffff87]P+[0xffffff9e];[0xffffffa4]i[0xfffffff1][0xffffffdc]![0xffffffc4][0xffffff8b][0xffffffe6][0xffffff8e][0xffffffe0]a0w[0x4]-_[0xffffffc8][0x1d][0xffffffaa]7[0xffffffec][0xffffffa8][0xffffffad][0xffffff81][0xffffffb9][0xffffffc3][0xffffffa1]7[0xffffffec][0xfffffff0][0xffffffe8][\r];D}[0xffffffcd]^[0xffffffde][0xffffffc9][0xffffffde][0xffffffb0]#[0x14][0xffffffd4][0xffffffc0][0xffffffb9][0xffffffc3][0xffffffa7]7L[0xfffffff2][0xffffff89][0xffffffe5][0xe][0xffffff8f][0xffffffde][0xffffffb0][0xffffffc0]*[0xffffff90];[0xffffffbc]{[0xffffffc3][0xffffff94]Z[0xfffffff1][0xffffffdc]a[0xffffffd9][0x1b][0xffffffa6][0xffffffc4][0xffffff8b][0xffffffe6][0xe][0xffffffa3][0xffffffde][0xffffffb0][0xffffffa8][0xffffffe5][0xb][0xffffffb9]C[0xfffffff5][0xffffff86][0x1d]u&0w8[0xfffffff4][0xffffff86][0x1d][0x1e][0xffffffbd]a[0xffffff87][0xffffffa8][0xffffffaf][0xffffffd9][0xffffffcb];[0xffffffd9][0x1b]v[0xffffff84][0xffffff82][0x1a]8w[0xfffffff8][0xfffffff4][0xffffff86]I>[0xffffffb1][0xffffffdc][0xffffffe1][0xffffffd1][0x1b][0x16]X[0x5]r[0xffffff87]wo[0xffffff98]R+[0xffffff9e];,{[0xffffffc3][0xffffff94]x[0xffffffd1][0xffffffdc]a[0xffffffd4][0x1b][0x16][0xffffffb5]|!w[0xffffffa8][0xffffffde][0xffffffb0][0xffffffa3][0xffffffe5][0x1][0xffffffe6][0xe][0xffffff87][0xffffffde][0xffffffb0][0xffffffc3][0xffffffa3]7[0xffffffec][0x10][0xfffffff5]5{y'{[0xffffffc3][0xffffff8e]PP[0x3][0xffffffe7][0xe][0xffffff9f][0xffffffde]0[0xffffffc9]'[0xffffff96];<z[0xffffffc3][0x2][0xffffffab]@[0xffffffee][0xfffffff0][0xffffffee][\r]Sj[0xffffffc5]s[0xffffff87]eo[0xffffff98][0x12]/[0xffffff9a];[0xffffff8c]z[0xffffffc3][0xffffffa2][0xffffff96][0xffffffcf][0xffffffe7][0xffffff8e][0xffffffa4][0xffffffde][0xffffffa3]=[0xffffffc6][0x0]sGrx[0xffffff8f]6y[0xffffffbc]G[0xffffff9b][0xffffffc4][0xffffffb3][0xffffff88][yO[0xffffffe4]{[0xffffffb4])<|[0xffffffc8][0xffffffe6][0xe]A&[0xffffff95];$[0xffffff9f]T[0xffffffee][0x10][0xffffff94][0x12][0xffffffb9]#[0xffffffb0][0xffffffba]?w[0x4]b[0xffffffbd]r[0xffffff87]R+[0xffffff9d];[0xffffffb4]i[0xffffffe9][0xffffffdc][0xffffffa1][0xffffffc4]K[0xffffffe6][0xffffff8e][0xffffffe8]a.wD-_[0xffffffc8][0x1d]j[0xffffff9f][0xffffffe5][0xfffffffe]O[0x6][0xffffffef][0xffffff95]&[0xffffff87]}[0xffffff96][0xffffffe4][0xffffffb1][0xffffffcf][0xffffff92][0xffffffc4][0xffffffb5][0xffffffea][0xffffffbd][0xffffffbc][0xffffff93][0xfffffffb],)\[0xffffff9c][0xffffff86]s[0xffffff87][0xffffffcf]>[0xffffff8b][0xffffffe4][0x13][0xffffffcb][0x1d][0x1e][0xfffffffb],[0xffffff81]U wx[0xffffffef][0xffffffb3]([0xffffffb5][0xffffffe2][0xffffffb9][0xffffffc3]r[0xffffff9f]E[0xffffff89][0x17][0xffffffcd][0x1d]F[0xfffffffb],Q[0xffffffcb][0x17]r[0xffffff87][0xffffffda]gy[0xfffffff9][0xffffffd2][0x2][0xffffffe6][0xe][0xffffff87]}[0xffffff96][0xffffffe4][0xffffffb1][0xffffffcf][0xffffff92][0xffffffc4][0xffffffb5][0xffffffea][0xffffffbd][0xffffffbc][0xffffff93][0xfffffffb],)\[0xffffff9c][0xffffff86]s[0xffffff87][0xffffffcf]>[0xffffff8b][0xffffffe4][0x13][0xffffffcb][0x1d][0x1e][0xfffffffb],[0xffffff81]U wx[0xffffffef][0xffffffb3]([0xffffffb5][0xffffffe2][0xffffffb9][0xffffffc3]r[0xffffff9f]E[0xffffff89][0x17][0xffffffcd][0x1d]F[0xfffffffb],Q[0xffffffcb][0x17]r[0xffffff87][0xffffffda]gI[0xffffffbd][0x1d]`[0xffffffee]p[0xffffffd8]gI[0x1e][0xfffffffb],I\[0xffffffab][0xffffffde][0xffffffcb];[0xffffffb9][0xffffffcf][0xffffff92][0xffffffc2][0xffffffc5]i8w[0xfffffff8][0xffffffec][0xffffffb3]H>[0xffffffb1][0xffffffdc][0xffffffe1][0xffffffb1][0xffffffcf][0x12]X[0x5]r[0xffffff87][0xfffffff7]>[0xffffff8b]R+[0xffffff9e];,[0xfffffff7]Y[0xffffff94]x[0xffffffd1][0xffffffdc]a[0xffffffb4][0xffffffcf][0x12][0xffffffb5]|)w$[0xffffffbf][0xffffffdc][0xffffff91][0x1c]rG[0xfffffff2][0xffffffc8][0x1d][0xffffff89][0xffffffce][0x1d][0xffffff89][0xffffffcc][0x1d][0xffffffc9],w[0xffffffac]d[0xffffff82][0xffffffb9]#[0xfffffff2][0x9][0xffffffe6][0xffffff8e][0xffffff95]R(w$>w$[0xffffffef][0xffffffdc][0x11][0xffffffd4]j[0xffffff90];[0xffffff84]i[\r]rG[0x10]/[0xffffff9c];[0xffffff92]Q[0xffffffee]H?[0xffffff9d];[0xfffffffa][0xffffff97][0x1c]s[0xffffffc7] {[0xffffffd2]_F[0xffffffe2]s[0xffffffc7][0xffffffcb][0x10][0x6][0xffffffb9][0xffffffe3]}[0xc],w[0xffffffbc][0xc][0xffffff80][0xffffffe5][0xffffff8e][0xffffffb7][0x1f][0xffffffb7][0xffffffc9][0x1d][0xffffff91]L,w(>[0xffffffb1][0xffffffdc][0x11])Er[0xffffffc7][0xffffffca]*[0xffffff90];Vb[0xffffffcd]r[0xffffff87]P+[0xffffff9e];[0xffffffa4]i[0xfffffff1][0xffffffdc]![0xffffffc4][0xffffff8b][0xffffffe6][0xffffff8e][0xffffffe0]a0w[0x4]-_[0xffffffc8][0x1d]j[0xffffff8f]6[0xffffffa7]J[0xffffffe6][0xe][0xffffff87]=[0xffffffda][0xffffffe4][0xffffffb1]G[0xffffff9b][0xffffffc4]:[0xffffffd7]^[0xffffffde][0xffffffc9]=[0xffffffda][0x14][0x16][0xffffffb6][0xffffffe0][0xffffffdc][0xffffffe1][0xffffffb3]G+[0xfffffff9][0xffffffc4]r[0xffffff87][0xffffffc7][0x1e]m`[0x15][0xffffffc8][0x1d][0xffffffde]{[0xffffffb4]J[0xffffffad]x[0xffffffee][0xffffffb0][0xffffffdc][0xffffffa3]U[0xffffffe2]Es[0xffffff87][0xffffffd1][0x1e]m[0xffffffd4][0xfffffff2][0xffffff85][0xffffffdc]1U[0xffffffee]([0x9][0xffffffec][\r]{[0x19][0xffffff89][0xffffffcf][0x1d][0xffffffd3]#w[0xffffffcc][0xffffff88][0xffffffff]^[0xffffffde]'[0xffffff99];[0xffffffa6]Y[0xffffffee][0xffffff88]db[0xffffffb9]C[0xfffffff1][0xffffff89][0xffffffe5][0xffffff8e]H)[0xffffff92];VV[0xffffff81][0xffffffdc][0xffffffb1][0x12]k[0xffffff96];[0xffffff84]Z[0xfffffff1][0xffffffdc]!M[0xffffff8b][0xffffffe7][0xe]!^4w[0x4][0xf][0xffffff83][0xffffffb9]#h[0xfffffff9]|[0xffffffee][0xffffffc8][0xffffff87][0xffffffca][0x1d][0xffffffbd][0xffffff82][0xffffffb9]#[0xffffff8b][0xffffffc7][0xffffff9a][0xffffffb7][0xffffffff]_C[0xffffff96][0xffffffaf]3o[0xffffffc7]?[0xffffff8b][0xffffffe7][0xffffff98][0xffffffb7][0xfffffff2][0xffffff9e][0xffffffc3][0xfffffffb][0xffffffcb][0x1b][0x1][0xffffffcf][0xffffffe1][0xffffffc1]e6w[0x8]2[0xffffffa9][0xffffffdc]![0xfffffff9][0xffffffa4]r[0xffffff87][0xffffffa0][0xffffff94][0xffffffc8][0x1d][0xffffff81][0xffffffd5][0xfffffffd][0xffffffb9]#[0x10][0xffffffeb][0xffffff95];[0xffffff94]Z[0xffffffe9][0xffffffdc][0xffffffa1]MK[0xffffffe7][0xe]%^2wD[0xf]s[0xffffffb9]#j[0xfffffff9]B[0xffffffee]P[0xffffffbd]ay[0xffffffe4][0xc][0xffffffe6][0xe][0xffffff87][0xffffffde][0xffffffb0][0xffffffec][0xffffffd1][0x1b][0xffffff96]E}[0xffffffcd]^[0xffffffde][0xffffffc9][0xffffffde][0xffffffb0][0x1c][\n]"
10:43:49.675 [Test worker] DEBUG org.apache.hc.client5.http.wire - http-outgoing-1 << "j[0xffffffe0][0xffffffdc][0xffffffe1][0xffffffd3][0x1b]&[0xfffffff9][0xffffffc4]r[0xffffff87]GoX`[0x15][0xffffffc8][0x1d][0xffffffde][0xffffffbd]aJ[0xffffffad]x[0xffffffee][0xffffffb0][0xffffffec][\r]S[0xffffffe2]Es[0xffffff87]QoX[0xffffffd4][0xfffffff2][0xffffff85][0xffffffdc][0xffffffa1]z[0xffffffc3][0xfffffff2][0xffffffe8]d[0xffffffee]p[0xffffffe8][\r][0xffffffcb][0x1e][0xffffffbd]aY[0xffffffd4][0xffffffd7][0xffffffec][0xffffffe5][0xffffff9d][0xffffffec][\r][0xffffffcb][0xffffffa1][0xffffffa0][0x6][0xffffffce][0x1d]>[0xffffffbd]a[0xffffff92]O,wx[0xfffffff4][0xffffff86][0x5]V[0xffffff81][0xffffffdc][0xffffffe1][0xffffffdd][0x1b][0xffffffa6][0xffffffd4][0xffffff8a][0xffffffe7][0xe][0xffffffcb][0xffffffde]0%^4w[0x18][0xfffffff5][0xffffff86]E-_[0xffffffc8][0x1d][0xffffffaa]7[0xffffffac][0xffffffdc]R[0x1]s[0xffffff87]CoX[0xfffffff6][0xffffffe8][\r][0xffffffcb][0xffffffa2][0xffffffbe]f/[0xffffffef]doX[0xe][0x5]5p[0xffffffee][0xfffffff0][0xffffffe9][\r][0xffffff93]|b[0xffffffb9][0xffffffc3][0xffffffa3]7,[0xffffffb0][\n]"
10:43:49.675 [Test worker] DEBUG org.apache.hc.client5.http.wire - http-outgoing-1 << "[0xffffffe4][0xe][0xffffffef][0xffffffde]0[0xffffffa5]V<wX[0xfffffff6][0xffffff86])[0xfffffff1][0xffffffa2][0xffffffb9][0xffffffc3][0xffffffa8]7,j[0xfffffff9]R[0xffffffee][0xffffff88]{[0xffffffb4]x[0xffffffee][0xffffffe0][0xfffffff7]h[0x1f]CX[0xffffffe4][0xe]v[0xffffff8f][0xfffffff6]1[0x0][0xffffff98];[0xffffffac][0xfffffff6]h[0x5][0xffffff99]`[0xffffffee][0xfffffff0][0xffffffd9][0xffffffa3][0x15][0xffffff94]B[0xffffffb9][0xffffff83][0xffffffde][0xffffffa3][\r][0xffffffc4][0xffffffda][0xffffffe5][0xe][0xffffffbb]=ZmZ[0xffffff83][0xffffffdc]a[0xffffffb5]G[0x1b]=[0xffffff8c][0xffffffe6][0xffffff8e][0xffffff9f][0xffffffde][0xffffffa3][0xffffffcd][0xffffffaa]7[0xffffffac]$[0xfffffff4]"
10:43:49.677 [Test worker] DEBUG org.apache.hc.client5.http.wire - http-outgoing-1 << ";[0xffffff8b]CoX[0xfffffff6][0xffffffe8][\r][0xffffffcb][0xffffffa2][0xffffffbe]f/[0xffffffef]doX[0xe][0x5]5p[0xffffffee][0xfffffff0][0xffffffe9][\r][0xffffff93]|b[0xffffffb9][0xffffffc3][0xffffffa3]7,[0xffffffb0][\n]"
10:43:49.677 [Test worker] DEBUG org.apache.hc.client5.http.wire - http-outgoing-1 << "[0xffffffe4][0xe][0xffffffef][0xffffffde]0[0xffffffa5]V<wX[0xfffffff6][0xffffff86])[0xfffffff1][0xffffffa2][0xffffffb9][0xffffffc3][0xffffffa8]7,j[0xfffffff9]B[0xffffffee][0xffffffe8][0xffffffea];K[0xffffffcd][0xffffffe0]{[0xffffffb4]/#[0xfffffff1][0xffffffb9][0xffffffa3]{|g[0xffffffe9][0xfffffff1][0xffffffb8]o/[0xffffffef][0xffffff9d][0xfffffffc][0xffffffce][0xffffffd2][0xffffffcd][0xffffffbe][0xffffffb3]D2[0xffffffb1][0xffffffdc][0xffffffa1][0xfffffff8][0xffffffc4]rG[0xffffffa4][0x14][0xffffffc9][0x1d]+[0xffffffab]@[0xffffffee]X[0xffffff89]5[0xffffffcb][0x1d]B[0xffffffad]x[0xffffffee][0xffffff90][0xffffffa6][0xffffffc5]s[0xffffff87][0x10]/[0xffffff9a];[0xffffff82][0xffffff87][0xffffffc1][0xffffffdc][0x11][0xffffffb4]|!w[0xc]u[0xffffffde]1f[0x5]s[0xffffffc7]p8[0xffffffef][0x18][0x1e][0xffffffe7][0x1d]#[0xffffffc6][0xffffffee][0xffffffbd][0xffffffbc][0xf][0xfffffff2][0xffffffbc]c[0xffffff98][0xffffff9d]wD2[0xffffffb1][0xffffffdc][0xffffffa1][0xfffffff8][0xffffffc4]rG[0xffffffa4][0x14][0xffffffc9][0x1d]+[0xffffffab]@[0xffffffee]X[0xffffff89]5[0xffffffcb][0x1d]B[0xffffffad]x[0xffffffee][0xffffff90][0xffffffa6][0xffffffc5]s[0xffffff87][0x10]/[0xffffff9a];[0xffffff82][0xffffff87][0xffffffc1][0xffffffdc][0x11][0xffffffb4]|!w[0xffffffa8][0xffffffde][0xffffffb0][0xffffff9a]n[0xffffffe0]{[0xffffffb4][0xffffffd9][0xffffffa1]7,{[0xfffffff4][0xffffff86]eQ_[0xffffffb3][0xffffff97]w[0xffffffb2]7,[0xffffff87][0xffffff82][0x1a]8w[0xfffffff8][0xfffffff4][0xffffff86]I>[0xffffffb1][0xffffffdc][0xffffffe1][0xffffffd1][0x1b][0x16]X[0x5]r[0xffffff87]wo[0xffffff98]R+[0xffffff9e];,{[0xffffffc3][0xffffff94]x[0xffffffd1][0xffffffdc]a[0xffffffd4][0x1b][0x16][0xffffffb5]|)w[0xffffffc4][0xfffffff3][0xe]<w[0x18][0xffffff9c]wL[0xffffff8f][0xfffffff3][0xffffff8e][0x19]c[0xfffffff7]n[0xffffffde][0xffffffc1][0xfffffff3][0xffffff8e]iv[0xffffffde][0x11][0xffffffc9][0x4]s[0xffffff87][0xffffffd1]yG[0xffffffa4][0x14][0xffffffca][0x1d][0xfffffff8]y[0xffffffc7]J[0xffffffac]][0xffffffee][0xfffffff0];[0xffffffef][0xffffff90][0xffffffa6]5[0xffffffc8][0x1d]^[0xffffffe7][0x1d][0xffffffc1][0xffffffc3]h[0xffffffee][0xfffffff8][0xffffffe9][0xfffffff3][0xffffff8e]rS[0xffffffe7][0x1d]u[0x16].w[0xffffffbc][0xffffff8c][0xffffff84][0xffffffe7][0xffffff8e][0xffffffc7][0x10]|[0xffffffee][0xfffffff8]:[0x6][0xffffff95];[0x1e][0x3]P[0xffffffb9][0xffffffe3][0xfffffffd][0xffffffc7]]r[0xffffff87] [0xffffff93][0xffffffca][0x1d][0xffffff92]O*w[0x8]J[0xffffff89][0xffffffdc][0x11]X[0xffffffdd][0xffffff9f];[0x2][0xffffffb1]^[0xffffffb9]C[0xffffffa9][0xffffff95][0xffffffce][0x1d][0xffffffda][0xffffffb4]t[0xffffffee]P[0xffffffe2]%sG[0xfffffff4]0[0xffffff97];[0xffffffa2][0xffffff96]/[0xffffffe4][0xe][0xffffffd5][0xffffff93]^[0xffffffd1][0xffffffbe][0xffffffd2][0xffffffe2][0xffffffd0][0xffffff93]^<z[0xffffffd2][0xffffff8b][0xffffffa8][0xffffffeb][0xffffffdd][0xffffffcb];[0xffffffd9][0xffffff93]^B!/[0xffffff9c];|z[0xffffffd2]%[0xffffff9f]X[0xffffffee][0xfffffff0][0xffffffe8]I[0xf][0xffffffac][0x2][0xffffffb9][0xffffffc3][0xffffffbb]'][0xffffffa9][0x15][0xffffffcf][0x1d][0xffffff96]=[0xffffffe9]J[0xffffffbc]h[0xffffffee]0[0xffffffea]I[0xffffff8f]Z[0xffffffbe][0xffffff94];b[0x7f][0x7][0xffffff9e];[0xfffffff8][0xfffffffe][0xffffff8e][0xffffffc7][0x10][0x16][0xffffffb9][0xffffff83][0xffffffed][0xffffffef]x[0xc][0x0][0xffffffe6][0xe][0xffffffab][0xfffffffe][0xe]A&[0xffffff98];|[0xfffffffa];[0x4][0xffffffa5]P[0xffffffee][0xffffffa0][0xfffffffb];[0x2][0xffffffb1]v[0xffffffb9][0xffffffc3][0xffffffae][0xffffffbf]C[0xffffff9b][0xffffffd6] wX[0xfffffff5]wD[0xf][0xffffffa3][0xffffffb9][0xffffffe3][0xffffffa7][0xfffffffb];[0xffffffee][0xffffffff][0xffffff8c][0xffffffe2][0xffffff97];[0xffffff8a]C[0xffffffee]([0x1e][0xffffffb9][0xffffffa3][0xffffffd0][0xffffffb9][0xffffffa3][0xffffff90][0xffffffb9][0xffffffa3][0xffffff98][0xffffffe5][0xffffff8e][0xffffff95]L0wD>[0xffffffc1][0xffffffdc][0xffffffb1]R[\n]"
10:43:49.681 [Test worker] DEBUG org.apache.hc.client5.http.wire - http-outgoing-1 << "[0xffffffe5][0xffffff8e][0xffffffc2][0xffffffe7][0xffffff8e][0xffffffe2][0xffffff9d];[0xffffff82]Z[\r]r[0xffffff87]0[0xffffffad]A[0xffffffee][0x8][0xffffffe2][0xffffff85]sG1[0xffffffca][0x1d][0xffffffe5][0x1f][0xffffff90];[0xffffffaa]_[0xffffffee][0xffffffa8][0xe][0xffffffb9][0xffffffa3]z[0xffffffe4][0xffffff8e]J[0xffffffe7][0xffffff8e]J[0xffffffe6][0xffffff8e]j[0xffffff96];V2[0xffffffc1][0xffffffdc][0x11][0xfffffff9][0x4]s[0xffffffc7]J)[0xffffff94];*[0xffffff9f];[0xffffffaa]w[0xffffffee][0x8]j5[0xffffffc8][0x1d][0xffffffc2][0xffffffb4][0x6][0xffffffb9]#[0xffffff88][0x17][0xffffffce][0x1d][0xffffffd5](w[0xffffffd4][0xffffff9f][0xffffffce][0x1d][0xffffffea]][0xffffffb8][0xffffffd6][0x12][0xffffffb8][0xffffffcf]R[0x1c][0xffffffde][0xffffff85]+[0x1e][0xffffffef][0xffffffc2][0x15][0xfffffff1]<[0xffffffd1]^[0xffffffde][0xffffffc9]w[0xffffffe1]Jx[0xffffff80][0x8][0xffffffce][0x1d]>[0xffffffef][0xffffffc2]I>[0xffffffb1][0xffffffdc][0xffffffe1][0xfffffff1].\`[0x15][0xffffffc8][0x1d][0xffffffde][0xffffffef][0xffffffc2])[0xffffffb5][0xffffffe2][0xffffffb9][0xffffffc3][0xfffffff2]]8%^4w[0x18][0xffffffbd][0xb][0x17][0xffffffb5]|!w[0xffffffa8]w[0xffffffe1]Z[0xffffff9f]`_iqx[0x17][0xffffffae]x[0xffffffbc][0xb]W[0xffffffc4][0xfffffff3]D{y'[0xffffffdf][0xffffff85]+[0xffffffe1][0x1]"8w[0xfffffff8][0xffffffbc][0xb]'[0xfffffff9][0xffffffc4]r[0xffffff87][0xffffffc7][0xffffffbb]p[0xffffff81]U wx[0xffffffbf][0xb][0xffffffa7][0xffffffd4][0xffffff8a][0xffffffe7][0xe][0xffffffcb]w[0xffffffe1][0xffffff94]x[0xffffffd1][0xffffffdc]a[0xfffffff4].\[0xffffffd4][0xfffffff2][0xffffff85][0xffffffdc][0xffffffd1]T[0xffffffee][0x18][0xffffff8d]<[0xffffffef]h[0xe][0xffffffb9][0xffffffa3]y[0xffffffe4][0xffffff8e][0x16][0xfffffff1][0xffffffdf][0xffffffcb]{#sG3[0xffffffcb][0x1d][0xffffff91]L,w(>[0xffffffb1][0xffffffdc][0x11])Er[0xffffffc7][0xffffffca]*[0xffffff90];Vb[0xffffffcd]r[0xffffff87]P+[0xffffff9e];[0xffffffa4]i[0xfffffff1][0xffffffdc]![0xffffffc4][0xffffff8b][0xffffffe6][0xffffff8e][0xffffffe0]a0w[0x4]-_[0xffffffc8][0x1d]C[0xffffffe5][0xffffff8e][0xffffff99][0xffffffc9][0xffffffdc]1[0x1c]r[0xffffffc7][0xfffffff0][0xffffffc8][0x1d]#[0xffffffe2][0xffffffbf][0xffffff97][0xfffffff7]A[0xffffffe6][0xffffff8e]a[0xffffff96];"[0xffffff99]X[0xffffffee]P|b[0xffffffb9]#R[0xffffff8a][0xffffffe4][0xffffff8e][0xffffff95]U w[0xffffffac][0xffffffc4][0xffffff9a][0xffffffe5][0xe][0xffffffa1]V<wH[0xffffffd3][0xffffffe2][0xffffffb9]C[0xffffff88][0x17][0xffffffcd][0x1d][0xffffffc1][0xffffffc3]`[0xffffffee][0x8]Z[0xffffffbe][0xffffff90];TOz[0xffffff9b][0xffffffb3][0xffffff83][0xffffffb9][0xffffffc3][0xffffffa1]'[0xffffffbd]x[0xfffffff4][0xffffffa4][0x17]Q[0xffffffd7][0xffffffbb][0xffffff97]w[0xffffffb2]'[0xffffffbd][0xffffff84]B^8w[0xfffffff8][0xfffffff4][0xffffffa4]K>[0xffffffb1][0xffffffdc][0xffffffe1][0xffffffd1][0xffffff93][0x1e]X[0x5]r[0xffffff87]wO[0xffffffba]R+[0xffffff9e];,{[0xffffffd2][0xffffff95]x[0xffffffd1][0xffffffdc]a[0xffffffd4][0xffffff93][0x1e][0xffffffb5]|>wT[0xffffffd5][0x1b][0xffffffd6]s[0x1][0xffffffdf][0xffffff85][0xffffffab][0xe][0xffffffbd]a[0xffffffd5][0xffffffa3]7[0xffffffac][0xffffff8a][0xfffffffa][0xffffff9a][0xffffffad][0xffffffbc]W[0xffffffb2]7[0xffffffac][0xffffff86][0xffffff82][0x1a]6w[0x8]2[0xffffffa9][0xffffffdc]![0xfffffff9][0xffffffa4]r[0xffffff87][0xffffffa0][0xffffff94][0xffffffc8][0x1d][0xffffff81][0xffffffd5][0xfffffffd][0xffffffb9]#[0x10][0xffffffeb][0xffffff95];[0xffffff94]Z[0xffffffe9][0xffffffdc][0xffffffa1]MK[0xffffffe7][0xe]%^2wD[0xf]s[0xffffffb9]#j[0xfffffff9]B[0xffffffee]H[0xffffffa2][0xffffffbf][0xffffffa3][0xffffff97][0xffffff92][0xffffffc0][0xffffffdc][0xffffff91][0xc][0xfffffffa];[0x1e]C[0x18][0xffffffe4][0xffffff8e][0x14][0xffffffd7][0xffffffc8][0xfffffff7][0xfffffff2][0xffffff9e][0xffffffc0][0xfffffffe][0xffffff8e][0xfffffff7][0x1f][0xffffffb7][0xffffffc9][0x1d][0xffffff91]L,w(>[0xffffffb1][0xffffffdc][0x11])Er[0xffffffc7][0xffffffca]*[0xffffff90];Vb[0xffffffcd]r[0xffffff87]P+[0xffffff9e];[0xffffffa4]i[0xfffffff1][0xffffffdc]![0xffffffc4][0xffffff8b][0xffffffe6][0xffffff8e][0xffffffe0]a0w[0x4]-[0x7f]7w[0xfffffffc][0xffffff8f][0xffffffff][0xfffffffc][0x7f][0xfffffffe][0xf][0xb]R[0xffffffbd]Y[0xffffffd4]}[0xb][0x0]"
10:43:49.681 [Test worker] DEBUG org.apache.hc.client5.http.impl.classic.InternalHttpClient - ep-0000000002 releasing valid endpoint
10:43:49.681 [Test worker] DEBUG org.apache.hc.client5.http.impl.io.PoolingHttpClientConnectionManager - ep-0000000002 releasing endpoint
10:43:49.681 [Test worker] DEBUG org.apache.hc.client5.http.impl.io.PoolingHttpClientConnectionManager - ep-0000000002 connection http-outgoing-1 can be kept alive for 3 MINUTES
10:43:49.681 [Test worker] DEBUG org.apache.hc.client5.http.impl.io.PoolingHttpClientConnectionManager - ep-0000000002 connection released [route: {s}->https://googlechromelabs.github.io:443][total available: 2; route allocated: 1 of 5; total allocated: 2 of 25]
10:43:49.686 [Test worker] INFO io.github.bonigarcia.wdm.WebDriverManager - Using chromedriver 120.0.6099.109 (resolved driver for Chrome 120)
10:43:49.690 [Test worker] DEBUG io.github.bonigarcia.wdm.cache.ResolutionCache - Storing resolution chrome=120 in cache (valid until 11:43:49 17/01/2024 MSK)
10:43:49.761 [Test worker] DEBUG io.github.bonigarcia.wdm.cache.ResolutionCache - Storing resolution chrome120=120.0.6099.109 in cache (valid until 10:43:49 18/01/2024 MSK)
10:43:51.321 [Test worker] DEBUG io.github.bonigarcia.wdm.WebDriverManager - Driver chromedriver 120.0.6099.109 found in cache
10:43:51.321 [Test worker] INFO io.github.bonigarcia.wdm.WebDriverManager - Exporting webdriver.chrome.driver as C:\Users\asus\.cache\selenium\chromedriver\win64\120.0.6099.109\chromedriver.exe
10:43:55.608 [Test worker] DEBUG io.netty.util.internal.logging.InternalLoggerFactory - Using SLF4J as the default logging framework
10:43:55.682 [Test worker] DEBUG io.netty.util.ResourceLeakDetector - -Dio.netty.leakDetection.level: simple
10:43:55.682 [Test worker] DEBUG io.netty.util.ResourceLeakDetector - -Dio.netty.leakDetection.targetRecords: 4
10:43:55.708 [Test worker] DEBUG io.netty.util.ResourceLeakDetectorFactory - Loaded default ResourceLeakDetector: io.netty.util.ResourceLeakDetector@74ebd159
10:43:55.882 [Test worker] DEBUG io.netty.util.internal.PlatformDependent0 - -Dio.netty.noUnsafe: false
10:43:55.882 [Test worker] DEBUG io.netty.util.internal.PlatformDependent0 - Java version: 11
10:43:55.886 [Test worker] DEBUG io.netty.util.internal.PlatformDependent0 - sun.misc.Unsafe.theUnsafe: available
10:43:55.888 [Test worker] DEBUG io.netty.util.internal.PlatformDependent0 - sun.misc.Unsafe.copyMemory: available
10:43:55.889 [Test worker] DEBUG io.netty.util.internal.PlatformDependent0 - sun.misc.Unsafe.storeFence: available
10:43:55.891 [Test worker] DEBUG io.netty.util.internal.PlatformDependent0 - java.nio.Buffer.address: available
10:43:55.893 [Test worker] DEBUG io.netty.util.internal.PlatformDependent0 - direct buffer constructor: unavailable: Reflective setAccessible(true) disabled
10:43:55.922 [Test worker] DEBUG io.netty.util.internal.PlatformDependent0 - java.nio.Bits.unaligned: available, true
10:43:55.929 [Test worker] DEBUG io.netty.util.internal.PlatformDependent0 - jdk.internal.misc.Unsafe.allocateUninitializedArray(int): unavailable: class io.netty.util.internal.PlatformDependent0$7 cannot access class jdk.internal.misc.Unsafe (in module java.base) because module java.base does not export jdk.internal.misc to unnamed module @6950e31
10:43:55.959 [Test worker] DEBUG io.netty.util.internal.PlatformDependent0 - java.nio.DirectByteBuffer.<init>(long, int): unavailable
10:43:55.959 [Test worker] DEBUG io.netty.util.internal.PlatformDependent - sun.misc.Unsafe: available
10:43:56.214 [Test worker] DEBUG io.netty.util.internal.PlatformDependent - maxDirectMemory: 536870912 bytes (maybe)
10:43:56.215 [Test worker] DEBUG io.netty.util.internal.PlatformDependent - -Dio.netty.tmpdir: C:\Users\asus\AppData\Local\Temp (java.io.tmpdir)
10:43:56.215 [Test worker] DEBUG io.netty.util.internal.PlatformDependent - -Dio.netty.bitMode: 64 (sun.arch.data.model)
10:43:56.215 [Test worker] DEBUG io.netty.util.internal.PlatformDependent - Platform: Windows
10:43:56.253 [Test worker] DEBUG io.netty.util.internal.PlatformDependent - -Dio.netty.maxDirectMemory: -1 bytes
10:43:56.253 [Test worker] DEBUG io.netty.util.internal.PlatformDependent - -Dio.netty.uninitializedArrayAllocationThreshold: -1
10:43:56.285 [Test worker] DEBUG io.netty.util.internal.CleanerJava9 - java.nio.ByteBuffer.cleaner(): available
10:43:56.285 [Test worker] DEBUG io.netty.util.internal.PlatformDependent - -Dio.netty.noPreferDirect: false
10:43:56.337 [Test worker] DEBUG io.netty.util.internal.PlatformDependent - org.jctools-core.MpscChunkedArrayQueue: available
10:43:57.374 [Test worker] DEBUG io.netty.util.internal.InternalThreadLocalMap - -Dio.netty.threadLocalMap.stringBuilder.initialSize: 1024
10:43:57.375 [Test worker] DEBUG io.netty.util.internal.InternalThreadLocalMap - -Dio.netty.threadLocalMap.stringBuilder.maxSize: 4096
10:43:57.674 [Test worker] DEBUG io.netty.handler.ssl.JdkSslContext - Default protocols (JDK): [TLSv1.3, TLSv1.2] 
10:43:57.674 [Test worker] DEBUG io.netty.handler.ssl.JdkSslContext - Default cipher suites (JDK): [TLS_ECDHE_ECDSA_WITH_AES_256_GCM_SHA384, TLS_ECDHE_ECDSA_WITH_AES_128_GCM_SHA256, TLS_ECDHE_RSA_WITH_AES_128_GCM_SHA256, TLS_ECDHE_RSA_WITH_AES_256_GCM_SHA384, TLS_ECDHE_RSA_WITH_AES_128_CBC_SHA, TLS_ECDHE_RSA_WITH_AES_256_CBC_SHA, TLS_RSA_WITH_AES_128_GCM_SHA256, TLS_RSA_WITH_AES_128_CBC_SHA, TLS_RSA_WITH_AES_256_CBC_SHA, TLS_AES_128_GCM_SHA256, TLS_AES_256_GCM_SHA384]
10:43:58.214 [Test worker] DEBUG io.netty.util.concurrent.GlobalEventExecutor - -Dio.netty.globalEventExecutor.quietPeriodSeconds: 1
10:43:58.461 [Test worker] DEBUG io.netty.channel.MultithreadEventLoopGroup - -Dio.netty.eventLoopThreads: 8
10:43:58.583 [Test worker] DEBUG io.netty.channel.nio.NioEventLoop - -Dio.netty.noKeySetOptimization: false
10:43:58.583 [Test worker] DEBUG io.netty.channel.nio.NioEventLoop - -Dio.netty.selectorAutoRebuildThreshold: 512
10:43:59.134 [Test worker] DEBUG io.netty.buffer.PooledByteBufAllocator - -Dio.netty.allocator.numHeapArenas: 8
10:43:59.134 [Test worker] DEBUG io.netty.buffer.PooledByteBufAllocator - -Dio.netty.allocator.numDirectArenas: 8
10:43:59.134 [Test worker] DEBUG io.netty.buffer.PooledByteBufAllocator - -Dio.netty.allocator.pageSize: 8192
10:43:59.134 [Test worker] DEBUG io.netty.buffer.PooledByteBufAllocator - -Dio.netty.allocator.maxOrder: 9
10:43:59.134 [Test worker] DEBUG io.netty.buffer.PooledByteBufAllocator - -Dio.netty.allocator.chunkSize: 4194304
10:43:59.134 [Test worker] DEBUG io.netty.buffer.PooledByteBufAllocator - -Dio.netty.allocator.smallCacheSize: 256
10:43:59.134 [Test worker] DEBUG io.netty.buffer.PooledByteBufAllocator - -Dio.netty.allocator.normalCacheSize: 64
10:43:59.134 [Test worker] DEBUG io.netty.buffer.PooledByteBufAllocator - -Dio.netty.allocator.maxCachedBufferCapacity: 32768
10:43:59.134 [Test worker] DEBUG io.netty.buffer.PooledByteBufAllocator - -Dio.netty.allocator.cacheTrimInterval: 8192
10:43:59.140 [Test worker] DEBUG io.netty.buffer.PooledByteBufAllocator - -Dio.netty.allocator.cacheTrimIntervalMillis: 0
10:43:59.140 [Test worker] DEBUG io.netty.buffer.PooledByteBufAllocator - -Dio.netty.allocator.useCacheForAllThreads: false
10:43:59.140 [Test worker] DEBUG io.netty.buffer.PooledByteBufAllocator - -Dio.netty.allocator.maxCachedByteBuffersPerChunk: 1023
10:43:59.290 [Test worker] DEBUG io.netty.buffer.ByteBufUtil - -Dio.netty.allocator.type: pooled
10:43:59.290 [Test worker] DEBUG io.netty.buffer.ByteBufUtil - -Dio.netty.threadLocalDirectBufferSize: 0
10:43:59.290 [Test worker] DEBUG io.netty.buffer.ByteBufUtil - -Dio.netty.maxThreadLocalCharBufferSize: 16384
10:44:05.310 [Forwarding newSession on session null to remote] DEBUG io.netty.channel.DefaultChannelId - -Dio.netty.processId: 11076 (auto-detected)
10:44:05.385 [Forwarding newSession on session null to remote] DEBUG io.netty.util.NetUtil - -Djava.net.preferIPv4Stack: false
10:44:05.385 [Forwarding newSession on session null to remote] DEBUG io.netty.util.NetUtil - -Djava.net.preferIPv6Addresses: false
10:44:05.903 [Forwarding newSession on session null to remote] DEBUG io.netty.util.NetUtilInitializations - Loopback interface: lo (Software Loopback Interface 1, 127.0.0.1)
10:44:05.906 [Forwarding newSession on session null to remote] DEBUG io.netty.util.NetUtil - Failed to get SOMAXCONN from sysctl and file \proc\sys\net\core\somaxconn. Default: 200
10:44:05.935 [Forwarding newSession on session null to remote] DEBUG io.netty.channel.DefaultChannelId - -Dio.netty.machineId: 40:9f:38:ff:fe:7a:c1:fb (auto-detected)
10:44:06.537 [AsyncHttpClient-1-2] DEBUG io.netty.buffer.AbstractByteBuf - -Dio.netty.buffer.checkAccessible: true
10:44:06.538 [AsyncHttpClient-1-2] DEBUG io.netty.buffer.AbstractByteBuf - -Dio.netty.buffer.checkBounds: true
10:44:06.538 [AsyncHttpClient-1-2] DEBUG io.netty.util.ResourceLeakDetectorFactory - Loaded default ResourceLeakDetector: io.netty.util.ResourceLeakDetector@48593264
10:44:06.806 [AsyncHttpClient-1-2] DEBUG org.asynchttpclient.netty.channel.NettyConnectListener - Using new Channel '[id: 0x82f498ed, L:/127.0.0.1:65521 - R:localhost/127.0.0.1:33210]' for 'POST' to '/session'
10:44:07.144 [AsyncHttpClient-1-2] DEBUG io.netty.util.Recycler - -Dio.netty.recycler.maxCapacityPerThread: 4096
10:44:07.144 [AsyncHttpClient-1-2] DEBUG io.netty.util.Recycler - -Dio.netty.recycler.ratio: 8
10:44:07.144 [AsyncHttpClient-1-2] DEBUG io.netty.util.Recycler - -Dio.netty.recycler.chunkSize: 32
10:44:07.145 [AsyncHttpClient-1-2] DEBUG io.netty.util.Recycler - -Dio.netty.recycler.blocking: false
10:44:07.145 [AsyncHttpClient-1-2] DEBUG io.netty.util.Recycler - -Dio.netty.recycler.batchFastThreadLocalOnly: true
10:44:33.467 [AsyncHttpClient-1-2] DEBUG io.netty.handler.codec.compression.Brotli - brotli4j not in the classpath; Brotli support will be unavailable.
10:44:33.468 [AsyncHttpClient-1-2] DEBUG org.asynchttpclient.netty.handler.HttpHandler - 

Request DefaultHttpRequest(decodeResult: success, version: HTTP/1.1)
POST /session HTTP/1.1
User-Agent: selenium/4.8.2 (java windows)
Content-Length: 561
Content-Type: application/json; charset=utf-8
host: localhost:33210
accept: */*

Response DefaultHttpResponse(decodeResult: success, version: HTTP/1.1)
HTTP/1.1 200 OK
Content-Length: 896
Content-Type: application/json; charset=utf-8
cache-control: no-cache

10:44:33.614 [AsyncHttpClient-1-2] DEBUG org.asynchttpclient.netty.channel.ChannelManager - Adding key: http://localhost:33210 for channel [id: 0x82f498ed, L:/127.0.0.1:65521 - R:localhost/127.0.0.1:33210]
10:44:34.282 [AsyncHttpClient-1-1] DEBUG org.asynchttpclient.netty.channel.DefaultChannelPool - Entry count for : http://localhost:33210 : 1
10:44:35.046 [AsyncHttpClient-1-3] DEBUG org.asynchttpclient.netty.channel.NettyConnectListener - Using new Channel '[id: 0xa218e947, L:/127.0.0.1:65533 - R:localhost/127.0.0.1:65523]' for 'GET' to '/json/version'
10:44:35.050 [AsyncHttpClient-1-3] DEBUG org.asynchttpclient.netty.handler.HttpHandler - 

Request DefaultFullHttpRequest(decodeResult: success, version: HTTP/1.1, content: EmptyByteBufBE)
GET /json/version HTTP/1.1
User-Agent: selenium/4.8.2 (java windows)
host: localhost:65523
accept: */*

Response DefaultHttpResponse(decodeResult: success, version: HTTP/1.1)
HTTP/1.1 200 OK
Content-Security-Policy: frame-ancestors 'none'
Content-Length: 445
Content-Type: application/json; charset=UTF-8

10:44:35.052 [AsyncHttpClient-1-3] DEBUG org.asynchttpclient.netty.channel.ChannelManager - Adding key: http://localhost:65523 for channel [id: 0xa218e947, L:/127.0.0.1:65533 - R:localhost/127.0.0.1:65523]
10:44:35.208 [Test worker] DEBUG io.netty.util.internal.ThreadLocalRandom - -Dio.netty.initialSeedUniquifier: 0xd11cc93fbd8645cc
10:44:35.382 [AsyncHttpClient-1-1] DEBUG org.asynchttpclient.netty.channel.DefaultChannelPool - Entry count for : http://localhost:33210 : 1
10:44:35.382 [AsyncHttpClient-1-1] DEBUG org.asynchttpclient.netty.channel.DefaultChannelPool - Entry count for : http://localhost:65523 : 1
10:44:35.875 [AsyncHttpClient-1-4] DEBUG org.asynchttpclient.netty.channel.NettyConnectListener - Using new Channel '[id: 0x21e5f245, L:/127.0.0.1:65534 - R:localhost/127.0.0.1:65523]' for 'GET' to '/devtools/browser/0abb79fb-2b37-428c-a8d8-e720dd08c617'
10:44:35.882 [AsyncHttpClient-1-4] DEBUG org.asynchttpclient.netty.handler.WebSocketHandler - 

Request DefaultFullHttpRequest(decodeResult: success, version: HTTP/1.1, content: EmptyByteBufBE)
GET /devtools/browser/0abb79fb-2b37-428c-a8d8-e720dd08c617 HTTP/1.1
upgrade: websocket
connection: upgrade
sec-websocket-key: e9WOjilQMtpJZd5IjsB8rQ==
sec-websocket-version: 13
origin: http://localhost:65523
host: localhost:65523
accept: */*
user-agent: AHC/2.1

Response DefaultHttpResponse(decodeResult: success, version: HTTP/1.1)
HTTP/1.1 101 WebSocket Protocol Handshake
Upgrade: WebSocket
Connection: Upgrade
Sec-WebSocket-Accept: aNoh+cXoZBkDAwBnbWRPR9jn4FE=

10:44:36.503 [AsyncHttpClient-1-1] DEBUG org.asynchttpclient.netty.channel.DefaultChannelPool - Entry count for : http://localhost:33210 : 1
10:44:36.503 [AsyncHttpClient-1-1] DEBUG org.asynchttpclient.netty.channel.DefaultChannelPool - Entry count for : http://localhost:65523 : 1
10:44:37.318 [Forwarding get on session 8e993dd34ae12754681d2132b99a7779 to remote] DEBUG org.asynchttpclient.netty.request.NettyRequestSender - Using pooled Channel '[id: 0x82f498ed, L:/127.0.0.1:65521 - R:localhost/127.0.0.1:33210]' for 'POST' to 'http://localhost:33210/session/8e993dd34ae12754681d2132b99a7779/url'
10:44:37.319 [Forwarding get on session 8e993dd34ae12754681d2132b99a7779 to remote] DEBUG org.asynchttpclient.netty.request.NettyRequestSender - Using open Channel [id: 0x82f498ed, L:/127.0.0.1:65521 - R:localhost/127.0.0.1:33210] for POST '/session/8e993dd34ae12754681d2132b99a7779/url'
10:44:37.581 [AsyncHttpClient-1-1] DEBUG org.asynchttpclient.netty.channel.DefaultChannelPool - Entry count for : http://localhost:65523 : 1
10:44:38.682 [AsyncHttpClient-1-1] DEBUG org.asynchttpclient.netty.channel.DefaultChannelPool - Entry count for : http://localhost:65523 : 1
10:44:39.793 [AsyncHttpClient-1-1] DEBUG org.asynchttpclient.netty.channel.DefaultChannelPool - Entry count for : http://localhost:65523 : 1
10:44:40.891 [AsyncHttpClient-1-1] DEBUG org.asynchttpclient.netty.channel.DefaultChannelPool - Entry count for : http://localhost:65523 : 1
10:44:41.991 [AsyncHttpClient-1-1] DEBUG org.asynchttpclient.netty.channel.DefaultChannelPool - Entry count for : http://localhost:65523 : 1
10:44:43.082 [AsyncHttpClient-1-1] DEBUG org.asynchttpclient.netty.channel.DefaultChannelPool - Entry count for : http://localhost:65523 : 1
10:44:44.183 [AsyncHttpClient-1-1] DEBUG org.asynchttpclient.netty.channel.DefaultChannelPool - Entry count for : http://localhost:65523 : 1
10:44:45.283 [AsyncHttpClient-1-1] DEBUG org.asynchttpclient.netty.channel.DefaultChannelPool - Entry count for : http://localhost:65523 : 1
10:44:46.381 [AsyncHttpClient-1-1] DEBUG org.asynchttpclient.netty.channel.DefaultChannelPool - Entry count for : http://localhost:65523 : 1
10:44:47.491 [AsyncHttpClient-1-1] DEBUG org.asynchttpclient.netty.channel.DefaultChannelPool - Entry count for : http://localhost:65523 : 1
10:44:48.582 [AsyncHttpClient-1-1] DEBUG org.asynchttpclient.netty.channel.DefaultChannelPool - Entry count for : http://localhost:65523 : 1
10:44:49.681 [AsyncHttpClient-1-1] DEBUG org.asynchttpclient.netty.channel.DefaultChannelPool - Entry count for : http://localhost:65523 : 1
10:44:50.781 [AsyncHttpClient-1-1] DEBUG org.asynchttpclient.netty.channel.DefaultChannelPool - Entry count for : http://localhost:65523 : 1
10:44:51.882 [AsyncHttpClient-1-1] DEBUG org.asynchttpclient.netty.channel.DefaultChannelPool - Entry count for : http://localhost:65523 : 1
10:44:52.985 [AsyncHttpClient-1-1] DEBUG org.asynchttpclient.netty.channel.DefaultChannelPool - Entry count for : http://localhost:65523 : 1
10:44:54.094 [AsyncHttpClient-1-1] DEBUG org.asynchttpclient.netty.channel.DefaultChannelPool - Entry count for : http://localhost:65523 : 1
10:44:55.185 [AsyncHttpClient-1-1] DEBUG org.asynchttpclient.netty.channel.DefaultChannelPool - Entry count for : http://localhost:65523 : 1
10:44:56.281 [AsyncHttpClient-1-1] DEBUG org.asynchttpclient.netty.channel.DefaultChannelPool - Entry count for : http://localhost:65523 : 1
10:44:57.389 [AsyncHttpClient-1-1] DEBUG org.asynchttpclient.netty.channel.DefaultChannelPool - Entry count for : http://localhost:65523 : 1
10:44:58.486 [AsyncHttpClient-1-1] DEBUG org.asynchttpclient.netty.channel.DefaultChannelPool - Entry count for : http://localhost:65523 : 1
10:44:59.583 [AsyncHttpClient-1-1] DEBUG org.asynchttpclient.netty.channel.DefaultChannelPool - Entry count for : http://localhost:65523 : 1
10:45:00.686 [AsyncHttpClient-1-1] DEBUG org.asynchttpclient.netty.channel.DefaultChannelPool - Entry count for : http://localhost:65523 : 1
10:45:01.781 [AsyncHttpClient-1-1] DEBUG org.asynchttpclient.netty.channel.DefaultChannelPool - Entry count for : http://localhost:65523 : 1
10:45:02.899 [AsyncHttpClient-1-1] DEBUG org.asynchttpclient.netty.channel.DefaultChannelPool - Entry count for : http://localhost:65523 : 1
10:45:03.981 [AsyncHttpClient-1-1] DEBUG org.asynchttpclient.netty.channel.DefaultChannelPool - Entry count for : http://localhost:65523 : 1
10:45:05.082 [AsyncHttpClient-1-1] DEBUG org.asynchttpclient.netty.channel.DefaultChannelPool - Entry count for : http://localhost:65523 : 1
10:45:06.187 [AsyncHttpClient-1-1] DEBUG org.asynchttpclient.netty.channel.DefaultChannelPool - Entry count for : http://localhost:65523 : 1
10:45:07.285 [AsyncHttpClient-1-1] DEBUG org.asynchttpclient.netty.channel.DefaultChannelPool - Entry count for : http://localhost:65523 : 1
10:45:08.381 [AsyncHttpClient-1-1] DEBUG org.asynchttpclient.netty.channel.DefaultChannelPool - Entry count for : http://localhost:65523 : 1
10:45:09.486 [AsyncHttpClient-1-1] DEBUG org.asynchttpclient.netty.channel.DefaultChannelPool - Entry count for : http://localhost:65523 : 1
10:45:10.581 [AsyncHttpClient-1-1] DEBUG org.asynchttpclient.netty.channel.DefaultChannelPool - Entry count for : http://localhost:65523 : 1
10:45:11.681 [AsyncHttpClient-1-1] DEBUG org.asynchttpclient.netty.channel.DefaultChannelPool - Entry count for : http://localhost:65523 : 1
10:45:12.784 [AsyncHttpClient-1-1] DEBUG org.asynchttpclient.netty.channel.DefaultChannelPool - Entry count for : http://localhost:65523 : 1
10:45:13.883 [AsyncHttpClient-1-1] DEBUG org.asynchttpclient.netty.channel.DefaultChannelPool - Entry count for : http://localhost:65523 : 1
10:45:14.989 [AsyncHttpClient-1-1] DEBUG org.asynchttpclient.netty.channel.DefaultChannelPool - Entry count for : http://localhost:65523 : 1
10:45:16.083 [AsyncHttpClient-1-1] DEBUG org.asynchttpclient.netty.channel.DefaultChannelPool - Entry count for : http://localhost:65523 : 1
10:45:17.181 [AsyncHttpClient-1-1] DEBUG org.asynchttpclient.netty.channel.DefaultChannelPool - Entry count for : http://localhost:65523 : 1
10:45:18.281 [AsyncHttpClient-1-1] DEBUG org.asynchttpclient.netty.channel.DefaultChannelPool - Entry count for : http://localhost:65523 : 1
10:45:19.394 [AsyncHttpClient-1-1] DEBUG org.asynchttpclient.netty.channel.DefaultChannelPool - Entry count for : http://localhost:65523 : 1
10:45:20.482 [AsyncHttpClient-1-1] DEBUG org.asynchttpclient.netty.channel.DefaultChannelPool - Entry count for : http://localhost:65523 : 1
10:45:21.581 [AsyncHttpClient-1-1] DEBUG org.asynchttpclient.netty.channel.DefaultChannelPool - Entry count for : http://localhost:65523 : 1
10:45:22.682 [AsyncHttpClient-1-1] DEBUG org.asynchttpclient.netty.channel.DefaultChannelPool - Entry count for : http://localhost:65523 : 1
10:45:23.783 [AsyncHttpClient-1-1] DEBUG org.asynchttpclient.netty.channel.DefaultChannelPool - Entry count for : http://localhost:65523 : 1
10:45:24.882 [AsyncHttpClient-1-1] DEBUG org.asynchttpclient.netty.channel.DefaultChannelPool - Entry count for : http://localhost:65523 : 1
10:45:25.989 [AsyncHttpClient-1-1] DEBUG org.asynchttpclient.netty.channel.DefaultChannelPool - Entry count for : http://localhost:65523 : 1
10:45:27.084 [AsyncHttpClient-1-1] DEBUG org.asynchttpclient.netty.channel.DefaultChannelPool - Entry count for : http://localhost:65523 : 1
10:45:28.182 [AsyncHttpClient-1-1] DEBUG org.asynchttpclient.netty.channel.DefaultChannelPool - Entry count for : http://localhost:65523 : 1
10:45:29.281 [AsyncHttpClient-1-1] DEBUG org.asynchttpclient.netty.channel.DefaultChannelPool - Entry count for : http://localhost:65523 : 1
10:45:30.382 [AsyncHttpClient-1-1] DEBUG org.asynchttpclient.netty.channel.DefaultChannelPool - Entry count for : http://localhost:65523 : 1
10:45:31.482 [AsyncHttpClient-1-1] DEBUG org.asynchttpclient.netty.channel.DefaultChannelPool - Entry count for : http://localhost:65523 : 1
10:45:32.585 [AsyncHttpClient-1-1] DEBUG org.asynchttpclient.netty.channel.DefaultChannelPool - Entry count for : http://localhost:65523 : 1
10:45:33.688 [AsyncHttpClient-1-1] DEBUG org.asynchttpclient.netty.channel.DefaultChannelPool - Entry count for : http://localhost:65523 : 1
10:45:34.782 [AsyncHttpClient-1-1] DEBUG org.asynchttpclient.netty.channel.DefaultChannelPool - Entry count for : http://localhost:65523 : 1
10:45:35.886 [AsyncHttpClient-1-1] DEBUG org.asynchttpclient.netty.channel.DefaultChannelPool - Entry count for : http://localhost:65523 : 1
10:45:35.886 [AsyncHttpClient-1-1] DEBUG org.asynchttpclient.netty.channel.DefaultChannelPool - Adding Candidate expired Channel [id: 0xa218e947, L:/127.0.0.1:65533 - R:localhost/127.0.0.1:65523] isIdleTimeoutExpired=true isRemotelyClosed=false isTtlExpired=false
10:45:35.886 [AsyncHttpClient-1-1] DEBUG org.asynchttpclient.netty.channel.DefaultChannelPool - Closing Idle Channel [id: 0xa218e947, L:/127.0.0.1:65533 - R:localhost/127.0.0.1:65523]
10:45:35.905 [AsyncHttpClient-1-1] DEBUG org.asynchttpclient.netty.channel.DefaultChannelPool - Closed 1 connections out of 1 in 19 ms
10:45:35.906 [AsyncHttpClient-1-3] DEBUG org.asynchttpclient.netty.handler.HttpHandler - Channel Closed: [id: 0xa218e947, L:/127.0.0.1:65533 ! R:localhost/127.0.0.1:65523] with attribute DISCARD
10:45:41.254 [AsyncHttpClient-1-2] DEBUG org.asynchttpclient.netty.handler.HttpHandler - 

Request DefaultHttpRequest(decodeResult: success, version: HTTP/1.1)
POST /session/8e993dd34ae12754681d2132b99a7779/url HTTP/1.1
User-Agent: selenium/4.8.2 (java windows)
Content-Length: 60
Content-Type: application/json; charset=utf-8
host: localhost:33210
accept: */*

Response DefaultHttpResponse(decodeResult: success, version: HTTP/1.1)
HTTP/1.1 200 OK
Content-Length: 14
Content-Type: application/json; charset=utf-8
cache-control: no-cache

10:45:41.255 [AsyncHttpClient-1-2] DEBUG org.asynchttpclient.netty.channel.ChannelManager - Adding key: http://localhost:33210 for channel [id: 0x82f498ed, L:/127.0.0.1:65521 - R:localhost/127.0.0.1:33210]
10:45:41.389 [AsyncHttpClient-1-1] DEBUG org.asynchttpclient.netty.channel.DefaultChannelPool - Entry count for : http://localhost:33210 : 1
10:45:42.482 [AsyncHttpClient-1-1] DEBUG org.asynchttpclient.netty.channel.DefaultChannelPool - Entry count for : http://localhost:33210 : 1
10:45:43.581 [AsyncHttpClient-1-1] DEBUG org.asynchttpclient.netty.channel.DefaultChannelPool - Entry count for : http://localhost:33210 : 1
10:45:44.681 [AsyncHttpClient-1-1] DEBUG org.asynchttpclient.netty.channel.DefaultChannelPool - Entry count for : http://localhost:33210 : 1
10:45:45.804 [AsyncHttpClient-1-1] DEBUG org.asynchttpclient.netty.channel.DefaultChannelPool - Entry count for : http://localhost:33210 : 1
10:45:46.891 [AsyncHttpClient-1-1] DEBUG org.asynchttpclient.netty.channel.DefaultChannelPool - Entry count for : http://localhost:33210 : 1
10:45:47.991 [AsyncHttpClient-1-1] DEBUG org.asynchttpclient.netty.channel.DefaultChannelPool - Entry count for : http://localhost:33210 : 1
10:45:49.085 [AsyncHttpClient-1-1] DEBUG org.asynchttpclient.netty.channel.DefaultChannelPool - Entry count for : http://localhost:33210 : 1
10:45:50.201 [AsyncHttpClient-1-1] DEBUG org.asynchttpclient.netty.channel.DefaultChannelPool - Entry count for : http://localhost:33210 : 1
10:45:51.301 [AsyncHttpClient-1-1] DEBUG org.asynchttpclient.netty.channel.DefaultChannelPool - Entry count for : http://localhost:33210 : 1
10:45:52.381 [AsyncHttpClient-1-1] DEBUG org.asynchttpclient.netty.channel.DefaultChannelPool - Entry count for : http://localhost:33210 : 1
10:45:52.781 [Forwarding findElement on session 8e993dd34ae12754681d2132b99a7779 to remote] DEBUG org.asynchttpclient.netty.request.NettyRequestSender - Using pooled Channel '[id: 0x82f498ed, L:/127.0.0.1:65521 - R:localhost/127.0.0.1:33210]' for 'POST' to 'http://localhost:33210/session/8e993dd34ae12754681d2132b99a7779/element'
10:45:52.781 [Forwarding findElement on session 8e993dd34ae12754681d2132b99a7779 to remote] DEBUG org.asynchttpclient.netty.request.NettyRequestSender - Using open Channel [id: 0x82f498ed, L:/127.0.0.1:65521 - R:localhost/127.0.0.1:33210] for POST '/session/8e993dd34ae12754681d2132b99a7779/element'
10:45:53.841 [AsyncHttpClient-1-2] DEBUG org.asynchttpclient.netty.handler.HttpHandler - 

Request DefaultHttpRequest(decodeResult: success, version: HTTP/1.1)
POST /session/8e993dd34ae12754681d2132b99a7779/element HTTP/1.1
User-Agent: selenium/4.8.2 (java windows)
Content-Length: 109
Content-Type: application/json; charset=utf-8
host: localhost:33210
accept: */*

Response DefaultHttpResponse(decodeResult: success, version: HTTP/1.1)
HTTP/1.1 200 OK
Content-Length: 95
Content-Type: application/json; charset=utf-8
cache-control: no-cache

10:45:53.841 [AsyncHttpClient-1-2] DEBUG org.asynchttpclient.netty.channel.ChannelManager - Adding key: http://localhost:33210 for channel [id: 0x82f498ed, L:/127.0.0.1:65521 - R:localhost/127.0.0.1:33210]
10:45:53.850 [Forwarding sendKeysToElement on session 8e993dd34ae12754681d2132b99a7779 to remote] DEBUG org.asynchttpclient.netty.request.NettyRequestSender - Using pooled Channel '[id: 0x82f498ed, L:/127.0.0.1:65521 - R:localhost/127.0.0.1:33210]' for 'POST' to 'http://localhost:33210/session/8e993dd34ae12754681d2132b99a7779/element/2D596CC08FCFADB814D512B23237F8A3_element_21/value'
10:45:53.850 [Forwarding sendKeysToElement on session 8e993dd34ae12754681d2132b99a7779 to remote] DEBUG org.asynchttpclient.netty.request.NettyRequestSender - Using open Channel [id: 0x82f498ed, L:/127.0.0.1:65521 - R:localhost/127.0.0.1:33210] for POST '/session/8e993dd34ae12754681d2132b99a7779/element/2D596CC08FCFADB814D512B23237F8A3_element_21/value'
10:45:56.026 [AsyncHttpClient-1-2] DEBUG org.asynchttpclient.netty.handler.HttpHandler - 

Request DefaultHttpRequest(decodeResult: success, version: HTTP/1.1)
POST /session/8e993dd34ae12754681d2132b99a7779/element/2D596CC08FCFADB814D512B23237F8A3_element_21/value HTTP/1.1
User-Agent: selenium/4.8.2 (java windows)
Content-Length: 388
Content-Type: application/json; charset=utf-8
host: localhost:33210
accept: */*

Response DefaultHttpResponse(decodeResult: success, version: HTTP/1.1)
HTTP/1.1 200 OK
Content-Length: 14
Content-Type: application/json; charset=utf-8
cache-control: no-cache

10:45:56.027 [AsyncHttpClient-1-2] DEBUG org.asynchttpclient.netty.channel.ChannelManager - Adding key: http://localhost:33210 for channel [id: 0x82f498ed, L:/127.0.0.1:65521 - R:localhost/127.0.0.1:33210]
10:45:56.035 [Forwarding findElement on session 8e993dd34ae12754681d2132b99a7779 to remote] DEBUG org.asynchttpclient.netty.request.NettyRequestSender - Using pooled Channel '[id: 0x82f498ed, L:/127.0.0.1:65521 - R:localhost/127.0.0.1:33210]' for 'POST' to 'http://localhost:33210/session/8e993dd34ae12754681d2132b99a7779/element'
10:45:56.036 [Forwarding findElement on session 8e993dd34ae12754681d2132b99a7779 to remote] DEBUG org.asynchttpclient.netty.request.NettyRequestSender - Using open Channel [id: 0x82f498ed, L:/127.0.0.1:65521 - R:localhost/127.0.0.1:33210] for POST '/session/8e993dd34ae12754681d2132b99a7779/element'
10:45:56.067 [AsyncHttpClient-1-2] DEBUG org.asynchttpclient.netty.handler.HttpHandler - 

Request DefaultHttpRequest(decodeResult: success, version: HTTP/1.1)
POST /session/8e993dd34ae12754681d2132b99a7779/element HTTP/1.1
User-Agent: selenium/4.8.2 (java windows)
Content-Length: 109
Content-Type: application/json; charset=utf-8
host: localhost:33210
accept: */*

Response DefaultHttpResponse(decodeResult: success, version: HTTP/1.1)
HTTP/1.1 200 OK
Content-Length: 95
Content-Type: application/json; charset=utf-8
cache-control: no-cache

10:45:56.067 [AsyncHttpClient-1-2] DEBUG org.asynchttpclient.netty.channel.ChannelManager - Adding key: http://localhost:33210 for channel [id: 0x82f498ed, L:/127.0.0.1:65521 - R:localhost/127.0.0.1:33210]
10:45:56.072 [Forwarding sendKeysToElement on session 8e993dd34ae12754681d2132b99a7779 to remote] DEBUG org.asynchttpclient.netty.request.NettyRequestSender - Using pooled Channel '[id: 0x82f498ed, L:/127.0.0.1:65521 - R:localhost/127.0.0.1:33210]' for 'POST' to 'http://localhost:33210/session/8e993dd34ae12754681d2132b99a7779/element/2D596CC08FCFADB814D512B23237F8A3_element_24/value'
10:45:56.072 [Forwarding sendKeysToElement on session 8e993dd34ae12754681d2132b99a7779 to remote] DEBUG org.asynchttpclient.netty.request.NettyRequestSender - Using open Channel [id: 0x82f498ed, L:/127.0.0.1:65521 - R:localhost/127.0.0.1:33210] for POST '/session/8e993dd34ae12754681d2132b99a7779/element/2D596CC08FCFADB814D512B23237F8A3_element_24/value'
10:45:56.287 [AsyncHttpClient-1-2] DEBUG org.asynchttpclient.netty.handler.HttpHandler - 

Request DefaultHttpRequest(decodeResult: success, version: HTTP/1.1)
POST /session/8e993dd34ae12754681d2132b99a7779/element/2D596CC08FCFADB814D512B23237F8A3_element_24/value HTTP/1.1
User-Agent: selenium/4.8.2 (java windows)
Content-Length: 158
Content-Type: application/json; charset=utf-8
host: localhost:33210
accept: */*

Response DefaultHttpResponse(decodeResult: success, version: HTTP/1.1)
HTTP/1.1 200 OK
Content-Length: 14
Content-Type: application/json; charset=utf-8
cache-control: no-cache

10:45:56.288 [AsyncHttpClient-1-2] DEBUG org.asynchttpclient.netty.channel.ChannelManager - Adding key: http://localhost:33210 for channel [id: 0x82f498ed, L:/127.0.0.1:65521 - R:localhost/127.0.0.1:33210]
10:45:56.293 [Forwarding findElement on session 8e993dd34ae12754681d2132b99a7779 to remote] DEBUG org.asynchttpclient.netty.request.NettyRequestSender - Using pooled Channel '[id: 0x82f498ed, L:/127.0.0.1:65521 - R:localhost/127.0.0.1:33210]' for 'POST' to 'http://localhost:33210/session/8e993dd34ae12754681d2132b99a7779/element'
10:45:56.293 [Forwarding findElement on session 8e993dd34ae12754681d2132b99a7779 to remote] DEBUG org.asynchttpclient.netty.request.NettyRequestSender - Using open Channel [id: 0x82f498ed, L:/127.0.0.1:65521 - R:localhost/127.0.0.1:33210] for POST '/session/8e993dd34ae12754681d2132b99a7779/element'
10:45:56.332 [AsyncHttpClient-1-2] DEBUG org.asynchttpclient.netty.handler.HttpHandler - 

Request DefaultHttpRequest(decodeResult: success, version: HTTP/1.1)
POST /session/8e993dd34ae12754681d2132b99a7779/element HTTP/1.1
User-Agent: selenium/4.8.2 (java windows)
Content-Length: 57
Content-Type: application/json; charset=utf-8
host: localhost:33210
accept: */*

Response DefaultHttpResponse(decodeResult: success, version: HTTP/1.1)
HTTP/1.1 200 OK
Content-Length: 95
Content-Type: application/json; charset=utf-8
cache-control: no-cache

10:45:56.333 [AsyncHttpClient-1-2] DEBUG org.asynchttpclient.netty.channel.ChannelManager - Adding key: http://localhost:33210 for channel [id: 0x82f498ed, L:/127.0.0.1:65521 - R:localhost/127.0.0.1:33210]
10:45:56.337 [Forwarding clickElement on session 8e993dd34ae12754681d2132b99a7779 to remote] DEBUG org.asynchttpclient.netty.request.NettyRequestSender - Using pooled Channel '[id: 0x82f498ed, L:/127.0.0.1:65521 - R:localhost/127.0.0.1:33210]' for 'POST' to 'http://localhost:33210/session/8e993dd34ae12754681d2132b99a7779/element/2D596CC08FCFADB814D512B23237F8A3_element_27/click'
10:45:56.338 [Forwarding clickElement on session 8e993dd34ae12754681d2132b99a7779 to remote] DEBUG org.asynchttpclient.netty.request.NettyRequestSender - Using open Channel [id: 0x82f498ed, L:/127.0.0.1:65521 - R:localhost/127.0.0.1:33210] for POST '/session/8e993dd34ae12754681d2132b99a7779/element/2D596CC08FCFADB814D512B23237F8A3_element_27/click'
10:45:56.791 [AsyncHttpClient-1-2] DEBUG org.asynchttpclient.netty.handler.HttpHandler - 

Request DefaultHttpRequest(decodeResult: success, version: HTTP/1.1)
POST /session/8e993dd34ae12754681d2132b99a7779/element/2D596CC08FCFADB814D512B23237F8A3_element_27/click HTTP/1.1
User-Agent: selenium/4.8.2 (java windows)
Content-Length: 57
Content-Type: application/json; charset=utf-8
host: localhost:33210
accept: */*

Response DefaultHttpResponse(decodeResult: success, version: HTTP/1.1)
HTTP/1.1 200 OK
Content-Length: 14
Content-Type: application/json; charset=utf-8
cache-control: no-cache

10:45:56.791 [AsyncHttpClient-1-2] DEBUG org.asynchttpclient.netty.channel.ChannelManager - Adding key: http://localhost:33210 for channel [id: 0x82f498ed, L:/127.0.0.1:65521 - R:localhost/127.0.0.1:33210]
10:45:57.887 [AsyncHttpClient-1-1] DEBUG org.asynchttpclient.netty.channel.DefaultChannelPool - Entry count for : http://localhost:33210 : 1
10:45:58.982 [AsyncHttpClient-1-1] DEBUG org.asynchttpclient.netty.channel.DefaultChannelPool - Entry count for : http://localhost:33210 : 1
10:46:00.090 [AsyncHttpClient-1-1] DEBUG org.asynchttpclient.netty.channel.DefaultChannelPool - Entry count for : http://localhost:33210 : 1
10:46:01.181 [AsyncHttpClient-1-1] DEBUG org.asynchttpclient.netty.channel.DefaultChannelPool - Entry count for : http://localhost:33210 : 1
10:46:02.282 [AsyncHttpClient-1-1] DEBUG org.asynchttpclient.netty.channel.DefaultChannelPool - Entry count for : http://localhost:33210 : 1
10:46:03.382 [AsyncHttpClient-1-1] DEBUG org.asynchttpclient.netty.channel.DefaultChannelPool - Entry count for : http://localhost:33210 : 1
10:46:04.481 [AsyncHttpClient-1-1] DEBUG org.asynchttpclient.netty.channel.DefaultChannelPool - Entry count for : http://localhost:33210 : 1
10:46:05.589 [AsyncHttpClient-1-1] DEBUG org.asynchttpclient.netty.channel.DefaultChannelPool - Entry count for : http://localhost:33210 : 1
10:46:06.682 [AsyncHttpClient-1-1] DEBUG org.asynchttpclient.netty.channel.DefaultChannelPool - Entry count for : http://localhost:33210 : 1
10:46:07.781 [AsyncHttpClient-1-1] DEBUG org.asynchttpclient.netty.channel.DefaultChannelPool - Entry count for : http://localhost:33210 : 1
10:46:07.792 [Forwarding findElement on session 8e993dd34ae12754681d2132b99a7779 to remote] DEBUG org.asynchttpclient.netty.request.NettyRequestSender - Using pooled Channel '[id: 0x82f498ed, L:/127.0.0.1:65521 - R:localhost/127.0.0.1:33210]' for 'POST' to 'http://localhost:33210/session/8e993dd34ae12754681d2132b99a7779/element'
10:46:07.792 [Forwarding findElement on session 8e993dd34ae12754681d2132b99a7779 to remote] DEBUG org.asynchttpclient.netty.request.NettyRequestSender - Using open Channel [id: 0x82f498ed, L:/127.0.0.1:65521 - R:localhost/127.0.0.1:33210] for POST '/session/8e993dd34ae12754681d2132b99a7779/element'
10:46:08.031 [AsyncHttpClient-1-2] DEBUG org.asynchttpclient.netty.handler.HttpHandler - 

Request DefaultHttpRequest(decodeResult: success, version: HTTP/1.1)
POST /session/8e993dd34ae12754681d2132b99a7779/element HTTP/1.1
User-Agent: selenium/4.8.2 (java windows)
Content-Length: 126
Content-Type: application/json; charset=utf-8
host: localhost:33210
accept: */*

Response DefaultHttpResponse(decodeResult: success, version: HTTP/1.1)
HTTP/1.1 200 OK
Content-Length: 95
Content-Type: application/json; charset=utf-8
cache-control: no-cache

10:46:08.031 [AsyncHttpClient-1-2] DEBUG org.asynchttpclient.netty.channel.ChannelManager - Adding key: http://localhost:33210 for channel [id: 0x82f498ed, L:/127.0.0.1:65521 - R:localhost/127.0.0.1:33210]
10:46:08.031 [Forwarding clickElement on session 8e993dd34ae12754681d2132b99a7779 to remote] DEBUG org.asynchttpclient.netty.request.NettyRequestSender - Using pooled Channel '[id: 0x82f498ed, L:/127.0.0.1:65521 - R:localhost/127.0.0.1:33210]' for 'POST' to 'http://localhost:33210/session/8e993dd34ae12754681d2132b99a7779/element/2D596CC08FCFADB814D512B23237F8A3_element_56/click'
10:46:08.031 [Forwarding clickElement on session 8e993dd34ae12754681d2132b99a7779 to remote] DEBUG org.asynchttpclient.netty.request.NettyRequestSender - Using open Channel [id: 0x82f498ed, L:/127.0.0.1:65521 - R:localhost/127.0.0.1:33210] for POST '/session/8e993dd34ae12754681d2132b99a7779/element/2D596CC08FCFADB814D512B23237F8A3_element_56/click'
10:46:08.228 [AsyncHttpClient-1-2] DEBUG org.asynchttpclient.netty.handler.HttpHandler - 

Request DefaultHttpRequest(decodeResult: success, version: HTTP/1.1)
POST /session/8e993dd34ae12754681d2132b99a7779/element/2D596CC08FCFADB814D512B23237F8A3_element_56/click HTTP/1.1
User-Agent: selenium/4.8.2 (java windows)
Content-Length: 57
Content-Type: application/json; charset=utf-8
host: localhost:33210
accept: */*

Response DefaultHttpResponse(decodeResult: success, version: HTTP/1.1)
HTTP/1.1 200 OK
Content-Length: 14
Content-Type: application/json; charset=utf-8
cache-control: no-cache

10:46:08.229 [AsyncHttpClient-1-2] DEBUG org.asynchttpclient.netty.channel.ChannelManager - Adding key: http://localhost:33210 for channel [id: 0x82f498ed, L:/127.0.0.1:65521 - R:localhost/127.0.0.1:33210]
10:46:08.882 [AsyncHttpClient-1-1] DEBUG org.asynchttpclient.netty.channel.DefaultChannelPool - Entry count for : http://localhost:33210 : 1
10:46:09.981 [AsyncHttpClient-1-1] DEBUG org.asynchttpclient.netty.channel.DefaultChannelPool - Entry count for : http://localhost:33210 : 1
10:46:11.091 [AsyncHttpClient-1-1] DEBUG org.asynchttpclient.netty.channel.DefaultChannelPool - Entry count for : http://localhost:33210 : 1
10:46:12.191 [AsyncHttpClient-1-1] DEBUG org.asynchttpclient.netty.channel.DefaultChannelPool - Entry count for : http://localhost:33210 : 1
10:46:13.282 [AsyncHttpClient-1-1] DEBUG org.asynchttpclient.netty.channel.DefaultChannelPool - Entry count for : http://localhost:33210 : 1
10:46:14.387 [AsyncHttpClient-1-1] DEBUG org.asynchttpclient.netty.channel.DefaultChannelPool - Entry count for : http://localhost:33210 : 1
10:46:15.492 [AsyncHttpClient-1-1] DEBUG org.asynchttpclient.netty.channel.DefaultChannelPool - Entry count for : http://localhost:33210 : 1
10:46:16.581 [AsyncHttpClient-1-1] DEBUG org.asynchttpclient.netty.channel.DefaultChannelPool - Entry count for : http://localhost:33210 : 1
10:46:17.681 [AsyncHttpClient-1-1] DEBUG org.asynchttpclient.netty.channel.DefaultChannelPool - Entry count for : http://localhost:33210 : 1
10:46:18.781 [AsyncHttpClient-1-1] DEBUG org.asynchttpclient.netty.channel.DefaultChannelPool - Entry count for : http://localhost:33210 : 1
10:46:19.237 [Forwarding getCurrentUrl on session 8e993dd34ae12754681d2132b99a7779 to remote] DEBUG org.asynchttpclient.netty.request.NettyRequestSender - Using pooled Channel '[id: 0x82f498ed, L:/127.0.0.1:65521 - R:localhost/127.0.0.1:33210]' for 'GET' to 'http://localhost:33210/session/8e993dd34ae12754681d2132b99a7779/url'
10:46:19.237 [Forwarding getCurrentUrl on session 8e993dd34ae12754681d2132b99a7779 to remote] DEBUG org.asynchttpclient.netty.request.NettyRequestSender - Using open Channel [id: 0x82f498ed, L:/127.0.0.1:65521 - R:localhost/127.0.0.1:33210] for GET '/session/8e993dd34ae12754681d2132b99a7779/url'
10:46:20.461 [AsyncHttpClient-1-2] DEBUG org.asynchttpclient.netty.handler.HttpHandler - 

Request DefaultFullHttpRequest(decodeResult: success, version: HTTP/1.1, content: EmptyByteBufBE)
GET /session/8e993dd34ae12754681d2132b99a7779/url HTTP/1.1
User-Agent: selenium/4.8.2 (java windows)
Cache-Control: no-cache
Content-Type: application/json; charset=utf-8
host: localhost:33210
accept: */*

Response DefaultHttpResponse(decodeResult: success, version: HTTP/1.1)
HTTP/1.1 200 OK
Content-Length: 57
Content-Type: application/json; charset=utf-8
cache-control: no-cache

10:46:20.461 [AsyncHttpClient-1-2] DEBUG org.asynchttpclient.netty.channel.ChannelManager - Adding key: http://localhost:33210 for channel [id: 0x82f498ed, L:/127.0.0.1:65521 - R:localhost/127.0.0.1:33210]
10:46:20.981 [AsyncHttpClient-1-1] DEBUG org.asynchttpclient.netty.channel.DefaultChannelPool - Entry count for : http://localhost:33210 : 1
10:46:22.091 [AsyncHttpClient-1-1] DEBUG org.asynchttpclient.netty.channel.DefaultChannelPool - Entry count for : http://localhost:33210 : 1
10:46:23.190 [AsyncHttpClient-1-1] DEBUG org.asynchttpclient.netty.channel.DefaultChannelPool - Entry count for : http://localhost:33210 : 1
10:46:24.289 [AsyncHttpClient-1-1] DEBUG org.asynchttpclient.netty.channel.DefaultChannelPool - Entry count for : http://localhost:33210 : 1
10:46:25.387 [AsyncHttpClient-1-1] DEBUG org.asynchttpclient.netty.channel.DefaultChannelPool - Entry count for : http://localhost:33210 : 1
10:46:26.487 [AsyncHttpClient-1-1] DEBUG org.asynchttpclient.netty.channel.DefaultChannelPool - Entry count for : http://localhost:33210 : 1
10:46:27.585 [AsyncHttpClient-1-1] DEBUG org.asynchttpclient.netty.channel.DefaultChannelPool - Entry count for : http://localhost:33210 : 1
10:46:28.685 [AsyncHttpClient-1-1] DEBUG org.asynchttpclient.netty.channel.DefaultChannelPool - Entry count for : http://localhost:33210 : 1
10:46:29.787 [AsyncHttpClient-1-1] DEBUG org.asynchttpclient.netty.channel.DefaultChannelPool - Entry count for : http://localhost:33210 : 1
10:46:30.884 [AsyncHttpClient-1-1] DEBUG org.asynchttpclient.netty.channel.DefaultChannelPool - Entry count for : http://localhost:33210 : 1
10:46:32.001 [AsyncHttpClient-1-1] DEBUG org.asynchttpclient.netty.channel.DefaultChannelPool - Entry count for : http://localhost:33210 : 1
10:46:33.083 [AsyncHttpClient-1-1] DEBUG org.asynchttpclient.netty.channel.DefaultChannelPool - Entry count for : http://localhost:33210 : 1
10:46:34.185 [AsyncHttpClient-1-1] DEBUG org.asynchttpclient.netty.channel.DefaultChannelPool - Entry count for : http://localhost:33210 : 1
10:46:35.301 [AsyncHttpClient-1-1] DEBUG org.asynchttpclient.netty.channel.DefaultChannelPool - Entry count for : http://localhost:33210 : 1
10:46:36.041 [Forwarding findElement on session 8e993dd34ae12754681d2132b99a7779 to remote] DEBUG org.asynchttpclient.netty.request.NettyRequestSender - Using pooled Channel '[id: 0x82f498ed, L:/127.0.0.1:65521 - R:localhost/127.0.0.1:33210]' for 'POST' to 'http://localhost:33210/session/8e993dd34ae12754681d2132b99a7779/element'
10:46:36.041 [Forwarding findElement on session 8e993dd34ae12754681d2132b99a7779 to remote] DEBUG org.asynchttpclient.netty.request.NettyRequestSender - Using open Channel [id: 0x82f498ed, L:/127.0.0.1:65521 - R:localhost/127.0.0.1:33210] for POST '/session/8e993dd34ae12754681d2132b99a7779/element'
10:46:36.066 [AsyncHttpClient-1-2] DEBUG org.asynchttpclient.netty.handler.HttpHandler - 

Request DefaultHttpRequest(decodeResult: success, version: HTTP/1.1)
POST /session/8e993dd34ae12754681d2132b99a7779/element HTTP/1.1
User-Agent: selenium/4.8.2 (java windows)
Content-Length: 61
Content-Type: application/json; charset=utf-8
host: localhost:33210
accept: */*

Response DefaultHttpResponse(decodeResult: success, version: HTTP/1.1)
HTTP/1.1 200 OK
Content-Length: 96
Content-Type: application/json; charset=utf-8
cache-control: no-cache

10:46:36.071 [AsyncHttpClient-1-2] DEBUG org.asynchttpclient.netty.channel.ChannelManager - Adding key: http://localhost:33210 for channel [id: 0x82f498ed, L:/127.0.0.1:65521 - R:localhost/127.0.0.1:33210]
10:46:36.073 [Forwarding clickElement on session 8e993dd34ae12754681d2132b99a7779 to remote] DEBUG org.asynchttpclient.netty.request.NettyRequestSender - Using pooled Channel '[id: 0x82f498ed, L:/127.0.0.1:65521 - R:localhost/127.0.0.1:33210]' for 'POST' to 'http://localhost:33210/session/8e993dd34ae12754681d2132b99a7779/element/2D596CC08FCFADB814D512B23237F8A3_element_105/click'
10:46:36.073 [Forwarding clickElement on session 8e993dd34ae12754681d2132b99a7779 to remote] DEBUG org.asynchttpclient.netty.request.NettyRequestSender - Using open Channel [id: 0x82f498ed, L:/127.0.0.1:65521 - R:localhost/127.0.0.1:33210] for POST '/session/8e993dd34ae12754681d2132b99a7779/element/2D596CC08FCFADB814D512B23237F8A3_element_105/click'
10:46:36.225 [AsyncHttpClient-1-2] DEBUG org.asynchttpclient.netty.handler.HttpHandler - 

Request DefaultHttpRequest(decodeResult: success, version: HTTP/1.1)
POST /session/8e993dd34ae12754681d2132b99a7779/element/2D596CC08FCFADB814D512B23237F8A3_element_105/click HTTP/1.1
User-Agent: selenium/4.8.2 (java windows)
Content-Length: 58
Content-Type: application/json; charset=utf-8
host: localhost:33210
accept: */*

Response DefaultHttpResponse(decodeResult: success, version: HTTP/1.1)
HTTP/1.1 200 OK
Content-Length: 14
Content-Type: application/json; charset=utf-8
cache-control: no-cache

10:46:36.225 [AsyncHttpClient-1-2] DEBUG org.asynchttpclient.netty.channel.ChannelManager - Adding key: http://localhost:33210 for channel [id: 0x82f498ed, L:/127.0.0.1:65521 - R:localhost/127.0.0.1:33210]
10:46:36.296 [Forwarding findElement on session 8e993dd34ae12754681d2132b99a7779 to remote] DEBUG org.asynchttpclient.netty.request.NettyRequestSender - Using pooled Channel '[id: 0x82f498ed, L:/127.0.0.1:65521 - R:localhost/127.0.0.1:33210]' for 'POST' to 'http://localhost:33210/session/8e993dd34ae12754681d2132b99a7779/element'
10:46:36.296 [Forwarding findElement on session 8e993dd34ae12754681d2132b99a7779 to remote] DEBUG org.asynchttpclient.netty.request.NettyRequestSender - Using open Channel [id: 0x82f498ed, L:/127.0.0.1:65521 - R:localhost/127.0.0.1:33210] for POST '/session/8e993dd34ae12754681d2132b99a7779/element'
10:46:36.311 [AsyncHttpClient-1-2] DEBUG org.asynchttpclient.netty.handler.HttpHandler - 

Request DefaultHttpRequest(decodeResult: success, version: HTTP/1.1)
POST /session/8e993dd34ae12754681d2132b99a7779/element HTTP/1.1
User-Agent: selenium/4.8.2 (java windows)
Content-Length: 61
Content-Type: application/json; charset=utf-8
host: localhost:33210
accept: */*

Response DefaultHttpResponse(decodeResult: success, version: HTTP/1.1)
HTTP/1.1 200 OK
Content-Length: 96
Content-Type: application/json; charset=utf-8
cache-control: no-cache

10:46:36.311 [AsyncHttpClient-1-2] DEBUG org.asynchttpclient.netty.channel.ChannelManager - Adding key: http://localhost:33210 for channel [id: 0x82f498ed, L:/127.0.0.1:65521 - R:localhost/127.0.0.1:33210]
10:46:36.316 [Forwarding sendKeysToElement on session 8e993dd34ae12754681d2132b99a7779 to remote] DEBUG org.asynchttpclient.netty.request.NettyRequestSender - Using pooled Channel '[id: 0x82f498ed, L:/127.0.0.1:65521 - R:localhost/127.0.0.1:33210]' for 'POST' to 'http://localhost:33210/session/8e993dd34ae12754681d2132b99a7779/element/2D596CC08FCFADB814D512B23237F8A3_element_105/value'
10:46:36.316 [Forwarding sendKeysToElement on session 8e993dd34ae12754681d2132b99a7779 to remote] DEBUG org.asynchttpclient.netty.request.NettyRequestSender - Using open Channel [id: 0x82f498ed, L:/127.0.0.1:65521 - R:localhost/127.0.0.1:33210] for POST '/session/8e993dd34ae12754681d2132b99a7779/element/2D596CC08FCFADB814D512B23237F8A3_element_105/value'
10:46:36.430 [AsyncHttpClient-1-2] DEBUG org.asynchttpclient.netty.handler.HttpHandler - 

Request DefaultHttpRequest(decodeResult: success, version: HTTP/1.1)
POST /session/8e993dd34ae12754681d2132b99a7779/element/2D596CC08FCFADB814D512B23237F8A3_element_105/value HTTP/1.1
User-Agent: selenium/4.8.2 (java windows)
Content-Length: 113
Content-Type: application/json; charset=utf-8
host: localhost:33210
accept: */*

Response DefaultHttpResponse(decodeResult: success, version: HTTP/1.1)
HTTP/1.1 200 OK
Content-Length: 14
Content-Type: application/json; charset=utf-8
cache-control: no-cache

10:46:36.431 [AsyncHttpClient-1-2] DEBUG org.asynchttpclient.netty.channel.ChannelManager - Adding key: http://localhost:33210 for channel [id: 0x82f498ed, L:/127.0.0.1:65521 - R:localhost/127.0.0.1:33210]
10:46:36.433 [Forwarding findElement on session 8e993dd34ae12754681d2132b99a7779 to remote] DEBUG org.asynchttpclient.netty.request.NettyRequestSender - Using pooled Channel '[id: 0x82f498ed, L:/127.0.0.1:65521 - R:localhost/127.0.0.1:33210]' for 'POST' to 'http://localhost:33210/session/8e993dd34ae12754681d2132b99a7779/element'
10:46:36.434 [Forwarding findElement on session 8e993dd34ae12754681d2132b99a7779 to remote] DEBUG org.asynchttpclient.netty.request.NettyRequestSender - Using open Channel [id: 0x82f498ed, L:/127.0.0.1:65521 - R:localhost/127.0.0.1:33210] for POST '/session/8e993dd34ae12754681d2132b99a7779/element'
10:46:36.485 [AsyncHttpClient-1-2] DEBUG org.asynchttpclient.netty.handler.HttpHandler - 

Request DefaultHttpRequest(decodeResult: success, version: HTTP/1.1)
POST /session/8e993dd34ae12754681d2132b99a7779/element HTTP/1.1
User-Agent: selenium/4.8.2 (java windows)
Content-Length: 61
Content-Type: application/json; charset=utf-8
host: localhost:33210
accept: */*

Response DefaultHttpResponse(decodeResult: success, version: HTTP/1.1)
HTTP/1.1 200 OK
Content-Length: 96
Content-Type: application/json; charset=utf-8
cache-control: no-cache

10:46:36.485 [AsyncHttpClient-1-2] DEBUG org.asynchttpclient.netty.channel.ChannelManager - Adding key: http://localhost:33210 for channel [id: 0x82f498ed, L:/127.0.0.1:65521 - R:localhost/127.0.0.1:33210]
10:46:36.490 [Forwarding sendKeysToElement on session 8e993dd34ae12754681d2132b99a7779 to remote] DEBUG org.asynchttpclient.netty.request.NettyRequestSender - Using pooled Channel '[id: 0x82f498ed, L:/127.0.0.1:65521 - R:localhost/127.0.0.1:33210]' for 'POST' to 'http://localhost:33210/session/8e993dd34ae12754681d2132b99a7779/element/2D596CC08FCFADB814D512B23237F8A3_element_105/value'
10:46:36.490 [Forwarding sendKeysToElement on session 8e993dd34ae12754681d2132b99a7779 to remote] DEBUG org.asynchttpclient.netty.request.NettyRequestSender - Using open Channel [id: 0x82f498ed, L:/127.0.0.1:65521 - R:localhost/127.0.0.1:33210] for POST '/session/8e993dd34ae12754681d2132b99a7779/element/2D596CC08FCFADB814D512B23237F8A3_element_105/value'
10:46:37.399 [AsyncHttpClient-1-2] DEBUG org.asynchttpclient.netty.handler.HttpHandler - 

Request DefaultHttpRequest(decodeResult: success, version: HTTP/1.1)
POST /session/8e993dd34ae12754681d2132b99a7779/element/2D596CC08FCFADB814D512B23237F8A3_element_105/value HTTP/1.1
User-Agent: selenium/4.8.2 (java windows)
Content-Length: 103
Content-Type: application/json; charset=utf-8
host: localhost:33210
accept: */*

Response DefaultHttpResponse(decodeResult: success, version: HTTP/1.1)
HTTP/1.1 200 OK
Content-Length: 14
Content-Type: application/json; charset=utf-8
cache-control: no-cache

10:46:37.400 [AsyncHttpClient-1-2] DEBUG org.asynchttpclient.netty.channel.ChannelManager - Adding key: http://localhost:33210 for channel [id: 0x82f498ed, L:/127.0.0.1:65521 - R:localhost/127.0.0.1:33210]
10:46:37.403 [Forwarding findElement on session 8e993dd34ae12754681d2132b99a7779 to remote] DEBUG org.asynchttpclient.netty.request.NettyRequestSender - Using pooled Channel '[id: 0x82f498ed, L:/127.0.0.1:65521 - R:localhost/127.0.0.1:33210]' for 'POST' to 'http://localhost:33210/session/8e993dd34ae12754681d2132b99a7779/element'
10:46:37.403 [Forwarding findElement on session 8e993dd34ae12754681d2132b99a7779 to remote] DEBUG org.asynchttpclient.netty.request.NettyRequestSender - Using open Channel [id: 0x82f498ed, L:/127.0.0.1:65521 - R:localhost/127.0.0.1:33210] for POST '/session/8e993dd34ae12754681d2132b99a7779/element'
10:46:37.417 [AsyncHttpClient-1-2] DEBUG org.asynchttpclient.netty.handler.HttpHandler - 

Request DefaultHttpRequest(decodeResult: success, version: HTTP/1.1)
POST /session/8e993dd34ae12754681d2132b99a7779/element HTTP/1.1
User-Agent: selenium/4.8.2 (java windows)
Content-Length: 61
Content-Type: application/json; charset=utf-8
host: localhost:33210
accept: */*

Response DefaultHttpResponse(decodeResult: success, version: HTTP/1.1)
HTTP/1.1 200 OK
Content-Length: 96
Content-Type: application/json; charset=utf-8
cache-control: no-cache

10:46:37.418 [AsyncHttpClient-1-2] DEBUG org.asynchttpclient.netty.channel.ChannelManager - Adding key: http://localhost:33210 for channel [id: 0x82f498ed, L:/127.0.0.1:65521 - R:localhost/127.0.0.1:33210]
10:46:37.420 [Forwarding clickElement on session 8e993dd34ae12754681d2132b99a7779 to remote] DEBUG org.asynchttpclient.netty.request.NettyRequestSender - Using pooled Channel '[id: 0x82f498ed, L:/127.0.0.1:65521 - R:localhost/127.0.0.1:33210]' for 'POST' to 'http://localhost:33210/session/8e993dd34ae12754681d2132b99a7779/element/2D596CC08FCFADB814D512B23237F8A3_element_105/click'
10:46:37.420 [Forwarding clickElement on session 8e993dd34ae12754681d2132b99a7779 to remote] DEBUG org.asynchttpclient.netty.request.NettyRequestSender - Using open Channel [id: 0x82f498ed, L:/127.0.0.1:65521 - R:localhost/127.0.0.1:33210] for POST '/session/8e993dd34ae12754681d2132b99a7779/element/2D596CC08FCFADB814D512B23237F8A3_element_105/click'
10:46:37.484 [AsyncHttpClient-1-2] DEBUG org.asynchttpclient.netty.handler.HttpHandler - 

Request DefaultHttpRequest(decodeResult: success, version: HTTP/1.1)
POST /session/8e993dd34ae12754681d2132b99a7779/element/2D596CC08FCFADB814D512B23237F8A3_element_105/click HTTP/1.1
User-Agent: selenium/4.8.2 (java windows)
Content-Length: 58
Content-Type: application/json; charset=utf-8
host: localhost:33210
accept: */*

Response DefaultHttpResponse(decodeResult: success, version: HTTP/1.1)
HTTP/1.1 200 OK
Content-Length: 14
Content-Type: application/json; charset=utf-8
cache-control: no-cache

10:46:37.484 [AsyncHttpClient-1-2] DEBUG org.asynchttpclient.netty.channel.ChannelManager - Adding key: http://localhost:33210 for channel [id: 0x82f498ed, L:/127.0.0.1:65521 - R:localhost/127.0.0.1:33210]
10:46:37.486 [Forwarding findElement on session 8e993dd34ae12754681d2132b99a7779 to remote] DEBUG org.asynchttpclient.netty.request.NettyRequestSender - Using pooled Channel '[id: 0x82f498ed, L:/127.0.0.1:65521 - R:localhost/127.0.0.1:33210]' for 'POST' to 'http://localhost:33210/session/8e993dd34ae12754681d2132b99a7779/element'
10:46:37.486 [Forwarding findElement on session 8e993dd34ae12754681d2132b99a7779 to remote] DEBUG org.asynchttpclient.netty.request.NettyRequestSender - Using open Channel [id: 0x82f498ed, L:/127.0.0.1:65521 - R:localhost/127.0.0.1:33210] for POST '/session/8e993dd34ae12754681d2132b99a7779/element'
10:46:37.499 [AsyncHttpClient-1-2] DEBUG org.asynchttpclient.netty.handler.HttpHandler - 

Request DefaultHttpRequest(decodeResult: success, version: HTTP/1.1)
POST /session/8e993dd34ae12754681d2132b99a7779/element HTTP/1.1
User-Agent: selenium/4.8.2 (java windows)
Content-Length: 61
Content-Type: application/json; charset=utf-8
host: localhost:33210
accept: */*

Response DefaultHttpResponse(decodeResult: success, version: HTTP/1.1)
HTTP/1.1 200 OK
Content-Length: 96
Content-Type: application/json; charset=utf-8
cache-control: no-cache

10:46:37.499 [AsyncHttpClient-1-2] DEBUG org.asynchttpclient.netty.channel.ChannelManager - Adding key: http://localhost:33210 for channel [id: 0x82f498ed, L:/127.0.0.1:65521 - R:localhost/127.0.0.1:33210]
10:46:37.504 [Forwarding sendKeysToElement on session 8e993dd34ae12754681d2132b99a7779 to remote] DEBUG org.asynchttpclient.netty.request.NettyRequestSender - Using pooled Channel '[id: 0x82f498ed, L:/127.0.0.1:65521 - R:localhost/127.0.0.1:33210]' for 'POST' to 'http://localhost:33210/session/8e993dd34ae12754681d2132b99a7779/element/2D596CC08FCFADB814D512B23237F8A3_element_105/value'
10:46:37.504 [Forwarding sendKeysToElement on session 8e993dd34ae12754681d2132b99a7779 to remote] DEBUG org.asynchttpclient.netty.request.NettyRequestSender - Using open Channel [id: 0x82f498ed, L:/127.0.0.1:65521 - R:localhost/127.0.0.1:33210] for POST '/session/8e993dd34ae12754681d2132b99a7779/element/2D596CC08FCFADB814D512B23237F8A3_element_105/value'
10:46:37.754 [AsyncHttpClient-1-2] DEBUG org.asynchttpclient.netty.handler.HttpHandler - 

Request DefaultHttpRequest(decodeResult: success, version: HTTP/1.1)
POST /session/8e993dd34ae12754681d2132b99a7779/element/2D596CC08FCFADB814D512B23237F8A3_element_105/value HTTP/1.1
User-Agent: selenium/4.8.2 (java windows)
Content-Length: 149
Content-Type: application/json; charset=utf-8
host: localhost:33210
accept: */*

Response DefaultHttpResponse(decodeResult: success, version: HTTP/1.1)
HTTP/1.1 200 OK
Content-Length: 14
Content-Type: application/json; charset=utf-8
cache-control: no-cache

10:46:37.754 [AsyncHttpClient-1-2] DEBUG org.asynchttpclient.netty.channel.ChannelManager - Adding key: http://localhost:33210 for channel [id: 0x82f498ed, L:/127.0.0.1:65521 - R:localhost/127.0.0.1:33210]
10:46:37.757 [Forwarding findElement on session 8e993dd34ae12754681d2132b99a7779 to remote] DEBUG org.asynchttpclient.netty.request.NettyRequestSender - Using pooled Channel '[id: 0x82f498ed, L:/127.0.0.1:65521 - R:localhost/127.0.0.1:33210]' for 'POST' to 'http://localhost:33210/session/8e993dd34ae12754681d2132b99a7779/element'
10:46:37.757 [Forwarding findElement on session 8e993dd34ae12754681d2132b99a7779 to remote] DEBUG org.asynchttpclient.netty.request.NettyRequestSender - Using open Channel [id: 0x82f498ed, L:/127.0.0.1:65521 - R:localhost/127.0.0.1:33210] for POST '/session/8e993dd34ae12754681d2132b99a7779/element'
10:46:37.794 [AsyncHttpClient-1-2] DEBUG org.asynchttpclient.netty.handler.HttpHandler - 

Request DefaultHttpRequest(decodeResult: success, version: HTTP/1.1)
POST /session/8e993dd34ae12754681d2132b99a7779/element HTTP/1.1
User-Agent: selenium/4.8.2 (java windows)
Content-Length: 61
Content-Type: application/json; charset=utf-8
host: localhost:33210
accept: */*

Response DefaultHttpResponse(decodeResult: success, version: HTTP/1.1)
HTTP/1.1 200 OK
Content-Length: 96
Content-Type: application/json; charset=utf-8
cache-control: no-cache

10:46:37.795 [AsyncHttpClient-1-2] DEBUG org.asynchttpclient.netty.channel.ChannelManager - Adding key: http://localhost:33210 for channel [id: 0x82f498ed, L:/127.0.0.1:65521 - R:localhost/127.0.0.1:33210]
10:46:37.906 [Forwarding getElementAttribute on session 8e993dd34ae12754681d2132b99a7779 to remote] DEBUG org.asynchttpclient.netty.request.NettyRequestSender - Using pooled Channel '[id: 0x82f498ed, L:/127.0.0.1:65521 - R:localhost/127.0.0.1:33210]' for 'POST' to 'http://localhost:33210/session/8e993dd34ae12754681d2132b99a7779/execute/sync'
10:46:37.906 [Forwarding getElementAttribute on session 8e993dd34ae12754681d2132b99a7779 to remote] DEBUG org.asynchttpclient.netty.request.NettyRequestSender - Using open Channel [id: 0x82f498ed, L:/127.0.0.1:65521 - R:localhost/127.0.0.1:33210] for POST '/session/8e993dd34ae12754681d2132b99a7779/execute/sync'
10:46:38.022 [AsyncHttpClient-1-2] DEBUG org.asynchttpclient.netty.handler.HttpHandler - 

Request DefaultHttpRequest(decodeResult: success, version: HTTP/1.1)
POST /session/8e993dd34ae12754681d2132b99a7779/execute/sync HTTP/1.1
User-Agent: selenium/4.8.2 (java windows)
Content-Length: 47376
Content-Type: application/json; charset=utf-8
host: localhost:33210
accept: */*

Response DefaultHttpResponse(decodeResult: success, version: HTTP/1.1)
HTTP/1.1 200 OK
Content-Length: 22
Content-Type: application/json; charset=utf-8
cache-control: no-cache

10:46:38.022 [AsyncHttpClient-1-2] DEBUG org.asynchttpclient.netty.channel.ChannelManager - Adding key: http://localhost:33210 for channel [id: 0x82f498ed, L:/127.0.0.1:65521 - R:localhost/127.0.0.1:33210]
10:46:38.581 [AsyncHttpClient-1-1] DEBUG org.asynchttpclient.netty.channel.DefaultChannelPool - Entry count for : http://localhost:33210 : 1
10:46:39.690 [AsyncHttpClient-1-1] DEBUG org.asynchttpclient.netty.channel.DefaultChannelPool - Entry count for : http://localhost:33210 : 1
10:46:40.782 [AsyncHttpClient-1-1] DEBUG org.asynchttpclient.netty.channel.DefaultChannelPool - Entry count for : http://localhost:33210 : 1
10:46:41.884 [AsyncHttpClient-1-1] DEBUG org.asynchttpclient.netty.channel.DefaultChannelPool - Entry count for : http://localhost:33210 : 1
10:46:42.987 [AsyncHttpClient-1-1] DEBUG org.asynchttpclient.netty.channel.DefaultChannelPool - Entry count for : http://localhost:33210 : 1
10:46:44.082 [AsyncHttpClient-1-1] DEBUG org.asynchttpclient.netty.channel.DefaultChannelPool - Entry count for : http://localhost:33210 : 1
10:46:45.185 [AsyncHttpClient-1-1] DEBUG org.asynchttpclient.netty.channel.DefaultChannelPool - Entry count for : http://localhost:33210 : 1
10:46:46.282 [AsyncHttpClient-1-1] DEBUG org.asynchttpclient.netty.channel.DefaultChannelPool - Entry count for : http://localhost:33210 : 1
10:46:47.381 [AsyncHttpClient-1-1] DEBUG org.asynchttpclient.netty.channel.DefaultChannelPool - Entry count for : http://localhost:33210 : 1
10:46:48.484 [AsyncHttpClient-1-1] DEBUG org.asynchttpclient.netty.channel.DefaultChannelPool - Entry count for : http://localhost:33210 : 1
10:46:49.582 [AsyncHttpClient-1-1] DEBUG org.asynchttpclient.netty.channel.DefaultChannelPool - Entry count for : http://localhost:33210 : 1
10:46:50.048 [Forwarding findElement on session 8e993dd34ae12754681d2132b99a7779 to remote] DEBUG org.asynchttpclient.netty.request.NettyRequestSender - Using pooled Channel '[id: 0x82f498ed, L:/127.0.0.1:65521 - R:localhost/127.0.0.1:33210]' for 'POST' to 'http://localhost:33210/session/8e993dd34ae12754681d2132b99a7779/element'
10:46:50.048 [Forwarding findElement on session 8e993dd34ae12754681d2132b99a7779 to remote] DEBUG org.asynchttpclient.netty.request.NettyRequestSender - Using open Channel [id: 0x82f498ed, L:/127.0.0.1:65521 - R:localhost/127.0.0.1:33210] for POST '/session/8e993dd34ae12754681d2132b99a7779/element'
10:46:50.063 [AsyncHttpClient-1-2] DEBUG org.asynchttpclient.netty.handler.HttpHandler - 

Request DefaultHttpRequest(decodeResult: success, version: HTTP/1.1)
POST /session/8e993dd34ae12754681d2132b99a7779/element HTTP/1.1
User-Agent: selenium/4.8.2 (java windows)
Content-Length: 61
Content-Type: application/json; charset=utf-8
host: localhost:33210
accept: */*

Response DefaultHttpResponse(decodeResult: success, version: HTTP/1.1)
HTTP/1.1 200 OK
Content-Length: 96
Content-Type: application/json; charset=utf-8
cache-control: no-cache

10:46:50.063 [AsyncHttpClient-1-2] DEBUG org.asynchttpclient.netty.channel.ChannelManager - Adding key: http://localhost:33210 for channel [id: 0x82f498ed, L:/127.0.0.1:65521 - R:localhost/127.0.0.1:33210]
10:46:50.067 [Forwarding clickElement on session 8e993dd34ae12754681d2132b99a7779 to remote] DEBUG org.asynchttpclient.netty.request.NettyRequestSender - Using pooled Channel '[id: 0x82f498ed, L:/127.0.0.1:65521 - R:localhost/127.0.0.1:33210]' for 'POST' to 'http://localhost:33210/session/8e993dd34ae12754681d2132b99a7779/element/2D596CC08FCFADB814D512B23237F8A3_element_105/click'
10:46:50.067 [Forwarding clickElement on session 8e993dd34ae12754681d2132b99a7779 to remote] DEBUG org.asynchttpclient.netty.request.NettyRequestSender - Using open Channel [id: 0x82f498ed, L:/127.0.0.1:65521 - R:localhost/127.0.0.1:33210] for POST '/session/8e993dd34ae12754681d2132b99a7779/element/2D596CC08FCFADB814D512B23237F8A3_element_105/click'
10:46:50.130 [AsyncHttpClient-1-2] DEBUG org.asynchttpclient.netty.handler.HttpHandler - 

Request DefaultHttpRequest(decodeResult: success, version: HTTP/1.1)
POST /session/8e993dd34ae12754681d2132b99a7779/element/2D596CC08FCFADB814D512B23237F8A3_element_105/click HTTP/1.1
User-Agent: selenium/4.8.2 (java windows)
Content-Length: 58
Content-Type: application/json; charset=utf-8
host: localhost:33210
accept: */*

Response DefaultHttpResponse(decodeResult: success, version: HTTP/1.1)
HTTP/1.1 200 OK
Content-Length: 14
Content-Type: application/json; charset=utf-8
cache-control: no-cache

10:46:50.131 [AsyncHttpClient-1-2] DEBUG org.asynchttpclient.netty.channel.ChannelManager - Adding key: http://localhost:33210 for channel [id: 0x82f498ed, L:/127.0.0.1:65521 - R:localhost/127.0.0.1:33210]
10:46:50.134 [Forwarding findElement on session 8e993dd34ae12754681d2132b99a7779 to remote] DEBUG org.asynchttpclient.netty.request.NettyRequestSender - Using pooled Channel '[id: 0x82f498ed, L:/127.0.0.1:65521 - R:localhost/127.0.0.1:33210]' for 'POST' to 'http://localhost:33210/session/8e993dd34ae12754681d2132b99a7779/element'
10:46:50.134 [Forwarding findElement on session 8e993dd34ae12754681d2132b99a7779 to remote] DEBUG org.asynchttpclient.netty.request.NettyRequestSender - Using open Channel [id: 0x82f498ed, L:/127.0.0.1:65521 - R:localhost/127.0.0.1:33210] for POST '/session/8e993dd34ae12754681d2132b99a7779/element'
10:46:50.148 [AsyncHttpClient-1-2] DEBUG org.asynchttpclient.netty.handler.HttpHandler - 

Request DefaultHttpRequest(decodeResult: success, version: HTTP/1.1)
POST /session/8e993dd34ae12754681d2132b99a7779/element HTTP/1.1
User-Agent: selenium/4.8.2 (java windows)
Content-Length: 61
Content-Type: application/json; charset=utf-8
host: localhost:33210
accept: */*

Response DefaultHttpResponse(decodeResult: success, version: HTTP/1.1)
HTTP/1.1 200 OK
Content-Length: 96
Content-Type: application/json; charset=utf-8
cache-control: no-cache

10:46:50.148 [AsyncHttpClient-1-2] DEBUG org.asynchttpclient.netty.channel.ChannelManager - Adding key: http://localhost:33210 for channel [id: 0x82f498ed, L:/127.0.0.1:65521 - R:localhost/127.0.0.1:33210]
10:46:50.152 [Forwarding sendKeysToElement on session 8e993dd34ae12754681d2132b99a7779 to remote] DEBUG org.asynchttpclient.netty.request.NettyRequestSender - Using pooled Channel '[id: 0x82f498ed, L:/127.0.0.1:65521 - R:localhost/127.0.0.1:33210]' for 'POST' to 'http://localhost:33210/session/8e993dd34ae12754681d2132b99a7779/element/2D596CC08FCFADB814D512B23237F8A3_element_105/value'
10:46:50.152 [Forwarding sendKeysToElement on session 8e993dd34ae12754681d2132b99a7779 to remote] DEBUG org.asynchttpclient.netty.request.NettyRequestSender - Using open Channel [id: 0x82f498ed, L:/127.0.0.1:65521 - R:localhost/127.0.0.1:33210] for POST '/session/8e993dd34ae12754681d2132b99a7779/element/2D596CC08FCFADB814D512B23237F8A3_element_105/value'
10:46:50.203 [AsyncHttpClient-1-2] DEBUG org.asynchttpclient.netty.handler.HttpHandler - 

Request DefaultHttpRequest(decodeResult: success, version: HTTP/1.1)
POST /session/8e993dd34ae12754681d2132b99a7779/element/2D596CC08FCFADB814D512B23237F8A3_element_105/value HTTP/1.1
User-Agent: selenium/4.8.2 (java windows)
Content-Length: 113
Content-Type: application/json; charset=utf-8
host: localhost:33210
accept: */*

Response DefaultHttpResponse(decodeResult: success, version: HTTP/1.1)
HTTP/1.1 200 OK
Content-Length: 14
Content-Type: application/json; charset=utf-8
cache-control: no-cache

10:46:50.203 [AsyncHttpClient-1-2] DEBUG org.asynchttpclient.netty.channel.ChannelManager - Adding key: http://localhost:33210 for channel [id: 0x82f498ed, L:/127.0.0.1:65521 - R:localhost/127.0.0.1:33210]
10:46:50.207 [Forwarding findElement on session 8e993dd34ae12754681d2132b99a7779 to remote] DEBUG org.asynchttpclient.netty.request.NettyRequestSender - Using pooled Channel '[id: 0x82f498ed, L:/127.0.0.1:65521 - R:localhost/127.0.0.1:33210]' for 'POST' to 'http://localhost:33210/session/8e993dd34ae12754681d2132b99a7779/element'
10:46:50.207 [Forwarding findElement on session 8e993dd34ae12754681d2132b99a7779 to remote] DEBUG org.asynchttpclient.netty.request.NettyRequestSender - Using open Channel [id: 0x82f498ed, L:/127.0.0.1:65521 - R:localhost/127.0.0.1:33210] for POST '/session/8e993dd34ae12754681d2132b99a7779/element'
10:46:50.221 [AsyncHttpClient-1-2] DEBUG org.asynchttpclient.netty.handler.HttpHandler - 

Request DefaultHttpRequest(decodeResult: success, version: HTTP/1.1)
POST /session/8e993dd34ae12754681d2132b99a7779/element HTTP/1.1
User-Agent: selenium/4.8.2 (java windows)
Content-Length: 61
Content-Type: application/json; charset=utf-8
host: localhost:33210
accept: */*

Response DefaultHttpResponse(decodeResult: success, version: HTTP/1.1)
HTTP/1.1 200 OK
Content-Length: 96
Content-Type: application/json; charset=utf-8
cache-control: no-cache

10:46:50.222 [AsyncHttpClient-1-2] DEBUG org.asynchttpclient.netty.channel.ChannelManager - Adding key: http://localhost:33210 for channel [id: 0x82f498ed, L:/127.0.0.1:65521 - R:localhost/127.0.0.1:33210]
10:46:50.224 [Forwarding sendKeysToElement on session 8e993dd34ae12754681d2132b99a7779 to remote] DEBUG org.asynchttpclient.netty.request.NettyRequestSender - Using pooled Channel '[id: 0x82f498ed, L:/127.0.0.1:65521 - R:localhost/127.0.0.1:33210]' for 'POST' to 'http://localhost:33210/session/8e993dd34ae12754681d2132b99a7779/element/2D596CC08FCFADB814D512B23237F8A3_element_105/value'
10:46:50.224 [Forwarding sendKeysToElement on session 8e993dd34ae12754681d2132b99a7779 to remote] DEBUG org.asynchttpclient.netty.request.NettyRequestSender - Using open Channel [id: 0x82f498ed, L:/127.0.0.1:65521 - R:localhost/127.0.0.1:33210] for POST '/session/8e993dd34ae12754681d2132b99a7779/element/2D596CC08FCFADB814D512B23237F8A3_element_105/value'
10:46:50.312 [AsyncHttpClient-1-2] DEBUG org.asynchttpclient.netty.handler.HttpHandler - 

Request DefaultHttpRequest(decodeResult: success, version: HTTP/1.1)
POST /session/8e993dd34ae12754681d2132b99a7779/element/2D596CC08FCFADB814D512B23237F8A3_element_105/value HTTP/1.1
User-Agent: selenium/4.8.2 (java windows)
Content-Length: 103
Content-Type: application/json; charset=utf-8
host: localhost:33210
accept: */*

Response DefaultHttpResponse(decodeResult: success, version: HTTP/1.1)
HTTP/1.1 200 OK
Content-Length: 14
Content-Type: application/json; charset=utf-8
cache-control: no-cache

10:46:50.312 [AsyncHttpClient-1-2] DEBUG org.asynchttpclient.netty.channel.ChannelManager - Adding key: http://localhost:33210 for channel [id: 0x82f498ed, L:/127.0.0.1:65521 - R:localhost/127.0.0.1:33210]
10:46:50.319 [Forwarding findElement on session 8e993dd34ae12754681d2132b99a7779 to remote] DEBUG org.asynchttpclient.netty.request.NettyRequestSender - Using pooled Channel '[id: 0x82f498ed, L:/127.0.0.1:65521 - R:localhost/127.0.0.1:33210]' for 'POST' to 'http://localhost:33210/session/8e993dd34ae12754681d2132b99a7779/element'
10:46:50.320 [Forwarding findElement on session 8e993dd34ae12754681d2132b99a7779 to remote] DEBUG org.asynchttpclient.netty.request.NettyRequestSender - Using open Channel [id: 0x82f498ed, L:/127.0.0.1:65521 - R:localhost/127.0.0.1:33210] for POST '/session/8e993dd34ae12754681d2132b99a7779/element'
10:46:50.337 [AsyncHttpClient-1-2] DEBUG org.asynchttpclient.netty.handler.HttpHandler - 

Request DefaultHttpRequest(decodeResult: success, version: HTTP/1.1)
POST /session/8e993dd34ae12754681d2132b99a7779/element HTTP/1.1
User-Agent: selenium/4.8.2 (java windows)
Content-Length: 61
Content-Type: application/json; charset=utf-8
host: localhost:33210
accept: */*

Response DefaultHttpResponse(decodeResult: success, version: HTTP/1.1)
HTTP/1.1 200 OK
Content-Length: 96
Content-Type: application/json; charset=utf-8
cache-control: no-cache

10:46:50.337 [AsyncHttpClient-1-2] DEBUG org.asynchttpclient.netty.channel.ChannelManager - Adding key: http://localhost:33210 for channel [id: 0x82f498ed, L:/127.0.0.1:65521 - R:localhost/127.0.0.1:33210]
10:46:50.342 [Forwarding clickElement on session 8e993dd34ae12754681d2132b99a7779 to remote] DEBUG org.asynchttpclient.netty.request.NettyRequestSender - Using pooled Channel '[id: 0x82f498ed, L:/127.0.0.1:65521 - R:localhost/127.0.0.1:33210]' for 'POST' to 'http://localhost:33210/session/8e993dd34ae12754681d2132b99a7779/element/2D596CC08FCFADB814D512B23237F8A3_element_105/click'
10:46:50.342 [Forwarding clickElement on session 8e993dd34ae12754681d2132b99a7779 to remote] DEBUG org.asynchttpclient.netty.request.NettyRequestSender - Using open Channel [id: 0x82f498ed, L:/127.0.0.1:65521 - R:localhost/127.0.0.1:33210] for POST '/session/8e993dd34ae12754681d2132b99a7779/element/2D596CC08FCFADB814D512B23237F8A3_element_105/click'
10:46:50.399 [AsyncHttpClient-1-2] DEBUG org.asynchttpclient.netty.handler.HttpHandler - 

Request DefaultHttpRequest(decodeResult: success, version: HTTP/1.1)
POST /session/8e993dd34ae12754681d2132b99a7779/element/2D596CC08FCFADB814D512B23237F8A3_element_105/click HTTP/1.1
User-Agent: selenium/4.8.2 (java windows)
Content-Length: 58
Content-Type: application/json; charset=utf-8
host: localhost:33210
accept: */*

Response DefaultHttpResponse(decodeResult: success, version: HTTP/1.1)
HTTP/1.1 200 OK
Content-Length: 14
Content-Type: application/json; charset=utf-8
cache-control: no-cache

10:46:50.400 [AsyncHttpClient-1-2] DEBUG org.asynchttpclient.netty.channel.ChannelManager - Adding key: http://localhost:33210 for channel [id: 0x82f498ed, L:/127.0.0.1:65521 - R:localhost/127.0.0.1:33210]
10:46:50.407 [Forwarding findElement on session 8e993dd34ae12754681d2132b99a7779 to remote] DEBUG org.asynchttpclient.netty.request.NettyRequestSender - Using pooled Channel '[id: 0x82f498ed, L:/127.0.0.1:65521 - R:localhost/127.0.0.1:33210]' for 'POST' to 'http://localhost:33210/session/8e993dd34ae12754681d2132b99a7779/element'
10:46:50.407 [Forwarding findElement on session 8e993dd34ae12754681d2132b99a7779 to remote] DEBUG org.asynchttpclient.netty.request.NettyRequestSender - Using open Channel [id: 0x82f498ed, L:/127.0.0.1:65521 - R:localhost/127.0.0.1:33210] for POST '/session/8e993dd34ae12754681d2132b99a7779/element'
10:46:50.437 [AsyncHttpClient-1-2] DEBUG org.asynchttpclient.netty.handler.HttpHandler - 

Request DefaultHttpRequest(decodeResult: success, version: HTTP/1.1)
POST /session/8e993dd34ae12754681d2132b99a7779/element HTTP/1.1
User-Agent: selenium/4.8.2 (java windows)
Content-Length: 61
Content-Type: application/json; charset=utf-8
host: localhost:33210
accept: */*

Response DefaultHttpResponse(decodeResult: success, version: HTTP/1.1)
HTTP/1.1 200 OK
Content-Length: 96
Content-Type: application/json; charset=utf-8
cache-control: no-cache

10:46:50.438 [AsyncHttpClient-1-2] DEBUG org.asynchttpclient.netty.channel.ChannelManager - Adding key: http://localhost:33210 for channel [id: 0x82f498ed, L:/127.0.0.1:65521 - R:localhost/127.0.0.1:33210]
10:46:50.441 [Forwarding sendKeysToElement on session 8e993dd34ae12754681d2132b99a7779 to remote] DEBUG org.asynchttpclient.netty.request.NettyRequestSender - Using pooled Channel '[id: 0x82f498ed, L:/127.0.0.1:65521 - R:localhost/127.0.0.1:33210]' for 'POST' to 'http://localhost:33210/session/8e993dd34ae12754681d2132b99a7779/element/2D596CC08FCFADB814D512B23237F8A3_element_105/value'
10:46:50.441 [Forwarding sendKeysToElement on session 8e993dd34ae12754681d2132b99a7779 to remote] DEBUG org.asynchttpclient.netty.request.NettyRequestSender - Using open Channel [id: 0x82f498ed, L:/127.0.0.1:65521 - R:localhost/127.0.0.1:33210] for POST '/session/8e993dd34ae12754681d2132b99a7779/element/2D596CC08FCFADB814D512B23237F8A3_element_105/value'
10:46:51.838 [AsyncHttpClient-1-2] DEBUG org.asynchttpclient.netty.handler.HttpHandler - 

Request DefaultHttpRequest(decodeResult: success, version: HTTP/1.1)
POST /session/8e993dd34ae12754681d2132b99a7779/element/2D596CC08FCFADB814D512B23237F8A3_element_105/value HTTP/1.1
User-Agent: selenium/4.8.2 (java windows)
Content-Length: 725
Content-Type: application/json; charset=utf-8
host: localhost:33210
accept: */*

Response DefaultHttpResponse(decodeResult: success, version: HTTP/1.1)
HTTP/1.1 200 OK
Content-Length: 14
Content-Type: application/json; charset=utf-8
cache-control: no-cache

10:46:51.839 [AsyncHttpClient-1-2] DEBUG org.asynchttpclient.netty.channel.ChannelManager - Adding key: http://localhost:33210 for channel [id: 0x82f498ed, L:/127.0.0.1:65521 - R:localhost/127.0.0.1:33210]
10:46:52.884 [AsyncHttpClient-1-1] DEBUG org.asynchttpclient.netty.channel.DefaultChannelPool - Entry count for : http://localhost:33210 : 1
10:46:53.983 [AsyncHttpClient-1-1] DEBUG org.asynchttpclient.netty.channel.DefaultChannelPool - Entry count for : http://localhost:33210 : 1
10:46:55.081 [AsyncHttpClient-1-1] DEBUG org.asynchttpclient.netty.channel.DefaultChannelPool - Entry count for : http://localhost:33210 : 1
10:46:56.183 [AsyncHttpClient-1-1] DEBUG org.asynchttpclient.netty.channel.DefaultChannelPool - Entry count for : http://localhost:33210 : 1
10:46:57.281 [AsyncHttpClient-1-1] DEBUG org.asynchttpclient.netty.channel.DefaultChannelPool - Entry count for : http://localhost:33210 : 1
10:46:58.391 [AsyncHttpClient-1-1] DEBUG org.asynchttpclient.netty.channel.DefaultChannelPool - Entry count for : http://localhost:33210 : 1
10:46:59.491 [AsyncHttpClient-1-1] DEBUG org.asynchttpclient.netty.channel.DefaultChannelPool - Entry count for : http://localhost:33210 : 1
10:47:00.582 [AsyncHttpClient-1-1] DEBUG org.asynchttpclient.netty.channel.DefaultChannelPool - Entry count for : http://localhost:33210 : 1
10:47:01.694 [AsyncHttpClient-1-1] DEBUG org.asynchttpclient.netty.channel.DefaultChannelPool - Entry count for : http://localhost:33210 : 1
10:47:02.796 [AsyncHttpClient-1-1] DEBUG org.asynchttpclient.netty.channel.DefaultChannelPool - Entry count for : http://localhost:33210 : 1
10:47:03.857 [Forwarding findElement on session 8e993dd34ae12754681d2132b99a7779 to remote] DEBUG org.asynchttpclient.netty.request.NettyRequestSender - Using pooled Channel '[id: 0x82f498ed, L:/127.0.0.1:65521 - R:localhost/127.0.0.1:33210]' for 'POST' to 'http://localhost:33210/session/8e993dd34ae12754681d2132b99a7779/element'
10:47:03.857 [Forwarding findElement on session 8e993dd34ae12754681d2132b99a7779 to remote] DEBUG org.asynchttpclient.netty.request.NettyRequestSender - Using open Channel [id: 0x82f498ed, L:/127.0.0.1:65521 - R:localhost/127.0.0.1:33210] for POST '/session/8e993dd34ae12754681d2132b99a7779/element'
10:47:03.913 [AsyncHttpClient-1-2] DEBUG org.asynchttpclient.netty.handler.HttpHandler - 

Request DefaultHttpRequest(decodeResult: success, version: HTTP/1.1)
POST /session/8e993dd34ae12754681d2132b99a7779/element HTTP/1.1
User-Agent: selenium/4.8.2 (java windows)
Content-Length: 142
Content-Type: application/json; charset=utf-8
host: localhost:33210
accept: */*

Response DefaultHttpResponse(decodeResult: success, version: HTTP/1.1)
HTTP/1.1 200 OK
Content-Length: 96
Content-Type: application/json; charset=utf-8
cache-control: no-cache

10:47:03.913 [AsyncHttpClient-1-2] DEBUG org.asynchttpclient.netty.channel.ChannelManager - Adding key: http://localhost:33210 for channel [id: 0x82f498ed, L:/127.0.0.1:65521 - R:localhost/127.0.0.1:33210]
10:47:03.922 [Forwarding clickElement on session 8e993dd34ae12754681d2132b99a7779 to remote] DEBUG org.asynchttpclient.netty.request.NettyRequestSender - Using pooled Channel '[id: 0x82f498ed, L:/127.0.0.1:65521 - R:localhost/127.0.0.1:33210]' for 'POST' to 'http://localhost:33210/session/8e993dd34ae12754681d2132b99a7779/element/2D596CC08FCFADB814D512B23237F8A3_element_107/click'
10:47:03.922 [Forwarding clickElement on session 8e993dd34ae12754681d2132b99a7779 to remote] DEBUG org.asynchttpclient.netty.request.NettyRequestSender - Using open Channel [id: 0x82f498ed, L:/127.0.0.1:65521 - R:localhost/127.0.0.1:33210] for POST '/session/8e993dd34ae12754681d2132b99a7779/element/2D596CC08FCFADB814D512B23237F8A3_element_107/click'
10:47:04.158 [AsyncHttpClient-1-2] DEBUG org.asynchttpclient.netty.handler.HttpHandler - 

Request DefaultHttpRequest(decodeResult: success, version: HTTP/1.1)
POST /session/8e993dd34ae12754681d2132b99a7779/element/2D596CC08FCFADB814D512B23237F8A3_element_107/click HTTP/1.1
User-Agent: selenium/4.8.2 (java windows)
Content-Length: 58
Content-Type: application/json; charset=utf-8
host: localhost:33210
accept: */*

Response DefaultHttpResponse(decodeResult: success, version: HTTP/1.1)
HTTP/1.1 200 OK
Content-Length: 14
Content-Type: application/json; charset=utf-8
cache-control: no-cache

10:47:04.159 [AsyncHttpClient-1-2] DEBUG org.asynchttpclient.netty.channel.ChannelManager - Adding key: http://localhost:33210 for channel [id: 0x82f498ed, L:/127.0.0.1:65521 - R:localhost/127.0.0.1:33210]
10:47:04.165 [Forwarding findElement on session 8e993dd34ae12754681d2132b99a7779 to remote] DEBUG org.asynchttpclient.netty.request.NettyRequestSender - Using pooled Channel '[id: 0x82f498ed, L:/127.0.0.1:65521 - R:localhost/127.0.0.1:33210]' for 'POST' to 'http://localhost:33210/session/8e993dd34ae12754681d2132b99a7779/element'
10:47:04.166 [Forwarding findElement on session 8e993dd34ae12754681d2132b99a7779 to remote] DEBUG org.asynchttpclient.netty.request.NettyRequestSender - Using open Channel [id: 0x82f498ed, L:/127.0.0.1:65521 - R:localhost/127.0.0.1:33210] for POST '/session/8e993dd34ae12754681d2132b99a7779/element'
10:47:04.196 [AsyncHttpClient-1-2] DEBUG org.asynchttpclient.netty.handler.HttpHandler - 

Request DefaultHttpRequest(decodeResult: success, version: HTTP/1.1)
POST /session/8e993dd34ae12754681d2132b99a7779/element HTTP/1.1
User-Agent: selenium/4.8.2 (java windows)
Content-Length: 86
Content-Type: application/json; charset=utf-8
host: localhost:33210
accept: */*

Response DefaultHttpResponse(decodeResult: success, version: HTTP/1.1)
HTTP/1.1 200 OK
Content-Length: 96
Content-Type: application/json; charset=utf-8
cache-control: no-cache

10:47:04.196 [AsyncHttpClient-1-2] DEBUG org.asynchttpclient.netty.channel.ChannelManager - Adding key: http://localhost:33210 for channel [id: 0x82f498ed, L:/127.0.0.1:65521 - R:localhost/127.0.0.1:33210]
10:47:04.716 [Forwarding isElementDisplayed on session 8e993dd34ae12754681d2132b99a7779 to remote] DEBUG org.asynchttpclient.netty.request.NettyRequestSender - Using pooled Channel '[id: 0x82f498ed, L:/127.0.0.1:65521 - R:localhost/127.0.0.1:33210]' for 'POST' to 'http://localhost:33210/session/8e993dd34ae12754681d2132b99a7779/execute/sync'
10:47:04.716 [Forwarding isElementDisplayed on session 8e993dd34ae12754681d2132b99a7779 to remote] DEBUG org.asynchttpclient.netty.request.NettyRequestSender - Using open Channel [id: 0x82f498ed, L:/127.0.0.1:65521 - R:localhost/127.0.0.1:33210] for POST '/session/8e993dd34ae12754681d2132b99a7779/execute/sync'
10:47:04.748 [AsyncHttpClient-1-2] DEBUG org.asynchttpclient.netty.handler.HttpHandler - 

Request DefaultHttpRequest(decodeResult: success, version: HTTP/1.1)
POST /session/8e993dd34ae12754681d2132b99a7779/execute/sync HTTP/1.1
User-Agent: selenium/4.8.2 (java windows)
Content-Length: 48815
Content-Type: application/json; charset=utf-8
host: localhost:33210
accept: */*

Response DefaultHttpResponse(decodeResult: success, version: HTTP/1.1)
HTTP/1.1 200 OK
Content-Length: 14
Content-Type: application/json; charset=utf-8
cache-control: no-cache

10:47:04.748 [AsyncHttpClient-1-2] DEBUG org.asynchttpclient.netty.channel.ChannelManager - Adding key: http://localhost:33210 for channel [id: 0x82f498ed, L:/127.0.0.1:65521 - R:localhost/127.0.0.1:33210]
10:47:04.762 [Forwarding findElement on session 8e993dd34ae12754681d2132b99a7779 to remote] DEBUG org.asynchttpclient.netty.request.NettyRequestSender - Using pooled Channel '[id: 0x82f498ed, L:/127.0.0.1:65521 - R:localhost/127.0.0.1:33210]' for 'POST' to 'http://localhost:33210/session/8e993dd34ae12754681d2132b99a7779/element'
10:47:04.762 [Forwarding findElement on session 8e993dd34ae12754681d2132b99a7779 to remote] DEBUG org.asynchttpclient.netty.request.NettyRequestSender - Using open Channel [id: 0x82f498ed, L:/127.0.0.1:65521 - R:localhost/127.0.0.1:33210] for POST '/session/8e993dd34ae12754681d2132b99a7779/element'
10:47:04.776 [AsyncHttpClient-1-2] DEBUG org.asynchttpclient.netty.handler.HttpHandler - 

Request DefaultHttpRequest(decodeResult: success, version: HTTP/1.1)
POST /session/8e993dd34ae12754681d2132b99a7779/element HTTP/1.1
User-Agent: selenium/4.8.2 (java windows)
Content-Length: 61
Content-Type: application/json; charset=utf-8
host: localhost:33210
accept: */*

Response DefaultHttpResponse(decodeResult: success, version: HTTP/1.1)
HTTP/1.1 200 OK
Content-Length: 96
Content-Type: application/json; charset=utf-8
cache-control: no-cache

10:47:04.776 [AsyncHttpClient-1-2] DEBUG org.asynchttpclient.netty.channel.ChannelManager - Adding key: http://localhost:33210 for channel [id: 0x82f498ed, L:/127.0.0.1:65521 - R:localhost/127.0.0.1:33210]
10:47:04.779 [Forwarding clickElement on session 8e993dd34ae12754681d2132b99a7779 to remote] DEBUG org.asynchttpclient.netty.request.NettyRequestSender - Using pooled Channel '[id: 0x82f498ed, L:/127.0.0.1:65521 - R:localhost/127.0.0.1:33210]' for 'POST' to 'http://localhost:33210/session/8e993dd34ae12754681d2132b99a7779/element/2D596CC08FCFADB814D512B23237F8A3_element_105/click'
10:47:04.779 [Forwarding clickElement on session 8e993dd34ae12754681d2132b99a7779 to remote] DEBUG org.asynchttpclient.netty.request.NettyRequestSender - Using open Channel [id: 0x82f498ed, L:/127.0.0.1:65521 - R:localhost/127.0.0.1:33210] for POST '/session/8e993dd34ae12754681d2132b99a7779/element/2D596CC08FCFADB814D512B23237F8A3_element_105/click'
10:47:04.890 [AsyncHttpClient-1-2] DEBUG org.asynchttpclient.netty.handler.HttpHandler - 

Request DefaultHttpRequest(decodeResult: success, version: HTTP/1.1)
POST /session/8e993dd34ae12754681d2132b99a7779/element/2D596CC08FCFADB814D512B23237F8A3_element_105/click HTTP/1.1
User-Agent: selenium/4.8.2 (java windows)
Content-Length: 58
Content-Type: application/json; charset=utf-8
host: localhost:33210
accept: */*

Response DefaultHttpResponse(decodeResult: success, version: HTTP/1.1)
HTTP/1.1 200 OK
Content-Length: 14
Content-Type: application/json; charset=utf-8
cache-control: no-cache

10:47:04.891 [AsyncHttpClient-1-2] DEBUG org.asynchttpclient.netty.channel.ChannelManager - Adding key: http://localhost:33210 for channel [id: 0x82f498ed, L:/127.0.0.1:65521 - R:localhost/127.0.0.1:33210]
10:47:04.894 [Forwarding findElement on session 8e993dd34ae12754681d2132b99a7779 to remote] DEBUG org.asynchttpclient.netty.request.NettyRequestSender - Using pooled Channel '[id: 0x82f498ed, L:/127.0.0.1:65521 - R:localhost/127.0.0.1:33210]' for 'POST' to 'http://localhost:33210/session/8e993dd34ae12754681d2132b99a7779/element'
10:47:04.895 [Forwarding findElement on session 8e993dd34ae12754681d2132b99a7779 to remote] DEBUG org.asynchttpclient.netty.request.NettyRequestSender - Using open Channel [id: 0x82f498ed, L:/127.0.0.1:65521 - R:localhost/127.0.0.1:33210] for POST '/session/8e993dd34ae12754681d2132b99a7779/element'
10:47:04.919 [AsyncHttpClient-1-2] DEBUG org.asynchttpclient.netty.handler.HttpHandler - 

Request DefaultHttpRequest(decodeResult: success, version: HTTP/1.1)
POST /session/8e993dd34ae12754681d2132b99a7779/element HTTP/1.1
User-Agent: selenium/4.8.2 (java windows)
Content-Length: 61
Content-Type: application/json; charset=utf-8
host: localhost:33210
accept: */*

Response DefaultHttpResponse(decodeResult: success, version: HTTP/1.1)
HTTP/1.1 200 OK
Content-Length: 96
Content-Type: application/json; charset=utf-8
cache-control: no-cache

10:47:04.919 [AsyncHttpClient-1-2] DEBUG org.asynchttpclient.netty.channel.ChannelManager - Adding key: http://localhost:33210 for channel [id: 0x82f498ed, L:/127.0.0.1:65521 - R:localhost/127.0.0.1:33210]
10:47:04.923 [Forwarding sendKeysToElement on session 8e993dd34ae12754681d2132b99a7779 to remote] DEBUG org.asynchttpclient.netty.request.NettyRequestSender - Using pooled Channel '[id: 0x82f498ed, L:/127.0.0.1:65521 - R:localhost/127.0.0.1:33210]' for 'POST' to 'http://localhost:33210/session/8e993dd34ae12754681d2132b99a7779/element/2D596CC08FCFADB814D512B23237F8A3_element_105/value'
10:47:04.923 [Forwarding sendKeysToElement on session 8e993dd34ae12754681d2132b99a7779 to remote] DEBUG org.asynchttpclient.netty.request.NettyRequestSender - Using open Channel [id: 0x82f498ed, L:/127.0.0.1:65521 - R:localhost/127.0.0.1:33210] for POST '/session/8e993dd34ae12754681d2132b99a7779/element/2D596CC08FCFADB814D512B23237F8A3_element_105/value'
10:47:04.983 [AsyncHttpClient-1-2] DEBUG org.asynchttpclient.netty.handler.HttpHandler - 

Request DefaultHttpRequest(decodeResult: success, version: HTTP/1.1)
POST /session/8e993dd34ae12754681d2132b99a7779/element/2D596CC08FCFADB814D512B23237F8A3_element_105/value HTTP/1.1
User-Agent: selenium/4.8.2 (java windows)
Content-Length: 113
Content-Type: application/json; charset=utf-8
host: localhost:33210
accept: */*

Response DefaultHttpResponse(decodeResult: success, version: HTTP/1.1)
HTTP/1.1 200 OK
Content-Length: 14
Content-Type: application/json; charset=utf-8
cache-control: no-cache

10:47:04.984 [AsyncHttpClient-1-2] DEBUG org.asynchttpclient.netty.channel.ChannelManager - Adding key: http://localhost:33210 for channel [id: 0x82f498ed, L:/127.0.0.1:65521 - R:localhost/127.0.0.1:33210]
10:47:04.989 [Forwarding findElement on session 8e993dd34ae12754681d2132b99a7779 to remote] DEBUG org.asynchttpclient.netty.request.NettyRequestSender - Using pooled Channel '[id: 0x82f498ed, L:/127.0.0.1:65521 - R:localhost/127.0.0.1:33210]' for 'POST' to 'http://localhost:33210/session/8e993dd34ae12754681d2132b99a7779/element'
10:47:04.989 [Forwarding findElement on session 8e993dd34ae12754681d2132b99a7779 to remote] DEBUG org.asynchttpclient.netty.request.NettyRequestSender - Using open Channel [id: 0x82f498ed, L:/127.0.0.1:65521 - R:localhost/127.0.0.1:33210] for POST '/session/8e993dd34ae12754681d2132b99a7779/element'
10:47:05.004 [AsyncHttpClient-1-2] DEBUG org.asynchttpclient.netty.handler.HttpHandler - 

Request DefaultHttpRequest(decodeResult: success, version: HTTP/1.1)
POST /session/8e993dd34ae12754681d2132b99a7779/element HTTP/1.1
User-Agent: selenium/4.8.2 (java windows)
Content-Length: 61
Content-Type: application/json; charset=utf-8
host: localhost:33210
accept: */*

Response DefaultHttpResponse(decodeResult: success, version: HTTP/1.1)
HTTP/1.1 200 OK
Content-Length: 96
Content-Type: application/json; charset=utf-8
cache-control: no-cache

10:47:05.004 [AsyncHttpClient-1-2] DEBUG org.asynchttpclient.netty.channel.ChannelManager - Adding key: http://localhost:33210 for channel [id: 0x82f498ed, L:/127.0.0.1:65521 - R:localhost/127.0.0.1:33210]
10:47:05.007 [Forwarding sendKeysToElement on session 8e993dd34ae12754681d2132b99a7779 to remote] DEBUG org.asynchttpclient.netty.request.NettyRequestSender - Using pooled Channel '[id: 0x82f498ed, L:/127.0.0.1:65521 - R:localhost/127.0.0.1:33210]' for 'POST' to 'http://localhost:33210/session/8e993dd34ae12754681d2132b99a7779/element/2D596CC08FCFADB814D512B23237F8A3_element_105/value'
10:47:05.007 [Forwarding sendKeysToElement on session 8e993dd34ae12754681d2132b99a7779 to remote] DEBUG org.asynchttpclient.netty.request.NettyRequestSender - Using open Channel [id: 0x82f498ed, L:/127.0.0.1:65521 - R:localhost/127.0.0.1:33210] for POST '/session/8e993dd34ae12754681d2132b99a7779/element/2D596CC08FCFADB814D512B23237F8A3_element_105/value'
10:47:05.083 [AsyncHttpClient-1-2] DEBUG org.asynchttpclient.netty.handler.HttpHandler - 

Request DefaultHttpRequest(decodeResult: success, version: HTTP/1.1)
POST /session/8e993dd34ae12754681d2132b99a7779/element/2D596CC08FCFADB814D512B23237F8A3_element_105/value HTTP/1.1
User-Agent: selenium/4.8.2 (java windows)
Content-Length: 103
Content-Type: application/json; charset=utf-8
host: localhost:33210
accept: */*

Response DefaultHttpResponse(decodeResult: success, version: HTTP/1.1)
HTTP/1.1 200 OK
Content-Length: 14
Content-Type: application/json; charset=utf-8
cache-control: no-cache

10:47:05.083 [AsyncHttpClient-1-2] DEBUG org.asynchttpclient.netty.channel.ChannelManager - Adding key: http://localhost:33210 for channel [id: 0x82f498ed, L:/127.0.0.1:65521 - R:localhost/127.0.0.1:33210]
10:47:05.086 [Forwarding findElement on session 8e993dd34ae12754681d2132b99a7779 to remote] DEBUG org.asynchttpclient.netty.request.NettyRequestSender - Using pooled Channel '[id: 0x82f498ed, L:/127.0.0.1:65521 - R:localhost/127.0.0.1:33210]' for 'POST' to 'http://localhost:33210/session/8e993dd34ae12754681d2132b99a7779/element'
10:47:05.086 [Forwarding findElement on session 8e993dd34ae12754681d2132b99a7779 to remote] DEBUG org.asynchttpclient.netty.request.NettyRequestSender - Using open Channel [id: 0x82f498ed, L:/127.0.0.1:65521 - R:localhost/127.0.0.1:33210] for POST '/session/8e993dd34ae12754681d2132b99a7779/element'
10:47:05.103 [AsyncHttpClient-1-2] DEBUG org.asynchttpclient.netty.handler.HttpHandler - 

Request DefaultHttpRequest(decodeResult: success, version: HTTP/1.1)
POST /session/8e993dd34ae12754681d2132b99a7779/element HTTP/1.1
User-Agent: selenium/4.8.2 (java windows)
Content-Length: 61
Content-Type: application/json; charset=utf-8
host: localhost:33210
accept: */*

Response DefaultHttpResponse(decodeResult: success, version: HTTP/1.1)
HTTP/1.1 200 OK
Content-Length: 96
Content-Type: application/json; charset=utf-8
cache-control: no-cache

10:47:05.104 [AsyncHttpClient-1-2] DEBUG org.asynchttpclient.netty.channel.ChannelManager - Adding key: http://localhost:33210 for channel [id: 0x82f498ed, L:/127.0.0.1:65521 - R:localhost/127.0.0.1:33210]
10:47:05.107 [Forwarding clickElement on session 8e993dd34ae12754681d2132b99a7779 to remote] DEBUG org.asynchttpclient.netty.request.NettyRequestSender - Using pooled Channel '[id: 0x82f498ed, L:/127.0.0.1:65521 - R:localhost/127.0.0.1:33210]' for 'POST' to 'http://localhost:33210/session/8e993dd34ae12754681d2132b99a7779/element/2D596CC08FCFADB814D512B23237F8A3_element_105/click'
10:47:05.108 [Forwarding clickElement on session 8e993dd34ae12754681d2132b99a7779 to remote] DEBUG org.asynchttpclient.netty.request.NettyRequestSender - Using open Channel [id: 0x82f498ed, L:/127.0.0.1:65521 - R:localhost/127.0.0.1:33210] for POST '/session/8e993dd34ae12754681d2132b99a7779/element/2D596CC08FCFADB814D512B23237F8A3_element_105/click'
10:47:05.187 [AsyncHttpClient-1-2] DEBUG org.asynchttpclient.netty.handler.HttpHandler - 

Request DefaultHttpRequest(decodeResult: success, version: HTTP/1.1)
POST /session/8e993dd34ae12754681d2132b99a7779/element/2D596CC08FCFADB814D512B23237F8A3_element_105/click HTTP/1.1
User-Agent: selenium/4.8.2 (java windows)
Content-Length: 58
Content-Type: application/json; charset=utf-8
host: localhost:33210
accept: */*

Response DefaultHttpResponse(decodeResult: success, version: HTTP/1.1)
HTTP/1.1 200 OK
Content-Length: 14
Content-Type: application/json; charset=utf-8
cache-control: no-cache

10:47:05.188 [AsyncHttpClient-1-2] DEBUG org.asynchttpclient.netty.channel.ChannelManager - Adding key: http://localhost:33210 for channel [id: 0x82f498ed, L:/127.0.0.1:65521 - R:localhost/127.0.0.1:33210]
10:47:05.190 [Forwarding findElement on session 8e993dd34ae12754681d2132b99a7779 to remote] DEBUG org.asynchttpclient.netty.request.NettyRequestSender - Using pooled Channel '[id: 0x82f498ed, L:/127.0.0.1:65521 - R:localhost/127.0.0.1:33210]' for 'POST' to 'http://localhost:33210/session/8e993dd34ae12754681d2132b99a7779/element'
10:47:05.190 [Forwarding findElement on session 8e993dd34ae12754681d2132b99a7779 to remote] DEBUG org.asynchttpclient.netty.request.NettyRequestSender - Using open Channel [id: 0x82f498ed, L:/127.0.0.1:65521 - R:localhost/127.0.0.1:33210] for POST '/session/8e993dd34ae12754681d2132b99a7779/element'
10:47:05.207 [AsyncHttpClient-1-2] DEBUG org.asynchttpclient.netty.handler.HttpHandler - 

Request DefaultHttpRequest(decodeResult: success, version: HTTP/1.1)
POST /session/8e993dd34ae12754681d2132b99a7779/element HTTP/1.1
User-Agent: selenium/4.8.2 (java windows)
Content-Length: 61
Content-Type: application/json; charset=utf-8
host: localhost:33210
accept: */*

Response DefaultHttpResponse(decodeResult: success, version: HTTP/1.1)
HTTP/1.1 200 OK
Content-Length: 96
Content-Type: application/json; charset=utf-8
cache-control: no-cache

10:47:05.208 [AsyncHttpClient-1-2] DEBUG org.asynchttpclient.netty.channel.ChannelManager - Adding key: http://localhost:33210 for channel [id: 0x82f498ed, L:/127.0.0.1:65521 - R:localhost/127.0.0.1:33210]
10:47:05.211 [Forwarding sendKeysToElement on session 8e993dd34ae12754681d2132b99a7779 to remote] DEBUG org.asynchttpclient.netty.request.NettyRequestSender - Using pooled Channel '[id: 0x82f498ed, L:/127.0.0.1:65521 - R:localhost/127.0.0.1:33210]' for 'POST' to 'http://localhost:33210/session/8e993dd34ae12754681d2132b99a7779/element/2D596CC08FCFADB814D512B23237F8A3_element_105/value'
10:47:05.211 [Forwarding sendKeysToElement on session 8e993dd34ae12754681d2132b99a7779 to remote] DEBUG org.asynchttpclient.netty.request.NettyRequestSender - Using open Channel [id: 0x82f498ed, L:/127.0.0.1:65521 - R:localhost/127.0.0.1:33210] for POST '/session/8e993dd34ae12754681d2132b99a7779/element/2D596CC08FCFADB814D512B23237F8A3_element_105/value'
10:47:05.278 [AsyncHttpClient-1-2] DEBUG org.asynchttpclient.netty.handler.HttpHandler - 

Request DefaultHttpRequest(decodeResult: success, version: HTTP/1.1)
POST /session/8e993dd34ae12754681d2132b99a7779/element/2D596CC08FCFADB814D512B23237F8A3_element_105/value HTTP/1.1
User-Agent: selenium/4.8.2 (java windows)
Content-Length: 101
Content-Type: application/json; charset=utf-8
host: localhost:33210
accept: */*

Response DefaultHttpResponse(decodeResult: success, version: HTTP/1.1)
HTTP/1.1 200 OK
Content-Length: 14
Content-Type: application/json; charset=utf-8
cache-control: no-cache

10:47:05.279 [AsyncHttpClient-1-2] DEBUG org.asynchttpclient.netty.channel.ChannelManager - Adding key: http://localhost:33210 for channel [id: 0x82f498ed, L:/127.0.0.1:65521 - R:localhost/127.0.0.1:33210]
10:47:06.084 [AsyncHttpClient-1-1] DEBUG org.asynchttpclient.netty.channel.DefaultChannelPool - Entry count for : http://localhost:33210 : 1
10:47:07.180 [AsyncHttpClient-1-1] DEBUG org.asynchttpclient.netty.channel.DefaultChannelPool - Entry count for : http://localhost:33210 : 1
10:47:08.281 [AsyncHttpClient-1-1] DEBUG org.asynchttpclient.netty.channel.DefaultChannelPool - Entry count for : http://localhost:33210 : 1
10:47:09.382 [AsyncHttpClient-1-1] DEBUG org.asynchttpclient.netty.channel.DefaultChannelPool - Entry count for : http://localhost:33210 : 1
10:47:10.481 [AsyncHttpClient-1-1] DEBUG org.asynchttpclient.netty.channel.DefaultChannelPool - Entry count for : http://localhost:33210 : 1
10:47:11.581 [AsyncHttpClient-1-1] DEBUG org.asynchttpclient.netty.channel.DefaultChannelPool - Entry count for : http://localhost:33210 : 1
10:47:12.682 [AsyncHttpClient-1-1] DEBUG org.asynchttpclient.netty.channel.DefaultChannelPool - Entry count for : http://localhost:33210 : 1
10:47:13.795 [AsyncHttpClient-1-1] DEBUG org.asynchttpclient.netty.channel.DefaultChannelPool - Entry count for : http://localhost:33210 : 1
10:47:14.881 [AsyncHttpClient-1-1] DEBUG org.asynchttpclient.netty.channel.DefaultChannelPool - Entry count for : http://localhost:33210 : 1
10:47:15.994 [AsyncHttpClient-1-1] DEBUG org.asynchttpclient.netty.channel.DefaultChannelPool - Entry count for : http://localhost:33210 : 1
10:47:17.082 [AsyncHttpClient-1-1] DEBUG org.asynchttpclient.netty.channel.DefaultChannelPool - Entry count for : http://localhost:33210 : 1
10:47:17.299 [Forwarding findElement on session 8e993dd34ae12754681d2132b99a7779 to remote] DEBUG org.asynchttpclient.netty.request.NettyRequestSender - Using pooled Channel '[id: 0x82f498ed, L:/127.0.0.1:65521 - R:localhost/127.0.0.1:33210]' for 'POST' to 'http://localhost:33210/session/8e993dd34ae12754681d2132b99a7779/element'
10:47:17.299 [Forwarding findElement on session 8e993dd34ae12754681d2132b99a7779 to remote] DEBUG org.asynchttpclient.netty.request.NettyRequestSender - Using open Channel [id: 0x82f498ed, L:/127.0.0.1:65521 - R:localhost/127.0.0.1:33210] for POST '/session/8e993dd34ae12754681d2132b99a7779/element'
10:47:17.315 [AsyncHttpClient-1-2] DEBUG org.asynchttpclient.netty.handler.HttpHandler - 

Request DefaultHttpRequest(decodeResult: success, version: HTTP/1.1)
POST /session/8e993dd34ae12754681d2132b99a7779/element HTTP/1.1
User-Agent: selenium/4.8.2 (java windows)
Content-Length: 142
Content-Type: application/json; charset=utf-8
host: localhost:33210
accept: */*

Response DefaultHttpResponse(decodeResult: success, version: HTTP/1.1)
HTTP/1.1 200 OK
Content-Length: 96
Content-Type: application/json; charset=utf-8
cache-control: no-cache

10:47:17.315 [AsyncHttpClient-1-2] DEBUG org.asynchttpclient.netty.channel.ChannelManager - Adding key: http://localhost:33210 for channel [id: 0x82f498ed, L:/127.0.0.1:65521 - R:localhost/127.0.0.1:33210]
10:47:17.317 [Forwarding clickElement on session 8e993dd34ae12754681d2132b99a7779 to remote] DEBUG org.asynchttpclient.netty.request.NettyRequestSender - Using pooled Channel '[id: 0x82f498ed, L:/127.0.0.1:65521 - R:localhost/127.0.0.1:33210]' for 'POST' to 'http://localhost:33210/session/8e993dd34ae12754681d2132b99a7779/element/2D596CC08FCFADB814D512B23237F8A3_element_107/click'
10:47:17.317 [Forwarding clickElement on session 8e993dd34ae12754681d2132b99a7779 to remote] DEBUG org.asynchttpclient.netty.request.NettyRequestSender - Using open Channel [id: 0x82f498ed, L:/127.0.0.1:65521 - R:localhost/127.0.0.1:33210] for POST '/session/8e993dd34ae12754681d2132b99a7779/element/2D596CC08FCFADB814D512B23237F8A3_element_107/click'
10:47:17.441 [AsyncHttpClient-1-2] DEBUG org.asynchttpclient.netty.handler.HttpHandler - 

Request DefaultHttpRequest(decodeResult: success, version: HTTP/1.1)
POST /session/8e993dd34ae12754681d2132b99a7779/element/2D596CC08FCFADB814D512B23237F8A3_element_107/click HTTP/1.1
User-Agent: selenium/4.8.2 (java windows)
Content-Length: 58
Content-Type: application/json; charset=utf-8
host: localhost:33210
accept: */*

Response DefaultHttpResponse(decodeResult: success, version: HTTP/1.1)
HTTP/1.1 200 OK
Content-Length: 14
Content-Type: application/json; charset=utf-8
cache-control: no-cache

10:47:17.441 [AsyncHttpClient-1-2] DEBUG org.asynchttpclient.netty.channel.ChannelManager - Adding key: http://localhost:33210 for channel [id: 0x82f498ed, L:/127.0.0.1:65521 - R:localhost/127.0.0.1:33210]
10:47:17.444 [Forwarding findElement on session 8e993dd34ae12754681d2132b99a7779 to remote] DEBUG org.asynchttpclient.netty.request.NettyRequestSender - Using pooled Channel '[id: 0x82f498ed, L:/127.0.0.1:65521 - R:localhost/127.0.0.1:33210]' for 'POST' to 'http://localhost:33210/session/8e993dd34ae12754681d2132b99a7779/element'
10:47:17.444 [Forwarding findElement on session 8e993dd34ae12754681d2132b99a7779 to remote] DEBUG org.asynchttpclient.netty.request.NettyRequestSender - Using open Channel [id: 0x82f498ed, L:/127.0.0.1:65521 - R:localhost/127.0.0.1:33210] for POST '/session/8e993dd34ae12754681d2132b99a7779/element'
10:47:17.465 [AsyncHttpClient-1-2] DEBUG org.asynchttpclient.netty.handler.HttpHandler - 

Request DefaultHttpRequest(decodeResult: success, version: HTTP/1.1)
POST /session/8e993dd34ae12754681d2132b99a7779/element HTTP/1.1
User-Agent: selenium/4.8.2 (java windows)
Content-Length: 86
Content-Type: application/json; charset=utf-8
host: localhost:33210
accept: */*

Response DefaultHttpResponse(decodeResult: success, version: HTTP/1.1)
HTTP/1.1 200 OK
Content-Length: 96
Content-Type: application/json; charset=utf-8
cache-control: no-cache

10:47:17.465 [AsyncHttpClient-1-2] DEBUG org.asynchttpclient.netty.channel.ChannelManager - Adding key: http://localhost:33210 for channel [id: 0x82f498ed, L:/127.0.0.1:65521 - R:localhost/127.0.0.1:33210]
10:47:17.469 [Forwarding isElementDisplayed on session 8e993dd34ae12754681d2132b99a7779 to remote] DEBUG org.asynchttpclient.netty.request.NettyRequestSender - Using pooled Channel '[id: 0x82f498ed, L:/127.0.0.1:65521 - R:localhost/127.0.0.1:33210]' for 'POST' to 'http://localhost:33210/session/8e993dd34ae12754681d2132b99a7779/execute/sync'
10:47:17.469 [Forwarding isElementDisplayed on session 8e993dd34ae12754681d2132b99a7779 to remote] DEBUG org.asynchttpclient.netty.request.NettyRequestSender - Using open Channel [id: 0x82f498ed, L:/127.0.0.1:65521 - R:localhost/127.0.0.1:33210] for POST '/session/8e993dd34ae12754681d2132b99a7779/execute/sync'
10:47:17.490 [AsyncHttpClient-1-2] DEBUG org.asynchttpclient.netty.handler.HttpHandler - 

Request DefaultHttpRequest(decodeResult: success, version: HTTP/1.1)
POST /session/8e993dd34ae12754681d2132b99a7779/execute/sync HTTP/1.1
User-Agent: selenium/4.8.2 (java windows)
Content-Length: 48815
Content-Type: application/json; charset=utf-8
host: localhost:33210
accept: */*

Response DefaultHttpResponse(decodeResult: success, version: HTTP/1.1)
HTTP/1.1 200 OK
Content-Length: 14
Content-Type: application/json; charset=utf-8
cache-control: no-cache

10:47:17.490 [AsyncHttpClient-1-2] DEBUG org.asynchttpclient.netty.channel.ChannelManager - Adding key: http://localhost:33210 for channel [id: 0x82f498ed, L:/127.0.0.1:65521 - R:localhost/127.0.0.1:33210]
10:47:17.503 [Forwarding findElement on session 8e993dd34ae12754681d2132b99a7779 to remote] DEBUG org.asynchttpclient.netty.request.NettyRequestSender - Using pooled Channel '[id: 0x82f498ed, L:/127.0.0.1:65521 - R:localhost/127.0.0.1:33210]' for 'POST' to 'http://localhost:33210/session/8e993dd34ae12754681d2132b99a7779/element'
10:47:17.503 [Forwarding findElement on session 8e993dd34ae12754681d2132b99a7779 to remote] DEBUG org.asynchttpclient.netty.request.NettyRequestSender - Using open Channel [id: 0x82f498ed, L:/127.0.0.1:65521 - R:localhost/127.0.0.1:33210] for POST '/session/8e993dd34ae12754681d2132b99a7779/element'
10:47:17.514 [AsyncHttpClient-1-2] DEBUG org.asynchttpclient.netty.handler.HttpHandler - 

Request DefaultHttpRequest(decodeResult: success, version: HTTP/1.1)
POST /session/8e993dd34ae12754681d2132b99a7779/element HTTP/1.1
User-Agent: selenium/4.8.2 (java windows)
Content-Length: 61
Content-Type: application/json; charset=utf-8
host: localhost:33210
accept: */*

Response DefaultHttpResponse(decodeResult: success, version: HTTP/1.1)
HTTP/1.1 200 OK
Content-Length: 96
Content-Type: application/json; charset=utf-8
cache-control: no-cache

10:47:17.515 [AsyncHttpClient-1-2] DEBUG org.asynchttpclient.netty.channel.ChannelManager - Adding key: http://localhost:33210 for channel [id: 0x82f498ed, L:/127.0.0.1:65521 - R:localhost/127.0.0.1:33210]
10:47:17.517 [Forwarding clickElement on session 8e993dd34ae12754681d2132b99a7779 to remote] DEBUG org.asynchttpclient.netty.request.NettyRequestSender - Using pooled Channel '[id: 0x82f498ed, L:/127.0.0.1:65521 - R:localhost/127.0.0.1:33210]' for 'POST' to 'http://localhost:33210/session/8e993dd34ae12754681d2132b99a7779/element/2D596CC08FCFADB814D512B23237F8A3_element_105/click'
10:47:17.517 [Forwarding clickElement on session 8e993dd34ae12754681d2132b99a7779 to remote] DEBUG org.asynchttpclient.netty.request.NettyRequestSender - Using open Channel [id: 0x82f498ed, L:/127.0.0.1:65521 - R:localhost/127.0.0.1:33210] for POST '/session/8e993dd34ae12754681d2132b99a7779/element/2D596CC08FCFADB814D512B23237F8A3_element_105/click'
10:47:17.578 [AsyncHttpClient-1-2] DEBUG org.asynchttpclient.netty.handler.HttpHandler - 

Request DefaultHttpRequest(decodeResult: success, version: HTTP/1.1)
POST /session/8e993dd34ae12754681d2132b99a7779/element/2D596CC08FCFADB814D512B23237F8A3_element_105/click HTTP/1.1
User-Agent: selenium/4.8.2 (java windows)
Content-Length: 58
Content-Type: application/json; charset=utf-8
host: localhost:33210
accept: */*

Response DefaultHttpResponse(decodeResult: success, version: HTTP/1.1)
HTTP/1.1 200 OK
Content-Length: 14
Content-Type: application/json; charset=utf-8
cache-control: no-cache

10:47:17.579 [AsyncHttpClient-1-2] DEBUG org.asynchttpclient.netty.channel.ChannelManager - Adding key: http://localhost:33210 for channel [id: 0x82f498ed, L:/127.0.0.1:65521 - R:localhost/127.0.0.1:33210]
10:47:17.582 [Forwarding findElement on session 8e993dd34ae12754681d2132b99a7779 to remote] DEBUG org.asynchttpclient.netty.request.NettyRequestSender - Using pooled Channel '[id: 0x82f498ed, L:/127.0.0.1:65521 - R:localhost/127.0.0.1:33210]' for 'POST' to 'http://localhost:33210/session/8e993dd34ae12754681d2132b99a7779/element'
10:47:17.583 [Forwarding findElement on session 8e993dd34ae12754681d2132b99a7779 to remote] DEBUG org.asynchttpclient.netty.request.NettyRequestSender - Using open Channel [id: 0x82f498ed, L:/127.0.0.1:65521 - R:localhost/127.0.0.1:33210] for POST '/session/8e993dd34ae12754681d2132b99a7779/element'
10:47:17.594 [AsyncHttpClient-1-2] DEBUG org.asynchttpclient.netty.handler.HttpHandler - 

Request DefaultHttpRequest(decodeResult: success, version: HTTP/1.1)
POST /session/8e993dd34ae12754681d2132b99a7779/element HTTP/1.1
User-Agent: selenium/4.8.2 (java windows)
Content-Length: 61
Content-Type: application/json; charset=utf-8
host: localhost:33210
accept: */*

Response DefaultHttpResponse(decodeResult: success, version: HTTP/1.1)
HTTP/1.1 200 OK
Content-Length: 96
Content-Type: application/json; charset=utf-8
cache-control: no-cache

10:47:17.595 [AsyncHttpClient-1-2] DEBUG org.asynchttpclient.netty.channel.ChannelManager - Adding key: http://localhost:33210 for channel [id: 0x82f498ed, L:/127.0.0.1:65521 - R:localhost/127.0.0.1:33210]
10:47:17.598 [Forwarding sendKeysToElement on session 8e993dd34ae12754681d2132b99a7779 to remote] DEBUG org.asynchttpclient.netty.request.NettyRequestSender - Using pooled Channel '[id: 0x82f498ed, L:/127.0.0.1:65521 - R:localhost/127.0.0.1:33210]' for 'POST' to 'http://localhost:33210/session/8e993dd34ae12754681d2132b99a7779/element/2D596CC08FCFADB814D512B23237F8A3_element_105/value'
10:47:17.598 [Forwarding sendKeysToElement on session 8e993dd34ae12754681d2132b99a7779 to remote] DEBUG org.asynchttpclient.netty.request.NettyRequestSender - Using open Channel [id: 0x82f498ed, L:/127.0.0.1:65521 - R:localhost/127.0.0.1:33210] for POST '/session/8e993dd34ae12754681d2132b99a7779/element/2D596CC08FCFADB814D512B23237F8A3_element_105/value'
10:47:17.637 [AsyncHttpClient-1-2] DEBUG org.asynchttpclient.netty.handler.HttpHandler - 

Request DefaultHttpRequest(decodeResult: success, version: HTTP/1.1)
POST /session/8e993dd34ae12754681d2132b99a7779/element/2D596CC08FCFADB814D512B23237F8A3_element_105/value HTTP/1.1
User-Agent: selenium/4.8.2 (java windows)
Content-Length: 113
Content-Type: application/json; charset=utf-8
host: localhost:33210
accept: */*

Response DefaultHttpResponse(decodeResult: success, version: HTTP/1.1)
HTTP/1.1 200 OK
Content-Length: 14
Content-Type: application/json; charset=utf-8
cache-control: no-cache

10:47:17.637 [AsyncHttpClient-1-2] DEBUG org.asynchttpclient.netty.channel.ChannelManager - Adding key: http://localhost:33210 for channel [id: 0x82f498ed, L:/127.0.0.1:65521 - R:localhost/127.0.0.1:33210]
10:47:17.640 [Forwarding findElement on session 8e993dd34ae12754681d2132b99a7779 to remote] DEBUG org.asynchttpclient.netty.request.NettyRequestSender - Using pooled Channel '[id: 0x82f498ed, L:/127.0.0.1:65521 - R:localhost/127.0.0.1:33210]' for 'POST' to 'http://localhost:33210/session/8e993dd34ae12754681d2132b99a7779/element'
10:47:17.640 [Forwarding findElement on session 8e993dd34ae12754681d2132b99a7779 to remote] DEBUG org.asynchttpclient.netty.request.NettyRequestSender - Using open Channel [id: 0x82f498ed, L:/127.0.0.1:65521 - R:localhost/127.0.0.1:33210] for POST '/session/8e993dd34ae12754681d2132b99a7779/element'
10:47:17.652 [AsyncHttpClient-1-2] DEBUG org.asynchttpclient.netty.handler.HttpHandler - 

Request DefaultHttpRequest(decodeResult: success, version: HTTP/1.1)
POST /session/8e993dd34ae12754681d2132b99a7779/element HTTP/1.1
User-Agent: selenium/4.8.2 (java windows)
Content-Length: 61
Content-Type: application/json; charset=utf-8
host: localhost:33210
accept: */*

Response DefaultHttpResponse(decodeResult: success, version: HTTP/1.1)
HTTP/1.1 200 OK
Content-Length: 96
Content-Type: application/json; charset=utf-8
cache-control: no-cache

10:47:17.652 [AsyncHttpClient-1-2] DEBUG org.asynchttpclient.netty.channel.ChannelManager - Adding key: http://localhost:33210 for channel [id: 0x82f498ed, L:/127.0.0.1:65521 - R:localhost/127.0.0.1:33210]
10:47:17.655 [Forwarding sendKeysToElement on session 8e993dd34ae12754681d2132b99a7779 to remote] DEBUG org.asynchttpclient.netty.request.NettyRequestSender - Using pooled Channel '[id: 0x82f498ed, L:/127.0.0.1:65521 - R:localhost/127.0.0.1:33210]' for 'POST' to 'http://localhost:33210/session/8e993dd34ae12754681d2132b99a7779/element/2D596CC08FCFADB814D512B23237F8A3_element_105/value'
10:47:17.655 [Forwarding sendKeysToElement on session 8e993dd34ae12754681d2132b99a7779 to remote] DEBUG org.asynchttpclient.netty.request.NettyRequestSender - Using open Channel [id: 0x82f498ed, L:/127.0.0.1:65521 - R:localhost/127.0.0.1:33210] for POST '/session/8e993dd34ae12754681d2132b99a7779/element/2D596CC08FCFADB814D512B23237F8A3_element_105/value'
10:47:17.724 [AsyncHttpClient-1-2] DEBUG org.asynchttpclient.netty.handler.HttpHandler - 

Request DefaultHttpRequest(decodeResult: success, version: HTTP/1.1)
POST /session/8e993dd34ae12754681d2132b99a7779/element/2D596CC08FCFADB814D512B23237F8A3_element_105/value HTTP/1.1
User-Agent: selenium/4.8.2 (java windows)
Content-Length: 103
Content-Type: application/json; charset=utf-8
host: localhost:33210
accept: */*

Response DefaultHttpResponse(decodeResult: success, version: HTTP/1.1)
HTTP/1.1 200 OK
Content-Length: 14
Content-Type: application/json; charset=utf-8
cache-control: no-cache

10:47:17.724 [AsyncHttpClient-1-2] DEBUG org.asynchttpclient.netty.channel.ChannelManager - Adding key: http://localhost:33210 for channel [id: 0x82f498ed, L:/127.0.0.1:65521 - R:localhost/127.0.0.1:33210]
10:47:17.740 [Forwarding findElement on session 8e993dd34ae12754681d2132b99a7779 to remote] DEBUG org.asynchttpclient.netty.request.NettyRequestSender - Using pooled Channel '[id: 0x82f498ed, L:/127.0.0.1:65521 - R:localhost/127.0.0.1:33210]' for 'POST' to 'http://localhost:33210/session/8e993dd34ae12754681d2132b99a7779/element'
10:47:17.740 [Forwarding findElement on session 8e993dd34ae12754681d2132b99a7779 to remote] DEBUG org.asynchttpclient.netty.request.NettyRequestSender - Using open Channel [id: 0x82f498ed, L:/127.0.0.1:65521 - R:localhost/127.0.0.1:33210] for POST '/session/8e993dd34ae12754681d2132b99a7779/element'
10:47:17.757 [AsyncHttpClient-1-2] DEBUG org.asynchttpclient.netty.handler.HttpHandler - 

Request DefaultHttpRequest(decodeResult: success, version: HTTP/1.1)
POST /session/8e993dd34ae12754681d2132b99a7779/element HTTP/1.1
User-Agent: selenium/4.8.2 (java windows)
Content-Length: 61
Content-Type: application/json; charset=utf-8
host: localhost:33210
accept: */*

Response DefaultHttpResponse(decodeResult: success, version: HTTP/1.1)
HTTP/1.1 200 OK
Content-Length: 96
Content-Type: application/json; charset=utf-8
cache-control: no-cache

10:47:17.757 [AsyncHttpClient-1-2] DEBUG org.asynchttpclient.netty.channel.ChannelManager - Adding key: http://localhost:33210 for channel [id: 0x82f498ed, L:/127.0.0.1:65521 - R:localhost/127.0.0.1:33210]
10:47:17.760 [Forwarding clickElement on session 8e993dd34ae12754681d2132b99a7779 to remote] DEBUG org.asynchttpclient.netty.request.NettyRequestSender - Using pooled Channel '[id: 0x82f498ed, L:/127.0.0.1:65521 - R:localhost/127.0.0.1:33210]' for 'POST' to 'http://localhost:33210/session/8e993dd34ae12754681d2132b99a7779/element/2D596CC08FCFADB814D512B23237F8A3_element_105/click'
10:47:17.760 [Forwarding clickElement on session 8e993dd34ae12754681d2132b99a7779 to remote] DEBUG org.asynchttpclient.netty.request.NettyRequestSender - Using open Channel [id: 0x82f498ed, L:/127.0.0.1:65521 - R:localhost/127.0.0.1:33210] for POST '/session/8e993dd34ae12754681d2132b99a7779/element/2D596CC08FCFADB814D512B23237F8A3_element_105/click'
10:47:17.821 [AsyncHttpClient-1-2] DEBUG org.asynchttpclient.netty.handler.HttpHandler - 

Request DefaultHttpRequest(decodeResult: success, version: HTTP/1.1)
POST /session/8e993dd34ae12754681d2132b99a7779/element/2D596CC08FCFADB814D512B23237F8A3_element_105/click HTTP/1.1
User-Agent: selenium/4.8.2 (java windows)
Content-Length: 58
Content-Type: application/json; charset=utf-8
host: localhost:33210
accept: */*

Response DefaultHttpResponse(decodeResult: success, version: HTTP/1.1)
HTTP/1.1 200 OK
Content-Length: 14
Content-Type: application/json; charset=utf-8
cache-control: no-cache

10:47:17.821 [AsyncHttpClient-1-2] DEBUG org.asynchttpclient.netty.channel.ChannelManager - Adding key: http://localhost:33210 for channel [id: 0x82f498ed, L:/127.0.0.1:65521 - R:localhost/127.0.0.1:33210]
10:47:17.823 [Forwarding findElement on session 8e993dd34ae12754681d2132b99a7779 to remote] DEBUG org.asynchttpclient.netty.request.NettyRequestSender - Using pooled Channel '[id: 0x82f498ed, L:/127.0.0.1:65521 - R:localhost/127.0.0.1:33210]' for 'POST' to 'http://localhost:33210/session/8e993dd34ae12754681d2132b99a7779/element'
10:47:17.823 [Forwarding findElement on session 8e993dd34ae12754681d2132b99a7779 to remote] DEBUG org.asynchttpclient.netty.request.NettyRequestSender - Using open Channel [id: 0x82f498ed, L:/127.0.0.1:65521 - R:localhost/127.0.0.1:33210] for POST '/session/8e993dd34ae12754681d2132b99a7779/element'
10:47:17.834 [AsyncHttpClient-1-2] DEBUG org.asynchttpclient.netty.handler.HttpHandler - 

Request DefaultHttpRequest(decodeResult: success, version: HTTP/1.1)
POST /session/8e993dd34ae12754681d2132b99a7779/element HTTP/1.1
User-Agent: selenium/4.8.2 (java windows)
Content-Length: 61
Content-Type: application/json; charset=utf-8
host: localhost:33210
accept: */*

Response DefaultHttpResponse(decodeResult: success, version: HTTP/1.1)
HTTP/1.1 200 OK
Content-Length: 96
Content-Type: application/json; charset=utf-8
cache-control: no-cache

10:47:17.835 [AsyncHttpClient-1-2] DEBUG org.asynchttpclient.netty.channel.ChannelManager - Adding key: http://localhost:33210 for channel [id: 0x82f498ed, L:/127.0.0.1:65521 - R:localhost/127.0.0.1:33210]
10:47:17.837 [Forwarding sendKeysToElement on session 8e993dd34ae12754681d2132b99a7779 to remote] DEBUG org.asynchttpclient.netty.request.NettyRequestSender - Using pooled Channel '[id: 0x82f498ed, L:/127.0.0.1:65521 - R:localhost/127.0.0.1:33210]' for 'POST' to 'http://localhost:33210/session/8e993dd34ae12754681d2132b99a7779/element/2D596CC08FCFADB814D512B23237F8A3_element_105/value'
10:47:17.837 [Forwarding sendKeysToElement on session 8e993dd34ae12754681d2132b99a7779 to remote] DEBUG org.asynchttpclient.netty.request.NettyRequestSender - Using open Channel [id: 0x82f498ed, L:/127.0.0.1:65521 - R:localhost/127.0.0.1:33210] for POST '/session/8e993dd34ae12754681d2132b99a7779/element/2D596CC08FCFADB814D512B23237F8A3_element_105/value'
10:47:18.098 [AsyncHttpClient-1-2] DEBUG org.asynchttpclient.netty.handler.HttpHandler - 

Request DefaultHttpRequest(decodeResult: success, version: HTTP/1.1)
POST /session/8e993dd34ae12754681d2132b99a7779/element/2D596CC08FCFADB814D512B23237F8A3_element_105/value HTTP/1.1
User-Agent: selenium/4.8.2 (java windows)
Content-Length: 207
Content-Type: application/json; charset=utf-8
host: localhost:33210
accept: */*

Response DefaultHttpResponse(decodeResult: success, version: HTTP/1.1)
HTTP/1.1 200 OK
Content-Length: 14
Content-Type: application/json; charset=utf-8
cache-control: no-cache

10:47:18.098 [AsyncHttpClient-1-2] DEBUG org.asynchttpclient.netty.channel.ChannelManager - Adding key: http://localhost:33210 for channel [id: 0x82f498ed, L:/127.0.0.1:65521 - R:localhost/127.0.0.1:33210]
10:47:18.187 [AsyncHttpClient-1-1] DEBUG org.asynchttpclient.netty.channel.DefaultChannelPool - Entry count for : http://localhost:33210 : 1
10:47:19.296 [AsyncHttpClient-1-1] DEBUG org.asynchttpclient.netty.channel.DefaultChannelPool - Entry count for : http://localhost:33210 : 1
10:47:20.381 [AsyncHttpClient-1-1] DEBUG org.asynchttpclient.netty.channel.DefaultChannelPool - Entry count for : http://localhost:33210 : 1
10:47:21.488 [AsyncHttpClient-1-1] DEBUG org.asynchttpclient.netty.channel.DefaultChannelPool - Entry count for : http://localhost:33210 : 1
10:47:22.583 [AsyncHttpClient-1-1] DEBUG org.asynchttpclient.netty.channel.DefaultChannelPool - Entry count for : http://localhost:33210 : 1
10:47:23.687 [AsyncHttpClient-1-1] DEBUG org.asynchttpclient.netty.channel.DefaultChannelPool - Entry count for : http://localhost:33210 : 1
10:47:24.794 [AsyncHttpClient-1-1] DEBUG org.asynchttpclient.netty.channel.DefaultChannelPool - Entry count for : http://localhost:33210 : 1
10:47:25.882 [AsyncHttpClient-1-1] DEBUG org.asynchttpclient.netty.channel.DefaultChannelPool - Entry count for : http://localhost:33210 : 1
10:47:26.982 [AsyncHttpClient-1-1] DEBUG org.asynchttpclient.netty.channel.DefaultChannelPool - Entry count for : http://localhost:33210 : 1
10:47:28.082 [AsyncHttpClient-1-1] DEBUG org.asynchttpclient.netty.channel.DefaultChannelPool - Entry count for : http://localhost:33210 : 1
10:47:29.192 [AsyncHttpClient-1-1] DEBUG org.asynchttpclient.netty.channel.DefaultChannelPool - Entry count for : http://localhost:33210 : 1
10:47:30.107 [Forwarding findElement on session 8e993dd34ae12754681d2132b99a7779 to remote] DEBUG org.asynchttpclient.netty.request.NettyRequestSender - Using pooled Channel '[id: 0x82f498ed, L:/127.0.0.1:65521 - R:localhost/127.0.0.1:33210]' for 'POST' to 'http://localhost:33210/session/8e993dd34ae12754681d2132b99a7779/element'
10:47:30.107 [Forwarding findElement on session 8e993dd34ae12754681d2132b99a7779 to remote] DEBUG org.asynchttpclient.netty.request.NettyRequestSender - Using open Channel [id: 0x82f498ed, L:/127.0.0.1:65521 - R:localhost/127.0.0.1:33210] for POST '/session/8e993dd34ae12754681d2132b99a7779/element'
10:47:30.121 [AsyncHttpClient-1-2] DEBUG org.asynchttpclient.netty.handler.HttpHandler - 

Request DefaultHttpRequest(decodeResult: success, version: HTTP/1.1)
POST /session/8e993dd34ae12754681d2132b99a7779/element HTTP/1.1
User-Agent: selenium/4.8.2 (java windows)
Content-Length: 142
Content-Type: application/json; charset=utf-8
host: localhost:33210
accept: */*

Response DefaultHttpResponse(decodeResult: success, version: HTTP/1.1)
HTTP/1.1 200 OK
Content-Length: 96
Content-Type: application/json; charset=utf-8
cache-control: no-cache

10:47:30.122 [AsyncHttpClient-1-2] DEBUG org.asynchttpclient.netty.channel.ChannelManager - Adding key: http://localhost:33210 for channel [id: 0x82f498ed, L:/127.0.0.1:65521 - R:localhost/127.0.0.1:33210]
10:47:30.124 [Forwarding clickElement on session 8e993dd34ae12754681d2132b99a7779 to remote] DEBUG org.asynchttpclient.netty.request.NettyRequestSender - Using pooled Channel '[id: 0x82f498ed, L:/127.0.0.1:65521 - R:localhost/127.0.0.1:33210]' for 'POST' to 'http://localhost:33210/session/8e993dd34ae12754681d2132b99a7779/element/2D596CC08FCFADB814D512B23237F8A3_element_107/click'
10:47:30.125 [Forwarding clickElement on session 8e993dd34ae12754681d2132b99a7779 to remote] DEBUG org.asynchttpclient.netty.request.NettyRequestSender - Using open Channel [id: 0x82f498ed, L:/127.0.0.1:65521 - R:localhost/127.0.0.1:33210] for POST '/session/8e993dd34ae12754681d2132b99a7779/element/2D596CC08FCFADB814D512B23237F8A3_element_107/click'
10:47:30.241 [AsyncHttpClient-1-2] DEBUG org.asynchttpclient.netty.handler.HttpHandler - 

Request DefaultHttpRequest(decodeResult: success, version: HTTP/1.1)
POST /session/8e993dd34ae12754681d2132b99a7779/element/2D596CC08FCFADB814D512B23237F8A3_element_107/click HTTP/1.1
User-Agent: selenium/4.8.2 (java windows)
Content-Length: 58
Content-Type: application/json; charset=utf-8
host: localhost:33210
accept: */*

Response DefaultHttpResponse(decodeResult: success, version: HTTP/1.1)
HTTP/1.1 200 OK
Content-Length: 14
Content-Type: application/json; charset=utf-8
cache-control: no-cache

10:47:30.241 [AsyncHttpClient-1-2] DEBUG org.asynchttpclient.netty.channel.ChannelManager - Adding key: http://localhost:33210 for channel [id: 0x82f498ed, L:/127.0.0.1:65521 - R:localhost/127.0.0.1:33210]
10:47:30.246 [Forwarding findElement on session 8e993dd34ae12754681d2132b99a7779 to remote] DEBUG org.asynchttpclient.netty.request.NettyRequestSender - Using pooled Channel '[id: 0x82f498ed, L:/127.0.0.1:65521 - R:localhost/127.0.0.1:33210]' for 'POST' to 'http://localhost:33210/session/8e993dd34ae12754681d2132b99a7779/element'
10:47:30.246 [Forwarding findElement on session 8e993dd34ae12754681d2132b99a7779 to remote] DEBUG org.asynchttpclient.netty.request.NettyRequestSender - Using open Channel [id: 0x82f498ed, L:/127.0.0.1:65521 - R:localhost/127.0.0.1:33210] for POST '/session/8e993dd34ae12754681d2132b99a7779/element'
10:47:30.265 [AsyncHttpClient-1-2] DEBUG org.asynchttpclient.netty.handler.HttpHandler - 

Request DefaultHttpRequest(decodeResult: success, version: HTTP/1.1)
POST /session/8e993dd34ae12754681d2132b99a7779/element HTTP/1.1
User-Agent: selenium/4.8.2 (java windows)
Content-Length: 61
Content-Type: application/json; charset=utf-8
host: localhost:33210
accept: */*

Response DefaultHttpResponse(decodeResult: success, version: HTTP/1.1)
HTTP/1.1 200 OK
Content-Length: 96
Content-Type: application/json; charset=utf-8
cache-control: no-cache

10:47:30.265 [AsyncHttpClient-1-2] DEBUG org.asynchttpclient.netty.channel.ChannelManager - Adding key: http://localhost:33210 for channel [id: 0x82f498ed, L:/127.0.0.1:65521 - R:localhost/127.0.0.1:33210]
10:47:30.269 [Forwarding getElementAttribute on session 8e993dd34ae12754681d2132b99a7779 to remote] DEBUG org.asynchttpclient.netty.request.NettyRequestSender - Using pooled Channel '[id: 0x82f498ed, L:/127.0.0.1:65521 - R:localhost/127.0.0.1:33210]' for 'POST' to 'http://localhost:33210/session/8e993dd34ae12754681d2132b99a7779/execute/sync'
10:47:30.269 [Forwarding getElementAttribute on session 8e993dd34ae12754681d2132b99a7779 to remote] DEBUG org.asynchttpclient.netty.request.NettyRequestSender - Using open Channel [id: 0x82f498ed, L:/127.0.0.1:65521 - R:localhost/127.0.0.1:33210] for POST '/session/8e993dd34ae12754681d2132b99a7779/execute/sync'
10:47:30.289 [AsyncHttpClient-1-2] DEBUG org.asynchttpclient.netty.handler.HttpHandler - 

Request DefaultHttpRequest(decodeResult: success, version: HTTP/1.1)
POST /session/8e993dd34ae12754681d2132b99a7779/execute/sync HTTP/1.1
User-Agent: selenium/4.8.2 (java windows)
Content-Length: 47376
Content-Type: application/json; charset=utf-8
host: localhost:33210
accept: */*

Response DefaultHttpResponse(decodeResult: success, version: HTTP/1.1)
HTTP/1.1 200 OK
Content-Length: 31
Content-Type: application/json; charset=utf-8
cache-control: no-cache

10:47:30.289 [AsyncHttpClient-1-2] DEBUG org.asynchttpclient.netty.channel.ChannelManager - Adding key: http://localhost:33210 for channel [id: 0x82f498ed, L:/127.0.0.1:65521 - R:localhost/127.0.0.1:33210]
10:47:30.297 [AsyncHttpClient-1-1] DEBUG org.asynchttpclient.netty.channel.DefaultChannelPool - Entry count for : http://localhost:33210 : 1
10:47:30.307 [Forwarding findElement on session 8e993dd34ae12754681d2132b99a7779 to remote] DEBUG org.asynchttpclient.netty.request.NettyRequestSender - Using pooled Channel '[id: 0x82f498ed, L:/127.0.0.1:65521 - R:localhost/127.0.0.1:33210]' for 'POST' to 'http://localhost:33210/session/8e993dd34ae12754681d2132b99a7779/element'
10:47:30.307 [Forwarding findElement on session 8e993dd34ae12754681d2132b99a7779 to remote] DEBUG org.asynchttpclient.netty.request.NettyRequestSender - Using open Channel [id: 0x82f498ed, L:/127.0.0.1:65521 - R:localhost/127.0.0.1:33210] for POST '/session/8e993dd34ae12754681d2132b99a7779/element'
10:47:30.322 [AsyncHttpClient-1-2] DEBUG org.asynchttpclient.netty.handler.HttpHandler - 

Request DefaultHttpRequest(decodeResult: success, version: HTTP/1.1)
POST /session/8e993dd34ae12754681d2132b99a7779/element HTTP/1.1
User-Agent: selenium/4.8.2 (java windows)
Content-Length: 61
Content-Type: application/json; charset=utf-8
host: localhost:33210
accept: */*

Response DefaultHttpResponse(decodeResult: success, version: HTTP/1.1)
HTTP/1.1 200 OK
Content-Length: 96
Content-Type: application/json; charset=utf-8
cache-control: no-cache

10:47:30.322 [AsyncHttpClient-1-2] DEBUG org.asynchttpclient.netty.channel.ChannelManager - Adding key: http://localhost:33210 for channel [id: 0x82f498ed, L:/127.0.0.1:65521 - R:localhost/127.0.0.1:33210]
10:47:30.326 [Forwarding clickElement on session 8e993dd34ae12754681d2132b99a7779 to remote] DEBUG org.asynchttpclient.netty.request.NettyRequestSender - Using pooled Channel '[id: 0x82f498ed, L:/127.0.0.1:65521 - R:localhost/127.0.0.1:33210]' for 'POST' to 'http://localhost:33210/session/8e993dd34ae12754681d2132b99a7779/element/2D596CC08FCFADB814D512B23237F8A3_element_105/click'
10:47:30.326 [Forwarding clickElement on session 8e993dd34ae12754681d2132b99a7779 to remote] DEBUG org.asynchttpclient.netty.request.NettyRequestSender - Using open Channel [id: 0x82f498ed, L:/127.0.0.1:65521 - R:localhost/127.0.0.1:33210] for POST '/session/8e993dd34ae12754681d2132b99a7779/element/2D596CC08FCFADB814D512B23237F8A3_element_105/click'
10:47:30.390 [AsyncHttpClient-1-2] DEBUG org.asynchttpclient.netty.handler.HttpHandler - 

Request DefaultHttpRequest(decodeResult: success, version: HTTP/1.1)
POST /session/8e993dd34ae12754681d2132b99a7779/element/2D596CC08FCFADB814D512B23237F8A3_element_105/click HTTP/1.1
User-Agent: selenium/4.8.2 (java windows)
Content-Length: 58
Content-Type: application/json; charset=utf-8
host: localhost:33210
accept: */*

Response DefaultHttpResponse(decodeResult: success, version: HTTP/1.1)
HTTP/1.1 200 OK
Content-Length: 14
Content-Type: application/json; charset=utf-8
cache-control: no-cache

10:47:30.391 [AsyncHttpClient-1-2] DEBUG org.asynchttpclient.netty.channel.ChannelManager - Adding key: http://localhost:33210 for channel [id: 0x82f498ed, L:/127.0.0.1:65521 - R:localhost/127.0.0.1:33210]
10:47:30.395 [Forwarding findElement on session 8e993dd34ae12754681d2132b99a7779 to remote] DEBUG org.asynchttpclient.netty.request.NettyRequestSender - Using pooled Channel '[id: 0x82f498ed, L:/127.0.0.1:65521 - R:localhost/127.0.0.1:33210]' for 'POST' to 'http://localhost:33210/session/8e993dd34ae12754681d2132b99a7779/element'
10:47:30.396 [Forwarding findElement on session 8e993dd34ae12754681d2132b99a7779 to remote] DEBUG org.asynchttpclient.netty.request.NettyRequestSender - Using open Channel [id: 0x82f498ed, L:/127.0.0.1:65521 - R:localhost/127.0.0.1:33210] for POST '/session/8e993dd34ae12754681d2132b99a7779/element'
10:47:30.447 [AsyncHttpClient-1-2] DEBUG org.asynchttpclient.netty.handler.HttpHandler - 

Request DefaultHttpRequest(decodeResult: success, version: HTTP/1.1)
POST /session/8e993dd34ae12754681d2132b99a7779/element HTTP/1.1
User-Agent: selenium/4.8.2 (java windows)
Content-Length: 61
Content-Type: application/json; charset=utf-8
host: localhost:33210
accept: */*

Response DefaultHttpResponse(decodeResult: success, version: HTTP/1.1)
HTTP/1.1 200 OK
Content-Length: 96
Content-Type: application/json; charset=utf-8
cache-control: no-cache

10:47:30.447 [AsyncHttpClient-1-2] DEBUG org.asynchttpclient.netty.channel.ChannelManager - Adding key: http://localhost:33210 for channel [id: 0x82f498ed, L:/127.0.0.1:65521 - R:localhost/127.0.0.1:33210]
10:47:30.451 [Forwarding sendKeysToElement on session 8e993dd34ae12754681d2132b99a7779 to remote] DEBUG org.asynchttpclient.netty.request.NettyRequestSender - Using pooled Channel '[id: 0x82f498ed, L:/127.0.0.1:65521 - R:localhost/127.0.0.1:33210]' for 'POST' to 'http://localhost:33210/session/8e993dd34ae12754681d2132b99a7779/element/2D596CC08FCFADB814D512B23237F8A3_element_105/value'
10:47:30.451 [Forwarding sendKeysToElement on session 8e993dd34ae12754681d2132b99a7779 to remote] DEBUG org.asynchttpclient.netty.request.NettyRequestSender - Using open Channel [id: 0x82f498ed, L:/127.0.0.1:65521 - R:localhost/127.0.0.1:33210] for POST '/session/8e993dd34ae12754681d2132b99a7779/element/2D596CC08FCFADB814D512B23237F8A3_element_105/value'
10:47:30.516 [AsyncHttpClient-1-2] DEBUG org.asynchttpclient.netty.handler.HttpHandler - 

Request DefaultHttpRequest(decodeResult: success, version: HTTP/1.1)
POST /session/8e993dd34ae12754681d2132b99a7779/element/2D596CC08FCFADB814D512B23237F8A3_element_105/value HTTP/1.1
User-Agent: selenium/4.8.2 (java windows)
Content-Length: 113
Content-Type: application/json; charset=utf-8
host: localhost:33210
accept: */*

Response DefaultHttpResponse(decodeResult: success, version: HTTP/1.1)
HTTP/1.1 200 OK
Content-Length: 14
Content-Type: application/json; charset=utf-8
cache-control: no-cache

10:47:30.516 [AsyncHttpClient-1-2] DEBUG org.asynchttpclient.netty.channel.ChannelManager - Adding key: http://localhost:33210 for channel [id: 0x82f498ed, L:/127.0.0.1:65521 - R:localhost/127.0.0.1:33210]
10:47:30.518 [Forwarding findElement on session 8e993dd34ae12754681d2132b99a7779 to remote] DEBUG org.asynchttpclient.netty.request.NettyRequestSender - Using pooled Channel '[id: 0x82f498ed, L:/127.0.0.1:65521 - R:localhost/127.0.0.1:33210]' for 'POST' to 'http://localhost:33210/session/8e993dd34ae12754681d2132b99a7779/element'
10:47:30.518 [Forwarding findElement on session 8e993dd34ae12754681d2132b99a7779 to remote] DEBUG org.asynchttpclient.netty.request.NettyRequestSender - Using open Channel [id: 0x82f498ed, L:/127.0.0.1:65521 - R:localhost/127.0.0.1:33210] for POST '/session/8e993dd34ae12754681d2132b99a7779/element'
10:47:30.529 [AsyncHttpClient-1-2] DEBUG org.asynchttpclient.netty.handler.HttpHandler - 

Request DefaultHttpRequest(decodeResult: success, version: HTTP/1.1)
POST /session/8e993dd34ae12754681d2132b99a7779/element HTTP/1.1
User-Agent: selenium/4.8.2 (java windows)
Content-Length: 61
Content-Type: application/json; charset=utf-8
host: localhost:33210
accept: */*

Response DefaultHttpResponse(decodeResult: success, version: HTTP/1.1)
HTTP/1.1 200 OK
Content-Length: 96
Content-Type: application/json; charset=utf-8
cache-control: no-cache

10:47:30.530 [AsyncHttpClient-1-2] DEBUG org.asynchttpclient.netty.channel.ChannelManager - Adding key: http://localhost:33210 for channel [id: 0x82f498ed, L:/127.0.0.1:65521 - R:localhost/127.0.0.1:33210]
10:47:30.534 [Forwarding sendKeysToElement on session 8e993dd34ae12754681d2132b99a7779 to remote] DEBUG org.asynchttpclient.netty.request.NettyRequestSender - Using pooled Channel '[id: 0x82f498ed, L:/127.0.0.1:65521 - R:localhost/127.0.0.1:33210]' for 'POST' to 'http://localhost:33210/session/8e993dd34ae12754681d2132b99a7779/element/2D596CC08FCFADB814D512B23237F8A3_element_105/value'
10:47:30.534 [Forwarding sendKeysToElement on session 8e993dd34ae12754681d2132b99a7779 to remote] DEBUG org.asynchttpclient.netty.request.NettyRequestSender - Using open Channel [id: 0x82f498ed, L:/127.0.0.1:65521 - R:localhost/127.0.0.1:33210] for POST '/session/8e993dd34ae12754681d2132b99a7779/element/2D596CC08FCFADB814D512B23237F8A3_element_105/value'
10:47:30.611 [AsyncHttpClient-1-2] DEBUG org.asynchttpclient.netty.handler.HttpHandler - 

Request DefaultHttpRequest(decodeResult: success, version: HTTP/1.1)
POST /session/8e993dd34ae12754681d2132b99a7779/element/2D596CC08FCFADB814D512B23237F8A3_element_105/value HTTP/1.1
User-Agent: selenium/4.8.2 (java windows)
Content-Length: 103
Content-Type: application/json; charset=utf-8
host: localhost:33210
accept: */*

Response DefaultHttpResponse(decodeResult: success, version: HTTP/1.1)
HTTP/1.1 200 OK
Content-Length: 14
Content-Type: application/json; charset=utf-8
cache-control: no-cache

10:47:30.611 [AsyncHttpClient-1-2] DEBUG org.asynchttpclient.netty.channel.ChannelManager - Adding key: http://localhost:33210 for channel [id: 0x82f498ed, L:/127.0.0.1:65521 - R:localhost/127.0.0.1:33210]
10:47:30.616 [Forwarding findElement on session 8e993dd34ae12754681d2132b99a7779 to remote] DEBUG org.asynchttpclient.netty.request.NettyRequestSender - Using pooled Channel '[id: 0x82f498ed, L:/127.0.0.1:65521 - R:localhost/127.0.0.1:33210]' for 'POST' to 'http://localhost:33210/session/8e993dd34ae12754681d2132b99a7779/element'
10:47:30.616 [Forwarding findElement on session 8e993dd34ae12754681d2132b99a7779 to remote] DEBUG org.asynchttpclient.netty.request.NettyRequestSender - Using open Channel [id: 0x82f498ed, L:/127.0.0.1:65521 - R:localhost/127.0.0.1:33210] for POST '/session/8e993dd34ae12754681d2132b99a7779/element'
10:47:30.679 [AsyncHttpClient-1-2] DEBUG org.asynchttpclient.netty.handler.HttpHandler - 

Request DefaultHttpRequest(decodeResult: success, version: HTTP/1.1)
POST /session/8e993dd34ae12754681d2132b99a7779/element HTTP/1.1
User-Agent: selenium/4.8.2 (java windows)
Content-Length: 61
Content-Type: application/json; charset=utf-8
host: localhost:33210
accept: */*

Response DefaultHttpResponse(decodeResult: success, version: HTTP/1.1)
HTTP/1.1 200 OK
Content-Length: 96
Content-Type: application/json; charset=utf-8
cache-control: no-cache

10:47:30.679 [AsyncHttpClient-1-2] DEBUG org.asynchttpclient.netty.channel.ChannelManager - Adding key: http://localhost:33210 for channel [id: 0x82f498ed, L:/127.0.0.1:65521 - R:localhost/127.0.0.1:33210]
10:47:30.683 [Forwarding clickElement on session 8e993dd34ae12754681d2132b99a7779 to remote] DEBUG org.asynchttpclient.netty.request.NettyRequestSender - Using pooled Channel '[id: 0x82f498ed, L:/127.0.0.1:65521 - R:localhost/127.0.0.1:33210]' for 'POST' to 'http://localhost:33210/session/8e993dd34ae12754681d2132b99a7779/element/2D596CC08FCFADB814D512B23237F8A3_element_105/click'
10:47:30.683 [Forwarding clickElement on session 8e993dd34ae12754681d2132b99a7779 to remote] DEBUG org.asynchttpclient.netty.request.NettyRequestSender - Using open Channel [id: 0x82f498ed, L:/127.0.0.1:65521 - R:localhost/127.0.0.1:33210] for POST '/session/8e993dd34ae12754681d2132b99a7779/element/2D596CC08FCFADB814D512B23237F8A3_element_105/click'
10:47:30.741 [AsyncHttpClient-1-2] DEBUG org.asynchttpclient.netty.handler.HttpHandler - 

Request DefaultHttpRequest(decodeResult: success, version: HTTP/1.1)
POST /session/8e993dd34ae12754681d2132b99a7779/element/2D596CC08FCFADB814D512B23237F8A3_element_105/click HTTP/1.1
User-Agent: selenium/4.8.2 (java windows)
Content-Length: 58
Content-Type: application/json; charset=utf-8
host: localhost:33210
accept: */*

Response DefaultHttpResponse(decodeResult: success, version: HTTP/1.1)
HTTP/1.1 200 OK
Content-Length: 14
Content-Type: application/json; charset=utf-8
cache-control: no-cache

10:47:30.741 [AsyncHttpClient-1-2] DEBUG org.asynchttpclient.netty.channel.ChannelManager - Adding key: http://localhost:33210 for channel [id: 0x82f498ed, L:/127.0.0.1:65521 - R:localhost/127.0.0.1:33210]
10:47:30.744 [Forwarding findElement on session 8e993dd34ae12754681d2132b99a7779 to remote] DEBUG org.asynchttpclient.netty.request.NettyRequestSender - Using pooled Channel '[id: 0x82f498ed, L:/127.0.0.1:65521 - R:localhost/127.0.0.1:33210]' for 'POST' to 'http://localhost:33210/session/8e993dd34ae12754681d2132b99a7779/element'
10:47:30.744 [Forwarding findElement on session 8e993dd34ae12754681d2132b99a7779 to remote] DEBUG org.asynchttpclient.netty.request.NettyRequestSender - Using open Channel [id: 0x82f498ed, L:/127.0.0.1:65521 - R:localhost/127.0.0.1:33210] for POST '/session/8e993dd34ae12754681d2132b99a7779/element'
10:47:30.756 [AsyncHttpClient-1-2] DEBUG org.asynchttpclient.netty.handler.HttpHandler - 

Request DefaultHttpRequest(decodeResult: success, version: HTTP/1.1)
POST /session/8e993dd34ae12754681d2132b99a7779/element HTTP/1.1
User-Agent: selenium/4.8.2 (java windows)
Content-Length: 61
Content-Type: application/json; charset=utf-8
host: localhost:33210
accept: */*

Response DefaultHttpResponse(decodeResult: success, version: HTTP/1.1)
HTTP/1.1 200 OK
Content-Length: 96
Content-Type: application/json; charset=utf-8
cache-control: no-cache

10:47:30.757 [AsyncHttpClient-1-2] DEBUG org.asynchttpclient.netty.channel.ChannelManager - Adding key: http://localhost:33210 for channel [id: 0x82f498ed, L:/127.0.0.1:65521 - R:localhost/127.0.0.1:33210]
10:47:30.760 [Forwarding sendKeysToElement on session 8e993dd34ae12754681d2132b99a7779 to remote] DEBUG org.asynchttpclient.netty.request.NettyRequestSender - Using pooled Channel '[id: 0x82f498ed, L:/127.0.0.1:65521 - R:localhost/127.0.0.1:33210]' for 'POST' to 'http://localhost:33210/session/8e993dd34ae12754681d2132b99a7779/element/2D596CC08FCFADB814D512B23237F8A3_element_105/value'
10:47:30.761 [Forwarding sendKeysToElement on session 8e993dd34ae12754681d2132b99a7779 to remote] DEBUG org.asynchttpclient.netty.request.NettyRequestSender - Using open Channel [id: 0x82f498ed, L:/127.0.0.1:65521 - R:localhost/127.0.0.1:33210] for POST '/session/8e993dd34ae12754681d2132b99a7779/element/2D596CC08FCFADB814D512B23237F8A3_element_105/value'
10:47:31.039 [AsyncHttpClient-1-2] DEBUG org.asynchttpclient.netty.handler.HttpHandler - 

Request DefaultHttpRequest(decodeResult: success, version: HTTP/1.1)
POST /session/8e993dd34ae12754681d2132b99a7779/element/2D596CC08FCFADB814D512B23237F8A3_element_105/value HTTP/1.1
User-Agent: selenium/4.8.2 (java windows)
Content-Length: 187
Content-Type: application/json; charset=utf-8
host: localhost:33210
accept: */*

Response DefaultHttpResponse(decodeResult: success, version: HTTP/1.1)
HTTP/1.1 200 OK
Content-Length: 14
Content-Type: application/json; charset=utf-8
cache-control: no-cache

10:47:31.039 [AsyncHttpClient-1-2] DEBUG org.asynchttpclient.netty.channel.ChannelManager - Adding key: http://localhost:33210 for channel [id: 0x82f498ed, L:/127.0.0.1:65521 - R:localhost/127.0.0.1:33210]
10:47:31.392 [AsyncHttpClient-1-1] DEBUG org.asynchttpclient.netty.channel.DefaultChannelPool - Entry count for : http://localhost:33210 : 1
10:47:32.481 [AsyncHttpClient-1-1] DEBUG org.asynchttpclient.netty.channel.DefaultChannelPool - Entry count for : http://localhost:33210 : 1
10:47:33.581 [AsyncHttpClient-1-1] DEBUG org.asynchttpclient.netty.channel.DefaultChannelPool - Entry count for : http://localhost:33210 : 1
10:47:34.691 [AsyncHttpClient-1-1] DEBUG org.asynchttpclient.netty.channel.DefaultChannelPool - Entry count for : http://localhost:33210 : 1
10:47:35.782 [AsyncHttpClient-1-1] DEBUG org.asynchttpclient.netty.channel.DefaultChannelPool - Entry count for : http://localhost:33210 : 1
10:47:36.891 [AsyncHttpClient-1-1] DEBUG org.asynchttpclient.netty.channel.DefaultChannelPool - Entry count for : http://localhost:33210 : 1
10:47:37.982 [AsyncHttpClient-1-1] DEBUG org.asynchttpclient.netty.channel.DefaultChannelPool - Entry count for : http://localhost:33210 : 1
10:47:39.091 [AsyncHttpClient-1-1] DEBUG org.asynchttpclient.netty.channel.DefaultChannelPool - Entry count for : http://localhost:33210 : 1
10:47:40.191 [AsyncHttpClient-1-1] DEBUG org.asynchttpclient.netty.channel.DefaultChannelPool - Entry count for : http://localhost:33210 : 1
10:47:41.291 [AsyncHttpClient-1-1] DEBUG org.asynchttpclient.netty.channel.DefaultChannelPool - Entry count for : http://localhost:33210 : 1
10:47:42.391 [AsyncHttpClient-1-1] DEBUG org.asynchttpclient.netty.channel.DefaultChannelPool - Entry count for : http://localhost:33210 : 1
10:47:43.052 [Forwarding findElement on session 8e993dd34ae12754681d2132b99a7779 to remote] DEBUG org.asynchttpclient.netty.request.NettyRequestSender - Using pooled Channel '[id: 0x82f498ed, L:/127.0.0.1:65521 - R:localhost/127.0.0.1:33210]' for 'POST' to 'http://localhost:33210/session/8e993dd34ae12754681d2132b99a7779/element'
10:47:43.052 [Forwarding findElement on session 8e993dd34ae12754681d2132b99a7779 to remote] DEBUG org.asynchttpclient.netty.request.NettyRequestSender - Using open Channel [id: 0x82f498ed, L:/127.0.0.1:65521 - R:localhost/127.0.0.1:33210] for POST '/session/8e993dd34ae12754681d2132b99a7779/element'
10:47:43.060 [AsyncHttpClient-1-2] DEBUG org.asynchttpclient.netty.handler.HttpHandler - 

Request DefaultHttpRequest(decodeResult: success, version: HTTP/1.1)
POST /session/8e993dd34ae12754681d2132b99a7779/element HTTP/1.1
User-Agent: selenium/4.8.2 (java windows)
Content-Length: 142
Content-Type: application/json; charset=utf-8
host: localhost:33210
accept: */*

Response DefaultHttpResponse(decodeResult: success, version: HTTP/1.1)
HTTP/1.1 200 OK
Content-Length: 96
Content-Type: application/json; charset=utf-8
cache-control: no-cache

10:47:43.060 [AsyncHttpClient-1-2] DEBUG org.asynchttpclient.netty.channel.ChannelManager - Adding key: http://localhost:33210 for channel [id: 0x82f498ed, L:/127.0.0.1:65521 - R:localhost/127.0.0.1:33210]
10:47:43.060 [Forwarding clickElement on session 8e993dd34ae12754681d2132b99a7779 to remote] DEBUG org.asynchttpclient.netty.request.NettyRequestSender - Using pooled Channel '[id: 0x82f498ed, L:/127.0.0.1:65521 - R:localhost/127.0.0.1:33210]' for 'POST' to 'http://localhost:33210/session/8e993dd34ae12754681d2132b99a7779/element/2D596CC08FCFADB814D512B23237F8A3_element_107/click'
10:47:43.060 [Forwarding clickElement on session 8e993dd34ae12754681d2132b99a7779 to remote] DEBUG org.asynchttpclient.netty.request.NettyRequestSender - Using open Channel [id: 0x82f498ed, L:/127.0.0.1:65521 - R:localhost/127.0.0.1:33210] for POST '/session/8e993dd34ae12754681d2132b99a7779/element/2D596CC08FCFADB814D512B23237F8A3_element_107/click'
10:47:43.183 [AsyncHttpClient-1-2] DEBUG org.asynchttpclient.netty.handler.HttpHandler - 

Request DefaultHttpRequest(decodeResult: success, version: HTTP/1.1)
POST /session/8e993dd34ae12754681d2132b99a7779/element/2D596CC08FCFADB814D512B23237F8A3_element_107/click HTTP/1.1
User-Agent: selenium/4.8.2 (java windows)
Content-Length: 58
Content-Type: application/json; charset=utf-8
host: localhost:33210
accept: */*

Response DefaultHttpResponse(decodeResult: success, version: HTTP/1.1)
HTTP/1.1 200 OK
Content-Length: 14
Content-Type: application/json; charset=utf-8
cache-control: no-cache

10:47:43.183 [AsyncHttpClient-1-2] DEBUG org.asynchttpclient.netty.channel.ChannelManager - Adding key: http://localhost:33210 for channel [id: 0x82f498ed, L:/127.0.0.1:65521 - R:localhost/127.0.0.1:33210]
10:47:43.482 [AsyncHttpClient-1-1] DEBUG org.asynchttpclient.netty.channel.DefaultChannelPool - Entry count for : http://localhost:33210 : 1
10:47:44.590 [AsyncHttpClient-1-1] DEBUG org.asynchttpclient.netty.channel.DefaultChannelPool - Entry count for : http://localhost:33210 : 1
10:47:45.681 [AsyncHttpClient-1-1] DEBUG org.asynchttpclient.netty.channel.DefaultChannelPool - Entry count for : http://localhost:33210 : 1
10:47:46.791 [AsyncHttpClient-1-1] DEBUG org.asynchttpclient.netty.channel.DefaultChannelPool - Entry count for : http://localhost:33210 : 1
10:47:47.886 [AsyncHttpClient-1-1] DEBUG org.asynchttpclient.netty.channel.DefaultChannelPool - Entry count for : http://localhost:33210 : 1
10:47:48.986 [AsyncHttpClient-1-1] DEBUG org.asynchttpclient.netty.channel.DefaultChannelPool - Entry count for : http://localhost:33210 : 1
10:47:50.102 [AsyncHttpClient-1-1] DEBUG org.asynchttpclient.netty.channel.DefaultChannelPool - Entry count for : http://localhost:33210 : 1
10:47:51.182 [AsyncHttpClient-1-1] DEBUG org.asynchttpclient.netty.channel.DefaultChannelPool - Entry count for : http://localhost:33210 : 1
10:47:52.282 [AsyncHttpClient-1-1] DEBUG org.asynchttpclient.netty.channel.DefaultChannelPool - Entry count for : http://localhost:33210 : 1
10:47:53.382 [AsyncHttpClient-1-1] DEBUG org.asynchttpclient.netty.channel.DefaultChannelPool - Entry count for : http://localhost:33210 : 1
10:47:54.481 [AsyncHttpClient-1-1] DEBUG org.asynchttpclient.netty.channel.DefaultChannelPool - Entry count for : http://localhost:33210 : 1
10:47:55.190 [Forwarding findElement on session 8e993dd34ae12754681d2132b99a7779 to remote] DEBUG org.asynchttpclient.netty.request.NettyRequestSender - Using pooled Channel '[id: 0x82f498ed, L:/127.0.0.1:65521 - R:localhost/127.0.0.1:33210]' for 'POST' to 'http://localhost:33210/session/8e993dd34ae12754681d2132b99a7779/element'
10:47:55.190 [Forwarding findElement on session 8e993dd34ae12754681d2132b99a7779 to remote] DEBUG org.asynchttpclient.netty.request.NettyRequestSender - Using open Channel [id: 0x82f498ed, L:/127.0.0.1:65521 - R:localhost/127.0.0.1:33210] for POST '/session/8e993dd34ae12754681d2132b99a7779/element'
10:47:55.206 [AsyncHttpClient-1-2] DEBUG org.asynchttpclient.netty.handler.HttpHandler - 

Request DefaultHttpRequest(decodeResult: success, version: HTTP/1.1)
POST /session/8e993dd34ae12754681d2132b99a7779/element HTTP/1.1
User-Agent: selenium/4.8.2 (java windows)
Content-Length: 61
Content-Type: application/json; charset=utf-8
host: localhost:33210
accept: */*

Response DefaultHttpResponse(decodeResult: success, version: HTTP/1.1)
HTTP/1.1 200 OK
Content-Length: 96
Content-Type: application/json; charset=utf-8
cache-control: no-cache

10:47:55.207 [AsyncHttpClient-1-2] DEBUG org.asynchttpclient.netty.channel.ChannelManager - Adding key: http://localhost:33210 for channel [id: 0x82f498ed, L:/127.0.0.1:65521 - R:localhost/127.0.0.1:33210]
10:47:55.210 [Forwarding getElementAttribute on session 8e993dd34ae12754681d2132b99a7779 to remote] DEBUG org.asynchttpclient.netty.request.NettyRequestSender - Using pooled Channel '[id: 0x82f498ed, L:/127.0.0.1:65521 - R:localhost/127.0.0.1:33210]' for 'POST' to 'http://localhost:33210/session/8e993dd34ae12754681d2132b99a7779/execute/sync'
10:47:55.210 [Forwarding getElementAttribute on session 8e993dd34ae12754681d2132b99a7779 to remote] DEBUG org.asynchttpclient.netty.request.NettyRequestSender - Using open Channel [id: 0x82f498ed, L:/127.0.0.1:65521 - R:localhost/127.0.0.1:33210] for POST '/session/8e993dd34ae12754681d2132b99a7779/execute/sync'
10:47:55.221 [AsyncHttpClient-1-2] DEBUG org.asynchttpclient.netty.handler.HttpHandler - 

Request DefaultHttpRequest(decodeResult: success, version: HTTP/1.1)
POST /session/8e993dd34ae12754681d2132b99a7779/execute/sync HTTP/1.1
User-Agent: selenium/4.8.2 (java windows)
Content-Length: 47376
Content-Type: application/json; charset=utf-8
host: localhost:33210
accept: */*

Response DefaultHttpResponse(decodeResult: success, version: HTTP/1.1)
HTTP/1.1 200 OK
Content-Length: 31
Content-Type: application/json; charset=utf-8
cache-control: no-cache

10:47:55.221 [AsyncHttpClient-1-2] DEBUG org.asynchttpclient.netty.channel.ChannelManager - Adding key: http://localhost:33210 for channel [id: 0x82f498ed, L:/127.0.0.1:65521 - R:localhost/127.0.0.1:33210]
10:47:55.242 [Forwarding findElement on session 8e993dd34ae12754681d2132b99a7779 to remote] DEBUG org.asynchttpclient.netty.request.NettyRequestSender - Using pooled Channel '[id: 0x82f498ed, L:/127.0.0.1:65521 - R:localhost/127.0.0.1:33210]' for 'POST' to 'http://localhost:33210/session/8e993dd34ae12754681d2132b99a7779/element'
10:47:55.242 [Forwarding findElement on session 8e993dd34ae12754681d2132b99a7779 to remote] DEBUG org.asynchttpclient.netty.request.NettyRequestSender - Using open Channel [id: 0x82f498ed, L:/127.0.0.1:65521 - R:localhost/127.0.0.1:33210] for POST '/session/8e993dd34ae12754681d2132b99a7779/element'
10:47:55.258 [AsyncHttpClient-1-2] DEBUG org.asynchttpclient.netty.handler.HttpHandler - 

Request DefaultHttpRequest(decodeResult: success, version: HTTP/1.1)
POST /session/8e993dd34ae12754681d2132b99a7779/element HTTP/1.1
User-Agent: selenium/4.8.2 (java windows)
Content-Length: 61
Content-Type: application/json; charset=utf-8
host: localhost:33210
accept: */*

Response DefaultHttpResponse(decodeResult: success, version: HTTP/1.1)
HTTP/1.1 200 OK
Content-Length: 96
Content-Type: application/json; charset=utf-8
cache-control: no-cache

10:47:55.258 [AsyncHttpClient-1-2] DEBUG org.asynchttpclient.netty.channel.ChannelManager - Adding key: http://localhost:33210 for channel [id: 0x82f498ed, L:/127.0.0.1:65521 - R:localhost/127.0.0.1:33210]
10:47:55.261 [Forwarding clickElement on session 8e993dd34ae12754681d2132b99a7779 to remote] DEBUG org.asynchttpclient.netty.request.NettyRequestSender - Using pooled Channel '[id: 0x82f498ed, L:/127.0.0.1:65521 - R:localhost/127.0.0.1:33210]' for 'POST' to 'http://localhost:33210/session/8e993dd34ae12754681d2132b99a7779/element/2D596CC08FCFADB814D512B23237F8A3_element_105/click'
10:47:55.261 [Forwarding clickElement on session 8e993dd34ae12754681d2132b99a7779 to remote] DEBUG org.asynchttpclient.netty.request.NettyRequestSender - Using open Channel [id: 0x82f498ed, L:/127.0.0.1:65521 - R:localhost/127.0.0.1:33210] for POST '/session/8e993dd34ae12754681d2132b99a7779/element/2D596CC08FCFADB814D512B23237F8A3_element_105/click'
10:47:55.395 [AsyncHttpClient-1-2] DEBUG org.asynchttpclient.netty.handler.HttpHandler - 

Request DefaultHttpRequest(decodeResult: success, version: HTTP/1.1)
POST /session/8e993dd34ae12754681d2132b99a7779/element/2D596CC08FCFADB814D512B23237F8A3_element_105/click HTTP/1.1
User-Agent: selenium/4.8.2 (java windows)
Content-Length: 58
Content-Type: application/json; charset=utf-8
host: localhost:33210
accept: */*

Response DefaultHttpResponse(decodeResult: success, version: HTTP/1.1)
HTTP/1.1 200 OK
Content-Length: 14
Content-Type: application/json; charset=utf-8
cache-control: no-cache

10:47:55.396 [AsyncHttpClient-1-2] DEBUG org.asynchttpclient.netty.channel.ChannelManager - Adding key: http://localhost:33210 for channel [id: 0x82f498ed, L:/127.0.0.1:65521 - R:localhost/127.0.0.1:33210]
10:47:55.400 [Forwarding findElement on session 8e993dd34ae12754681d2132b99a7779 to remote] DEBUG org.asynchttpclient.netty.request.NettyRequestSender - Using pooled Channel '[id: 0x82f498ed, L:/127.0.0.1:65521 - R:localhost/127.0.0.1:33210]' for 'POST' to 'http://localhost:33210/session/8e993dd34ae12754681d2132b99a7779/element'
10:47:55.400 [Forwarding findElement on session 8e993dd34ae12754681d2132b99a7779 to remote] DEBUG org.asynchttpclient.netty.request.NettyRequestSender - Using open Channel [id: 0x82f498ed, L:/127.0.0.1:65521 - R:localhost/127.0.0.1:33210] for POST '/session/8e993dd34ae12754681d2132b99a7779/element'
10:47:55.446 [AsyncHttpClient-1-2] DEBUG org.asynchttpclient.netty.handler.HttpHandler - 

Request DefaultHttpRequest(decodeResult: success, version: HTTP/1.1)
POST /session/8e993dd34ae12754681d2132b99a7779/element HTTP/1.1
User-Agent: selenium/4.8.2 (java windows)
Content-Length: 61
Content-Type: application/json; charset=utf-8
host: localhost:33210
accept: */*

Response DefaultHttpResponse(decodeResult: success, version: HTTP/1.1)
HTTP/1.1 200 OK
Content-Length: 96
Content-Type: application/json; charset=utf-8
cache-control: no-cache

10:47:55.446 [AsyncHttpClient-1-2] DEBUG org.asynchttpclient.netty.channel.ChannelManager - Adding key: http://localhost:33210 for channel [id: 0x82f498ed, L:/127.0.0.1:65521 - R:localhost/127.0.0.1:33210]
10:47:55.449 [Forwarding sendKeysToElement on session 8e993dd34ae12754681d2132b99a7779 to remote] DEBUG org.asynchttpclient.netty.request.NettyRequestSender - Using pooled Channel '[id: 0x82f498ed, L:/127.0.0.1:65521 - R:localhost/127.0.0.1:33210]' for 'POST' to 'http://localhost:33210/session/8e993dd34ae12754681d2132b99a7779/element/2D596CC08FCFADB814D512B23237F8A3_element_105/value'
10:47:55.450 [Forwarding sendKeysToElement on session 8e993dd34ae12754681d2132b99a7779 to remote] DEBUG org.asynchttpclient.netty.request.NettyRequestSender - Using open Channel [id: 0x82f498ed, L:/127.0.0.1:65521 - R:localhost/127.0.0.1:33210] for POST '/session/8e993dd34ae12754681d2132b99a7779/element/2D596CC08FCFADB814D512B23237F8A3_element_105/value'
10:47:55.498 [AsyncHttpClient-1-2] DEBUG org.asynchttpclient.netty.handler.HttpHandler - 

Request DefaultHttpRequest(decodeResult: success, version: HTTP/1.1)
POST /session/8e993dd34ae12754681d2132b99a7779/element/2D596CC08FCFADB814D512B23237F8A3_element_105/value HTTP/1.1
User-Agent: selenium/4.8.2 (java windows)
Content-Length: 113
Content-Type: application/json; charset=utf-8
host: localhost:33210
accept: */*

Response DefaultHttpResponse(decodeResult: success, version: HTTP/1.1)
HTTP/1.1 200 OK
Content-Length: 14
Content-Type: application/json; charset=utf-8
cache-control: no-cache

10:47:55.498 [AsyncHttpClient-1-2] DEBUG org.asynchttpclient.netty.channel.ChannelManager - Adding key: http://localhost:33210 for channel [id: 0x82f498ed, L:/127.0.0.1:65521 - R:localhost/127.0.0.1:33210]
10:47:55.500 [Forwarding findElement on session 8e993dd34ae12754681d2132b99a7779 to remote] DEBUG org.asynchttpclient.netty.request.NettyRequestSender - Using pooled Channel '[id: 0x82f498ed, L:/127.0.0.1:65521 - R:localhost/127.0.0.1:33210]' for 'POST' to 'http://localhost:33210/session/8e993dd34ae12754681d2132b99a7779/element'
10:47:55.500 [Forwarding findElement on session 8e993dd34ae12754681d2132b99a7779 to remote] DEBUG org.asynchttpclient.netty.request.NettyRequestSender - Using open Channel [id: 0x82f498ed, L:/127.0.0.1:65521 - R:localhost/127.0.0.1:33210] for POST '/session/8e993dd34ae12754681d2132b99a7779/element'
10:47:55.512 [AsyncHttpClient-1-2] DEBUG org.asynchttpclient.netty.handler.HttpHandler - 

Request DefaultHttpRequest(decodeResult: success, version: HTTP/1.1)
POST /session/8e993dd34ae12754681d2132b99a7779/element HTTP/1.1
User-Agent: selenium/4.8.2 (java windows)
Content-Length: 61
Content-Type: application/json; charset=utf-8
host: localhost:33210
accept: */*

Response DefaultHttpResponse(decodeResult: success, version: HTTP/1.1)
HTTP/1.1 200 OK
Content-Length: 96
Content-Type: application/json; charset=utf-8
cache-control: no-cache

10:47:55.513 [AsyncHttpClient-1-2] DEBUG org.asynchttpclient.netty.channel.ChannelManager - Adding key: http://localhost:33210 for channel [id: 0x82f498ed, L:/127.0.0.1:65521 - R:localhost/127.0.0.1:33210]
10:47:55.516 [Forwarding sendKeysToElement on session 8e993dd34ae12754681d2132b99a7779 to remote] DEBUG org.asynchttpclient.netty.request.NettyRequestSender - Using pooled Channel '[id: 0x82f498ed, L:/127.0.0.1:65521 - R:localhost/127.0.0.1:33210]' for 'POST' to 'http://localhost:33210/session/8e993dd34ae12754681d2132b99a7779/element/2D596CC08FCFADB814D512B23237F8A3_element_105/value'
10:47:55.516 [Forwarding sendKeysToElement on session 8e993dd34ae12754681d2132b99a7779 to remote] DEBUG org.asynchttpclient.netty.request.NettyRequestSender - Using open Channel [id: 0x82f498ed, L:/127.0.0.1:65521 - R:localhost/127.0.0.1:33210] for POST '/session/8e993dd34ae12754681d2132b99a7779/element/2D596CC08FCFADB814D512B23237F8A3_element_105/value'
10:47:55.619 [AsyncHttpClient-1-2] DEBUG org.asynchttpclient.netty.handler.HttpHandler - 

Request DefaultHttpRequest(decodeResult: success, version: HTTP/1.1)
POST /session/8e993dd34ae12754681d2132b99a7779/element/2D596CC08FCFADB814D512B23237F8A3_element_105/value HTTP/1.1
User-Agent: selenium/4.8.2 (java windows)
Content-Length: 103
Content-Type: application/json; charset=utf-8
host: localhost:33210
accept: */*

Response DefaultHttpResponse(decodeResult: success, version: HTTP/1.1)
HTTP/1.1 200 OK
Content-Length: 14
Content-Type: application/json; charset=utf-8
cache-control: no-cache

10:47:55.619 [AsyncHttpClient-1-2] DEBUG org.asynchttpclient.netty.channel.ChannelManager - Adding key: http://localhost:33210 for channel [id: 0x82f498ed, L:/127.0.0.1:65521 - R:localhost/127.0.0.1:33210]
10:47:55.623 [Forwarding findElement on session 8e993dd34ae12754681d2132b99a7779 to remote] DEBUG org.asynchttpclient.netty.request.NettyRequestSender - Using pooled Channel '[id: 0x82f498ed, L:/127.0.0.1:65521 - R:localhost/127.0.0.1:33210]' for 'POST' to 'http://localhost:33210/session/8e993dd34ae12754681d2132b99a7779/element'
10:47:55.623 [Forwarding findElement on session 8e993dd34ae12754681d2132b99a7779 to remote] DEBUG org.asynchttpclient.netty.request.NettyRequestSender - Using open Channel [id: 0x82f498ed, L:/127.0.0.1:65521 - R:localhost/127.0.0.1:33210] for POST '/session/8e993dd34ae12754681d2132b99a7779/element'
10:47:55.707 [AsyncHttpClient-1-2] DEBUG org.asynchttpclient.netty.handler.HttpHandler - 

Request DefaultHttpRequest(decodeResult: success, version: HTTP/1.1)
POST /session/8e993dd34ae12754681d2132b99a7779/element HTTP/1.1
User-Agent: selenium/4.8.2 (java windows)
Content-Length: 61
Content-Type: application/json; charset=utf-8
host: localhost:33210
accept: */*

Response DefaultHttpResponse(decodeResult: success, version: HTTP/1.1)
HTTP/1.1 200 OK
Content-Length: 96
Content-Type: application/json; charset=utf-8
cache-control: no-cache

10:47:55.708 [AsyncHttpClient-1-2] DEBUG org.asynchttpclient.netty.channel.ChannelManager - Adding key: http://localhost:33210 for channel [id: 0x82f498ed, L:/127.0.0.1:65521 - R:localhost/127.0.0.1:33210]
10:47:55.710 [Forwarding clickElement on session 8e993dd34ae12754681d2132b99a7779 to remote] DEBUG org.asynchttpclient.netty.request.NettyRequestSender - Using pooled Channel '[id: 0x82f498ed, L:/127.0.0.1:65521 - R:localhost/127.0.0.1:33210]' for 'POST' to 'http://localhost:33210/session/8e993dd34ae12754681d2132b99a7779/element/2D596CC08FCFADB814D512B23237F8A3_element_105/click'
10:47:55.710 [Forwarding clickElement on session 8e993dd34ae12754681d2132b99a7779 to remote] DEBUG org.asynchttpclient.netty.request.NettyRequestSender - Using open Channel [id: 0x82f498ed, L:/127.0.0.1:65521 - R:localhost/127.0.0.1:33210] for POST '/session/8e993dd34ae12754681d2132b99a7779/element/2D596CC08FCFADB814D512B23237F8A3_element_105/click'
10:47:55.771 [AsyncHttpClient-1-2] DEBUG org.asynchttpclient.netty.handler.HttpHandler - 

Request DefaultHttpRequest(decodeResult: success, version: HTTP/1.1)
POST /session/8e993dd34ae12754681d2132b99a7779/element/2D596CC08FCFADB814D512B23237F8A3_element_105/click HTTP/1.1
User-Agent: selenium/4.8.2 (java windows)
Content-Length: 58
Content-Type: application/json; charset=utf-8
host: localhost:33210
accept: */*

Response DefaultHttpResponse(decodeResult: success, version: HTTP/1.1)
HTTP/1.1 200 OK
Content-Length: 14
Content-Type: application/json; charset=utf-8
cache-control: no-cache

10:47:55.771 [AsyncHttpClient-1-2] DEBUG org.asynchttpclient.netty.channel.ChannelManager - Adding key: http://localhost:33210 for channel [id: 0x82f498ed, L:/127.0.0.1:65521 - R:localhost/127.0.0.1:33210]
10:47:55.773 [Forwarding findElement on session 8e993dd34ae12754681d2132b99a7779 to remote] DEBUG org.asynchttpclient.netty.request.NettyRequestSender - Using pooled Channel '[id: 0x82f498ed, L:/127.0.0.1:65521 - R:localhost/127.0.0.1:33210]' for 'POST' to 'http://localhost:33210/session/8e993dd34ae12754681d2132b99a7779/element'
10:47:55.773 [Forwarding findElement on session 8e993dd34ae12754681d2132b99a7779 to remote] DEBUG org.asynchttpclient.netty.request.NettyRequestSender - Using open Channel [id: 0x82f498ed, L:/127.0.0.1:65521 - R:localhost/127.0.0.1:33210] for POST '/session/8e993dd34ae12754681d2132b99a7779/element'
10:47:55.784 [AsyncHttpClient-1-2] DEBUG org.asynchttpclient.netty.handler.HttpHandler - 

Request DefaultHttpRequest(decodeResult: success, version: HTTP/1.1)
POST /session/8e993dd34ae12754681d2132b99a7779/element HTTP/1.1
User-Agent: selenium/4.8.2 (java windows)
Content-Length: 61
Content-Type: application/json; charset=utf-8
host: localhost:33210
accept: */*

Response DefaultHttpResponse(decodeResult: success, version: HTTP/1.1)
HTTP/1.1 200 OK
Content-Length: 96
Content-Type: application/json; charset=utf-8
cache-control: no-cache

10:47:55.784 [AsyncHttpClient-1-2] DEBUG org.asynchttpclient.netty.channel.ChannelManager - Adding key: http://localhost:33210 for channel [id: 0x82f498ed, L:/127.0.0.1:65521 - R:localhost/127.0.0.1:33210]
10:47:55.786 [Forwarding sendKeysToElement on session 8e993dd34ae12754681d2132b99a7779 to remote] DEBUG org.asynchttpclient.netty.request.NettyRequestSender - Using pooled Channel '[id: 0x82f498ed, L:/127.0.0.1:65521 - R:localhost/127.0.0.1:33210]' for 'POST' to 'http://localhost:33210/session/8e993dd34ae12754681d2132b99a7779/element/2D596CC08FCFADB814D512B23237F8A3_element_105/value'
10:47:55.786 [Forwarding sendKeysToElement on session 8e993dd34ae12754681d2132b99a7779 to remote] DEBUG org.asynchttpclient.netty.request.NettyRequestSender - Using open Channel [id: 0x82f498ed, L:/127.0.0.1:65521 - R:localhost/127.0.0.1:33210] for POST '/session/8e993dd34ae12754681d2132b99a7779/element/2D596CC08FCFADB814D512B23237F8A3_element_105/value'
10:47:56.007 [AsyncHttpClient-1-2] DEBUG org.asynchttpclient.netty.handler.HttpHandler - 

Request DefaultHttpRequest(decodeResult: success, version: HTTP/1.1)
POST /session/8e993dd34ae12754681d2132b99a7779/element/2D596CC08FCFADB814D512B23237F8A3_element_105/value HTTP/1.1
User-Agent: selenium/4.8.2 (java windows)
Content-Length: 99
Content-Type: application/json; charset=utf-8
host: localhost:33210
accept: */*

Response DefaultHttpResponse(decodeResult: success, version: HTTP/1.1)
HTTP/1.1 200 OK
Content-Length: 14
Content-Type: application/json; charset=utf-8
cache-control: no-cache

10:47:56.007 [AsyncHttpClient-1-2] DEBUG org.asynchttpclient.netty.channel.ChannelManager - Adding key: http://localhost:33210 for channel [id: 0x82f498ed, L:/127.0.0.1:65521 - R:localhost/127.0.0.1:33210]
10:47:56.691 [AsyncHttpClient-1-1] DEBUG org.asynchttpclient.netty.channel.DefaultChannelPool - Entry count for : http://localhost:33210 : 1
10:47:57.791 [AsyncHttpClient-1-1] DEBUG org.asynchttpclient.netty.channel.DefaultChannelPool - Entry count for : http://localhost:33210 : 1
10:47:58.891 [AsyncHttpClient-1-1] DEBUG org.asynchttpclient.netty.channel.DefaultChannelPool - Entry count for : http://localhost:33210 : 1
10:47:59.991 [AsyncHttpClient-1-1] DEBUG org.asynchttpclient.netty.channel.DefaultChannelPool - Entry count for : http://localhost:33210 : 1
10:48:01.086 [AsyncHttpClient-1-1] DEBUG org.asynchttpclient.netty.channel.DefaultChannelPool - Entry count for : http://localhost:33210 : 1
10:48:02.181 [AsyncHttpClient-1-1] DEBUG org.asynchttpclient.netty.channel.DefaultChannelPool - Entry count for : http://localhost:33210 : 1
10:48:03.282 [AsyncHttpClient-1-1] DEBUG org.asynchttpclient.netty.channel.DefaultChannelPool - Entry count for : http://localhost:33210 : 1
10:48:04.383 [AsyncHttpClient-1-1] DEBUG org.asynchttpclient.netty.channel.DefaultChannelPool - Entry count for : http://localhost:33210 : 1
10:48:05.488 [AsyncHttpClient-1-1] DEBUG org.asynchttpclient.netty.channel.DefaultChannelPool - Entry count for : http://localhost:33210 : 1
10:48:06.591 [AsyncHttpClient-1-1] DEBUG org.asynchttpclient.netty.channel.DefaultChannelPool - Entry count for : http://localhost:33210 : 1
10:48:07.689 [AsyncHttpClient-1-1] DEBUG org.asynchttpclient.netty.channel.DefaultChannelPool - Entry count for : http://localhost:33210 : 1
10:48:08.018 [Forwarding findElement on session 8e993dd34ae12754681d2132b99a7779 to remote] DEBUG org.asynchttpclient.netty.request.NettyRequestSender - Using pooled Channel '[id: 0x82f498ed, L:/127.0.0.1:65521 - R:localhost/127.0.0.1:33210]' for 'POST' to 'http://localhost:33210/session/8e993dd34ae12754681d2132b99a7779/element'
10:48:08.018 [Forwarding findElement on session 8e993dd34ae12754681d2132b99a7779 to remote] DEBUG org.asynchttpclient.netty.request.NettyRequestSender - Using open Channel [id: 0x82f498ed, L:/127.0.0.1:65521 - R:localhost/127.0.0.1:33210] for POST '/session/8e993dd34ae12754681d2132b99a7779/element'
10:48:08.032 [AsyncHttpClient-1-2] DEBUG org.asynchttpclient.netty.handler.HttpHandler - 

Request DefaultHttpRequest(decodeResult: success, version: HTTP/1.1)
POST /session/8e993dd34ae12754681d2132b99a7779/element HTTP/1.1
User-Agent: selenium/4.8.2 (java windows)
Content-Length: 142
Content-Type: application/json; charset=utf-8
host: localhost:33210
accept: */*

Response DefaultHttpResponse(decodeResult: success, version: HTTP/1.1)
HTTP/1.1 200 OK
Content-Length: 96
Content-Type: application/json; charset=utf-8
cache-control: no-cache

10:48:08.032 [AsyncHttpClient-1-2] DEBUG org.asynchttpclient.netty.channel.ChannelManager - Adding key: http://localhost:33210 for channel [id: 0x82f498ed, L:/127.0.0.1:65521 - R:localhost/127.0.0.1:33210]
10:48:08.034 [Forwarding clickElement on session 8e993dd34ae12754681d2132b99a7779 to remote] DEBUG org.asynchttpclient.netty.request.NettyRequestSender - Using pooled Channel '[id: 0x82f498ed, L:/127.0.0.1:65521 - R:localhost/127.0.0.1:33210]' for 'POST' to 'http://localhost:33210/session/8e993dd34ae12754681d2132b99a7779/element/2D596CC08FCFADB814D512B23237F8A3_element_107/click'
10:48:08.035 [Forwarding clickElement on session 8e993dd34ae12754681d2132b99a7779 to remote] DEBUG org.asynchttpclient.netty.request.NettyRequestSender - Using open Channel [id: 0x82f498ed, L:/127.0.0.1:65521 - R:localhost/127.0.0.1:33210] for POST '/session/8e993dd34ae12754681d2132b99a7779/element/2D596CC08FCFADB814D512B23237F8A3_element_107/click'
10:48:08.141 [AsyncHttpClient-1-2] DEBUG org.asynchttpclient.netty.handler.HttpHandler - 

Request DefaultHttpRequest(decodeResult: success, version: HTTP/1.1)
POST /session/8e993dd34ae12754681d2132b99a7779/element/2D596CC08FCFADB814D512B23237F8A3_element_107/click HTTP/1.1
User-Agent: selenium/4.8.2 (java windows)
Content-Length: 58
Content-Type: application/json; charset=utf-8
host: localhost:33210
accept: */*

Response DefaultHttpResponse(decodeResult: success, version: HTTP/1.1)
HTTP/1.1 200 OK
Content-Length: 14
Content-Type: application/json; charset=utf-8
cache-control: no-cache

10:48:08.141 [AsyncHttpClient-1-2] DEBUG org.asynchttpclient.netty.channel.ChannelManager - Adding key: http://localhost:33210 for channel [id: 0x82f498ed, L:/127.0.0.1:65521 - R:localhost/127.0.0.1:33210]
10:48:08.144 [Forwarding findElement on session 8e993dd34ae12754681d2132b99a7779 to remote] DEBUG org.asynchttpclient.netty.request.NettyRequestSender - Using pooled Channel '[id: 0x82f498ed, L:/127.0.0.1:65521 - R:localhost/127.0.0.1:33210]' for 'POST' to 'http://localhost:33210/session/8e993dd34ae12754681d2132b99a7779/element'
10:48:08.144 [Forwarding findElement on session 8e993dd34ae12754681d2132b99a7779 to remote] DEBUG org.asynchttpclient.netty.request.NettyRequestSender - Using open Channel [id: 0x82f498ed, L:/127.0.0.1:65521 - R:localhost/127.0.0.1:33210] for POST '/session/8e993dd34ae12754681d2132b99a7779/element'
10:48:08.163 [AsyncHttpClient-1-2] DEBUG org.asynchttpclient.netty.handler.HttpHandler - 

Request DefaultHttpRequest(decodeResult: success, version: HTTP/1.1)
POST /session/8e993dd34ae12754681d2132b99a7779/element HTTP/1.1
User-Agent: selenium/4.8.2 (java windows)
Content-Length: 86
Content-Type: application/json; charset=utf-8
host: localhost:33210
accept: */*

Response DefaultHttpResponse(decodeResult: success, version: HTTP/1.1)
HTTP/1.1 200 OK
Content-Length: 96
Content-Type: application/json; charset=utf-8
cache-control: no-cache

10:48:08.163 [AsyncHttpClient-1-2] DEBUG org.asynchttpclient.netty.channel.ChannelManager - Adding key: http://localhost:33210 for channel [id: 0x82f498ed, L:/127.0.0.1:65521 - R:localhost/127.0.0.1:33210]
10:48:08.168 [Forwarding isElementDisplayed on session 8e993dd34ae12754681d2132b99a7779 to remote] DEBUG org.asynchttpclient.netty.request.NettyRequestSender - Using pooled Channel '[id: 0x82f498ed, L:/127.0.0.1:65521 - R:localhost/127.0.0.1:33210]' for 'POST' to 'http://localhost:33210/session/8e993dd34ae12754681d2132b99a7779/execute/sync'
10:48:08.168 [Forwarding isElementDisplayed on session 8e993dd34ae12754681d2132b99a7779 to remote] DEBUG org.asynchttpclient.netty.request.NettyRequestSender - Using open Channel [id: 0x82f498ed, L:/127.0.0.1:65521 - R:localhost/127.0.0.1:33210] for POST '/session/8e993dd34ae12754681d2132b99a7779/execute/sync'
10:48:08.184 [AsyncHttpClient-1-2] DEBUG org.asynchttpclient.netty.handler.HttpHandler - 

Request DefaultHttpRequest(decodeResult: success, version: HTTP/1.1)
POST /session/8e993dd34ae12754681d2132b99a7779/execute/sync HTTP/1.1
User-Agent: selenium/4.8.2 (java windows)
Content-Length: 48815
Content-Type: application/json; charset=utf-8
host: localhost:33210
accept: */*

Response DefaultHttpResponse(decodeResult: success, version: HTTP/1.1)
HTTP/1.1 200 OK
Content-Length: 14
Content-Type: application/json; charset=utf-8
cache-control: no-cache

10:48:08.184 [AsyncHttpClient-1-2] DEBUG org.asynchttpclient.netty.channel.ChannelManager - Adding key: http://localhost:33210 for channel [id: 0x82f498ed, L:/127.0.0.1:65521 - R:localhost/127.0.0.1:33210]
]]></system-out>
  <system-err><![CDATA[Starting ChromeDriver 120.0.6099.109 (3419140ab665596f21b385ce136419fde0924272-refs/branch-heads/6099@{#1483}) on port 33210
Only local connections are allowed.
Please see https://chromedriver.chromium.org/security-considerations for suggestions on keeping ChromeDriver safe.
ChromeDriver was started successfully.
янв. 17, 2024 10:44:36 AM org.openqa.selenium.devtools.CdpVersionFinder findNearestMatch
WARNING: Unable to find CDP implementation matching 120
янв. 17, 2024 10:44:36 AM org.openqa.selenium.chromium.ChromiumDriver lambda$new$3
WARNING: Unable to find version of CDP to use for . You may need to include a dependency on a specific version of the CDP using something similar to `org.seleniumhq.selenium:selenium-devtools-v86:4.8.2` where the version ("v86") matches the version of the chromium-based browser you're using and the version number of the artifact is the same as Selenium's.
]]></system-err>
</testsuite>
