<?xml version="1.0" encoding="UTF-8"?>
<testsuite name="test.StudentProfileTest" tests="32" skipped="0" failures="0" errors="0" timestamp="2024-10-01T10:41:52" hostname="X542U" time="88.542">
  <properties/>
  <testcase name="0. Enter Students Profile Test" classname="test.StudentProfileTest" time="11.45"/>
  <testcase name="1. Enter Cyrillic First Name" classname="test.StudentProfileTest" time="3.244"/>
  <testcase name="2. Enter Too Long Cyrillic First Name" classname="test.StudentProfileTest" time="9.886"/>
  <testcase name="3. Enter Too Short Cyrillic First Name" classname="test.StudentProfileTest" time="0.756"/>
  <testcase name="4. Enter Cyrillic First Name With Hyphen" classname="test.StudentProfileTest" time="3.854"/>
  <testcase name="5. Enter Space In First Name Field" classname="test.StudentProfileTest" time="1.42"/>
  <testcase name="6. Enter Romain Letters First Name" classname="test.StudentProfileTest" time="1.691"/>
  <testcase name="7. Enter Cyrillic Last Name" classname="test.StudentProfileTest" time="2.52"/>
  <testcase name="8. Enter Long Cyrillic Last Name" classname="test.StudentProfileTest" time="7.785"/>
  <testcase name="9. Enter Short Cyrillic Last Name" classname="test.StudentProfileTest" time="0.798"/>
  <testcase name="10. Enter Cyrillic Last Name With Hyphen" classname="test.StudentProfileTest" time="1.717"/>
  <testcase name="11. Enter Space In Last Name" classname="test.StudentProfileTest" time="0.676"/>
  <testcase name="12. Enter Romain Letters Last Name" classname="test.StudentProfileTest" time="1.329"/>
  <testcase name="13. Enter Correct Birth Date" classname="test.StudentProfileTest" time="2.562"/>
  <testcase name="14. Enter Long Number In Birth Date" classname="test.StudentProfileTest" time="2.088"/>
  <testcase name="15. Enter Very Long Number In Birth Date" classname="test.StudentProfileTest" time="3.341"/>
  <testcase name="16. Enter Cyrillic In Birth Date" classname="test.StudentProfileTest" time="1.334"/>
  <testcase name="17. Enter Romain Letters In Birth Date" classname="test.StudentProfileTest" time="1.237"/>
  <testcase name="18. Enter Special Symbols In Birth Date" classname="test.StudentProfileTest" time="0.977"/>
  <testcase name="19. Enter Symbols In Birth Date" classname="test.StudentProfileTest" time="1.145"/>
  <testcase name="20. Enter Correct Skype Name" classname="test.StudentProfileTest" time="2.905"/>
  <testcase name="21. Enter Cyrillic Skype Name" classname="test.StudentProfileTest" time="1.806"/>
  <testcase name="22. Enter Long Correct Skype Name" classname="test.StudentProfileTest" time="4.889"/>
  <testcase name="23. Enter Space Skype Name" classname="test.StudentProfileTest" time="1.257"/>
  <testcase name="24. Enter Correct Phone Number" classname="test.StudentProfileTest" time="2.914"/>
  <testcase name="25. Enter Short Phone Number" classname="test.StudentProfileTest" time="1.639"/>
  <testcase name="26. Enter Cyrillic In Phone Number Field" classname="test.StudentProfileTest" time="1.01"/>
  <testcase name="27. Enter Romain Letters In Phone Number Field" classname="test.StudentProfileTest" time="1.316"/>
  <testcase name="28. Enter Special Symbols In Phone Number Field" classname="test.StudentProfileTest" time="1.173"/>
  <testcase name="29. Enter Space In Phone Number Field" classname="test.StudentProfileTest" time="0.755"/>
  <testcase name="30. Changing Country In Phone Number Field" classname="test.StudentProfileTest" time="0.934"/>
  <testcase name="31. Changing Language In Profile To Russian" classname="test.StudentProfileTest" time="7.804"/>
  <system-out><![CDATA[13:41:47.378 [Test worker] DEBUG io.github.bonigarcia.wdm.WebDriverManager - Using WebDriverManager 5.9.2
13:41:47.409 [Test worker] DEBUG io.github.bonigarcia.wdm.cache.ResolutionCache - Resolution chrome=129 in cache (valid until 14:35:38 01/10/2024 MSK)
13:41:47.410 [Test worker] DEBUG io.github.bonigarcia.wdm.cache.ResolutionCache - Resolution chrome129=129.0.6668.70 in cache (valid until 13:35:38 02/10/2024 MSK)
13:41:47.410 [Test worker] INFO io.github.bonigarcia.wdm.WebDriverManager - Using chromedriver 129.0.6668.70 (resolved driver for Chrome 129)
13:41:47.425 [Test worker] DEBUG io.github.bonigarcia.wdm.WebDriverManager - Driver chromedriver 129.0.6668.70 found in cache
13:41:47.427 [Test worker] INFO io.github.bonigarcia.wdm.WebDriverManager - Exporting webdriver.chrome.driver as C:\Users\admin\.cache\selenium\chromedriver\win64\129.0.6668.70\chromedriver.exe
]]></system-out>
  <system-err><![CDATA[окт. 01, 2024 1:41:49 PM org.openqa.selenium.devtools.CdpVersionFinder findNearestMatch
WARNING: Unable to find an exact match for CDP version 129, returning the closest version; found: 127; Please update to a Selenium version that supports CDP version 129
]]></system-err>
</testsuite>
