<?xml version="1.0" encoding="UTF-8"?>
<testsuite name="test.StudentsAccAccessibilityTest" tests="12" skipped="0" failures="0" errors="0" timestamp="2024-06-20T07:08:29" hostname="DESKTOP-84P9B6H" time="16.075">
  <properties/>
  <testcase name="0. Login Page Availablility Test" classname="test.StudentsAccAccessibilityTest" time="1.508"/>
  <testcase name="1. Valid Credential Authentification Passed Test" classname="test.StudentsAccAccessibilityTest" time="6.994"/>
  <testcase name="10. Tests Page Access" classname="test.StudentsAccAccessibilityTest" time="0.701"/>
  <testcase name="11. Top Up Page Access" classname="test.StudentsAccAccessibilityTest" time="0.726"/>
  <testcase name="2. Chat Page Access" classname="test.StudentsAccAccessibilityTest" time="0.691"/>
  <testcase name="3. Dictionary Page Access" classname="test.StudentsAccAccessibilityTest" time="1.179"/>
  <testcase name="4. Notes Page Access" classname="test.StudentsAccAccessibilityTest" time="0.692"/>
  <testcase name="5. Mini-courses Page Access" classname="test.StudentsAccAccessibilityTest" time="0.68"/>
  <testcase name="6. Classes Page Access" classname="test.StudentsAccAccessibilityTest" time="0.671"/>
  <testcase name="7. Homework Page Access" classname="test.StudentsAccAccessibilityTest" time="0.668"/>
  <testcase name="8. Student Account Page Access" classname="test.StudentsAccAccessibilityTest" time="0.348"/>
  <testcase name="9. Student Profile Page Access" classname="test.StudentsAccAccessibilityTest" time="1.11"/>
  <system-out><![CDATA[10:08:25.068 [Test worker] DEBUG io.github.bonigarcia.wdm.WebDriverManager - Using WebDriverManager 5.8.0
10:08:25.081 [Test worker] DEBUG io.github.bonigarcia.wdm.cache.ResolutionCache - Resolution chrome=126 in cache (valid until 11:00:41 20/06/2024 MSK)
10:08:25.082 [Test worker] DEBUG io.github.bonigarcia.wdm.cache.ResolutionCache - Resolution chrome126=126.0.6478.62 in cache (valid until 10:00:41 21/06/2024 MSK)
10:08:25.082 [Test worker] INFO io.github.bonigarcia.wdm.WebDriverManager - Using chromedriver 126.0.6478.62 (resolved driver for Chrome 126)
10:08:25.101 [Test worker] DEBUG io.github.bonigarcia.wdm.WebDriverManager - Driver chromedriver 126.0.6478.62 found in cache
10:08:25.101 [Test worker] INFO io.github.bonigarcia.wdm.WebDriverManager - Exporting webdriver.chrome.driver as C:\Users\asus\.cache\selenium\chromedriver\win64\126.0.6478.62\chromedriver.exe
]]></system-out>
  <system-err><![CDATA[июн. 20, 2024 10:08:26 AM org.openqa.selenium.devtools.CdpVersionFinder findNearestMatch
WARNING: Unable to find an exact match for CDP version 126, returning the closest version; found: 123; Please update to a Selenium version that supports CDP version 126
]]></system-err>
</testsuite>
