<?xml version="1.0" encoding="UTF-8"?>
<testsuite name="test.StudentAccLoginTest" tests="5" skipped="0" failures="0" errors="0" timestamp="2024-08-20T13:02:55" hostname="X542U" time="14.832">
  <properties/>
  <testcase name="0. Valid Credential Account Log In Log Out Test" classname="test.StudentAccLoginTest" time="12.385"/>
  <testcase name="1. Invalid Login Valid Password Test" classname="test.StudentAccLoginTest" time="0.654"/>
  <testcase name="2. Valid Login Invalid Password Test" classname="test.StudentAccLoginTest" time="0.451"/>
  <testcase name="3. Password Recovery Page Accessibility Test" classname="test.StudentAccLoginTest" time="0.109"/>
  <testcase name="4. Valid Login Enter Test" classname="test.StudentAccLoginTest" time="0.735"/>
  <system-out><![CDATA[16:02:49.544 [Test worker] DEBUG io.github.bonigarcia.wdm.WebDriverManager - Using WebDriverManager 5.9.2
16:02:51.332 [Test worker] DEBUG io.github.bonigarcia.wdm.cache.ResolutionCache - Resolution chrome=127 in cache (valid until 16:45:57 20/08/2024 MSK)
16:02:51.334 [Test worker] DEBUG io.github.bonigarcia.wdm.cache.ResolutionCache - Resolution chrome127=127.0.6533.119 in cache (valid until 09:49:48 21/08/2024 MSK)
16:02:51.338 [Test worker] INFO io.github.bonigarcia.wdm.WebDriverManager - Using chromedriver 127.0.6533.119 (resolved driver for Chrome 127)
16:02:51.432 [Test worker] DEBUG io.github.bonigarcia.wdm.WebDriverManager - Driver chromedriver 127.0.6533.119 found in cache
16:02:51.434 [Test worker] INFO io.github.bonigarcia.wdm.WebDriverManager - Exporting webdriver.chrome.driver as C:\Users\admin\.cache\selenium\chromedriver\win64\127.0.6533.119\chromedriver.exe
]]></system-out>
  <system-err><![CDATA[]]></system-err>
</testsuite>
