<?xml version="1.0" encoding="UTF-8"?>
<testsuite name="test.StudentsAccAccessibilityTest" tests="12" skipped="0" failures="0" errors="0" timestamp="2024-05-06T11:43:47" hostname="DESKTOP-84P9B6H" time="23.16">
  <properties/>
  <testcase name="0. Login Page Availablility Test" classname="test.StudentsAccAccessibilityTest" time="2.635"/>
  <testcase name="1. Valid Credential Authentification Passed Test" classname="test.StudentsAccAccessibilityTest" time="10.855"/>
  <testcase name="10. Tests Page Access" classname="test.StudentsAccAccessibilityTest" time="0.838"/>
  <testcase name="11. Top Up Page Access" classname="test.StudentsAccAccessibilityTest" time="0.731"/>
  <testcase name="2. Chat Page Access" classname="test.StudentsAccAccessibilityTest" time="0.731"/>
  <testcase name="3. Dictionary Page Access" classname="test.StudentsAccAccessibilityTest" time="2.899"/>
  <testcase name="4. Notes Page Access" classname="test.StudentsAccAccessibilityTest" time="0.727"/>
  <testcase name="5. Mini-courses Page Access" classname="test.StudentsAccAccessibilityTest" time="0.694"/>
  <testcase name="6. Classes Page Access" classname="test.StudentsAccAccessibilityTest" time="0.649"/>
  <testcase name="7. Homework Page Access" classname="test.StudentsAccAccessibilityTest" time="0.211"/>
  <testcase name="8. Student Account Page Access" classname="test.StudentsAccAccessibilityTest" time="0.611"/>
  <testcase name="9. Student Profile Page Access" classname="test.StudentsAccAccessibilityTest" time="1.128"/>
  <system-out><![CDATA[14:43:35.026 [Test worker] DEBUG io.github.bonigarcia.wdm.WebDriverManager - Using WebDriverManager 5.8.0
14:43:35.045 [Test worker] DEBUG io.github.bonigarcia.wdm.cache.ResolutionCache - Resolution chrome=124 in cache (valid until 15:33:11 06/05/2024 MSK)
14:43:35.046 [Test worker] DEBUG io.github.bonigarcia.wdm.cache.ResolutionCache - Resolution chrome124=124.0.6367.91 in cache (valid until 14:33:11 07/05/2024 MSK)
14:43:35.046 [Test worker] INFO io.github.bonigarcia.wdm.WebDriverManager - Using chromedriver 124.0.6367.91 (resolved driver for Chrome 124)
14:43:35.087 [Test worker] DEBUG io.github.bonigarcia.wdm.WebDriverManager - Driver chromedriver 124.0.6367.91 found in cache
14:43:35.089 [Test worker] INFO io.github.bonigarcia.wdm.WebDriverManager - Exporting webdriver.chrome.driver as C:\Users\asus\.cache\selenium\chromedriver\win64\124.0.6367.91\chromedriver.exe
]]></system-out>
  <system-err><![CDATA[мая 06, 2024 2:43:41 PM org.openqa.selenium.devtools.CdpVersionFinder findNearestMatch
WARNING: Unable to find an exact match for CDP version 124, returning the closest version; found: 123; Please update to a Selenium version that supports CDP version 124
]]></system-err>
</testsuite>
