<?xml version="1.0" encoding="UTF-8"?>
<testsuite name="test.StudentMainPageTest" tests="4" skipped="0" failures="0" errors="0" timestamp="2024-07-11T11:10:05" hostname="DESKTOP-84P9B6H" time="34.879">
  <properties/>
  <testcase name="0. Valid Credential Account Log In Test" classname="test.StudentMainPageTest" time="16.469"/>
  <testcase name="1. Google Play Button Test" classname="test.StudentMainPageTest" time="0.558"/>
  <testcase name="2. App Store Button Test" classname="test.StudentMainPageTest" time="5.64"/>
  <testcase name="3. VK Button Test" classname="test.StudentMainPageTest" time="11.87"/>
  <system-out><![CDATA[14:09:57.498 [Test worker] DEBUG io.github.bonigarcia.wdm.WebDriverManager - Using WebDriverManager 5.9.1
14:09:57.523 [Test worker] DEBUG io.github.bonigarcia.wdm.cache.ResolutionCache - Resolution chrome=126 in cache (valid until 15:08:54 11/07/2024 MSK)
14:09:57.525 [Test worker] DEBUG io.github.bonigarcia.wdm.cache.ResolutionCache - Resolution chrome126=126.0.6478.126 in cache (valid until 15:55:48 11/07/2024 MSK)
14:09:57.527 [Test worker] INFO io.github.bonigarcia.wdm.WebDriverManager - Using chromedriver 126.0.6478.126 (resolved driver for Chrome 126)
14:09:57.608 [Test worker] DEBUG io.github.bonigarcia.wdm.WebDriverManager - Driver chromedriver 126.0.6478.126 found in cache
14:09:57.610 [Test worker] INFO io.github.bonigarcia.wdm.WebDriverManager - Exporting webdriver.chrome.driver as C:\Users\asus\.cache\selenium\chromedriver\win64\126.0.6478.126\chromedriver.exe
]]></system-out>
  <system-err><![CDATA[]]></system-err>
</testsuite>
