<?xml version="1.0" encoding="UTF-8"?>
<testsuite name="test.StudentsAccAccessibilityTest" tests="12" skipped="0" failures="0" errors="0" timestamp="2024-01-17T07:48:37" hostname="DESKTOP-84P9B6H" time="278.861">
  <properties/>
  <testcase name="0. Login Page Availablility Test" classname="test.StudentsAccAccessibilityTest" time="22.51"/>
  <testcase name="1. Valid Credential Authentification Passed Test" classname="test.StudentsAccAccessibilityTest" time="23.663"/>
  <testcase name="10. Tests Page Access" classname="test.StudentsAccAccessibilityTest" time="22.221"/>
  <testcase name="11. Top Up Page Access" classname="test.StudentsAccAccessibilityTest" time="22.144"/>
  <testcase name="2. Chat Page Access" classname="test.StudentsAccAccessibilityTest" time="33.148"/>
  <testcase name="3. Dictionary Page Access" classname="test.StudentsAccAccessibilityTest" time="22.152"/>
  <testcase name="4. Notes Page Access" classname="test.StudentsAccAccessibilityTest" time="22.157"/>
  <testcase name="5. Mini-courses Page Access" classname="test.StudentsAccAccessibilityTest" time="22.163"/>
  <testcase name="6. Classes Page Access" classname="test.StudentsAccAccessibilityTest" time="22.151"/>
  <testcase name="7. Homework Page Access" classname="test.StudentsAccAccessibilityTest" time="22.138"/>
  <testcase name="8. Student Account Page Access" classname="test.StudentsAccAccessibilityTest" time="22.211"/>
  <testcase name="9. Student Profile Page Access" classname="test.StudentsAccAccessibilityTest" time="22.15"/>
  <system-out><![CDATA[10:48:08.284 [Test worker] DEBUG io.github.bonigarcia.wdm.cache.ResolutionCache - Resolution chrome=120 in cache (valid until 11:43:49 17/01/2024 MSK)
10:48:08.286 [Test worker] DEBUG io.github.bonigarcia.wdm.cache.ResolutionCache - Resolution chrome120=120.0.6099.109 in cache (valid until 10:43:49 18/01/2024 MSK)
10:48:08.286 [Test worker] INFO io.github.bonigarcia.wdm.WebDriverManager - Using chromedriver 120.0.6099.109 (resolved driver for Chrome 120)
10:48:08.350 [Test worker] DEBUG io.github.bonigarcia.wdm.WebDriverManager - Driver chromedriver 120.0.6099.109 found in cache
10:48:08.352 [Test worker] INFO io.github.bonigarcia.wdm.WebDriverManager - Exporting webdriver.chrome.driver as C:\Users\asus\.cache\selenium\chromedriver\win64\120.0.6099.109\chromedriver.exe
10:48:08.787 [AsyncHttpClient-1-1] DEBUG org.asynchttpclient.netty.channel.DefaultChannelPool - Entry count for : http://localhost:33210 : 1
10:48:09.882 [AsyncHttpClient-1-1] DEBUG org.asynchttpclient.netty.channel.DefaultChannelPool - Entry count for : http://localhost:33210 : 1
10:48:10.018 [AsyncHttpClient-1-5] DEBUG org.asynchttpclient.netty.channel.NettyConnectListener - Using new Channel '[id: 0x99d02edd, L:/127.0.0.1:49268 - R:localhost/127.0.0.1:33087]' for 'POST' to '/session'
10:48:10.991 [AsyncHttpClient-1-1] DEBUG org.asynchttpclient.netty.channel.DefaultChannelPool - Entry count for : http://localhost:33210 : 1
10:48:12.082 [AsyncHttpClient-1-1] DEBUG org.asynchttpclient.netty.channel.DefaultChannelPool - Entry count for : http://localhost:33210 : 1
10:48:13.190 [AsyncHttpClient-1-1] DEBUG org.asynchttpclient.netty.channel.DefaultChannelPool - Entry count for : http://localhost:33210 : 1
10:48:14.289 [AsyncHttpClient-1-1] DEBUG org.asynchttpclient.netty.channel.DefaultChannelPool - Entry count for : http://localhost:33210 : 1
10:48:15.386 [AsyncHttpClient-1-1] DEBUG org.asynchttpclient.netty.channel.DefaultChannelPool - Entry count for : http://localhost:33210 : 1
10:48:16.482 [AsyncHttpClient-1-1] DEBUG org.asynchttpclient.netty.channel.DefaultChannelPool - Entry count for : http://localhost:33210 : 1
10:48:17.581 [AsyncHttpClient-1-1] DEBUG org.asynchttpclient.netty.channel.DefaultChannelPool - Entry count for : http://localhost:33210 : 1
10:48:18.687 [AsyncHttpClient-1-1] DEBUG org.asynchttpclient.netty.channel.DefaultChannelPool - Entry count for : http://localhost:33210 : 1
10:48:19.792 [AsyncHttpClient-1-1] DEBUG org.asynchttpclient.netty.channel.DefaultChannelPool - Entry count for : http://localhost:33210 : 1
10:48:20.128 [AsyncHttpClient-1-5] DEBUG org.asynchttpclient.netty.handler.HttpHandler - 

Request DefaultHttpRequest(decodeResult: success, version: HTTP/1.1)
POST /session HTTP/1.1
User-Agent: selenium/4.8.2 (java windows)
Content-Length: 561
Content-Type: application/json; charset=utf-8
host: localhost:33087
accept: */*

Response DefaultHttpResponse(decodeResult: success, version: HTTP/1.1)
HTTP/1.1 200 OK
Content-Length: 896
Content-Type: application/json; charset=utf-8
cache-control: no-cache

10:48:20.128 [AsyncHttpClient-1-5] DEBUG org.asynchttpclient.netty.channel.ChannelManager - Adding key: http://localhost:33087 for channel [id: 0x99d02edd, L:/127.0.0.1:49268 - R:localhost/127.0.0.1:33087]
10:48:20.258 [AsyncHttpClient-1-6] DEBUG org.asynchttpclient.netty.channel.NettyConnectListener - Using new Channel '[id: 0x2615a2dc, L:/127.0.0.1:49275 - R:localhost/127.0.0.1:49269]' for 'GET' to '/json/version'
10:48:20.263 [AsyncHttpClient-1-6] DEBUG org.asynchttpclient.netty.handler.HttpHandler - 

Request DefaultFullHttpRequest(decodeResult: success, version: HTTP/1.1, content: EmptyByteBufBE)
GET /json/version HTTP/1.1
User-Agent: selenium/4.8.2 (java windows)
host: localhost:49269
accept: */*

Response DefaultHttpResponse(decodeResult: success, version: HTTP/1.1)
HTTP/1.1 200 OK
Content-Security-Policy: frame-ancestors 'none'
Content-Length: 445
Content-Type: application/json; charset=UTF-8

10:48:20.264 [AsyncHttpClient-1-6] DEBUG org.asynchttpclient.netty.channel.ChannelManager - Adding key: http://localhost:49269 for channel [id: 0x2615a2dc, L:/127.0.0.1:49275 - R:localhost/127.0.0.1:49269]
10:48:20.275 [AsyncHttpClient-1-7] DEBUG org.asynchttpclient.netty.channel.NettyConnectListener - Using new Channel '[id: 0x6c871066, L:/127.0.0.1:49276 - R:localhost/127.0.0.1:49269]' for 'GET' to '/devtools/browser/750af598-81b2-47f7-bafb-26c6e497a7e3'
10:48:20.278 [AsyncHttpClient-1-7] DEBUG org.asynchttpclient.netty.handler.WebSocketHandler - 

Request DefaultFullHttpRequest(decodeResult: success, version: HTTP/1.1, content: EmptyByteBufBE)
GET /devtools/browser/750af598-81b2-47f7-bafb-26c6e497a7e3 HTTP/1.1
upgrade: websocket
connection: upgrade
sec-websocket-key: HbkfaR8131uR9C1GdSdjkg==
sec-websocket-version: 13
origin: http://localhost:49269
host: localhost:49269
accept: */*
user-agent: AHC/2.1

Response DefaultHttpResponse(decodeResult: success, version: HTTP/1.1)
HTTP/1.1 101 WebSocket Protocol Handshake
Upgrade: WebSocket
Connection: Upgrade
Sec-WebSocket-Accept: gsJ25E6ekbpEx4Syo5Re6uD4fl0=

10:48:20.312 [Forwarding get on session 739e6175c0e87d3b3e0e0498428f2afb to remote] DEBUG org.asynchttpclient.netty.request.NettyRequestSender - Using pooled Channel '[id: 0x99d02edd, L:/127.0.0.1:49268 - R:localhost/127.0.0.1:33087]' for 'POST' to 'http://localhost:33087/session/739e6175c0e87d3b3e0e0498428f2afb/url'
10:48:20.312 [Forwarding get on session 739e6175c0e87d3b3e0e0498428f2afb to remote] DEBUG org.asynchttpclient.netty.request.NettyRequestSender - Using open Channel [id: 0x99d02edd, L:/127.0.0.1:49268 - R:localhost/127.0.0.1:33087] for POST '/session/739e6175c0e87d3b3e0e0498428f2afb/url'
10:48:20.885 [AsyncHttpClient-1-1] DEBUG org.asynchttpclient.netty.channel.DefaultChannelPool - Entry count for : http://localhost:49269 : 1
10:48:20.885 [AsyncHttpClient-1-1] DEBUG org.asynchttpclient.netty.channel.DefaultChannelPool - Entry count for : http://localhost:33210 : 1
10:48:21.984 [AsyncHttpClient-1-1] DEBUG org.asynchttpclient.netty.channel.DefaultChannelPool - Entry count for : http://localhost:49269 : 1
10:48:21.984 [AsyncHttpClient-1-1] DEBUG org.asynchttpclient.netty.channel.DefaultChannelPool - Entry count for : http://localhost:33210 : 1
10:48:23.084 [AsyncHttpClient-1-1] DEBUG org.asynchttpclient.netty.channel.DefaultChannelPool - Entry count for : http://localhost:49269 : 1
10:48:23.084 [AsyncHttpClient-1-1] DEBUG org.asynchttpclient.netty.channel.DefaultChannelPool - Entry count for : http://localhost:33210 : 1
10:48:24.181 [AsyncHttpClient-1-1] DEBUG org.asynchttpclient.netty.channel.DefaultChannelPool - Entry count for : http://localhost:49269 : 1
10:48:24.181 [AsyncHttpClient-1-1] DEBUG org.asynchttpclient.netty.channel.DefaultChannelPool - Entry count for : http://localhost:33210 : 1
10:48:25.285 [AsyncHttpClient-1-1] DEBUG org.asynchttpclient.netty.channel.DefaultChannelPool - Entry count for : http://localhost:49269 : 1
10:48:25.285 [AsyncHttpClient-1-1] DEBUG org.asynchttpclient.netty.channel.DefaultChannelPool - Entry count for : http://localhost:33210 : 1
10:48:26.385 [AsyncHttpClient-1-1] DEBUG org.asynchttpclient.netty.channel.DefaultChannelPool - Entry count for : http://localhost:49269 : 1
10:48:26.385 [AsyncHttpClient-1-1] DEBUG org.asynchttpclient.netty.channel.DefaultChannelPool - Entry count for : http://localhost:33210 : 1
10:48:26.706 [AsyncHttpClient-1-5] DEBUG org.asynchttpclient.netty.handler.HttpHandler - 

Request DefaultHttpRequest(decodeResult: success, version: HTTP/1.1)
POST /session/739e6175c0e87d3b3e0e0498428f2afb/url HTTP/1.1
User-Agent: selenium/4.8.2 (java windows)
Content-Length: 60
Content-Type: application/json; charset=utf-8
host: localhost:33087
accept: */*

Response DefaultHttpResponse(decodeResult: success, version: HTTP/1.1)
HTTP/1.1 200 OK
Content-Length: 14
Content-Type: application/json; charset=utf-8
cache-control: no-cache

10:48:26.706 [AsyncHttpClient-1-5] DEBUG org.asynchttpclient.netty.channel.ChannelManager - Adding key: http://localhost:33087 for channel [id: 0x99d02edd, L:/127.0.0.1:49268 - R:localhost/127.0.0.1:33087]
10:48:27.481 [AsyncHttpClient-1-1] DEBUG org.asynchttpclient.netty.channel.DefaultChannelPool - Entry count for : http://localhost:49269 : 1
10:48:27.481 [AsyncHttpClient-1-1] DEBUG org.asynchttpclient.netty.channel.DefaultChannelPool - Entry count for : http://localhost:33087 : 1
10:48:27.481 [AsyncHttpClient-1-1] DEBUG org.asynchttpclient.netty.channel.DefaultChannelPool - Entry count for : http://localhost:33210 : 1
10:48:28.581 [AsyncHttpClient-1-1] DEBUG org.asynchttpclient.netty.channel.DefaultChannelPool - Entry count for : http://localhost:49269 : 1
10:48:28.581 [AsyncHttpClient-1-1] DEBUG org.asynchttpclient.netty.channel.DefaultChannelPool - Entry count for : http://localhost:33087 : 1
10:48:28.581 [AsyncHttpClient-1-1] DEBUG org.asynchttpclient.netty.channel.DefaultChannelPool - Entry count for : http://localhost:33210 : 1
10:48:29.685 [AsyncHttpClient-1-1] DEBUG org.asynchttpclient.netty.channel.DefaultChannelPool - Entry count for : http://localhost:49269 : 1
10:48:29.685 [AsyncHttpClient-1-1] DEBUG org.asynchttpclient.netty.channel.DefaultChannelPool - Entry count for : http://localhost:33087 : 1
10:48:29.685 [AsyncHttpClient-1-1] DEBUG org.asynchttpclient.netty.channel.DefaultChannelPool - Entry count for : http://localhost:33210 : 1
10:48:30.791 [AsyncHttpClient-1-1] DEBUG org.asynchttpclient.netty.channel.DefaultChannelPool - Entry count for : http://localhost:49269 : 1
10:48:30.791 [AsyncHttpClient-1-1] DEBUG org.asynchttpclient.netty.channel.DefaultChannelPool - Entry count for : http://localhost:33087 : 1
10:48:30.791 [AsyncHttpClient-1-1] DEBUG org.asynchttpclient.netty.channel.DefaultChannelPool - Entry count for : http://localhost:33210 : 1
10:48:31.883 [AsyncHttpClient-1-1] DEBUG org.asynchttpclient.netty.channel.DefaultChannelPool - Entry count for : http://localhost:49269 : 1
10:48:31.883 [AsyncHttpClient-1-1] DEBUG org.asynchttpclient.netty.channel.DefaultChannelPool - Entry count for : http://localhost:33087 : 1
10:48:31.883 [AsyncHttpClient-1-1] DEBUG org.asynchttpclient.netty.channel.DefaultChannelPool - Entry count for : http://localhost:33210 : 1
10:48:32.986 [AsyncHttpClient-1-1] DEBUG org.asynchttpclient.netty.channel.DefaultChannelPool - Entry count for : http://localhost:49269 : 1
10:48:32.986 [AsyncHttpClient-1-1] DEBUG org.asynchttpclient.netty.channel.DefaultChannelPool - Entry count for : http://localhost:33087 : 1
10:48:32.986 [AsyncHttpClient-1-1] DEBUG org.asynchttpclient.netty.channel.DefaultChannelPool - Entry count for : http://localhost:33210 : 1
10:48:34.081 [AsyncHttpClient-1-1] DEBUG org.asynchttpclient.netty.channel.DefaultChannelPool - Entry count for : http://localhost:49269 : 1
10:48:34.081 [AsyncHttpClient-1-1] DEBUG org.asynchttpclient.netty.channel.DefaultChannelPool - Entry count for : http://localhost:33087 : 1
10:48:34.081 [AsyncHttpClient-1-1] DEBUG org.asynchttpclient.netty.channel.DefaultChannelPool - Entry count for : http://localhost:33210 : 1
10:48:35.181 [AsyncHttpClient-1-1] DEBUG org.asynchttpclient.netty.channel.DefaultChannelPool - Entry count for : http://localhost:49269 : 1
10:48:35.181 [AsyncHttpClient-1-1] DEBUG org.asynchttpclient.netty.channel.DefaultChannelPool - Entry count for : http://localhost:33087 : 1
10:48:35.181 [AsyncHttpClient-1-1] DEBUG org.asynchttpclient.netty.channel.DefaultChannelPool - Entry count for : http://localhost:33210 : 1
10:48:36.282 [AsyncHttpClient-1-1] DEBUG org.asynchttpclient.netty.channel.DefaultChannelPool - Entry count for : http://localhost:49269 : 1
10:48:36.282 [AsyncHttpClient-1-1] DEBUG org.asynchttpclient.netty.channel.DefaultChannelPool - Entry count for : http://localhost:33087 : 1
10:48:36.282 [AsyncHttpClient-1-1] DEBUG org.asynchttpclient.netty.channel.DefaultChannelPool - Entry count for : http://localhost:33210 : 1
10:48:37.381 [AsyncHttpClient-1-1] DEBUG org.asynchttpclient.netty.channel.DefaultChannelPool - Entry count for : http://localhost:49269 : 1
10:48:37.381 [AsyncHttpClient-1-1] DEBUG org.asynchttpclient.netty.channel.DefaultChannelPool - Entry count for : http://localhost:33087 : 1
10:48:37.381 [AsyncHttpClient-1-1] DEBUG org.asynchttpclient.netty.channel.DefaultChannelPool - Entry count for : http://localhost:33210 : 1
10:48:37.723 [Forwarding get on session 739e6175c0e87d3b3e0e0498428f2afb to remote] DEBUG org.asynchttpclient.netty.request.NettyRequestSender - Using pooled Channel '[id: 0x99d02edd, L:/127.0.0.1:49268 - R:localhost/127.0.0.1:33087]' for 'POST' to 'http://localhost:33087/session/739e6175c0e87d3b3e0e0498428f2afb/url'
10:48:37.723 [Forwarding get on session 739e6175c0e87d3b3e0e0498428f2afb to remote] DEBUG org.asynchttpclient.netty.request.NettyRequestSender - Using open Channel [id: 0x99d02edd, L:/127.0.0.1:49268 - R:localhost/127.0.0.1:33087] for POST '/session/739e6175c0e87d3b3e0e0498428f2afb/url'
10:48:38.485 [AsyncHttpClient-1-1] DEBUG org.asynchttpclient.netty.channel.DefaultChannelPool - Entry count for : http://localhost:49269 : 1
10:48:38.485 [AsyncHttpClient-1-1] DEBUG org.asynchttpclient.netty.channel.DefaultChannelPool - Entry count for : http://localhost:33210 : 1
10:48:39.581 [AsyncHttpClient-1-1] DEBUG org.asynchttpclient.netty.channel.DefaultChannelPool - Entry count for : http://localhost:49269 : 1
10:48:39.581 [AsyncHttpClient-1-1] DEBUG org.asynchttpclient.netty.channel.DefaultChannelPool - Entry count for : http://localhost:33210 : 1
10:48:40.120 [AsyncHttpClient-1-5] DEBUG org.asynchttpclient.netty.handler.HttpHandler - 

Request DefaultHttpRequest(decodeResult: success, version: HTTP/1.1)
POST /session/739e6175c0e87d3b3e0e0498428f2afb/url HTTP/1.1
User-Agent: selenium/4.8.2 (java windows)
Content-Length: 60
Content-Type: application/json; charset=utf-8
host: localhost:33087
accept: */*

Response DefaultHttpResponse(decodeResult: success, version: HTTP/1.1)
HTTP/1.1 200 OK
Content-Length: 14
Content-Type: application/json; charset=utf-8
cache-control: no-cache

10:48:40.120 [AsyncHttpClient-1-5] DEBUG org.asynchttpclient.netty.channel.ChannelManager - Adding key: http://localhost:33087 for channel [id: 0x99d02edd, L:/127.0.0.1:49268 - R:localhost/127.0.0.1:33087]
10:48:40.121 [Forwarding getTitle on session 739e6175c0e87d3b3e0e0498428f2afb to remote] DEBUG org.asynchttpclient.netty.request.NettyRequestSender - Using pooled Channel '[id: 0x99d02edd, L:/127.0.0.1:49268 - R:localhost/127.0.0.1:33087]' for 'GET' to 'http://localhost:33087/session/739e6175c0e87d3b3e0e0498428f2afb/title'
10:48:40.122 [Forwarding getTitle on session 739e6175c0e87d3b3e0e0498428f2afb to remote] DEBUG org.asynchttpclient.netty.request.NettyRequestSender - Using open Channel [id: 0x99d02edd, L:/127.0.0.1:49268 - R:localhost/127.0.0.1:33087] for GET '/session/739e6175c0e87d3b3e0e0498428f2afb/title'
10:48:40.696 [AsyncHttpClient-1-1] DEBUG org.asynchttpclient.netty.channel.DefaultChannelPool - Entry count for : http://localhost:49269 : 1
10:48:40.696 [AsyncHttpClient-1-1] DEBUG org.asynchttpclient.netty.channel.DefaultChannelPool - Entry count for : http://localhost:33210 : 1
10:48:40.725 [AsyncHttpClient-1-5] DEBUG org.asynchttpclient.netty.handler.HttpHandler - 

Request DefaultFullHttpRequest(decodeResult: success, version: HTTP/1.1, content: EmptyByteBufBE)
GET /session/739e6175c0e87d3b3e0e0498428f2afb/title HTTP/1.1
User-Agent: selenium/4.8.2 (java windows)
Cache-Control: no-cache
Content-Type: application/json; charset=utf-8
host: localhost:33087
accept: */*

Response DefaultHttpResponse(decodeResult: success, version: HTTP/1.1)
HTTP/1.1 200 OK
Content-Length: 23
Content-Type: application/json; charset=utf-8
cache-control: no-cache

10:48:40.726 [AsyncHttpClient-1-5] DEBUG org.asynchttpclient.netty.channel.ChannelManager - Adding key: http://localhost:33087 for channel [id: 0x99d02edd, L:/127.0.0.1:49268 - R:localhost/127.0.0.1:33087]
10:48:41.850 [AsyncHttpClient-1-1] DEBUG org.asynchttpclient.netty.channel.DefaultChannelPool - Entry count for : http://localhost:49269 : 1
10:48:41.850 [AsyncHttpClient-1-1] DEBUG org.asynchttpclient.netty.channel.DefaultChannelPool - Entry count for : http://localhost:33087 : 1
10:48:41.850 [AsyncHttpClient-1-1] DEBUG org.asynchttpclient.netty.channel.DefaultChannelPool - Entry count for : http://localhost:33210 : 1
10:48:42.884 [AsyncHttpClient-1-1] DEBUG org.asynchttpclient.netty.channel.DefaultChannelPool - Entry count for : http://localhost:49269 : 1
10:48:42.884 [AsyncHttpClient-1-1] DEBUG org.asynchttpclient.netty.channel.DefaultChannelPool - Entry count for : http://localhost:33087 : 1
10:48:42.884 [AsyncHttpClient-1-1] DEBUG org.asynchttpclient.netty.channel.DefaultChannelPool - Entry count for : http://localhost:33210 : 1
10:48:43.994 [AsyncHttpClient-1-1] DEBUG org.asynchttpclient.netty.channel.DefaultChannelPool - Entry count for : http://localhost:49269 : 1
10:48:43.994 [AsyncHttpClient-1-1] DEBUG org.asynchttpclient.netty.channel.DefaultChannelPool - Entry count for : http://localhost:33087 : 1
10:48:43.994 [AsyncHttpClient-1-1] DEBUG org.asynchttpclient.netty.channel.DefaultChannelPool - Entry count for : http://localhost:33210 : 1
10:48:45.362 [AsyncHttpClient-1-1] DEBUG org.asynchttpclient.netty.channel.DefaultChannelPool - Entry count for : http://localhost:49269 : 1
10:48:45.362 [AsyncHttpClient-1-1] DEBUG org.asynchttpclient.netty.channel.DefaultChannelPool - Entry count for : http://localhost:33087 : 1
10:48:45.362 [AsyncHttpClient-1-1] DEBUG org.asynchttpclient.netty.channel.DefaultChannelPool - Entry count for : http://localhost:33210 : 1
10:48:46.381 [AsyncHttpClient-1-1] DEBUG org.asynchttpclient.netty.channel.DefaultChannelPool - Entry count for : http://localhost:49269 : 1
10:48:46.381 [AsyncHttpClient-1-1] DEBUG org.asynchttpclient.netty.channel.DefaultChannelPool - Entry count for : http://localhost:33087 : 1
10:48:46.381 [AsyncHttpClient-1-1] DEBUG org.asynchttpclient.netty.channel.DefaultChannelPool - Entry count for : http://localhost:33210 : 1
10:48:47.578 [AsyncHttpClient-1-1] DEBUG org.asynchttpclient.netty.channel.DefaultChannelPool - Entry count for : http://localhost:49269 : 1
10:48:47.578 [AsyncHttpClient-1-1] DEBUG org.asynchttpclient.netty.channel.DefaultChannelPool - Entry count for : http://localhost:33087 : 1
10:48:47.578 [AsyncHttpClient-1-1] DEBUG org.asynchttpclient.netty.channel.DefaultChannelPool - Entry count for : http://localhost:33210 : 1
10:48:48.682 [AsyncHttpClient-1-1] DEBUG org.asynchttpclient.netty.channel.DefaultChannelPool - Entry count for : http://localhost:49269 : 1
10:48:48.682 [AsyncHttpClient-1-1] DEBUG org.asynchttpclient.netty.channel.DefaultChannelPool - Entry count for : http://localhost:33087 : 1
10:48:48.682 [AsyncHttpClient-1-1] DEBUG org.asynchttpclient.netty.channel.DefaultChannelPool - Entry count for : http://localhost:33210 : 1
10:48:49.792 [AsyncHttpClient-1-1] DEBUG org.asynchttpclient.netty.channel.DefaultChannelPool - Entry count for : http://localhost:49269 : 1
10:48:49.792 [AsyncHttpClient-1-1] DEBUG org.asynchttpclient.netty.channel.DefaultChannelPool - Entry count for : http://localhost:33087 : 1
10:48:49.792 [AsyncHttpClient-1-1] DEBUG org.asynchttpclient.netty.channel.DefaultChannelPool - Entry count for : http://localhost:33210 : 1
10:48:50.881 [AsyncHttpClient-1-1] DEBUG org.asynchttpclient.netty.channel.DefaultChannelPool - Entry count for : http://localhost:49269 : 1
10:48:50.881 [AsyncHttpClient-1-1] DEBUG org.asynchttpclient.netty.channel.DefaultChannelPool - Entry count for : http://localhost:33087 : 1
10:48:50.881 [AsyncHttpClient-1-1] DEBUG org.asynchttpclient.netty.channel.DefaultChannelPool - Entry count for : http://localhost:33210 : 1
10:48:51.995 [AsyncHttpClient-1-1] DEBUG org.asynchttpclient.netty.channel.DefaultChannelPool - Entry count for : http://localhost:49269 : 1
10:48:51.995 [AsyncHttpClient-1-1] DEBUG org.asynchttpclient.netty.channel.DefaultChannelPool - Entry count for : http://localhost:33087 : 1
10:48:51.995 [AsyncHttpClient-1-1] DEBUG org.asynchttpclient.netty.channel.DefaultChannelPool - Entry count for : http://localhost:33210 : 1
10:48:53.081 [AsyncHttpClient-1-1] DEBUG org.asynchttpclient.netty.channel.DefaultChannelPool - Entry count for : http://localhost:49269 : 1
10:48:53.081 [AsyncHttpClient-1-1] DEBUG org.asynchttpclient.netty.channel.DefaultChannelPool - Entry count for : http://localhost:33087 : 1
10:48:53.081 [AsyncHttpClient-1-1] DEBUG org.asynchttpclient.netty.channel.DefaultChannelPool - Entry count for : http://localhost:33210 : 1
10:48:54.194 [AsyncHttpClient-1-1] DEBUG org.asynchttpclient.netty.channel.DefaultChannelPool - Entry count for : http://localhost:49269 : 1
10:48:54.194 [AsyncHttpClient-1-1] DEBUG org.asynchttpclient.netty.channel.DefaultChannelPool - Entry count for : http://localhost:33087 : 1
10:48:54.194 [AsyncHttpClient-1-1] DEBUG org.asynchttpclient.netty.channel.DefaultChannelPool - Entry count for : http://localhost:33210 : 1
10:48:55.294 [AsyncHttpClient-1-1] DEBUG org.asynchttpclient.netty.channel.DefaultChannelPool - Entry count for : http://localhost:49269 : 1
10:48:55.295 [AsyncHttpClient-1-1] DEBUG org.asynchttpclient.netty.channel.DefaultChannelPool - Entry count for : http://localhost:33087 : 1
10:48:55.295 [AsyncHttpClient-1-1] DEBUG org.asynchttpclient.netty.channel.DefaultChannelPool - Entry count for : http://localhost:33210 : 1
10:48:56.390 [AsyncHttpClient-1-1] DEBUG org.asynchttpclient.netty.channel.DefaultChannelPool - Entry count for : http://localhost:49269 : 1
10:48:56.390 [AsyncHttpClient-1-1] DEBUG org.asynchttpclient.netty.channel.DefaultChannelPool - Entry count for : http://localhost:33087 : 1
10:48:56.390 [AsyncHttpClient-1-1] DEBUG org.asynchttpclient.netty.channel.DefaultChannelPool - Entry count for : http://localhost:33210 : 1
10:48:57.491 [AsyncHttpClient-1-1] DEBUG org.asynchttpclient.netty.channel.DefaultChannelPool - Entry count for : http://localhost:49269 : 1
10:48:57.491 [AsyncHttpClient-1-1] DEBUG org.asynchttpclient.netty.channel.DefaultChannelPool - Entry count for : http://localhost:33087 : 1
10:48:57.491 [AsyncHttpClient-1-1] DEBUG org.asynchttpclient.netty.channel.DefaultChannelPool - Entry count for : http://localhost:33210 : 1
10:48:58.582 [AsyncHttpClient-1-1] DEBUG org.asynchttpclient.netty.channel.DefaultChannelPool - Entry count for : http://localhost:49269 : 1
10:48:58.582 [AsyncHttpClient-1-1] DEBUG org.asynchttpclient.netty.channel.DefaultChannelPool - Entry count for : http://localhost:33087 : 1
10:48:58.582 [AsyncHttpClient-1-1] DEBUG org.asynchttpclient.netty.channel.DefaultChannelPool - Entry count for : http://localhost:33210 : 1
10:48:59.690 [AsyncHttpClient-1-1] DEBUG org.asynchttpclient.netty.channel.DefaultChannelPool - Entry count for : http://localhost:49269 : 1
10:48:59.690 [AsyncHttpClient-1-1] DEBUG org.asynchttpclient.netty.channel.DefaultChannelPool - Entry count for : http://localhost:33087 : 1
10:48:59.690 [AsyncHttpClient-1-1] DEBUG org.asynchttpclient.netty.channel.DefaultChannelPool - Entry count for : http://localhost:33210 : 1
10:49:00.242 [Forwarding findElement on session 739e6175c0e87d3b3e0e0498428f2afb to remote] DEBUG org.asynchttpclient.netty.request.NettyRequestSender - Using pooled Channel '[id: 0x99d02edd, L:/127.0.0.1:49268 - R:localhost/127.0.0.1:33087]' for 'POST' to 'http://localhost:33087/session/739e6175c0e87d3b3e0e0498428f2afb/element'
10:49:00.242 [Forwarding findElement on session 739e6175c0e87d3b3e0e0498428f2afb to remote] DEBUG org.asynchttpclient.netty.request.NettyRequestSender - Using open Channel [id: 0x99d02edd, L:/127.0.0.1:49268 - R:localhost/127.0.0.1:33087] for POST '/session/739e6175c0e87d3b3e0e0498428f2afb/element'
10:49:00.270 [AsyncHttpClient-1-5] DEBUG org.asynchttpclient.netty.handler.HttpHandler - 

Request DefaultHttpRequest(decodeResult: success, version: HTTP/1.1)
POST /session/739e6175c0e87d3b3e0e0498428f2afb/element HTTP/1.1
User-Agent: selenium/4.8.2 (java windows)
Content-Length: 109
Content-Type: application/json; charset=utf-8
host: localhost:33087
accept: */*

Response DefaultHttpResponse(decodeResult: success, version: HTTP/1.1)
HTTP/1.1 200 OK
Content-Length: 95
Content-Type: application/json; charset=utf-8
cache-control: no-cache

10:49:00.270 [AsyncHttpClient-1-5] DEBUG org.asynchttpclient.netty.channel.ChannelManager - Adding key: http://localhost:33087 for channel [id: 0x99d02edd, L:/127.0.0.1:49268 - R:localhost/127.0.0.1:33087]
10:49:00.272 [Forwarding sendKeysToElement on session 739e6175c0e87d3b3e0e0498428f2afb to remote] DEBUG org.asynchttpclient.netty.request.NettyRequestSender - Using pooled Channel '[id: 0x99d02edd, L:/127.0.0.1:49268 - R:localhost/127.0.0.1:33087]' for 'POST' to 'http://localhost:33087/session/739e6175c0e87d3b3e0e0498428f2afb/element/9CD2200169B02333C01A103ECCBE2290_element_26/value'
10:49:00.272 [Forwarding sendKeysToElement on session 739e6175c0e87d3b3e0e0498428f2afb to remote] DEBUG org.asynchttpclient.netty.request.NettyRequestSender - Using open Channel [id: 0x99d02edd, L:/127.0.0.1:49268 - R:localhost/127.0.0.1:33087] for POST '/session/739e6175c0e87d3b3e0e0498428f2afb/element/9CD2200169B02333C01A103ECCBE2290_element_26/value'
10:49:00.582 [AsyncHttpClient-1-5] DEBUG org.asynchttpclient.netty.handler.HttpHandler - 

Request DefaultHttpRequest(decodeResult: success, version: HTTP/1.1)
POST /session/739e6175c0e87d3b3e0e0498428f2afb/element/9CD2200169B02333C01A103ECCBE2290_element_26/value HTTP/1.1
User-Agent: selenium/4.8.2 (java windows)
Content-Length: 388
Content-Type: application/json; charset=utf-8
host: localhost:33087
accept: */*

Response DefaultHttpResponse(decodeResult: success, version: HTTP/1.1)
HTTP/1.1 200 OK
Content-Length: 14
Content-Type: application/json; charset=utf-8
cache-control: no-cache

10:49:00.582 [AsyncHttpClient-1-5] DEBUG org.asynchttpclient.netty.channel.ChannelManager - Adding key: http://localhost:33087 for channel [id: 0x99d02edd, L:/127.0.0.1:49268 - R:localhost/127.0.0.1:33087]
10:49:00.583 [Forwarding findElement on session 739e6175c0e87d3b3e0e0498428f2afb to remote] DEBUG org.asynchttpclient.netty.request.NettyRequestSender - Using pooled Channel '[id: 0x99d02edd, L:/127.0.0.1:49268 - R:localhost/127.0.0.1:33087]' for 'POST' to 'http://localhost:33087/session/739e6175c0e87d3b3e0e0498428f2afb/element'
10:49:00.584 [Forwarding findElement on session 739e6175c0e87d3b3e0e0498428f2afb to remote] DEBUG org.asynchttpclient.netty.request.NettyRequestSender - Using open Channel [id: 0x99d02edd, L:/127.0.0.1:49268 - R:localhost/127.0.0.1:33087] for POST '/session/739e6175c0e87d3b3e0e0498428f2afb/element'
10:49:00.607 [AsyncHttpClient-1-5] DEBUG org.asynchttpclient.netty.handler.HttpHandler - 

Request DefaultHttpRequest(decodeResult: success, version: HTTP/1.1)
POST /session/739e6175c0e87d3b3e0e0498428f2afb/element HTTP/1.1
User-Agent: selenium/4.8.2 (java windows)
Content-Length: 109
Content-Type: application/json; charset=utf-8
host: localhost:33087
accept: */*

Response DefaultHttpResponse(decodeResult: success, version: HTTP/1.1)
HTTP/1.1 200 OK
Content-Length: 95
Content-Type: application/json; charset=utf-8
cache-control: no-cache

10:49:00.607 [AsyncHttpClient-1-5] DEBUG org.asynchttpclient.netty.channel.ChannelManager - Adding key: http://localhost:33087 for channel [id: 0x99d02edd, L:/127.0.0.1:49268 - R:localhost/127.0.0.1:33087]
10:49:00.611 [Forwarding sendKeysToElement on session 739e6175c0e87d3b3e0e0498428f2afb to remote] DEBUG org.asynchttpclient.netty.request.NettyRequestSender - Using pooled Channel '[id: 0x99d02edd, L:/127.0.0.1:49268 - R:localhost/127.0.0.1:33087]' for 'POST' to 'http://localhost:33087/session/739e6175c0e87d3b3e0e0498428f2afb/element/9CD2200169B02333C01A103ECCBE2290_element_29/value'
10:49:00.611 [Forwarding sendKeysToElement on session 739e6175c0e87d3b3e0e0498428f2afb to remote] DEBUG org.asynchttpclient.netty.request.NettyRequestSender - Using open Channel [id: 0x99d02edd, L:/127.0.0.1:49268 - R:localhost/127.0.0.1:33087] for POST '/session/739e6175c0e87d3b3e0e0498428f2afb/element/9CD2200169B02333C01A103ECCBE2290_element_29/value'
10:49:00.702 [AsyncHttpClient-1-5] DEBUG org.asynchttpclient.netty.handler.HttpHandler - 

Request DefaultHttpRequest(decodeResult: success, version: HTTP/1.1)
POST /session/739e6175c0e87d3b3e0e0498428f2afb/element/9CD2200169B02333C01A103ECCBE2290_element_29/value HTTP/1.1
User-Agent: selenium/4.8.2 (java windows)
Content-Length: 158
Content-Type: application/json; charset=utf-8
host: localhost:33087
accept: */*

Response DefaultHttpResponse(decodeResult: success, version: HTTP/1.1)
HTTP/1.1 200 OK
Content-Length: 14
Content-Type: application/json; charset=utf-8
cache-control: no-cache

10:49:00.702 [AsyncHttpClient-1-5] DEBUG org.asynchttpclient.netty.channel.ChannelManager - Adding key: http://localhost:33087 for channel [id: 0x99d02edd, L:/127.0.0.1:49268 - R:localhost/127.0.0.1:33087]
10:49:00.704 [Forwarding findElement on session 739e6175c0e87d3b3e0e0498428f2afb to remote] DEBUG org.asynchttpclient.netty.request.NettyRequestSender - Using pooled Channel '[id: 0x99d02edd, L:/127.0.0.1:49268 - R:localhost/127.0.0.1:33087]' for 'POST' to 'http://localhost:33087/session/739e6175c0e87d3b3e0e0498428f2afb/element'
10:49:00.704 [Forwarding findElement on session 739e6175c0e87d3b3e0e0498428f2afb to remote] DEBUG org.asynchttpclient.netty.request.NettyRequestSender - Using open Channel [id: 0x99d02edd, L:/127.0.0.1:49268 - R:localhost/127.0.0.1:33087] for POST '/session/739e6175c0e87d3b3e0e0498428f2afb/element'
10:49:00.732 [AsyncHttpClient-1-5] DEBUG org.asynchttpclient.netty.handler.HttpHandler - 

Request DefaultHttpRequest(decodeResult: success, version: HTTP/1.1)
POST /session/739e6175c0e87d3b3e0e0498428f2afb/element HTTP/1.1
User-Agent: selenium/4.8.2 (java windows)
Content-Length: 57
Content-Type: application/json; charset=utf-8
host: localhost:33087
accept: */*

Response DefaultHttpResponse(decodeResult: success, version: HTTP/1.1)
HTTP/1.1 200 OK
Content-Length: 95
Content-Type: application/json; charset=utf-8
cache-control: no-cache

10:49:00.733 [AsyncHttpClient-1-5] DEBUG org.asynchttpclient.netty.channel.ChannelManager - Adding key: http://localhost:33087 for channel [id: 0x99d02edd, L:/127.0.0.1:49268 - R:localhost/127.0.0.1:33087]
10:49:00.735 [Forwarding clickElement on session 739e6175c0e87d3b3e0e0498428f2afb to remote] DEBUG org.asynchttpclient.netty.request.NettyRequestSender - Using pooled Channel '[id: 0x99d02edd, L:/127.0.0.1:49268 - R:localhost/127.0.0.1:33087]' for 'POST' to 'http://localhost:33087/session/739e6175c0e87d3b3e0e0498428f2afb/element/9CD2200169B02333C01A103ECCBE2290_element_32/click'
10:49:00.735 [Forwarding clickElement on session 739e6175c0e87d3b3e0e0498428f2afb to remote] DEBUG org.asynchttpclient.netty.request.NettyRequestSender - Using open Channel [id: 0x99d02edd, L:/127.0.0.1:49268 - R:localhost/127.0.0.1:33087] for POST '/session/739e6175c0e87d3b3e0e0498428f2afb/element/9CD2200169B02333C01A103ECCBE2290_element_32/click'
10:49:00.787 [AsyncHttpClient-1-1] DEBUG org.asynchttpclient.netty.channel.DefaultChannelPool - Entry count for : http://localhost:49269 : 1
10:49:00.787 [AsyncHttpClient-1-1] DEBUG org.asynchttpclient.netty.channel.DefaultChannelPool - Entry count for : http://localhost:33210 : 1
10:49:00.819 [AsyncHttpClient-1-5] DEBUG org.asynchttpclient.netty.handler.HttpHandler - 

Request DefaultHttpRequest(decodeResult: success, version: HTTP/1.1)
POST /session/739e6175c0e87d3b3e0e0498428f2afb/element/9CD2200169B02333C01A103ECCBE2290_element_32/click HTTP/1.1
User-Agent: selenium/4.8.2 (java windows)
Content-Length: 57
Content-Type: application/json; charset=utf-8
host: localhost:33087
accept: */*

Response DefaultHttpResponse(decodeResult: success, version: HTTP/1.1)
HTTP/1.1 200 OK
Content-Length: 14
Content-Type: application/json; charset=utf-8
cache-control: no-cache

10:49:00.820 [AsyncHttpClient-1-5] DEBUG org.asynchttpclient.netty.channel.ChannelManager - Adding key: http://localhost:33087 for channel [id: 0x99d02edd, L:/127.0.0.1:49268 - R:localhost/127.0.0.1:33087]
10:49:01.881 [AsyncHttpClient-1-1] DEBUG org.asynchttpclient.netty.channel.DefaultChannelPool - Entry count for : http://localhost:49269 : 1
10:49:01.881 [AsyncHttpClient-1-1] DEBUG org.asynchttpclient.netty.channel.DefaultChannelPool - Entry count for : http://localhost:33087 : 1
10:49:01.881 [AsyncHttpClient-1-1] DEBUG org.asynchttpclient.netty.channel.DefaultChannelPool - Entry count for : http://localhost:33210 : 1
10:49:02.987 [AsyncHttpClient-1-1] DEBUG org.asynchttpclient.netty.channel.DefaultChannelPool - Entry count for : http://localhost:49269 : 1
10:49:02.987 [AsyncHttpClient-1-1] DEBUG org.asynchttpclient.netty.channel.DefaultChannelPool - Entry count for : http://localhost:33087 : 1
10:49:02.987 [AsyncHttpClient-1-1] DEBUG org.asynchttpclient.netty.channel.DefaultChannelPool - Entry count for : http://localhost:33210 : 1
10:49:04.084 [AsyncHttpClient-1-1] DEBUG org.asynchttpclient.netty.channel.DefaultChannelPool - Entry count for : http://localhost:49269 : 1
10:49:04.084 [AsyncHttpClient-1-1] DEBUG org.asynchttpclient.netty.channel.DefaultChannelPool - Entry count for : http://localhost:33087 : 1
10:49:04.084 [AsyncHttpClient-1-1] DEBUG org.asynchttpclient.netty.channel.DefaultChannelPool - Entry count for : http://localhost:33210 : 1
10:49:05.187 [AsyncHttpClient-1-1] DEBUG org.asynchttpclient.netty.channel.DefaultChannelPool - Entry count for : http://localhost:49269 : 1
10:49:05.187 [AsyncHttpClient-1-1] DEBUG org.asynchttpclient.netty.channel.DefaultChannelPool - Entry count for : http://localhost:33087 : 1
10:49:05.187 [AsyncHttpClient-1-1] DEBUG org.asynchttpclient.netty.channel.DefaultChannelPool - Entry count for : http://localhost:33210 : 1
10:49:06.284 [AsyncHttpClient-1-1] DEBUG org.asynchttpclient.netty.channel.DefaultChannelPool - Entry count for : http://localhost:49269 : 1
10:49:06.285 [AsyncHttpClient-1-1] DEBUG org.asynchttpclient.netty.channel.DefaultChannelPool - Entry count for : http://localhost:33087 : 1
10:49:06.286 [AsyncHttpClient-1-1] DEBUG org.asynchttpclient.netty.channel.DefaultChannelPool - Entry count for : http://localhost:33210 : 1
10:49:07.389 [AsyncHttpClient-1-1] DEBUG org.asynchttpclient.netty.channel.DefaultChannelPool - Entry count for : http://localhost:49269 : 1
10:49:07.389 [AsyncHttpClient-1-1] DEBUG org.asynchttpclient.netty.channel.DefaultChannelPool - Entry count for : http://localhost:33087 : 1
10:49:07.389 [AsyncHttpClient-1-1] DEBUG org.asynchttpclient.netty.channel.DefaultChannelPool - Entry count for : http://localhost:33210 : 1
10:49:08.488 [AsyncHttpClient-1-1] DEBUG org.asynchttpclient.netty.channel.DefaultChannelPool - Entry count for : http://localhost:49269 : 1
10:49:08.488 [AsyncHttpClient-1-1] DEBUG org.asynchttpclient.netty.channel.DefaultChannelPool - Entry count for : http://localhost:33087 : 1
10:49:08.488 [AsyncHttpClient-1-1] DEBUG org.asynchttpclient.netty.channel.DefaultChannelPool - Entry count for : http://localhost:33210 : 1
10:49:08.488 [AsyncHttpClient-1-1] DEBUG org.asynchttpclient.netty.channel.DefaultChannelPool - Adding Candidate expired Channel [id: 0x82f498ed, L:/127.0.0.1:65521 - R:localhost/127.0.0.1:33210] isIdleTimeoutExpired=true isRemotelyClosed=false isTtlExpired=false
10:49:08.488 [AsyncHttpClient-1-1] DEBUG org.asynchttpclient.netty.channel.DefaultChannelPool - Closing Idle Channel [id: 0x82f498ed, L:/127.0.0.1:65521 - R:localhost/127.0.0.1:33210]
10:49:08.489 [AsyncHttpClient-1-1] DEBUG org.asynchttpclient.netty.channel.DefaultChannelPool - Closed 1 connections out of 3 in 1 ms
10:49:08.489 [AsyncHttpClient-1-2] DEBUG org.asynchttpclient.netty.handler.HttpHandler - Channel Closed: [id: 0x82f498ed, L:/127.0.0.1:65521 ! R:localhost/127.0.0.1:33210] with attribute DISCARD
10:49:09.588 [AsyncHttpClient-1-1] DEBUG org.asynchttpclient.netty.channel.DefaultChannelPool - Entry count for : http://localhost:49269 : 1
10:49:09.588 [AsyncHttpClient-1-1] DEBUG org.asynchttpclient.netty.channel.DefaultChannelPool - Entry count for : http://localhost:33087 : 1
10:49:10.691 [AsyncHttpClient-1-1] DEBUG org.asynchttpclient.netty.channel.DefaultChannelPool - Entry count for : http://localhost:49269 : 1
10:49:10.691 [AsyncHttpClient-1-1] DEBUG org.asynchttpclient.netty.channel.DefaultChannelPool - Entry count for : http://localhost:33087 : 1
10:49:11.788 [AsyncHttpClient-1-1] DEBUG org.asynchttpclient.netty.channel.DefaultChannelPool - Entry count for : http://localhost:49269 : 1
10:49:11.788 [AsyncHttpClient-1-1] DEBUG org.asynchttpclient.netty.channel.DefaultChannelPool - Entry count for : http://localhost:33087 : 1
10:49:12.827 [Forwarding getCurrentUrl on session 739e6175c0e87d3b3e0e0498428f2afb to remote] DEBUG org.asynchttpclient.netty.request.NettyRequestSender - Using pooled Channel '[id: 0x99d02edd, L:/127.0.0.1:49268 - R:localhost/127.0.0.1:33087]' for 'GET' to 'http://localhost:33087/session/739e6175c0e87d3b3e0e0498428f2afb/url'
10:49:12.827 [Forwarding getCurrentUrl on session 739e6175c0e87d3b3e0e0498428f2afb to remote] DEBUG org.asynchttpclient.netty.request.NettyRequestSender - Using open Channel [id: 0x99d02edd, L:/127.0.0.1:49268 - R:localhost/127.0.0.1:33087] for GET '/session/739e6175c0e87d3b3e0e0498428f2afb/url'
10:49:12.852 [AsyncHttpClient-1-5] DEBUG org.asynchttpclient.netty.handler.HttpHandler - 

Request DefaultFullHttpRequest(decodeResult: success, version: HTTP/1.1, content: EmptyByteBufBE)
GET /session/739e6175c0e87d3b3e0e0498428f2afb/url HTTP/1.1
User-Agent: selenium/4.8.2 (java windows)
Cache-Control: no-cache
Content-Type: application/json; charset=utf-8
host: localhost:33087
accept: */*

Response DefaultHttpResponse(decodeResult: success, version: HTTP/1.1)
HTTP/1.1 200 OK
Content-Length: 49
Content-Type: application/json; charset=utf-8
cache-control: no-cache

10:49:12.853 [AsyncHttpClient-1-5] DEBUG org.asynchttpclient.netty.channel.ChannelManager - Adding key: http://localhost:33087 for channel [id: 0x99d02edd, L:/127.0.0.1:49268 - R:localhost/127.0.0.1:33087]
10:49:12.888 [AsyncHttpClient-1-1] DEBUG org.asynchttpclient.netty.channel.DefaultChannelPool - Entry count for : http://localhost:49269 : 1
10:49:12.888 [AsyncHttpClient-1-1] DEBUG org.asynchttpclient.netty.channel.DefaultChannelPool - Entry count for : http://localhost:33087 : 1
10:49:13.983 [AsyncHttpClient-1-1] DEBUG org.asynchttpclient.netty.channel.DefaultChannelPool - Entry count for : http://localhost:49269 : 1
10:49:13.984 [AsyncHttpClient-1-1] DEBUG org.asynchttpclient.netty.channel.DefaultChannelPool - Entry count for : http://localhost:33087 : 1
10:49:15.081 [AsyncHttpClient-1-1] DEBUG org.asynchttpclient.netty.channel.DefaultChannelPool - Entry count for : http://localhost:49269 : 1
10:49:15.081 [AsyncHttpClient-1-1] DEBUG org.asynchttpclient.netty.channel.DefaultChannelPool - Entry count for : http://localhost:33087 : 1
10:49:16.187 [AsyncHttpClient-1-1] DEBUG org.asynchttpclient.netty.channel.DefaultChannelPool - Entry count for : http://localhost:49269 : 1
10:49:16.187 [AsyncHttpClient-1-1] DEBUG org.asynchttpclient.netty.channel.DefaultChannelPool - Entry count for : http://localhost:33087 : 1
10:49:17.289 [AsyncHttpClient-1-1] DEBUG org.asynchttpclient.netty.channel.DefaultChannelPool - Entry count for : http://localhost:49269 : 1
10:49:17.289 [AsyncHttpClient-1-1] DEBUG org.asynchttpclient.netty.channel.DefaultChannelPool - Entry count for : http://localhost:33087 : 1
10:49:18.387 [AsyncHttpClient-1-1] DEBUG org.asynchttpclient.netty.channel.DefaultChannelPool - Entry count for : http://localhost:49269 : 1
10:49:18.387 [AsyncHttpClient-1-1] DEBUG org.asynchttpclient.netty.channel.DefaultChannelPool - Entry count for : http://localhost:33087 : 1
10:49:19.487 [AsyncHttpClient-1-1] DEBUG org.asynchttpclient.netty.channel.DefaultChannelPool - Entry count for : http://localhost:49269 : 1
10:49:19.487 [AsyncHttpClient-1-1] DEBUG org.asynchttpclient.netty.channel.DefaultChannelPool - Entry count for : http://localhost:33087 : 1
10:49:20.589 [AsyncHttpClient-1-1] DEBUG org.asynchttpclient.netty.channel.DefaultChannelPool - Entry count for : http://localhost:49269 : 1
10:49:20.589 [AsyncHttpClient-1-1] DEBUG org.asynchttpclient.netty.channel.DefaultChannelPool - Entry count for : http://localhost:33087 : 1
10:49:20.589 [AsyncHttpClient-1-1] DEBUG org.asynchttpclient.netty.channel.DefaultChannelPool - Adding Candidate expired Channel [id: 0x2615a2dc, L:/127.0.0.1:49275 - R:localhost/127.0.0.1:49269] isIdleTimeoutExpired=true isRemotelyClosed=false isTtlExpired=false
10:49:20.589 [AsyncHttpClient-1-1] DEBUG org.asynchttpclient.netty.channel.DefaultChannelPool - Closing Idle Channel [id: 0x2615a2dc, L:/127.0.0.1:49275 - R:localhost/127.0.0.1:49269]
10:49:20.590 [AsyncHttpClient-1-1] DEBUG org.asynchttpclient.netty.channel.DefaultChannelPool - Closed 1 connections out of 2 in 1 ms
10:49:20.591 [AsyncHttpClient-1-6] DEBUG org.asynchttpclient.netty.handler.HttpHandler - Channel Closed: [id: 0x2615a2dc, L:/127.0.0.1:49275 ! R:localhost/127.0.0.1:49269] with attribute DISCARD
10:49:21.688 [AsyncHttpClient-1-1] DEBUG org.asynchttpclient.netty.channel.DefaultChannelPool - Entry count for : http://localhost:33087 : 1
10:49:22.787 [AsyncHttpClient-1-1] DEBUG org.asynchttpclient.netty.channel.DefaultChannelPool - Entry count for : http://localhost:33087 : 1
10:49:23.885 [AsyncHttpClient-1-1] DEBUG org.asynchttpclient.netty.channel.DefaultChannelPool - Entry count for : http://localhost:33087 : 1
10:49:24.987 [AsyncHttpClient-1-1] DEBUG org.asynchttpclient.netty.channel.DefaultChannelPool - Entry count for : http://localhost:33087 : 1
10:49:26.087 [AsyncHttpClient-1-1] DEBUG org.asynchttpclient.netty.channel.DefaultChannelPool - Entry count for : http://localhost:33087 : 1
10:49:27.182 [AsyncHttpClient-1-1] DEBUG org.asynchttpclient.netty.channel.DefaultChannelPool - Entry count for : http://localhost:33087 : 1
10:49:28.287 [AsyncHttpClient-1-1] DEBUG org.asynchttpclient.netty.channel.DefaultChannelPool - Entry count for : http://localhost:33087 : 1
10:49:29.387 [AsyncHttpClient-1-1] DEBUG org.asynchttpclient.netty.channel.DefaultChannelPool - Entry count for : http://localhost:33087 : 1
10:49:30.483 [AsyncHttpClient-1-1] DEBUG org.asynchttpclient.netty.channel.DefaultChannelPool - Entry count for : http://localhost:33087 : 1
10:49:31.585 [AsyncHttpClient-1-1] DEBUG org.asynchttpclient.netty.channel.DefaultChannelPool - Entry count for : http://localhost:33087 : 1
10:49:32.684 [AsyncHttpClient-1-1] DEBUG org.asynchttpclient.netty.channel.DefaultChannelPool - Entry count for : http://localhost:33087 : 1
10:49:33.787 [AsyncHttpClient-1-1] DEBUG org.asynchttpclient.netty.channel.DefaultChannelPool - Entry count for : http://localhost:33087 : 1
10:49:34.881 [AsyncHttpClient-1-1] DEBUG org.asynchttpclient.netty.channel.DefaultChannelPool - Entry count for : http://localhost:33087 : 1
10:49:34.912 [Forwarding findElement on session 739e6175c0e87d3b3e0e0498428f2afb to remote] DEBUG org.asynchttpclient.netty.request.NettyRequestSender - Using pooled Channel '[id: 0x99d02edd, L:/127.0.0.1:49268 - R:localhost/127.0.0.1:33087]' for 'POST' to 'http://localhost:33087/session/739e6175c0e87d3b3e0e0498428f2afb/element'
10:49:34.912 [Forwarding findElement on session 739e6175c0e87d3b3e0e0498428f2afb to remote] DEBUG org.asynchttpclient.netty.request.NettyRequestSender - Using open Channel [id: 0x99d02edd, L:/127.0.0.1:49268 - R:localhost/127.0.0.1:33087] for POST '/session/739e6175c0e87d3b3e0e0498428f2afb/element'
10:49:34.945 [AsyncHttpClient-1-5] DEBUG org.asynchttpclient.netty.handler.HttpHandler - 

Request DefaultHttpRequest(decodeResult: success, version: HTTP/1.1)
POST /session/739e6175c0e87d3b3e0e0498428f2afb/element HTTP/1.1
User-Agent: selenium/4.8.2 (java windows)
Content-Length: 131
Content-Type: application/json; charset=utf-8
host: localhost:33087
accept: */*

Response DefaultHttpResponse(decodeResult: success, version: HTTP/1.1)
HTTP/1.1 200 OK
Content-Length: 95
Content-Type: application/json; charset=utf-8
cache-control: no-cache

10:49:34.945 [AsyncHttpClient-1-5] DEBUG org.asynchttpclient.netty.channel.ChannelManager - Adding key: http://localhost:33087 for channel [id: 0x99d02edd, L:/127.0.0.1:49268 - R:localhost/127.0.0.1:33087]
10:49:34.947 [Forwarding clickElement on session 739e6175c0e87d3b3e0e0498428f2afb to remote] DEBUG org.asynchttpclient.netty.request.NettyRequestSender - Using pooled Channel '[id: 0x99d02edd, L:/127.0.0.1:49268 - R:localhost/127.0.0.1:33087]' for 'POST' to 'http://localhost:33087/session/739e6175c0e87d3b3e0e0498428f2afb/element/9CD2200169B02333C01A103ECCBE2290_element_64/click'
10:49:34.947 [Forwarding clickElement on session 739e6175c0e87d3b3e0e0498428f2afb to remote] DEBUG org.asynchttpclient.netty.request.NettyRequestSender - Using open Channel [id: 0x99d02edd, L:/127.0.0.1:49268 - R:localhost/127.0.0.1:33087] for POST '/session/739e6175c0e87d3b3e0e0498428f2afb/element/9CD2200169B02333C01A103ECCBE2290_element_64/click'
10:49:35.082 [AsyncHttpClient-1-5] DEBUG org.asynchttpclient.netty.handler.HttpHandler - 

Request DefaultHttpRequest(decodeResult: success, version: HTTP/1.1)
POST /session/739e6175c0e87d3b3e0e0498428f2afb/element/9CD2200169B02333C01A103ECCBE2290_element_64/click HTTP/1.1
User-Agent: selenium/4.8.2 (java windows)
Content-Length: 57
Content-Type: application/json; charset=utf-8
host: localhost:33087
accept: */*

Response DefaultHttpResponse(decodeResult: success, version: HTTP/1.1)
HTTP/1.1 200 OK
Content-Length: 14
Content-Type: application/json; charset=utf-8
cache-control: no-cache

10:49:35.082 [AsyncHttpClient-1-5] DEBUG org.asynchttpclient.netty.channel.ChannelManager - Adding key: http://localhost:33087 for channel [id: 0x99d02edd, L:/127.0.0.1:49268 - R:localhost/127.0.0.1:33087]
10:49:35.981 [AsyncHttpClient-1-1] DEBUG org.asynchttpclient.netty.channel.DefaultChannelPool - Entry count for : http://localhost:33087 : 1
10:49:37.081 [AsyncHttpClient-1-1] DEBUG org.asynchttpclient.netty.channel.DefaultChannelPool - Entry count for : http://localhost:33087 : 1
10:49:38.188 [AsyncHttpClient-1-1] DEBUG org.asynchttpclient.netty.channel.DefaultChannelPool - Entry count for : http://localhost:33087 : 1
10:49:39.282 [AsyncHttpClient-1-1] DEBUG org.asynchttpclient.netty.channel.DefaultChannelPool - Entry count for : http://localhost:33087 : 1
10:49:40.388 [AsyncHttpClient-1-1] DEBUG org.asynchttpclient.netty.channel.DefaultChannelPool - Entry count for : http://localhost:33087 : 1
10:49:41.482 [AsyncHttpClient-1-1] DEBUG org.asynchttpclient.netty.channel.DefaultChannelPool - Entry count for : http://localhost:33087 : 1
10:49:42.581 [AsyncHttpClient-1-1] DEBUG org.asynchttpclient.netty.channel.DefaultChannelPool - Entry count for : http://localhost:33087 : 1
10:49:43.681 [AsyncHttpClient-1-1] DEBUG org.asynchttpclient.netty.channel.DefaultChannelPool - Entry count for : http://localhost:33087 : 1
10:49:44.785 [AsyncHttpClient-1-1] DEBUG org.asynchttpclient.netty.channel.DefaultChannelPool - Entry count for : http://localhost:33087 : 1
10:49:45.881 [AsyncHttpClient-1-1] DEBUG org.asynchttpclient.netty.channel.DefaultChannelPool - Entry count for : http://localhost:33087 : 1
10:49:46.097 [Forwarding getCurrentUrl on session 739e6175c0e87d3b3e0e0498428f2afb to remote] DEBUG org.asynchttpclient.netty.request.NettyRequestSender - Using pooled Channel '[id: 0x99d02edd, L:/127.0.0.1:49268 - R:localhost/127.0.0.1:33087]' for 'GET' to 'http://localhost:33087/session/739e6175c0e87d3b3e0e0498428f2afb/url'
10:49:46.097 [Forwarding getCurrentUrl on session 739e6175c0e87d3b3e0e0498428f2afb to remote] DEBUG org.asynchttpclient.netty.request.NettyRequestSender - Using open Channel [id: 0x99d02edd, L:/127.0.0.1:49268 - R:localhost/127.0.0.1:33087] for GET '/session/739e6175c0e87d3b3e0e0498428f2afb/url'
10:49:46.113 [AsyncHttpClient-1-5] DEBUG org.asynchttpclient.netty.handler.HttpHandler - 

Request DefaultFullHttpRequest(decodeResult: success, version: HTTP/1.1, content: EmptyByteBufBE)
GET /session/739e6175c0e87d3b3e0e0498428f2afb/url HTTP/1.1
User-Agent: selenium/4.8.2 (java windows)
Cache-Control: no-cache
Content-Type: application/json; charset=utf-8
host: localhost:33087
accept: */*

Response DefaultHttpResponse(decodeResult: success, version: HTTP/1.1)
HTTP/1.1 200 OK
Content-Length: 55
Content-Type: application/json; charset=utf-8
cache-control: no-cache

10:49:46.114 [AsyncHttpClient-1-5] DEBUG org.asynchttpclient.netty.channel.ChannelManager - Adding key: http://localhost:33087 for channel [id: 0x99d02edd, L:/127.0.0.1:49268 - R:localhost/127.0.0.1:33087]
10:49:46.988 [AsyncHttpClient-1-1] DEBUG org.asynchttpclient.netty.channel.DefaultChannelPool - Entry count for : http://localhost:33087 : 1
10:49:48.083 [AsyncHttpClient-1-1] DEBUG org.asynchttpclient.netty.channel.DefaultChannelPool - Entry count for : http://localhost:33087 : 1
10:49:49.182 [AsyncHttpClient-1-1] DEBUG org.asynchttpclient.netty.channel.DefaultChannelPool - Entry count for : http://localhost:33087 : 1
10:49:50.284 [AsyncHttpClient-1-1] DEBUG org.asynchttpclient.netty.channel.DefaultChannelPool - Entry count for : http://localhost:33087 : 1
10:49:51.382 [AsyncHttpClient-1-1] DEBUG org.asynchttpclient.netty.channel.DefaultChannelPool - Entry count for : http://localhost:33087 : 1
10:49:52.487 [AsyncHttpClient-1-1] DEBUG org.asynchttpclient.netty.channel.DefaultChannelPool - Entry count for : http://localhost:33087 : 1
10:49:53.587 [AsyncHttpClient-1-1] DEBUG org.asynchttpclient.netty.channel.DefaultChannelPool - Entry count for : http://localhost:33087 : 1
10:49:54.682 [AsyncHttpClient-1-1] DEBUG org.asynchttpclient.netty.channel.DefaultChannelPool - Entry count for : http://localhost:33087 : 1
10:49:55.782 [AsyncHttpClient-1-1] DEBUG org.asynchttpclient.netty.channel.DefaultChannelPool - Entry count for : http://localhost:33087 : 1
10:49:56.881 [AsyncHttpClient-1-1] DEBUG org.asynchttpclient.netty.channel.DefaultChannelPool - Entry count for : http://localhost:33087 : 1
10:49:57.159 [Forwarding findElement on session 739e6175c0e87d3b3e0e0498428f2afb to remote] DEBUG org.asynchttpclient.netty.request.NettyRequestSender - Using pooled Channel '[id: 0x99d02edd, L:/127.0.0.1:49268 - R:localhost/127.0.0.1:33087]' for 'POST' to 'http://localhost:33087/session/739e6175c0e87d3b3e0e0498428f2afb/element'
10:49:57.159 [Forwarding findElement on session 739e6175c0e87d3b3e0e0498428f2afb to remote] DEBUG org.asynchttpclient.netty.request.NettyRequestSender - Using open Channel [id: 0x99d02edd, L:/127.0.0.1:49268 - R:localhost/127.0.0.1:33087] for POST '/session/739e6175c0e87d3b3e0e0498428f2afb/element'
10:49:57.174 [AsyncHttpClient-1-5] DEBUG org.asynchttpclient.netty.handler.HttpHandler - 

Request DefaultHttpRequest(decodeResult: success, version: HTTP/1.1)
POST /session/739e6175c0e87d3b3e0e0498428f2afb/element HTTP/1.1
User-Agent: selenium/4.8.2 (java windows)
Content-Length: 161
Content-Type: application/json; charset=utf-8
host: localhost:33087
accept: */*

Response DefaultHttpResponse(decodeResult: success, version: HTTP/1.1)
HTTP/1.1 200 OK
Content-Length: 95
Content-Type: application/json; charset=utf-8
cache-control: no-cache

10:49:57.174 [AsyncHttpClient-1-5] DEBUG org.asynchttpclient.netty.channel.ChannelManager - Adding key: http://localhost:33087 for channel [id: 0x99d02edd, L:/127.0.0.1:49268 - R:localhost/127.0.0.1:33087]
10:49:57.174 [Forwarding clickElement on session 739e6175c0e87d3b3e0e0498428f2afb to remote] DEBUG org.asynchttpclient.netty.request.NettyRequestSender - Using pooled Channel '[id: 0x99d02edd, L:/127.0.0.1:49268 - R:localhost/127.0.0.1:33087]' for 'POST' to 'http://localhost:33087/session/739e6175c0e87d3b3e0e0498428f2afb/element/9CD2200169B02333C01A103ECCBE2290_element_71/click'
10:49:57.174 [Forwarding clickElement on session 739e6175c0e87d3b3e0e0498428f2afb to remote] DEBUG org.asynchttpclient.netty.request.NettyRequestSender - Using open Channel [id: 0x99d02edd, L:/127.0.0.1:49268 - R:localhost/127.0.0.1:33087] for POST '/session/739e6175c0e87d3b3e0e0498428f2afb/element/9CD2200169B02333C01A103ECCBE2290_element_71/click'
10:49:57.275 [AsyncHttpClient-1-5] DEBUG org.asynchttpclient.netty.handler.HttpHandler - 

Request DefaultHttpRequest(decodeResult: success, version: HTTP/1.1)
POST /session/739e6175c0e87d3b3e0e0498428f2afb/element/9CD2200169B02333C01A103ECCBE2290_element_71/click HTTP/1.1
User-Agent: selenium/4.8.2 (java windows)
Content-Length: 57
Content-Type: application/json; charset=utf-8
host: localhost:33087
accept: */*

Response DefaultHttpResponse(decodeResult: success, version: HTTP/1.1)
HTTP/1.1 200 OK
Content-Length: 14
Content-Type: application/json; charset=utf-8
cache-control: no-cache

10:49:57.275 [AsyncHttpClient-1-5] DEBUG org.asynchttpclient.netty.channel.ChannelManager - Adding key: http://localhost:33087 for channel [id: 0x99d02edd, L:/127.0.0.1:49268 - R:localhost/127.0.0.1:33087]
10:49:57.981 [AsyncHttpClient-1-1] DEBUG org.asynchttpclient.netty.channel.DefaultChannelPool - Entry count for : http://localhost:33087 : 1
10:49:59.087 [AsyncHttpClient-1-1] DEBUG org.asynchttpclient.netty.channel.DefaultChannelPool - Entry count for : http://localhost:33087 : 1
10:50:00.181 [AsyncHttpClient-1-1] DEBUG org.asynchttpclient.netty.channel.DefaultChannelPool - Entry count for : http://localhost:33087 : 1
10:50:01.288 [AsyncHttpClient-1-1] DEBUG org.asynchttpclient.netty.channel.DefaultChannelPool - Entry count for : http://localhost:33087 : 1
10:50:02.381 [AsyncHttpClient-1-1] DEBUG org.asynchttpclient.netty.channel.DefaultChannelPool - Entry count for : http://localhost:33087 : 1
10:50:03.483 [AsyncHttpClient-1-1] DEBUG org.asynchttpclient.netty.channel.DefaultChannelPool - Entry count for : http://localhost:33087 : 1
10:50:04.581 [AsyncHttpClient-1-1] DEBUG org.asynchttpclient.netty.channel.DefaultChannelPool - Entry count for : http://localhost:33087 : 1
10:50:05.681 [AsyncHttpClient-1-1] DEBUG org.asynchttpclient.netty.channel.DefaultChannelPool - Entry count for : http://localhost:33087 : 1
10:50:06.791 [AsyncHttpClient-1-1] DEBUG org.asynchttpclient.netty.channel.DefaultChannelPool - Entry count for : http://localhost:33087 : 1
10:50:07.885 [AsyncHttpClient-1-1] DEBUG org.asynchttpclient.netty.channel.DefaultChannelPool - Entry count for : http://localhost:33087 : 1
10:50:08.279 [Forwarding getCurrentUrl on session 739e6175c0e87d3b3e0e0498428f2afb to remote] DEBUG org.asynchttpclient.netty.request.NettyRequestSender - Using pooled Channel '[id: 0x99d02edd, L:/127.0.0.1:49268 - R:localhost/127.0.0.1:33087]' for 'GET' to 'http://localhost:33087/session/739e6175c0e87d3b3e0e0498428f2afb/url'
10:50:08.279 [Forwarding getCurrentUrl on session 739e6175c0e87d3b3e0e0498428f2afb to remote] DEBUG org.asynchttpclient.netty.request.NettyRequestSender - Using open Channel [id: 0x99d02edd, L:/127.0.0.1:49268 - R:localhost/127.0.0.1:33087] for GET '/session/739e6175c0e87d3b3e0e0498428f2afb/url'
10:50:08.281 [AsyncHttpClient-1-5] DEBUG org.asynchttpclient.netty.handler.HttpHandler - 

Request DefaultFullHttpRequest(decodeResult: success, version: HTTP/1.1, content: EmptyByteBufBE)
GET /session/739e6175c0e87d3b3e0e0498428f2afb/url HTTP/1.1
User-Agent: selenium/4.8.2 (java windows)
Cache-Control: no-cache
Content-Type: application/json; charset=utf-8
host: localhost:33087
accept: */*

Response DefaultHttpResponse(decodeResult: success, version: HTTP/1.1)
HTTP/1.1 200 OK
Content-Length: 53
Content-Type: application/json; charset=utf-8
cache-control: no-cache

10:50:08.281 [AsyncHttpClient-1-5] DEBUG org.asynchttpclient.netty.channel.ChannelManager - Adding key: http://localhost:33087 for channel [id: 0x99d02edd, L:/127.0.0.1:49268 - R:localhost/127.0.0.1:33087]
10:50:08.992 [AsyncHttpClient-1-1] DEBUG org.asynchttpclient.netty.channel.DefaultChannelPool - Entry count for : http://localhost:33087 : 1
10:50:10.089 [AsyncHttpClient-1-1] DEBUG org.asynchttpclient.netty.channel.DefaultChannelPool - Entry count for : http://localhost:33087 : 1
10:50:11.185 [AsyncHttpClient-1-1] DEBUG org.asynchttpclient.netty.channel.DefaultChannelPool - Entry count for : http://localhost:33087 : 1
10:50:12.284 [AsyncHttpClient-1-1] DEBUG org.asynchttpclient.netty.channel.DefaultChannelPool - Entry count for : http://localhost:33087 : 1
10:50:13.382 [AsyncHttpClient-1-1] DEBUG org.asynchttpclient.netty.channel.DefaultChannelPool - Entry count for : http://localhost:33087 : 1
10:50:14.483 [AsyncHttpClient-1-1] DEBUG org.asynchttpclient.netty.channel.DefaultChannelPool - Entry count for : http://localhost:33087 : 1
10:50:15.581 [AsyncHttpClient-1-1] DEBUG org.asynchttpclient.netty.channel.DefaultChannelPool - Entry count for : http://localhost:33087 : 1
10:50:16.686 [AsyncHttpClient-1-1] DEBUG org.asynchttpclient.netty.channel.DefaultChannelPool - Entry count for : http://localhost:33087 : 1
10:50:17.791 [AsyncHttpClient-1-1] DEBUG org.asynchttpclient.netty.channel.DefaultChannelPool - Entry count for : http://localhost:33087 : 1
10:50:18.885 [AsyncHttpClient-1-1] DEBUG org.asynchttpclient.netty.channel.DefaultChannelPool - Entry count for : http://localhost:33087 : 1
10:50:19.297 [Forwarding findElement on session 739e6175c0e87d3b3e0e0498428f2afb to remote] DEBUG org.asynchttpclient.netty.request.NettyRequestSender - Using pooled Channel '[id: 0x99d02edd, L:/127.0.0.1:49268 - R:localhost/127.0.0.1:33087]' for 'POST' to 'http://localhost:33087/session/739e6175c0e87d3b3e0e0498428f2afb/element'
10:50:19.297 [Forwarding findElement on session 739e6175c0e87d3b3e0e0498428f2afb to remote] DEBUG org.asynchttpclient.netty.request.NettyRequestSender - Using open Channel [id: 0x99d02edd, L:/127.0.0.1:49268 - R:localhost/127.0.0.1:33087] for POST '/session/739e6175c0e87d3b3e0e0498428f2afb/element'
10:50:19.312 [AsyncHttpClient-1-5] DEBUG org.asynchttpclient.netty.handler.HttpHandler - 

Request DefaultHttpRequest(decodeResult: success, version: HTTP/1.1)
POST /session/739e6175c0e87d3b3e0e0498428f2afb/element HTTP/1.1
User-Agent: selenium/4.8.2 (java windows)
Content-Length: 176
Content-Type: application/json; charset=utf-8
host: localhost:33087
accept: */*

Response DefaultHttpResponse(decodeResult: success, version: HTTP/1.1)
HTTP/1.1 200 OK
Content-Length: 95
Content-Type: application/json; charset=utf-8
cache-control: no-cache

10:50:19.312 [AsyncHttpClient-1-5] DEBUG org.asynchttpclient.netty.channel.ChannelManager - Adding key: http://localhost:33087 for channel [id: 0x99d02edd, L:/127.0.0.1:49268 - R:localhost/127.0.0.1:33087]
10:50:19.312 [Forwarding clickElement on session 739e6175c0e87d3b3e0e0498428f2afb to remote] DEBUG org.asynchttpclient.netty.request.NettyRequestSender - Using pooled Channel '[id: 0x99d02edd, L:/127.0.0.1:49268 - R:localhost/127.0.0.1:33087]' for 'POST' to 'http://localhost:33087/session/739e6175c0e87d3b3e0e0498428f2afb/element/9CD2200169B02333C01A103ECCBE2290_element_85/click'
10:50:19.312 [Forwarding clickElement on session 739e6175c0e87d3b3e0e0498428f2afb to remote] DEBUG org.asynchttpclient.netty.request.NettyRequestSender - Using open Channel [id: 0x99d02edd, L:/127.0.0.1:49268 - R:localhost/127.0.0.1:33087] for POST '/session/739e6175c0e87d3b3e0e0498428f2afb/element/9CD2200169B02333C01A103ECCBE2290_element_85/click'
10:50:19.420 [AsyncHttpClient-1-5] DEBUG org.asynchttpclient.netty.handler.HttpHandler - 

Request DefaultHttpRequest(decodeResult: success, version: HTTP/1.1)
POST /session/739e6175c0e87d3b3e0e0498428f2afb/element/9CD2200169B02333C01A103ECCBE2290_element_85/click HTTP/1.1
User-Agent: selenium/4.8.2 (java windows)
Content-Length: 57
Content-Type: application/json; charset=utf-8
host: localhost:33087
accept: */*

Response DefaultHttpResponse(decodeResult: success, version: HTTP/1.1)
HTTP/1.1 200 OK
Content-Length: 14
Content-Type: application/json; charset=utf-8
cache-control: no-cache

10:50:19.421 [AsyncHttpClient-1-5] DEBUG org.asynchttpclient.netty.channel.ChannelManager - Adding key: http://localhost:33087 for channel [id: 0x99d02edd, L:/127.0.0.1:49268 - R:localhost/127.0.0.1:33087]
10:50:19.981 [AsyncHttpClient-1-1] DEBUG org.asynchttpclient.netty.channel.DefaultChannelPool - Entry count for : http://localhost:33087 : 1
10:50:21.087 [AsyncHttpClient-1-1] DEBUG org.asynchttpclient.netty.channel.DefaultChannelPool - Entry count for : http://localhost:33087 : 1
10:50:22.181 [AsyncHttpClient-1-1] DEBUG org.asynchttpclient.netty.channel.DefaultChannelPool - Entry count for : http://localhost:33087 : 1
10:50:23.285 [AsyncHttpClient-1-1] DEBUG org.asynchttpclient.netty.channel.DefaultChannelPool - Entry count for : http://localhost:33087 : 1
10:50:24.382 [AsyncHttpClient-1-1] DEBUG org.asynchttpclient.netty.channel.DefaultChannelPool - Entry count for : http://localhost:33087 : 1
10:50:25.494 [AsyncHttpClient-1-1] DEBUG org.asynchttpclient.netty.channel.DefaultChannelPool - Entry count for : http://localhost:33087 : 1
10:50:26.600 [AsyncHttpClient-1-1] DEBUG org.asynchttpclient.netty.channel.DefaultChannelPool - Entry count for : http://localhost:33087 : 1
10:50:27.685 [AsyncHttpClient-1-1] DEBUG org.asynchttpclient.netty.channel.DefaultChannelPool - Entry count for : http://localhost:33087 : 1
10:50:28.794 [AsyncHttpClient-1-1] DEBUG org.asynchttpclient.netty.channel.DefaultChannelPool - Entry count for : http://localhost:33087 : 1
10:50:29.897 [AsyncHttpClient-1-1] DEBUG org.asynchttpclient.netty.channel.DefaultChannelPool - Entry count for : http://localhost:33087 : 1
10:50:30.429 [Forwarding getCurrentUrl on session 739e6175c0e87d3b3e0e0498428f2afb to remote] DEBUG org.asynchttpclient.netty.request.NettyRequestSender - Using pooled Channel '[id: 0x99d02edd, L:/127.0.0.1:49268 - R:localhost/127.0.0.1:33087]' for 'GET' to 'http://localhost:33087/session/739e6175c0e87d3b3e0e0498428f2afb/url'
10:50:30.429 [Forwarding getCurrentUrl on session 739e6175c0e87d3b3e0e0498428f2afb to remote] DEBUG org.asynchttpclient.netty.request.NettyRequestSender - Using open Channel [id: 0x99d02edd, L:/127.0.0.1:49268 - R:localhost/127.0.0.1:33087] for GET '/session/739e6175c0e87d3b3e0e0498428f2afb/url'
10:50:30.429 [AsyncHttpClient-1-5] DEBUG org.asynchttpclient.netty.handler.HttpHandler - 

Request DefaultFullHttpRequest(decodeResult: success, version: HTTP/1.1, content: EmptyByteBufBE)
GET /session/739e6175c0e87d3b3e0e0498428f2afb/url HTTP/1.1
User-Agent: selenium/4.8.2 (java windows)
Cache-Control: no-cache
Content-Type: application/json; charset=utf-8
host: localhost:33087
accept: */*

Response DefaultHttpResponse(decodeResult: success, version: HTTP/1.1)
HTTP/1.1 200 OK
Content-Length: 54
Content-Type: application/json; charset=utf-8
cache-control: no-cache

10:50:30.429 [AsyncHttpClient-1-5] DEBUG org.asynchttpclient.netty.channel.ChannelManager - Adding key: http://localhost:33087 for channel [id: 0x99d02edd, L:/127.0.0.1:49268 - R:localhost/127.0.0.1:33087]
10:50:30.985 [AsyncHttpClient-1-1] DEBUG org.asynchttpclient.netty.channel.DefaultChannelPool - Entry count for : http://localhost:33087 : 1
10:50:32.084 [AsyncHttpClient-1-1] DEBUG org.asynchttpclient.netty.channel.DefaultChannelPool - Entry count for : http://localhost:33087 : 1
10:50:33.209 [AsyncHttpClient-1-1] DEBUG org.asynchttpclient.netty.channel.DefaultChannelPool - Entry count for : http://localhost:33087 : 1
10:50:34.285 [AsyncHttpClient-1-1] DEBUG org.asynchttpclient.netty.channel.DefaultChannelPool - Entry count for : http://localhost:33087 : 1
10:50:35.391 [AsyncHttpClient-1-1] DEBUG org.asynchttpclient.netty.channel.DefaultChannelPool - Entry count for : http://localhost:33087 : 1
10:50:36.485 [AsyncHttpClient-1-1] DEBUG org.asynchttpclient.netty.channel.DefaultChannelPool - Entry count for : http://localhost:33087 : 1
10:50:37.585 [AsyncHttpClient-1-1] DEBUG org.asynchttpclient.netty.channel.DefaultChannelPool - Entry count for : http://localhost:33087 : 1
10:50:38.685 [AsyncHttpClient-1-1] DEBUG org.asynchttpclient.netty.channel.DefaultChannelPool - Entry count for : http://localhost:33087 : 1
10:50:39.791 [AsyncHttpClient-1-1] DEBUG org.asynchttpclient.netty.channel.DefaultChannelPool - Entry count for : http://localhost:33087 : 1
10:50:40.885 [AsyncHttpClient-1-1] DEBUG org.asynchttpclient.netty.channel.DefaultChannelPool - Entry count for : http://localhost:33087 : 1
10:50:41.985 [AsyncHttpClient-1-1] DEBUG org.asynchttpclient.netty.channel.DefaultChannelPool - Entry count for : http://localhost:33087 : 1
10:50:43.082 [AsyncHttpClient-1-1] DEBUG org.asynchttpclient.netty.channel.DefaultChannelPool - Entry count for : http://localhost:33087 : 1
10:50:44.191 [AsyncHttpClient-1-1] DEBUG org.asynchttpclient.netty.channel.DefaultChannelPool - Entry count for : http://localhost:33087 : 1
10:50:45.285 [AsyncHttpClient-1-1] DEBUG org.asynchttpclient.netty.channel.DefaultChannelPool - Entry count for : http://localhost:33087 : 1
10:50:46.385 [AsyncHttpClient-1-1] DEBUG org.asynchttpclient.netty.channel.DefaultChannelPool - Entry count for : http://localhost:33087 : 1
10:50:47.488 [AsyncHttpClient-1-1] DEBUG org.asynchttpclient.netty.channel.DefaultChannelPool - Entry count for : http://localhost:33087 : 1
10:50:48.590 [AsyncHttpClient-1-1] DEBUG org.asynchttpclient.netty.channel.DefaultChannelPool - Entry count for : http://localhost:33087 : 1
10:50:49.685 [AsyncHttpClient-1-1] DEBUG org.asynchttpclient.netty.channel.DefaultChannelPool - Entry count for : http://localhost:33087 : 1
10:50:50.791 [AsyncHttpClient-1-1] DEBUG org.asynchttpclient.netty.channel.DefaultChannelPool - Entry count for : http://localhost:33087 : 1
10:50:51.888 [AsyncHttpClient-1-1] DEBUG org.asynchttpclient.netty.channel.DefaultChannelPool - Entry count for : http://localhost:33087 : 1
10:50:52.438 [Forwarding findElement on session 739e6175c0e87d3b3e0e0498428f2afb to remote] DEBUG org.asynchttpclient.netty.request.NettyRequestSender - Using pooled Channel '[id: 0x99d02edd, L:/127.0.0.1:49268 - R:localhost/127.0.0.1:33087]' for 'POST' to 'http://localhost:33087/session/739e6175c0e87d3b3e0e0498428f2afb/element'
10:50:52.438 [Forwarding findElement on session 739e6175c0e87d3b3e0e0498428f2afb to remote] DEBUG org.asynchttpclient.netty.request.NettyRequestSender - Using open Channel [id: 0x99d02edd, L:/127.0.0.1:49268 - R:localhost/127.0.0.1:33087] for POST '/session/739e6175c0e87d3b3e0e0498428f2afb/element'
10:50:52.453 [AsyncHttpClient-1-5] DEBUG org.asynchttpclient.netty.handler.HttpHandler - 

Request DefaultHttpRequest(decodeResult: success, version: HTTP/1.1)
POST /session/739e6175c0e87d3b3e0e0498428f2afb/element HTTP/1.1
User-Agent: selenium/4.8.2 (java windows)
Content-Length: 159
Content-Type: application/json; charset=utf-8
host: localhost:33087
accept: */*

Response DefaultHttpResponse(decodeResult: success, version: HTTP/1.1)
HTTP/1.1 200 OK
Content-Length: 95
Content-Type: application/json; charset=utf-8
cache-control: no-cache

10:50:52.453 [AsyncHttpClient-1-5] DEBUG org.asynchttpclient.netty.channel.ChannelManager - Adding key: http://localhost:33087 for channel [id: 0x99d02edd, L:/127.0.0.1:49268 - R:localhost/127.0.0.1:33087]
10:50:52.453 [Forwarding clickElement on session 739e6175c0e87d3b3e0e0498428f2afb to remote] DEBUG org.asynchttpclient.netty.request.NettyRequestSender - Using pooled Channel '[id: 0x99d02edd, L:/127.0.0.1:49268 - R:localhost/127.0.0.1:33087]' for 'POST' to 'http://localhost:33087/session/739e6175c0e87d3b3e0e0498428f2afb/element/9CD2200169B02333C01A103ECCBE2290_element_90/click'
10:50:52.453 [Forwarding clickElement on session 739e6175c0e87d3b3e0e0498428f2afb to remote] DEBUG org.asynchttpclient.netty.request.NettyRequestSender - Using open Channel [id: 0x99d02edd, L:/127.0.0.1:49268 - R:localhost/127.0.0.1:33087] for POST '/session/739e6175c0e87d3b3e0e0498428f2afb/element/9CD2200169B02333C01A103ECCBE2290_element_90/click'
10:50:52.545 [AsyncHttpClient-1-5] DEBUG org.asynchttpclient.netty.handler.HttpHandler - 

Request DefaultHttpRequest(decodeResult: success, version: HTTP/1.1)
POST /session/739e6175c0e87d3b3e0e0498428f2afb/element/9CD2200169B02333C01A103ECCBE2290_element_90/click HTTP/1.1
User-Agent: selenium/4.8.2 (java windows)
Content-Length: 57
Content-Type: application/json; charset=utf-8
host: localhost:33087
accept: */*

Response DefaultHttpResponse(decodeResult: success, version: HTTP/1.1)
HTTP/1.1 200 OK
Content-Length: 14
Content-Type: application/json; charset=utf-8
cache-control: no-cache

10:50:52.545 [AsyncHttpClient-1-5] DEBUG org.asynchttpclient.netty.channel.ChannelManager - Adding key: http://localhost:33087 for channel [id: 0x99d02edd, L:/127.0.0.1:49268 - R:localhost/127.0.0.1:33087]
10:50:52.981 [AsyncHttpClient-1-1] DEBUG org.asynchttpclient.netty.channel.DefaultChannelPool - Entry count for : http://localhost:33087 : 1
10:50:54.091 [AsyncHttpClient-1-1] DEBUG org.asynchttpclient.netty.channel.DefaultChannelPool - Entry count for : http://localhost:33087 : 1
10:50:55.185 [AsyncHttpClient-1-1] DEBUG org.asynchttpclient.netty.channel.DefaultChannelPool - Entry count for : http://localhost:33087 : 1
10:50:56.281 [AsyncHttpClient-1-1] DEBUG org.asynchttpclient.netty.channel.DefaultChannelPool - Entry count for : http://localhost:33087 : 1
10:50:57.381 [AsyncHttpClient-1-1] DEBUG org.asynchttpclient.netty.channel.DefaultChannelPool - Entry count for : http://localhost:33087 : 1
10:50:58.491 [AsyncHttpClient-1-1] DEBUG org.asynchttpclient.netty.channel.DefaultChannelPool - Entry count for : http://localhost:33087 : 1
10:50:59.581 [AsyncHttpClient-1-1] DEBUG org.asynchttpclient.netty.channel.DefaultChannelPool - Entry count for : http://localhost:33087 : 1
10:51:00.684 [AsyncHttpClient-1-1] DEBUG org.asynchttpclient.netty.channel.DefaultChannelPool - Entry count for : http://localhost:33087 : 1
10:51:01.781 [AsyncHttpClient-1-1] DEBUG org.asynchttpclient.netty.channel.DefaultChannelPool - Entry count for : http://localhost:33087 : 1
10:51:02.885 [AsyncHttpClient-1-1] DEBUG org.asynchttpclient.netty.channel.DefaultChannelPool - Entry count for : http://localhost:33087 : 1
10:51:03.559 [Forwarding getCurrentUrl on session 739e6175c0e87d3b3e0e0498428f2afb to remote] DEBUG org.asynchttpclient.netty.request.NettyRequestSender - Using pooled Channel '[id: 0x99d02edd, L:/127.0.0.1:49268 - R:localhost/127.0.0.1:33087]' for 'GET' to 'http://localhost:33087/session/739e6175c0e87d3b3e0e0498428f2afb/url'
10:51:03.559 [Forwarding getCurrentUrl on session 739e6175c0e87d3b3e0e0498428f2afb to remote] DEBUG org.asynchttpclient.netty.request.NettyRequestSender - Using open Channel [id: 0x99d02edd, L:/127.0.0.1:49268 - R:localhost/127.0.0.1:33087] for GET '/session/739e6175c0e87d3b3e0e0498428f2afb/url'
10:51:03.559 [AsyncHttpClient-1-5] DEBUG org.asynchttpclient.netty.handler.HttpHandler - 

Request DefaultFullHttpRequest(decodeResult: success, version: HTTP/1.1, content: EmptyByteBufBE)
GET /session/739e6175c0e87d3b3e0e0498428f2afb/url HTTP/1.1
User-Agent: selenium/4.8.2 (java windows)
Cache-Control: no-cache
Content-Type: application/json; charset=utf-8
host: localhost:33087
accept: */*

Response DefaultHttpResponse(decodeResult: success, version: HTTP/1.1)
HTTP/1.1 200 OK
Content-Length: 54
Content-Type: application/json; charset=utf-8
cache-control: no-cache

10:51:03.559 [AsyncHttpClient-1-5] DEBUG org.asynchttpclient.netty.channel.ChannelManager - Adding key: http://localhost:33087 for channel [id: 0x99d02edd, L:/127.0.0.1:49268 - R:localhost/127.0.0.1:33087]
10:51:03.981 [AsyncHttpClient-1-1] DEBUG org.asynchttpclient.netty.channel.DefaultChannelPool - Entry count for : http://localhost:33087 : 1
10:51:05.091 [AsyncHttpClient-1-1] DEBUG org.asynchttpclient.netty.channel.DefaultChannelPool - Entry count for : http://localhost:33087 : 1
10:51:06.191 [AsyncHttpClient-1-1] DEBUG org.asynchttpclient.netty.channel.DefaultChannelPool - Entry count for : http://localhost:33087 : 1
10:51:07.282 [AsyncHttpClient-1-1] DEBUG org.asynchttpclient.netty.channel.DefaultChannelPool - Entry count for : http://localhost:33087 : 1
10:51:08.382 [AsyncHttpClient-1-1] DEBUG org.asynchttpclient.netty.channel.DefaultChannelPool - Entry count for : http://localhost:33087 : 1
10:51:09.491 [AsyncHttpClient-1-1] DEBUG org.asynchttpclient.netty.channel.DefaultChannelPool - Entry count for : http://localhost:33087 : 1
10:51:10.591 [AsyncHttpClient-1-1] DEBUG org.asynchttpclient.netty.channel.DefaultChannelPool - Entry count for : http://localhost:33087 : 1
10:51:11.681 [AsyncHttpClient-1-1] DEBUG org.asynchttpclient.netty.channel.DefaultChannelPool - Entry count for : http://localhost:33087 : 1
10:51:12.785 [AsyncHttpClient-1-1] DEBUG org.asynchttpclient.netty.channel.DefaultChannelPool - Entry count for : http://localhost:33087 : 1
10:51:13.882 [AsyncHttpClient-1-1] DEBUG org.asynchttpclient.netty.channel.DefaultChannelPool - Entry count for : http://localhost:33087 : 1
10:51:14.591 [Forwarding findElement on session 739e6175c0e87d3b3e0e0498428f2afb to remote] DEBUG org.asynchttpclient.netty.request.NettyRequestSender - Using pooled Channel '[id: 0x99d02edd, L:/127.0.0.1:49268 - R:localhost/127.0.0.1:33087]' for 'POST' to 'http://localhost:33087/session/739e6175c0e87d3b3e0e0498428f2afb/element'
10:51:14.591 [Forwarding findElement on session 739e6175c0e87d3b3e0e0498428f2afb to remote] DEBUG org.asynchttpclient.netty.request.NettyRequestSender - Using open Channel [id: 0x99d02edd, L:/127.0.0.1:49268 - R:localhost/127.0.0.1:33087] for POST '/session/739e6175c0e87d3b3e0e0498428f2afb/element'
10:51:14.606 [AsyncHttpClient-1-5] DEBUG org.asynchttpclient.netty.handler.HttpHandler - 

Request DefaultHttpRequest(decodeResult: success, version: HTTP/1.1)
POST /session/739e6175c0e87d3b3e0e0498428f2afb/element HTTP/1.1
User-Agent: selenium/4.8.2 (java windows)
Content-Length: 176
Content-Type: application/json; charset=utf-8
host: localhost:33087
accept: */*

Response DefaultHttpResponse(decodeResult: success, version: HTTP/1.1)
HTTP/1.1 200 OK
Content-Length: 96
Content-Type: application/json; charset=utf-8
cache-control: no-cache

10:51:14.606 [AsyncHttpClient-1-5] DEBUG org.asynchttpclient.netty.channel.ChannelManager - Adding key: http://localhost:33087 for channel [id: 0x99d02edd, L:/127.0.0.1:49268 - R:localhost/127.0.0.1:33087]
10:51:14.606 [Forwarding clickElement on session 739e6175c0e87d3b3e0e0498428f2afb to remote] DEBUG org.asynchttpclient.netty.request.NettyRequestSender - Using pooled Channel '[id: 0x99d02edd, L:/127.0.0.1:49268 - R:localhost/127.0.0.1:33087]' for 'POST' to 'http://localhost:33087/session/739e6175c0e87d3b3e0e0498428f2afb/element/9CD2200169B02333C01A103ECCBE2290_element_100/click'
10:51:14.606 [Forwarding clickElement on session 739e6175c0e87d3b3e0e0498428f2afb to remote] DEBUG org.asynchttpclient.netty.request.NettyRequestSender - Using open Channel [id: 0x99d02edd, L:/127.0.0.1:49268 - R:localhost/127.0.0.1:33087] for POST '/session/739e6175c0e87d3b3e0e0498428f2afb/element/9CD2200169B02333C01A103ECCBE2290_element_100/click'
10:51:14.692 [AsyncHttpClient-1-5] DEBUG org.asynchttpclient.netty.handler.HttpHandler - 

Request DefaultHttpRequest(decodeResult: success, version: HTTP/1.1)
POST /session/739e6175c0e87d3b3e0e0498428f2afb/element/9CD2200169B02333C01A103ECCBE2290_element_100/click HTTP/1.1
User-Agent: selenium/4.8.2 (java windows)
Content-Length: 58
Content-Type: application/json; charset=utf-8
host: localhost:33087
accept: */*

Response DefaultHttpResponse(decodeResult: success, version: HTTP/1.1)
HTTP/1.1 200 OK
Content-Length: 14
Content-Type: application/json; charset=utf-8
cache-control: no-cache

10:51:14.693 [AsyncHttpClient-1-5] DEBUG org.asynchttpclient.netty.channel.ChannelManager - Adding key: http://localhost:33087 for channel [id: 0x99d02edd, L:/127.0.0.1:49268 - R:localhost/127.0.0.1:33087]
10:51:14.985 [AsyncHttpClient-1-1] DEBUG org.asynchttpclient.netty.channel.DefaultChannelPool - Entry count for : http://localhost:33087 : 1
10:51:16.085 [AsyncHttpClient-1-1] DEBUG org.asynchttpclient.netty.channel.DefaultChannelPool - Entry count for : http://localhost:33087 : 1
10:51:17.182 [AsyncHttpClient-1-1] DEBUG org.asynchttpclient.netty.channel.DefaultChannelPool - Entry count for : http://localhost:33087 : 1
10:51:18.282 [AsyncHttpClient-1-1] DEBUG org.asynchttpclient.netty.channel.DefaultChannelPool - Entry count for : http://localhost:33087 : 1
10:51:19.387 [AsyncHttpClient-1-1] DEBUG org.asynchttpclient.netty.channel.DefaultChannelPool - Entry count for : http://localhost:33087 : 1
10:51:20.482 [AsyncHttpClient-1-1] DEBUG org.asynchttpclient.netty.channel.DefaultChannelPool - Entry count for : http://localhost:33087 : 1
10:51:21.589 [AsyncHttpClient-1-1] DEBUG org.asynchttpclient.netty.channel.DefaultChannelPool - Entry count for : http://localhost:33087 : 1
10:51:22.691 [AsyncHttpClient-1-1] DEBUG org.asynchttpclient.netty.channel.DefaultChannelPool - Entry count for : http://localhost:33087 : 1
10:51:23.781 [AsyncHttpClient-1-1] DEBUG org.asynchttpclient.netty.channel.DefaultChannelPool - Entry count for : http://localhost:33087 : 1
10:51:24.894 [AsyncHttpClient-1-1] DEBUG org.asynchttpclient.netty.channel.DefaultChannelPool - Entry count for : http://localhost:33087 : 1
10:51:25.695 [Forwarding getCurrentUrl on session 739e6175c0e87d3b3e0e0498428f2afb to remote] DEBUG org.asynchttpclient.netty.request.NettyRequestSender - Using pooled Channel '[id: 0x99d02edd, L:/127.0.0.1:49268 - R:localhost/127.0.0.1:33087]' for 'GET' to 'http://localhost:33087/session/739e6175c0e87d3b3e0e0498428f2afb/url'
10:51:25.695 [Forwarding getCurrentUrl on session 739e6175c0e87d3b3e0e0498428f2afb to remote] DEBUG org.asynchttpclient.netty.request.NettyRequestSender - Using open Channel [id: 0x99d02edd, L:/127.0.0.1:49268 - R:localhost/127.0.0.1:33087] for GET '/session/739e6175c0e87d3b3e0e0498428f2afb/url'
10:51:25.704 [AsyncHttpClient-1-5] DEBUG org.asynchttpclient.netty.handler.HttpHandler - 

Request DefaultFullHttpRequest(decodeResult: success, version: HTTP/1.1, content: EmptyByteBufBE)
GET /session/739e6175c0e87d3b3e0e0498428f2afb/url HTTP/1.1
User-Agent: selenium/4.8.2 (java windows)
Cache-Control: no-cache
Content-Type: application/json; charset=utf-8
host: localhost:33087
accept: */*

Response DefaultHttpResponse(decodeResult: success, version: HTTP/1.1)
HTTP/1.1 200 OK
Content-Length: 55
Content-Type: application/json; charset=utf-8
cache-control: no-cache

10:51:25.705 [AsyncHttpClient-1-5] DEBUG org.asynchttpclient.netty.channel.ChannelManager - Adding key: http://localhost:33087 for channel [id: 0x99d02edd, L:/127.0.0.1:49268 - R:localhost/127.0.0.1:33087]
10:51:25.982 [AsyncHttpClient-1-1] DEBUG org.asynchttpclient.netty.channel.DefaultChannelPool - Entry count for : http://localhost:33087 : 1
10:51:27.082 [AsyncHttpClient-1-1] DEBUG org.asynchttpclient.netty.channel.DefaultChannelPool - Entry count for : http://localhost:33087 : 1
10:51:28.192 [AsyncHttpClient-1-1] DEBUG org.asynchttpclient.netty.channel.DefaultChannelPool - Entry count for : http://localhost:33087 : 1
10:51:29.281 [AsyncHttpClient-1-1] DEBUG org.asynchttpclient.netty.channel.DefaultChannelPool - Entry count for : http://localhost:33087 : 1
10:51:30.392 [AsyncHttpClient-1-1] DEBUG org.asynchttpclient.netty.channel.DefaultChannelPool - Entry count for : http://localhost:33087 : 1
10:51:31.482 [AsyncHttpClient-1-1] DEBUG org.asynchttpclient.netty.channel.DefaultChannelPool - Entry count for : http://localhost:33087 : 1
10:51:32.582 [AsyncHttpClient-1-1] DEBUG org.asynchttpclient.netty.channel.DefaultChannelPool - Entry count for : http://localhost:33087 : 1
10:51:33.682 [AsyncHttpClient-1-1] DEBUG org.asynchttpclient.netty.channel.DefaultChannelPool - Entry count for : http://localhost:33087 : 1
10:51:34.788 [AsyncHttpClient-1-1] DEBUG org.asynchttpclient.netty.channel.DefaultChannelPool - Entry count for : http://localhost:33087 : 1
10:51:35.882 [AsyncHttpClient-1-1] DEBUG org.asynchttpclient.netty.channel.DefaultChannelPool - Entry count for : http://localhost:33087 : 1
10:51:36.761 [Forwarding findElement on session 739e6175c0e87d3b3e0e0498428f2afb to remote] DEBUG org.asynchttpclient.netty.request.NettyRequestSender - Using pooled Channel '[id: 0x99d02edd, L:/127.0.0.1:49268 - R:localhost/127.0.0.1:33087]' for 'POST' to 'http://localhost:33087/session/739e6175c0e87d3b3e0e0498428f2afb/element'
10:51:36.761 [Forwarding findElement on session 739e6175c0e87d3b3e0e0498428f2afb to remote] DEBUG org.asynchttpclient.netty.request.NettyRequestSender - Using open Channel [id: 0x99d02edd, L:/127.0.0.1:49268 - R:localhost/127.0.0.1:33087] for POST '/session/739e6175c0e87d3b3e0e0498428f2afb/element'
10:51:36.781 [AsyncHttpClient-1-5] DEBUG org.asynchttpclient.netty.handler.HttpHandler - 

Request DefaultHttpRequest(decodeResult: success, version: HTTP/1.1)
POST /session/739e6175c0e87d3b3e0e0498428f2afb/element HTTP/1.1
User-Agent: selenium/4.8.2 (java windows)
Content-Length: 128
Content-Type: application/json; charset=utf-8
host: localhost:33087
accept: */*

Response DefaultHttpResponse(decodeResult: success, version: HTTP/1.1)
HTTP/1.1 200 OK
Content-Length: 96
Content-Type: application/json; charset=utf-8
cache-control: no-cache

10:51:36.781 [AsyncHttpClient-1-5] DEBUG org.asynchttpclient.netty.channel.ChannelManager - Adding key: http://localhost:33087 for channel [id: 0x99d02edd, L:/127.0.0.1:49268 - R:localhost/127.0.0.1:33087]
10:51:36.781 [Forwarding clickElement on session 739e6175c0e87d3b3e0e0498428f2afb to remote] DEBUG org.asynchttpclient.netty.request.NettyRequestSender - Using pooled Channel '[id: 0x99d02edd, L:/127.0.0.1:49268 - R:localhost/127.0.0.1:33087]' for 'POST' to 'http://localhost:33087/session/739e6175c0e87d3b3e0e0498428f2afb/element/9CD2200169B02333C01A103ECCBE2290_element_103/click'
10:51:36.781 [Forwarding clickElement on session 739e6175c0e87d3b3e0e0498428f2afb to remote] DEBUG org.asynchttpclient.netty.request.NettyRequestSender - Using open Channel [id: 0x99d02edd, L:/127.0.0.1:49268 - R:localhost/127.0.0.1:33087] for POST '/session/739e6175c0e87d3b3e0e0498428f2afb/element/9CD2200169B02333C01A103ECCBE2290_element_103/click'
10:51:36.887 [AsyncHttpClient-1-5] DEBUG org.asynchttpclient.netty.handler.HttpHandler - 

Request DefaultHttpRequest(decodeResult: success, version: HTTP/1.1)
POST /session/739e6175c0e87d3b3e0e0498428f2afb/element/9CD2200169B02333C01A103ECCBE2290_element_103/click HTTP/1.1
User-Agent: selenium/4.8.2 (java windows)
Content-Length: 58
Content-Type: application/json; charset=utf-8
host: localhost:33087
accept: */*

Response DefaultHttpResponse(decodeResult: success, version: HTTP/1.1)
HTTP/1.1 200 OK
Content-Length: 14
Content-Type: application/json; charset=utf-8
cache-control: no-cache

10:51:36.887 [AsyncHttpClient-1-5] DEBUG org.asynchttpclient.netty.channel.ChannelManager - Adding key: http://localhost:33087 for channel [id: 0x99d02edd, L:/127.0.0.1:49268 - R:localhost/127.0.0.1:33087]
10:51:36.985 [AsyncHttpClient-1-1] DEBUG org.asynchttpclient.netty.channel.DefaultChannelPool - Entry count for : http://localhost:33087 : 1
10:51:38.085 [AsyncHttpClient-1-1] DEBUG org.asynchttpclient.netty.channel.DefaultChannelPool - Entry count for : http://localhost:33087 : 1
10:51:39.181 [AsyncHttpClient-1-1] DEBUG org.asynchttpclient.netty.channel.DefaultChannelPool - Entry count for : http://localhost:33087 : 1
10:51:40.282 [AsyncHttpClient-1-1] DEBUG org.asynchttpclient.netty.channel.DefaultChannelPool - Entry count for : http://localhost:33087 : 1
10:51:41.382 [AsyncHttpClient-1-1] DEBUG org.asynchttpclient.netty.channel.DefaultChannelPool - Entry count for : http://localhost:33087 : 1
10:51:42.482 [AsyncHttpClient-1-1] DEBUG org.asynchttpclient.netty.channel.DefaultChannelPool - Entry count for : http://localhost:33087 : 1
10:51:43.582 [AsyncHttpClient-1-1] DEBUG org.asynchttpclient.netty.channel.DefaultChannelPool - Entry count for : http://localhost:33087 : 1
10:51:44.692 [AsyncHttpClient-1-1] DEBUG org.asynchttpclient.netty.channel.DefaultChannelPool - Entry count for : http://localhost:33087 : 1
10:51:45.796 [AsyncHttpClient-1-1] DEBUG org.asynchttpclient.netty.channel.DefaultChannelPool - Entry count for : http://localhost:33087 : 1
10:51:46.882 [AsyncHttpClient-1-1] DEBUG org.asynchttpclient.netty.channel.DefaultChannelPool - Entry count for : http://localhost:33087 : 1
10:51:47.903 [Forwarding getCurrentUrl on session 739e6175c0e87d3b3e0e0498428f2afb to remote] DEBUG org.asynchttpclient.netty.request.NettyRequestSender - Using pooled Channel '[id: 0x99d02edd, L:/127.0.0.1:49268 - R:localhost/127.0.0.1:33087]' for 'GET' to 'http://localhost:33087/session/739e6175c0e87d3b3e0e0498428f2afb/url'
10:51:47.903 [Forwarding getCurrentUrl on session 739e6175c0e87d3b3e0e0498428f2afb to remote] DEBUG org.asynchttpclient.netty.request.NettyRequestSender - Using open Channel [id: 0x99d02edd, L:/127.0.0.1:49268 - R:localhost/127.0.0.1:33087] for GET '/session/739e6175c0e87d3b3e0e0498428f2afb/url'
10:51:47.903 [AsyncHttpClient-1-5] DEBUG org.asynchttpclient.netty.handler.HttpHandler - 

Request DefaultFullHttpRequest(decodeResult: success, version: HTTP/1.1, content: EmptyByteBufBE)
GET /session/739e6175c0e87d3b3e0e0498428f2afb/url HTTP/1.1
User-Agent: selenium/4.8.2 (java windows)
Cache-Control: no-cache
Content-Type: application/json; charset=utf-8
host: localhost:33087
accept: */*

Response DefaultHttpResponse(decodeResult: success, version: HTTP/1.1)
HTTP/1.1 200 OK
Content-Length: 61
Content-Type: application/json; charset=utf-8
cache-control: no-cache

10:51:47.903 [AsyncHttpClient-1-5] DEBUG org.asynchttpclient.netty.channel.ChannelManager - Adding key: http://localhost:33087 for channel [id: 0x99d02edd, L:/127.0.0.1:49268 - R:localhost/127.0.0.1:33087]
10:51:47.981 [AsyncHttpClient-1-1] DEBUG org.asynchttpclient.netty.channel.DefaultChannelPool - Entry count for : http://localhost:33087 : 1
10:51:49.082 [AsyncHttpClient-1-1] DEBUG org.asynchttpclient.netty.channel.DefaultChannelPool - Entry count for : http://localhost:33087 : 1
10:51:50.188 [AsyncHttpClient-1-1] DEBUG org.asynchttpclient.netty.channel.DefaultChannelPool - Entry count for : http://localhost:33087 : 1
10:51:51.285 [AsyncHttpClient-1-1] DEBUG org.asynchttpclient.netty.channel.DefaultChannelPool - Entry count for : http://localhost:33087 : 1
10:51:52.382 [AsyncHttpClient-1-1] DEBUG org.asynchttpclient.netty.channel.DefaultChannelPool - Entry count for : http://localhost:33087 : 1
10:51:53.481 [AsyncHttpClient-1-1] DEBUG org.asynchttpclient.netty.channel.DefaultChannelPool - Entry count for : http://localhost:33087 : 1
10:51:54.581 [AsyncHttpClient-1-1] DEBUG org.asynchttpclient.netty.channel.DefaultChannelPool - Entry count for : http://localhost:33087 : 1
10:51:55.682 [AsyncHttpClient-1-1] DEBUG org.asynchttpclient.netty.channel.DefaultChannelPool - Entry count for : http://localhost:33087 : 1
10:51:56.781 [AsyncHttpClient-1-1] DEBUG org.asynchttpclient.netty.channel.DefaultChannelPool - Entry count for : http://localhost:33087 : 1
10:51:57.890 [AsyncHttpClient-1-1] DEBUG org.asynchttpclient.netty.channel.DefaultChannelPool - Entry count for : http://localhost:33087 : 1
10:51:58.924 [Forwarding findElement on session 739e6175c0e87d3b3e0e0498428f2afb to remote] DEBUG org.asynchttpclient.netty.request.NettyRequestSender - Using pooled Channel '[id: 0x99d02edd, L:/127.0.0.1:49268 - R:localhost/127.0.0.1:33087]' for 'POST' to 'http://localhost:33087/session/739e6175c0e87d3b3e0e0498428f2afb/element'
10:51:58.924 [Forwarding findElement on session 739e6175c0e87d3b3e0e0498428f2afb to remote] DEBUG org.asynchttpclient.netty.request.NettyRequestSender - Using open Channel [id: 0x99d02edd, L:/127.0.0.1:49268 - R:localhost/127.0.0.1:33087] for POST '/session/739e6175c0e87d3b3e0e0498428f2afb/element'
10:51:58.939 [AsyncHttpClient-1-5] DEBUG org.asynchttpclient.netty.handler.HttpHandler - 

Request DefaultHttpRequest(decodeResult: success, version: HTTP/1.1)
POST /session/739e6175c0e87d3b3e0e0498428f2afb/element HTTP/1.1
User-Agent: selenium/4.8.2 (java windows)
Content-Length: 128
Content-Type: application/json; charset=utf-8
host: localhost:33087
accept: */*

Response DefaultHttpResponse(decodeResult: success, version: HTTP/1.1)
HTTP/1.1 200 OK
Content-Length: 96
Content-Type: application/json; charset=utf-8
cache-control: no-cache

10:51:58.939 [AsyncHttpClient-1-5] DEBUG org.asynchttpclient.netty.channel.ChannelManager - Adding key: http://localhost:33087 for channel [id: 0x99d02edd, L:/127.0.0.1:49268 - R:localhost/127.0.0.1:33087]
10:51:58.939 [Forwarding clickElement on session 739e6175c0e87d3b3e0e0498428f2afb to remote] DEBUG org.asynchttpclient.netty.request.NettyRequestSender - Using pooled Channel '[id: 0x99d02edd, L:/127.0.0.1:49268 - R:localhost/127.0.0.1:33087]' for 'POST' to 'http://localhost:33087/session/739e6175c0e87d3b3e0e0498428f2afb/element/9CD2200169B02333C01A103ECCBE2290_element_109/click'
10:51:58.939 [Forwarding clickElement on session 739e6175c0e87d3b3e0e0498428f2afb to remote] DEBUG org.asynchttpclient.netty.request.NettyRequestSender - Using open Channel [id: 0x99d02edd, L:/127.0.0.1:49268 - R:localhost/127.0.0.1:33087] for POST '/session/739e6175c0e87d3b3e0e0498428f2afb/element/9CD2200169B02333C01A103ECCBE2290_element_109/click'
10:51:59.042 [AsyncHttpClient-1-5] DEBUG org.asynchttpclient.netty.handler.HttpHandler - 

Request DefaultHttpRequest(decodeResult: success, version: HTTP/1.1)
POST /session/739e6175c0e87d3b3e0e0498428f2afb/element/9CD2200169B02333C01A103ECCBE2290_element_109/click HTTP/1.1
User-Agent: selenium/4.8.2 (java windows)
Content-Length: 58
Content-Type: application/json; charset=utf-8
host: localhost:33087
accept: */*

Response DefaultHttpResponse(decodeResult: success, version: HTTP/1.1)
HTTP/1.1 200 OK
Content-Length: 14
Content-Type: application/json; charset=utf-8
cache-control: no-cache

10:51:59.043 [AsyncHttpClient-1-5] DEBUG org.asynchttpclient.netty.channel.ChannelManager - Adding key: http://localhost:33087 for channel [id: 0x99d02edd, L:/127.0.0.1:49268 - R:localhost/127.0.0.1:33087]
10:52:00.086 [AsyncHttpClient-1-1] DEBUG org.asynchttpclient.netty.channel.DefaultChannelPool - Entry count for : http://localhost:33087 : 1
10:52:01.188 [AsyncHttpClient-1-1] DEBUG org.asynchttpclient.netty.channel.DefaultChannelPool - Entry count for : http://localhost:33087 : 1
10:52:02.281 [AsyncHttpClient-1-1] DEBUG org.asynchttpclient.netty.channel.DefaultChannelPool - Entry count for : http://localhost:33087 : 1
10:52:03.391 [AsyncHttpClient-1-1] DEBUG org.asynchttpclient.netty.channel.DefaultChannelPool - Entry count for : http://localhost:33087 : 1
10:52:04.485 [AsyncHttpClient-1-1] DEBUG org.asynchttpclient.netty.channel.DefaultChannelPool - Entry count for : http://localhost:33087 : 1
10:52:05.586 [AsyncHttpClient-1-1] DEBUG org.asynchttpclient.netty.channel.DefaultChannelPool - Entry count for : http://localhost:33087 : 1
10:52:06.681 [AsyncHttpClient-1-1] DEBUG org.asynchttpclient.netty.channel.DefaultChannelPool - Entry count for : http://localhost:33087 : 1
10:52:07.791 [AsyncHttpClient-1-1] DEBUG org.asynchttpclient.netty.channel.DefaultChannelPool - Entry count for : http://localhost:33087 : 1
10:52:08.887 [AsyncHttpClient-1-1] DEBUG org.asynchttpclient.netty.channel.DefaultChannelPool - Entry count for : http://localhost:33087 : 1
10:52:09.986 [AsyncHttpClient-1-1] DEBUG org.asynchttpclient.netty.channel.DefaultChannelPool - Entry count for : http://localhost:33087 : 1
10:52:10.051 [Forwarding getCurrentUrl on session 739e6175c0e87d3b3e0e0498428f2afb to remote] DEBUG org.asynchttpclient.netty.request.NettyRequestSender - Using pooled Channel '[id: 0x99d02edd, L:/127.0.0.1:49268 - R:localhost/127.0.0.1:33087]' for 'GET' to 'http://localhost:33087/session/739e6175c0e87d3b3e0e0498428f2afb/url'
10:52:10.051 [Forwarding getCurrentUrl on session 739e6175c0e87d3b3e0e0498428f2afb to remote] DEBUG org.asynchttpclient.netty.request.NettyRequestSender - Using open Channel [id: 0x99d02edd, L:/127.0.0.1:49268 - R:localhost/127.0.0.1:33087] for GET '/session/739e6175c0e87d3b3e0e0498428f2afb/url'
10:52:10.060 [AsyncHttpClient-1-5] DEBUG org.asynchttpclient.netty.handler.HttpHandler - 

Request DefaultFullHttpRequest(decodeResult: success, version: HTTP/1.1, content: EmptyByteBufBE)
GET /session/739e6175c0e87d3b3e0e0498428f2afb/url HTTP/1.1
User-Agent: selenium/4.8.2 (java windows)
Cache-Control: no-cache
Content-Type: application/json; charset=utf-8
host: localhost:33087
accept: */*

Response DefaultHttpResponse(decodeResult: success, version: HTTP/1.1)
HTTP/1.1 200 OK
Content-Length: 57
Content-Type: application/json; charset=utf-8
cache-control: no-cache

10:52:10.060 [AsyncHttpClient-1-5] DEBUG org.asynchttpclient.netty.channel.ChannelManager - Adding key: http://localhost:33087 for channel [id: 0x99d02edd, L:/127.0.0.1:49268 - R:localhost/127.0.0.1:33087]
10:52:11.091 [AsyncHttpClient-1-1] DEBUG org.asynchttpclient.netty.channel.DefaultChannelPool - Entry count for : http://localhost:33087 : 1
10:52:12.181 [AsyncHttpClient-1-1] DEBUG org.asynchttpclient.netty.channel.DefaultChannelPool - Entry count for : http://localhost:33087 : 1
10:52:13.284 [AsyncHttpClient-1-1] DEBUG org.asynchttpclient.netty.channel.DefaultChannelPool - Entry count for : http://localhost:33087 : 1
10:52:14.382 [AsyncHttpClient-1-1] DEBUG org.asynchttpclient.netty.channel.DefaultChannelPool - Entry count for : http://localhost:33087 : 1
10:52:15.481 [AsyncHttpClient-1-1] DEBUG org.asynchttpclient.netty.channel.DefaultChannelPool - Entry count for : http://localhost:33087 : 1
10:52:16.582 [AsyncHttpClient-1-1] DEBUG org.asynchttpclient.netty.channel.DefaultChannelPool - Entry count for : http://localhost:33087 : 1
10:52:17.682 [AsyncHttpClient-1-1] DEBUG org.asynchttpclient.netty.channel.DefaultChannelPool - Entry count for : http://localhost:33087 : 1
10:52:18.781 [AsyncHttpClient-1-1] DEBUG org.asynchttpclient.netty.channel.DefaultChannelPool - Entry count for : http://localhost:33087 : 1
10:52:19.890 [AsyncHttpClient-1-1] DEBUG org.asynchttpclient.netty.channel.DefaultChannelPool - Entry count for : http://localhost:33087 : 1
10:52:20.990 [AsyncHttpClient-1-1] DEBUG org.asynchttpclient.netty.channel.DefaultChannelPool - Entry count for : http://localhost:33087 : 1
10:52:21.089 [Forwarding findElement on session 739e6175c0e87d3b3e0e0498428f2afb to remote] DEBUG org.asynchttpclient.netty.request.NettyRequestSender - Using pooled Channel '[id: 0x99d02edd, L:/127.0.0.1:49268 - R:localhost/127.0.0.1:33087]' for 'POST' to 'http://localhost:33087/session/739e6175c0e87d3b3e0e0498428f2afb/element'
10:52:21.091 [Forwarding findElement on session 739e6175c0e87d3b3e0e0498428f2afb to remote] DEBUG org.asynchttpclient.netty.request.NettyRequestSender - Using open Channel [id: 0x99d02edd, L:/127.0.0.1:49268 - R:localhost/127.0.0.1:33087] for POST '/session/739e6175c0e87d3b3e0e0498428f2afb/element'
10:52:21.115 [AsyncHttpClient-1-5] DEBUG org.asynchttpclient.netty.handler.HttpHandler - 

Request DefaultHttpRequest(decodeResult: success, version: HTTP/1.1)
POST /session/739e6175c0e87d3b3e0e0498428f2afb/element HTTP/1.1
User-Agent: selenium/4.8.2 (java windows)
Content-Length: 128
Content-Type: application/json; charset=utf-8
host: localhost:33087
accept: */*

Response DefaultHttpResponse(decodeResult: success, version: HTTP/1.1)
HTTP/1.1 200 OK
Content-Length: 96
Content-Type: application/json; charset=utf-8
cache-control: no-cache

10:52:21.115 [AsyncHttpClient-1-5] DEBUG org.asynchttpclient.netty.channel.ChannelManager - Adding key: http://localhost:33087 for channel [id: 0x99d02edd, L:/127.0.0.1:49268 - R:localhost/127.0.0.1:33087]
10:52:21.118 [Forwarding clickElement on session 739e6175c0e87d3b3e0e0498428f2afb to remote] DEBUG org.asynchttpclient.netty.request.NettyRequestSender - Using pooled Channel '[id: 0x99d02edd, L:/127.0.0.1:49268 - R:localhost/127.0.0.1:33087]' for 'POST' to 'http://localhost:33087/session/739e6175c0e87d3b3e0e0498428f2afb/element/9CD2200169B02333C01A103ECCBE2290_element_112/click'
10:52:21.118 [Forwarding clickElement on session 739e6175c0e87d3b3e0e0498428f2afb to remote] DEBUG org.asynchttpclient.netty.request.NettyRequestSender - Using open Channel [id: 0x99d02edd, L:/127.0.0.1:49268 - R:localhost/127.0.0.1:33087] for POST '/session/739e6175c0e87d3b3e0e0498428f2afb/element/9CD2200169B02333C01A103ECCBE2290_element_112/click'
10:52:21.196 [AsyncHttpClient-1-5] DEBUG org.asynchttpclient.netty.handler.HttpHandler - 

Request DefaultHttpRequest(decodeResult: success, version: HTTP/1.1)
POST /session/739e6175c0e87d3b3e0e0498428f2afb/element/9CD2200169B02333C01A103ECCBE2290_element_112/click HTTP/1.1
User-Agent: selenium/4.8.2 (java windows)
Content-Length: 58
Content-Type: application/json; charset=utf-8
host: localhost:33087
accept: */*

Response DefaultHttpResponse(decodeResult: success, version: HTTP/1.1)
HTTP/1.1 200 OK
Content-Length: 14
Content-Type: application/json; charset=utf-8
cache-control: no-cache

10:52:21.196 [AsyncHttpClient-1-5] DEBUG org.asynchttpclient.netty.channel.ChannelManager - Adding key: http://localhost:33087 for channel [id: 0x99d02edd, L:/127.0.0.1:49268 - R:localhost/127.0.0.1:33087]
10:52:22.082 [AsyncHttpClient-1-1] DEBUG org.asynchttpclient.netty.channel.DefaultChannelPool - Entry count for : http://localhost:33087 : 1
10:52:23.183 [AsyncHttpClient-1-1] DEBUG org.asynchttpclient.netty.channel.DefaultChannelPool - Entry count for : http://localhost:33087 : 1
10:52:24.284 [AsyncHttpClient-1-1] DEBUG org.asynchttpclient.netty.channel.DefaultChannelPool - Entry count for : http://localhost:33087 : 1
10:52:25.382 [AsyncHttpClient-1-1] DEBUG org.asynchttpclient.netty.channel.DefaultChannelPool - Entry count for : http://localhost:33087 : 1
10:52:26.481 [AsyncHttpClient-1-1] DEBUG org.asynchttpclient.netty.channel.DefaultChannelPool - Entry count for : http://localhost:33087 : 1
10:52:27.581 [AsyncHttpClient-1-1] DEBUG org.asynchttpclient.netty.channel.DefaultChannelPool - Entry count for : http://localhost:33087 : 1
10:52:28.684 [AsyncHttpClient-1-1] DEBUG org.asynchttpclient.netty.channel.DefaultChannelPool - Entry count for : http://localhost:33087 : 1
10:52:29.787 [AsyncHttpClient-1-1] DEBUG org.asynchttpclient.netty.channel.DefaultChannelPool - Entry count for : http://localhost:33087 : 1
10:52:30.888 [AsyncHttpClient-1-1] DEBUG org.asynchttpclient.netty.channel.DefaultChannelPool - Entry count for : http://localhost:33087 : 1
10:52:31.981 [AsyncHttpClient-1-1] DEBUG org.asynchttpclient.netty.channel.DefaultChannelPool - Entry count for : http://localhost:33087 : 1
10:52:32.202 [Forwarding getCurrentUrl on session 739e6175c0e87d3b3e0e0498428f2afb to remote] DEBUG org.asynchttpclient.netty.request.NettyRequestSender - Using pooled Channel '[id: 0x99d02edd, L:/127.0.0.1:49268 - R:localhost/127.0.0.1:33087]' for 'GET' to 'http://localhost:33087/session/739e6175c0e87d3b3e0e0498428f2afb/url'
10:52:32.202 [Forwarding getCurrentUrl on session 739e6175c0e87d3b3e0e0498428f2afb to remote] DEBUG org.asynchttpclient.netty.request.NettyRequestSender - Using open Channel [id: 0x99d02edd, L:/127.0.0.1:49268 - R:localhost/127.0.0.1:33087] for GET '/session/739e6175c0e87d3b3e0e0498428f2afb/url'
10:52:32.210 [AsyncHttpClient-1-5] DEBUG org.asynchttpclient.netty.handler.HttpHandler - 

Request DefaultFullHttpRequest(decodeResult: success, version: HTTP/1.1, content: EmptyByteBufBE)
GET /session/739e6175c0e87d3b3e0e0498428f2afb/url HTTP/1.1
User-Agent: selenium/4.8.2 (java windows)
Cache-Control: no-cache
Content-Type: application/json; charset=utf-8
host: localhost:33087
accept: */*

Response DefaultHttpResponse(decodeResult: success, version: HTTP/1.1)
HTTP/1.1 200 OK
Content-Length: 58
Content-Type: application/json; charset=utf-8
cache-control: no-cache

10:52:32.210 [AsyncHttpClient-1-5] DEBUG org.asynchttpclient.netty.channel.ChannelManager - Adding key: http://localhost:33087 for channel [id: 0x99d02edd, L:/127.0.0.1:49268 - R:localhost/127.0.0.1:33087]
10:52:33.084 [AsyncHttpClient-1-1] DEBUG org.asynchttpclient.netty.channel.DefaultChannelPool - Entry count for : http://localhost:33087 : 1
10:52:34.194 [AsyncHttpClient-1-1] DEBUG org.asynchttpclient.netty.channel.DefaultChannelPool - Entry count for : http://localhost:33087 : 1
10:52:35.321 [AsyncHttpClient-1-1] DEBUG org.asynchttpclient.netty.channel.DefaultChannelPool - Entry count for : http://localhost:33087 : 1
10:52:36.382 [AsyncHttpClient-1-1] DEBUG org.asynchttpclient.netty.channel.DefaultChannelPool - Entry count for : http://localhost:33087 : 1
10:52:37.484 [AsyncHttpClient-1-1] DEBUG org.asynchttpclient.netty.channel.DefaultChannelPool - Entry count for : http://localhost:33087 : 1
10:52:38.582 [AsyncHttpClient-1-1] DEBUG org.asynchttpclient.netty.channel.DefaultChannelPool - Entry count for : http://localhost:33087 : 1
10:52:39.681 [AsyncHttpClient-1-1] DEBUG org.asynchttpclient.netty.channel.DefaultChannelPool - Entry count for : http://localhost:33087 : 1
10:52:40.782 [AsyncHttpClient-1-1] DEBUG org.asynchttpclient.netty.channel.DefaultChannelPool - Entry count for : http://localhost:33087 : 1
10:52:41.882 [AsyncHttpClient-1-1] DEBUG org.asynchttpclient.netty.channel.DefaultChannelPool - Entry count for : http://localhost:33087 : 1
10:52:42.997 [AsyncHttpClient-1-1] DEBUG org.asynchttpclient.netty.channel.DefaultChannelPool - Entry count for : http://localhost:33087 : 1
10:52:43.232 [Forwarding findElement on session 739e6175c0e87d3b3e0e0498428f2afb to remote] DEBUG org.asynchttpclient.netty.request.NettyRequestSender - Using pooled Channel '[id: 0x99d02edd, L:/127.0.0.1:49268 - R:localhost/127.0.0.1:33087]' for 'POST' to 'http://localhost:33087/session/739e6175c0e87d3b3e0e0498428f2afb/element'
10:52:43.232 [Forwarding findElement on session 739e6175c0e87d3b3e0e0498428f2afb to remote] DEBUG org.asynchttpclient.netty.request.NettyRequestSender - Using open Channel [id: 0x99d02edd, L:/127.0.0.1:49268 - R:localhost/127.0.0.1:33087] for POST '/session/739e6175c0e87d3b3e0e0498428f2afb/element'
10:52:43.257 [AsyncHttpClient-1-5] DEBUG org.asynchttpclient.netty.handler.HttpHandler - 

Request DefaultHttpRequest(decodeResult: success, version: HTTP/1.1)
POST /session/739e6175c0e87d3b3e0e0498428f2afb/element HTTP/1.1
User-Agent: selenium/4.8.2 (java windows)
Content-Length: 131
Content-Type: application/json; charset=utf-8
host: localhost:33087
accept: */*

Response DefaultHttpResponse(decodeResult: success, version: HTTP/1.1)
HTTP/1.1 200 OK
Content-Length: 96
Content-Type: application/json; charset=utf-8
cache-control: no-cache

10:52:43.257 [AsyncHttpClient-1-5] DEBUG org.asynchttpclient.netty.channel.ChannelManager - Adding key: http://localhost:33087 for channel [id: 0x99d02edd, L:/127.0.0.1:49268 - R:localhost/127.0.0.1:33087]
10:52:43.258 [Forwarding clickElement on session 739e6175c0e87d3b3e0e0498428f2afb to remote] DEBUG org.asynchttpclient.netty.request.NettyRequestSender - Using pooled Channel '[id: 0x99d02edd, L:/127.0.0.1:49268 - R:localhost/127.0.0.1:33087]' for 'POST' to 'http://localhost:33087/session/739e6175c0e87d3b3e0e0498428f2afb/element/9CD2200169B02333C01A103ECCBE2290_element_106/click'
10:52:43.259 [Forwarding clickElement on session 739e6175c0e87d3b3e0e0498428f2afb to remote] DEBUG org.asynchttpclient.netty.request.NettyRequestSender - Using open Channel [id: 0x99d02edd, L:/127.0.0.1:49268 - R:localhost/127.0.0.1:33087] for POST '/session/739e6175c0e87d3b3e0e0498428f2afb/element/9CD2200169B02333C01A103ECCBE2290_element_106/click'
10:52:43.406 [AsyncHttpClient-1-5] DEBUG org.asynchttpclient.netty.handler.HttpHandler - 

Request DefaultHttpRequest(decodeResult: success, version: HTTP/1.1)
POST /session/739e6175c0e87d3b3e0e0498428f2afb/element/9CD2200169B02333C01A103ECCBE2290_element_106/click HTTP/1.1
User-Agent: selenium/4.8.2 (java windows)
Content-Length: 58
Content-Type: application/json; charset=utf-8
host: localhost:33087
accept: */*

Response DefaultHttpResponse(decodeResult: success, version: HTTP/1.1)
HTTP/1.1 200 OK
Content-Length: 14
Content-Type: application/json; charset=utf-8
cache-control: no-cache

10:52:43.406 [AsyncHttpClient-1-5] DEBUG org.asynchttpclient.netty.channel.ChannelManager - Adding key: http://localhost:33087 for channel [id: 0x99d02edd, L:/127.0.0.1:49268 - R:localhost/127.0.0.1:33087]
10:52:44.082 [AsyncHttpClient-1-1] DEBUG org.asynchttpclient.netty.channel.DefaultChannelPool - Entry count for : http://localhost:33087 : 1
10:52:45.181 [AsyncHttpClient-1-1] DEBUG org.asynchttpclient.netty.channel.DefaultChannelPool - Entry count for : http://localhost:33087 : 1
10:52:46.281 [AsyncHttpClient-1-1] DEBUG org.asynchttpclient.netty.channel.DefaultChannelPool - Entry count for : http://localhost:33087 : 1
10:52:47.396 [AsyncHttpClient-1-1] DEBUG org.asynchttpclient.netty.channel.DefaultChannelPool - Entry count for : http://localhost:33087 : 1
10:52:48.481 [AsyncHttpClient-1-1] DEBUG org.asynchttpclient.netty.channel.DefaultChannelPool - Entry count for : http://localhost:33087 : 1
10:52:49.582 [AsyncHttpClient-1-1] DEBUG org.asynchttpclient.netty.channel.DefaultChannelPool - Entry count for : http://localhost:33087 : 1
10:52:50.695 [AsyncHttpClient-1-1] DEBUG org.asynchttpclient.netty.channel.DefaultChannelPool - Entry count for : http://localhost:33087 : 1
10:52:51.781 [AsyncHttpClient-1-1] DEBUG org.asynchttpclient.netty.channel.DefaultChannelPool - Entry count for : http://localhost:33087 : 1
10:52:52.882 [AsyncHttpClient-1-1] DEBUG org.asynchttpclient.netty.channel.DefaultChannelPool - Entry count for : http://localhost:33087 : 1
10:52:53.982 [AsyncHttpClient-1-1] DEBUG org.asynchttpclient.netty.channel.DefaultChannelPool - Entry count for : http://localhost:33087 : 1
10:52:54.414 [Forwarding getCurrentUrl on session 739e6175c0e87d3b3e0e0498428f2afb to remote] DEBUG org.asynchttpclient.netty.request.NettyRequestSender - Using pooled Channel '[id: 0x99d02edd, L:/127.0.0.1:49268 - R:localhost/127.0.0.1:33087]' for 'GET' to 'http://localhost:33087/session/739e6175c0e87d3b3e0e0498428f2afb/url'
10:52:54.414 [Forwarding getCurrentUrl on session 739e6175c0e87d3b3e0e0498428f2afb to remote] DEBUG org.asynchttpclient.netty.request.NettyRequestSender - Using open Channel [id: 0x99d02edd, L:/127.0.0.1:49268 - R:localhost/127.0.0.1:33087] for GET '/session/739e6175c0e87d3b3e0e0498428f2afb/url'
10:52:54.414 [AsyncHttpClient-1-5] DEBUG org.asynchttpclient.netty.handler.HttpHandler - 

Request DefaultFullHttpRequest(decodeResult: success, version: HTTP/1.1, content: EmptyByteBufBE)
GET /session/739e6175c0e87d3b3e0e0498428f2afb/url HTTP/1.1
User-Agent: selenium/4.8.2 (java windows)
Cache-Control: no-cache
Content-Type: application/json; charset=utf-8
host: localhost:33087
accept: */*

Response DefaultHttpResponse(decodeResult: success, version: HTTP/1.1)
HTTP/1.1 200 OK
Content-Length: 49
Content-Type: application/json; charset=utf-8
cache-control: no-cache

10:52:54.429 [AsyncHttpClient-1-5] DEBUG org.asynchttpclient.netty.channel.ChannelManager - Adding key: http://localhost:33087 for channel [id: 0x99d02edd, L:/127.0.0.1:49268 - R:localhost/127.0.0.1:33087]
10:52:55.082 [AsyncHttpClient-1-1] DEBUG org.asynchttpclient.netty.channel.DefaultChannelPool - Entry count for : http://localhost:33087 : 1
10:52:56.190 [AsyncHttpClient-1-1] DEBUG org.asynchttpclient.netty.channel.DefaultChannelPool - Entry count for : http://localhost:33087 : 1
10:52:57.282 [AsyncHttpClient-1-1] DEBUG org.asynchttpclient.netty.channel.DefaultChannelPool - Entry count for : http://localhost:33087 : 1
10:52:58.391 [AsyncHttpClient-1-1] DEBUG org.asynchttpclient.netty.channel.DefaultChannelPool - Entry count for : http://localhost:33087 : 1
10:52:59.482 [AsyncHttpClient-1-1] DEBUG org.asynchttpclient.netty.channel.DefaultChannelPool - Entry count for : http://localhost:33087 : 1
10:53:00.584 [AsyncHttpClient-1-1] DEBUG org.asynchttpclient.netty.channel.DefaultChannelPool - Entry count for : http://localhost:33087 : 1
10:53:01.682 [AsyncHttpClient-1-1] DEBUG org.asynchttpclient.netty.channel.DefaultChannelPool - Entry count for : http://localhost:33087 : 1
10:53:02.791 [AsyncHttpClient-1-1] DEBUG org.asynchttpclient.netty.channel.DefaultChannelPool - Entry count for : http://localhost:33087 : 1
10:53:03.881 [AsyncHttpClient-1-1] DEBUG org.asynchttpclient.netty.channel.DefaultChannelPool - Entry count for : http://localhost:33087 : 1
10:53:04.992 [AsyncHttpClient-1-1] DEBUG org.asynchttpclient.netty.channel.DefaultChannelPool - Entry count for : http://localhost:33087 : 1
10:53:05.448 [Forwarding findElement on session 739e6175c0e87d3b3e0e0498428f2afb to remote] DEBUG org.asynchttpclient.netty.request.NettyRequestSender - Using pooled Channel '[id: 0x99d02edd, L:/127.0.0.1:49268 - R:localhost/127.0.0.1:33087]' for 'POST' to 'http://localhost:33087/session/739e6175c0e87d3b3e0e0498428f2afb/element'
10:53:05.448 [Forwarding findElement on session 739e6175c0e87d3b3e0e0498428f2afb to remote] DEBUG org.asynchttpclient.netty.request.NettyRequestSender - Using open Channel [id: 0x99d02edd, L:/127.0.0.1:49268 - R:localhost/127.0.0.1:33087] for POST '/session/739e6175c0e87d3b3e0e0498428f2afb/element'
10:53:05.463 [AsyncHttpClient-1-5] DEBUG org.asynchttpclient.netty.handler.HttpHandler - 

Request DefaultHttpRequest(decodeResult: success, version: HTTP/1.1)
POST /session/739e6175c0e87d3b3e0e0498428f2afb/element HTTP/1.1
User-Agent: selenium/4.8.2 (java windows)
Content-Length: 126
Content-Type: application/json; charset=utf-8
host: localhost:33087
accept: */*

Response DefaultHttpResponse(decodeResult: success, version: HTTP/1.1)
HTTP/1.1 200 OK
Content-Length: 96
Content-Type: application/json; charset=utf-8
cache-control: no-cache

10:53:05.463 [AsyncHttpClient-1-5] DEBUG org.asynchttpclient.netty.channel.ChannelManager - Adding key: http://localhost:33087 for channel [id: 0x99d02edd, L:/127.0.0.1:49268 - R:localhost/127.0.0.1:33087]
10:53:05.463 [Forwarding clickElement on session 739e6175c0e87d3b3e0e0498428f2afb to remote] DEBUG org.asynchttpclient.netty.request.NettyRequestSender - Using pooled Channel '[id: 0x99d02edd, L:/127.0.0.1:49268 - R:localhost/127.0.0.1:33087]' for 'POST' to 'http://localhost:33087/session/739e6175c0e87d3b3e0e0498428f2afb/element/9CD2200169B02333C01A103ECCBE2290_element_159/click'
10:53:05.463 [Forwarding clickElement on session 739e6175c0e87d3b3e0e0498428f2afb to remote] DEBUG org.asynchttpclient.netty.request.NettyRequestSender - Using open Channel [id: 0x99d02edd, L:/127.0.0.1:49268 - R:localhost/127.0.0.1:33087] for POST '/session/739e6175c0e87d3b3e0e0498428f2afb/element/9CD2200169B02333C01A103ECCBE2290_element_159/click'
10:53:05.573 [AsyncHttpClient-1-5] DEBUG org.asynchttpclient.netty.handler.HttpHandler - 

Request DefaultHttpRequest(decodeResult: success, version: HTTP/1.1)
POST /session/739e6175c0e87d3b3e0e0498428f2afb/element/9CD2200169B02333C01A103ECCBE2290_element_159/click HTTP/1.1
User-Agent: selenium/4.8.2 (java windows)
Content-Length: 58
Content-Type: application/json; charset=utf-8
host: localhost:33087
accept: */*

Response DefaultHttpResponse(decodeResult: success, version: HTTP/1.1)
HTTP/1.1 200 OK
Content-Length: 14
Content-Type: application/json; charset=utf-8
cache-control: no-cache

10:53:05.574 [AsyncHttpClient-1-5] DEBUG org.asynchttpclient.netty.channel.ChannelManager - Adding key: http://localhost:33087 for channel [id: 0x99d02edd, L:/127.0.0.1:49268 - R:localhost/127.0.0.1:33087]
10:53:06.083 [AsyncHttpClient-1-1] DEBUG org.asynchttpclient.netty.channel.DefaultChannelPool - Entry count for : http://localhost:33087 : 1
10:53:07.182 [AsyncHttpClient-1-1] DEBUG org.asynchttpclient.netty.channel.DefaultChannelPool - Entry count for : http://localhost:33087 : 1
10:53:08.285 [AsyncHttpClient-1-1] DEBUG org.asynchttpclient.netty.channel.DefaultChannelPool - Entry count for : http://localhost:33087 : 1
10:53:09.381 [AsyncHttpClient-1-1] DEBUG org.asynchttpclient.netty.channel.DefaultChannelPool - Entry count for : http://localhost:33087 : 1
10:53:10.482 [AsyncHttpClient-1-1] DEBUG org.asynchttpclient.netty.channel.DefaultChannelPool - Entry count for : http://localhost:33087 : 1
10:53:11.582 [AsyncHttpClient-1-1] DEBUG org.asynchttpclient.netty.channel.DefaultChannelPool - Entry count for : http://localhost:33087 : 1
10:53:12.681 [AsyncHttpClient-1-1] DEBUG org.asynchttpclient.netty.channel.DefaultChannelPool - Entry count for : http://localhost:33087 : 1
10:53:13.782 [AsyncHttpClient-1-1] DEBUG org.asynchttpclient.netty.channel.DefaultChannelPool - Entry count for : http://localhost:33087 : 1
10:53:14.891 [AsyncHttpClient-1-1] DEBUG org.asynchttpclient.netty.channel.DefaultChannelPool - Entry count for : http://localhost:33087 : 1
10:53:15.982 [AsyncHttpClient-1-1] DEBUG org.asynchttpclient.netty.channel.DefaultChannelPool - Entry count for : http://localhost:33087 : 1
10:53:16.579 [Forwarding getCurrentUrl on session 739e6175c0e87d3b3e0e0498428f2afb to remote] DEBUG org.asynchttpclient.netty.request.NettyRequestSender - Using pooled Channel '[id: 0x99d02edd, L:/127.0.0.1:49268 - R:localhost/127.0.0.1:33087]' for 'GET' to 'http://localhost:33087/session/739e6175c0e87d3b3e0e0498428f2afb/url'
10:53:16.579 [Forwarding getCurrentUrl on session 739e6175c0e87d3b3e0e0498428f2afb to remote] DEBUG org.asynchttpclient.netty.request.NettyRequestSender - Using open Channel [id: 0x99d02edd, L:/127.0.0.1:49268 - R:localhost/127.0.0.1:33087] for GET '/session/739e6175c0e87d3b3e0e0498428f2afb/url'
10:53:16.582 [AsyncHttpClient-1-5] DEBUG org.asynchttpclient.netty.handler.HttpHandler - 

Request DefaultFullHttpRequest(decodeResult: success, version: HTTP/1.1, content: EmptyByteBufBE)
GET /session/739e6175c0e87d3b3e0e0498428f2afb/url HTTP/1.1
User-Agent: selenium/4.8.2 (java windows)
Cache-Control: no-cache
Content-Type: application/json; charset=utf-8
host: localhost:33087
accept: */*

Response DefaultHttpResponse(decodeResult: success, version: HTTP/1.1)
HTTP/1.1 200 OK
Content-Length: 57
Content-Type: application/json; charset=utf-8
cache-control: no-cache

10:53:16.582 [AsyncHttpClient-1-5] DEBUG org.asynchttpclient.netty.channel.ChannelManager - Adding key: http://localhost:33087 for channel [id: 0x99d02edd, L:/127.0.0.1:49268 - R:localhost/127.0.0.1:33087]
]]></system-out>
  <system-err><![CDATA[Starting ChromeDriver 120.0.6099.109 (3419140ab665596f21b385ce136419fde0924272-refs/branch-heads/6099@{#1483}) on port 33087
Only local connections are allowed.
Please see https://chromedriver.chromium.org/security-considerations for suggestions on keeping ChromeDriver safe.
ChromeDriver was started successfully.
янв. 17, 2024 10:48:20 AM org.openqa.selenium.devtools.CdpVersionFinder findNearestMatch
WARNING: Unable to find CDP implementation matching 120
янв. 17, 2024 10:48:20 AM org.openqa.selenium.chromium.ChromiumDriver lambda$new$3
WARNING: Unable to find version of CDP to use for . You may need to include a dependency on a specific version of the CDP using something similar to `org.seleniumhq.selenium:selenium-devtools-v86:4.8.2` where the version ("v86") matches the version of the chromium-based browser you're using and the version number of the artifact is the same as Selenium's.
]]></system-err>
</testsuite>
