<?xml version="1.0" encoding="UTF-8"?>
<testsuite name="test.TeacherAccAccessibilityTest" tests="7" skipped="0" failures="0" errors="0" timestamp="2024-08-20T13:12:15" hostname="X542U" time="8.671">
  <properties/>
  <testcase name="1. Valid Credential Teacher Account Log In Log Out Test" classname="test.TeacherAccAccessibilityTest" time="6.107"/>
  <testcase name="2. Lessons History Page Access" classname="test.TeacherAccAccessibilityTest" time="0.357"/>
  <testcase name="3. Exercise Factory Page Access" classname="test.TeacherAccAccessibilityTest" time="0.542"/>
  <testcase name="4. Homework Page Access" classname="test.TeacherAccAccessibilityTest" time="0.565"/>
  <testcase name="5. Chat Page Access" classname="test.TeacherAccAccessibilityTest" time="0.316"/>
  <testcase name="6. Library Page Access" classname="test.TeacherAccAccessibilityTest" time="0.325"/>
  <testcase name="7. Course Builder Page Access" classname="test.TeacherAccAccessibilityTest" time="0.371"/>
  <system-out><![CDATA[16:12:10.786 [Test worker] DEBUG io.github.bonigarcia.wdm.WebDriverManager - Using WebDriverManager 5.9.2
16:12:10.802 [Test worker] DEBUG io.github.bonigarcia.wdm.cache.ResolutionCache - Resolution chrome=127 in cache (valid until 16:45:57 20/08/2024 MSK)
16:12:10.802 [Test worker] DEBUG io.github.bonigarcia.wdm.cache.ResolutionCache - Resolution chrome127=127.0.6533.119 in cache (valid until 09:49:48 21/08/2024 MSK)
16:12:10.802 [Test worker] INFO io.github.bonigarcia.wdm.WebDriverManager - Using chromedriver 127.0.6533.119 (resolved driver for Chrome 127)
16:12:10.802 [Test worker] DEBUG io.github.bonigarcia.wdm.WebDriverManager - Driver chromedriver 127.0.6533.119 found in cache
16:12:10.802 [Test worker] INFO io.github.bonigarcia.wdm.WebDriverManager - Exporting webdriver.chrome.driver as C:\Users\admin\.cache\selenium\chromedriver\win64\127.0.6533.119\chromedriver.exe
]]></system-out>
  <system-err><![CDATA[]]></system-err>
</testsuite>
